This is pdfTeX, Version 3.14159265-2.6-1.40.19 (TeX Live 2018) (preloaded format=pdflatex 2018.7.23)  1 SEP 2021 09:45
entering extended mode
 restricted \write18 enabled.
 file:line:error style messages enabled.
 %&-line parsing enabled.
**main.tex
(./main.tex
LaTeX2e <2018-04-01> patch level 2
Babel <3.18> and hyphenation patterns for 84 language(s) loaded.
(/usr/local/texlive/2018/texmf-dist/tex/latex/base/article.cls
Document Class: article 2014/09/29 v1.4h Standard LaTeX document class
(/usr/local/texlive/2018/texmf-dist/tex/latex/base/size11.clo
File: size11.clo 2014/09/29 v1.4h Standard LaTeX file (size option)
)
\c@part=\count80
\c@section=\count81
\c@subsection=\count82
\c@subsubsection=\count83
\c@paragraph=\count84
\c@subparagraph=\count85
\c@figure=\count86
\c@table=\count87
\abovecaptionskip=\skip41
\belowcaptionskip=\skip42
\bibindent=\dimen102
)
(/usr/local/texlive/2018/texmf-dist/tex/latex/booktabs/booktabs.sty
Package: booktabs 2016/04/27 v1.618033 publication quality tables
\heavyrulewidth=\dimen103
\lightrulewidth=\dimen104
\cmidrulewidth=\dimen105
\belowrulesep=\dimen106
\belowbottomsep=\dimen107
\aboverulesep=\dimen108
\abovetopsep=\dimen109
\cmidrulesep=\dimen110
\cmidrulekern=\dimen111
\defaultaddspace=\dimen112
\@cmidla=\count88
\@cmidlb=\count89
\@aboverulesep=\dimen113
\@belowrulesep=\dimen114
\@thisruleclass=\count90
\@lastruleclass=\count91
\@thisrulewidth=\dimen115
)
(/usr/local/texlive/2018/texmf-dist/tex/latex/amsfonts/amsfonts.sty
Package: amsfonts 2013/01/14 v3.01 Basic AMSFonts support
\@emptytoks=\toks14
\symAMSa=\mathgroup4
\symAMSb=\mathgroup5
LaTeX Font Info:    Overwriting math alphabet `\mathfrak' in version `bold'
(Font)                  U/euf/m/n --> U/euf/b/n on input line 106.
)
(/usr/local/texlive/2018/texmf-dist/tex/latex/amsmath/amsmath.sty
Package: amsmath 2017/09/02 v2.17a AMS math features
\@mathmargin=\skip43

For additional information on amsmath, use the `?' option.
(/usr/local/texlive/2018/texmf-dist/tex/latex/amsmath/amstext.sty
Package: amstext 2000/06/29 v2.01 AMS text

(/usr/local/texlive/2018/texmf-dist/tex/latex/amsmath/amsgen.sty
File: amsgen.sty 1999/11/30 v2.0 generic functions
\@emptytoks=\toks15
\ex@=\dimen116
))
(/usr/local/texlive/2018/texmf-dist/tex/latex/amsmath/amsbsy.sty
Package: amsbsy 1999/11/29 v1.2d Bold Symbols
\pmbraise@=\dimen117
)
(/usr/local/texlive/2018/texmf-dist/tex/latex/amsmath/amsopn.sty
Package: amsopn 2016/03/08 v2.02 operator names
)
\inf@bad=\count92
LaTeX Info: Redefining \frac on input line 213.
\uproot@=\count93
\leftroot@=\count94
LaTeX Info: Redefining \overline on input line 375.
\classnum@=\count95
\DOTSCASE@=\count96
LaTeX Info: Redefining \ldots on input line 472.
LaTeX Info: Redefining \dots on input line 475.
LaTeX Info: Redefining \cdots on input line 596.
\Mathstrutbox@=\box26
\strutbox@=\box27
\big@size=\dimen118
LaTeX Font Info:    Redeclaring font encoding OML on input line 712.
LaTeX Font Info:    Redeclaring font encoding OMS on input line 713.
\macc@depth=\count97
\c@MaxMatrixCols=\count98
\dotsspace@=\muskip10
\c@parentequation=\count99
\dspbrk@lvl=\count100
\tag@help=\toks16
\row@=\count101
\column@=\count102
\maxfields@=\count103
\andhelp@=\toks17
\eqnshift@=\dimen119
\alignsep@=\dimen120
\tagshift@=\dimen121
\tagwidth@=\dimen122
\totwidth@=\dimen123
\lineht@=\dimen124
\@envbody=\toks18
\multlinegap=\skip44
\multlinetaggap=\skip45
\mathdisplay@stack=\toks19
LaTeX Info: Redefining \[ on input line 2817.
LaTeX Info: Redefining \] on input line 2818.
)
(/usr/local/texlive/2018/texmf-dist/tex/latex/graphics/graphicx.sty
Package: graphicx 2017/06/01 v1.1a Enhanced LaTeX Graphics (DPC,SPQR)

(/usr/local/texlive/2018/texmf-dist/tex/latex/graphics/keyval.sty
Package: keyval 2014/10/28 v1.15 key=value parser (DPC)
\KV@toks@=\toks20
)
(/usr/local/texlive/2018/texmf-dist/tex/latex/graphics/graphics.sty
Package: graphics 2017/06/25 v1.2c Standard LaTeX Graphics (DPC,SPQR)

(/usr/local/texlive/2018/texmf-dist/tex/latex/graphics/trig.sty
Package: trig 2016/01/03 v1.10 sin cos tan (DPC)
)
(/usr/local/texlive/2018/texmf-dist/tex/latex/graphics-cfg/graphics.cfg
File: graphics.cfg 2016/06/04 v1.11 sample graphics configuration
)
Package graphics Info: Driver file: pdftex.def on input line 99.

(/usr/local/texlive/2018/texmf-dist/tex/latex/graphics-def/pdftex.def
File: pdftex.def 2018/01/08 v1.0l Graphics/color driver for pdftex
))
\Gin@req@height=\dimen125
\Gin@req@width=\dimen126
)
(/usr/local/texlive/2018/texmf-dist/tex/latex/amscls/amsthm.sty
Package: amsthm 2017/10/31 v2.20.4
\thm@style=\toks21
\thm@bodyfont=\toks22
\thm@headfont=\toks23
\thm@notefont=\toks24
\thm@headpunct=\toks25
\thm@preskip=\skip46
\thm@postskip=\skip47
\thm@headsep=\skip48
\dth@everypar=\toks26
)
(/usr/local/texlive/2018/texmf-dist/tex/latex/amsfonts/amssymb.sty
Package: amssymb 2013/01/14 v3.01 AMS font symbols
)
(/usr/local/texlive/2018/texmf-dist/tex/latex/multirow/multirow.sty
Package: multirow 2016/11/25 v2.2 Span multiple rows of a table
\multirow@colwidth=\skip49
\multirow@cntb=\count104
\multirow@dima=\skip50
\bigstrutjot=\dimen127
)
(/usr/local/texlive/2018/texmf-dist/tex/latex/makecell/makecell.sty
Package: makecell 2009/08/03 V0.1e Managing of Tab Column Heads and Cells

(/usr/local/texlive/2018/texmf-dist/tex/latex/tools/array.sty
Package: array 2018/04/07 v2.4g Tabular extension package (FMi)
\col@sep=\dimen128
\ar@mcellbox=\box28
\extrarowheight=\dimen129
\NC@list=\toks27
\extratabsurround=\skip51
\backup@length=\skip52
\ar@cellbox=\box29
)
\rotheadsize=\dimen130
\c@nlinenum=\count105
\TeXr@lab=\toks28
)
(/usr/local/texlive/2018/texmf-dist/tex/latex/algorithmicx/algpseudocode.sty
Package: algpseudocode 

(/usr/local/texlive/2018/texmf-dist/tex/latex/base/ifthen.sty
Package: ifthen 2014/09/29 v1.1c Standard LaTeX ifthen package (DPC)
)
(/usr/local/texlive/2018/texmf-dist/tex/latex/algorithmicx/algorithmicx.sty
Package: algorithmicx 2005/04/27 v1.2 Algorithmicx

Document Style algorithmicx 1.2 - a greatly improved `algorithmic' style
\c@ALG@line=\count106
\c@ALG@rem=\count107
\c@ALG@nested=\count108
\ALG@tlm=\skip53
\ALG@thistlm=\skip54
\c@ALG@Lnr=\count109
\c@ALG@blocknr=\count110
\c@ALG@storecount=\count111
\c@ALG@tmpcounter=\count112
\ALG@tmplength=\skip55
)
Document Style - pseudocode environments for use with the `algorithmicx' style
) (/usr/local/texlive/2018/texmf-dist/tex/latex/algorithms/algorithm.sty
Package: algorithm 2009/08/24 v0.1 Document Style `algorithm' - floating enviro
nment

(/usr/local/texlive/2018/texmf-dist/tex/latex/float/float.sty
Package: float 2001/11/08 v1.3d Float enhancements (AL)
\c@float@type=\count113
\float@exts=\toks29
\float@box=\box30
\@float@everytoks=\toks30
\@floatcapt=\box31
)
\@float@every@algorithm=\toks31
\c@algorithm=\count114
)
(/usr/local/texlive/2018/texmf-dist/tex/latex/hyperref/hyperref.sty
Package: hyperref 2018/02/06 v6.86b Hypertext links for LaTeX

(/usr/local/texlive/2018/texmf-dist/tex/generic/oberdiek/hobsub-hyperref.sty
Package: hobsub-hyperref 2016/05/16 v1.14 Bundle oberdiek, subset hyperref (HO)


(/usr/local/texlive/2018/texmf-dist/tex/generic/oberdiek/hobsub-generic.sty
Package: hobsub-generic 2016/05/16 v1.14 Bundle oberdiek, subset generic (HO)
Package: hobsub 2016/05/16 v1.14 Construct package bundles (HO)
Package: infwarerr 2016/05/16 v1.4 Providing info/warning/error messages (HO)
Package: ltxcmds 2016/05/16 v1.23 LaTeX kernel commands for general use (HO)
Package: ifluatex 2016/05/16 v1.4 Provides the ifluatex switch (HO)
Package ifluatex Info: LuaTeX not detected.
Package: ifvtex 2016/05/16 v1.6 Detect VTeX and its facilities (HO)
Package ifvtex Info: VTeX not detected.
Package: intcalc 2016/05/16 v1.2 Expandable calculations with integers (HO)
Package: ifpdf 2017/03/15 v3.2 Provides the ifpdf switch
Package: etexcmds 2016/05/16 v1.6 Avoid name clashes with e-TeX commands (HO)
Package etexcmds Info: Could not find \expanded.
(etexcmds)             That can mean that you are not using pdfTeX 1.50 or
(etexcmds)             that some package has redefined \expanded.
(etexcmds)             In the latter case, load this package earlier.
Package: kvsetkeys 2016/05/16 v1.17 Key value parser (HO)
Package: kvdefinekeys 2016/05/16 v1.4 Define keys (HO)
Package: pdftexcmds 2018/01/30 v0.27 Utility functions of pdfTeX for LuaTeX (HO
)
Package pdftexcmds Info: LuaTeX not detected.
Package pdftexcmds Info: \pdf@primitive is available.
Package pdftexcmds Info: \pdf@ifprimitive is available.
Package pdftexcmds Info: \pdfdraftmode found.
Package: pdfescape 2016/05/16 v1.14 Implements pdfTeX's escape features (HO)
Package: bigintcalc 2016/05/16 v1.4 Expandable calculations on big integers (HO
)
Package: bitset 2016/05/16 v1.2 Handle bit-vector datatype (HO)
Package: uniquecounter 2016/05/16 v1.3 Provide unlimited unique counter (HO)
)
Package hobsub Info: Skipping package `hobsub' (already loaded).
Package: letltxmacro 2016/05/16 v1.5 Let assignment for LaTeX macros (HO)
Package: hopatch 2016/05/16 v1.3 Wrapper for package hooks (HO)
Package: xcolor-patch 2016/05/16 xcolor patch
Package: atveryend 2016/05/16 v1.9 Hooks at the very end of document (HO)
Package atveryend Info: \enddocument detected (standard20110627).
Package: atbegshi 2016/06/09 v1.18 At begin shipout hook (HO)
Package: refcount 2016/05/16 v3.5 Data extraction from label references (HO)
Package: hycolor 2016/05/16 v1.8 Color options for hyperref/bookmark (HO)
)
(/usr/local/texlive/2018/texmf-dist/tex/generic/ifxetex/ifxetex.sty
Package: ifxetex 2010/09/12 v0.6 Provides ifxetex conditional
)
(/usr/local/texlive/2018/texmf-dist/tex/latex/oberdiek/auxhook.sty
Package: auxhook 2016/05/16 v1.4 Hooks for auxiliary files (HO)
)
(/usr/local/texlive/2018/texmf-dist/tex/latex/oberdiek/kvoptions.sty
Package: kvoptions 2016/05/16 v3.12 Key value format for package options (HO)
)
\@linkdim=\dimen131
\Hy@linkcounter=\count115
\Hy@pagecounter=\count116

(/usr/local/texlive/2018/texmf-dist/tex/latex/hyperref/pd1enc.def
File: pd1enc.def 2018/02/06 v6.86b Hyperref: PDFDocEncoding definition (HO)
Now handling font encoding PD1 ...
... no UTF-8 mapping file for font encoding PD1
)
\Hy@SavedSpaceFactor=\count117

(/usr/local/texlive/2018/texmf-dist/tex/latex/latexconfig/hyperref.cfg
File: hyperref.cfg 2002/06/06 v1.2 hyperref configuration of TeXLive
)
Package hyperref Info: Option `colorlinks' set `true' on input line 4383.
Package hyperref Info: Hyper figures OFF on input line 4509.
Package hyperref Info: Link nesting OFF on input line 4514.
Package hyperref Info: Hyper index ON on input line 4517.
Package hyperref Info: Plain pages OFF on input line 4524.
Package hyperref Info: Backreferencing OFF on input line 4529.
Package hyperref Info: Implicit mode ON; LaTeX internals redefined.
Package hyperref Info: Bookmarks ON on input line 4762.
\c@Hy@tempcnt=\count118

(/usr/local/texlive/2018/texmf-dist/tex/latex/url/url.sty
\Urlmuskip=\muskip11
Package: url 2013/09/16  ver 3.4  Verb mode for urls, etc.
)
LaTeX Info: Redefining \url on input line 5115.
\XeTeXLinkMargin=\dimen132
\Fld@menulength=\count119
\Field@Width=\dimen133
\Fld@charsize=\dimen134
Package hyperref Info: Hyper figures OFF on input line 6369.
Package hyperref Info: Link nesting OFF on input line 6374.
Package hyperref Info: Hyper index ON on input line 6377.
Package hyperref Info: backreferencing OFF on input line 6384.
Package hyperref Info: Link coloring ON on input line 6387.
Package hyperref Info: Link coloring with OCG OFF on input line 6394.
Package hyperref Info: PDF/A mode OFF on input line 6399.
LaTeX Info: Redefining \ref on input line 6439.
LaTeX Info: Redefining \pageref on input line 6443.
\Hy@abspage=\count120
\c@Item=\count121
\c@Hfootnote=\count122
)
Package hyperref Info: Driver (autodetected): hpdftex.

(/usr/local/texlive/2018/texmf-dist/tex/latex/hyperref/hpdftex.def
File: hpdftex.def 2018/02/06 v6.86b Hyperref driver for pdfTeX
\Fld@listcount=\count123
\c@bookmark@seq@number=\count124

(/usr/local/texlive/2018/texmf-dist/tex/latex/oberdiek/rerunfilecheck.sty
Package: rerunfilecheck 2016/05/16 v1.8 Rerun checks for auxiliary files (HO)
Package uniquecounter Info: New unique counter `rerunfilecheck' on input line 2
82.
)
\Hy@SectionHShift=\skip56
)
(/usr/local/texlive/2018/texmf-dist/tex/latex/caption/caption.sty
Package: caption 2016/02/21 v3.3-144 Customizing captions (AR)

(/usr/local/texlive/2018/texmf-dist/tex/latex/caption/caption3.sty
Package: caption3 2016/05/22 v1.7-166 caption3 kernel (AR)
Package caption3 Info: TeX engine: e-TeX on input line 67.
\captionmargin=\dimen135
\captionmargin@=\dimen136
\captionwidth=\dimen137
\caption@tempdima=\dimen138
\caption@indent=\dimen139
\caption@parindent=\dimen140
\caption@hangindent=\dimen141
)
\c@ContinuedFloat=\count125
Package caption Info: float package is loaded.
Package caption Info: hyperref package is loaded.
)
(/usr/local/texlive/2018/texmf-dist/tex/latex/geometry/geometry.sty
Package: geometry 2018/03/24 v5.7 Page Geometry
\Gm@cnth=\count126
\Gm@cntv=\count127
\c@Gm@tempcnt=\count128
\Gm@bindingoffset=\dimen142
\Gm@wd@mp=\dimen143
\Gm@odd@mp=\dimen144
\Gm@even@mp=\dimen145
\Gm@layoutwidth=\dimen146
\Gm@layoutheight=\dimen147
\Gm@layouthoffset=\dimen148
\Gm@layoutvoffset=\dimen149
\Gm@dimlist=\toks32
)
(/usr/local/texlive/2018/texmf-dist/tex/latex/subfigure/subfigure.sty
Package: subfigure 2002/03/15 v2.1.5 subfigure package
\subfigtopskip=\skip57
\subfigcapskip=\skip58
\subfigcaptopadj=\dimen150
\subfigbottomskip=\skip59
\subfigcapmargin=\dimen151
\subfiglabelskip=\skip60
\c@subfigure=\count129
\c@lofdepth=\count130
\c@subtable=\count131
\c@lotdepth=\count132

****************************************
* Local config file subfigure.cfg used *
****************************************
(/usr/local/texlive/2018/texmf-dist/tex/latex/subfigure/subfigure.cfg)
\subfig@top=\skip61
\subfig@bottom=\skip62
)
(/usr/local/texlive/2018/texmf-dist/tex/latex/psnfss/pifont.sty
Package: pifont 2005/04/12 PSNFSS-v9.2a Pi font support (SPQR) 
LaTeX Font Info:    Try loading font information for U+pzd on input line 63.

(/usr/local/texlive/2018/texmf-dist/tex/latex/psnfss/upzd.fd
File: upzd.fd 2001/06/04 font definitions for U/pzd.
)
LaTeX Font Info:    Try loading font information for U+psy on input line 64.

(/usr/local/texlive/2018/texmf-dist/tex/latex/psnfss/upsy.fd
File: upsy.fd 2001/06/04 font definitions for U/psy.
))
(/usr/local/texlive/2018/texmf-dist/tex/latex/mathtools/mathtools.sty
Package: mathtools 2018/01/08 v1.21 mathematical typesetting tools

(/usr/local/texlive/2018/texmf-dist/tex/latex/tools/calc.sty
Package: calc 2017/05/25 v4.3 Infix arithmetic (KKT,FJ)
\calc@Acount=\count133
\calc@Bcount=\count134
\calc@Adimen=\dimen152
\calc@Bdimen=\dimen153
\calc@Askip=\skip63
\calc@Bskip=\skip64
LaTeX Info: Redefining \setlength on input line 80.
LaTeX Info: Redefining \addtolength on input line 81.
\calc@Ccount=\count135
\calc@Cskip=\skip65
)
(/usr/local/texlive/2018/texmf-dist/tex/latex/mathtools/mhsetup.sty
Package: mhsetup 2017/03/31 v1.3 programming setup (MH)
)
LaTeX Info: Thecontrolsequence`\('isalreadyrobust on input line 129.
LaTeX Info: Thecontrolsequence`\)'isalreadyrobust on input line 129.
LaTeX Info: Thecontrolsequence`\['isalreadyrobust on input line 129.
LaTeX Info: Thecontrolsequence`\]'isalreadyrobust on input line 129.
\g_MT_multlinerow_int=\count136
\l_MT_multwidth_dim=\dimen154
\origjot=\skip66
\l_MT_shortvdotswithinadjustabove_dim=\dimen155
\l_MT_shortvdotswithinadjustbelow_dim=\dimen156
\l_MT_above_intertext_sep=\dimen157
\l_MT_below_intertext_sep=\dimen158
\l_MT_above_shortintertext_sep=\dimen159
\l_MT_below_shortintertext_sep=\dimen160
)
\c@theorem=\count137
\c@lemma=\count138
\c@remark=\count139
\c@assumption=\count140
\c@proposition=\count141
\c@property=\count142
\c@corollary=\count143
\c@definition=\count144

No file main.aux.
\openout1 = `main.aux'.

LaTeX Font Info:    Checking defaults for OML/cmm/m/it on input line 68.
LaTeX Font Info:    ... okay on input line 68.
LaTeX Font Info:    Checking defaults for T1/cmr/m/n on input line 68.
LaTeX Font Info:    ... okay on input line 68.
LaTeX Font Info:    Checking defaults for OT1/cmr/m/n on input line 68.
LaTeX Font Info:    ... okay on input line 68.
LaTeX Font Info:    Checking defaults for OMS/cmsy/m/n on input line 68.
LaTeX Font Info:    ... okay on input line 68.
LaTeX Font Info:    Checking defaults for OMX/cmex/m/n on input line 68.
LaTeX Font Info:    ... okay on input line 68.
LaTeX Font Info:    Checking defaults for U/cmr/m/n on input line 68.
LaTeX Font Info:    ... okay on input line 68.
LaTeX Font Info:    Checking defaults for PD1/pdf/m/n on input line 68.
LaTeX Font Info:    ... okay on input line 68.
(/usr/local/texlive/2018/texmf-dist/tex/context/base/mkii/supp-pdf.mkii
[Loading MPS to PDF converter (version 2006.09.02).]
\scratchcounter=\count145
\scratchdimen=\dimen161
\scratchbox=\box32
\nofMPsegments=\count146
\nofMParguments=\count147
\everyMPshowfont=\toks33
\MPscratchCnt=\count148
\MPscratchDim=\dimen162
\MPnumerator=\count149
\makeMPintoPDFobject=\count150
\everyMPtoPDFconversion=\toks34
) (/usr/local/texlive/2018/texmf-dist/tex/latex/oberdiek/epstopdf-base.sty
Package: epstopdf-base 2016/05/15 v2.6 Base part for package epstopdf

(/usr/local/texlive/2018/texmf-dist/tex/latex/oberdiek/grfext.sty
Package: grfext 2016/05/16 v1.2 Manage graphics extensions (HO)
)
Package epstopdf-base Info: Redefining graphics rule for `.eps' on input line 4
38.
Package grfext Info: Graphics extension search list:
(grfext)             [.pdf,.png,.jpg,.mps,.jpeg,.jbig2,.jb2,.PDF,.PNG,.JPG,.JPE
G,.JBIG2,.JB2,.eps]
(grfext)             \AppendGraphicsExtensions on input line 456.

(/usr/local/texlive/2018/texmf-dist/tex/latex/latexconfig/epstopdf-sys.cfg
File: epstopdf-sys.cfg 2010/07/13 v1.3 Configuration of (r)epstopdf for TeX Liv
e
))
\AtBeginShipoutBox=\box33

(/usr/local/texlive/2018/texmf-dist/tex/latex/graphics/color.sty
Package: color 2016/07/10 v1.1e Standard LaTeX Color (DPC)

(/usr/local/texlive/2018/texmf-dist/tex/latex/graphics-cfg/color.cfg
File: color.cfg 2016/01/02 v1.6 sample color configuration
)
Package color Info: Driver file: pdftex.def on input line 147.
)
Package hyperref Info: Link coloring ON on input line 68.

(/usr/local/texlive/2018/texmf-dist/tex/latex/hyperref/nameref.sty
Package: nameref 2016/05/21 v2.44 Cross-referencing by name of section

(/usr/local/texlive/2018/texmf-dist/tex/generic/oberdiek/gettitlestring.sty
Package: gettitlestring 2016/05/16 v1.5 Cleanup title references (HO)
)
\c@section@level=\count151
)
LaTeX Info: Redefining \ref on input line 68.
LaTeX Info: Redefining \pageref on input line 68.
LaTeX Info: Redefining \nameref on input line 68.
\@outlinefile=\write3
\openout3 = `main.out'.

Package caption Info: Begin \AtBeginDocument code.
Package caption Info: subfigure package is loaded.
Package caption Info: End \AtBeginDocument code.

*geometry* driver: auto-detecting
*geometry* detected driver: pdftex
*geometry* verbose mode - [ preamble ] result:
* driver: pdftex
* paper: <default>
* layout: <same size as paper>
* layoutoffset:(h,v)=(0.0pt,0.0pt)
* modes: 
* h-part:(L,W,R)=(72.26999pt, 469.75502pt, 72.26999pt)
* v-part:(T,H,B)=(72.26999pt, 650.43001pt, 72.26999pt)
* \paperwidth=614.295pt
* \paperheight=794.96999pt
* \textwidth=469.75502pt
* \textheight=650.43001pt
* \oddsidemargin=0.0pt
* \evensidemargin=0.0pt
* \topmargin=-37.0pt
* \headheight=12.0pt
* \headsep=25.0pt
* \topskip=11.0pt
* \footskip=30.0pt
* \marginparwidth=59.0pt
* \marginparsep=10.0pt
* \columnsep=10.0pt
* \skip\footins=10.0pt plus 4.0pt minus 2.0pt
* \hoffset=0.0pt
* \voffset=0.0pt
* \mag=1000
* \@twocolumnfalse
* \@twosidefalse
* \@mparswitchfalse
* \@reversemarginfalse
* (1in=72.27pt=25.4mm, 1cm=28.453pt)

LaTeX Font Info:    Try loading font information for U+msa on input line 83.
(/usr/local/texlive/2018/texmf-dist/tex/latex/amsfonts/umsa.fd
File: umsa.fd 2013/01/14 v3.01 AMS symbols A
)
LaTeX Font Info:    Try loading font information for U+msb on input line 83.

(/usr/local/texlive/2018/texmf-dist/tex/latex/amsfonts/umsb.fd
File: umsb.fd 2013/01/14 v3.01 AMS symbols B
)
LaTeX Font Info:    Try loading font information for OMS+cmr on input line 83.

(/usr/local/texlive/2018/texmf-dist/tex/latex/base/omscmr.fd
File: omscmr.fd 2014/09/29 v2.5h Standard LaTeX font definitions
)
LaTeX Font Info:    Font shape `OMS/cmr/m/n' in size <12> not available
(Font)              Font shape `OMS/cmsy/m/n' tried instead on input line 83.


LaTeX Warning: Citation `mcmahan2016communication' on page 1 undefined on input
 line 96.


LaTeX Warning: Citation `konevcny2016federated' on page 1 undefined on input li
ne 96.


LaTeX Warning: Citation `carlini2019secret' on page 1 undefined on input line 9
6.


LaTeX Warning: Citation `mcmahan2017learning' on page 1 undefined on input line
 96.


LaTeX Warning: Citation `li2019federated' on page 1 undefined on input line 100
.


LaTeX Warning: Citation `liang2019variance' on page 1 undefined on input line 1
00.


LaTeX Warning: Citation `geyer2017differentially' on page 1 undefined on input 
line 100.


LaTeX Warning: Citation `hardy2017private' on page 1 undefined on input line 10
0.


LaTeX Warning: Citation `zhou2018convergence' on page 1 undefined on input line
 102.


LaTeX Warning: Citation `stich2019local' on page 1 undefined on input line 102.



LaTeX Warning: Citation `yu2019parallel' on page 1 undefined on input line 102.



LaTeX Warning: Citation `wang2018cooperative' on page 1 undefined on input line
 102.


LaTeX Warning: Citation `bottou-bousquet-2008' on page 1 undefined on input lin
e 102.


LaTeX Warning: Citation `lin2019don' on page 1 undefined on input line 102.


LaTeX Warning: Citation `alistarh2017qsgd' on page 1 undefined on input line 10
2.


LaTeX Warning: Citation `bernstein2018signsgd' on page 1 undefined on input lin
e 102.


LaTeX Warning: Citation `tang2018communication' on page 1 undefined on input li
ne 102.


LaTeX Warning: Citation `wen2017terngrad' on page 1 undefined on input line 102
.


LaTeX Warning: Citation `wu2018error' on page 1 undefined on input line 102.


LaTeX Warning: Citation `alistarh2018convergence' on page 1 undefined on input 
line 102.


LaTeX Warning: Citation `lin2017deep' on page 1 undefined on input line 102.


LaTeX Warning: Citation `stich2018sparsified' on page 1 undefined on input line
 102.


LaTeX Warning: Citation `stich2019error' on page 1 undefined on input line 102.


[1

{/usr/local/texlive/2018/texmf-var/fonts/map/pdftex/updmap/pdftex.map}]

LaTeX Warning: Citation `liang2019variance' on page 2 undefined on input line 1
04.


LaTeX Warning: Citation `karimireddy2019scaffold' on page 2 undefined on input 
line 104.


LaTeX Warning: Citation `horvath2019stochastic' on page 2 undefined on input li
ne 104.


LaTeX Warning: Citation `haddadpour2020federated' on page 2 undefined on input 
line 104.


LaTeX Warning: Citation `mcmahan2017learning' on page 2 undefined on input line
 106.


LaTeX Warning: Citation `bonawitz2017practical' on page 2 undefined on input li
ne 106.


LaTeX Warning: Citation `DBLP:journals/tcs/CharikarCF04' on page 2 undefined on
 input line 108.


LaTeX Warning: Citation `cormode2005improved' on page 2 undefined on input line
 108.


LaTeX Warning: Citation `kleinberg2003bursty' on page 2 undefined on input line
 108.


LaTeX Warning: Citation `Proc:Li_Church_Hastie_NIPS08' on page 2 undefined on i
nput line 108.


LaTeX Warning: Citation `ivkin2019communication' on page 2 undefined on input l
ine 108.


LaTeX Warning: Citation `li2019privacy' on page 2 undefined on input line 108.


LaTeX Warning: Citation `li2019privacy' on page 2 undefined on input line 108.


LaTeX Warning: Citation `ivkin2019communication' on page 2 undefined on input l
ine 108.


LaTeX Warning: Citation `rothchild2020fetchsgd' on page 2 undefined on input li
ne 108.


LaTeX Warning: Citation `ivkin2019communication' on page 2 undefined on input l
ine 108.


LaTeX Warning: Citation `rothchild2020fetchsgd' on page 2 undefined on input li
ne 108.

LaTeX Font Info:    Font shape `OMS/cmr/m/n' in size <10.95> not available
(Font)              Font shape `OMS/cmsy/m/n' tried instead on input line 127.

LaTeX Warning: Reference `thm:homog_case' on page 2 undefined on input line 132
.


LaTeX Warning: Reference `thm:hetreg_case' on page 2 undefined on input line 13
2.

[2]

LaTeX Warning: Citation `zhang2016parallel' on page 3 undefined on input line 1
44.


LaTeX Warning: Citation `mcmahan2016communication' on page 3 undefined on input
 line 144.


LaTeX Warning: Citation `konevcny2016federated' on page 3 undefined on input li
ne 144.


LaTeX Warning: Citation `zhou2018convergence' on page 3 undefined on input line
 144.


LaTeX Warning: Citation `yu2019parallel' on page 3 undefined on input line 144.



LaTeX Warning: Citation `stich2019local' on page 3 undefined on input line 144.



LaTeX Warning: Citation `wang2018cooperative' on page 3 undefined on input line
 144.


LaTeX Warning: Citation `haddadpour2019local' on page 3 undefined on input line
 144.


LaTeX Warning: Citation `haddadpour2019trading' on page 3 undefined on input li
ne 144.


LaTeX Warning: Citation `basu2019qsparse' on page 3 undefined on input line 144
.


LaTeX Warning: Citation `haddadpour2019convergence' on page 3 undefined on inpu
t line 144.


LaTeX Warning: Citation `bayoumi2020tighter' on page 3 undefined on input line 
144.


LaTeX Warning: Citation `stich2019error' on page 3 undefined on input line 144.



LaTeX Warning: Citation `yu2019linear' on page 3 undefined on input line 144.


LaTeX Warning: Citation `li2019convergence' on page 3 undefined on input line 1
44.


LaTeX Warning: Citation `sahu2018convergence' on page 3 undefined on input line
 144.


LaTeX Warning: Citation `liang2019variance' on page 3 undefined on input line 1
44.


LaTeX Warning: Citation `haddadpour2019convergence' on page 3 undefined on inpu
t line 144.


LaTeX Warning: Citation `karimireddy2019scaffold' on page 3 undefined on input 
line 144.


LaTeX Warning: Citation `reddi2020adaptive' on page 3 undefined on input line 1
45.


LaTeX Warning: Citation `chen2020toward' on page 3 undefined on input line 145.



LaTeX Warning: Citation `ivkin2019communication' on page 3 undefined on input l
ine 150.


LaTeX Warning: Citation `robbins1951stochastic' on page 3 undefined on input li
ne 150.


LaTeX Warning: Citation `bottou-bousquet-2008' on page 3 undefined on input lin
e 150.


LaTeX Warning: Citation `alistarh2017qsgd' on page 3 undefined on input line 15
1.


LaTeX Warning: Citation `lin2017deep' on page 3 undefined on input line 151.


LaTeX Warning: Citation `stich2018sparsified' on page 3 undefined on input line
 151.


LaTeX Warning: Citation `horvath2019stochastic' on page 3 undefined on input li
ne 151.


LaTeX Warning: Citation `haddadpour2020federated' on page 3 undefined on input 
line 152.


LaTeX Warning: Citation `reisizadeh2020fedpaq' on page 3 undefined on input lin
e 152.


LaTeX Warning: Citation `basu2019qsparse' on page 3 undefined on input line 152
.


LaTeX Warning: Citation `horvath2019stochastic' on page 3 undefined on input li
ne 152.


LaTeX Warning: Citation `horvath2020better' on page 3 undefined on input line 1
53.


LaTeX Warning: Citation `li2019privacy' on page 3 undefined on input line 157.


LaTeX Warning: Citation `liu2019enhancing' on page 3 undefined on input line 15
7.


LaTeX Warning: Reference `sec:problem' on page 3 undefined on input line 162.


LaTeX Warning: Reference `sec:compression' on page 3 undefined on input line 16
3.


LaTeX Warning: Reference `sec:algos' on page 3 undefined on input line 164.


LaTeX Warning: Reference `sec:cnvg-an' on page 3 undefined on input line 164.


LaTeX Warning: Reference `sec:experimnt' on page 3 undefined on input line 164.


[3]

LaTeX Warning: Reference `eq:main' on page 4 undefined on input line 184.


LaTeX Warning: Reference `eq:main' on page 4 undefined on input line 189.


LaTeX Warning: Citation `DBLP:journals/tcs/CharikarCF04' on page 4 undefined on
 input line 189.


LaTeX Warning: Reference `alg:csketch' on page 4 undefined on input line 189.

Package hyperref Info: bookmark level for unknown algorithm defaults to 0 on in
put line 191.

LaTeX Warning: Citation `kleinberg2003bursty' on page 4 undefined on input line
 191.


LaTeX Warning: Citation `kleinberg2003bursty' on page 4 undefined on input line
 191.


LaTeX Warning: Reference `alg:csketch' on page 4 undefined on input line 204.

[4]

LaTeX Warning: Reference `Alg:privix' on page 5 undefined on input line 227.


LaTeX Warning: Citation `li2019privacy' on page 5 undefined on input line 230.


LaTeX Warning: Citation `li2019privacy' on page 5 undefined on input line 230.


LaTeX Warning: Citation `li2019privacy' on page 5 undefined on input line 246.


LaTeX Warning: Reference `alg:csketch' on page 5 undefined on input line 247.


LaTeX Warning: Citation `li2019privacy' on page 5 undefined on input line 250.


LaTeX Warning: Citation `li2019privacy' on page 5 undefined on input line 274.


LaTeX Warning: Citation `fergus2006removing' on page 5 undefined on input line 
278.


LaTeX Warning: Citation `gong2014gradient' on page 5 undefined on input line 27
8.


LaTeX Warning: Citation `levin2007image' on page 5 undefined on input line 278.



LaTeX Warning: Citation `parmas2018total' on page 5 undefined on input line 278
.


LaTeX Warning: Reference `assu:invecdist' on page 5 undefined on input line 281
.


LaTeX Warning: Citation `li2019privacy' on page 5 undefined on input line 281.


LaTeX Warning: Citation `li2019privacy' on page 5 undefined on input line 283.


LaTeX Warning: Reference `assu:invecdist' on page 5 undefined on input line 284
.

[5]

LaTeX Warning: Citation `li2019privacy' on page 6 undefined on input line 286.


LaTeX Warning: Reference `thm:privacy' on page 6 undefined on input line 288.


LaTeX Warning: Citation `horvath2020better' on page 6 undefined on input line 3
02.


LaTeX Warning: Reference `alg:heavymix' on page 6 undefined on input line 306.


LaTeX Warning: Citation `ivkin2019communication' on page 6 undefined on input l
ine 325.


LaTeX Warning: Reference `alg:heavymix' on page 6 undefined on input line 329.


LaTeX Warning: Citation `ivkin2019communication' on page 6 undefined on input l
ine 329.

[6]

LaTeX Warning: Citation `horvath2020better' on page 7 undefined on input line 3
32.


LaTeX Warning: Citation `horvath2020better' on page 7 undefined on input line 3
33.

LaTeX Font Info:    Font shape `OT1/cmtt/bx/n' in size <10.95> not available
(Font)              Font shape `OT1/cmtt/m/n' tried instead on input line 349.

LaTeX Warning: Reference `lemm:induced_compress' on page 7 undefined on input l
ine 359.


LaTeX Warning: Reference `alg:heaprix' on page 7 undefined on input line 359.


LaTeX Warning: Citation `li2019privacy' on page 7 undefined on input line 379.


LaTeX Warning: Citation `li2019privacy' on page 7 undefined on input line 379.

[7]

LaTeX Warning: Citation `haddadpour2020federated' on page 8 undefined on input 
line 381.


LaTeX Warning: Reference `Alg:PFLHom' on page 8 undefined on input line 387.


LaTeX Warning: Reference `Alg:PFLHom' on page 8 undefined on input line 387.


LaTeX Warning: Reference `eq:average-skestching' on page 8 undefined on input l
ine 395.


LaTeX Warning: Citation `haddadpour2020federated' on page 8 undefined on input 
line 397.


LaTeX Warning: Citation `haddadpour2020federated' on page 8 undefined on input 
line 400.


LaTeX Warning: Citation `haddadpour2020federated' on page 8 undefined on input 
line 400.

[8]

LaTeX Warning: Reference `eq:main' on page 9 undefined on input line 440.

[9]

LaTeX Warning: Citation `haddadpour2020federated' on page 10 undefined on input
 line 442.


LaTeX Warning: Citation `liang2019variance' on page 10 undefined on input line 
442.


LaTeX Warning: Reference `eq:average-skestching' on page 10 undefined on input 
line 442.


LaTeX Warning: Reference `eq:glbl-updts' on page 10 undefined on input line 443
.


Overfull \hbox (9.21297pt too wide) in paragraph at lines 442--445
[]\OT1/cmr/m/n/10.95 Therefore, to mit-i-gate the ef-fect of data het-ero-gene-
ity, we in-tro-duce new al-go-rithm \OT1/cmtt/m/n/10.95 FedSKETCHGATE
 []

[10]

LaTeX Warning: Reference `Assu:1' on page 11 undefined on input line 502.


LaTeX Warning: Citation `karimi2016linear' on page 11 undefined on input line 5
02.

LaTeX Font Info:    Font shape `OT1/cmtt/bx/n' in size <12> not available
(Font)              Font shape `OT1/cmtt/m/n' tried instead on input line 504.

LaTeX Warning: Reference `Assu:1' on page 11 undefined on input line 515.


LaTeX Warning: Reference `Assu:1.5' on page 11 undefined on input line 515.


LaTeX Warning: Reference `Alg:PFLHom' on page 11 undefined on input line 515.

LaTeX Font Info:    Font shape `OMS/cmr/m/it' in size <10.95> not available
(Font)              Font shape `OMS/cmsy/m/n' tried instead on input line 517.

Overfull \hbox (37.59267pt too wide) in paragraph at lines 527--529
\OT1/cmr/m/it/10.95 we ob-tain that the it-er-ates sat-isfy $\U/msb/m/n/10.95 E
[]\OML/cmm/m/it/10.95 f\OT1/cmr/m/n/10.95 ([][]) \OMS/cmsy/m/n/10.95 ^^@ \OML/c
mm/m/it/10.95 f\OT1/cmr/m/n/10.95 ([][])[] \OMS/cmsy/m/n/10.95 ^^T \OML/cmm/m/i
t/10.95 ^^O$ \OT1/cmr/m/it/10.95 if we set $\OML/cmm/m/it/10.95 R \OT1/cmr/m/n/
10.95 = \OML/cmm/m/it/10.95 O []$
 []

[11]

LaTeX Warning: Reference `rmk:cnd-lr' on page 12 undefined on input line 550.


LaTeX Warning: Citation `karimireddy2019scaffold' on page 12 undefined on input
 line 553.


LaTeX Warning: Citation `wang2018cooperative' on page 12 undefined on input lin
e 553.


LaTeX Warning: Citation `liang2019variance' on page 12 undefined on input line 
553.


LaTeX Warning: Citation `karimireddy2019scaffold' on page 12 undefined on input
 line 556.


LaTeX Warning: Citation `ivkin2019communication' on page 12 undefined on input 
line 564.


LaTeX Warning: Reference `Alg:PFLHom' on page 12 undefined on input line 568.

[12]

LaTeX Warning: Citation `karimireddy2019scaffold' on page 13 undefined on input
 line 583.


LaTeX Warning: Reference `table:1' on page 13 undefined on input line 591.


LaTeX Warning: Citation `ivkin2019communication' on page 13 undefined on input 
line 643.


LaTeX Warning: Reference `thm:homog_case' on page 13 undefined on input line 64
3.


LaTeX Warning: Reference `thm:homog_case' on page 13 undefined on input line 64
3.


LaTeX Warning: `h' float specifier changed to `ht'.


LaTeX Warning: Reference `Assu:1' on page 13 undefined on input line 658.


LaTeX Warning: Reference `Assu:2' on page 13 undefined on input line 658.


LaTeX Warning: Reference `Alg:PFLHet' on page 13 undefined on input line 658.

[13]
Overfull \hbox (2.49606pt too wide) in paragraph at lines 673--677
[]\OT1/cmr/m/it/10.95 For the case of \OT1/cmtt/m/it/10.95 FedSKETCHGATE-HEAPRI
X \OT1/cmr/m/it/10.95 al-go-rithm, by choos-ing step-sizes as $\OML/cmm/m/it/10
.95 ^^Q \OT1/cmr/m/n/10.95 = []$
 []


LaTeX Warning: Citation `li2019privacy' on page 14 undefined on input line 747.



LaTeX Warning: Citation `rothchild2020fetchsgd' on page 14 undefined on input l
ine 747.


LaTeX Warning: Citation `rothchild2020fetchsgd' on page 14 undefined on input l
ine 747.


LaTeX Warning: Reference `thm:hetreg_case' on page 14 undefined on input line 7
47.


LaTeX Warning: Reference `thm:hetreg_case' on page 14 undefined on input line 7
47.


LaTeX Warning: `h' float specifier changed to `ht'.


LaTeX Warning: Citation `li2019privacy' on page 14 undefined on input line 752.



LaTeX Warning: Citation `rothchild2020fetchsgd' on page 14 undefined on input l
ine 752.


LaTeX Warning: Citation `philippenko2020artemis' on page 14 undefined on input 
line 752.


Package hyperref Warning: Token not allowed in a PDF string (PDFDocEncoding):
(hyperref)                removing `\@ifnextchar' on input line 752.


Package hyperref Warning: Token not allowed in a PDF string (PDFDocEncoding):
(hyperref)                removing `\@ifnextchar' on input line 752.


Package hyperref Warning: Token not allowed in a PDF string (PDFDocEncoding):
(hyperref)                removing `\@ifnextchar' on input line 752.


LaTeX Warning: Citation `li2019privacy' on page 14 undefined on input line 755.



LaTeX Warning: Citation `li2019privacy' on page 14 undefined on input line 756.


[14]

LaTeX Warning: Citation `rothchild2020fetchsgd' on page 15 undefined on input l
ine 758.


LaTeX Warning: Citation `rothchild2020fetchsgd' on page 15 undefined on input l
ine 759.


LaTeX Warning: Citation `rothchild2020fetchsgd' on page 15 undefined on input l
ine 759.


LaTeX Warning: Citation `rothchild2020fetchsgd' on page 15 undefined on input l
ine 759.


LaTeX Warning: Citation `bayoumi2020tighter' on page 15 undefined on input line
 759.


LaTeX Warning: Citation `rothchild2020fetchsgd' on page 15 undefined on input l
ine 759.


LaTeX Warning: Citation `rothchild2020fetchsgd' on page 15 undefined on input l
ine 759.


LaTeX Warning: Reference `thm:hetreg_case' on page 15 undefined on input line 7
59.


LaTeX Warning: Citation `rothchild2020fetchsgd' on page 15 undefined on input l
ine 759.


LaTeX Warning: Citation `rothchild2020fetchsgd' on page 15 undefined on input l
ine 759.


LaTeX Warning: Citation `li2018federated' on page 15 undefined on input line 75
9.


LaTeX Warning: Citation `haddadpour2019convergence' on page 15 undefined on inp
ut line 759.


LaTeX Warning: Citation `rothchild2020fetchsgd' on page 15 undefined on input l
ine 759.


LaTeX Warning: Citation `rothchild2020fetchsgd' on page 15 undefined on input l
ine 759.


LaTeX Warning: Citation `rothchild2020fetchsgd' on page 15 undefined on input l
ine 759.


Underfull \hbox (badness 10000) in paragraph at lines 758--760

 []

[15]

LaTeX Warning: Reference `table:2' on page 16 undefined on input line 761.


LaTeX Warning: Citation `philippenko2020artemis' on page 16 undefined on input 
line 765.


LaTeX Warning: Citation `philippenko2020artemis' on page 16 undefined on input 
line 765.


LaTeX Warning: Reference `rmrk:bidirect' on page 16 undefined on input line 765
.


LaTeX Warning: Citation `lecun1998gradient' on page 16 undefined on input line 
770.


LaTeX Warning: Citation `ivkin2019communication' on page 16 undefined on input 
line 772.


LaTeX Warning: Reference `Alg:PFLHom' on page 16 undefined on input line 773.


LaTeX Warning: Citation `li2018federated' on page 16 undefined on input line 77
3.

[16]
Package epstopdf Info: Source file: <MNIST_figures/local1_sketch20_iid1_train_l
oss.eps>
(epstopdf)                    date: 2021-06-29 10:24:50
(epstopdf)                    size: 21389 bytes
(epstopdf)             Output file: <MNIST_figures/local1_sketch20_iid1_train_l
oss-eps-converted-to.pdf>
(epstopdf)                    date: 2021-06-29 10:24:50
(epstopdf)                    size: 9517 bytes
(epstopdf)             Command: <repstopdf --outfile=MNIST_figures/local1_sketc
h20_iid1_train_loss-eps-converted-to.pdf MNIST_figures/local1_sketch20_iid1_tra
in_loss.eps>
(epstopdf)             \includegraphics on input line 792.
Package epstopdf Info: Output file is already uptodate.
<MNIST_figures/local1_sketch20_iid1_train_loss-eps-converted-to.pdf, id=159, 42
1.575pt x 316.18124pt>
File: MNIST_figures/local1_sketch20_iid1_train_loss-eps-converted-to.pdf Graphi
c file (type pdf)
<use MNIST_figures/local1_sketch20_iid1_train_loss-eps-converted-to.pdf>
Package pdftex.def Info: MNIST_figures/local1_sketch20_iid1_train_loss-eps-conv
erted-to.pdf  used on input line 792.
(pdftex.def)             Requested size: 151.76744pt x 113.82515pt.
Package epstopdf Info: Source file: <MNIST_figures/local2_sketch20_iid1_train_l
oss.eps>
(epstopdf)                    date: 2021-06-29 10:24:50
(epstopdf)                    size: 21092 bytes
(epstopdf)             Output file: <MNIST_figures/local2_sketch20_iid1_train_l
oss-eps-converted-to.pdf>
(epstopdf)                    date: 2021-06-29 10:24:50
(epstopdf)                    size: 9268 bytes
(epstopdf)             Command: <repstopdf --outfile=MNIST_figures/local2_sketc
h20_iid1_train_loss-eps-converted-to.pdf MNIST_figures/local2_sketch20_iid1_tra
in_loss.eps>
(epstopdf)             \includegraphics on input line 792.
Package epstopdf Info: Output file is already uptodate.
<MNIST_figures/local2_sketch20_iid1_train_loss-eps-converted-to.pdf, id=160, 42
1.575pt x 316.18124pt>
File: MNIST_figures/local2_sketch20_iid1_train_loss-eps-converted-to.pdf Graphi
c file (type pdf)
<use MNIST_figures/local2_sketch20_iid1_train_loss-eps-converted-to.pdf>
Package pdftex.def Info: MNIST_figures/local2_sketch20_iid1_train_loss-eps-conv
erted-to.pdf  used on input line 792.
(pdftex.def)             Requested size: 151.76744pt x 113.82515pt.
Package epstopdf Info: Source file: <MNIST_figures/local5_sketch20_iid1_train_l
oss.eps>
(epstopdf)                    date: 2021-06-29 10:24:50
(epstopdf)                    size: 21282 bytes
(epstopdf)             Output file: <MNIST_figures/local5_sketch20_iid1_train_l
oss-eps-converted-to.pdf>
(epstopdf)                    date: 2021-06-29 10:24:50
(epstopdf)                    size: 9285 bytes
(epstopdf)             Command: <repstopdf --outfile=MNIST_figures/local5_sketc
h20_iid1_train_loss-eps-converted-to.pdf MNIST_figures/local5_sketch20_iid1_tra
in_loss.eps>
(epstopdf)             \includegraphics on input line 792.
Package epstopdf Info: Output file is already uptodate.
<MNIST_figures/local5_sketch20_iid1_train_loss-eps-converted-to.pdf, id=161, 42
1.575pt x 316.18124pt>
File: MNIST_figures/local5_sketch20_iid1_train_loss-eps-converted-to.pdf Graphi
c file (type pdf)
<use MNIST_figures/local5_sketch20_iid1_train_loss-eps-converted-to.pdf>
Package pdftex.def Info: MNIST_figures/local5_sketch20_iid1_train_loss-eps-conv
erted-to.pdf  used on input line 792.
(pdftex.def)             Requested size: 151.76744pt x 113.82515pt.
Package epstopdf Info: Source file: <MNIST_figures/local1_sketch20_iid1_test_ac
c.eps>
(epstopdf)                    date: 2021-06-29 10:24:50
(epstopdf)                    size: 18812 bytes
(epstopdf)             Output file: <MNIST_figures/local1_sketch20_iid1_test_ac
c-eps-converted-to.pdf>
(epstopdf)                    date: 2021-06-29 10:24:50
(epstopdf)                    size: 9974 bytes
(epstopdf)             Command: <repstopdf --outfile=MNIST_figures/local1_sketc
h20_iid1_test_acc-eps-converted-to.pdf MNIST_figures/local1_sketch20_iid1_test_
acc.eps>
(epstopdf)             \includegraphics on input line 797.
Package epstopdf Info: Output file is already uptodate.
<MNIST_figures/local1_sketch20_iid1_test_acc-eps-converted-to.pdf, id=162, 421.
575pt x 316.18124pt>
File: MNIST_figures/local1_sketch20_iid1_test_acc-eps-converted-to.pdf Graphic 
file (type pdf)
<use MNIST_figures/local1_sketch20_iid1_test_acc-eps-converted-to.pdf>
Package pdftex.def Info: MNIST_figures/local1_sketch20_iid1_test_acc-eps-conver
ted-to.pdf  used on input line 797.
(pdftex.def)             Requested size: 151.76744pt x 113.82515pt.
Package epstopdf Info: Source file: <MNIST_figures/local2_sketch20_iid1_test_ac
c.eps>
(epstopdf)                    date: 2021-06-29 10:24:50
(epstopdf)                    size: 17773 bytes
(epstopdf)             Output file: <MNIST_figures/local2_sketch20_iid1_test_ac
c-eps-converted-to.pdf>
(epstopdf)                    date: 2021-06-29 10:24:50
(epstopdf)                    size: 9565 bytes
(epstopdf)             Command: <repstopdf --outfile=MNIST_figures/local2_sketc
h20_iid1_test_acc-eps-converted-to.pdf MNIST_figures/local2_sketch20_iid1_test_
acc.eps>
(epstopdf)             \includegraphics on input line 797.
Package epstopdf Info: Output file is already uptodate.
<MNIST_figures/local2_sketch20_iid1_test_acc-eps-converted-to.pdf, id=163, 421.
575pt x 316.18124pt>
File: MNIST_figures/local2_sketch20_iid1_test_acc-eps-converted-to.pdf Graphic 
file (type pdf)
<use MNIST_figures/local2_sketch20_iid1_test_acc-eps-converted-to.pdf>
Package pdftex.def Info: MNIST_figures/local2_sketch20_iid1_test_acc-eps-conver
ted-to.pdf  used on input line 797.
(pdftex.def)             Requested size: 151.76744pt x 113.82515pt.
Package epstopdf Info: Source file: <MNIST_figures/local5_sketch20_iid1_test_ac
c.eps>
(epstopdf)                    date: 2021-06-29 10:24:50
(epstopdf)                    size: 61161 bytes
(epstopdf)             Output file: <MNIST_figures/local5_sketch20_iid1_test_ac
c-eps-converted-to.pdf>
(epstopdf)                    date: 2021-06-29 10:24:50
(epstopdf)                    size: 96937 bytes
(epstopdf)             Command: <repstopdf --outfile=MNIST_figures/local5_sketc
h20_iid1_test_acc-eps-converted-to.pdf MNIST_figures/local5_sketch20_iid1_test_
acc.eps>
(epstopdf)             \includegraphics on input line 797.
Package epstopdf Info: Output file is already uptodate.
<MNIST_figures/local5_sketch20_iid1_test_acc-eps-converted-to.pdf, id=164, 421.
575pt x 316.18124pt>
File: MNIST_figures/local5_sketch20_iid1_test_acc-eps-converted-to.pdf Graphic 
file (type pdf)
<use MNIST_figures/local5_sketch20_iid1_test_acc-eps-converted-to.pdf>
Package pdftex.def Info: MNIST_figures/local5_sketch20_iid1_test_acc-eps-conver
ted-to.pdf  used on input line 797.
(pdftex.def)             Requested size: 151.76744pt x 113.82515pt.
Package epstopdf Info: Source file: <MNIST_figures/local1_sketch50_iid1_train_l
oss.eps>
(epstopdf)                    date: 2021-06-29 10:24:50
(epstopdf)                    size: 21408 bytes
(epstopdf)             Output file: <MNIST_figures/local1_sketch50_iid1_train_l
oss-eps-converted-to.pdf>
(epstopdf)                    date: 2021-06-29 10:24:50
(epstopdf)                    size: 9455 bytes
(epstopdf)             Command: <repstopdf --outfile=MNIST_figures/local1_sketc
h50_iid1_train_loss-eps-converted-to.pdf MNIST_figures/local1_sketch50_iid1_tra
in_loss.eps>
(epstopdf)             \includegraphics on input line 801.
Package epstopdf Info: Output file is already uptodate.
<MNIST_figures/local1_sketch50_iid1_train_loss-eps-converted-to.pdf, id=165, 42
1.575pt x 316.18124pt>
File: MNIST_figures/local1_sketch50_iid1_train_loss-eps-converted-to.pdf Graphi
c file (type pdf)
<use MNIST_figures/local1_sketch50_iid1_train_loss-eps-converted-to.pdf>
Package pdftex.def Info: MNIST_figures/local1_sketch50_iid1_train_loss-eps-conv
erted-to.pdf  used on input line 801.
(pdftex.def)             Requested size: 151.76744pt x 113.82515pt.
Package epstopdf Info: Source file: <MNIST_figures/local2_sketch50_iid1_train_l
oss.eps>
(epstopdf)                    date: 2021-06-29 10:24:50
(epstopdf)                    size: 21082 bytes
(epstopdf)             Output file: <MNIST_figures/local2_sketch50_iid1_train_l
oss-eps-converted-to.pdf>
(epstopdf)                    date: 2021-06-29 10:24:50
(epstopdf)                    size: 9292 bytes
(epstopdf)             Command: <repstopdf --outfile=MNIST_figures/local2_sketc
h50_iid1_train_loss-eps-converted-to.pdf MNIST_figures/local2_sketch50_iid1_tra
in_loss.eps>
(epstopdf)             \includegraphics on input line 801.
Package epstopdf Info: Output file is already uptodate.
<MNIST_figures/local2_sketch50_iid1_train_loss-eps-converted-to.pdf, id=166, 42
1.575pt x 316.18124pt>
File: MNIST_figures/local2_sketch50_iid1_train_loss-eps-converted-to.pdf Graphi
c file (type pdf)
<use MNIST_figures/local2_sketch50_iid1_train_loss-eps-converted-to.pdf>
Package pdftex.def Info: MNIST_figures/local2_sketch50_iid1_train_loss-eps-conv
erted-to.pdf  used on input line 801.
(pdftex.def)             Requested size: 151.76744pt x 113.82515pt.
Package epstopdf Info: Source file: <MNIST_figures/local5_sketch50_iid1_train_l
oss.eps>
(epstopdf)                    date: 2021-06-29 10:24:50
(epstopdf)                    size: 21408 bytes
(epstopdf)             Output file: <MNIST_figures/local5_sketch50_iid1_train_l
oss-eps-converted-to.pdf>
(epstopdf)                    date: 2021-06-29 10:24:50
(epstopdf)                    size: 9234 bytes
(epstopdf)             Command: <repstopdf --outfile=MNIST_figures/local5_sketc
h50_iid1_train_loss-eps-converted-to.pdf MNIST_figures/local5_sketch50_iid1_tra
in_loss.eps>
(epstopdf)             \includegraphics on input line 801.
Package epstopdf Info: Output file is already uptodate.
<MNIST_figures/local5_sketch50_iid1_train_loss-eps-converted-to.pdf, id=167, 42
1.575pt x 316.18124pt>
File: MNIST_figures/local5_sketch50_iid1_train_loss-eps-converted-to.pdf Graphi
c file (type pdf)
<use MNIST_figures/local5_sketch50_iid1_train_loss-eps-converted-to.pdf>
Package pdftex.def Info: MNIST_figures/local5_sketch50_iid1_train_loss-eps-conv
erted-to.pdf  used on input line 801.
(pdftex.def)             Requested size: 151.76744pt x 113.82515pt.
Package epstopdf Info: Source file: <MNIST_figures/local1_sketch50_iid1_test_ac
c.eps>
(epstopdf)                    date: 2021-06-29 10:24:50
(epstopdf)                    size: 18404 bytes
(epstopdf)             Output file: <MNIST_figures/local1_sketch50_iid1_test_ac
c-eps-converted-to.pdf>
(epstopdf)                    date: 2021-06-29 10:24:50
(epstopdf)                    size: 9784 bytes
(epstopdf)             Command: <repstopdf --outfile=MNIST_figures/local1_sketc
h50_iid1_test_acc-eps-converted-to.pdf MNIST_figures/local1_sketch50_iid1_test_
acc.eps>
(epstopdf)             \includegraphics on input line 806.
Package epstopdf Info: Output file is already uptodate.
<MNIST_figures/local1_sketch50_iid1_test_acc-eps-converted-to.pdf, id=168, 421.
575pt x 316.18124pt>
File: MNIST_figures/local1_sketch50_iid1_test_acc-eps-converted-to.pdf Graphic 
file (type pdf)
<use MNIST_figures/local1_sketch50_iid1_test_acc-eps-converted-to.pdf>
Package pdftex.def Info: MNIST_figures/local1_sketch50_iid1_test_acc-eps-conver
ted-to.pdf  used on input line 806.
(pdftex.def)             Requested size: 151.76744pt x 113.82515pt.
Package epstopdf Info: Source file: <MNIST_figures/local2_sketch50_iid1_test_ac
c.eps>
(epstopdf)                    date: 2021-06-29 10:24:50
(epstopdf)                    size: 17790 bytes
(epstopdf)             Output file: <MNIST_figures/local2_sketch50_iid1_test_ac
c-eps-converted-to.pdf>
(epstopdf)                    date: 2021-06-29 10:24:50
(epstopdf)                    size: 9569 bytes
(epstopdf)             Command: <repstopdf --outfile=MNIST_figures/local2_sketc
h50_iid1_test_acc-eps-converted-to.pdf MNIST_figures/local2_sketch50_iid1_test_
acc.eps>
(epstopdf)             \includegraphics on input line 806.
Package epstopdf Info: Output file is already uptodate.
<MNIST_figures/local2_sketch50_iid1_test_acc-eps-converted-to.pdf, id=169, 421.
575pt x 316.18124pt>
File: MNIST_figures/local2_sketch50_iid1_test_acc-eps-converted-to.pdf Graphic 
file (type pdf)
<use MNIST_figures/local2_sketch50_iid1_test_acc-eps-converted-to.pdf>
Package pdftex.def Info: MNIST_figures/local2_sketch50_iid1_test_acc-eps-conver
ted-to.pdf  used on input line 806.
(pdftex.def)             Requested size: 151.76744pt x 113.82515pt.
Package epstopdf Info: Source file: <MNIST_figures/local5_sketch50_iid1_test_ac
c.eps>
(epstopdf)                    date: 2021-06-29 10:24:50
(epstopdf)                    size: 18171 bytes
(epstopdf)             Output file: <MNIST_figures/local5_sketch50_iid1_test_ac
c-eps-converted-to.pdf>
(epstopdf)                    date: 2021-06-29 10:24:50
(epstopdf)                    size: 9508 bytes
(epstopdf)             Command: <repstopdf --outfile=MNIST_figures/local5_sketc
h50_iid1_test_acc-eps-converted-to.pdf MNIST_figures/local5_sketch50_iid1_test_
acc.eps>
(epstopdf)             \includegraphics on input line 806.
Package epstopdf Info: Output file is already uptodate.
<MNIST_figures/local5_sketch50_iid1_test_acc-eps-converted-to.pdf, id=170, 421.
575pt x 316.18124pt>
File: MNIST_figures/local5_sketch50_iid1_test_acc-eps-converted-to.pdf Graphic 
file (type pdf)
<use MNIST_figures/local5_sketch50_iid1_test_acc-eps-converted-to.pdf>
Package pdftex.def Info: MNIST_figures/local5_sketch50_iid1_test_acc-eps-conver
ted-to.pdf  used on input line 806.
(pdftex.def)             Requested size: 151.76744pt x 113.82515pt.


LaTeX Warning: Reference `fig:MNIST-iid1' on page 17 undefined on input line 81
2.


LaTeX Warning: Reference `fig:MNIST-iid1' on page 17 undefined on input line 81
6.

[17

 <./MNIST_figures/local1_sketch20_iid1_train_loss-eps-converted-to.pdf> <./MNIS
T_figures/local2_sketch20_iid1_train_loss-eps-converted-to.pdf> <./MNIST_figure
s/local5_sketch20_iid1_train_loss-eps-converted-to.pdf> <./MNIST_figures/local1
_sketch20_iid1_test_acc-eps-converted-to.pdf> <./MNIST_figures/local2_sketch20_
iid1_test_acc-eps-converted-to.pdf> <./MNIST_figures/local5_sketch20_iid1_test_
acc-eps-converted-to.pdf> <./MNIST_figures/local1_sketch50_iid1_train_loss-eps-
converted-to.pdf> <./MNIST_figures/local2_sketch50_iid1_train_loss-eps-converte
d-to.pdf> <./MNIST_figures/local5_sketch50_iid1_train_loss-eps-converted-to.pdf
> <./MNIST_figures/local1_sketch50_iid1_test_acc-eps-converted-to.pdf> <./MNIST
_figures/local2_sketch50_iid1_test_acc-eps-converted-to.pdf> <./MNIST_figures/l
ocal5_sketch50_iid1_test_acc-eps-converted-to.pdf>]
Package epstopdf Info: Source file: <MNIST_figures/local1_sketch20_iid0_train_l
oss.eps>
(epstopdf)                    date: 2021-06-29 10:24:50
(epstopdf)                    size: 22510 bytes
(epstopdf)             Output file: <MNIST_figures/local1_sketch20_iid0_train_l
oss-eps-converted-to.pdf>
(epstopdf)                    date: 2021-06-29 10:24:50
(epstopdf)                    size: 10393 bytes
(epstopdf)             Command: <repstopdf --outfile=MNIST_figures/local1_sketc
h20_iid0_train_loss-eps-converted-to.pdf MNIST_figures/local1_sketch20_iid0_tra
in_loss.eps>
(epstopdf)             \includegraphics on input line 825.
Package epstopdf Info: Output file is already uptodate.
<MNIST_figures/local1_sketch20_iid0_train_loss-eps-converted-to.pdf, id=270, 42
1.575pt x 316.18124pt>
File: MNIST_figures/local1_sketch20_iid0_train_loss-eps-converted-to.pdf Graphi
c file (type pdf)
<use MNIST_figures/local1_sketch20_iid0_train_loss-eps-converted-to.pdf>
Package pdftex.def Info: MNIST_figures/local1_sketch20_iid0_train_loss-eps-conv
erted-to.pdf  used on input line 825.
(pdftex.def)             Requested size: 151.76744pt x 113.82515pt.
Package epstopdf Info: Source file: <MNIST_figures/local2_sketch20_iid0_train_l
oss.eps>
(epstopdf)                    date: 2021-06-29 10:24:50
(epstopdf)                    size: 21426 bytes
(epstopdf)             Output file: <MNIST_figures/local2_sketch20_iid0_train_l
oss-eps-converted-to.pdf>
(epstopdf)                    date: 2021-06-29 10:24:50
(epstopdf)                    size: 9954 bytes
(epstopdf)             Command: <repstopdf --outfile=MNIST_figures/local2_sketc
h20_iid0_train_loss-eps-converted-to.pdf MNIST_figures/local2_sketch20_iid0_tra
in_loss.eps>
(epstopdf)             \includegraphics on input line 825.
Package epstopdf Info: Output file is already uptodate.
<MNIST_figures/local2_sketch20_iid0_train_loss-eps-converted-to.pdf, id=271, 42
1.575pt x 316.18124pt>
File: MNIST_figures/local2_sketch20_iid0_train_loss-eps-converted-to.pdf Graphi
c file (type pdf)
<use MNIST_figures/local2_sketch20_iid0_train_loss-eps-converted-to.pdf>
Package pdftex.def Info: MNIST_figures/local2_sketch20_iid0_train_loss-eps-conv
erted-to.pdf  used on input line 825.
(pdftex.def)             Requested size: 151.76744pt x 113.82515pt.
Package epstopdf Info: Source file: <MNIST_figures/local5_sketch20_iid0_train_l
oss.eps>
(epstopdf)                    date: 2021-06-29 10:24:50
(epstopdf)                    size: 22444 bytes
(epstopdf)             Output file: <MNIST_figures/local5_sketch20_iid0_train_l
oss-eps-converted-to.pdf>
(epstopdf)                    date: 2021-06-29 10:24:50
(epstopdf)                    size: 10151 bytes
(epstopdf)             Command: <repstopdf --outfile=MNIST_figures/local5_sketc
h20_iid0_train_loss-eps-converted-to.pdf MNIST_figures/local5_sketch20_iid0_tra
in_loss.eps>
(epstopdf)             \includegraphics on input line 825.
Package epstopdf Info: Output file is already uptodate.
<MNIST_figures/local5_sketch20_iid0_train_loss-eps-converted-to.pdf, id=272, 42
1.575pt x 316.18124pt>
File: MNIST_figures/local5_sketch20_iid0_train_loss-eps-converted-to.pdf Graphi
c file (type pdf)
<use MNIST_figures/local5_sketch20_iid0_train_loss-eps-converted-to.pdf>
Package pdftex.def Info: MNIST_figures/local5_sketch20_iid0_train_loss-eps-conv
erted-to.pdf  used on input line 825.
(pdftex.def)             Requested size: 151.76744pt x 113.82515pt.
Package epstopdf Info: Source file: <MNIST_figures/local1_sketch20_iid0_test_ac
c.eps>
(epstopdf)                    date: 2021-06-29 10:24:50
(epstopdf)                    size: 82887 bytes
(epstopdf)             Output file: <MNIST_figures/local1_sketch20_iid0_test_ac
c-eps-converted-to.pdf>
(epstopdf)                    date: 2021-06-29 10:24:50
(epstopdf)                    size: 79622 bytes
(epstopdf)             Command: <repstopdf --outfile=MNIST_figures/local1_sketc
h20_iid0_test_acc-eps-converted-to.pdf MNIST_figures/local1_sketch20_iid0_test_
acc.eps>
(epstopdf)             \includegraphics on input line 830.
Package epstopdf Info: Output file is already uptodate.
<MNIST_figures/local1_sketch20_iid0_test_acc-eps-converted-to.pdf, id=273, 421.
575pt x 316.18124pt>
File: MNIST_figures/local1_sketch20_iid0_test_acc-eps-converted-to.pdf Graphic 
file (type pdf)
<use MNIST_figures/local1_sketch20_iid0_test_acc-eps-converted-to.pdf>
Package pdftex.def Info: MNIST_figures/local1_sketch20_iid0_test_acc-eps-conver
ted-to.pdf  used on input line 830.
(pdftex.def)             Requested size: 151.76744pt x 113.82515pt.
Package epstopdf Info: Source file: <MNIST_figures/local2_sketch20_iid0_test_ac
c.eps>
(epstopdf)                    date: 2021-06-29 10:24:50
(epstopdf)                    size: 70984 bytes
(epstopdf)             Output file: <MNIST_figures/local2_sketch20_iid0_test_ac
c-eps-converted-to.pdf>
(epstopdf)                    date: 2021-06-29 10:24:50
(epstopdf)                    size: 68247 bytes
(epstopdf)             Command: <repstopdf --outfile=MNIST_figures/local2_sketc
h20_iid0_test_acc-eps-converted-to.pdf MNIST_figures/local2_sketch20_iid0_test_
acc.eps>
(epstopdf)             \includegraphics on input line 830.
Package epstopdf Info: Output file is already uptodate.
<MNIST_figures/local2_sketch20_iid0_test_acc-eps-converted-to.pdf, id=274, 421.
575pt x 316.18124pt>
File: MNIST_figures/local2_sketch20_iid0_test_acc-eps-converted-to.pdf Graphic 
file (type pdf)
<use MNIST_figures/local2_sketch20_iid0_test_acc-eps-converted-to.pdf>
Package pdftex.def Info: MNIST_figures/local2_sketch20_iid0_test_acc-eps-conver
ted-to.pdf  used on input line 830.
(pdftex.def)             Requested size: 151.76744pt x 113.82515pt.
Package epstopdf Info: Source file: <MNIST_figures/local5_sketch20_iid0_test_ac
c.eps>
(epstopdf)                    date: 2021-06-29 10:24:50
(epstopdf)                    size: 74131 bytes
(epstopdf)             Output file: <MNIST_figures/local5_sketch20_iid0_test_ac
c-eps-converted-to.pdf>
(epstopdf)                    date: 2021-06-29 10:24:50
(epstopdf)                    size: 71241 bytes
(epstopdf)             Command: <repstopdf --outfile=MNIST_figures/local5_sketc
h20_iid0_test_acc-eps-converted-to.pdf MNIST_figures/local5_sketch20_iid0_test_
acc.eps>
(epstopdf)             \includegraphics on input line 830.
Package epstopdf Info: Output file is already uptodate.
<MNIST_figures/local5_sketch20_iid0_test_acc-eps-converted-to.pdf, id=275, 421.
575pt x 316.18124pt>
File: MNIST_figures/local5_sketch20_iid0_test_acc-eps-converted-to.pdf Graphic 
file (type pdf)
<use MNIST_figures/local5_sketch20_iid0_test_acc-eps-converted-to.pdf>
Package pdftex.def Info: MNIST_figures/local5_sketch20_iid0_test_acc-eps-conver
ted-to.pdf  used on input line 830.
(pdftex.def)             Requested size: 151.76744pt x 113.82515pt.
Package epstopdf Info: Source file: <MNIST_figures/local1_sketch50_iid0_train_l
oss.eps>
(epstopdf)                    date: 2021-06-29 10:24:50
(epstopdf)                    size: 22856 bytes
(epstopdf)             Output file: <MNIST_figures/local1_sketch50_iid0_train_l
oss-eps-converted-to.pdf>
(epstopdf)                    date: 2021-06-29 10:24:50
(epstopdf)                    size: 10404 bytes
(epstopdf)             Command: <repstopdf --outfile=MNIST_figures/local1_sketc
h50_iid0_train_loss-eps-converted-to.pdf MNIST_figures/local1_sketch50_iid0_tra
in_loss.eps>
(epstopdf)             \includegraphics on input line 834.
Package epstopdf Info: Output file is already uptodate.
<MNIST_figures/local1_sketch50_iid0_train_loss-eps-converted-to.pdf, id=276, 42
1.575pt x 316.18124pt>
File: MNIST_figures/local1_sketch50_iid0_train_loss-eps-converted-to.pdf Graphi
c file (type pdf)
<use MNIST_figures/local1_sketch50_iid0_train_loss-eps-converted-to.pdf>
Package pdftex.def Info: MNIST_figures/local1_sketch50_iid0_train_loss-eps-conv
erted-to.pdf  used on input line 834.
(pdftex.def)             Requested size: 151.76744pt x 113.82515pt.
Package epstopdf Info: Source file: <MNIST_figures/local2_sketch50_iid0_train_l
oss.eps>
(epstopdf)                    date: 2021-06-29 10:24:50
(epstopdf)                    size: 21437 bytes
(epstopdf)             Output file: <MNIST_figures/local2_sketch50_iid0_train_l
oss-eps-converted-to.pdf>
(epstopdf)                    date: 2021-06-29 10:24:50
(epstopdf)                    size: 9993 bytes
(epstopdf)             Command: <repstopdf --outfile=MNIST_figures/local2_sketc
h50_iid0_train_loss-eps-converted-to.pdf MNIST_figures/local2_sketch50_iid0_tra
in_loss.eps>
(epstopdf)             \includegraphics on input line 834.
Package epstopdf Info: Output file is already uptodate.
<MNIST_figures/local2_sketch50_iid0_train_loss-eps-converted-to.pdf, id=277, 42
1.575pt x 316.18124pt>
File: MNIST_figures/local2_sketch50_iid0_train_loss-eps-converted-to.pdf Graphi
c file (type pdf)
<use MNIST_figures/local2_sketch50_iid0_train_loss-eps-converted-to.pdf>
Package pdftex.def Info: MNIST_figures/local2_sketch50_iid0_train_loss-eps-conv
erted-to.pdf  used on input line 834.
(pdftex.def)             Requested size: 151.76744pt x 113.82515pt.
Package epstopdf Info: Source file: <MNIST_figures/local5_sketch50_iid0_train_l
oss.eps>
(epstopdf)                    date: 2021-06-29 10:24:50
(epstopdf)                    size: 22457 bytes
(epstopdf)             Output file: <MNIST_figures/local5_sketch50_iid0_train_l
oss-eps-converted-to.pdf>
(epstopdf)                    date: 2021-06-29 10:24:50
(epstopdf)                    size: 10028 bytes
(epstopdf)             Command: <repstopdf --outfile=MNIST_figures/local5_sketc
h50_iid0_train_loss-eps-converted-to.pdf MNIST_figures/local5_sketch50_iid0_tra
in_loss.eps>
(epstopdf)             \includegraphics on input line 834.
Package epstopdf Info: Output file is already uptodate.
<MNIST_figures/local5_sketch50_iid0_train_loss-eps-converted-to.pdf, id=278, 42
1.575pt x 316.18124pt>
File: MNIST_figures/local5_sketch50_iid0_train_loss-eps-converted-to.pdf Graphi
c file (type pdf)
<use MNIST_figures/local5_sketch50_iid0_train_loss-eps-converted-to.pdf>
Package pdftex.def Info: MNIST_figures/local5_sketch50_iid0_train_loss-eps-conv
erted-to.pdf  used on input line 834.
(pdftex.def)             Requested size: 151.76744pt x 113.82515pt.
Package epstopdf Info: Source file: <MNIST_figures/local1_sketch50_iid0_test_ac
c.eps>
(epstopdf)                    date: 2021-06-29 10:24:50
(epstopdf)                    size: 79875 bytes
(epstopdf)             Output file: <MNIST_figures/local1_sketch50_iid0_test_ac
c-eps-converted-to.pdf>
(epstopdf)                    date: 2021-06-29 10:24:50
(epstopdf)                    size: 77194 bytes
(epstopdf)             Command: <repstopdf --outfile=MNIST_figures/local1_sketc
h50_iid0_test_acc-eps-converted-to.pdf MNIST_figures/local1_sketch50_iid0_test_
acc.eps>
(epstopdf)             \includegraphics on input line 839.
Package epstopdf Info: Output file is already uptodate.
<MNIST_figures/local1_sketch50_iid0_test_acc-eps-converted-to.pdf, id=279, 421.
575pt x 316.18124pt>
File: MNIST_figures/local1_sketch50_iid0_test_acc-eps-converted-to.pdf Graphic 
file (type pdf)
<use MNIST_figures/local1_sketch50_iid0_test_acc-eps-converted-to.pdf>
Package pdftex.def Info: MNIST_figures/local1_sketch50_iid0_test_acc-eps-conver
ted-to.pdf  used on input line 839.
(pdftex.def)             Requested size: 151.76744pt x 113.82515pt.
Package epstopdf Info: Source file: <MNIST_figures/local2_sketch50_iid0_test_ac
c.eps>
(epstopdf)                    date: 2021-06-29 10:24:50
(epstopdf)                    size: 69958 bytes
(epstopdf)             Output file: <MNIST_figures/local2_sketch50_iid0_test_ac
c-eps-converted-to.pdf>
(epstopdf)                    date: 2021-06-29 10:24:50
(epstopdf)                    size: 67325 bytes
(epstopdf)             Command: <repstopdf --outfile=MNIST_figures/local2_sketc
h50_iid0_test_acc-eps-converted-to.pdf MNIST_figures/local2_sketch50_iid0_test_
acc.eps>
(epstopdf)             \includegraphics on input line 839.
Package epstopdf Info: Output file is already uptodate.
<MNIST_figures/local2_sketch50_iid0_test_acc-eps-converted-to.pdf, id=280, 421.
575pt x 316.18124pt>
File: MNIST_figures/local2_sketch50_iid0_test_acc-eps-converted-to.pdf Graphic 
file (type pdf)
<use MNIST_figures/local2_sketch50_iid0_test_acc-eps-converted-to.pdf>
Package pdftex.def Info: MNIST_figures/local2_sketch50_iid0_test_acc-eps-conver
ted-to.pdf  used on input line 839.
(pdftex.def)             Requested size: 151.76744pt x 113.82515pt.
Package epstopdf Info: Source file: <MNIST_figures/local5_sketch50_iid0_test_ac
c.eps>
(epstopdf)                    date: 2021-06-29 10:24:50
(epstopdf)                    size: 70617 bytes
(epstopdf)             Output file: <MNIST_figures/local5_sketch50_iid0_test_ac
c-eps-converted-to.pdf>
(epstopdf)                    date: 2021-06-29 10:24:50
(epstopdf)                    size: 68422 bytes
(epstopdf)             Command: <repstopdf --outfile=MNIST_figures/local5_sketc
h50_iid0_test_acc-eps-converted-to.pdf MNIST_figures/local5_sketch50_iid0_test_
acc.eps>
(epstopdf)             \includegraphics on input line 839.
Package epstopdf Info: Output file is already uptodate.
<MNIST_figures/local5_sketch50_iid0_test_acc-eps-converted-to.pdf, id=281, 421.
575pt x 316.18124pt>
File: MNIST_figures/local5_sketch50_iid0_test_acc-eps-converted-to.pdf Graphic 
file (type pdf)
<use MNIST_figures/local5_sketch50_iid0_test_acc-eps-converted-to.pdf>
Package pdftex.def Info: MNIST_figures/local5_sketch50_iid0_test_acc-eps-conver
ted-to.pdf  used on input line 839.
(pdftex.def)             Requested size: 151.76744pt x 113.82515pt.


LaTeX Warning: Reference `fig:MNIST-iid0' on page 18 undefined on input line 84
6.


LaTeX Warning: Reference `Alg:PFLHet' on page 18 undefined on input line 847.


LaTeX Warning: Citation `mcmahan2016communication' on page 18 undefined on inpu
t line 847.


LaTeX Warning: Citation `chen2020toward' on page 18 undefined on input line 847
.

[18 <./MNIST_figures/local1_sketch20_iid0_train_loss-eps-converted-to.pdf> <./M
NIST_figures/local2_sketch20_iid0_train_loss-eps-converted-to.pdf> <./MNIST_fig
ures/local5_sketch20_iid0_train_loss-eps-converted-to.pdf> <./MNIST_figures/loc
al1_sketch20_iid0_test_acc-eps-converted-to.pdf> <./MNIST_figures/local2_sketch
20_iid0_test_acc-eps-converted-to.pdf> <./MNIST_figures/local5_sketch20_iid0_te
st_acc-eps-converted-to.pdf> <./MNIST_figures/local1_sketch50_iid0_train_loss-e
ps-converted-to.pdf> <./MNIST_figures/local2_sketch50_iid0_train_loss-eps-conve
rted-to.pdf> <./MNIST_figures/local5_sketch50_iid0_train_loss-eps-converted-to.
pdf> <./MNIST_figures/local1_sketch50_iid0_test_acc-eps-converted-to.pdf> <./MN
IST_figures/local2_sketch50_iid0_test_acc-eps-converted-to.pdf> <./MNIST_figure
s/local5_sketch50_iid0_test_acc-eps-converted-to.pdf>]

LaTeX Warning: Reference `fig:MNIST-iid0' on page 19 undefined on input line 84
9.


LaTeX Warning: Citation `ivkin2019communication' on page 19 undefined on input 
line 851.

No file main.bbl.
[19]
Underfull \hbox (badness 10000) in paragraph at lines 873--874

 []


LaTeX Warning: Citation `li2019convergence' on page 20 undefined on input line 
877.


LaTeX Warning: Citation `haddadpour2019convergence' on page 20 undefined on inp
ut line 877.


LaTeX Warning: Citation `li2019convergence' on page 20 undefined on input line 
878.


LaTeX Warning: Citation `haddadpour2019convergence' on page 20 undefined on inp
ut line 878.


./main.tex:880: Package inputenc Error: Invalid UTF-8 byte sequence.

See the inputenc package documentation for explanation.
Type  H <return>  for immediate help.
 ...                                              
                                                  
l.880 ...1,\ldots, i_K\} \subset[p]$ (some $i_j$s
                                                   may have the same value)....

? 

LaTeX Warning: Reference `Alg:PFLHom' on page 20 undefined on input line 893.


LaTeX Warning: Reference `Assu:1.5' on page 20 undefined on input line 898.

Missing character: There is no  in font cmr8!
Missing character: There is no  in font cmr8!
Missing character: There is no  in font cmr8!
Missing character: There is no  in font cmr8!
[20]

LaTeX Warning: Reference `Assu:2' on page 21 undefined on input line 928.

[21]

LaTeX Warning: Reference `Assu:1.5' on page 22 undefined on input line 941.


LaTeX Warning: Reference `eq:lemma111' on page 22 undefined on input line 943.


LaTeX Warning: Reference `eq:100000' on page 22 undefined on input line 943.


LaTeX Warning: Reference `eq:lemma112' on page 22 undefined on input line 953.


LaTeX Warning: Reference `Assu:1' on page 22 undefined on input line 962.

[22]

LaTeX Warning: Reference `Assu:1' on page 23 undefined on input line 981.


LaTeX Warning: Reference `Assu:1.5' on page 23 undefined on input line 988.


LaTeX Warning: Reference `Assu:1.5' on page 23 undefined on input line 1008.


LaTeX Warning: Reference `Assu:1' on page 23 undefined on input line 1014.


LaTeX Warning: Reference `Assu:1.5' on page 23 undefined on input line 1014.

[23]

LaTeX Warning: Reference `thm:lsgwd-lr' on page 24 undefined on input line 1028
.


LaTeX Warning: Reference `Alg:PFLHom' on page 24 undefined on input line 1033.


LaTeX Warning: Reference `eq:decent-smoothe' on page 24 undefined on input line
 1054.


LaTeX Warning: Reference `lemma:tasbih1-iid' on page 24 undefined on input line
 1064.


LaTeX Warning: Reference `lemma:cross-inner-bound-unbiased' on page 24 undefine
d on input line 1064.


LaTeX Warning: Reference `lemma:dif-under-pl-sgd-iid' on page 24 undefined on i
nput line 1064.


LaTeX Warning: Reference `eq:Lipschitz-c-gd' on page 24 undefined on input line
 1064.

[24]

LaTeX Warning: Reference `eq:thm1-result' on page 25 undefined on input line 10
88.


LaTeX Warning: Reference `eq:convg-error' on page 25 undefined on input line 10
92.


LaTeX Warning: Reference `eq:convg-error' on page 25 undefined on input line 10
92.


LaTeX Warning: Reference `eq:cnd-thm4.3' on page 25 undefined on input line 109
7.

[25]

LaTeX Warning: Reference `eq:lrcnd' on page 26 undefined on input line 1104.


LaTeX Warning: Reference `eq:lrbnd-homog' on page 26 undefined on input line 11
13.


LaTeX Warning: Reference `eq:thm1-result' on page 26 undefined on input line 11
19.


LaTeX Warning: Citation `wang2018cooperative' on page 26 undefined on input lin
e 1123.


LaTeX Warning: Citation `wang2018cooperative' on page 26 undefined on input lin
e 1127.


LaTeX Warning: Reference `Assu:1' on page 26 undefined on input line 1136.


LaTeX Warning: Reference `Assu:1.5' on page 26 undefined on input line 1136.


LaTeX Warning: Reference `assum:pl' on page 26 undefined on input line 1136.


LaTeX Warning: Reference `eq:finalll' on page 26 undefined on input line 1150.

[26]

LaTeX Warning: Reference `thm:pl-iid' on page 27 undefined on input line 1174.

[27]

LaTeX Warning: Reference `Assu:1' on page 28 undefined on input line 1191.


LaTeX Warning: Reference `Assu:1.5' on page 28 undefined on input line 1191.


LaTeX Warning: Reference `thm:pl-iid' on page 28 undefined on input line 1206.


LaTeX Warning: Reference `eq:mid-cvx' on page 28 undefined on input line 1212.

[28]

LaTeX Warning: Reference `thm:homog_case' on page 29 undefined on input line 12
34.


LaTeX Warning: Citation `haddadpour2020federated' on page 29 undefined on input
 line 1234.


LaTeX Warning: Citation `haddadpour2020federated' on page 29 undefined on input
 line 1236.


LaTeX Warning: Reference `thm:homog_case' on page 29 undefined on input line 12
41.


LaTeX Warning: Reference `Assu:quant' on page 29 undefined on input line 1242.


LaTeX Warning: Citation `haddadpour2020federated' on page 29 undefined on input
 line 1243.


LaTeX Warning: Citation `haddadpour2020federated' on page 29 undefined on input
 line 1244.


LaTeX Warning: Reference `Assu:1' on page 29 undefined on input line 1244.


LaTeX Warning: Reference `Assu:1.5' on page 29 undefined on input line 1244.


LaTeX Warning: Reference `Assu:quant' on page 29 undefined on input line 1244.


LaTeX Warning: Reference `Assu:quant' on page 29 undefined on input line 1257.


LaTeX Warning: Reference `thm:homog_case' on page 29 undefined on input line 12
57.


LaTeX Warning: Reference `thm:fromhaddad' on page 29 undefined on input line 12
57.


LaTeX Warning: Reference `thm:hetreg_case' on page 29 undefined on input line 1
261.


LaTeX Warning: Citation `haddadpour2020federated' on page 29 undefined on input
 line 1262.


LaTeX Warning: Citation `haddadpour2020federated' on page 29 undefined on input
 line 1264.

[29]

LaTeX Warning: Citation `haddadpour2020federated' on page 30 undefined on input
 line 1272.


LaTeX Warning: Citation `haddadpour2020federated' on page 30 undefined on input
 line 1275.


LaTeX Warning: Reference `Assu:1' on page 30 undefined on input line 1275.


LaTeX Warning: Reference `Assu:2' on page 30 undefined on input line 1275.


LaTeX Warning: Reference `Assu:quant' on page 30 undefined on input line 1275.


LaTeX Warning: Reference `assum:009' on page 30 undefined on input line 1275.


LaTeX Warning: Reference `Assu:quant' on page 30 undefined on input line 1288.


LaTeX Warning: Reference `thm:hetreg_case' on page 30 undefined on input line 1
288.


LaTeX Warning: Reference `thm:fromhaddad-het' on page 30 undefined on input lin
e 1288.

Package atveryend Info: Empty hook `BeforeClearDocument' on input line 1297.
[30]
Package atveryend Info: Empty hook `AfterLastShipout' on input line 1297.
 (./main.aux)
Package atveryend Info: Executing hook `AtVeryEndDocument' on input line 1297.
Package atveryend Info: Executing hook `AtEndAfterFileList' on input line 1297.



Package rerunfilecheck Warning: File `main.out' has changed.
(rerunfilecheck)                Rerun to get outlines right
(rerunfilecheck)                or use package `bookmark'.

Package rerunfilecheck Info: Checksums for `main.out':
(rerunfilecheck)             Before: <no file>
(rerunfilecheck)             After:  0B88349469BFE52DFCB7C991A0C041E4;1883.

LaTeX Warning: There were undefined references.


LaTeX Warning: Label(s) may have changed. Rerun to get cross-references right.

Package atveryend Info: Empty hook `AtVeryVeryEnd' on input line 1297.
 ) 
Here is how much of TeX's memory you used:
 9554 strings out of 492649
 148395 string characters out of 6129622
 277077 words of memory out of 5000000
 13131 multiletter control sequences out of 15000+600000
 21865 words of font info for 82 fonts, out of 8000000 for 9000
 1141 hyphenation exceptions out of 8191
 36i,27n,39p,3176b,533s stack positions out of 5000i,500n,10000p,200000b,80000s
</usr/local/texlive/2018/texmf-dist/fonts/type1/public/amsfonts/cm/cmbsy10.pf
b></usr/local/texlive/2018/texmf-dist/fonts/type1/public/amsfonts/cmextra/cmbsy
6.pfb></usr/local/texlive/2018/texmf-dist/fonts/type1/public/amsfonts/cmextra/c
mbsy8.pfb></usr/local/texlive/2018/texmf-dist/fonts/type1/public/amsfonts/cm/cm
bx10.pfb></usr/local/texlive/2018/texmf-dist/fonts/type1/public/amsfonts/cm/cmb
x12.pfb></usr/local/texlive/2018/texmf-dist/fonts/type1/public/amsfonts/cm/cmbx
6.pfb></usr/local/texlive/2018/texmf-dist/fonts/type1/public/amsfonts/cm/cmbx8.
pfb></usr/local/texlive/2018/texmf-dist/fonts/type1/public/amsfonts/cm/cmbx9.pf
b></usr/local/texlive/2018/texmf-dist/fonts/type1/public/amsfonts/cm/cmbxti10.p
fb></usr/local/texlive/2018/texmf-dist/fonts/type1/public/amsfonts/cm/cmex10.pf
b></usr/local/texlive/2018/texmf-dist/fonts/type1/public/amsfonts/cmextra/cmex8
.pfb></usr/local/texlive/2018/texmf-dist/fonts/type1/public/amsfonts/cm/cmitt10
.pfb></usr/local/texlive/2018/texmf-dist/fonts/type1/public/amsfonts/cm/cmmi10.
pfb></usr/local/texlive/2018/texmf-dist/fonts/type1/public/amsfonts/cm/cmmi6.pf
b></usr/local/texlive/2018/texmf-dist/fonts/type1/public/amsfonts/cm/cmmi8.pfb>
</usr/local/texlive/2018/texmf-dist/fonts/type1/public/amsfonts/cm/cmmi9.pfb></
usr/local/texlive/2018/texmf-dist/fonts/type1/public/amsfonts/cm/cmmib10.pfb></
usr/local/texlive/2018/texmf-dist/fonts/type1/public/amsfonts/cmextra/cmmib6.pf
b></usr/local/texlive/2018/texmf-dist/fonts/type1/public/amsfonts/cmextra/cmmib
8.pfb></usr/local/texlive/2018/texmf-dist/fonts/type1/public/amsfonts/cm/cmr10.
pfb></usr/local/texlive/2018/texmf-dist/fonts/type1/public/amsfonts/cm/cmr12.pf
b></usr/local/texlive/2018/texmf-dist/fonts/type1/public/amsfonts/cm/cmr17.pfb>
</usr/local/texlive/2018/texmf-dist/fonts/type1/public/amsfonts/cm/cmr6.pfb></u
sr/local/texlive/2018/texmf-dist/fonts/type1/public/amsfonts/cm/cmr8.pfb></usr/
local/texlive/2018/texmf-dist/fonts/type1/public/amsfonts/cm/cmr9.pfb></usr/loc
al/texlive/2018/texmf-dist/fonts/type1/public/amsfonts/cm/cmsy10.pfb></usr/loca
l/texlive/2018/texmf-dist/fonts/type1/public/amsfonts/cm/cmsy6.pfb></usr/local/
texlive/2018/texmf-dist/fonts/type1/public/amsfonts/cm/cmsy8.pfb></usr/local/te
xlive/2018/texmf-dist/fonts/type1/public/amsfonts/cm/cmti10.pfb></usr/local/tex
live/2018/texmf-dist/fonts/type1/public/amsfonts/cm/cmtt10.pfb></usr/local/texl
ive/2018/texmf-dist/fonts/type1/public/amsfonts/cm/cmtt12.pfb></usr/local/texli
ve/2018/texmf-dist/fonts/type1/public/amsfonts/symbols/msam10.pfb></usr/local/t
exlive/2018/texmf-dist/fonts/type1/public/amsfonts/symbols/msbm10.pfb></usr/loc
al/texlive/2018/texmf-dist/fonts/type1/urw/zapfding/uzdr.pfb>
Output written on main.pdf (30 pages, 1113548 bytes).
PDF statistics:
 608 PDF objects out of 1000 (max. 8388607)
 451 compressed objects within 5 object streams
 136 named destinations out of 1000 (max. 500000)
 121 words of extra memory for PDF output out of 10000 (max. 10000000)

