\BOOKMARK [1][-]{section.1}{Introduction}{}% 1
\BOOKMARK [1][-]{section.2}{Preliminaries}{}% 2
\BOOKMARK [1][-]{section.3}{Variational Flow Graphical Model}{}% 3
\BOOKMARK [2][-]{figure.caption.2}{Evidence Lower Bound of Variational Flow Graphical Models}{section.3}% 4
\BOOKMARK [2][-]{subsection.3.2}{ELBO Calculation}{section.3}% 5
\BOOKMARK [2][-]{subsection.3.3}{ Aggregation Nodes}{section.3}% 6
\BOOKMARK [1][-]{section.4}{Algorithms and Implementation}{}% 7
\BOOKMARK [2][-]{subsection.4.1}{Layer-wise Training}{section.4}% 8
\BOOKMARK [1][-]{section.5}{Inference on VFG Models }{}% 9
\BOOKMARK [1][-]{section.6}{Numerical Experiments}{}% 10
\BOOKMARK [2][-]{subsection.6.1}{Evaluation on Inference with Missing Entries Imputation}{section.6}% 11
\BOOKMARK [2][-]{subsection.6.2}{ELBO and Likelihood}{section.6}% 12
\BOOKMARK [2][-]{subsection.6.3}{Latent Representation Learning on MNIST}{section.6}% 13
\BOOKMARK [1][-]{section.7}{Discussion}{}% 14
\BOOKMARK [2][-]{subsection.7.1}{Benefits of Encoder-decoder Parameter Sharing}{section.7}% 15
\BOOKMARK [2][-]{subsection.7.2}{Structures of VFGs}{section.7}% 16
\BOOKMARK [1][-]{section.8}{Conclusion}{}% 17
\BOOKMARK [1][-]{appendix.A}{Additional Results}{}% 18
\BOOKMARK [2][-]{subsection.A.1}{California Housing Dataset}{appendix.A}% 19
\BOOKMARK [1][-]{appendix.B}{ELBO Calculation}{}% 20
\BOOKMARK [2][-]{subsection.B.1}{Distributions of Latent Variables}{appendix.B}% 21
\BOOKMARK [3][-]{subsubsection.B.1.1}{Generative Model}{subsection.B.1}% 22
\BOOKMARK [3][-]{subsubsection.B.1.2}{Recognition Model}{subsection.B.1}% 23
\BOOKMARK [2][-]{subsection.B.2}{KL Term}{appendix.B}% 24
\BOOKMARK [2][-]{subsection.B.3}{Reconstruction Term}{appendix.B}% 25
\BOOKMARK [1][-]{appendix.C}{Additional Details on Algorithm}{}% 26
\BOOKMARK [1][-]{appendix.D}{Aggregation Node}{}% 27
\BOOKMARK [1][-]{appendix.E}{Derivation of the ELBOs for Trees and DAGs }{}% 28
\BOOKMARK [2][-]{subsection.E.1}{ELBO of Tree Models}{appendix.E}% 29
\BOOKMARK [2][-]{subsection.E.2}{Improve ELBO Estimation with Flows}{appendix.E}% 30
\BOOKMARK [2][-]{subsection.E.3}{ELBO of DAG Models}{appendix.E}% 31
