This is pdfTeX, Version 3.14159265-2.6-1.40.19 (TeX Live 2018) (preloaded format=pdflatex 2018.7.23)  13 FEB 2021 19:02
entering extended mode
 restricted \write18 enabled.
 file:line:error style messages enabled.
 %&-line parsing enabled.
**main.tex
(./main.tex
LaTeX2e <2018-04-01> patch level 2
Babel <3.18> and hyphenation patterns for 84 language(s) loaded.
(/usr/local/texlive/2018/texmf-dist/tex/latex/base/article.cls
Document Class: article 2014/09/29 v1.4h Standard LaTeX document class
(/usr/local/texlive/2018/texmf-dist/tex/latex/base/size10.clo
File: size10.clo 2014/09/29 v1.4h Standard LaTeX file (size option)
)
\c@part=\count80
\c@section=\count81
\c@subsection=\count82
\c@subsubsection=\count83
\c@paragraph=\count84
\c@subparagraph=\count85
\c@figure=\count86
\c@table=\count87
\abovecaptionskip=\skip41
\belowcaptionskip=\skip42
\bibindent=\dimen102
)
(/usr/local/texlive/2018/texmf-dist/tex/latex/hyperref/hyperref.sty
Package: hyperref 2018/02/06 v6.86b Hypertext links for LaTeX

(/usr/local/texlive/2018/texmf-dist/tex/generic/oberdiek/hobsub-hyperref.sty
Package: hobsub-hyperref 2016/05/16 v1.14 Bundle oberdiek, subset hyperref (HO)


(/usr/local/texlive/2018/texmf-dist/tex/generic/oberdiek/hobsub-generic.sty
Package: hobsub-generic 2016/05/16 v1.14 Bundle oberdiek, subset generic (HO)
Package: hobsub 2016/05/16 v1.14 Construct package bundles (HO)
Package: infwarerr 2016/05/16 v1.4 Providing info/warning/error messages (HO)
Package: ltxcmds 2016/05/16 v1.23 LaTeX kernel commands for general use (HO)
Package: ifluatex 2016/05/16 v1.4 Provides the ifluatex switch (HO)
Package ifluatex Info: LuaTeX not detected.
Package: ifvtex 2016/05/16 v1.6 Detect VTeX and its facilities (HO)
Package ifvtex Info: VTeX not detected.
Package: intcalc 2016/05/16 v1.2 Expandable calculations with integers (HO)
Package: ifpdf 2017/03/15 v3.2 Provides the ifpdf switch
Package: etexcmds 2016/05/16 v1.6 Avoid name clashes with e-TeX commands (HO)
Package etexcmds Info: Could not find \expanded.
(etexcmds)             That can mean that you are not using pdfTeX 1.50 or
(etexcmds)             that some package has redefined \expanded.
(etexcmds)             In the latter case, load this package earlier.
Package: kvsetkeys 2016/05/16 v1.17 Key value parser (HO)
Package: kvdefinekeys 2016/05/16 v1.4 Define keys (HO)
Package: pdftexcmds 2018/01/30 v0.27 Utility functions of pdfTeX for LuaTeX (HO
)
Package pdftexcmds Info: LuaTeX not detected.
Package pdftexcmds Info: \pdf@primitive is available.
Package pdftexcmds Info: \pdf@ifprimitive is available.
Package pdftexcmds Info: \pdfdraftmode found.
Package: pdfescape 2016/05/16 v1.14 Implements pdfTeX's escape features (HO)
Package: bigintcalc 2016/05/16 v1.4 Expandable calculations on big integers (HO
)
Package: bitset 2016/05/16 v1.2 Handle bit-vector datatype (HO)
Package: uniquecounter 2016/05/16 v1.3 Provide unlimited unique counter (HO)
)
Package hobsub Info: Skipping package `hobsub' (already loaded).
Package: letltxmacro 2016/05/16 v1.5 Let assignment for LaTeX macros (HO)
Package: hopatch 2016/05/16 v1.3 Wrapper for package hooks (HO)
Package: xcolor-patch 2016/05/16 xcolor patch
Package: atveryend 2016/05/16 v1.9 Hooks at the very end of document (HO)
Package atveryend Info: \enddocument detected (standard20110627).
Package: atbegshi 2016/06/09 v1.18 At begin shipout hook (HO)
Package: refcount 2016/05/16 v3.5 Data extraction from label references (HO)
Package: hycolor 2016/05/16 v1.8 Color options for hyperref/bookmark (HO)
)
(/usr/local/texlive/2018/texmf-dist/tex/latex/graphics/keyval.sty
Package: keyval 2014/10/28 v1.15 key=value parser (DPC)
\KV@toks@=\toks14
)
(/usr/local/texlive/2018/texmf-dist/tex/generic/ifxetex/ifxetex.sty
Package: ifxetex 2010/09/12 v0.6 Provides ifxetex conditional
)
(/usr/local/texlive/2018/texmf-dist/tex/latex/oberdiek/auxhook.sty
Package: auxhook 2016/05/16 v1.4 Hooks for auxiliary files (HO)
)
(/usr/local/texlive/2018/texmf-dist/tex/latex/oberdiek/kvoptions.sty
Package: kvoptions 2016/05/16 v3.12 Key value format for package options (HO)
)
\@linkdim=\dimen103
\Hy@linkcounter=\count88
\Hy@pagecounter=\count89

(/usr/local/texlive/2018/texmf-dist/tex/latex/hyperref/pd1enc.def
File: pd1enc.def 2018/02/06 v6.86b Hyperref: PDFDocEncoding definition (HO)
Now handling font encoding PD1 ...
... no UTF-8 mapping file for font encoding PD1
)
\Hy@SavedSpaceFactor=\count90

(/usr/local/texlive/2018/texmf-dist/tex/latex/latexconfig/hyperref.cfg
File: hyperref.cfg 2002/06/06 v1.2 hyperref configuration of TeXLive
)
Package hyperref Info: Option `colorlinks' set `true' on input line 4383.
Package hyperref Info: Hyper figures OFF on input line 4509.
Package hyperref Info: Link nesting OFF on input line 4514.
Package hyperref Info: Hyper index ON on input line 4517.
Package hyperref Info: Plain pages OFF on input line 4524.
Package hyperref Info: Backreferencing OFF on input line 4529.
Package hyperref Info: Implicit mode ON; LaTeX internals redefined.
Package hyperref Info: Bookmarks ON on input line 4762.
\c@Hy@tempcnt=\count91

(/usr/local/texlive/2018/texmf-dist/tex/latex/url/url.sty
\Urlmuskip=\muskip10
Package: url 2013/09/16  ver 3.4  Verb mode for urls, etc.
)
LaTeX Info: Redefining \url on input line 5115.
\XeTeXLinkMargin=\dimen104
\Fld@menulength=\count92
\Field@Width=\dimen105
\Fld@charsize=\dimen106
Package hyperref Info: Hyper figures OFF on input line 6369.
Package hyperref Info: Link nesting OFF on input line 6374.
Package hyperref Info: Hyper index ON on input line 6377.
Package hyperref Info: backreferencing OFF on input line 6384.
Package hyperref Info: Link coloring ON on input line 6387.
Package hyperref Info: Link coloring with OCG OFF on input line 6394.
Package hyperref Info: PDF/A mode OFF on input line 6399.
LaTeX Info: Redefining \ref on input line 6439.
LaTeX Info: Redefining \pageref on input line 6443.
\Hy@abspage=\count93
\c@Item=\count94
\c@Hfootnote=\count95
)
Package hyperref Info: Driver (autodetected): hpdftex.

(/usr/local/texlive/2018/texmf-dist/tex/latex/hyperref/hpdftex.def
File: hpdftex.def 2018/02/06 v6.86b Hyperref driver for pdfTeX
\Fld@listcount=\count96
\c@bookmark@seq@number=\count97

(/usr/local/texlive/2018/texmf-dist/tex/latex/oberdiek/rerunfilecheck.sty
Package: rerunfilecheck 2016/05/16 v1.8 Rerun checks for auxiliary files (HO)
Package uniquecounter Info: New unique counter `rerunfilecheck' on input line 2
82.
)
\Hy@SectionHShift=\skip43
)
(./uai2020.sty
\titlebox=\skip44
)
(/usr/local/texlive/2018/texmf-dist/tex/latex/geometry/geometry.sty
Package: geometry 2018/03/24 v5.7 Page Geometry
\Gm@cnth=\count98
\Gm@cntv=\count99
\c@Gm@tempcnt=\count100
\Gm@bindingoffset=\dimen107
\Gm@wd@mp=\dimen108
\Gm@odd@mp=\dimen109
\Gm@even@mp=\dimen110
\Gm@layoutwidth=\dimen111
\Gm@layoutheight=\dimen112
\Gm@layouthoffset=\dimen113
\Gm@layoutvoffset=\dimen114
\Gm@dimlist=\toks15
)
(/usr/local/texlive/2018/texmf-dist/tex/latex/amsmath/amsmath.sty
Package: amsmath 2017/09/02 v2.17a AMS math features
\@mathmargin=\skip45

For additional information on amsmath, use the `?' option.
(/usr/local/texlive/2018/texmf-dist/tex/latex/amsmath/amstext.sty
Package: amstext 2000/06/29 v2.01 AMS text

(/usr/local/texlive/2018/texmf-dist/tex/latex/amsmath/amsgen.sty
File: amsgen.sty 1999/11/30 v2.0 generic functions
\@emptytoks=\toks16
\ex@=\dimen115
))
(/usr/local/texlive/2018/texmf-dist/tex/latex/amsmath/amsbsy.sty
Package: amsbsy 1999/11/29 v1.2d Bold Symbols
\pmbraise@=\dimen116
)
(/usr/local/texlive/2018/texmf-dist/tex/latex/amsmath/amsopn.sty
Package: amsopn 2016/03/08 v2.02 operator names
)
\inf@bad=\count101
LaTeX Info: Redefining \frac on input line 213.
\uproot@=\count102
\leftroot@=\count103
LaTeX Info: Redefining \overline on input line 375.
\classnum@=\count104
\DOTSCASE@=\count105
LaTeX Info: Redefining \ldots on input line 472.
LaTeX Info: Redefining \dots on input line 475.
LaTeX Info: Redefining \cdots on input line 596.
\Mathstrutbox@=\box26
\strutbox@=\box27
\big@size=\dimen117
LaTeX Font Info:    Redeclaring font encoding OML on input line 712.
LaTeX Font Info:    Redeclaring font encoding OMS on input line 713.
\macc@depth=\count106
\c@MaxMatrixCols=\count107
\dotsspace@=\muskip11
\c@parentequation=\count108
\dspbrk@lvl=\count109
\tag@help=\toks17
\row@=\count110
\column@=\count111
\maxfields@=\count112
\andhelp@=\toks18
\eqnshift@=\dimen118
\alignsep@=\dimen119
\tagshift@=\dimen120
\tagwidth@=\dimen121
\totwidth@=\dimen122
\lineht@=\dimen123
\@envbody=\toks19
\multlinegap=\skip46
\multlinetaggap=\skip47
\mathdisplay@stack=\toks20
LaTeX Info: Redefining \[ on input line 2817.
LaTeX Info: Redefining \] on input line 2818.
)
(/usr/local/texlive/2018/texmf-dist/tex/latex/lipsum/lipsum.sty
Package: lipsum 2014/07/27 v1.3 150 paragraphs of Lorem Ipsum dummy text
\c@lips@count=\count113
)
(/usr/local/texlive/2018/texmf-dist/tex/latex/mwe/mwe.sty
Package: mwe 2018/03/30 v0.5 Package to support minimal working examples (MWE)

(/usr/local/texlive/2018/texmf-dist/tex/latex/graphics/graphicx.sty
Package: graphicx 2017/06/01 v1.1a Enhanced LaTeX Graphics (DPC,SPQR)

(/usr/local/texlive/2018/texmf-dist/tex/latex/graphics/graphics.sty
Package: graphics 2017/06/25 v1.2c Standard LaTeX Graphics (DPC,SPQR)

(/usr/local/texlive/2018/texmf-dist/tex/latex/graphics/trig.sty
Package: trig 2016/01/03 v1.10 sin cos tan (DPC)
)
(/usr/local/texlive/2018/texmf-dist/tex/latex/graphics-cfg/graphics.cfg
File: graphics.cfg 2016/06/04 v1.11 sample graphics configuration
)
Package graphics Info: Driver file: pdftex.def on input line 99.

(/usr/local/texlive/2018/texmf-dist/tex/latex/graphics-def/pdftex.def
File: pdftex.def 2018/01/08 v1.0l Graphics/color driver for pdftex
))
\Gin@req@height=\dimen124
\Gin@req@width=\dimen125
)
(/usr/local/texlive/2018/texmf-dist/tex/latex/blindtext/blindtext.sty
Package: blindtext 2012/01/06 V2.0 blindtext-Package

(/usr/local/texlive/2018/texmf-dist/tex/latex/tools/xspace.sty
Package: xspace 2014/10/28 v1.13 Space after command names (DPC,MH)
)
\c@blindtext=\count114
\c@Blindtext=\count115
\c@blind@countparstart=\count116
\blind@countxx=\count117
\blindtext@numBlindtext=\count118
\blind@countyy=\count119
\c@blindlist=\count120
\c@blindlistlevel=\count121
\c@blindlist@level=\count122
\blind@listitem=\count123
\c@blind@listcount=\count124
\c@blind@levelcount=\count125
\blind@mathformula=\count126
\blind@Mathformula=\count127
\c@blind@randomcount=\count128
\c@blind@randommax=\count129
\c@blind@pangramcount=\count130
\c@blind@pangrammax=\count131
))
(/usr/local/texlive/2018/texmf-dist/tex/latex/amsfonts/amssymb.sty
Package: amssymb 2013/01/14 v3.01 AMS font symbols

(/usr/local/texlive/2018/texmf-dist/tex/latex/amsfonts/amsfonts.sty
Package: amsfonts 2013/01/14 v3.01 Basic AMSFonts support
\symAMSa=\mathgroup4
\symAMSb=\mathgroup5
LaTeX Font Info:    Overwriting math alphabet `\mathfrak' in version `bold'
(Font)                  U/euf/m/n --> U/euf/b/n on input line 106.
))
(/usr/local/texlive/2018/texmf-dist/tex/latex/adjustbox/adjustbox.sty
Package: adjustbox 2018/04/08 v1.1 Adjusting TeX boxes (trim, clip, ...)

(/usr/local/texlive/2018/texmf-dist/tex/latex/xkeyval/xkeyval.sty
Package: xkeyval 2014/12/03 v2.7a package option processing (HA)

(/usr/local/texlive/2018/texmf-dist/tex/generic/xkeyval/xkeyval.tex
(/usr/local/texlive/2018/texmf-dist/tex/generic/xkeyval/xkvutils.tex
\XKV@toks=\toks21
\XKV@tempa@toks=\toks22
)
\XKV@depth=\count132
File: xkeyval.tex 2014/12/03 v2.7a key=value parser (HA)
))
(/usr/local/texlive/2018/texmf-dist/tex/latex/adjustbox/adjcalc.sty
Package: adjcalc 2012/05/16 v1.1 Provides advanced setlength with multiple back
-ends (calc, etex, pgfmath)
)
(/usr/local/texlive/2018/texmf-dist/tex/latex/adjustbox/trimclip.sty
Package: trimclip 2018/04/08 v1.1 Trim and clip general TeX material

(/usr/local/texlive/2018/texmf-dist/tex/latex/collectbox/collectbox.sty
Package: collectbox 2012/05/17 v0.4b Collect macro arguments as boxes
\collectedbox=\box28
)
\tc@llx=\dimen126
\tc@lly=\dimen127
\tc@urx=\dimen128
\tc@ury=\dimen129
Package trimclip Info: Using driver 'tc-pdftex.def'.

(/usr/local/texlive/2018/texmf-dist/tex/latex/adjustbox/tc-pdftex.def
File: tc-pdftex.def 2018/04/08 v2.1 Clipping driver for pdftex
))
\adjbox@Width=\dimen130
\adjbox@Height=\dimen131
\adjbox@Depth=\dimen132
\adjbox@Totalheight=\dimen133
\adjbox@pwidth=\dimen134
\adjbox@pheight=\dimen135
\adjbox@pdepth=\dimen136
\adjbox@ptotalheight=\dimen137

(/usr/local/texlive/2018/texmf-dist/tex/latex/ifoddpage/ifoddpage.sty
Package: ifoddpage 2016/04/23 v1.1 Conditionals for odd/even page detection
\c@checkoddpage=\count133
)
(/usr/local/texlive/2018/texmf-dist/tex/latex/varwidth/varwidth.sty
Package: varwidth 2009/03/30 ver 0.92;  Variable-width minipages
\@vwid@box=\box29
\sift@deathcycles=\count134
\@vwid@loff=\dimen138
\@vwid@roff=\dimen139
))
(/usr/local/texlive/2018/texmf-dist/tex/latex/tools/bm.sty
Package: bm 2017/01/16 v1.2c Bold Symbol Support (DPC/FMi)
\symboldoperators=\mathgroup6
\symboldletters=\mathgroup7
\symboldsymbols=\mathgroup8
LaTeX Font Info:    Redeclaring math alphabet \mathbf on input line 141.
LaTeX Info: Redefining \bm on input line 207.
)
(/usr/local/texlive/2018/texmf-dist/tex/latex/jknapltx/mathrsfs.sty
Package: mathrsfs 1996/01/01 Math RSFS package v1.0 (jk)
\symrsfs=\mathgroup9
)
(/usr/local/texlive/2018/texmf-dist/tex/latex/amscls/amsthm.sty
Package: amsthm 2017/10/31 v2.20.4
\thm@style=\toks23
\thm@bodyfont=\toks24
\thm@headfont=\toks25
\thm@notefont=\toks26
\thm@headpunct=\toks27
\thm@preskip=\skip48
\thm@postskip=\skip49
\thm@headsep=\skip50
\dth@everypar=\toks28
)
(/usr/local/texlive/2018/texmf-dist/tex/latex/mathtools/mathtools.sty
Package: mathtools 2018/01/08 v1.21 mathematical typesetting tools

(/usr/local/texlive/2018/texmf-dist/tex/latex/tools/calc.sty
Package: calc 2017/05/25 v4.3 Infix arithmetic (KKT,FJ)
\calc@Acount=\count135
\calc@Bcount=\count136
\calc@Adimen=\dimen140
\calc@Bdimen=\dimen141
\calc@Askip=\skip51
\calc@Bskip=\skip52
LaTeX Info: Redefining \setlength on input line 80.
LaTeX Info: Redefining \addtolength on input line 81.
\calc@Ccount=\count137
\calc@Cskip=\skip53
)
(/usr/local/texlive/2018/texmf-dist/tex/latex/mathtools/mhsetup.sty
Package: mhsetup 2017/03/31 v1.3 programming setup (MH)
)
LaTeX Info: Thecontrolsequence`\('isalreadyrobust on input line 129.
LaTeX Info: Thecontrolsequence`\)'isalreadyrobust on input line 129.
LaTeX Info: Thecontrolsequence`\['isalreadyrobust on input line 129.
LaTeX Info: Thecontrolsequence`\]'isalreadyrobust on input line 129.
\g_MT_multlinerow_int=\count138
\l_MT_multwidth_dim=\dimen142
\origjot=\skip54
\l_MT_shortvdotswithinadjustabove_dim=\dimen143
\l_MT_shortvdotswithinadjustbelow_dim=\dimen144
\l_MT_above_intertext_sep=\dimen145
\l_MT_below_intertext_sep=\dimen146
\l_MT_above_shortintertext_sep=\dimen147
\l_MT_below_shortintertext_sep=\dimen148
)
(/usr/local/texlive/2018/texmf-dist/tex/latex/cases/cases.sty
Package: cases 2002/05/02 ver 2.5 
)
(/usr/local/texlive/2018/texmf-dist/tex/latex/float/float.sty
Package: float 2001/11/08 v1.3d Float enhancements (AL)
\c@float@type=\count139
\float@exts=\toks29
\float@box=\box30
\@float@everytoks=\toks30
\@floatcapt=\box31
)
(/usr/local/texlive/2018/texmf-dist/tex/latex/bbm-macros/bbm.sty
Package: bbm 1999/03/15 V 1.2 provides fonts for set symbols - TH
LaTeX Font Info:    Overwriting math alphabet `\mathbbm' in version `bold'
(Font)                  U/bbm/m/n --> U/bbm/bx/n on input line 33.
LaTeX Font Info:    Overwriting math alphabet `\mathbbmss' in version `bold'
(Font)                  U/bbmss/m/n --> U/bbmss/bx/n on input line 35.
)
(/usr/local/texlive/2018/texmf-dist/tex/latex/enumitem/enumitem.sty
Package: enumitem 2011/09/28 v3.5.2 Customized lists
\labelindent=\skip55
\enit@outerparindent=\dimen149
\enit@toks=\toks31
\enit@inbox=\box32
\enitdp@description=\count140
)
(/usr/local/texlive/2018/texmf-dist/tex/latex/xcolor/xcolor.sty
Package: xcolor 2016/05/11 v2.12 LaTeX color extensions (UK)

(/usr/local/texlive/2018/texmf-dist/tex/latex/graphics-cfg/color.cfg
File: color.cfg 2016/01/02 v1.6 sample color configuration
)
Package xcolor Info: Driver file: pdftex.def on input line 225.
Package xcolor Info: Model `cmy' substituted by `cmy0' on input line 1348.
Package xcolor Info: Model `hsb' substituted by `rgb' on input line 1352.
Package xcolor Info: Model `RGB' extended on input line 1364.
Package xcolor Info: Model `HTML' substituted by `rgb' on input line 1366.
Package xcolor Info: Model `Hsb' substituted by `hsb' on input line 1367.
Package xcolor Info: Model `tHsb' substituted by `hsb' on input line 1368.
Package xcolor Info: Model `HSB' substituted by `hsb' on input line 1369.
Package xcolor Info: Model `Gray' substituted by `gray' on input line 1370.
Package xcolor Info: Model `wave' substituted by `hsb' on input line 1371.
)
(/usr/local/texlive/2018/texmf-dist/tex/latex/natbib/natbib.sty
Package: natbib 2010/09/13 8.31b (PWD, AO)
\bibhang=\skip56
\bibsep=\skip57
LaTeX Info: Redefining \cite on input line 694.
\c@NAT@ctr=\count141
)
(/usr/local/texlive/2018/texmf-dist/tex/latex/caption/caption.sty
Package: caption 2016/02/21 v3.3-144 Customizing captions (AR)

(/usr/local/texlive/2018/texmf-dist/tex/latex/caption/caption3.sty
Package: caption3 2016/05/22 v1.7-166 caption3 kernel (AR)
Package caption3 Info: TeX engine: e-TeX on input line 67.
\captionmargin=\dimen150
\captionmargin@=\dimen151
\captionwidth=\dimen152
\caption@tempdima=\dimen153
\caption@indent=\dimen154
\caption@parindent=\dimen155
\caption@hangindent=\dimen156
)
\c@ContinuedFloat=\count142
Package caption Info: float package is loaded.
Package caption Info: hyperref package is loaded.
)
(/usr/local/texlive/2018/texmf-dist/tex/latex/caption/subcaption.sty
Package: subcaption 2016/05/22 v1.1-161 Sub-captions (AR)
\c@subfigure=\count143
\c@subtable=\count144
)
(/usr/local/texlive/2018/texmf-dist/tex/latex/algorithms/algorithmic.sty
Package: algorithmic 2009/08/24 v0.1 Document Style `algorithmic'

(/usr/local/texlive/2018/texmf-dist/tex/latex/base/ifthen.sty
Package: ifthen 2014/09/29 v1.1c Standard LaTeX ifthen package (DPC)
)
\c@ALC@unique=\count145
\c@ALC@line=\count146
\c@ALC@rem=\count147
\c@ALC@depth=\count148
\ALC@tlm=\skip58
\algorithmicindent=\skip59
)
(/usr/local/texlive/2018/texmf-dist/tex/latex/algorithm2e/algorithm2e.sty
Package: algorithm2e 2017/07/18 v5.2 algorithms environments
\c@AlgoLine=\count149
\algocf@hangindent=\skip60

(/usr/local/texlive/2018/texmf-dist/tex/latex/relsize/relsize.sty
Package: relsize 2013/03/29 ver 4.1
)
\skiptotal=\skip61
\skiplinenumber=\skip62
\skiprule=\skip63
\skiphlne=\skip64
\skiptext=\skip65
\skiplength=\skip66
\algomargin=\skip67
\skipalgocfslide=\skip68
\algowidth=\dimen157
\inoutsize=\dimen158
\inoutindent=\dimen159
\interspacetitleruled=\dimen160
\interspacealgoruled=\dimen161
\interspacetitleboxruled=\dimen162
\algocf@ruledwidth=\skip69
\algocf@inoutbox=\box33
\algocf@inputbox=\box34
\AlCapSkip=\skip70
\AlCapHSkip=\skip71
\algoskipindent=\skip72
\algocf@nlbox=\box35
\algocf@hangingbox=\box36
\algocf@untilbox=\box37
\algocf@skipuntil=\skip73
\algocf@capbox=\box38
\algocf@lcaptionbox=\skip74
\algoheightruledefault=\skip75
\algoheightrule=\skip76
\algotitleheightruledefault=\skip77
\algotitleheightrule=\skip78
\c@algocfline=\count150
\c@algocfproc=\count151
\c@algocf=\count152
\algocf@algoframe=\box39
\algocf@algobox=\box40
)
\c@Fact=\count153
\c@Lemma=\count154
\c@Prop=\count155
\c@Theorem=\count156
\c@Def=\count157
\c@Corollary=\count158
\c@Conjecture=\count159
\c@Property=\count160
\c@Observation=\count161
\c@Exa=\count162
\c@assumption=\count163
\c@Remark=\count164

(/usr/local/texlive/2018/texmf-dist/tex/latex/pgfplots/pgfplots.sty
(/usr/local/texlive/2018/texmf-dist/tex/generic/pgfplots/pgfplots.revision.tex)
Package: pgfplots 2018/03/28 v1.16 Data Visualization (1.16)
(/usr/local/texlive/2018/texmf-dist/tex/latex/pgf/frontendlayer/tikz.sty
(/usr/local/texlive/2018/texmf-dist/tex/latex/pgf/basiclayer/pgf.sty
(/usr/local/texlive/2018/texmf-dist/tex/latex/pgf/utilities/pgfrcs.sty
(/usr/local/texlive/2018/texmf-dist/tex/generic/pgf/utilities/pgfutil-common.te
x
\pgfutil@everybye=\toks32
\pgfutil@tempdima=\dimen163
\pgfutil@tempdimb=\dimen164

(/usr/local/texlive/2018/texmf-dist/tex/generic/pgf/utilities/pgfutil-common-li
sts.tex))
(/usr/local/texlive/2018/texmf-dist/tex/generic/pgf/utilities/pgfutil-latex.def
\pgfutil@abb=\box41
(/usr/local/texlive/2018/texmf-dist/tex/latex/ms/everyshi.sty
Package: everyshi 2001/05/15 v3.00 EveryShipout Package (MS)
))
(/usr/local/texlive/2018/texmf-dist/tex/generic/pgf/utilities/pgfrcs.code.tex
Package: pgfrcs 2015/08/07 v3.0.1a (rcs-revision 1.31)
))
Package: pgf 2015/08/07 v3.0.1a (rcs-revision 1.15)
(/usr/local/texlive/2018/texmf-dist/tex/latex/pgf/basiclayer/pgfcore.sty
(/usr/local/texlive/2018/texmf-dist/tex/latex/pgf/systemlayer/pgfsys.sty
(/usr/local/texlive/2018/texmf-dist/tex/generic/pgf/systemlayer/pgfsys.code.tex
Package: pgfsys 2014/07/09 v3.0.1a (rcs-revision 1.48)
(/usr/local/texlive/2018/texmf-dist/tex/generic/pgf/utilities/pgfkeys.code.tex
\pgfkeys@pathtoks=\toks33
\pgfkeys@temptoks=\toks34

(/usr/local/texlive/2018/texmf-dist/tex/generic/pgf/utilities/pgfkeysfiltered.c
ode.tex
\pgfkeys@tmptoks=\toks35
))
\pgf@x=\dimen165
\pgf@y=\dimen166
\pgf@xa=\dimen167
\pgf@ya=\dimen168
\pgf@xb=\dimen169
\pgf@yb=\dimen170
\pgf@xc=\dimen171
\pgf@yc=\dimen172
\w@pgf@writea=\write3
\r@pgf@reada=\read1
\c@pgf@counta=\count165
\c@pgf@countb=\count166
\c@pgf@countc=\count167
\c@pgf@countd=\count168
\t@pgf@toka=\toks36
\t@pgf@tokb=\toks37
\t@pgf@tokc=\toks38

(/usr/local/texlive/2018/texmf-dist/tex/generic/pgf/systemlayer/pgf.cfg
File: pgf.cfg 2008/05/14  (rcs-revision 1.7)
)
Driver file for pgf: pgfsys-pdftex.def

(/usr/local/texlive/2018/texmf-dist/tex/generic/pgf/systemlayer/pgfsys-pdftex.d
ef
File: pgfsys-pdftex.def 2014/10/11  (rcs-revision 1.35)

(/usr/local/texlive/2018/texmf-dist/tex/generic/pgf/systemlayer/pgfsys-common-p
df.def
File: pgfsys-common-pdf.def 2013/10/10  (rcs-revision 1.13)
)))
(/usr/local/texlive/2018/texmf-dist/tex/generic/pgf/systemlayer/pgfsyssoftpath.
code.tex
File: pgfsyssoftpath.code.tex 2013/09/09  (rcs-revision 1.9)
\pgfsyssoftpath@smallbuffer@items=\count169
\pgfsyssoftpath@bigbuffer@items=\count170
)
(/usr/local/texlive/2018/texmf-dist/tex/generic/pgf/systemlayer/pgfsysprotocol.
code.tex
File: pgfsysprotocol.code.tex 2006/10/16  (rcs-revision 1.4)
))
(/usr/local/texlive/2018/texmf-dist/tex/generic/pgf/basiclayer/pgfcore.code.tex
Package: pgfcore 2010/04/11 v3.0.1a (rcs-revision 1.7)
(/usr/local/texlive/2018/texmf-dist/tex/generic/pgf/math/pgfmath.code.tex
(/usr/local/texlive/2018/texmf-dist/tex/generic/pgf/math/pgfmathcalc.code.tex
(/usr/local/texlive/2018/texmf-dist/tex/generic/pgf/math/pgfmathutil.code.tex)
(/usr/local/texlive/2018/texmf-dist/tex/generic/pgf/math/pgfmathparser.code.tex
\pgfmath@dimen=\dimen173
\pgfmath@count=\count171
\pgfmath@box=\box42
\pgfmath@toks=\toks39
\pgfmath@stack@operand=\toks40
\pgfmath@stack@operation=\toks41
)
(/usr/local/texlive/2018/texmf-dist/tex/generic/pgf/math/pgfmathfunctions.code.
tex
(/usr/local/texlive/2018/texmf-dist/tex/generic/pgf/math/pgfmathfunctions.basic
.code.tex)
(/usr/local/texlive/2018/texmf-dist/tex/generic/pgf/math/pgfmathfunctions.trigo
nometric.code.tex)
(/usr/local/texlive/2018/texmf-dist/tex/generic/pgf/math/pgfmathfunctions.rando
m.code.tex)
(/usr/local/texlive/2018/texmf-dist/tex/generic/pgf/math/pgfmathfunctions.compa
rison.code.tex)
(/usr/local/texlive/2018/texmf-dist/tex/generic/pgf/math/pgfmathfunctions.base.
code.tex)
(/usr/local/texlive/2018/texmf-dist/tex/generic/pgf/math/pgfmathfunctions.round
.code.tex)
(/usr/local/texlive/2018/texmf-dist/tex/generic/pgf/math/pgfmathfunctions.misc.
code.tex)
(/usr/local/texlive/2018/texmf-dist/tex/generic/pgf/math/pgfmathfunctions.integ
erarithmetics.code.tex)))
(/usr/local/texlive/2018/texmf-dist/tex/generic/pgf/math/pgfmathfloat.code.tex
\c@pgfmathroundto@lastzeros=\count172
))
(/usr/local/texlive/2018/texmf-dist/tex/generic/pgf/basiclayer/pgfcorepoints.co
de.tex
File: pgfcorepoints.code.tex 2013/10/07  (rcs-revision 1.27)
\pgf@picminx=\dimen174
\pgf@picmaxx=\dimen175
\pgf@picminy=\dimen176
\pgf@picmaxy=\dimen177
\pgf@pathminx=\dimen178
\pgf@pathmaxx=\dimen179
\pgf@pathminy=\dimen180
\pgf@pathmaxy=\dimen181
\pgf@xx=\dimen182
\pgf@xy=\dimen183
\pgf@yx=\dimen184
\pgf@yy=\dimen185
\pgf@zx=\dimen186
\pgf@zy=\dimen187
)
(/usr/local/texlive/2018/texmf-dist/tex/generic/pgf/basiclayer/pgfcorepathconst
ruct.code.tex
File: pgfcorepathconstruct.code.tex 2013/10/07  (rcs-revision 1.29)
\pgf@path@lastx=\dimen188
\pgf@path@lasty=\dimen189
)
(/usr/local/texlive/2018/texmf-dist/tex/generic/pgf/basiclayer/pgfcorepathusage
.code.tex
File: pgfcorepathusage.code.tex 2014/11/02  (rcs-revision 1.24)
\pgf@shorten@end@additional=\dimen190
\pgf@shorten@start@additional=\dimen191
)
(/usr/local/texlive/2018/texmf-dist/tex/generic/pgf/basiclayer/pgfcorescopes.co
de.tex
File: pgfcorescopes.code.tex 2015/05/08  (rcs-revision 1.46)
\pgfpic=\box43
\pgf@hbox=\box44
\pgf@layerbox@main=\box45
\pgf@picture@serial@count=\count173
)
(/usr/local/texlive/2018/texmf-dist/tex/generic/pgf/basiclayer/pgfcoregraphicst
ate.code.tex
File: pgfcoregraphicstate.code.tex 2014/11/02  (rcs-revision 1.12)
\pgflinewidth=\dimen192
)
(/usr/local/texlive/2018/texmf-dist/tex/generic/pgf/basiclayer/pgfcoretransform
ations.code.tex
File: pgfcoretransformations.code.tex 2015/08/07  (rcs-revision 1.20)
\pgf@pt@x=\dimen193
\pgf@pt@y=\dimen194
\pgf@pt@temp=\dimen195
)
(/usr/local/texlive/2018/texmf-dist/tex/generic/pgf/basiclayer/pgfcorequick.cod
e.tex
File: pgfcorequick.code.tex 2008/10/09  (rcs-revision 1.3)
)
(/usr/local/texlive/2018/texmf-dist/tex/generic/pgf/basiclayer/pgfcoreobjects.c
ode.tex
File: pgfcoreobjects.code.tex 2006/10/11  (rcs-revision 1.2)
)
(/usr/local/texlive/2018/texmf-dist/tex/generic/pgf/basiclayer/pgfcorepathproce
ssing.code.tex
File: pgfcorepathprocessing.code.tex 2013/09/09  (rcs-revision 1.9)
)
(/usr/local/texlive/2018/texmf-dist/tex/generic/pgf/basiclayer/pgfcorearrows.co
de.tex
File: pgfcorearrows.code.tex 2015/05/14  (rcs-revision 1.43)
\pgfarrowsep=\dimen196
)
(/usr/local/texlive/2018/texmf-dist/tex/generic/pgf/basiclayer/pgfcoreshade.cod
e.tex
File: pgfcoreshade.code.tex 2013/07/15  (rcs-revision 1.15)
\pgf@max=\dimen197
\pgf@sys@shading@range@num=\count174
)
(/usr/local/texlive/2018/texmf-dist/tex/generic/pgf/basiclayer/pgfcoreimage.cod
e.tex
File: pgfcoreimage.code.tex 2013/07/15  (rcs-revision 1.18)

(/usr/local/texlive/2018/texmf-dist/tex/generic/pgf/basiclayer/pgfcoreexternal.
code.tex
File: pgfcoreexternal.code.tex 2014/07/09  (rcs-revision 1.21)
\pgfexternal@startupbox=\box46
))
(/usr/local/texlive/2018/texmf-dist/tex/generic/pgf/basiclayer/pgfcorelayers.co
de.tex
File: pgfcorelayers.code.tex 2013/07/18  (rcs-revision 1.7)
)
(/usr/local/texlive/2018/texmf-dist/tex/generic/pgf/basiclayer/pgfcoretranspare
ncy.code.tex
File: pgfcoretransparency.code.tex 2013/09/30  (rcs-revision 1.5)
)
(/usr/local/texlive/2018/texmf-dist/tex/generic/pgf/basiclayer/pgfcorepatterns.
code.tex
File: pgfcorepatterns.code.tex 2013/11/07  (rcs-revision 1.5)
)))
(/usr/local/texlive/2018/texmf-dist/tex/generic/pgf/modules/pgfmoduleshapes.cod
e.tex
File: pgfmoduleshapes.code.tex 2014/03/21  (rcs-revision 1.35)
\pgfnodeparttextbox=\box47
)
(/usr/local/texlive/2018/texmf-dist/tex/generic/pgf/modules/pgfmoduleplot.code.
tex
File: pgfmoduleplot.code.tex 2015/08/03  (rcs-revision 1.13)
)
(/usr/local/texlive/2018/texmf-dist/tex/latex/pgf/compatibility/pgfcomp-version
-0-65.sty
Package: pgfcomp-version-0-65 2007/07/03 v3.0.1a (rcs-revision 1.7)
\pgf@nodesepstart=\dimen198
\pgf@nodesepend=\dimen199
)
(/usr/local/texlive/2018/texmf-dist/tex/latex/pgf/compatibility/pgfcomp-version
-1-18.sty
Package: pgfcomp-version-1-18 2007/07/23 v3.0.1a (rcs-revision 1.1)
))
(/usr/local/texlive/2018/texmf-dist/tex/latex/pgf/utilities/pgffor.sty
(/usr/local/texlive/2018/texmf-dist/tex/latex/pgf/utilities/pgfkeys.sty
(/usr/local/texlive/2018/texmf-dist/tex/generic/pgf/utilities/pgfkeys.code.tex)
) (/usr/local/texlive/2018/texmf-dist/tex/latex/pgf/math/pgfmath.sty
(/usr/local/texlive/2018/texmf-dist/tex/generic/pgf/math/pgfmath.code.tex))
(/usr/local/texlive/2018/texmf-dist/tex/generic/pgf/utilities/pgffor.code.tex
Package: pgffor 2013/12/13 v3.0.1a (rcs-revision 1.25)

(/usr/local/texlive/2018/texmf-dist/tex/generic/pgf/math/pgfmath.code.tex)
\pgffor@iter=\dimen256
\pgffor@skip=\dimen257
\pgffor@stack=\toks42
\pgffor@toks=\toks43
))
(/usr/local/texlive/2018/texmf-dist/tex/generic/pgf/frontendlayer/tikz/tikz.cod
e.tex
Package: tikz 2015/08/07 v3.0.1a (rcs-revision 1.151)

(/usr/local/texlive/2018/texmf-dist/tex/generic/pgf/libraries/pgflibraryplothan
dlers.code.tex
File: pgflibraryplothandlers.code.tex 2013/08/31 v3.0.1a (rcs-revision 1.20)
\pgf@plot@mark@count=\count175
\pgfplotmarksize=\dimen258
)
\tikz@lastx=\dimen259
\tikz@lasty=\dimen260
\tikz@lastxsaved=\dimen261
\tikz@lastysaved=\dimen262
\tikzleveldistance=\dimen263
\tikzsiblingdistance=\dimen264
\tikz@figbox=\box48
\tikz@figbox@bg=\box49
\tikz@tempbox=\box50
\tikz@tempbox@bg=\box51
\tikztreelevel=\count176
\tikznumberofchildren=\count177
\tikznumberofcurrentchild=\count178
\tikz@fig@count=\count179

(/usr/local/texlive/2018/texmf-dist/tex/generic/pgf/modules/pgfmodulematrix.cod
e.tex
File: pgfmodulematrix.code.tex 2013/09/17  (rcs-revision 1.8)
\pgfmatrixcurrentrow=\count180
\pgfmatrixcurrentcolumn=\count181
\pgf@matrix@numberofcolumns=\count182
)
\tikz@expandcount=\count183

(/usr/local/texlive/2018/texmf-dist/tex/generic/pgf/frontendlayer/tikz/librarie
s/tikzlibrarytopaths.code.tex
File: tikzlibrarytopaths.code.tex 2008/06/17 v3.0.1a (rcs-revision 1.2)
)))
(/usr/local/texlive/2018/texmf-dist/tex/generic/pgfplots/pgfplots.code.tex
(/usr/local/texlive/2018/texmf-dist/tex/generic/pgfplots/pgfplotscore.code.tex
\t@pgfplots@toka=\toks44
\t@pgfplots@tokb=\toks45
\t@pgfplots@tokc=\toks46
\pgfplots@tmpa=\dimen265
\c@pgfplots@coordindex=\count184
\c@pgfplots@scanlineindex=\count185

(/usr/local/texlive/2018/texmf-dist/tex/generic/pgfplots/sys/pgfplotssysgeneric
.code.tex))
(/usr/local/texlive/2018/texmf-dist/tex/generic/pgfplots/libs/pgfplotslibrary.c
ode.tex)
(/usr/local/texlive/2018/texmf-dist/tex/generic/pgfplots/oldpgfcompatib/pgfplot
soldpgfsupp_loader.code.tex
(/usr/local/texlive/2018/texmf-dist/tex/generic/pgf/libraries/pgflibraryfpu.cod
e.tex)
Package pgfplots: loading complementary arithmetics for your pgf version...

(/usr/local/texlive/2018/texmf-dist/tex/generic/pgfplots/oldpgfcompatib/pgfplot
soldpgfsupp_pgflibraryfpu.code.tex)
(/usr/local/texlive/2018/texmf-dist/tex/generic/pgfplots/oldpgfcompatib/pgfplot
soldpgfsupp_pgfmathfloat.code.tex
\c@pgfmathroundto@lastzeros=\count186
)
(/usr/local/texlive/2018/texmf-dist/tex/generic/pgfplots/oldpgfcompatib/pgfplot
soldpgfsupp_leq.code.tex))
(/usr/local/texlive/2018/texmf-dist/tex/generic/pgfplots/util/pgfplotsutil.code
.tex
(/usr/local/texlive/2018/texmf-dist/tex/generic/pgfplots/liststructure/pgfplots
liststructure.code.tex)
(/usr/local/texlive/2018/texmf-dist/tex/generic/pgfplots/liststructure/pgfplots
liststructureext.code.tex)
(/usr/local/texlive/2018/texmf-dist/tex/generic/pgfplots/liststructure/pgfplots
array.code.tex
\c@pgfplotsarray@tmp=\count187
)
(/usr/local/texlive/2018/texmf-dist/tex/generic/pgfplots/liststructure/pgfplots
matrix.code.tex)
(/usr/local/texlive/2018/texmf-dist/tex/generic/pgfplots/numtable/pgfplotstable
shared.code.tex
\c@pgfplotstable@counta=\count188
\t@pgfplotstable@a=\toks47
)
(/usr/local/texlive/2018/texmf-dist/tex/generic/pgfplots/liststructure/pgfplots
deque.code.tex)
(/usr/local/texlive/2018/texmf-dist/tex/generic/pgfplots/util/pgfplotsbinary.co
de.tex
(/usr/local/texlive/2018/texmf-dist/tex/generic/pgfplots/util/pgfplotsbinary.da
ta.code.tex))
(/usr/local/texlive/2018/texmf-dist/tex/generic/pgfplots/util/pgfplotsutil.verb
.code.tex)
(/usr/local/texlive/2018/texmf-dist/tex/generic/pgfplots/libs/pgflibrarypgfplot
s.surfshading.code.tex
\c@pgfplotslibrarysurf@no=\count189

(/usr/local/texlive/2018/texmf-dist/tex/generic/pgfplots/sys/pgflibrarypgfplots
.surfshading.pgfsys-pdftex.def)))
(/usr/local/texlive/2018/texmf-dist/tex/generic/pgfplots/util/pgfplotscolormap.
code.tex
(/usr/local/texlive/2018/texmf-dist/tex/generic/pgfplots/util/pgfplotscolor.cod
e.tex))
(/usr/local/texlive/2018/texmf-dist/tex/generic/pgfplots/pgfplotsstackedplots.c
ode.tex)
(/usr/local/texlive/2018/texmf-dist/tex/generic/pgfplots/pgfplotsplothandlers.c
ode.tex
(/usr/local/texlive/2018/texmf-dist/tex/generic/pgfplots/pgfplotsmeshplothandle
r.code.tex
(/usr/local/texlive/2018/texmf-dist/tex/generic/pgfplots/pgfplotsmeshplotimage.
code.tex)))
(/usr/local/texlive/2018/texmf-dist/tex/generic/pgfplots/pgfplots.scaling.code.
tex)
(/usr/local/texlive/2018/texmf-dist/tex/generic/pgfplots/pgfplotscoordprocessin
g.code.tex)
(/usr/local/texlive/2018/texmf-dist/tex/generic/pgfplots/pgfplots.errorbars.cod
e.tex)
(/usr/local/texlive/2018/texmf-dist/tex/generic/pgfplots/pgfplots.markers.code.
tex)
(/usr/local/texlive/2018/texmf-dist/tex/generic/pgfplots/pgfplotsticks.code.tex
)
(/usr/local/texlive/2018/texmf-dist/tex/generic/pgfplots/pgfplots.paths.code.te
x)
(/usr/local/texlive/2018/texmf-dist/tex/generic/pgf/frontendlayer/tikz/librarie
s/tikzlibrarydecorations.code.tex
(/usr/local/texlive/2018/texmf-dist/tex/generic/pgf/modules/pgfmoduledecoration
s.code.tex
\pgfdecoratedcompleteddistance=\dimen266
\pgfdecoratedremainingdistance=\dimen267
\pgfdecoratedinputsegmentcompleteddistance=\dimen268
\pgfdecoratedinputsegmentremainingdistance=\dimen269
\pgf@decorate@distancetomove=\dimen270
\pgf@decorate@repeatstate=\count190
\pgfdecorationsegmentamplitude=\dimen271
\pgfdecorationsegmentlength=\dimen272
)
\tikz@lib@dec@box=\box52
)
(/usr/local/texlive/2018/texmf-dist/tex/generic/pgf/frontendlayer/tikz/librarie
s/tikzlibrarydecorations.pathmorphing.code.tex
(/usr/local/texlive/2018/texmf-dist/tex/generic/pgf/libraries/decorations/pgfli
brarydecorations.pathmorphing.code.tex))
(/usr/local/texlive/2018/texmf-dist/tex/generic/pgf/frontendlayer/tikz/librarie
s/tikzlibrarydecorations.pathreplacing.code.tex
(/usr/local/texlive/2018/texmf-dist/tex/generic/pgf/libraries/decorations/pgfli
brarydecorations.pathreplacing.code.tex))
\pgfplots@numplots=\count191
\pgfplots@xmin@reg=\dimen273
\pgfplots@xmax@reg=\dimen274
\pgfplots@ymin@reg=\dimen275
\pgfplots@ymax@reg=\dimen276
\pgfplots@zmin@reg=\dimen277
\pgfplots@zmax@reg=\dimen278
)
(/usr/local/texlive/2018/texmf-dist/tex/generic/pgf/frontendlayer/tikz/librarie
s/tikzlibraryplotmarks.code.tex
File: tikzlibraryplotmarks.code.tex 2008/01/09 v3.0.1a (rcs-revision 1.1)

(/usr/local/texlive/2018/texmf-dist/tex/generic/pgf/libraries/pgflibraryplotmar
ks.code.tex
File: pgflibraryplotmarks.code.tex 2015/08/03 v3.0.1a (rcs-revision 1.14)
))) (/usr/local/texlive/2018/texmf-dist/tex/latex/xargs/xargs.sty
Package: xargs 2008/03/22 v1.1  extended macro definitions  (mpg)
\xargs@max=\count192
\xargs@toksa=\toks48
\xargs@toksb=\toks49
)
(/usr/local/texlive/2018/texmf-dist/tex/latex/stmaryrd/stmaryrd.sty
Package: stmaryrd 1994/03/03 St Mary's Road symbol package
\symstmry=\mathgroup10
LaTeX Font Info:    Overwriting symbol font `stmry' in version `bold'
(Font)                  U/stmry/m/n --> U/stmry/b/n on input line 89.
)
(/usr/local/texlive/2018/texmf-dist/tex/generic/pgf/frontendlayer/tikz/librarie
s/tikzlibraryarrows.code.tex
File: tikzlibraryarrows.code.tex 2008/01/09 v3.0.1a (rcs-revision 1.1)

(/usr/local/texlive/2018/texmf-dist/tex/generic/pgf/libraries/pgflibraryarrows.
code.tex
File: pgflibraryarrows.code.tex 2013/09/23 v3.0.1a (rcs-revision 1.16)
\arrowsize=\dimen279
))
(/usr/local/texlive/2018/texmf-dist/tex/generic/pgf/frontendlayer/tikz/librarie
s/tikzlibraryshapes.code.tex
File: tikzlibraryshapes.code.tex 2008/01/09 v3.0.1a (rcs-revision 1.1)

(/usr/local/texlive/2018/texmf-dist/tex/generic/pgf/frontendlayer/tikz/librarie
s/tikzlibraryshapes.geometric.code.tex
File: tikzlibraryshapes.geometric.code.tex 2008/01/09 v3.0.1a (rcs-revision 1.1
)

(/usr/local/texlive/2018/texmf-dist/tex/generic/pgf/libraries/shapes/pgflibrary
shapes.geometric.code.tex
File: pgflibraryshapes.geometric.code.tex 2008/06/26 v3.0.1a (rcs-revision 1.1)

))
(/usr/local/texlive/2018/texmf-dist/tex/generic/pgf/frontendlayer/tikz/librarie
s/tikzlibraryshapes.misc.code.tex
File: tikzlibraryshapes.misc.code.tex 2008/01/09 v3.0.1a (rcs-revision 1.1)

(/usr/local/texlive/2018/texmf-dist/tex/generic/pgf/libraries/shapes/pgflibrary
shapes.misc.code.tex
File: pgflibraryshapes.misc.code.tex 2013/07/18 v3.0.1a (rcs-revision 1.5)
))
(/usr/local/texlive/2018/texmf-dist/tex/generic/pgf/frontendlayer/tikz/librarie
s/tikzlibraryshapes.symbols.code.tex
File: tikzlibraryshapes.symbols.code.tex 2008/01/09 v3.0.1a (rcs-revision 1.1)

(/usr/local/texlive/2018/texmf-dist/tex/generic/pgf/libraries/shapes/pgflibrary
shapes.symbols.code.tex
File: pgflibraryshapes.symbols.code.tex 2013/09/11 v3.0.1a (rcs-revision 1.6)
))
(/usr/local/texlive/2018/texmf-dist/tex/generic/pgf/frontendlayer/tikz/librarie
s/tikzlibraryshapes.arrows.code.tex
File: tikzlibraryshapes.arrows.code.tex 2008/01/09 v3.0.1a (rcs-revision 1.1)

(/usr/local/texlive/2018/texmf-dist/tex/generic/pgf/libraries/shapes/pgflibrary
shapes.arrows.code.tex
File: pgflibraryshapes.arrows.code.tex 2008/06/26 v3.0.1a (rcs-revision 1.1)
))
(/usr/local/texlive/2018/texmf-dist/tex/generic/pgf/frontendlayer/tikz/librarie
s/tikzlibraryshapes.callouts.code.tex
(/usr/local/texlive/2018/texmf-dist/tex/generic/pgf/libraries/shapes/pgflibrary
shapes.callouts.code.tex))
(/usr/local/texlive/2018/texmf-dist/tex/generic/pgf/frontendlayer/tikz/librarie
s/tikzlibraryshapes.multipart.code.tex
File: tikzlibraryshapes.multipart.code.tex 2008/01/09 v3.0.1a (rcs-revision 1.1
)

(/usr/local/texlive/2018/texmf-dist/tex/generic/pgf/libraries/shapes/pgflibrary
shapes.multipart.code.tex
File: pgflibraryshapes.multipart.code.tex 2010/01/07 v3.0.1a (rcs-revision 1.2)

\pgfnodepartlowerbox=\box53
\pgfnodeparttwobox=\box54
\pgfnodepartthreebox=\box55
\pgfnodepartfourbox=\box56
\pgfnodeparttwentybox=\box57
\pgfnodepartnineteenbox=\box58
\pgfnodeparteighteenbox=\box59
\pgfnodepartseventeenbox=\box60
\pgfnodepartsixteenbox=\box61
\pgfnodepartfifteenbox=\box62
\pgfnodepartfourteenbox=\box63
\pgfnodepartthirteenbox=\box64
\pgfnodeparttwelvebox=\box65
\pgfnodepartelevenbox=\box66
\pgfnodeparttenbox=\box67
\pgfnodepartninebox=\box68
\pgfnodeparteightbox=\box69
\pgfnodepartsevenbox=\box70
\pgfnodepartsixbox=\box71
\pgfnodepartfivebox=\box72
)))
(/usr/local/texlive/2018/texmf-dist/tex/generic/pgf/frontendlayer/tikz/librarie
s/tikzlibrarycalc.code.tex
File: tikzlibrarycalc.code.tex 2013/07/15 v3.0.1a (rcs-revision 1.9)
)
(/usr/local/texlive/2018/texmf-dist/tex/latex/tikzmark/tikzlibrarytikzmark.code
.tex)
(/usr/local/texlive/2018/texmf-dist/tex/generic/pgf/frontendlayer/tikz/librarie
s/tikzlibrarybackgrounds.code.tex
File: tikzlibrarybackgrounds.code.tex 2013/07/18 v3.0.1a (rcs-revision 1.3)
\pgf@layerbox@background=\box73
\pgf@layerboxsaved@background=\box74
)
(/usr/local/texlive/2018/texmf-dist/tex/generic/pgf/frontendlayer/tikz/librarie
s/tikzlibrarymatrix.code.tex
File: tikzlibrarymatrix.code.tex 2013/07/12 v3.0.1a (rcs-revision 1.4)
)
(/usr/local/texlive/2018/texmf-dist/tex/generic/pgf/frontendlayer/tikz/librarie
s/tikzlibrarydecorations.markings.code.tex
(/usr/local/texlive/2018/texmf-dist/tex/generic/pgf/libraries/decorations/pgfli
brarydecorations.markings.code.tex))
(/usr/local/texlive/2018/texmf-dist/tex/generic/pgfplots/libs/tikzlibrarypgfplo
ts.fillbetween.code.tex
(/usr/local/texlive/2018/texmf-dist/tex/generic/pgfplots/pgfcontrib/tikzlibrary
fillbetween.code.tex
(/usr/local/texlive/2018/texmf-dist/tex/generic/pgf/frontendlayer/tikz/librarie
s/tikzlibraryintersections.code.tex
(/usr/local/texlive/2018/texmf-dist/tex/generic/pgf/libraries/pgflibraryinterse
ctions.code.tex
\pgf@intersect@solutions=\count193
))
(/usr/local/texlive/2018/texmf-dist/tex/generic/pgfplots/pgfcontrib/tikzlibrary
decorations.softclip.code.tex
(/usr/local/texlive/2018/texmf-dist/tex/generic/pgfplots/pgfcontrib/pgflibraryf
illbetween.code.tex
(/usr/local/texlive/2018/texmf-dist/tex/generic/pgfplots/oldpgfcompatib/pgfplot
soldpgfsupp_pgflibraryintersections.code.tex
\pgf@intersect@solutions=\count194
))))
(/usr/local/texlive/2018/texmf-dist/tex/generic/pgfplots/libs/tikzlibrarypgfplo
ts.decorations.softclip.code.tex))
(/usr/local/texlive/2018/texmf-dist/tex/latex/psnfss/times.sty
Package: times 2005/04/12 PSNFSS-v9.2a (SPQR) 
)
(./shortcuts_OPT.sty) (./main.aux)
\openout1 = `main.aux'.

LaTeX Font Info:    Checking defaults for OML/cmm/m/it on input line 111.
LaTeX Font Info:    ... okay on input line 111.
LaTeX Font Info:    Checking defaults for T1/cmr/m/n on input line 111.
LaTeX Font Info:    ... okay on input line 111.
LaTeX Font Info:    Checking defaults for OT1/cmr/m/n on input line 111.
LaTeX Font Info:    ... okay on input line 111.
LaTeX Font Info:    Checking defaults for OMS/cmsy/m/n on input line 111.
LaTeX Font Info:    ... okay on input line 111.
LaTeX Font Info:    Checking defaults for OMX/cmex/m/n on input line 111.
LaTeX Font Info:    ... okay on input line 111.
LaTeX Font Info:    Checking defaults for U/cmr/m/n on input line 111.
LaTeX Font Info:    ... okay on input line 111.
LaTeX Font Info:    Checking defaults for PD1/pdf/m/n on input line 111.
LaTeX Font Info:    ... okay on input line 111.
LaTeX Font Info:    Try loading font information for OT1+ptm on input line 111.


(/usr/local/texlive/2018/texmf-dist/tex/latex/psnfss/ot1ptm.fd
File: ot1ptm.fd 2001/06/04 font definitions for OT1/ptm.
)
\AtBeginShipoutBox=\box75
Package hyperref Info: Link coloring ON on input line 111.

(/usr/local/texlive/2018/texmf-dist/tex/latex/hyperref/nameref.sty
Package: nameref 2016/05/21 v2.44 Cross-referencing by name of section

(/usr/local/texlive/2018/texmf-dist/tex/generic/oberdiek/gettitlestring.sty
Package: gettitlestring 2016/05/16 v1.5 Cleanup title references (HO)
)
\c@section@level=\count195
)
LaTeX Info: Redefining \ref on input line 111.
LaTeX Info: Redefining \pageref on input line 111.
LaTeX Info: Redefining \nameref on input line 111.

(./main.out) (./main.out)
\@outlinefile=\write4
\openout4 = `main.out'.


*geometry* driver: auto-detecting
*geometry* detected driver: pdftex
*geometry* verbose mode - [ preamble ] result:
* driver: pdftex
* paper: letterpaper
* layout: <same size as paper>
* layoutoffset:(h,v)=(0.0pt,0.0pt)
* modes: 
* h-part:(L,W,R)=(72.26999pt, 469.75502pt, 72.26999pt)
* v-part:(T,H,B)=(72.26999pt, 650.43001pt, 72.26999pt)
* \paperwidth=614.295pt
* \paperheight=794.96999pt
* \textwidth=469.75502pt
* \textheight=650.43001pt
* \oddsidemargin=0.0pt
* \evensidemargin=0.0pt
* \topmargin=0.0pt
* \headheight=0.0pt
* \headsep=0.0pt
* \topskip=10.0pt
* \footskip=0.0pt
* \marginparwidth=65.0pt
* \marginparsep=11.0pt
* \columnsep=18.06749pt
* \skip\footins=9.0pt plus 4.0pt minus 2.0pt
* \hoffset=0.0pt
* \voffset=0.0pt
* \mag=1000
* \@twocolumntrue
* \@twosidefalse
* \@mparswitchfalse
* \@reversemarginfalse
* (1in=72.27pt=25.4mm, 1cm=28.453pt)

(/usr/local/texlive/2018/texmf-dist/tex/context/base/mkii/supp-pdf.mkii
[Loading MPS to PDF converter (version 2006.09.02).]
\scratchcounter=\count196
\scratchdimen=\dimen280
\scratchbox=\box76
\nofMPsegments=\count197
\nofMParguments=\count198
\everyMPshowfont=\toks50
\MPscratchCnt=\count199
\MPscratchDim=\dimen281
\MPnumerator=\count266
\makeMPintoPDFobject=\count267
\everyMPtoPDFconversion=\toks51
) (/usr/local/texlive/2018/texmf-dist/tex/latex/oberdiek/epstopdf-base.sty
Package: epstopdf-base 2016/05/15 v2.6 Base part for package epstopdf

(/usr/local/texlive/2018/texmf-dist/tex/latex/oberdiek/grfext.sty
Package: grfext 2016/05/16 v1.2 Manage graphics extensions (HO)
)
Package epstopdf-base Info: Redefining graphics rule for `.eps' on input line 4
38.
Package grfext Info: Graphics extension search list:
(grfext)             [.pdf,.png,.jpg,.mps,.jpeg,.jbig2,.jb2,.PDF,.PNG,.JPG,.JPE
G,.JBIG2,.JB2,.eps]
(grfext)             \AppendGraphicsExtensions on input line 456.

(/usr/local/texlive/2018/texmf-dist/tex/latex/latexconfig/epstopdf-sys.cfg
File: epstopdf-sys.cfg 2010/07/13 v1.3 Configuration of (r)epstopdf for TeX Liv
e
))
Package caption Info: Begin \AtBeginDocument code.
Package caption Info: End \AtBeginDocument code.

ABD: EveryShipout initializing macros
Package pgfplots notification 'compat/show suggested version=true': you might b
enefit from \pgfplotsset{compat=1.16} (current compat level: 1.3).

LaTeX Font Info:    Font shape `OT1/ptm/bx/n' in size <14.4> not available
(Font)              Font shape `OT1/ptm/b/n' tried instead on input line 128.
LaTeX Font Info:    Try loading font information for U+msa on input line 128.
(/usr/local/texlive/2018/texmf-dist/tex/latex/amsfonts/umsa.fd
File: umsa.fd 2013/01/14 v3.01 AMS symbols A
)
LaTeX Font Info:    Try loading font information for U+msb on input line 128.

(/usr/local/texlive/2018/texmf-dist/tex/latex/amsfonts/umsb.fd
File: umsb.fd 2013/01/14 v3.01 AMS symbols B
)
LaTeX Font Info:    Try loading font information for U+rsfs on input line 128.

(/usr/local/texlive/2018/texmf-dist/tex/latex/jknapltx/ursfs.fd
File: ursfs.fd 1998/03/24 rsfs font definition file (jk)
)
LaTeX Font Info:    Try loading font information for U+stmry on input line 128.


(/usr/local/texlive/2018/texmf-dist/tex/latex/stmaryrd/Ustmry.fd)
LaTeX Font Info:    Font shape `OT1/ptm/bx/n' in size <10> not available
(Font)              Font shape `OT1/ptm/b/n' tried instead on input line 128.
LaTeX Font Info:    Font shape `OT1/ptm/bx/n' in size <12> not available
(Font)              Font shape `OT1/ptm/b/n' tried instead on input line 132.

Underfull \vbox (badness 10000) has occurred while \output is active []

 [1{/usr/local/texlive/2018/texmf-var/fonts/map/pdftex/updmap/pdftex.map}



]
LaTeX Font Info:    Try loading font information for OMS+ptm on input line 170.


(/usr/local/texlive/2018/texmf-dist/tex/latex/psnfss/omsptm.fd
File: omsptm.fd 
)
LaTeX Font Info:    Font shape `OMS/ptm/m/n' in size <10> not available
(Font)              Font shape `OMS/cmsy/m/n' tried instead on input line 170.
LaTeX Font Info:    Try loading font information for OT1+phv on input line 170.


(/usr/local/texlive/2018/texmf-dist/tex/latex/psnfss/ot1phv.fd
File: ot1phv.fd 2001/06/04 scalable font definitions for OT1/phv.
)
Underfull \hbox (badness 1755) in paragraph at lines 210--213
[]\OT1/ptm/m/it/10 Remark: \OT1/ptm/m/n/10 Note that the usual worst-case bound
 is
 []


Underfull \hbox (badness 3965) in paragraph at lines 210--213
\OT1/ptm/m/n/10 pre-dict well the gra-di-ents. In-deed, if we take
 []

[2pdfTeX warning (ext4): destination with the same identifier (name{equation.2.
1}) has been already used, duplicate ignored

\AtBegShi@Output ...ipout \box \AtBeginShipoutBox 
                                                  \fi \fi 
l.220 
      ]
LaTeX Font Info:    Font shape `OT1/ptm/bx/n' in size <9> not available
(Font)              Font shape `OT1/ptm/b/n' tried instead on input line 226.
LaTeX Font Info:    Try loading font information for OT1+pcr on input line 243.

 (/usr/local/texlive/2018/texmf-dist/tex/latex/psnfss/ot1pcr.fd
File: ot1pcr.fd 2001/06/04 font definitions for OT1/pcr.
)
LaTeX Font Info:    Font shape `OT1/ptm/bx/sc' in size <12> not available
(Font)              Font shape `OT1/ptm/b/sc' tried instead on input line 247.


pdfTeX warning: /Library/TeX/texbin/pdflatex (file ./plots/plot.pdf): PDF inclu
sion: found PDF version <1.7>, but at most version <1.5> allowed
<plots/plot.pdf, id=122, 780.51598pt x 325.215pt>
File: plots/plot.pdf Graphic file (type pdf)
<use plots/plot.pdf>
Package pdftex.def Info: plots/plot.pdf  used on input line 284.
(pdftex.def)             Requested size: 231.26378pt x 96.35939pt.

Overfull \hbox (5.42001pt too wide) in paragraph at lines 284--286
[][]
 []


Underfull \vbox (badness 10000) has occurred while \output is active []

 [3 <./plots/plot.pdf>]
Overfull \hbox (7.24847pt too wide) detected at line 332
[]
 []


Overfull \hbox (6.40579pt too wide) detected at line 351
\OMS/cmsy/m/n/10 R[] ^^T [] [] k\OML/cmm/m/it/10 g[]\OT1/cmr/m/n/10 [\OML/cmm/m
/it/10 i\OT1/cmr/m/n/10 ]\OMS/cmsy/m/n/10 k[] \OT1/cmr/m/n/10 + []\OML/cmm/m/it
/10 D[] [] []\OT1/cmr/m/n/10 [\OML/cmm/m/it/10 i\OT1/cmr/m/n/10 ][] \OML/cmm/m/
it/10 :
 []

[4pdfTeX warning (ext4): destination with the same identifier (name{equation.4.
2}) has been already used, duplicate ignored

\AtBegShi@Output ...ipout \box \AtBeginShipoutBox 
                                                  \fi \fi 
l.393 \begin{assumption}
                        \label{ass:bounded}pdfTeX warning (ext4): destination w
ith the same identifier (name{equation.4.2}) has been already used, duplicate i
gnored

\AtBegShi@Output ...ipout \box \AtBeginShipoutBox 
                                                  \fi \fi 
l.393 \begin{assumption}
                        \label{ass:bounded}]

pdfTeX warning: /Library/TeX/texbin/pdflatex (file ./plots/plot_prediction.pdf)
: PDF inclusion: found PDF version <1.7>, but at most version <1.5> allowed
<plots/plot_prediction.pdf, id=216, 722.7pt x 397.485pt>
File: plots/plot_prediction.pdf Graphic file (type pdf)
<use plots/plot_prediction.pdf>
Package pdftex.def Info: plots/plot_prediction.pdf  used on input line 400.
(pdftex.def)             Requested size: 202.35622pt x 111.29503pt.
LaTeX Font Info:    Calculating math sizes for size <9.5> on input line 422.

LaTeX Font Warning: Font shape `OT1/cmr/m/n' in size <9.5> not available
(Font)              size <9> substituted on input line 422.


LaTeX Font Warning: Font shape `OML/cmm/m/it' in size <9.5> not available
(Font)              size <9> substituted on input line 422.


LaTeX Font Warning: Font shape `OMS/cmsy/m/n' in size <9.5> not available
(Font)              size <9> substituted on input line 422.


LaTeX Font Warning: Font shape `OT1/cmss/m/n' in size <9.5> not available
(Font)              size <9> substituted on input line 422.


LaTeX Font Warning: Font shape `OT1/cmr/bx/n' in size <9.5> not available
(Font)              size <9> substituted on input line 422.


LaTeX Font Warning: Font shape `OML/cmm/b/it' in size <9.5> not available
(Font)              size <9> substituted on input line 422.


LaTeX Font Warning: Font shape `OMS/cmsy/b/n' in size <9.5> not available
(Font)              size <9> substituted on input line 422.


LaTeX Font Warning: Font shape `U/rsfs/m/n' in size <9.5> not available
(Font)              size <9> substituted on input line 422.


LaTeX Font Warning: Font shape `U/stmry/m/n' in size <9.5> not available
(Font)              size <9> substituted on input line 422.


Overfull \hbox (15.79913pt too wide) detected at line 425
[]
 []


Underfull \hbox (badness 2573) in paragraph at lines 429--431
[]\OT1/ptm/m/n/10 Firstly, the bound for our OPT-AMSGrad method
 []


Underfull \hbox (badness 1097) in paragraph at lines 458--466
\OT1/ptm/m/n/10 cently, [[], [], [], [], [], []] pro-vide some the-o-
 []


Underfull \hbox (badness 1092) in paragraph at lines 458--466
\OT1/ptm/m/n/10 ret-i-cal anal-y-sis of \OT1/ptm/m/sc/10 Adam\OT1/ptm/m/n/10 -t
ype al-go-rithms when ap-
 []

[5pdfTeX warning (ext4): destination with the same identifier (name{equation.4.
5}) has been already used, duplicate ignored

\AtBegShi@Output ...ipout \box \AtBeginShipoutBox 
                                                  \fi \fi 
l.466 
       <./plots/plot_prediction.pdf>]
Underfull \hbox (badness 2205) in paragraph at lines 467--471
[]\OT1/ptm/b/n/10 Comparison to AO-FTRL [[]]. \OT1/ptm/m/n/10 In [[]], the au-
 []

LaTeX Font Info:    Font shape `OT1/ptm/bx/sc' in size <10> not available
(Font)              Font shape `OT1/ptm/b/sc' tried instead on input line 472.

Underfull \vbox (badness 10000) has occurred while \output is active []

 [6]
Package epstopdf Info: Source file: <simulation/fig2/M_rand_train_loss_no1.eps>

(epstopdf)                    date: 2020-06-06 18:19:21
(epstopdf)                    size: 70491 bytes
(epstopdf)             Output file: <simulation/fig2/M_rand_train_loss_no1-eps-
converted-to.pdf>
(epstopdf)                    date: 2020-06-06 18:19:21
(epstopdf)                    size: 30894 bytes
(epstopdf)             Command: <repstopdf --outfile=simulation/fig2/M_rand_tra
in_loss_no1-eps-converted-to.pdf simulation/fig2/M_rand_train_loss_no1.eps>
(epstopdf)             \includegraphics on input line 585.
Package epstopdf Info: Output file is already uptodate.
<simulation/fig2/M_rand_train_loss_no1-eps-converted-to.pdf, id=342, 421.575pt 
x 316.18124pt>
File: simulation/fig2/M_rand_train_loss_no1-eps-converted-to.pdf Graphic file (
type pdf)
<use simulation/fig2/M_rand_train_loss_no1-eps-converted-to.pdf>
Package pdftex.def Info: simulation/fig2/M_rand_train_loss_no1-eps-converted-to
.pdf  used on input line 585.
(pdftex.def)             Requested size: 126.47249pt x 94.8551pt.
Package epstopdf Info: Source file: <simulation/fig2/M_image_train_loss_no1.eps
>
(epstopdf)                    date: 2020-06-06 18:19:21
(epstopdf)                    size: 70468 bytes
(epstopdf)             Output file: <simulation/fig2/M_image_train_loss_no1-eps
-converted-to.pdf>
(epstopdf)                    date: 2020-06-06 18:19:21
(epstopdf)                    size: 30990 bytes
(epstopdf)             Command: <repstopdf --outfile=simulation/fig2/M_image_tr
ain_loss_no1-eps-converted-to.pdf simulation/fig2/M_image_train_loss_no1.eps>
(epstopdf)             \includegraphics on input line 585.
Package epstopdf Info: Output file is already uptodate.
<simulation/fig2/M_image_train_loss_no1-eps-converted-to.pdf, id=343, 421.575pt
 x 316.18124pt>
File: simulation/fig2/M_image_train_loss_no1-eps-converted-to.pdf Graphic file 
(type pdf)
<use simulation/fig2/M_image_train_loss_no1-eps-converted-to.pdf>
Package pdftex.def Info: simulation/fig2/M_image_train_loss_no1-eps-converted-t
o.pdf  used on input line 585.
(pdftex.def)             Requested size: 126.47249pt x 94.8551pt.

Overfull \hbox (9.30629pt too wide) in paragraph at lines 585--586
 [][] 
 []

Package epstopdf Info: Source file: <simulation/fig2/cifar_cnn_train_loss_no1.e
ps>
(epstopdf)                    date: 2020-06-06 18:19:21
(epstopdf)                    size: 50198 bytes
(epstopdf)             Output file: <simulation/fig2/cifar_cnn_train_loss_no1-e
ps-converted-to.pdf>
(epstopdf)                    date: 2020-06-06 18:19:21
(epstopdf)                    size: 22808 bytes
(epstopdf)             Command: <repstopdf --outfile=simulation/fig2/cifar_cnn_
train_loss_no1-eps-converted-to.pdf simulation/fig2/cifar_cnn_train_loss_no1.ep
s>
(epstopdf)             \includegraphics on input line 590.
Package epstopdf Info: Output file is already uptodate.
<simulation/fig2/cifar_cnn_train_loss_no1-eps-converted-to.pdf, id=344, 421.575
pt x 316.18124pt>
File: simulation/fig2/cifar_cnn_train_loss_no1-eps-converted-to.pdf Graphic fil
e (type pdf)
<use simulation/fig2/cifar_cnn_train_loss_no1-eps-converted-to.pdf>
Package pdftex.def Info: simulation/fig2/cifar_cnn_train_loss_no1-eps-converted
-to.pdf  used on input line 590.
(pdftex.def)             Requested size: 126.47249pt x 94.8551pt.
Package epstopdf Info: Source file: <simulation/fig2/imdb_lstm_train_loss_no1.e
ps>
(epstopdf)                    date: 2020-06-06 18:19:21
(epstopdf)                    size: 48462 bytes
(epstopdf)             Output file: <simulation/fig2/imdb_lstm_train_loss_no1-e
ps-converted-to.pdf>
(epstopdf)                    date: 2020-06-06 18:19:21
(epstopdf)                    size: 21931 bytes
(epstopdf)             Command: <repstopdf --outfile=simulation/fig2/imdb_lstm_
train_loss_no1-eps-converted-to.pdf simulation/fig2/imdb_lstm_train_loss_no1.ep
s>
(epstopdf)             \includegraphics on input line 590.
Package epstopdf Info: Output file is already uptodate.
<simulation/fig2/imdb_lstm_train_loss_no1-eps-converted-to.pdf, id=345, 421.575
pt x 316.18124pt>
File: simulation/fig2/imdb_lstm_train_loss_no1-eps-converted-to.pdf Graphic fil
e (type pdf)
<use simulation/fig2/imdb_lstm_train_loss_no1-eps-converted-to.pdf>
Package pdftex.def Info: simulation/fig2/imdb_lstm_train_loss_no1-eps-converted
-to.pdf  used on input line 590.
(pdftex.def)             Requested size: 126.47249pt x 94.8551pt.

Overfull \hbox (16.53372pt too wide) in paragraph at lines 590--591
 [][] 
 []

Package epstopdf Info: Source file: <simulation/fig2/cifar10_resnet_train_loss.
eps>
(epstopdf)                    date: 2020-06-06 18:19:21
(epstopdf)                    size: 47444 bytes
(epstopdf)             Output file: <simulation/fig2/cifar10_resnet_train_loss-
eps-converted-to.pdf>
(epstopdf)                    date: 2020-06-06 18:19:21
(epstopdf)                    size: 22616 bytes
(epstopdf)             Command: <repstopdf --outfile=simulation/fig2/cifar10_re
snet_train_loss-eps-converted-to.pdf simulation/fig2/cifar10_resnet_train_loss.
eps>
(epstopdf)             \includegraphics on input line 595.
Package epstopdf Info: Output file is already uptodate.
<simulation/fig2/cifar10_resnet_train_loss-eps-converted-to.pdf, id=346, 421.57
5pt x 316.18124pt>
File: simulation/fig2/cifar10_resnet_train_loss-eps-converted-to.pdf Graphic fi
le (type pdf)
<use simulation/fig2/cifar10_resnet_train_loss-eps-converted-to.pdf>
Package pdftex.def Info: simulation/fig2/cifar10_resnet_train_loss-eps-converte
d-to.pdf  used on input line 595.
(pdftex.def)             Requested size: 126.47249pt x 94.8551pt.
Package epstopdf Info: Source file: <simulation/fig2/cifar100_resnet_train_loss
.eps>
(epstopdf)                    date: 2020-06-06 18:19:21
(epstopdf)                    size: 48679 bytes
(epstopdf)             Output file: <simulation/fig2/cifar100_resnet_train_loss
-eps-converted-to.pdf>
(epstopdf)                    date: 2020-06-06 18:19:21
(epstopdf)                    size: 22605 bytes
(epstopdf)             Command: <repstopdf --outfile=simulation/fig2/cifar100_r
esnet_train_loss-eps-converted-to.pdf simulation/fig2/cifar100_resnet_train_los
s.eps>
(epstopdf)             \includegraphics on input line 595.
Package epstopdf Info: Output file is already uptodate.
<simulation/fig2/cifar100_resnet_train_loss-eps-converted-to.pdf, id=347, 421.5
75pt x 316.18124pt>
File: simulation/fig2/cifar100_resnet_train_loss-eps-converted-to.pdf Graphic f
ile (type pdf)
<use simulation/fig2/cifar100_resnet_train_loss-eps-converted-to.pdf>
Package pdftex.def Info: simulation/fig2/cifar100_resnet_train_loss-eps-convert
ed-to.pdf  used on input line 595.
(pdftex.def)             Requested size: 126.47249pt x 94.8551pt.

Overfull \hbox (16.53372pt too wide) in paragraph at lines 595--596
 [][] 
 []

Package epstopdf Info: Source file: <new_figure/new_mnist_img_figure/mnist_img_
train_loss_disz_2.eps>
(epstopdf)                    date: 2020-06-06 18:19:21
(epstopdf)                    size: 45231 bytes
(epstopdf)             Output file: <new_figure/new_mnist_img_figure/mnist_img_
train_loss_disz_2-eps-converted-to.pdf>
(epstopdf)                    date: 2020-06-06 18:19:21
(epstopdf)                    size: 21656 bytes
(epstopdf)             Command: <repstopdf --outfile=new_figure/new_mnist_img_f
igure/mnist_img_train_loss_disz_2-eps-converted-to.pdf new_figure/new_mnist_img
_figure/mnist_img_train_loss_disz_2.eps>
(epstopdf)             \includegraphics on input line 608.
Package epstopdf Info: Output file is already uptodate.
<new_figure/new_mnist_img_figure/mnist_img_train_loss_disz_2-eps-converted-to.p
df, id=348, 421.575pt x 316.18124pt>
File: new_figure/new_mnist_img_figure/mnist_img_train_loss_disz_2-eps-converted
-to.pdf Graphic file (type pdf)
<use new_figure/new_mnist_img_figure/mnist_img_train_loss_disz_2-eps-converted-
to.pdf>
Package pdftex.def Info: new_figure/new_mnist_img_figure/mnist_img_train_loss_d
isz_2-eps-converted-to.pdf  used on input line 608.
(pdftex.def)             Requested size: 130.08621pt x 97.56648pt.
Package epstopdf Info: Source file: <new_figure/new_mnist_img_figure/mnist_img_
train_acc_disz_2.eps>
(epstopdf)                    date: 2020-06-06 18:19:21
(epstopdf)                    size: 45671 bytes
(epstopdf)             Output file: <new_figure/new_mnist_img_figure/mnist_img_
train_acc_disz_2-eps-converted-to.pdf>
(epstopdf)                    date: 2020-06-06 18:19:21
(epstopdf)                    size: 22129 bytes
(epstopdf)             Command: <repstopdf --outfile=new_figure/new_mnist_img_f
igure/mnist_img_train_acc_disz_2-eps-converted-to.pdf new_figure/new_mnist_img_
figure/mnist_img_train_acc_disz_2.eps>
(epstopdf)             \includegraphics on input line 608.
Package epstopdf Info: Output file is already uptodate.
<new_figure/new_mnist_img_figure/mnist_img_train_acc_disz_2-eps-converted-to.pd
f, id=349, 421.575pt x 316.18124pt>
File: new_figure/new_mnist_img_figure/mnist_img_train_acc_disz_2-eps-converted-
to.pdf Graphic file (type pdf)
<use new_figure/new_mnist_img_figure/mnist_img_train_acc_disz_2-eps-converted-t
o.pdf>
Package pdftex.def Info: new_figure/new_mnist_img_figure/mnist_img_train_acc_di
sz_2-eps-converted-to.pdf  used on input line 608.
(pdftex.def)             Requested size: 130.08621pt x 97.56648pt.
Package epstopdf Info: Source file: <new_figure/mnist_img_test_loss_disz.eps>
(epstopdf)                    date: 2020-06-06 18:19:21
(epstopdf)                    size: 69735 bytes
(epstopdf)             Output file: <new_figure/mnist_img_test_loss_disz-eps-co
nverted-to.pdf>
(epstopdf)                    date: 2020-06-06 18:19:21
(epstopdf)                    size: 68426 bytes
(epstopdf)             Command: <repstopdf --outfile=new_figure/mnist_img_test_
loss_disz-eps-converted-to.pdf new_figure/mnist_img_test_loss_disz.eps>
(epstopdf)             \includegraphics on input line 608.
Package epstopdf Info: Output file is already uptodate.
<new_figure/mnist_img_test_loss_disz-eps-converted-to.pdf, id=350, 421.575pt x 
316.18124pt>
File: new_figure/mnist_img_test_loss_disz-eps-converted-to.pdf Graphic file (ty
pe pdf)
<use new_figure/mnist_img_test_loss_disz-eps-converted-to.pdf>
Package pdftex.def Info: new_figure/mnist_img_test_loss_disz-eps-converted-to.p
df  used on input line 608.
(pdftex.def)             Requested size: 130.08621pt x 97.56648pt.
Package epstopdf Info: Source file: <new_figure/mnist_img_test_acc_disz.eps>
(epstopdf)                    date: 2020-06-06 18:19:21
(epstopdf)                    size: 48966 bytes
(epstopdf)             Output file: <new_figure/mnist_img_test_acc_disz-eps-con
verted-to.pdf>
(epstopdf)                    date: 2020-06-06 18:19:21
(epstopdf)                    size: 22498 bytes
(epstopdf)             Command: <repstopdf --outfile=new_figure/mnist_img_test_
acc_disz-eps-converted-to.pdf new_figure/mnist_img_test_acc_disz.eps>
(epstopdf)             \includegraphics on input line 608.
Package epstopdf Info: Output file is already uptodate.
<new_figure/mnist_img_test_acc_disz-eps-converted-to.pdf, id=351, 421.575pt x 3
16.18124pt>
File: new_figure/mnist_img_test_acc_disz-eps-converted-to.pdf Graphic file (typ
e pdf)
<use new_figure/mnist_img_test_acc_disz-eps-converted-to.pdf>
Package pdftex.def Info: new_figure/mnist_img_test_acc_disz-eps-converted-to.pd
f  used on input line 608.
(pdftex.def)             Requested size: 130.08621pt x 97.56648pt.

Overfull \hbox (29.84627pt too wide) in paragraph at lines 608--609
[][] 
 []

Package epstopdf Info: Source file: <new_figure/cifar10_train_loss_disz.eps>
(epstopdf)                    date: 2020-06-06 18:19:21
(epstopdf)                    size: 49413 bytes
(epstopdf)             Output file: <new_figure/cifar10_train_loss_disz-eps-con
verted-to.pdf>
(epstopdf)                    date: 2020-06-06 18:19:21
(epstopdf)                    size: 23151 bytes
(epstopdf)             Command: <repstopdf --outfile=new_figure/cifar10_train_l
oss_disz-eps-converted-to.pdf new_figure/cifar10_train_loss_disz.eps>
(epstopdf)             \includegraphics on input line 615.
Package epstopdf Info: Output file is already uptodate.
<new_figure/cifar10_train_loss_disz-eps-converted-to.pdf, id=352, 421.575pt x 3
16.18124pt>
File: new_figure/cifar10_train_loss_disz-eps-converted-to.pdf Graphic file (typ
e pdf)
<use new_figure/cifar10_train_loss_disz-eps-converted-to.pdf>
Package pdftex.def Info: new_figure/cifar10_train_loss_disz-eps-converted-to.pd
f  used on input line 615.
(pdftex.def)             Requested size: 130.08621pt x 97.56648pt.
Package epstopdf Info: Source file: <new_figure/cifar10_train_acc_disz.eps>
(epstopdf)                    date: 2020-06-06 18:19:21
(epstopdf)                    size: 49353 bytes
(epstopdf)             Output file: <new_figure/cifar10_train_acc_disz-eps-conv
erted-to.pdf>
(epstopdf)                    date: 2020-06-06 18:19:21
(epstopdf)                    size: 23599 bytes
(epstopdf)             Command: <repstopdf --outfile=new_figure/cifar10_train_a
cc_disz-eps-converted-to.pdf new_figure/cifar10_train_acc_disz.eps>
(epstopdf)             \includegraphics on input line 615.
Package epstopdf Info: Output file is already uptodate.
<new_figure/cifar10_train_acc_disz-eps-converted-to.pdf, id=353, 421.575pt x 31
6.18124pt>
File: new_figure/cifar10_train_acc_disz-eps-converted-to.pdf Graphic file (type
 pdf)
<use new_figure/cifar10_train_acc_disz-eps-converted-to.pdf>
Package pdftex.def Info: new_figure/cifar10_train_acc_disz-eps-converted-to.pdf
  used on input line 615.
(pdftex.def)             Requested size: 130.08621pt x 97.56648pt.
Package epstopdf Info: Source file: <new_figure/cifar10_test_loss_disz.eps>
(epstopdf)                    date: 2020-06-06 18:19:21
(epstopdf)                    size: 94009 bytes
(epstopdf)             Output file: <new_figure/cifar10_test_loss_disz-eps-conv
erted-to.pdf>
(epstopdf)                    date: 2020-06-06 18:19:21
(epstopdf)                    size: 92661 bytes
(epstopdf)             Command: <repstopdf --outfile=new_figure/cifar10_test_lo
ss_disz-eps-converted-to.pdf new_figure/cifar10_test_loss_disz.eps>
(epstopdf)             \includegraphics on input line 615.
Package epstopdf Info: Output file is already uptodate.
<new_figure/cifar10_test_loss_disz-eps-converted-to.pdf, id=354, 421.575pt x 31
6.18124pt>
File: new_figure/cifar10_test_loss_disz-eps-converted-to.pdf Graphic file (type
 pdf)
<use new_figure/cifar10_test_loss_disz-eps-converted-to.pdf>
Package pdftex.def Info: new_figure/cifar10_test_loss_disz-eps-converted-to.pdf
  used on input line 615.
(pdftex.def)             Requested size: 130.08621pt x 97.56648pt.
Package epstopdf Info: Source file: <new_figure/cifar10_test_acc_disz.eps>
(epstopdf)                    date: 2020-06-06 18:19:21
(epstopdf)                    size: 49397 bytes
(epstopdf)             Output file: <new_figure/cifar10_test_acc_disz-eps-conve
rted-to.pdf>
(epstopdf)                    date: 2020-06-06 18:19:21
(epstopdf)                    size: 23935 bytes
(epstopdf)             Command: <repstopdf --outfile=new_figure/cifar10_test_ac
c_disz-eps-converted-to.pdf new_figure/cifar10_test_acc_disz.eps>
(epstopdf)             \includegraphics on input line 615.
Package epstopdf Info: Output file is already uptodate.
<new_figure/cifar10_test_acc_disz-eps-converted-to.pdf, id=355, 421.575pt x 316
.18124pt>
File: new_figure/cifar10_test_acc_disz-eps-converted-to.pdf Graphic file (type 
pdf)
<use new_figure/cifar10_test_acc_disz-eps-converted-to.pdf>
Package pdftex.def Info: new_figure/cifar10_test_acc_disz-eps-converted-to.pdf 
 used on input line 615.
(pdftex.def)             Requested size: 130.08621pt x 97.56648pt.

Overfull \hbox (29.84627pt too wide) in paragraph at lines 615--616
[][] 
 []

Package epstopdf Info: Source file: <new_figure/cifar100_train_loss_disz.eps>
(epstopdf)                    date: 2020-06-06 18:19:21
(epstopdf)                    size: 49635 bytes
(epstopdf)             Output file: <new_figure/cifar100_train_loss_disz-eps-co
nverted-to.pdf>
(epstopdf)                    date: 2020-06-06 18:19:21
(epstopdf)                    size: 23121 bytes
(epstopdf)             Command: <repstopdf --outfile=new_figure/cifar100_train_
loss_disz-eps-converted-to.pdf new_figure/cifar100_train_loss_disz.eps>
(epstopdf)             \includegraphics on input line 622.
Package epstopdf Info: Output file is already uptodate.
<new_figure/cifar100_train_loss_disz-eps-converted-to.pdf, id=356, 421.575pt x 
316.18124pt>
File: new_figure/cifar100_train_loss_disz-eps-converted-to.pdf Graphic file (ty
pe pdf)
<use new_figure/cifar100_train_loss_disz-eps-converted-to.pdf>
Package pdftex.def Info: new_figure/cifar100_train_loss_disz-eps-converted-to.p
df  used on input line 622.
(pdftex.def)             Requested size: 130.08621pt x 97.56648pt.
Package epstopdf Info: Source file: <new_figure/cifar100_train_acc_disz.eps>
(epstopdf)                    date: 2020-06-06 18:19:21
(epstopdf)                    size: 50190 bytes
(epstopdf)             Output file: <new_figure/cifar100_train_acc_disz-eps-con
verted-to.pdf>
(epstopdf)                    date: 2020-06-06 18:19:21
(epstopdf)                    size: 23485 bytes
(epstopdf)             Command: <repstopdf --outfile=new_figure/cifar100_train_
acc_disz-eps-converted-to.pdf new_figure/cifar100_train_acc_disz.eps>
(epstopdf)             \includegraphics on input line 622.
Package epstopdf Info: Output file is already uptodate.
<new_figure/cifar100_train_acc_disz-eps-converted-to.pdf, id=357, 421.575pt x 3
16.18124pt>
File: new_figure/cifar100_train_acc_disz-eps-converted-to.pdf Graphic file (typ
e pdf)
<use new_figure/cifar100_train_acc_disz-eps-converted-to.pdf>
Package pdftex.def Info: new_figure/cifar100_train_acc_disz-eps-converted-to.pd
f  used on input line 622.
(pdftex.def)             Requested size: 130.08621pt x 97.56648pt.
Package epstopdf Info: Source file: <new_figure/cifar100_test_loss_disz.eps>
(epstopdf)                    date: 2020-06-06 18:19:21
(epstopdf)                    size: 48935 bytes
(epstopdf)             Output file: <new_figure/cifar100_test_loss_disz-eps-con
verted-to.pdf>
(epstopdf)                    date: 2020-06-06 18:19:21
(epstopdf)                    size: 22862 bytes
(epstopdf)             Command: <repstopdf --outfile=new_figure/cifar100_test_l
oss_disz-eps-converted-to.pdf new_figure/cifar100_test_loss_disz.eps>
(epstopdf)             \includegraphics on input line 622.
Package epstopdf Info: Output file is already uptodate.
<new_figure/cifar100_test_loss_disz-eps-converted-to.pdf, id=358, 421.575pt x 3
16.18124pt>
File: new_figure/cifar100_test_loss_disz-eps-converted-to.pdf Graphic file (typ
e pdf)
<use new_figure/cifar100_test_loss_disz-eps-converted-to.pdf>
Package pdftex.def Info: new_figure/cifar100_test_loss_disz-eps-converted-to.pd
f  used on input line 622.
(pdftex.def)             Requested size: 130.08621pt x 97.56648pt.
Package epstopdf Info: Source file: <new_figure/cifar100_test_acc_disz.eps>
(epstopdf)                    date: 2020-06-06 18:19:21
(epstopdf)                    size: 49692 bytes
(epstopdf)             Output file: <new_figure/cifar100_test_acc_disz-eps-conv
erted-to.pdf>
(epstopdf)                    date: 2020-06-06 18:19:21
(epstopdf)                    size: 23517 bytes
(epstopdf)             Command: <repstopdf --outfile=new_figure/cifar100_test_a
cc_disz-eps-converted-to.pdf new_figure/cifar100_test_acc_disz.eps>
(epstopdf)             \includegraphics on input line 622.
Package epstopdf Info: Output file is already uptodate.
<new_figure/cifar100_test_acc_disz-eps-converted-to.pdf, id=359, 421.575pt x 31
6.18124pt>
File: new_figure/cifar100_test_acc_disz-eps-converted-to.pdf Graphic file (type
 pdf)
<use new_figure/cifar100_test_acc_disz-eps-converted-to.pdf>
Package pdftex.def Info: new_figure/cifar100_test_acc_disz-eps-converted-to.pdf
  used on input line 622.
(pdftex.def)             Requested size: 130.08621pt x 97.56648pt.

Overfull \hbox (29.84627pt too wide) in paragraph at lines 622--623
[][] 
 []

[7 <./simulation/fig2/M_rand_train_loss_no1-eps-converted-to.pdf> <./simulation
/fig2/M_image_train_loss_no1-eps-converted-to.pdf> <./simulation/fig2/cifar_cnn
_train_loss_no1-eps-converted-to.pdf> <./simulation/fig2/imdb_lstm_train_loss_n
o1-eps-converted-to.pdf> <./simulation/fig2/cifar10_resnet_train_loss-eps-conve
rted-to.pdf> <./simulation/fig2/cifar100_resnet_train_loss-eps-converted-to.pdf
>]
Package epstopdf Info: Source file: <new_figure/new_mnist_img_figure/mnist_img_
train_loss_r3510_2.eps>
(epstopdf)                    date: 2020-06-06 18:19:21
(epstopdf)                    size: 56418 bytes
(epstopdf)             Output file: <new_figure/new_mnist_img_figure/mnist_img_
train_loss_r3510_2-eps-converted-to.pdf>
(epstopdf)                    date: 2020-06-06 18:19:21
(epstopdf)                    size: 30506 bytes
(epstopdf)             Command: <repstopdf --outfile=new_figure/new_mnist_img_f
igure/mnist_img_train_loss_r3510_2-eps-converted-to.pdf new_figure/new_mnist_im
g_figure/mnist_img_train_loss_r3510_2.eps>
(epstopdf)             \includegraphics on input line 642.
Package epstopdf Info: Output file is already uptodate.
<new_figure/new_mnist_img_figure/mnist_img_train_loss_r3510_2-eps-converted-to.
pdf, id=423, 421.575pt x 316.18124pt>
File: new_figure/new_mnist_img_figure/mnist_img_train_loss_r3510_2-eps-converte
d-to.pdf Graphic file (type pdf)
<use new_figure/new_mnist_img_figure/mnist_img_train_loss_r3510_2-eps-converted
-to.pdf>
Package pdftex.def Info: new_figure/new_mnist_img_figure/mnist_img_train_loss_r
3510_2-eps-converted-to.pdf  used on input line 642.
(pdftex.def)             Requested size: 122.85876pt x 92.1437pt.
Package epstopdf Info: Source file: <new_figure/cifar10_train_loss_r3510.eps>
(epstopdf)                    date: 2020-06-06 18:19:21
(epstopdf)                    size: 60897 bytes
(epstopdf)             Output file: <new_figure/cifar10_train_loss_r3510-eps-co
nverted-to.pdf>
(epstopdf)                    date: 2020-06-06 18:19:21
(epstopdf)                    size: 32490 bytes
(epstopdf)             Command: <repstopdf --outfile=new_figure/cifar10_train_l
oss_r3510-eps-converted-to.pdf new_figure/cifar10_train_loss_r3510.eps>
(epstopdf)             \includegraphics on input line 642.
Package epstopdf Info: Output file is already uptodate.
<new_figure/cifar10_train_loss_r3510-eps-converted-to.pdf, id=424, 421.575pt x 
316.18124pt>
File: new_figure/cifar10_train_loss_r3510-eps-converted-to.pdf Graphic file (ty
pe pdf)
<use new_figure/cifar10_train_loss_r3510-eps-converted-to.pdf>
Package pdftex.def Info: new_figure/cifar10_train_loss_r3510-eps-converted-to.p
df  used on input line 642.
(pdftex.def)             Requested size: 122.85876pt x 92.1437pt.

Overfull \hbox (9.30627pt too wide) in paragraph at lines 642--644
[][]
 []

[8 <./new_figure/new_mnist_img_figure/mnist_img_train_loss_disz_2-eps-converted
-to.pdf> <./new_figure/new_mnist_img_figure/mnist_img_train_acc_disz_2-eps-conv
erted-to.pdf> <./new_figure/mnist_img_test_loss_disz-eps-converted-to.pdf> <./n
ew_figure/mnist_img_test_acc_disz-eps-converted-to.pdf> <./new_figure/cifar10_t
rain_loss_disz-eps-converted-to.pdf> <./new_figure/cifar10_train_acc_disz-eps-c
onverted-to.pdf> <./new_figure/cifar10_test_loss_disz-eps-converted-to.pdf> <./
new_figure/cifar10_test_acc_disz-eps-converted-to.pdf> <./new_figure/cifar100_t
rain_loss_disz-eps-converted-to.pdf> <./new_figure/cifar100_train_acc_disz-eps-
converted-to.pdf> <./new_figure/cifar100_test_loss_disz-eps-converted-to.pdf> <
./new_figure/cifar100_test_acc_disz-eps-converted-to.pdf> <./new_figure/new_mni
st_img_figure/mnist_img_train_loss_r3510_2-eps-converted-to.pdf> <./new_figure/
cifar10_train_loss_r3510-eps-converted-to.pdf>] (./main.bbl
Underfull \hbox (badness 1097) in paragraph at lines 45--48
[]\OT1/ptm/m/n/10 Constantinos Daskalakis, An-drew Ilyas, Vasilis
 []


Underfull \hbox (badness 5490) in paragraph at lines 83--87
[]\OT1/ptm/m/n/10 Ian Good-fel-low, Jean Pouget-Abadie, Mehdi
 []


Underfull \hbox (badness 4391) in paragraph at lines 132--137
\OT1/ptm/m/n/10 sam Zenati, Chuan-Sheng Foo, Vi-jay Chan-
 []


Underfull \hbox (badness 1005) in paragraph at lines 132--137
\OT1/ptm/m/n/10 drasekhar, and Geor-gios Pil-iouras.  Op-ti-mistic
 []


Underfull \hbox (badness 1616) in paragraph at lines 132--137
\OT1/ptm/m/n/10 mir-ror de-scent in saddle-point prob-lems: Go-
 []


Underfull \hbox (badness 1292) in paragraph at lines 132--137
\OT1/ptm/m/n/10 ing the ex-tra (gra-di-ent) mile.  \OT1/ptm/m/it/10 arXiv prepr
int
 []


Underfull \hbox (badness 1152) in paragraph at lines 160--164
\OT1/ptm/m/n/10 tion, learn-ing, and games with pre-dictable se-
 []

[9

]
Underfull \hbox (badness 1354) in paragraph at lines 171--174
\OT1/ptm/m/n/10 cis Bach.  Reg-u-lar-ized non-lin-ear ac-cel-er-a-tion.
 []


Underfull \hbox (badness 4940) in paragraph at lines 176--179
[]\OT1/ptm/m/n/10 Damien Scieur, Edouard Oy-al-lon, Alexan-dre
 []


Underfull \hbox (badness 2980) in paragraph at lines 176--179
\OT1/ptm/m/n/10 cel-er-a-tion of deep neu-ral net-works.  \OT1/ptm/m/it/10 CoRR
\OT1/ptm/m/n/10 ,
 []

) [10

] [11


pdfTeX warning (ext4): destination with the same identifier (name{equation.A.7}
) has been already used, duplicate ignored

\AtBegShi@Output ...ipout \box \AtBeginShipoutBox 
                                                  \fi \fi 
l.753 \end{equation}
                    ] [12] [13pdfTeX warning (ext4): destination with the same 
identifier (name{equation.B.18}) has been already used, duplicate ignored

\AtBegShi@Output ...ipout \box \AtBeginShipoutBox 
                                                  \fi \fi 
l.855 \eeq
          ] [14pdfTeX warning (ext4): destination with the same identifier (nam
e{equation.C.19}) has been already used, duplicate ignored

\AtBegShi@Output ...ipout \box \AtBeginShipoutBox 
                                                  \fi \fi 
l.901 \end{proof}
                 ] [15pdfTeX warning (ext4): destination with the same identifi
er (name{equation.D.27}) has been already used, duplicate ignored

\AtBegShi@Output ...ipout \box \AtBeginShipoutBox 
                                                  \fi \fi 
l.1004 \eeq
           ] [16pdfTeX warning (ext4): destination with the same identifier (na
me{equation.D.28}) has been already used, duplicate ignored

\AtBegShi@Output ...ipout \box \AtBeginShipoutBox 
                                                  \fi \fi 
l.1068  \eeq
            ] [17pdfTeX warning (ext4): destination with the same identifier (n
ame{equation.D.35}) has been already used, duplicate ignored

\AtBegShi@Output ...ipout \box \AtBeginShipoutBox 
                                                  \fi \fi 
l.1120 \eeq
           pdfTeX warning (ext4): destination with the same identifier (name{eq
uation.D.37}) has been already used, duplicate ignored

\AtBegShi@Output ...ipout \box \AtBeginShipoutBox 
                                                  \fi \fi 
l.1120 \eeq
           ]pdfTeX warning (ext4): destination with the same identifier (name{e
quation.D.39}) has been already used, duplicate ignored
<to be read again> 
                   \relax 
l.1136 \beq
           \notagpdfTeX warning (ext4): destination with the same identifier (n
ame{equation.D.39}) has been already used, duplicate ignored
<to be read again> 
                   \relax 
l.1147 \beq
           \notagpdfTeX warning (ext4): destination with the same identifier (n
ame{equation.D.39}) has been already used, duplicate ignored
<to be read again> 
                   \relax 
l.1153 \beq
           \notagpdfTeX warning (ext4): destination with the same identifier (n
ame{equation.D.39}) has been already used, duplicate ignored
<to be read again> 
                   \relax 
l.1161 \beq
           \notagpdfTeX warning (ext4): destination with the same identifier (n
ame{equation.D.39}) has been already used, duplicate ignored
<to be read again> 
                   \relax 
l.1165 \beq
           \notagpdfTeX warning (ext4): destination with the same identifier (n
ame{equation.D.39}) has been already used, duplicate ignored
<to be read again> 
                   \relax 
l.1171 \beq
            \notag [18pdfTeX warning (ext4): destination with the same identifi
er (name{equation.D.39}) has been already used, duplicate ignored

\AtBegShi@Output ...ipout \box \AtBeginShipoutBox 
                                                  \fi \fi 
l.1374 \eeq
           ] [19pdfTeX warning (ext4): destination with the same identifier (na
me{equation.E.41}) has been already used, duplicate ignored

\AtBegShi@Output ...ipout \box \AtBeginShipoutBox 
                                                  \fi \fi 
l.1438 N
        ow that we have shown this boundedness property for the last layer $...
pdfTeX warning (ext4): destination with the same identifier (name{equation.E.41
}) has been already used, duplicate ignored

\AtBegShi@Output ...ipout \box \AtBeginShipoutBox 
                                                  \fi \fi 
l.1438 N
        ow that we have shown this boundedness property for the last layer $...
]
Package epstopdf Info: Source file: <simulation/fig/fig1_left.eps>
(epstopdf)                    date: 2020-06-06 18:19:21
(epstopdf)                    size: 26296 bytes
(epstopdf)             Output file: <simulation/fig/fig1_left-eps-converted-to.
pdf>
(epstopdf)                    date: 2020-06-06 18:19:21
(epstopdf)                    size: 8350 bytes
(epstopdf)             Command: <repstopdf --outfile=simulation/fig/fig1_left-e
ps-converted-to.pdf simulation/fig/fig1_left.eps>
(epstopdf)             \includegraphics on input line 1484.
Package epstopdf Info: Output file is already uptodate.
<simulation/fig/fig1_left-eps-converted-to.pdf, id=702, 421.575pt x 316.18124pt
>
File: simulation/fig/fig1_left-eps-converted-to.pdf Graphic file (type pdf)
<use simulation/fig/fig1_left-eps-converted-to.pdf>
Package pdftex.def Info: simulation/fig/fig1_left-eps-converted-to.pdf  used on
 input line 1484.
(pdftex.def)             Requested size: 187.89914pt x 140.92455pt.
Package epstopdf Info: Source file: <simulation/fig/fig1_right.eps>
(epstopdf)                    date: 2020-06-06 18:19:21
(epstopdf)                    size: 21667 bytes
(epstopdf)             Output file: <simulation/fig/fig1_right-eps-converted-to
.pdf>
(epstopdf)                    date: 2020-06-06 18:19:21
(epstopdf)                    size: 7549 bytes
(epstopdf)             Command: <repstopdf --outfile=simulation/fig/fig1_right-
eps-converted-to.pdf simulation/fig/fig1_right.eps>
(epstopdf)             \includegraphics on input line 1484.
Package epstopdf Info: Output file is already uptodate.
<simulation/fig/fig1_right-eps-converted-to.pdf, id=703, 421.575pt x 316.18124p
t>
File: simulation/fig/fig1_right-eps-converted-to.pdf Graphic file (type pdf)
<use simulation/fig/fig1_right-eps-converted-to.pdf>
Package pdftex.def Info: simulation/fig/fig1_right-eps-converted-to.pdf  used o
n input line 1484.
(pdftex.def)             Requested size: 187.89914pt x 140.92455pt.
Package epstopdf Info: Source file: <simulation/fig/fig2_left.eps>
(epstopdf)                    date: 2020-06-06 18:19:21
(epstopdf)                    size: 31784 bytes
(epstopdf)             Output file: <simulation/fig/fig2_left-eps-converted-to.
pdf>
(epstopdf)                    date: 2020-06-06 18:19:21
(epstopdf)                    size: 9208 bytes
(epstopdf)             Command: <repstopdf --outfile=simulation/fig/fig2_left-e
ps-converted-to.pdf simulation/fig/fig2_left.eps>
(epstopdf)             \includegraphics on input line 1488.
Package epstopdf Info: Output file is already uptodate.
<simulation/fig/fig2_left-eps-converted-to.pdf, id=704, 421.575pt x 316.18124pt
>
File: simulation/fig/fig2_left-eps-converted-to.pdf Graphic file (type pdf)
<use simulation/fig/fig2_left-eps-converted-to.pdf>
Package pdftex.def Info: simulation/fig/fig2_left-eps-converted-to.pdf  used on
 input line 1488.
(pdftex.def)             Requested size: 187.89914pt x 140.92455pt.
Package epstopdf Info: Source file: <simulation/fig/fig2_right.eps>
(epstopdf)                    date: 2020-06-06 18:19:21
(epstopdf)                    size: 24890 bytes
(epstopdf)             Output file: <simulation/fig/fig2_right-eps-converted-to
.pdf>
(epstopdf)                    date: 2020-06-06 18:19:21
(epstopdf)                    size: 7612 bytes
(epstopdf)             Command: <repstopdf --outfile=simulation/fig/fig2_right-
eps-converted-to.pdf simulation/fig/fig2_right.eps>
(epstopdf)             \includegraphics on input line 1488.
Package epstopdf Info: Output file is already uptodate.
<simulation/fig/fig2_right-eps-converted-to.pdf, id=705, 421.575pt x 316.18124p
t>
File: simulation/fig/fig2_right-eps-converted-to.pdf Graphic file (type pdf)
<use simulation/fig/fig2_right-eps-converted-to.pdf>
Package pdftex.def Info: simulation/fig/fig2_right-eps-converted-to.pdf  used o
n input line 1488.
(pdftex.def)             Requested size: 187.89914pt x 140.92455pt.
 [20] [21 <./simulation/fig/fig1_left-eps-converted-to.pdf> <./simulation/fig/f
ig1_right-eps-converted-to.pdf> <./simulation/fig/fig2_left-eps-converted-to.pd
f> <./simulation/fig/fig2_right-eps-converted-to.pdf>]
Package atveryend Info: Empty hook `BeforeClearDocument' on input line 1517.
Package atveryend Info: Empty hook `AfterLastShipout' on input line 1517.
 (./main.aux)
Package atveryend Info: Executing hook `AtVeryEndDocument' on input line 1517.
Package atveryend Info: Executing hook `AtEndAfterFileList' on input line 1517.

Package rerunfilecheck Info: File `main.out' has not changed.
(rerunfilecheck)             Checksum: D41D8CD98F00B204E9800998ECF8427E;0.


LaTeX Font Warning: Size substitutions with differences
(Font)              up to 0.5pt have occurred.

Package atveryend Info: Empty hook `AtVeryVeryEnd' on input line 1517.
 ) 
Here is how much of TeX's memory you used:
 35342 strings out of 492649
 829199 string characters out of 6129622
 1143545 words of memory out of 5000000
 38316 multiletter control sequences out of 15000+600000
 50496 words of font info for 117 fonts, out of 8000000 for 9000
 1141 hyphenation exceptions out of 8191
 62i,23n,96p,718b,727s stack positions out of 5000i,500n,10000p,200000b,80000s
{/usr/local/texlive/2018/texmf-dist/fonts/enc/dvips/base/8r.enc}</usr/local/t
exlive/2018/texmf-dist/fonts/type1/public/amsfonts/cm/cmbx9.pfb></usr/local/tex
live/2018/texmf-dist/fonts/type1/public/amsfonts/cm/cmex10.pfb></usr/local/texl
ive/2018/texmf-dist/fonts/type1/public/amsfonts/cm/cmmi10.pfb></usr/local/texli
ve/2018/texmf-dist/fonts/type1/public/amsfonts/cm/cmmi5.pfb></usr/local/texlive
/2018/texmf-dist/fonts/type1/public/amsfonts/cm/cmmi6.pfb></usr/local/texlive/2
018/texmf-dist/fonts/type1/public/amsfonts/cm/cmmi7.pfb></usr/local/texlive/201
8/texmf-dist/fonts/type1/public/amsfonts/cm/cmmi9.pfb></usr/local/texlive/2018/
texmf-dist/fonts/type1/public/amsfonts/cm/cmr10.pfb></usr/local/texlive/2018/te
xmf-dist/fonts/type1/public/amsfonts/cm/cmr5.pfb></usr/local/texlive/2018/texmf
-dist/fonts/type1/public/amsfonts/cm/cmr6.pfb></usr/local/texlive/2018/texmf-di
st/fonts/type1/public/amsfonts/cm/cmr7.pfb></usr/local/texlive/2018/texmf-dist/
fonts/type1/public/amsfonts/cm/cmr9.pfb></usr/local/texlive/2018/texmf-dist/fon
ts/type1/public/amsfonts/cm/cmss10.pfb></usr/local/texlive/2018/texmf-dist/font
s/type1/public/amsfonts/cm/cmss8.pfb></usr/local/texlive/2018/texmf-dist/fonts/
type1/public/amsfonts/cm/cmss9.pfb></usr/local/texlive/2018/texmf-dist/fonts/ty
pe1/public/amsfonts/cm/cmsy10.pfb></usr/local/texlive/2018/texmf-dist/fonts/typ
e1/public/amsfonts/cm/cmsy5.pfb></usr/local/texlive/2018/texmf-dist/fonts/type1
/public/amsfonts/cm/cmsy6.pfb></usr/local/texlive/2018/texmf-dist/fonts/type1/p
ublic/amsfonts/cm/cmsy7.pfb></usr/local/texlive/2018/texmf-dist/fonts/type1/pub
lic/amsfonts/cm/cmsy9.pfb></usr/local/texlive/2018/texmf-dist/fonts/type1/publi
c/amsfonts/symbols/msam10.pfb></usr/local/texlive/2018/texmf-dist/fonts/type1/p
ublic/amsfonts/symbols/msbm10.pfb></usr/local/texlive/2018/texmf-dist/fonts/typ
e1/urw/courier/ucrr8a.pfb></usr/local/texlive/2018/texmf-dist/fonts/type1/urw/h
elvetic/uhvr8a.pfb></usr/local/texlive/2018/texmf-dist/fonts/type1/urw/times/ut
mb8a.pfb></usr/local/texlive/2018/texmf-dist/fonts/type1/urw/times/utmr8a.pfb><
/usr/local/texlive/2018/texmf-dist/fonts/type1/urw/times/utmri8a.pfb>
Output written on main.pdf (21 pages, 1034634 bytes).
PDF statistics:
 872 PDF objects out of 1000 (max. 8388607)
 740 compressed objects within 8 object streams
 195 named destinations out of 1000 (max. 500000)
 143 words of extra memory for PDF output out of 10000 (max. 10000000)

