\BOOKMARK [1][-]{section.1}{Introduction}{}% 1
\BOOKMARK [2][-]{subsection.1.1}{Our contributions}{section.1}% 2
\BOOKMARK [1][-]{section.2}{Related Work}{}% 3
\BOOKMARK [2][-]{subsection.2.1}{Distributed SGD with compressed gradients}{section.2}% 4
\BOOKMARK [2][-]{subsection.2.2}{Adaptive optimization}{section.2}% 5
\BOOKMARK [1][-]{section.3}{Communication-Efficient Adaptive Optimization}{}% 6
\BOOKMARK [2][-]{subsection.3.1}{Gradient Compressors}{section.3}% 7
\BOOKMARK [2][-]{subsection.3.2}{Spars-AMS with Error Feedback}{section.3}% 8
\BOOKMARK [1][-]{section.4}{Non-Asymptotic Convergence Analysis for the Single Machine and Decentralized settings}{}% 9
\BOOKMARK [1][-]{section.5}{Experiments}{}% 10
\BOOKMARK [1][-]{section.6}{Conclusion}{}% 11
\BOOKMARK [1][-]{appendix.A}{Some Important Notations}{}% 12
\BOOKMARK [1][-]{appendix.B}{Single Machine Setting}{}% 13
\BOOKMARK [2][-]{subsection.B.1}{1=0}{appendix.B}% 14
\BOOKMARK [2][-]{subsection.B.2}{Intermediary Lemmas}{appendix.B}% 15
\BOOKMARK [2][-]{subsection.B.3}{Proof of Theorem 3}{appendix.B}% 16
\BOOKMARK [1][-]{appendix.C}{Distributed setting Belhal}{}% 17
\BOOKMARK [2][-]{subsection.C.1}{Intermediary Lemmas}{appendix.C}% 18
\BOOKMARK [2][-]{subsection.C.2}{Proof of Theorem 1}{appendix.C}% 19
\BOOKMARK [1][-]{appendix.D}{Distributed setting Xiaoyun}{}% 20
