This is pdfTeX, Version 3.141592653-2.6-1.40.22 (TeX Live 2021) (preloaded format=pdflatex 2021.6.28)  29 JUN 2021 09:31
entering extended mode
 restricted \write18 enabled.
 file:line:error style messages enabled.
 %&-line parsing enabled.
**main_jcgs.tex
(./main_jcgs.tex
LaTeX2e <2020-10-01> patch level 4
L3 programming layer <2021-02-18>
(/usr/local/texlive/2021/texmf-dist/tex/latex/base/article.cls
Document Class: article 2020/04/10 v1.4m Standard LaTeX document class
(/usr/local/texlive/2021/texmf-dist/tex/latex/base/size12.clo
File: size12.clo 2020/04/10 v1.4m Standard LaTeX file (size option)
)
\c@part=\count179
\c@section=\count180
\c@subsection=\count181
\c@subsubsection=\count182
\c@paragraph=\count183
\c@subparagraph=\count184
\c@figure=\count185
\c@table=\count186
\abovecaptionskip=\skip47
\belowcaptionskip=\skip48
\bibindent=\dimen138
)
(./shortcuts_OPT.sty
(/usr/local/texlive/2021/texmf-dist/tex/latex/natbib/natbib.sty
Package: natbib 2010/09/13 8.31b (PWD, AO)
\bibhang=\skip49
\bibsep=\skip50
LaTeX Info: Redefining \cite on input line 694.
\c@NAT@ctr=\count187
)
(/usr/local/texlive/2021/texmf-dist/tex/latex/tools/bm.sty
Package: bm 2019/07/24 v1.2d Bold Symbol Support (DPC/FMi)
\symboldoperators=\mathgroup4
\symboldletters=\mathgroup5
\symboldsymbols=\mathgroup6
LaTeX Font Info:    Redeclaring math alphabet \mathbf on input line 141.
LaTeX Info: Redefining \bm on input line 209.
)
(/usr/local/texlive/2021/texmf-dist/tex/latex/amsmath/amsmath.sty
Package: amsmath 2020/09/23 v2.17i AMS math features
\@mathmargin=\skip51

For additional information on amsmath, use the `?' option.
(/usr/local/texlive/2021/texmf-dist/tex/latex/amsmath/amstext.sty
Package: amstext 2000/06/29 v2.01 AMS text

(/usr/local/texlive/2021/texmf-dist/tex/latex/amsmath/amsgen.sty
File: amsgen.sty 1999/11/30 v2.0 generic functions
\@emptytoks=\toks15
\ex@=\dimen139
))
(/usr/local/texlive/2021/texmf-dist/tex/latex/amsmath/amsbsy.sty
Package: amsbsy 1999/11/29 v1.2d Bold Symbols
LaTeX Info: Redefining \boldsymbol on input line 28.
\pmbraise@=\dimen140
)
(/usr/local/texlive/2021/texmf-dist/tex/latex/amsmath/amsopn.sty
Package: amsopn 2016/03/08 v2.02 operator names
)
\inf@bad=\count188
LaTeX Info: Redefining \frac on input line 234.
\uproot@=\count189
\leftroot@=\count190
LaTeX Info: Redefining \overline on input line 399.
\classnum@=\count191
\DOTSCASE@=\count192
LaTeX Info: Redefining \ldots on input line 496.
LaTeX Info: Redefining \dots on input line 499.
LaTeX Info: Redefining \cdots on input line 620.
\Mathstrutbox@=\box47
\strutbox@=\box48
\big@size=\dimen141
LaTeX Font Info:    Redeclaring font encoding OML on input line 743.
LaTeX Font Info:    Redeclaring font encoding OMS on input line 744.
\macc@depth=\count193
\c@MaxMatrixCols=\count194
\dotsspace@=\muskip16
\c@parentequation=\count195
\dspbrk@lvl=\count196
\tag@help=\toks16
\row@=\count197
\column@=\count198
\maxfields@=\count199
\andhelp@=\toks17
\eqnshift@=\dimen142
\alignsep@=\dimen143
\tagshift@=\dimen144
\tagwidth@=\dimen145
\totwidth@=\dimen146
\lineht@=\dimen147
\@envbody=\toks18
\multlinegap=\skip52
\multlinetaggap=\skip53
\mathdisplay@stack=\toks19
LaTeX Info: Redefining \[ on input line 2923.
LaTeX Info: Redefining \] on input line 2924.
)
(/usr/local/texlive/2021/texmf-dist/tex/latex/amsfonts/amssymb.sty
Package: amssymb 2013/01/14 v3.01 AMS font symbols

(/usr/local/texlive/2021/texmf-dist/tex/latex/amsfonts/amsfonts.sty
Package: amsfonts 2013/01/14 v3.01 Basic AMSFonts support
\symAMSa=\mathgroup7
\symAMSb=\mathgroup8
LaTeX Font Info:    Redeclaring math symbol \hbar on input line 98.
LaTeX Font Info:    Overwriting math alphabet `\mathfrak' in version `bold'
(Font)                  U/euf/m/n --> U/euf/b/n on input line 106.
))
(/usr/local/texlive/2021/texmf-dist/tex/latex/tools/multicol.sty
Package: multicol 2019/12/09 v1.8y multicolumn formatting (FMi)
\c@tracingmulticols=\count266
\mult@box=\box49
\multicol@leftmargin=\dimen148
\c@unbalance=\count267
\c@collectmore=\count268
\doublecol@number=\count269
\multicoltolerance=\count270
\multicolpretolerance=\count271
\full@width=\dimen149
\page@free=\dimen150
\premulticols=\dimen151
\postmulticols=\dimen152
\multicolsep=\skip54
\multicolbaselineskip=\skip55
\partial@page=\box50
\last@line=\box51
\maxbalancingoverflow=\dimen153
\mult@rightbox=\box52
\mult@grightbox=\box53
\mult@gfirstbox=\box54
\mult@firstbox=\box55
\@tempa=\box56
\@tempa=\box57
\@tempa=\box58
\@tempa=\box59
\@tempa=\box60
\@tempa=\box61
\@tempa=\box62
\@tempa=\box63
\@tempa=\box64
\@tempa=\box65
\@tempa=\box66
\@tempa=\box67
\@tempa=\box68
\@tempa=\box69
\@tempa=\box70
\@tempa=\box71
\@tempa=\box72
\@tempa=\box73
\@tempa=\box74
\@tempa=\box75
\@tempa=\box76
\@tempa=\box77
\@tempa=\box78
\@tempa=\box79
\@tempa=\box80
\@tempa=\box81
\@tempa=\box82
\@tempa=\box83
\@tempa=\box84
\@tempa=\box85
\@tempa=\box86
\@tempa=\box87
\@tempa=\box88
\@tempa=\box89
\@tempa=\box90
\@tempa=\box91
\@tempa=\box92
\c@minrows=\count272
\c@columnbadness=\count273
\c@finalcolumnbadness=\count274
\last@try=\dimen154
\multicolovershoot=\dimen155
\multicolundershoot=\dimen156
\mult@nat@firstbox=\box93
\colbreak@box=\box94
\mc@col@check@num=\count275
)
(/usr/local/texlive/2021/texmf-dist/tex/latex/algorithms/algorithmic.sty
Package: algorithmic 2009/08/24 v0.1 Document Style `algorithmic'

(/usr/local/texlive/2021/texmf-dist/tex/latex/base/ifthen.sty
Package: ifthen 2014/09/29 v1.1c Standard LaTeX ifthen package (DPC)
)
(/usr/local/texlive/2021/texmf-dist/tex/latex/graphics/keyval.sty
Package: keyval 2014/10/28 v1.15 key=value parser (DPC)
\KV@toks@=\toks20
)
\c@ALC@unique=\count276
\c@ALC@line=\count277
\c@ALC@rem=\count278
\c@ALC@depth=\count279
\ALC@tlm=\skip56
\algorithmicindent=\skip57
)
(/usr/local/texlive/2021/texmf-dist/tex/latex/algorithms/algorithm.sty
Package: algorithm 2009/08/24 v0.1 Document Style `algorithm' - floating enviro
nment

(/usr/local/texlive/2021/texmf-dist/tex/latex/float/float.sty
Package: float 2001/11/08 v1.3d Float enhancements (AL)
\c@float@type=\count280
\float@exts=\toks21
\float@box=\box95
\@float@everytoks=\toks22
\@floatcapt=\box96
)
\@float@every@algorithm=\toks23
\c@algorithm=\count281
)
(/usr/local/texlive/2021/texmf-dist/tex/latex/enumitem/enumitem.sty
Package: enumitem 2019/06/20 v3.9 Customized lists
\labelindent=\skip58
\enit@outerparindent=\dimen157
\enit@toks=\toks24
\enit@inbox=\box97
\enit@count@id=\count282
\enitdp@description=\count283
)
(/usr/local/texlive/2021/texmf-dist/tex/latex/psnfss/times.sty
Package: times 2020/03/25 PSNFSS-v9.3 (SPQR) 
)
(/usr/local/texlive/2021/texmf-dist/tex/latex/amscls/amsthm.sty
Package: amsthm 2020/05/29 v2.20.6
\thm@style=\toks25
\thm@bodyfont=\toks26
\thm@headfont=\toks27
\thm@notefont=\toks28
\thm@headpunct=\toks29
\thm@preskip=\skip59
\thm@postskip=\skip60
\thm@headsep=\skip61
\dth@everypar=\toks30
)
(/usr/local/texlive/2021/texmf-dist/tex/latex/caption/caption.sty
Package: caption 2020/10/26 v3.5g Customizing captions (AR)

(/usr/local/texlive/2021/texmf-dist/tex/latex/caption/caption3.sty
Package: caption3 2020/10/21 v2.2e caption3 kernel (AR)
\captionmargin=\dimen158
\captionmargin@=\dimen159
\captionwidth=\dimen160
\caption@tempdima=\dimen161
\caption@indent=\dimen162
\caption@parindent=\dimen163
\caption@hangindent=\dimen164
Package caption Info: Standard document class detected.
)
\c@caption@flags=\count284
\c@continuedfloat=\count285
Package caption Info: float package is loaded.
)
(/usr/local/texlive/2021/texmf-dist/tex/latex/xcolor/xcolor.sty
Package: xcolor 2016/05/11 v2.12 LaTeX color extensions (UK)

(/usr/local/texlive/2021/texmf-dist/tex/latex/graphics-cfg/color.cfg
File: color.cfg 2016/01/02 v1.6 sample color configuration
)
Package xcolor Info: Driver file: pdftex.def on input line 225.

(/usr/local/texlive/2021/texmf-dist/tex/latex/graphics-def/pdftex.def
File: pdftex.def 2020/10/05 v1.2a Graphics/color driver for pdftex
)
Package xcolor Info: Model `cmy' substituted by `cmy0' on input line 1348.
Package xcolor Info: Model `hsb' substituted by `rgb' on input line 1352.
Package xcolor Info: Model `RGB' extended on input line 1364.
Package xcolor Info: Model `HTML' substituted by `rgb' on input line 1366.
Package xcolor Info: Model `Hsb' substituted by `hsb' on input line 1367.
Package xcolor Info: Model `tHsb' substituted by `hsb' on input line 1368.
Package xcolor Info: Model `HSB' substituted by `hsb' on input line 1369.
Package xcolor Info: Model `Gray' substituted by `gray' on input line 1370.
Package xcolor Info: Model `wave' substituted by `hsb' on input line 1371.
)
(/usr/local/texlive/2021/texmf-dist/tex/latex/framed/framed.sty
Package: framed 2011/10/22 v 0.96: framed or shaded text with page breaks
\OuterFrameSep=\skip62
\fb@frw=\dimen165
\fb@frh=\dimen166
\FrameRule=\dimen167
\FrameSep=\dimen168
)
(/usr/local/texlive/2021/texmf-dist/tex/latex/hyperref/hyperref.sty
Package: hyperref 2021-02-27 v7.00k Hypertext links for LaTeX

(/usr/local/texlive/2021/texmf-dist/tex/generic/ltxcmds/ltxcmds.sty
Package: ltxcmds 2020-05-10 v1.25 LaTeX kernel commands for general use (HO)
)
(/usr/local/texlive/2021/texmf-dist/tex/generic/iftex/iftex.sty
Package: iftex 2020/03/06 v1.0d TeX engine tests
)
(/usr/local/texlive/2021/texmf-dist/tex/generic/pdftexcmds/pdftexcmds.sty
Package: pdftexcmds 2020-06-27 v0.33 Utility functions of pdfTeX for LuaTeX (HO
)

(/usr/local/texlive/2021/texmf-dist/tex/generic/infwarerr/infwarerr.sty
Package: infwarerr 2019/12/03 v1.5 Providing info/warning/error messages (HO)
)
Package pdftexcmds Info: \pdf@primitive is available.
Package pdftexcmds Info: \pdf@ifprimitive is available.
Package pdftexcmds Info: \pdfdraftmode found.
)
(/usr/local/texlive/2021/texmf-dist/tex/generic/kvsetkeys/kvsetkeys.sty
Package: kvsetkeys 2019/12/15 v1.18 Key value parser (HO)
)
(/usr/local/texlive/2021/texmf-dist/tex/generic/kvdefinekeys/kvdefinekeys.sty
Package: kvdefinekeys 2019-12-19 v1.6 Define keys (HO)
)
(/usr/local/texlive/2021/texmf-dist/tex/generic/pdfescape/pdfescape.sty
Package: pdfescape 2019/12/09 v1.15 Implements pdfTeX's escape features (HO)
)
(/usr/local/texlive/2021/texmf-dist/tex/latex/hycolor/hycolor.sty
Package: hycolor 2020-01-27 v1.10 Color options for hyperref/bookmark (HO)
)
(/usr/local/texlive/2021/texmf-dist/tex/latex/letltxmacro/letltxmacro.sty
Package: letltxmacro 2019/12/03 v1.6 Let assignment for LaTeX macros (HO)
)
(/usr/local/texlive/2021/texmf-dist/tex/latex/auxhook/auxhook.sty
Package: auxhook 2019-12-17 v1.6 Hooks for auxiliary files (HO)
)
(/usr/local/texlive/2021/texmf-dist/tex/latex/kvoptions/kvoptions.sty
Package: kvoptions 2020-10-07 v3.14 Key value format for package options (HO)
)
\@linkdim=\dimen169
\Hy@linkcounter=\count286
\Hy@pagecounter=\count287

(/usr/local/texlive/2021/texmf-dist/tex/latex/hyperref/pd1enc.def
File: pd1enc.def 2021-02-27 v7.00k Hyperref: PDFDocEncoding definition (HO)
Now handling font encoding PD1 ...
... no UTF-8 mapping file for font encoding PD1
)
(/usr/local/texlive/2021/texmf-dist/tex/latex/hyperref/hyperref-langpatches.def
File: hyperref-langpatches.def 2021-02-27 v7.00k Hyperref: patches for babel la
nguages
) (/usr/local/texlive/2021/texmf-dist/tex/generic/intcalc/intcalc.sty
Package: intcalc 2019/12/15 v1.3 Expandable calculations with integers (HO)
)
(/usr/local/texlive/2021/texmf-dist/tex/generic/etexcmds/etexcmds.sty
Package: etexcmds 2019/12/15 v1.7 Avoid name clashes with e-TeX commands (HO)
)
\Hy@SavedSpaceFactor=\count288

(/usr/local/texlive/2021/texmf-dist/tex/latex/hyperref/puenc.def
File: puenc.def 2021-02-27 v7.00k Hyperref: PDF Unicode definition (HO)
Now handling font encoding PU ...
... no UTF-8 mapping file for font encoding PU
)
Package hyperref Info: Option `colorlinks' set `true' on input line 4073.
Package hyperref Info: Hyper figures OFF on input line 4192.
Package hyperref Info: Link nesting OFF on input line 4197.
Package hyperref Info: Hyper index ON on input line 4200.
Package hyperref Info: Plain pages OFF on input line 4207.
Package hyperref Info: Backreferencing OFF on input line 4212.
Package hyperref Info: Implicit mode ON; LaTeX internals redefined.
Package hyperref Info: Bookmarks ON on input line 4445.
\c@Hy@tempcnt=\count289

(/usr/local/texlive/2021/texmf-dist/tex/latex/url/url.sty
\Urlmuskip=\muskip17
Package: url 2013/09/16  ver 3.4  Verb mode for urls, etc.
)
LaTeX Info: Redefining \url on input line 4804.
\XeTeXLinkMargin=\dimen170

(/usr/local/texlive/2021/texmf-dist/tex/generic/bitset/bitset.sty
Package: bitset 2019/12/09 v1.3 Handle bit-vector datatype (HO)

(/usr/local/texlive/2021/texmf-dist/tex/generic/bigintcalc/bigintcalc.sty
Package: bigintcalc 2019/12/15 v1.5 Expandable calculations on big integers (HO
)
))
\Fld@menulength=\count290
\Field@Width=\dimen171
\Fld@charsize=\dimen172
Package hyperref Info: Hyper figures OFF on input line 6075.
Package hyperref Info: Link nesting OFF on input line 6080.
Package hyperref Info: Hyper index ON on input line 6083.
Package hyperref Info: backreferencing OFF on input line 6090.
Package hyperref Info: Link coloring ON on input line 6093.
Package hyperref Info: Link coloring with OCG OFF on input line 6100.
Package hyperref Info: PDF/A mode OFF on input line 6105.
LaTeX Info: Redefining \ref on input line 6145.
LaTeX Info: Redefining \pageref on input line 6149.

(/usr/local/texlive/2021/texmf-dist/tex/latex/base/atbegshi-ltx.sty
Package: atbegshi-ltx 2020/08/17 v1.0a Emulation of the original atbegshi packa
ge
with kernel methods
)
\Hy@abspage=\count291
\c@Item=\count292
\c@Hfootnote=\count293
)
Package hyperref Info: Driver (autodetected): hpdftex.

(/usr/local/texlive/2021/texmf-dist/tex/latex/hyperref/hpdftex.def
File: hpdftex.def 2021-02-27 v7.00k Hyperref driver for pdfTeX

(/usr/local/texlive/2021/texmf-dist/tex/latex/base/atveryend-ltx.sty
Package: atveryend-ltx 2020/08/19 v1.0a Emulation of the original atvery packag
e
with kernel methods
)
\Fld@listcount=\count294
\c@bookmark@seq@number=\count295

(/usr/local/texlive/2021/texmf-dist/tex/latex/rerunfilecheck/rerunfilecheck.sty
Package: rerunfilecheck 2019/12/05 v1.9 Rerun checks for auxiliary files (HO)

(/usr/local/texlive/2021/texmf-dist/tex/generic/uniquecounter/uniquecounter.sty
Package: uniquecounter 2019/12/15 v1.4 Provide unlimited unique counter (HO)
)
Package uniquecounter Info: New unique counter `rerunfilecheck' on input line 2
86.
)
\Hy@SectionHShift=\skip63
) (/usr/local/texlive/2021/texmf-dist/tex/latex/doublestroke/dsfont.sty
Package: dsfont 1995/08/01 v0.1 Double stroke roman fonts
)
(/usr/local/texlive/2021/texmf-dist/tex/latex/xargs/xargs.sty
Package: xargs 2008/03/22 v1.1  extended macro definitions  (mpg)

(/usr/local/texlive/2021/texmf-dist/tex/latex/xkeyval/xkeyval.sty
Package: xkeyval 2020/11/20 v2.8 package option processing (HA)

(/usr/local/texlive/2021/texmf-dist/tex/generic/xkeyval/xkeyval.tex
(/usr/local/texlive/2021/texmf-dist/tex/generic/xkeyval/xkvutils.tex
\XKV@toks=\toks31
\XKV@tempa@toks=\toks32
)
\XKV@depth=\count296
File: xkeyval.tex 2014/12/03 v2.7a key=value parser (HA)
))
\xargs@max=\count297
\xargs@toksa=\toks33
\xargs@toksb=\toks34
)
\c@protocol=\count298

(/usr/local/texlive/2021/texmf-dist/tex/latex/mathtools/mathtools.sty
Package: mathtools 2021/03/18 v1.25 mathematical typesetting tools

(/usr/local/texlive/2021/texmf-dist/tex/latex/tools/calc.sty
Package: calc 2017/05/25 v4.3 Infix arithmetic (KKT,FJ)
\calc@Acount=\count299
\calc@Bcount=\count300
\calc@Adimen=\dimen173
\calc@Bdimen=\dimen174
\calc@Askip=\skip64
\calc@Bskip=\skip65
LaTeX Info: Redefining \setlength on input line 80.
LaTeX Info: Redefining \addtolength on input line 81.
\calc@Ccount=\count301
\calc@Cskip=\skip66
)
(/usr/local/texlive/2021/texmf-dist/tex/latex/mathtools/mhsetup.sty
Package: mhsetup 2021/03/18 v1.4 programming setup (MH)
)
LaTeX Info: Thecontrolsequence`\('isalreadyrobust on input line 130.
LaTeX Info: Thecontrolsequence`\)'isalreadyrobust on input line 130.
LaTeX Info: Thecontrolsequence`\['isalreadyrobust on input line 130.
LaTeX Info: Thecontrolsequence`\]'isalreadyrobust on input line 130.
\g_MT_multlinerow_int=\count302
\l_MT_multwidth_dim=\dimen175
\origjot=\skip67
\l_MT_shortvdotswithinadjustabove_dim=\dimen176
\l_MT_shortvdotswithinadjustbelow_dim=\dimen177
\l_MT_above_intertext_sep=\dimen178
\l_MT_below_intertext_sep=\dimen179
\l_MT_above_shortintertext_sep=\dimen180
\l_MT_below_shortintertext_sep=\dimen181
\xmathstrut@box=\box98
\xmathstrut@dim=\dimen182
)
(/usr/local/texlive/2021/texmf-dist/tex/latex/tabulary/tabulary.sty
Package: tabulary 2014/06/11 v0.10 tabulary package (DPC)

(/usr/local/texlive/2021/texmf-dist/tex/latex/tools/array.sty
Package: array 2020/10/01 v2.5c Tabular extension package (FMi)
\col@sep=\dimen183
\ar@mcellbox=\box99
\extrarowheight=\dimen184
\NC@list=\toks35
\extratabsurround=\skip68
\backup@length=\skip69
\ar@cellbox=\box100
)
\TY@count=\count303
\TY@linewidth=\dimen185
\tymin=\dimen186
\tymax=\dimen187
\TY@tablewidth=\dimen188
)
(/usr/local/texlive/2021/texmf-dist/tex/latex/booktabs/booktabs.sty
Package: booktabs 2020/01/12 v1.61803398 Publication quality tables
\heavyrulewidth=\dimen189
\lightrulewidth=\dimen190
\cmidrulewidth=\dimen191
\belowrulesep=\dimen192
\belowbottomsep=\dimen193
\aboverulesep=\dimen194
\abovetopsep=\dimen195
\cmidrulesep=\dimen196
\cmidrulekern=\dimen197
\defaultaddspace=\dimen198
\@cmidla=\count304
\@cmidlb=\count305
\@aboverulesep=\dimen199
\@belowrulesep=\dimen256
\@thisruleclass=\count306
\@lastruleclass=\count307
\@thisrulewidth=\dimen257
)
(/usr/local/texlive/2021/texmf-dist/tex/latex/stmaryrd/stmaryrd.sty
Package: stmaryrd 1994/03/03 St Mary's Road symbol package
\symstmry=\mathgroup9
LaTeX Font Info:    Overwriting symbol font `stmry' in version `bold'
(Font)                  U/stmry/m/n --> U/stmry/b/n on input line 89.
)
(/usr/local/texlive/2021/texmf-dist/tex/latex/wrapfig/wrapfig.sty
\wrapoverhang=\dimen258
\WF@size=\dimen259
\c@WF@wrappedlines=\count308
\WF@box=\box101
\WF@everypar=\toks36
Package: wrapfig 2003/01/31  v 3.6
)
\c@Fact=\count309
\c@Lemma=\count310
\c@Prop=\count311
\c@Theorem=\count312
\c@prototheorem=\count313
\c@protolemma=\count314
\c@Def=\count315
\c@Corollary=\count316
\c@Conjecture=\count317
\c@Property=\count318
\c@Observation=\count319
\c@Exa=\count320
\c@assumption=\count321
\c@assumptionA=\count322
\c@Remark=\count323

(/usr/local/texlive/2021/texmf-dist/tex/latex/mdframed/mdframed.sty
Package: mdframed 2013/07/01 1.9b: mdframed

(/usr/local/texlive/2021/texmf-dist/tex/latex/l3packages/xparse/xparse.sty
(/usr/local/texlive/2021/texmf-dist/tex/latex/l3kernel/expl3.sty
Package: expl3 2021-02-18 L3 programming layer (loader) 

(/usr/local/texlive/2021/texmf-dist/tex/latex/l3backend/l3backend-pdftex.def
File: l3backend-pdftex.def 2021-03-18 L3 backend support: PDF output (pdfTeX)
\l__color_backend_stack_int=\count324
\l__pdf_internal_box=\box102
))
(/usr/local/texlive/2021/texmf-dist/tex/latex/l3packages/xparse/xparse-2020-10-
01.sty
(/usr/local/texlive/2021/texmf-dist/tex/latex/l3packages/xparse/xparse-generic.
tex))) (/usr/local/texlive/2021/texmf-dist/tex/latex/etoolbox/etoolbox.sty
Package: etoolbox 2020/10/05 v2.5k e-TeX tools for LaTeX (JAW)
\etb@tempcnta=\count325
)
(/usr/local/texlive/2021/texmf-dist/tex/latex/zref/zref-abspage.sty
Package: zref-abspage 2020-07-03 v2.32 Module abspage for zref (HO)

(/usr/local/texlive/2021/texmf-dist/tex/latex/zref/zref-base.sty
Package: zref-base 2020-07-03 v2.32 Module base for zref (HO)
Package zref Info: New property list: main on input line 764.
Package zref Info: New property: default on input line 765.
Package zref Info: New property: page on input line 766.
)
\c@abspage=\count326
Package zref Info: New property: abspage on input line 66.
)
(/usr/local/texlive/2021/texmf-dist/tex/latex/needspace/needspace.sty
Package: needspace 2010/09/12 v1.3d reserve vertical space
)
\mdf@templength=\skip70
\c@mdf@globalstyle@cnt=\count327
\mdf@skipabove@length=\skip71
\mdf@skipbelow@length=\skip72
\mdf@leftmargin@length=\skip73
\mdf@rightmargin@length=\skip74
\mdf@innerleftmargin@length=\skip75
\mdf@innerrightmargin@length=\skip76
\mdf@innertopmargin@length=\skip77
\mdf@innerbottommargin@length=\skip78
\mdf@splittopskip@length=\skip79
\mdf@splitbottomskip@length=\skip80
\mdf@outermargin@length=\skip81
\mdf@innermargin@length=\skip82
\mdf@linewidth@length=\skip83
\mdf@innerlinewidth@length=\skip84
\mdf@middlelinewidth@length=\skip85
\mdf@outerlinewidth@length=\skip86
\mdf@roundcorner@length=\skip87
\mdf@footenotedistance@length=\skip88
\mdf@userdefinedwidth@length=\skip89
\mdf@needspace@length=\skip90
\mdf@frametitleaboveskip@length=\skip91
\mdf@frametitlebelowskip@length=\skip92
\mdf@frametitlerulewidth@length=\skip93
\mdf@frametitleleftmargin@length=\skip94
\mdf@frametitlerightmargin@length=\skip95
\mdf@shadowsize@length=\skip96
\mdf@extratopheight@length=\skip97
\mdf@subtitleabovelinewidth@length=\skip98
\mdf@subtitlebelowlinewidth@length=\skip99
\mdf@subtitleaboveskip@length=\skip100
\mdf@subtitlebelowskip@length=\skip101
\mdf@subtitleinneraboveskip@length=\skip102
\mdf@subtitleinnerbelowskip@length=\skip103
\mdf@subsubtitleabovelinewidth@length=\skip104
\mdf@subsubtitlebelowlinewidth@length=\skip105
\mdf@subsubtitleaboveskip@length=\skip106
\mdf@subsubtitlebelowskip@length=\skip107
\mdf@subsubtitleinneraboveskip@length=\skip108
\mdf@subsubtitleinnerbelowskip@length=\skip109

(/usr/local/texlive/2021/texmf-dist/tex/latex/mdframed/md-frame-0.mdf
File: md-frame-0.mdf 2013/07/01\ 1.9b: md-frame-0
)
\mdf@frametitlebox=\box103
\mdf@footnotebox=\box104
\mdf@splitbox@one=\box105
\mdf@splitbox@two=\box106
\mdf@splitbox@save=\box107
\mdfsplitboxwidth=\skip110
\mdfsplitboxtotalwidth=\skip111
\mdfsplitboxheight=\skip112
\mdfsplitboxdepth=\skip113
\mdfsplitboxtotalheight=\skip114
\mdfframetitleboxwidth=\skip115
\mdfframetitleboxtotalwidth=\skip116
\mdfframetitleboxheight=\skip117
\mdfframetitleboxdepth=\skip118
\mdfframetitleboxtotalheight=\skip119
\mdffootnoteboxwidth=\skip120
\mdffootnoteboxtotalwidth=\skip121
\mdffootnoteboxheight=\skip122
\mdffootnoteboxdepth=\skip123
\mdffootnoteboxtotalheight=\skip124
\mdftotallinewidth=\skip125
\mdfboundingboxwidth=\skip126
\mdfboundingboxtotalwidth=\skip127
\mdfboundingboxheight=\skip128
\mdfboundingboxdepth=\skip129
\mdfboundingboxtotalheight=\skip130
\mdf@freevspace@length=\skip131
\mdf@horizontalwidthofbox@length=\skip132
\mdf@verticalmarginwhole@length=\skip133
\mdf@horizontalspaceofbox=\skip134
\mdfsubtitleheight=\skip135
\mdfsubsubtitleheight=\skip136
\c@mdfcountframes=\count328

****** mdframed patching \endmdf@trivlist

****** -- success******

\mdf@envdepth=\count329
\c@mdf@env@i=\count330
\c@mdf@env@ii=\count331
\c@mdf@zref@counter=\count332
Package zref Info: New property: mdf@pagevalue on input line 895.
)
\c@theo=\count333
\c@lem=\count334
)
(/usr/local/texlive/2021/texmf-dist/tex/latex/graphics/graphicx.sty
Package: graphicx 2020/09/09 v1.2b Enhanced LaTeX Graphics (DPC,SPQR)

(/usr/local/texlive/2021/texmf-dist/tex/latex/graphics/graphics.sty
Package: graphics 2020/08/30 v1.4c Standard LaTeX Graphics (DPC,SPQR)

(/usr/local/texlive/2021/texmf-dist/tex/latex/graphics/trig.sty
Package: trig 2016/01/03 v1.10 sin cos tan (DPC)
)
(/usr/local/texlive/2021/texmf-dist/tex/latex/graphics-cfg/graphics.cfg
File: graphics.cfg 2016/06/04 v1.11 sample graphics configuration
)
Package graphics Info: Driver file: pdftex.def on input line 105.
)
\Gin@req@height=\dimen260
\Gin@req@width=\dimen261
)
LaTeX Font Info:    Trying to load font information for OT1+ptm on input line 8
.

(/usr/local/texlive/2021/texmf-dist/tex/latex/psnfss/ot1ptm.fd
File: ot1ptm.fd 2001/06/04 font definitions for OT1/ptm.
)
(./main_jcgs.aux)
\openout1 = `main_jcgs.aux'.

LaTeX Font Info:    Checking defaults for OML/cmm/m/it on input line 8.
LaTeX Font Info:    ... okay on input line 8.
LaTeX Font Info:    Checking defaults for OMS/cmsy/m/n on input line 8.
LaTeX Font Info:    ... okay on input line 8.
LaTeX Font Info:    Checking defaults for OT1/cmr/m/n on input line 8.
LaTeX Font Info:    ... okay on input line 8.
LaTeX Font Info:    Checking defaults for T1/cmr/m/n on input line 8.
LaTeX Font Info:    ... okay on input line 8.
LaTeX Font Info:    Checking defaults for TS1/cmr/m/n on input line 8.
LaTeX Font Info:    ... okay on input line 8.
LaTeX Font Info:    Checking defaults for OMX/cmex/m/n on input line 8.
LaTeX Font Info:    ... okay on input line 8.
LaTeX Font Info:    Checking defaults for U/cmr/m/n on input line 8.
LaTeX Font Info:    ... okay on input line 8.
LaTeX Font Info:    Checking defaults for PD1/pdf/m/n on input line 8.
LaTeX Font Info:    ... okay on input line 8.
LaTeX Font Info:    Checking defaults for PU/pdf/m/n on input line 8.
LaTeX Font Info:    ... okay on input line 8.
Package caption Info: Begin \AtBeginDocument code.
Package caption Info: hyperref package is loaded.
Package caption Info: wrapfig package is loaded.
Package caption Info: End \AtBeginDocument code.

(/usr/local/texlive/2021/texmf-dist/tex/context/base/mkii/supp-pdf.mkii
[Loading MPS to PDF converter (version 2006.09.02).]
\scratchcounter=\count335
\scratchdimen=\dimen262
\scratchbox=\box108
\nofMPsegments=\count336
\nofMParguments=\count337
\everyMPshowfont=\toks37
\MPscratchCnt=\count338
\MPscratchDim=\dimen263
\MPnumerator=\count339
\makeMPintoPDFobject=\count340
\everyMPtoPDFconversion=\toks38
) (/usr/local/texlive/2021/texmf-dist/tex/latex/epstopdf-pkg/epstopdf-base.sty
Package: epstopdf-base 2020-01-24 v2.11 Base part for package epstopdf
Package epstopdf-base Info: Redefining graphics rule for `.eps' on input line 4
85.

(/usr/local/texlive/2021/texmf-dist/tex/latex/latexconfig/epstopdf-sys.cfg
File: epstopdf-sys.cfg 2010/07/13 v1.3 Configuration of (r)epstopdf for TeX Liv
e
))
Package hyperref Info: Link coloring ON on input line 8.

(/usr/local/texlive/2021/texmf-dist/tex/latex/hyperref/nameref.sty
Package: nameref 2021-04-02 v2.47 Cross-referencing by name of section

(/usr/local/texlive/2021/texmf-dist/tex/latex/refcount/refcount.sty
Package: refcount 2019/12/15 v3.6 Data extraction from label references (HO)
)
(/usr/local/texlive/2021/texmf-dist/tex/generic/gettitlestring/gettitlestring.s
ty
Package: gettitlestring 2019/12/15 v1.6 Cleanup title references (HO)
)
\c@section@level=\count341
)
LaTeX Info: Redefining \ref on input line 8.
LaTeX Info: Redefining \pageref on input line 8.
LaTeX Info: Redefining \nameref on input line 8.
 (./main_jcgs.out) (./main_jcgs.out)
\@outlinefile=\write3
\openout3 = `main_jcgs.out'.

LaTeX Font Info:    Trying to load font information for U+msa on input line 24.


(/usr/local/texlive/2021/texmf-dist/tex/latex/amsfonts/umsa.fd
File: umsa.fd 2013/01/14 v3.01 AMS symbols A
)
LaTeX Font Info:    Trying to load font information for U+msb on input line 24.


(/usr/local/texlive/2021/texmf-dist/tex/latex/amsfonts/umsb.fd
File: umsb.fd 2013/01/14 v3.01 AMS symbols B
)
LaTeX Font Info:    Trying to load font information for U+stmry on input line 2
4.

(/usr/local/texlive/2021/texmf-dist/tex/latex/stmaryrd/Ustmry.fd) [1

{/usr/local/texlive/2021/texmf-var/fonts/map/pdftex/updmap/pdftex.map}]
Overfull \hbox (8.90154pt too wide) in paragraph at lines 55--57
\OT1/ptm/m/n/12 Learning la-tent vari-able mod-els is crit-i-cal for mod-ern ma
-chine learn-ing prob-lems, see for in-stance [][]McLach-
 []

LaTeX Font Info:    Trying to load font information for OT1+phv on input line 6
1.
(/usr/local/texlive/2021/texmf-dist/tex/latex/psnfss/ot1phv.fd
File: ot1phv.fd 2020/03/25 scalable font definitions for OT1/phv.
) [2]
LaTeX Font Info:    Trying to load font information for TS1+ptm on input line 1
06.

(/usr/local/texlive/2021/texmf-dist/tex/latex/psnfss/ts1ptm.fd
File: ts1ptm.fd 2001/06/04 font definitions for TS1/ptm.
) [3] [4]

LaTeX Font Warning: Font shape `U/stmry/b/n' undefined
(Font)              using `U/stmry/m/n' instead on input line 176.

Package hyperref Info: bookmark level for unknown algorithm defaults to 0 on in
put line 189.
[5]pdfTeX warning (ext4): destination with the same identifier (name{algorithm.
1}) has been already used, duplicate ignored
<to be read again> 
                   \relax 
l.232 \end{algorithm}
                      [6] [7pdfTeX warning (ext4): destination with the same id
entifier (name{equation.3.12}) has been already used, duplicate ignored
<argument> ...shipout:D \box_use:N \l_shipout_box 
                                                  
l.331 \end{lemmacoloured}
                         ] [8pdfTeX warning (ext4): destination with the same i
dentifier (name{equation.3.15}) has been already used, duplicate ignored
<argument> ...shipout:D \box_use:N \l_shipout_box 
                                                  
l.385 \end{theoremcoloured}
                           pdfTeX warning (ext4): destination with the same ide
ntifier (name{equation.3.15}) has been already used, duplicate ignored
<argument> ...shipout:D \box_use:N \l_shipout_box 
                                                  
l.385 \end{theoremcoloured}
                           ]pdfTeX warning (ext4): destination with the same id
entifier (name{equation.3.15}) has been already used, duplicate ignored
<to be read again> 
                   \relax 
l.393 \beq
          \notagpdfTeX warning (ext4): destination with the same identifier (na
me{equation.3.15}) has been already used, duplicate ignored
<to be read again> 
                   \relax 
l.393 \beq
          \notagpdfTeX warning (ext4): destination with the same identifier (na
me{equation.3.15}) has been already used, duplicate ignored
<to be read again> 
                   \relax 
l.393 \beq
          \notagpdfTeX warning (ext4): destination with the same identifier (na
me{equation.3.15}) has been already used, duplicate ignored
<to be read again> 
                   \relax 
l.393 \beq
          \notagpdfTeX warning (ext4): destination with the same identifier (na
me{equation.3.15}) has been already used, duplicate ignored
<to be read again> 
                   \relax 
l.401 \beq
          \notagpdfTeX warning (ext4): destination with the same identifier (na
me{equation.3.15}) has been already used, duplicate ignored
<to be read again> 
                   \relax 
l.401 \beq
          \notagpdfTeX warning (ext4): destination with the same identifier (na
me{equation.3.15}) has been already used, duplicate ignored
<to be read again> 
                   \relax 
l.401 \beq
          \notagpdfTeX warning (ext4): destination with the same identifier (na
me{equation.3.15}) has been already used, duplicate ignored
<to be read again> 
                   \relax 
l.401 \beq
          \notag [9pdfTeX warning (ext4): destination with the same identifier 
(name{equation.3.15}) has been already used, duplicate ignored
<argument> ...shipout:D \box_use:N \l_shipout_box 
                                                  
l.429 \end{lemmacoloured}
                         ] [10pdfTeX warning (ext4): destination with the same 
identifier (name{equation.4.15}) has been already used, duplicate ignored
<argument> ...shipout:D \box_use:N \l_shipout_box 
                                                  
l.485 \beq
          \notagpdfTeX warning (ext4): destination with the same identifier (na
me{equation.4.15}) has been already used, duplicate ignored
<argument> ...shipout:D \box_use:N \l_shipout_box 
                                                  
l.485 \beq
          \notagpdfTeX warning (ext4): destination with the same identifier (na
me{equation.4.15}) has been already used, duplicate ignored
<argument> ...shipout:D \box_use:N \l_shipout_box 
                                                  
l.485 \beq
          \notagpdfTeX warning (ext4): destination with the same identifier (na
me{equation.4.15}) has been already used, duplicate ignored
<argument> ...shipout:D \box_use:N \l_shipout_box 
                                                  
l.485 \beq
          \notagpdfTeX warning (ext4): destination with the same identifier (na
me{equation.4.15}) has been already used, duplicate ignored
<argument> ...shipout:D \box_use:N \l_shipout_box 
                                                  
l.485 \beq
          \notagpdfTeX warning (ext4): destination with the same identifier (na
me{equation.4.15}) has been already used, duplicate ignored
<argument> ...shipout:D \box_use:N \l_shipout_box 
                                                  
l.485 \beq
          \notag]pdfTeX warning (ext4): destination with the same identifier (n
ame{equation.4.15}) has been already used, duplicate ignored
<to be read again> 
                   \relax 
l.485 \beq
          \notagpdfTeX warning (ext4): destination with the same identifier (na
me{equation.4.15}) has been already used, duplicate ignored
<to be read again> 
                   \relax 
l.485 \beq
          \notagpdfTeX warning (ext4): destination with the same identifier (na
me{equation.4.15}) has been already used, duplicate ignored
<to be read again> 
                   \relax 
l.485 \beq
          \notagpdfTeX warning (ext4): destination with the same identifier (na
me{equation.4.15}) has been already used, duplicate ignored
<to be read again> 
                   \relax 
l.485 \beq
          \notagpdfTeX warning (ext4): destination with the same identifier (na
me{equation.4.15}) has been already used, duplicate ignored
<to be read again> 
                   \relax 
l.493 \beq
          \notagpdfTeX warning (ext4): destination with the same identifier (na
me{equation.4.15}) has been already used, duplicate ignored
<to be read again> 
                   \relax 
l.493 \beq
          \notagpdfTeX warning (ext4): destination with the same identifier (na
me{equation.4.15}) has been already used, duplicate ignored
<to be read again> 
                   \relax 
l.493 \beq
          \notagpdfTeX warning (ext4): destination with the same identifier (na
me{equation.4.15}) has been already used, duplicate ignored
<to be read again> 
                   \relax 
l.493 \beq
          \notagpdfTeX warning (ext4): destination with the same identifier (na
me{equation.4.15}) has been already used, duplicate ignored
<to be read again> 
                   \relax 
l.498 \beq
          \notagpdfTeX warning (ext4): destination with the same identifier (na
me{equation.4.15}) has been already used, duplicate ignored
<to be read again> 
                   \relax 
l.498 \beq
          \notagpdfTeX warning (ext4): destination with the same identifier (na
me{equation.4.15}) has been already used, duplicate ignored
<to be read again> 
                   \relax 
l.498 \beq
          \notagpdfTeX warning (ext4): destination with the same identifier (na
me{equation.4.15}) has been already used, duplicate ignored
<to be read again> 
                   \relax 
l.498 \beq
          \notagpdfTeX warning (ext4): destination with the same identifier (na
me{equation.4.15}) has been already used, duplicate ignored
<to be read again> 
                   \relax 
l.505 \beq
          \notagpdfTeX warning (ext4): destination with the same identifier (na
me{equation.4.15}) has been already used, duplicate ignored
<to be read again> 
                   \relax 
l.505 \beq
          \notagpdfTeX warning (ext4): destination with the same identifier (na
me{equation.4.15}) has been already used, duplicate ignored
<to be read again> 
                   \relax 
l.505 \beq
          \notagpdfTeX warning (ext4): destination with the same identifier (na
me{equation.4.15}) has been already used, duplicate ignored
<to be read again> 
                   \relax 
l.505 \beq
          \notagpdfTeX warning (ext4): destination with the same identifier (na
me{equation.4.15}) has been already used, duplicate ignored
<to be read again> 
                   \relax 
l.512 \beq
          \notagpdfTeX warning (ext4): destination with the same identifier (na
me{equation.4.15}) has been already used, duplicate ignored
<to be read again> 
                   \relax 
l.512 \beq
          \notagpdfTeX warning (ext4): destination with the same identifier (na
me{equation.4.15}) has been already used, duplicate ignored
<to be read again> 
                   \relax 
l.512 \beq
          \notagpdfTeX warning (ext4): destination with the same identifier (na
me{equation.4.15}) has been already used, duplicate ignored
<to be read again> 
                   \relax 
l.512 \beq
          \notagpdfTeX warning (ext4): destination with the same identifier (na
me{equation.4.15}) has been already used, duplicate ignored
<to be read again> 
                   \relax 
l.520 \beq
          \notagpdfTeX warning (ext4): destination with the same identifier (na
me{equation.4.15}) has been already used, duplicate ignored
<to be read again> 
                   \relax 
l.520 \beq
          \notagpdfTeX warning (ext4): destination with the same identifier (na
me{equation.4.15}) has been already used, duplicate ignored
<to be read again> 
                   \relax 
l.520 \beq
          \notagpdfTeX warning (ext4): destination with the same identifier (na
me{equation.4.15}) has been already used, duplicate ignored
<to be read again> 
                   \relax 
l.520 \beq
          \notagpdfTeX warning (ext4): destination with the same identifier (na
me{equation.4.15}) has been already used, duplicate ignored
<to be read again> 
                   \relax 
l.524 \beq
          \notagpdfTeX warning (ext4): destination with the same identifier (na
me{equation.4.15}) has been already used, duplicate ignored
<to be read again> 
                   \relax 
l.524 \beq
          \notagpdfTeX warning (ext4): destination with the same identifier (na
me{equation.4.15}) has been already used, duplicate ignored
<to be read again> 
                   \relax 
l.524 \beq
          \notagpdfTeX warning (ext4): destination with the same identifier (na
me{equation.4.15}) has been already used, duplicate ignored
<to be read again> 
                   \relax 
l.524 \beq
          \notagpdfTeX warning (ext4): destination with the same identifier (na
me{equation.4.15}) has been already used, duplicate ignored
<to be read again> 
                   \relax 
l.530 \beq
          \notagpdfTeX warning (ext4): destination with the same identifier (na
me{equation.4.15}) has been already used, duplicate ignored
<to be read again> 
                   \relax 
l.530 \beq
          \notagpdfTeX warning (ext4): destination with the same identifier (na
me{equation.4.15}) has been already used, duplicate ignored
<to be read again> 
                   \relax 
l.530 \beq
          \notagpdfTeX warning (ext4): destination with the same identifier (na
me{equation.4.15}) has been already used, duplicate ignored
<to be read again> 
                   \relax 
l.530 \beq
          \notag [11]pdfTeX warning (ext4): destination with the same identifie
r (name{equation.4.15}) has been already used, duplicate ignored
<to be read again> 
                   \relax 
l.539 {\small \beq
                  \notagpdfTeX warning (ext4): destination with the same identi
fier (name{equation.4.15}) has been already used, duplicate ignored
<to be read again> 
                   \relax 
l.539 {\small \beq
                  \notagpdfTeX warning (ext4): destination with the same identi
fier (name{equation.4.15}) has been already used, duplicate ignored
<to be read again> 
                   \relax 
l.539 {\small \beq
                  \notagpdfTeX warning (ext4): destination with the same identi
fier (name{equation.4.15}) has been already used, duplicate ignored
<to be read again> 
                   \relax 
l.539 {\small \beq
                  \notagpdfTeX warning (ext4): destination with the same identi
fier (name{equation.4.15}) has been already used, duplicate ignored
<to be read again> 
                   \relax 
l.547 \beq
          \notagpdfTeX warning (ext4): destination with the same identifier (na
me{equation.4.15}) has been already used, duplicate ignored
<to be read again> 
                   \relax 
l.547 \beq
          \notagpdfTeX warning (ext4): destination with the same identifier (na
me{equation.4.15}) has been already used, duplicate ignored
<to be read again> 
                   \relax 
l.547 \beq
          \notagpdfTeX warning (ext4): destination with the same identifier (na
me{equation.4.15}) has been already used, duplicate ignored
<to be read again> 
                   \relax 
l.547 \beq
          \notagpdfTeX warning (ext4): destination with the same identifier (na
me{equation.4.15}) has been already used, duplicate ignored
<to be read again> 
                   \relax 
l.559 \beq
          \notagpdfTeX warning (ext4): destination with the same identifier (na
me{equation.4.15}) has been already used, duplicate ignored
<to be read again> 
                   \relax 
l.559 \beq
          \notagpdfTeX warning (ext4): destination with the same identifier (na
me{equation.4.15}) has been already used, duplicate ignored
<to be read again> 
                   \relax 
l.559 \beq
          \notagpdfTeX warning (ext4): destination with the same identifier (na
me{equation.4.15}) has been already used, duplicate ignored
<to be read again> 
                   \relax 
l.559 \beq
          \notagpdfTeX warning (ext4): destination with the same identifier (na
me{equation.4.15}) has been already used, duplicate ignored
<to be read again> 
                   \relax 
l.570 \beq
          \label{eq:vrsaem_drift_main}pdfTeX warning (ext4): destination with t
he same identifier (name{equation.4.15}) has been already used, duplicate ignor
ed
<to be read again> 
                   \relax 
l.570 \beq
          \label{eq:vrsaem_drift_main}pdfTeX warning (ext4): destination with t
he same identifier (name{equation.4.15}) has been already used, duplicate ignor
ed
<to be read again> 
                   \relax 
l.570 \beq
          \label{eq:vrsaem_drift_main}pdfTeX warning (ext4): destination with t
he same identifier (name{equation.4.15}) has been already used, duplicate ignor
ed
<to be read again> 
                   \relax 
l.570 \beq
          \label{eq:vrsaem_drift_main} [12] [13pdfTeX warning (ext4): destinati
on with the same identifier (name{equation.4.17}) has been already used, duplic
ate ignored
<argument> ...shipout:D \box_use:N \l_shipout_box 
                                                  
l.637 \eeq
          pdfTeX warning (ext4): destination with the same identifier (name{equ
ation.4.18}) has been already used, duplicate ignored
<argument> ...shipout:D \box_use:N \l_shipout_box 
                                                  
l.637 \eeq
          pdfTeX warning (ext4): destination with the same identifier (name{equ
ation.4.18}) has been already used, duplicate ignored
<argument> ...shipout:D \box_use:N \l_shipout_box 
                                                  
l.637 \eeq
          pdfTeX warning (ext4): destination with the same identifier (name{equ
ation.4.18}) has been already used, duplicate ignored
<argument> ...shipout:D \box_use:N \l_shipout_box 
                                                  
l.637 \eeq
          ]pdfTeX warning (ext4): destination with the same identifier (name{eq
uation.4.18}) has been already used, duplicate ignored
<to be read again> 
                   \relax 
l.649 \beq
          \notagpdfTeX warning (ext4): destination with the same identifier (na
me{equation.4.18}) has been already used, duplicate ignored
<to be read again> 
                   \relax 
l.649 \beq
          \notagpdfTeX warning (ext4): destination with the same identifier (na
me{equation.4.18}) has been already used, duplicate ignored
<to be read again> 
                   \relax 
l.649 \beq
          \notagpdfTeX warning (ext4): destination with the same identifier (na
me{equation.4.18}) has been already used, duplicate ignored
<to be read again> 
                   \relax 
l.649 \beq
          \notagpdfTeX warning (ext4): destination with the same identifier (na
me{equation.4.18}) has been already used, duplicate ignored
<to be read again> 
                   \relax 
l.659 \beq
          \notagpdfTeX warning (ext4): destination with the same identifier (na
me{equation.4.18}) has been already used, duplicate ignored
<to be read again> 
                   \relax 
l.659 \beq
          \notagpdfTeX warning (ext4): destination with the same identifier (na
me{equation.4.18}) has been already used, duplicate ignored
<to be read again> 
                   \relax 
l.659 \beq
          \notagpdfTeX warning (ext4): destination with the same identifier (na
me{equation.4.18}) has been already used, duplicate ignored
<to be read again> 
                   \relax 
l.659 \beq
          \notag
Overfull \hbox (3.58647pt too wide) detected at line 663
[]
 []

pdfTeX warning (ext4): destination with the same identifier (name{equation.4.18
}) has been already used, duplicate ignored
<to be read again> 
                   \relax 
l.671 \beq
          \notagpdfTeX warning (ext4): destination with the same identifier (na
me{equation.4.18}) has been already used, duplicate ignored
<to be read again> 
                   \relax 
l.671 \beq
          \notagpdfTeX warning (ext4): destination with the same identifier (na
me{equation.4.18}) has been already used, duplicate ignored
<to be read again> 
                   \relax 
l.671 \beq
          \notagpdfTeX warning (ext4): destination with the same identifier (na
me{equation.4.18}) has been already used, duplicate ignored
<to be read again> 
                   \relax 
l.671 \beq
          \notagpdfTeX warning (ext4): destination with the same identifier (na
me{equation.4.18}) has been already used, duplicate ignored
<to be read again> 
                   \relax 
l.682 \beq
          \label{eq:fisaem_drift_main}pdfTeX warning (ext4): destination with t
he same identifier (name{equation.4.18}) has been already used, duplicate ignor
ed
<to be read again> 
                   \relax 
l.682 \beq
          \label{eq:fisaem_drift_main}pdfTeX warning (ext4): destination with t
he same identifier (name{equation.4.18}) has been already used, duplicate ignor
ed
<to be read again> 
                   \relax 
l.682 \beq
          \label{eq:fisaem_drift_main}pdfTeX warning (ext4): destination with t
he same identifier (name{equation.4.18}) has been already used, duplicate ignor
ed
<to be read again> 
                   \relax 
l.682 \beq
          \label{eq:fisaem_drift_main} [14pdfTeX warning (ext4): destination wi
th the same identifier (name{equation.4.18}) has been already used, duplicate i
gnored
<argument> ...shipout:D \box_use:N \l_shipout_box 
                                                  
l.691 \eeq
          ] [15pdfTeX warning (ext4): destination with the same identifier (nam
e{equation.4.20}) has been already used, duplicate ignored
<argument> ...shipout:D \box_use:N \l_shipout_box 
                                                  
l.740 \eeq
          pdfTeX warning (ext4): destination with the same identifier (name{equ
ation.4.21}) has been already used, duplicate ignored
<argument> ...shipout:D \box_use:N \l_shipout_box 
                                                  
l.740 \eeq
          pdfTeX warning (ext4): destination with the same identifier (name{equ
ation.4.21}) has been already used, duplicate ignored
<argument> ...shipout:D \box_use:N \l_shipout_box 
                                                  
l.740 \eeq
          ]pdfTeX warning (ext4): destination with the same identifier (name{eq
uation.4.21}) has been already used, duplicate ignored
<to be read again> 
                   \relax 
l.743 \beq
          \notagpdfTeX warning (ext4): destination with the same identifier (na
me{equation.4.21}) has been already used, duplicate ignored
<to be read again> 
                   \relax 
l.743 \beq
          \notagpdfTeX warning (ext4): destination with the same identifier (na
me{equation.4.21}) has been already used, duplicate ignored
<to be read again> 
                   \relax 
l.743 \beq
          \notagpdfTeX warning (ext4): destination with the same identifier (na
me{equation.4.21}) has been already used, duplicate ignored
<to be read again> 
                   \relax 
l.743 \beq
          \notag
LaTeX Font Info:    Trying to load font information for U+dsrom on input line 7
69.

(/usr/local/texlive/2021/texmf-dist/tex/latex/doublestroke/Udsrom.fd
File: Udsrom.fd 1995/08/01 v0.1 Double stroke roman font definitions
) [16pdfTeX warning (ext4): destination with the same identifier (name{equation
.4.21}) has been already used, duplicate ignored
<argument> ...shipout:D \box_use:N \l_shipout_box 
                                                  
l.780 \beq
           \label{eq:gmm_exp}]pdfTeX warning (ext4): destination with the same 
identifier (name{equation.5.21}) has been already used, duplicate ignored
<to be read again> 
                   \relax 
l.780 \beq
           \label{eq:gmm_exp}pdfTeX warning (ext4): destination with the same i
dentifier (name{equation.5.21}) has been already used, duplicate ignored
<to be read again> 
                   \relax 
l.780 \beq
           \label{eq:gmm_exp}pdfTeX warning (ext4): destination with the same i
dentifier (name{equation.5.21}) has been already used, duplicate ignored
<to be read again> 
                   \relax 
l.780 \beq
           \label{eq:gmm_exp}pdfTeX warning (ext4): destination with the same i
dentifier (name{equation.5.21}) has been already used, duplicate ignored
<to be read again> 
                   \relax 
l.780 \beq
           \label{eq:gmm_exp}
Package epstopdf Info: Source file: <fig/figgmm.eps>
(epstopdf)                    date: 2021-06-28 14:36:02
(epstopdf)                    size: 277992 bytes
(epstopdf)             Output file: <fig/figgmm-eps-converted-to.pdf>
(epstopdf)                    date: 2021-06-28 14:36:02
(epstopdf)                    size: 83068 bytes
(epstopdf)             Command: <repstopdf --outfile=fig/figgmm-eps-converted-t
o.pdf fig/figgmm.eps>
(epstopdf)             \includegraphics on input line 827.
Package epstopdf Info: Output file is already uptodate.
<fig/figgmm-eps-converted-to.pdf, id=491, 421.575pt x 316.18124pt>
File: fig/figgmm-eps-converted-to.pdf Graphic file (type pdf)
<use fig/figgmm-eps-converted-to.pdf>
Package pdftex.def Info: fig/figgmm-eps-converted-to.pdf  used on input line 82
7.
(pdftex.def)             Requested size: 216.81pt x 162.61081pt.
 [17] [18 <./fig/figgmm-eps-converted-to.pdf>]pdfTeX warning (ext4): destinatio
n with the same identifier (name{equation.5.26}) has been already used, duplica
te ignored
<to be read again> 
                   \relax 
l.888 \beq
          \label{eq:deformablemodel}pdfTeX warning (ext4): destination with the
 same identifier (name{equation.5.26}) has been already used, duplicate ignored

<to be read again> 
                   \relax 
l.888 \beq
          \label{eq:deformablemodel}pdfTeX warning (ext4): destination with the
 same identifier (name{equation.5.26}) has been already used, duplicate ignored

<to be read again> 
                   \relax 
l.888 \beq
          \label{eq:deformablemodel}pdfTeX warning (ext4): destination with the
 same identifier (name{equation.5.26}) has been already used, duplicate ignored

<to be read again> 
                   \relax 
l.888 \beq
          \label{eq:deformablemodel} [19pdfTeX warning (ext4): destination with
 the same identifier (name{equation.5.27}) has been already used, duplicate ign
ored
<argument> ...shipout:D \box_use:N \l_shipout_box 
                                                  
l.911 \eeq
          ]
<fig/variancedigit.png, id=557, 1835.85875pt x 67.25125pt>
File: fig/variancedigit.png Graphic file (type png)
<use fig/variancedigit.png>
Package pdftex.def Info: fig/variancedigit.png  used on input line 935.
(pdftex.def)             Requested size: 498.405pt x 18.25761pt.
<fig/deformable3.png, id=560, 1053.9375pt x 265.99374pt>
File: fig/deformable3.png Graphic file (type png)
<use fig/deformable3.png>
Package pdftex.def Info: fig/deformable3.png  used on input line 942.
(pdftex.def)             Requested size: 498.405pt x 125.78822pt.


LaTeX Warning: `h' float specifier changed to `ht'.

[20pdfTeX warning (ext4): destination with the same identifier (name{equation.5
.27}) has been already used, duplicate ignored
<argument> ...shipout:D \box_use:N \l_shipout_box 
                                                  
l.963 
      pdfTeX warning (ext4): destination with the same identifier (name{equatio
n.5.28}) has been already used, duplicate ignored
<argument> ...shipout:D \box_use:N \l_shipout_box 
                                                  
l.963 
       <./fig/variancedigit.png>]pdfTeX warning (ext4): destination with the sa
me identifier (name{equation.5.28}) has been already used, duplicate ignored
<to be read again> 
                   \relax 
l.976 \begin{equation}
                       \label{eq:pkmodel}pdfTeX warning (ext4): destination wit
h the same identifier (name{equation.5.28}) has been already used, duplicate ig
nored
<to be read again> 
                   \relax 
l.976 \begin{equation}
                       \label{eq:pkmodel}pdfTeX warning (ext4): destination wit
h the same identifier (name{equation.5.28}) has been already used, duplicate ig
nored
<to be read again> 
                   \relax 
l.976 \begin{equation}
                       \label{eq:pkmodel}pdfTeX warning (ext4): destination wit
h the same identifier (name{equation.5.28}) has been already used, duplicate ig
nored
<to be read again> 
                   \relax 
l.976 \begin{equation}
                       \label{eq:pkmodel} [21 <./fig/deformable3.png>]pdfTeX wa
rning (ext4): destination with the same identifier (name{algorithm.2}) has been
 already used, duplicate ignored
<to be read again> 
                   \relax 
l.1071         \end{algorithm}
                              
Package epstopdf Info: Source file: <fig/figpk.eps>
(epstopdf)                    date: 2021-06-28 14:36:02
(epstopdf)                    size: 22836 bytes
(epstopdf)             Output file: <fig/figpk-eps-converted-to.pdf>
(epstopdf)                    date: 2021-06-28 14:36:02
(epstopdf)                    size: 6584 bytes
(epstopdf)             Command: <repstopdf --outfile=fig/figpk-eps-converted-to
.pdf fig/figpk.eps>
(epstopdf)             \includegraphics on input line 1077.
Package epstopdf Info: Output file is already uptodate.
<fig/figpk-eps-converted-to.pdf, id=600, 720.6925pt x 316.18124pt>
File: fig/figpk-eps-converted-to.pdf Graphic file (type pdf)
<use fig/figpk-eps-converted-to.pdf>
Package pdftex.def Info: fig/figpk-eps-converted-to.pdf  used on input line 107
7.
(pdftex.def)             Requested size: 310.76122pt x 136.33641pt.
 [22] [23 <./fig/figpk-eps-converted-to.pdf>]
(./main_jcgs.bbl [24] [25]) [26] [27pdfTeX warning (ext4): destination with the
 same identifier (name{equation.A.33}) has been already used, duplicate ignored

<argument> ...shipout:D \box_use:N \l_shipout_box 
                                                  
l.1176 \eeq
           pdfTeX warning (ext4): destination with the same identifier (name{eq
uation.A.33}) has been already used, duplicate ignored
<argument> ...shipout:D \box_use:N \l_shipout_box 
                                                  
l.1176 \eeq
           pdfTeX warning (ext4): destination with the same identifier (name{eq
uation.A.33}) has been already used, duplicate ignored
<argument> ...shipout:D \box_use:N \l_shipout_box 
                                                  
l.1176 \eeq
           pdfTeX warning (ext4): destination with the same identifier (name{eq
uation.A.33}) has been already used, duplicate ignored
<argument> ...shipout:D \box_use:N \l_shipout_box 
                                                  
l.1176 \eeq
           ]pdfTeX warning (ext4): destination with the same identifier (name{e
quation.A.33}) has been already used, duplicate ignored
<to be read again> 
                   \relax 
l.1178 \beq
           \notagpdfTeX warning (ext4): destination with the same identifier (n
ame{equation.A.33}) has been already used, duplicate ignored
<to be read again> 
                   \relax 
l.1178 \beq
           \notagpdfTeX warning (ext4): destination with the same identifier (n
ame{equation.A.33}) has been already used, duplicate ignored
<to be read again> 
                   \relax 
l.1178 \beq
           \notagpdfTeX warning (ext4): destination with the same identifier (n
ame{equation.A.33}) has been already used, duplicate ignored
<to be read again> 
                   \relax 
l.1178 \beq
           \notag
Overfull \hbox (5.41002pt too wide) in paragraph at lines 1187--1188
[]\OT1/ptm/m/n/12 We also de-rived the fol-low-ing aux-il-iary Lemma which sets
 an up-per bound for the quan-tity $\U/msb/m/n/12 E\OT1/cmr/m/n/12 [\OMS/cmsy/m
/n/12 k\OML/cmm/m/it/12 S[] \OMS/cmsy/m/n/12 ^^@
 []

pdfTeX warning (ext4): destination with the same identifier (name{equation.A.33
}) has been already used, duplicate ignored
<to be read again> 
                   \relax 
l.1190 \beq
           \notagpdfTeX warning (ext4): destination with the same identifier (n
ame{equation.A.33}) has been already used, duplicate ignored
<to be read again> 
                   \relax 
l.1190 \beq
           \notagpdfTeX warning (ext4): destination with the same identifier (n
ame{equation.A.33}) has been already used, duplicate ignored
<to be read again> 
                   \relax 
l.1190 \beq
           \notagpdfTeX warning (ext4): destination with the same identifier (n
ame{equation.A.33}) has been already used, duplicate ignored
<to be read again> 
                   \relax 
l.1190 \beq
           \notagpdfTeX warning (ext4): destination with the same identifier (n
ame{equation.A.33}) has been already used, duplicate ignored
<to be read again> 
                   \relax 
l.1201 \beq
           \notagpdfTeX warning (ext4): destination with the same identifier (n
ame{equation.A.33}) has been already used, duplicate ignored
<to be read again> 
                   \relax 
l.1201 \beq
           \notagpdfTeX warning (ext4): destination with the same identifier (n
ame{equation.A.33}) has been already used, duplicate ignored
<to be read again> 
                   \relax 
l.1201 \beq
           \notagpdfTeX warning (ext4): destination with the same identifier (n
ame{equation.A.33}) has been already used, duplicate ignored
<to be read again> 
                   \relax 
l.1201 \beq
           \notagpdfTeX warning (ext4): destination with the same identifier (n
ame{equation.A.33}) has been already used, duplicate ignored
<to be read again> 
                   \relax 
l.1210 \beq
           \notagpdfTeX warning (ext4): destination with the same identifier (n
ame{equation.A.33}) has been already used, duplicate ignored
<to be read again> 
                   \relax 
l.1210 \beq
           \notagpdfTeX warning (ext4): destination with the same identifier (n
ame{equation.A.33}) has been already used, duplicate ignored
<to be read again> 
                   \relax 
l.1210 \beq
           \notagpdfTeX warning (ext4): destination with the same identifier (n
ame{equation.A.33}) has been already used, duplicate ignored
<to be read again> 
                   \relax 
l.1210 \beq
           \notagpdfTeX warning (ext4): destination with the same identifier (n
ame{equation.A.33}) has been already used, duplicate ignored
<to be read again> 
                   \relax 
l.1225 \beq
           \notagpdfTeX warning (ext4): destination with the same identifier (n
ame{equation.A.33}) has been already used, duplicate ignored
<to be read again> 
                   \relax 
l.1225 \beq
           \notagpdfTeX warning (ext4): destination with the same identifier (n
ame{equation.A.33}) has been already used, duplicate ignored
<to be read again> 
                   \relax 
l.1225 \beq
           \notagpdfTeX warning (ext4): destination with the same identifier (n
ame{equation.A.33}) has been already used, duplicate ignored
<to be read again> 
                   \relax 
l.1225 \beq
           \notag [28pdfTeX warning (ext4): destination with the same identifie
r (name{equation.A.33}) has been already used, duplicate ignored
<argument> ...shipout:D \box_use:N \l_shipout_box 
                                                  
l.1227 \eeq
           pdfTeX warning (ext4): destination with the same identifier (name{eq
uation.A.33}) has been already used, duplicate ignored
<argument> ...shipout:D \box_use:N \l_shipout_box 
                                                  
l.1227 \eeq
           ]pdfTeX warning (ext4): destination with the same identifier (name{e
quation.A.33}) has been already used, duplicate ignored
<to be read again> 
                   \relax 
l.1233 \beq
           \notagpdfTeX warning (ext4): destination with the same identifier (n
ame{equation.A.33}) has been already used, duplicate ignored
<to be read again> 
                   \relax 
l.1233 \beq
           \notagpdfTeX warning (ext4): destination with the same identifier (n
ame{equation.A.33}) has been already used, duplicate ignored
<to be read again> 
                   \relax 
l.1233 \beq
           \notagpdfTeX warning (ext4): destination with the same identifier (n
ame{equation.A.33}) has been already used, duplicate ignored
<to be read again> 
                   \relax 
l.1233 \beq
           \notagpdfTeX warning (ext4): destination with the same identifier (n
ame{equation.A.33}) has been already used, duplicate ignored
<to be read again> 
                   \relax 
l.1240 \beq
           \notagpdfTeX warning (ext4): destination with the same identifier (n
ame{equation.A.33}) has been already used, duplicate ignored
<to be read again> 
                   \relax 
l.1240 \beq
           \notagpdfTeX warning (ext4): destination with the same identifier (n
ame{equation.A.33}) has been already used, duplicate ignored
<to be read again> 
                   \relax 
l.1240 \beq
           \notagpdfTeX warning (ext4): destination with the same identifier (n
ame{equation.A.33}) has been already used, duplicate ignored
<to be read again> 
                   \relax 
l.1240 \beq
           \notagpdfTeX warning (ext4): destination with the same identifier (n
ame{equation.A.33}) has been already used, duplicate ignored
<to be read again> 
                   \relax 
l.1248 \beq
           \notagpdfTeX warning (ext4): destination with the same identifier (n
ame{equation.A.33}) has been already used, duplicate ignored
<to be read again> 
                   \relax 
l.1248 \beq
           \notagpdfTeX warning (ext4): destination with the same identifier (n
ame{equation.A.33}) has been already used, duplicate ignored
<to be read again> 
                   \relax 
l.1248 \beq
           \notagpdfTeX warning (ext4): destination with the same identifier (n
ame{equation.A.33}) has been already used, duplicate ignored
<to be read again> 
                   \relax 
l.1248 \beq
           \notagpdfTeX warning (ext4): destination with the same identifier (n
ame{equation.A.33}) has been already used, duplicate ignored
<to be read again> 
                   \relax 
l.1263 \beq
           \label{eq:final1}pdfTeX warning (ext4): destination with the same id
entifier (name{equation.A.33}) has been already used, duplicate ignored
<to be read again> 
                   \relax 
l.1263 \beq
           \label{eq:final1}pdfTeX warning (ext4): destination with the same id
entifier (name{equation.A.33}) has been already used, duplicate ignored
<to be read again> 
                   \relax 
l.1263 \beq
           \label{eq:final1}pdfTeX warning (ext4): destination with the same id
entifier (name{equation.A.33}) has been already used, duplicate ignored
<to be read again> 
                   \relax 
l.1263 \beq
           \label{eq:final1} [29] [30pdfTeX warning (ext4): destination with th
e same identifier (name{equation.A.35}) has been already used, duplicate ignore
d
<argument> ...shipout:D \box_use:N \l_shipout_box 
                                                  
l.1316 \eeq
           pdfTeX warning (ext4): destination with the same identifier (name{eq
uation.A.35}) has been already used, duplicate ignored
<argument> ...shipout:D \box_use:N \l_shipout_box 
                                                  
l.1316 \eeq
           pdfTeX warning (ext4): destination with the same identifier (name{eq
uation.A.35}) has been already used, duplicate ignored
<argument> ...shipout:D \box_use:N \l_shipout_box 
                                                  
l.1316 \eeq
           ]pdfTeX warning (ext4): destination with the same identifier (name{e
quation.A.35}) has been already used, duplicate ignored
<to be read again> 
                   \relax 
l.1318 \beq
           \notagpdfTeX warning (ext4): destination with the same identifier (n
ame{equation.A.35}) has been already used, duplicate ignored
<to be read again> 
                   \relax 
l.1318 \beq
           \notagpdfTeX warning (ext4): destination with the same identifier (n
ame{equation.A.35}) has been already used, duplicate ignored
<to be read again> 
                   \relax 
l.1318 \beq
           \notagpdfTeX warning (ext4): destination with the same identifier (n
ame{equation.A.35}) has been already used, duplicate ignored
<to be read again> 
                   \relax 
l.1318 \beq
           \notagpdfTeX warning (ext4): destination with the same identifier (n
ame{equation.A.35}) has been already used, duplicate ignored
<to be read again> 
                   \relax 
l.1326 \beq
           \notagpdfTeX warning (ext4): destination with the same identifier (n
ame{equation.A.35}) has been already used, duplicate ignored
<to be read again> 
                   \relax 
l.1326 \beq
           \notagpdfTeX warning (ext4): destination with the same identifier (n
ame{equation.A.35}) has been already used, duplicate ignored
<to be read again> 
                   \relax 
l.1326 \beq
           \notagpdfTeX warning (ext4): destination with the same identifier (n
ame{equation.A.35}) has been already used, duplicate ignored
<to be read again> 
                   \relax 
l.1326 \beq
           \notagpdfTeX warning (ext4): destination with the same identifier (n
ame{equation.A.35}) has been already used, duplicate ignored
<to be read again> 
                   \relax 
l.1332 \beq
           \notagpdfTeX warning (ext4): destination with the same identifier (n
ame{equation.A.35}) has been already used, duplicate ignored
<to be read again> 
                   \relax 
l.1332 \beq
           \notagpdfTeX warning (ext4): destination with the same identifier (n
ame{equation.A.35}) has been already used, duplicate ignored
<to be read again> 
                   \relax 
l.1332 \beq
           \notagpdfTeX warning (ext4): destination with the same identifier (n
ame{equation.A.35}) has been already used, duplicate ignored
<to be read again> 
                   \relax 
l.1332 \beq
           \notagpdfTeX warning (ext4): destination with the same identifier (n
ame{equation.A.35}) has been already used, duplicate ignored
<to be read again> 
                   \relax 
l.1343 \beq
           \label{eq:Delta}pdfTeX warning (ext4): destination with the same ide
ntifier (name{equation.A.35}) has been already used, duplicate ignored
<to be read again> 
                   \relax 
l.1343 \beq
           \label{eq:Delta}pdfTeX warning (ext4): destination with the same ide
ntifier (name{equation.A.35}) has been already used, duplicate ignored
<to be read again> 
                   \relax 
l.1343 \beq
           \label{eq:Delta}pdfTeX warning (ext4): destination with the same ide
ntifier (name{equation.A.35}) has been already used, duplicate ignored
<to be read again> 
                   \relax 
l.1343 \beq
           \label{eq:Delta} [31pdfTeX warning (ext4): destination with the same
 identifier (name{equation.A.35}) has been already used, duplicate ignored
<argument> ...shipout:D \box_use:N \l_shipout_box 
                                                  
l.1351 \eeq
           ]
Overfull \hbox (25.11623pt too wide) detected at line 1369
[]
 []

[32]pdfTeX warning (ext4): destination with the same identifier (name{equation.
A.37}) has been already used, duplicate ignored
<to be read again> 
                   \relax 
l.1383 \beq
           \notagpdfTeX warning (ext4): destination with the same identifier (n
ame{equation.A.37}) has been already used, duplicate ignored
<to be read again> 
                   \relax 
l.1383 \beq
           \notagpdfTeX warning (ext4): destination with the same identifier (n
ame{equation.A.37}) has been already used, duplicate ignored
<to be read again> 
                   \relax 
l.1383 \beq
           \notagpdfTeX warning (ext4): destination with the same identifier (n
ame{equation.A.37}) has been already used, duplicate ignored
<to be read again> 
                   \relax 
l.1383 \beq
           \notag [33] [34

pdfTeX warning (ext4): destination with the same identifier (name{equation.B.37
}) has been already used, duplicate ignored
<argument> ...shipout:D \box_use:N \l_shipout_box 
                                                  
l.1452 \eeq
           pdfTeX warning (ext4): destination with the same identifier (name{eq
uation.B.39}) has been already used, duplicate ignored
<argument> ...shipout:D \box_use:N \l_shipout_box 
                                                  
l.1452 \eeq
           ] [35pdfTeX warning (ext4): destination with the same identifier (na
me{equation.B.39}) has been already used, duplicate ignored
<argument> ...shipout:D \box_use:N \l_shipout_box 
                                                  
l.1501 \end{proof}
                  pdfTeX warning (ext4): destination with the same identifier (
name{equation.B.41}) has been already used, duplicate ignored
<argument> ...shipout:D \box_use:N \l_shipout_box 
                                                  
l.1501 \end{proof}
                  pdfTeX warning (ext4): destination with the same identifier (
name{equation.B.41}) has been already used, duplicate ignored
<argument> ...shipout:D \box_use:N \l_shipout_box 
                                                  
l.1501 \end{proof}
                  pdfTeX warning (ext4): destination with the same identifier (
name{equation.B.41}) has been already used, duplicate ignored
<argument> ...shipout:D \box_use:N \l_shipout_box 
                                                  
l.1501 \end{proof}
                  ]pdfTeX warning (ext4): destination with the same identifier 
(name{equation.B.42}) has been already used, duplicate ignored
<to be read again> 
                   \relax 
l.1508 \beq
           \notagpdfTeX warning (ext4): destination with the same identifier (n
ame{equation.B.42}) has been already used, duplicate ignored
<to be read again> 
                   \relax 
l.1508 \beq
           \notagpdfTeX warning (ext4): destination with the same identifier (n
ame{equation.B.42}) has been already used, duplicate ignored
<to be read again> 
                   \relax 
l.1508 \beq
           \notagpdfTeX warning (ext4): destination with the same identifier (n
ame{equation.B.42}) has been already used, duplicate ignored
<to be read again> 
                   \relax 
l.1508 \beq
           \notagpdfTeX warning (ext4): destination with the same identifier (n
ame{equation.B.42}) has been already used, duplicate ignored
<to be read again> 
                   \relax 
l.1518 \beq
           \notagpdfTeX warning (ext4): destination with the same identifier (n
ame{equation.B.42}) has been already used, duplicate ignored
<to be read again> 
                   \relax 
l.1518 \beq
           \notagpdfTeX warning (ext4): destination with the same identifier (n
ame{equation.B.42}) has been already used, duplicate ignored
<to be read again> 
                   \relax 
l.1518 \beq
           \notagpdfTeX warning (ext4): destination with the same identifier (n
ame{equation.B.42}) has been already used, duplicate ignored
<to be read again> 
                   \relax 
l.1518 \beq
           \notag [36pdfTeX warning (ext4): destination with the same identifie
r (name{equation.B.42}) has been already used, duplicate ignored
<argument> ...shipout:D \box_use:N \l_shipout_box 
                                                  
l.1532 \clearpage
                 ]pdfTeX warning (ext4): destination with the same identifier (
name{equation.B.42}) has been already used, duplicate ignored
<to be read again> 
                   \relax 
l.1539 \beq
           \notagpdfTeX warning (ext4): destination with the same identifier (n
ame{equation.B.42}) has been already used, duplicate ignored
<to be read again> 
                   \relax 
l.1539 \beq
           \notagpdfTeX warning (ext4): destination with the same identifier (n
ame{equation.B.42}) has been already used, duplicate ignored
<to be read again> 
                   \relax 
l.1539 \beq
           \notagpdfTeX warning (ext4): destination with the same identifier (n
ame{equation.B.42}) has been already used, duplicate ignored
<to be read again> 
                   \relax 
l.1539 \beq
           \notagpdfTeX warning (ext4): destination with the same identifier (n
ame{equation.B.42}) has been already used, duplicate ignored
<to be read again> 
                   \relax 
l.1547 \beq
           \label{eq:smoothvrsaem}pdfTeX warning (ext4): destination with the s
ame identifier (name{equation.B.42}) has been already used, duplicate ignored
<to be read again> 
                   \relax 
l.1547 \beq
           \label{eq:smoothvrsaem}pdfTeX warning (ext4): destination with the s
ame identifier (name{equation.B.42}) has been already used, duplicate ignored
<to be read again> 
                   \relax 
l.1547 \beq
           \label{eq:smoothvrsaem}pdfTeX warning (ext4): destination with the s
ame identifier (name{equation.B.42}) has been already used, duplicate ignored
<to be read again> 
                   \relax 
l.1547 \beq
           \label{eq:smoothvrsaem} [37

]pdfTeX warning (ext4): destination with the same identifier (name{equation.B.4
4}) has been already used, duplicate ignored
<to be read again> 
                   \relax 
l.1585 \beq
           \notagpdfTeX warning (ext4): destination with the same identifier (n
ame{equation.B.44}) has been already used, duplicate ignored
<to be read again> 
                   \relax 
l.1585 \beq
           \notagpdfTeX warning (ext4): destination with the same identifier (n
ame{equation.B.44}) has been already used, duplicate ignored
<to be read again> 
                   \relax 
l.1585 \beq
           \notagpdfTeX warning (ext4): destination with the same identifier (n
ame{equation.B.44}) has been already used, duplicate ignored
<to be read again> 
                   \relax 
l.1585 \beq
           \notagpdfTeX warning (ext4): destination with the same identifier (n
ame{equation.B.44}) has been already used, duplicate ignored
<to be read again> 
                   \relax 
l.1589 \beq
           \notagpdfTeX warning (ext4): destination with the same identifier (n
ame{equation.B.44}) has been already used, duplicate ignored
<to be read again> 
                   \relax 
l.1589 \beq
           \notagpdfTeX warning (ext4): destination with the same identifier (n
ame{equation.B.44}) has been already used, duplicate ignored
<to be read again> 
                   \relax 
l.1589 \beq
           \notagpdfTeX warning (ext4): destination with the same identifier (n
ame{equation.B.44}) has been already used, duplicate ignored
<to be read again> 
                   \relax 
l.1589 \beq
           \notagpdfTeX warning (ext4): destination with the same identifier (n
ame{equation.B.44}) has been already used, duplicate ignored
<to be read again> 
                   \relax 
l.1593 \beq
           \notagpdfTeX warning (ext4): destination with the same identifier (n
ame{equation.B.44}) has been already used, duplicate ignored
<to be read again> 
                   \relax 
l.1593 \beq
           \notagpdfTeX warning (ext4): destination with the same identifier (n
ame{equation.B.44}) has been already used, duplicate ignored
<to be read again> 
                   \relax 
l.1593 \beq
           \notagpdfTeX warning (ext4): destination with the same identifier (n
ame{equation.B.44}) has been already used, duplicate ignored
<to be read again> 
                   \relax 
l.1593 \beq
           \notagpdfTeX warning (ext4): destination with the same identifier (n
ame{equation.B.44}) has been already used, duplicate ignored
<to be read again> 
                   \relax 
l.1602 \beq
           \notagpdfTeX warning (ext4): destination with the same identifier (n
ame{equation.B.44}) has been already used, duplicate ignored
<to be read again> 
                   \relax 
l.1602 \beq
           \notagpdfTeX warning (ext4): destination with the same identifier (n
ame{equation.B.44}) has been already used, duplicate ignored
<to be read again> 
                   \relax 
l.1602 \beq
           \notagpdfTeX warning (ext4): destination with the same identifier (n
ame{equation.B.44}) has been already used, duplicate ignored
<to be read again> 
                   \relax 
l.1602 \beq
           \notagpdfTeX warning (ext4): destination with the same identifier (n
ame{equation.B.44}) has been already used, duplicate ignored
<to be read again> 
                   \relax 
l.1612 \beq
           \notagpdfTeX warning (ext4): destination with the same identifier (n
ame{equation.B.44}) has been already used, duplicate ignored
<to be read again> 
                   \relax 
l.1612 \beq
           \notagpdfTeX warning (ext4): destination with the same identifier (n
ame{equation.B.44}) has been already used, duplicate ignored
<to be read again> 
                   \relax 
l.1612 \beq
           \notagpdfTeX warning (ext4): destination with the same identifier (n
ame{equation.B.44}) has been already used, duplicate ignored
<to be read again> 
                   \relax 
l.1612 \beq
           \notagpdfTeX warning (ext4): destination with the same identifier (n
ame{equation.B.44}) has been already used, duplicate ignored
<to be read again> 
                   \relax 
l.1620 \beq
           \notagpdfTeX warning (ext4): destination with the same identifier (n
ame{equation.B.44}) has been already used, duplicate ignored
<to be read again> 
                   \relax 
l.1620 \beq
           \notagpdfTeX warning (ext4): destination with the same identifier (n
ame{equation.B.44}) has been already used, duplicate ignored
<to be read again> 
                   \relax 
l.1620 \beq
           \notagpdfTeX warning (ext4): destination with the same identifier (n
ame{equation.B.44}) has been already used, duplicate ignored
<to be read again> 
                   \relax 
l.1620 \beq
           \notagpdfTeX warning (ext4): destination with the same identifier (n
ame{equation.B.44}) has been already used, duplicate ignored
<to be read again> 
                   \relax 
l.1628 \beq
           \notagpdfTeX warning (ext4): destination with the same identifier (n
ame{equation.B.44}) has been already used, duplicate ignored
<to be read again> 
                   \relax 
l.1628 \beq
           \notagpdfTeX warning (ext4): destination with the same identifier (n
ame{equation.B.44}) has been already used, duplicate ignored
<to be read again> 
                   \relax 
l.1628 \beq
           \notagpdfTeX warning (ext4): destination with the same identifier (n
ame{equation.B.44}) has been already used, duplicate ignored
<to be read again> 
                   \relax 
l.1628 \beq
           \notag [38pdfTeX warning (ext4): destination with the same identifie
r (name{equation.B.44}) has been already used, duplicate ignored
<argument> ...shipout:D \box_use:N \l_shipout_box 
                                                  
l.1633 \eeq
           ]pdfTeX warning (ext4): destination with the same identifier (name{e
quation.B.44}) has been already used, duplicate ignored
<to be read again> 
                   \relax 
l.1636 \beq
           \notagpdfTeX warning (ext4): destination with the same identifier (n
ame{equation.B.44}) has been already used, duplicate ignored
<to be read again> 
                   \relax 
l.1636 \beq
           \notagpdfTeX warning (ext4): destination with the same identifier (n
ame{equation.B.44}) has been already used, duplicate ignored
<to be read again> 
                   \relax 
l.1636 \beq
           \notagpdfTeX warning (ext4): destination with the same identifier (n
ame{equation.B.44}) has been already used, duplicate ignored
<to be read again> 
                   \relax 
l.1636 \beq
           \notag
Overfull \hbox (15.14507pt too wide) detected at line 1640
[]
 []

pdfTeX warning (ext4): destination with the same identifier (name{equation.B.44
}) has been already used, duplicate ignored
<to be read again> 
                   \relax 
l.1643 \beq
           \notagpdfTeX warning (ext4): destination with the same identifier (n
ame{equation.B.44}) has been already used, duplicate ignored
<to be read again> 
                   \relax 
l.1643 \beq
           \notagpdfTeX warning (ext4): destination with the same identifier (n
ame{equation.B.44}) has been already used, duplicate ignored
<to be read again> 
                   \relax 
l.1643 \beq
           \notagpdfTeX warning (ext4): destination with the same identifier (n
ame{equation.B.44}) has been already used, duplicate ignored
<to be read again> 
                   \relax 
l.1643 \beq
           \notagpdfTeX warning (ext4): destination with the same identifier (n
ame{equation.B.44}) has been already used, duplicate ignored
<to be read again> 
                   \relax 
l.1654 \beq
           \notagpdfTeX warning (ext4): destination with the same identifier (n
ame{equation.B.44}) has been already used, duplicate ignored
<to be read again> 
                   \relax 
l.1654 \beq
           \notagpdfTeX warning (ext4): destination with the same identifier (n
ame{equation.B.44}) has been already used, duplicate ignored
<to be read again> 
                   \relax 
l.1654 \beq
           \notagpdfTeX warning (ext4): destination with the same identifier (n
ame{equation.B.44}) has been already used, duplicate ignored
<to be read again> 
                   \relax 
l.1654 \beq
           \notagpdfTeX warning (ext4): destination with the same identifier (n
ame{equation.B.44}) has been already used, duplicate ignored
<to be read again> 
                   \relax 
l.1660 \beq
           \notagpdfTeX warning (ext4): destination with the same identifier (n
ame{equation.B.44}) has been already used, duplicate ignored
<to be read again> 
                   \relax 
l.1660 \beq
           \notagpdfTeX warning (ext4): destination with the same identifier (n
ame{equation.B.44}) has been already used, duplicate ignored
<to be read again> 
                   \relax 
l.1660 \beq
           \notagpdfTeX warning (ext4): destination with the same identifier (n
ame{equation.B.44}) has been already used, duplicate ignored
<to be read again> 
                   \relax 
l.1660 \beq
           \notagpdfTeX warning (ext4): destination with the same identifier (n
ame{equation.B.44}) has been already used, duplicate ignored
<to be read again> 
                   \relax 
l.1667 \beq
           \notagpdfTeX warning (ext4): destination with the same identifier (n
ame{equation.B.44}) has been already used, duplicate ignored
<to be read again> 
                   \relax 
l.1667 \beq
           \notagpdfTeX warning (ext4): destination with the same identifier (n
ame{equation.B.44}) has been already used, duplicate ignored
<to be read again> 
                   \relax 
l.1667 \beq
           \notagpdfTeX warning (ext4): destination with the same identifier (n
ame{equation.B.44}) has been already used, duplicate ignored
<to be read again> 
                   \relax 
l.1667 \beq
           \notag [39]pdfTeX warning (ext4): destination with the same identifi
er (name{equation.B.44}) has been already used, duplicate ignored
<to be read again> 
                   \relax 
l.1684 \beq
           \notagpdfTeX warning (ext4): destination with the same identifier (n
ame{equation.B.44}) has been already used, duplicate ignored
<to be read again> 
                   \relax 
l.1684 \beq
           \notagpdfTeX warning (ext4): destination with the same identifier (n
ame{equation.B.44}) has been already used, duplicate ignored
<to be read again> 
                   \relax 
l.1684 \beq
           \notagpdfTeX warning (ext4): destination with the same identifier (n
ame{equation.B.44}) has been already used, duplicate ignored
<to be read again> 
                   \relax 
l.1684 \beq
           \notagpdfTeX warning (ext4): destination with the same identifier (n
ame{equation.B.44}) has been already used, duplicate ignored
<to be read again> 
                   \relax 
l.1691 \beq
           \label{eq:smoothfisaem}pdfTeX warning (ext4): destination with the s
ame identifier (name{equation.B.44}) has been already used, duplicate ignored
<to be read again> 
                   \relax 
l.1691 \beq
           \label{eq:smoothfisaem}pdfTeX warning (ext4): destination with the s
ame identifier (name{equation.B.44}) has been already used, duplicate ignored
<to be read again> 
                   \relax 
l.1691 \beq
           \label{eq:smoothfisaem}pdfTeX warning (ext4): destination with the s
ame identifier (name{equation.B.44}) has been already used, duplicate ignored
<to be read again> 
                   \relax 
l.1691 \beq
           \label{eq:smoothfisaem} [40

pdfTeX warning (ext4): destination with the same identifier (name{equation.B.46
}) has been already used, duplicate ignored
<argument> ...shipout:D \box_use:N \l_shipout_box 
                                                  
l.1730 \eeq
           ] [41pdfTeX warning (ext4): destination with the same identifier (na
me{equation.B.48}) has been already used, duplicate ignored
<argument> ...shipout:D \box_use:N \l_shipout_box 
                                                  
l.1780 \eeq
           pdfTeX warning (ext4): destination with the same identifier (name{eq
uation.B.48}) has been already used, duplicate ignored
<argument> ...shipout:D \box_use:N \l_shipout_box 
                                                  
l.1780 \eeq
           pdfTeX warning (ext4): destination with the same identifier (name{eq
uation.B.48}) has been already used, duplicate ignored
<argument> ...shipout:D \box_use:N \l_shipout_box 
                                                  
l.1780 \eeq
           ]pdfTeX warning (ext4): destination with the same identifier (name{e
quation.B.48}) has been already used, duplicate ignored
<to be read again> 
                   \relax 
l.1782 \beq
           \notagpdfTeX warning (ext4): destination with the same identifier (n
ame{equation.B.48}) has been already used, duplicate ignored
<to be read again> 
                   \relax 
l.1782 \beq
           \notagpdfTeX warning (ext4): destination with the same identifier (n
ame{equation.B.48}) has been already used, duplicate ignored
<to be read again> 
                   \relax 
l.1782 \beq
           \notagpdfTeX warning (ext4): destination with the same identifier (n
ame{equation.B.48}) has been already used, duplicate ignored
<to be read again> 
                   \relax 
l.1782 \beq
           \notagpdfTeX warning (ext4): destination with the same identifier (n
ame{equation.B.48}) has been already used, duplicate ignored
<to be read again> 
                   \relax 
l.1786 \beq
           \notagpdfTeX warning (ext4): destination with the same identifier (n
ame{equation.B.48}) has been already used, duplicate ignored
<to be read again> 
                   \relax 
l.1786 \beq
           \notagpdfTeX warning (ext4): destination with the same identifier (n
ame{equation.B.48}) has been already used, duplicate ignored
<to be read again> 
                   \relax 
l.1786 \beq
           \notagpdfTeX warning (ext4): destination with the same identifier (n
ame{equation.B.48}) has been already used, duplicate ignored
<to be read again> 
                   \relax 
l.1786 \beq
           \notagpdfTeX warning (ext4): destination with the same identifier (n
ame{equation.B.48}) has been already used, duplicate ignored
<to be read again> 
                   \relax 
l.1794 \beq
           \notagpdfTeX warning (ext4): destination with the same identifier (n
ame{equation.B.48}) has been already used, duplicate ignored
<to be read again> 
                   \relax 
l.1794 \beq
           \notagpdfTeX warning (ext4): destination with the same identifier (n
ame{equation.B.48}) has been already used, duplicate ignored
<to be read again> 
                   \relax 
l.1794 \beq
           \notagpdfTeX warning (ext4): destination with the same identifier (n
ame{equation.B.48}) has been already used, duplicate ignored
<to be read again> 
                   \relax 
l.1794 \beq
           \notagpdfTeX warning (ext4): destination with the same identifier (n
ame{equation.B.48}) has been already used, duplicate ignored
<to be read again> 
                   \relax 
l.1800 \beq
           \notagpdfTeX warning (ext4): destination with the same identifier (n
ame{equation.B.48}) has been already used, duplicate ignored
<to be read again> 
                   \relax 
l.1800 \beq
           \notagpdfTeX warning (ext4): destination with the same identifier (n
ame{equation.B.48}) has been already used, duplicate ignored
<to be read again> 
                   \relax 
l.1800 \beq
           \notagpdfTeX warning (ext4): destination with the same identifier (n
ame{equation.B.48}) has been already used, duplicate ignored
<to be read again> 
                   \relax 
l.1800 \beq
           \notagpdfTeX warning (ext4): destination with the same identifier (n
ame{equation.B.48}) has been already used, duplicate ignored
<to be read again> 
                   \relax 
l.1809 \beq
           \notagpdfTeX warning (ext4): destination with the same identifier (n
ame{equation.B.48}) has been already used, duplicate ignored
<to be read again> 
                   \relax 
l.1809 \beq
           \notagpdfTeX warning (ext4): destination with the same identifier (n
ame{equation.B.48}) has been already used, duplicate ignored
<to be read again> 
                   \relax 
l.1809 \beq
           \notagpdfTeX warning (ext4): destination with the same identifier (n
ame{equation.B.48}) has been already used, duplicate ignored
<to be read again> 
                   \relax 
l.1809 \beq
           \notag [42pdfTeX warning (ext4): destination with the same identifie
r (name{equation.B.48}) has been already used, duplicate ignored
<argument> ...shipout:D \box_use:N \l_shipout_box 
                                                  
l.1814 \eeq
           ]pdfTeX warning (ext4): destination with the same identifier (name{e
quation.B.48}) has been already used, duplicate ignored
<to be read again> 
                   \relax 
l.1817 \beq
           \label{eq:finalboundfi}pdfTeX warning (ext4): destination with the s
ame identifier (name{equation.B.48}) has been already used, duplicate ignored
<to be read again> 
                   \relax 
l.1817 \beq
           \label{eq:finalboundfi}pdfTeX warning (ext4): destination with the s
ame identifier (name{equation.B.48}) has been already used, duplicate ignored
<to be read again> 
                   \relax 
l.1817 \beq
           \label{eq:finalboundfi}pdfTeX warning (ext4): destination with the s
ame identifier (name{equation.B.48}) has been already used, duplicate ignored
<to be read again> 
                   \relax 
l.1817 \beq
           \label{eq:finalboundfi} [43] [44pdfTeX warning (ext4): destination w
ith the same identifier (name{equation.B.51}) has been already used, duplicate 
ignored
<argument> ...shipout:D \box_use:N \l_shipout_box 
                                                  
l.2074 \end{document}
                     ] (./main_jcgs.aux)

LaTeX Font Warning: Some font shapes were not available, defaults substituted.

Package rerunfilecheck Info: File `main_jcgs.out' has not changed.
(rerunfilecheck)             Checksum: 1B90D95CB5466E4CF8E4798CE0D7645F;5529.
 ) 
Here is how much of TeX's memory you used:
 15389 strings out of 478994
 229901 string characters out of 5858184
 580760 words of memory out of 5000000
 32351 multiletter control sequences out of 15000+600000
 450166 words of font info for 141 fonts, out of 8000000 for 9000
 1141 hyphenation exceptions out of 8191
 96i,24n,103p,708b,883s stack positions out of 5000i,500n,10000p,200000b,80000s
{/usr/local/texlive/2021/texmf-dist/fonts/enc/dvips/base/8r.enc}</usr/local/t
exlive/2021/texmf-dist/fonts/type1/public/amsfonts/cm/cmbsy10.pfb></usr/local/t
exlive/2021/texmf-dist/fonts/type1/public/amsfonts/cm/cmbx10.pfb></usr/local/te
xlive/2021/texmf-dist/fonts/type1/public/amsfonts/cm/cmbx12.pfb></usr/local/tex
live/2021/texmf-dist/fonts/type1/public/amsfonts/cm/cmbx6.pfb></usr/local/texli
ve/2021/texmf-dist/fonts/type1/public/amsfonts/cm/cmbx8.pfb></usr/local/texlive
/2021/texmf-dist/fonts/type1/public/amsfonts/cm/cmex10.pfb></usr/local/texlive/
2021/texmf-dist/fonts/type1/public/amsfonts/cm/cmmi10.pfb></usr/local/texlive/2
021/texmf-dist/fonts/type1/public/amsfonts/cm/cmmi12.pfb></usr/local/texlive/20
21/texmf-dist/fonts/type1/public/amsfonts/cm/cmmi6.pfb></usr/local/texlive/2021
/texmf-dist/fonts/type1/public/amsfonts/cm/cmmi8.pfb></usr/local/texlive/2021/t
exmf-dist/fonts/type1/public/amsfonts/cm/cmmib10.pfb></usr/local/texlive/2021/t
exmf-dist/fonts/type1/public/amsfonts/cmextra/cmmib6.pfb></usr/local/texlive/20
21/texmf-dist/fonts/type1/public/amsfonts/cmextra/cmmib8.pfb></usr/local/texliv
e/2021/texmf-dist/fonts/type1/public/amsfonts/cm/cmr10.pfb></usr/local/texlive/
2021/texmf-dist/fonts/type1/public/amsfonts/cm/cmr12.pfb></usr/local/texlive/20
21/texmf-dist/fonts/type1/public/amsfonts/cm/cmr6.pfb></usr/local/texlive/2021/
texmf-dist/fonts/type1/public/amsfonts/cm/cmr8.pfb></usr/local/texlive/2021/tex
mf-dist/fonts/type1/public/amsfonts/cm/cmss12.pfb></usr/local/texlive/2021/texm
f-dist/fonts/type1/public/amsfonts/cm/cmss8.pfb></usr/local/texlive/2021/texmf-
dist/fonts/type1/public/amsfonts/cm/cmsy10.pfb></usr/local/texlive/2021/texmf-d
ist/fonts/type1/public/amsfonts/cm/cmsy6.pfb></usr/local/texlive/2021/texmf-dis
t/fonts/type1/public/amsfonts/cm/cmsy8.pfb></usr/local/texlive/2021/texmf-dist/
fonts/type1/public/doublestroke/dsrom12.pfb></usr/local/texlive/2021/texmf-dist
/fonts/type1/public/amsfonts/symbols/msbm10.pfb></usr/local/texlive/2021/texmf-
dist/fonts/type1/public/stmaryrd/stmary10.pfb></usr/local/texlive/2021/texmf-di
st/fonts/type1/urw/helvetic/uhvr8a.pfb></usr/local/texlive/2021/texmf-dist/font
s/type1/urw/times/utmb8a.pfb></usr/local/texlive/2021/texmf-dist/fonts/type1/ur
w/times/utmr8a.pfb></usr/local/texlive/2021/texmf-dist/fonts/type1/urw/times/ut
mri8a.pfb>
Output written on main_jcgs.pdf (44 pages, 779831 bytes).
PDF statistics:
 950 PDF objects out of 1000 (max. 8388607)
 857 compressed objects within 9 object streams
 213 named destinations out of 1000 (max. 500000)
 229 words of extra memory for PDF output out of 10000 (max. 10000000)

