\BOOKMARK [1][-]{section.1}{\376\377\000I\000n\000t\000r\000o\000d\000u\000c\000t\000i\000o\000n}{}% 1
\BOOKMARK [2][-]{subsection.1.1}{\376\377\000P\000r\000i\000o\000r\000\040\000W\000o\000r\000k}{section.1}% 2
\BOOKMARK [2][-]{subsection.1.2}{\376\377\000C\000o\000n\000t\000r\000i\000b\000u\000t\000i\000o\000n\000s}{section.1}% 3
\BOOKMARK [1][-]{section.2}{\376\377\000T\000w\000o\000-\000T\000i\000m\000e\000s\000c\000a\000l\000e\000\040\000S\000t\000o\000c\000h\000a\000s\000t\000i\000c\000\040\000E\000M\000\040\000A\000l\000g\000o\000r\000i\000t\000h\000m\000s}{}% 4
\BOOKMARK [2][-]{subsection.2.1}{\376\377\000M\000o\000n\000t\000e\000\040\000C\000a\000r\000l\000o\000\040\000I\000n\000t\000e\000g\000r\000a\000t\000i\000o\000n\000\040\000a\000n\000d\000\040\000S\000t\000o\000c\000h\000a\000s\000t\000i\000c\000\040\000A\000p\000p\000r\000o\000x\000i\000m\000a\000t\000i\000o\000n}{section.2}% 5
\BOOKMARK [2][-]{subsection.2.2}{\376\377\000I\000n\000c\000r\000e\000m\000e\000n\000t\000a\000l\000\040\000a\000n\000d\000\040\000T\000w\000o\000-\000T\000i\000m\000e\000s\000c\000a\000l\000e\000\040\000S\000t\000o\000c\000h\000a\000s\000t\000i\000c\000\040\000E\000M\000\040\000M\000e\000t\000h\000o\000d\000s}{section.2}% 6
\BOOKMARK [1][-]{section.3}{\376\377\000F\000i\000n\000i\000t\000e\000\040\000T\000i\000m\000e\000\040\000A\000n\000a\000l\000y\000s\000i\000s\000\040\000o\000f\000\040\000T\000w\000o\000-\000T\000i\000m\000e\000s\000c\000a\000l\000e\000\040\000E\000M\000s}{}% 7
\BOOKMARK [2][-]{subsection.3.1}{\376\377\000A\000s\000s\000u\000m\000p\000t\000i\000o\000n\000s\000\040\000a\000n\000d\000\040\000I\000n\000t\000e\000r\000m\000e\000d\000i\000a\000t\000e\000\040\000L\000e\000m\000m\000a\000s}{section.3}% 8
\BOOKMARK [2][-]{subsection.3.2}{\376\377\000G\000l\000o\000b\000a\000l\000\040\000C\000o\000n\000v\000e\000r\000g\000e\000n\000c\000e\000\040\000o\000f\000\040\000I\000n\000c\000r\000e\000m\000e\000n\000t\000a\000l\000\040\000a\000n\000d\000\040\000T\000w\000o\000-\000T\000i\000m\000e\000s\000c\000a\000l\000e\000\040\000S\000t\000o\000c\000h\000a\000s\000t\000i\000c\000\040\000E\000M}{section.3}% 9
\BOOKMARK [1][-]{section.4}{\376\377\000P\000r\000o\000o\000f\000\040\000S\000k\000e\000t\000c\000h\000e\000s}{}% 10
\BOOKMARK [2][-]{subsection.4.1}{\376\377\000P\000r\000o\000o\000f\000\040\000o\000f\000\040\000T\000h\000e\000o\000r\000e\000m\000\040\0001}{section.4}% 11
\BOOKMARK [2][-]{subsection.4.2}{\376\377\000P\000r\000o\000o\000f\000\040\000o\000f\000\040\000T\000h\000e\000o\000r\000e\000m\000\040\0002}{section.4}% 12
\BOOKMARK [2][-]{subsection.4.3}{\376\377\000P\000r\000o\000o\000f\000\040\000o\000f\000\040\000T\000h\000e\000o\000r\000e\000m\000\040\0003}{section.4}% 13
\BOOKMARK [1][-]{section.5}{\376\377\000N\000u\000m\000e\000r\000i\000c\000a\000l\000\040\000A\000p\000p\000l\000i\000c\000a\000t\000i\000o\000n\000s}{}% 14
\BOOKMARK [2][-]{subsection.5.1}{\376\377\000G\000a\000u\000s\000s\000i\000a\000n\000\040\000M\000i\000x\000t\000u\000r\000e\000\040\000M\000o\000d\000e\000l\000s}{section.5}% 15
\BOOKMARK [2][-]{subsection.5.2}{\376\377\000D\000e\000f\000o\000r\000m\000a\000b\000l\000e\000\040\000T\000e\000m\000p\000l\000a\000t\000e\000\040\000M\000o\000d\000e\000l\000\040\000f\000o\000r\000\040\000I\000m\000a\000g\000e\000\040\000A\000n\000a\000l\000y\000s\000i\000s}{section.5}% 16
\BOOKMARK [2][-]{subsection.5.3}{\376\377\000P\000h\000a\000r\000m\000a\000c\000o\000k\000i\000n\000e\000t\000i\000c\000s\000\040\000\050\000P\000K\000\051\000\040\000M\000o\000d\000e\000l\000\040\000w\000i\000t\000h\000\040\000A\000b\000s\000o\000r\000p\000t\000i\000o\000n\000\040\000L\000a\000g\000\040\000T\000i\000m\000e}{section.5}% 17
\BOOKMARK [1][-]{section.6}{\376\377\000C\000o\000n\000c\000l\000u\000s\000i\000o\000n}{}% 18
\BOOKMARK [1][-]{appendix.A}{\376\377\000P\000r\000o\000o\000f\000s\000\040\000f\000o\000r\000\040\000t\000h\000e\000\040\000i\000S\000A\000E\000M\000\040\000A\000l\000g\000o\000r\000i\000t\000h\000m}{}% 19
\BOOKMARK [2][-]{subsection.A.1}{\376\377\000P\000r\000o\000o\000f\000\040\000o\000f\000\040\000L\000e\000m\000m\000a\000\040\0002}{appendix.A}% 20
\BOOKMARK [2][-]{subsection.A.2}{\376\377\000P\000r\000o\000o\000f\000\040\000o\000f\000\040\000T\000h\000e\000o\000r\000e\000m\000\040\0001}{appendix.A}% 21
\BOOKMARK [1][-]{appendix.B}{\376\377\000P\000r\000o\000o\000f\000s\000\040\000f\000o\000r\000\040\000t\000h\000e\000\040\000v\000r\000T\000T\000E\000M\000\040\000a\000n\000d\000\040\000t\000h\000e\000\040\000f\000i\000T\000T\000E\000M\000\040\000A\000l\000g\000o\000r\000i\000t\000h\000m\000s}{}% 22
\BOOKMARK [2][-]{subsection.B.1}{\376\377\000A\000d\000d\000i\000t\000i\000o\000n\000a\000l\000\040\000I\000n\000t\000e\000r\000m\000e\000d\000i\000a\000r\000y\000\040\000R\000e\000s\000u\000l\000t}{appendix.B}% 23
\BOOKMARK [2][-]{subsection.B.2}{\376\377\000P\000r\000o\000o\000f\000s\000\040\000o\000f\000\040\000A\000u\000x\000i\000l\000i\000a\000r\000y\000\040\000L\000e\000m\000m\000a\000s\000\040\000\050\000\040\000L\000e\000m\000m\000a\000\040\0006\000,\000\040\000L\000e\000m\000m\000a\000\040\0008\000\040\000a\000n\000d\000\040\000L\000e\000m\000m\000a\000\040\0003\000\051}{appendix.B}% 24
\BOOKMARK [2][-]{subsection.B.3}{\376\377\000P\000r\000o\000o\000f\000\040\000o\000f\000\040\000T\000h\000e\000o\000r\000e\000m\000\040\0002}{appendix.B}% 25
\BOOKMARK [2][-]{subsection.B.4}{\376\377\000P\000r\000o\000o\000f\000\040\000o\000f\000\040\000T\000h\000e\000o\000r\000e\000m\000\040\0003}{appendix.B}% 26
