\BOOKMARK [1][-]{section.1}{Introduction}{}% 1
\BOOKMARK [2][-]{subsection.1.1}{Prior Work}{section.1}% 2
\BOOKMARK [2][-]{subsection.1.2}{Contributions}{section.1}% 3
\BOOKMARK [1][-]{section.2}{Two-Timescale Stochastic EM Algorithms}{}% 4
\BOOKMARK [2][-]{subsection.2.1}{Monte Carlo Integration and Stochastic Approximation}{section.2}% 5
\BOOKMARK [2][-]{subsection.2.2}{Incremental and Two-Timescale Stochastic EM Methods}{section.2}% 6
\BOOKMARK [1][-]{section.3}{Finite Time Analysis of Two-Timescale EMs}{}% 7
\BOOKMARK [2][-]{subsection.3.1}{Assumptions and Intermediate Lemmas}{section.3}% 8
\BOOKMARK [2][-]{subsection.3.2}{Global Convergence of Incremental and Two-Timescale Stochastic EM}{section.3}% 9
\BOOKMARK [1][-]{section.4}{Proof Sketches}{}% 10
\BOOKMARK [2][-]{subsection.4.1}{Proof of Theorem 1}{section.4}% 11
\BOOKMARK [2][-]{subsection.4.2}{Proof of Theorem 2}{section.4}% 12
\BOOKMARK [2][-]{subsection.4.3}{Proof of Theorem 3}{section.4}% 13
\BOOKMARK [1][-]{section.5}{Numerical Applications}{}% 14
\BOOKMARK [2][-]{subsection.5.1}{Gaussian Mixture Models}{section.5}% 15
\BOOKMARK [2][-]{subsection.5.2}{Deformable Template Model for Image Analysis}{section.5}% 16
\BOOKMARK [2][-]{subsection.5.3}{Pharmacokinetics \(PK\) Model with Absorption Lag Time}{section.5}% 17
\BOOKMARK [1][-]{section.6}{Conclusion}{}% 18
\BOOKMARK [1][-]{section.7}{Supplemental Material}{}% 19
\BOOKMARK [1][-]{appendix.A}{Proofs for the iSAEM Algorithm}{}% 20
\BOOKMARK [2][-]{subsection.A.1}{Proof of Lemma 2}{appendix.A}% 21
\BOOKMARK [2][-]{subsection.A.2}{Proof of Theorem 1}{appendix.A}% 22
\BOOKMARK [1][-]{appendix.B}{Proofs for the vrTTEM and the fiTTEM Algorithms}{}% 23
\BOOKMARK [2][-]{subsection.B.1}{Additional Intermediary Results}{appendix.B}% 24
\BOOKMARK [2][-]{subsection.B.2}{Proofs of Auxiliary Lemmas \( Lemma 6, Lemma 8 and Lemma 3\)}{appendix.B}% 25
\BOOKMARK [2][-]{subsection.B.3}{Proof of Theorem 2}{appendix.B}% 26
\BOOKMARK [2][-]{subsection.B.4}{Proof of Theorem 3}{appendix.B}% 27
