This is pdfTeX, Version 3.14159265-2.6-1.40.19 (TeX Live 2018) (preloaded format=pdflatex 2018.7.23)  28 MAY 2021 17:50
entering extended mode
 restricted \write18 enabled.
 file:line:error style messages enabled.
 %&-line parsing enabled.
**main.tex
(./main.tex
LaTeX2e <2018-04-01> patch level 2
Babel <3.18> and hyphenation patterns for 84 language(s) loaded.
(/usr/local/texlive/2018/texmf-dist/tex/latex/base/article.cls
Document Class: article 2014/09/29 v1.4h Standard LaTeX document class
(/usr/local/texlive/2018/texmf-dist/tex/latex/base/size11.clo
File: size11.clo 2014/09/29 v1.4h Standard LaTeX file (size option)
)
\c@part=\count80
\c@section=\count81
\c@subsection=\count82
\c@subsubsection=\count83
\c@paragraph=\count84
\c@subparagraph=\count85
\c@figure=\count86
\c@table=\count87
\abovecaptionskip=\skip41
\belowcaptionskip=\skip42
\bibindent=\dimen102
)
(/usr/local/texlive/2018/texmf-dist/tex/latex/tools/bm.sty
Package: bm 2017/01/16 v1.2c Bold Symbol Support (DPC/FMi)
\symboldoperators=\mathgroup4
\symboldletters=\mathgroup5
\symboldsymbols=\mathgroup6
LaTeX Font Info:    Redeclaring math alphabet \mathbf on input line 141.
LaTeX Info: Redefining \bm on input line 207.
)
(/usr/local/texlive/2018/texmf-dist/tex/latex/amsmath/amsmath.sty
Package: amsmath 2017/09/02 v2.17a AMS math features
\@mathmargin=\skip43

For additional information on amsmath, use the `?' option.
(/usr/local/texlive/2018/texmf-dist/tex/latex/amsmath/amstext.sty
Package: amstext 2000/06/29 v2.01 AMS text

(/usr/local/texlive/2018/texmf-dist/tex/latex/amsmath/amsgen.sty
File: amsgen.sty 1999/11/30 v2.0 generic functions
\@emptytoks=\toks14
\ex@=\dimen103
))
(/usr/local/texlive/2018/texmf-dist/tex/latex/amsmath/amsbsy.sty
Package: amsbsy 1999/11/29 v1.2d Bold Symbols
LaTeX Info: Redefining \boldsymbol on input line 28.
\pmbraise@=\dimen104
)
(/usr/local/texlive/2018/texmf-dist/tex/latex/amsmath/amsopn.sty
Package: amsopn 2016/03/08 v2.02 operator names
)
\inf@bad=\count88
LaTeX Info: Redefining \frac on input line 213.
\uproot@=\count89
\leftroot@=\count90
LaTeX Info: Redefining \overline on input line 375.
\classnum@=\count91
\DOTSCASE@=\count92
LaTeX Info: Redefining \ldots on input line 472.
LaTeX Info: Redefining \dots on input line 475.
LaTeX Info: Redefining \cdots on input line 596.
\Mathstrutbox@=\box26
\strutbox@=\box27
\big@size=\dimen105
LaTeX Font Info:    Redeclaring font encoding OML on input line 712.
LaTeX Font Info:    Redeclaring font encoding OMS on input line 713.
\macc@depth=\count93
\c@MaxMatrixCols=\count94
\dotsspace@=\muskip10
\c@parentequation=\count95
\dspbrk@lvl=\count96
\tag@help=\toks15
\row@=\count97
\column@=\count98
\maxfields@=\count99
\andhelp@=\toks16
\eqnshift@=\dimen106
\alignsep@=\dimen107
\tagshift@=\dimen108
\tagwidth@=\dimen109
\totwidth@=\dimen110
\lineht@=\dimen111
\@envbody=\toks17
\multlinegap=\skip44
\multlinetaggap=\skip45
\mathdisplay@stack=\toks18
LaTeX Info: Redefining \[ on input line 2817.
LaTeX Info: Redefining \] on input line 2818.
)
(/usr/local/texlive/2018/texmf-dist/tex/latex/amscls/amsthm.sty
Package: amsthm 2017/10/31 v2.20.4
\thm@style=\toks19
\thm@bodyfont=\toks20
\thm@headfont=\toks21
\thm@notefont=\toks22
\thm@headpunct=\toks23
\thm@preskip=\skip46
\thm@postskip=\skip47
\thm@headsep=\skip48
\dth@everypar=\toks24
)
(/usr/local/texlive/2018/texmf-dist/tex/latex/amsfonts/amssymb.sty
Package: amssymb 2013/01/14 v3.01 AMS font symbols

(/usr/local/texlive/2018/texmf-dist/tex/latex/amsfonts/amsfonts.sty
Package: amsfonts 2013/01/14 v3.01 Basic AMSFonts support
\symAMSa=\mathgroup7
\symAMSb=\mathgroup8
LaTeX Font Info:    Overwriting math alphabet `\mathfrak' in version `bold'
(Font)                  U/euf/m/n --> U/euf/b/n on input line 106.
))
(/usr/local/texlive/2018/texmf-dist/tex/latex/tools/multicol.sty
Package: multicol 2018/04/01 v1.8r multicolumn formatting (FMi)
\c@tracingmulticols=\count100
\mult@box=\box28
\multicol@leftmargin=\dimen112
\c@unbalance=\count101
\c@collectmore=\count102
\doublecol@number=\count103
\multicoltolerance=\count104
\multicolpretolerance=\count105
\full@width=\dimen113
\page@free=\dimen114
\premulticols=\dimen115
\postmulticols=\dimen116
\multicolsep=\skip49
\multicolbaselineskip=\skip50
\partial@page=\box29
\last@line=\box30
\maxbalancingoverflow=\dimen117
\mult@rightbox=\box31
\mult@grightbox=\box32
\mult@gfirstbox=\box33
\mult@firstbox=\box34
\@tempa=\box35
\@tempa=\box36
\@tempa=\box37
\@tempa=\box38
\@tempa=\box39
\@tempa=\box40
\@tempa=\box41
\@tempa=\box42
\@tempa=\box43
\@tempa=\box44
\@tempa=\box45
\@tempa=\box46
\@tempa=\box47
\@tempa=\box48
\@tempa=\box49
\@tempa=\box50
\@tempa=\box51
\c@columnbadness=\count106
\c@finalcolumnbadness=\count107
\last@try=\dimen118
\multicolovershoot=\dimen119
\multicolundershoot=\dimen120
\mult@nat@firstbox=\box52
\colbreak@box=\box53
\mc@col@check@num=\count108
)
(./algorithmic.sty
Package: algorithmic 

Document Style `algorithmic' - environment
(/usr/local/texlive/2018/texmf-dist/tex/latex/base/ifthen.sty
Package: ifthen 2014/09/29 v1.1c Standard LaTeX ifthen package (DPC)
)
(/usr/local/texlive/2018/texmf-dist/tex/latex/tools/calc.sty
Package: calc 2017/05/25 v4.3 Infix arithmetic (KKT,FJ)
\calc@Acount=\count109
\calc@Bcount=\count110
\calc@Adimen=\dimen121
\calc@Bdimen=\dimen122
\calc@Askip=\skip51
\calc@Bskip=\skip52
LaTeX Info: Redefining \setlength on input line 80.
LaTeX Info: Redefining \addtolength on input line 81.
\calc@Ccount=\count111
\calc@Cskip=\skip53
)
\c@ALC@line=\count112
\c@ALC@rem=\count113
\ALC@tlm=\skip54
) (./algorithm.sty
Package: algorithm 
Document Style `algorithm' - floating environment
(/usr/local/texlive/2018/texmf-dist/tex/latex/float/float.sty
Package: float 2001/11/08 v1.3d Float enhancements (AL)
\c@float@type=\count114
\float@exts=\toks25
\float@box=\box54
\@float@everytoks=\toks26
\@floatcapt=\box55
)
\@float@every@algorithm=\toks27
\c@algorithm=\count115
)
(/usr/local/texlive/2018/texmf-dist/tex/latex/enumitem/enumitem.sty
Package: enumitem 2011/09/28 v3.5.2 Customized lists
\enitkv@toks@=\toks28
\labelindent=\skip55
\enit@outerparindent=\dimen123
\enit@toks=\toks29
\enit@inbox=\box56
\enitdp@description=\count116
)
(/usr/local/texlive/2018/texmf-dist/tex/latex/graphics/graphicx.sty
Package: graphicx 2017/06/01 v1.1a Enhanced LaTeX Graphics (DPC,SPQR)

(/usr/local/texlive/2018/texmf-dist/tex/latex/graphics/keyval.sty
Package: keyval 2014/10/28 v1.15 key=value parser (DPC)
\KV@toks@=\toks30
)
(/usr/local/texlive/2018/texmf-dist/tex/latex/graphics/graphics.sty
Package: graphics 2017/06/25 v1.2c Standard LaTeX Graphics (DPC,SPQR)

(/usr/local/texlive/2018/texmf-dist/tex/latex/graphics/trig.sty
Package: trig 2016/01/03 v1.10 sin cos tan (DPC)
)
(/usr/local/texlive/2018/texmf-dist/tex/latex/graphics-cfg/graphics.cfg
File: graphics.cfg 2016/06/04 v1.11 sample graphics configuration
)
Package graphics Info: Driver file: pdftex.def on input line 99.

(/usr/local/texlive/2018/texmf-dist/tex/latex/graphics-def/pdftex.def
File: pdftex.def 2018/01/08 v1.0l Graphics/color driver for pdftex
))
\Gin@req@height=\dimen124
\Gin@req@width=\dimen125
)
(./neurips_2021.sty
Package: neurips_2021 2021/03/31 NeurIPS 2021 submission/camera-ready style fil
e

(/usr/local/texlive/2018/texmf-dist/tex/latex/environ/environ.sty
Package: environ 2014/05/04 v0.3 A new way to define environments

(/usr/local/texlive/2018/texmf-dist/tex/latex/trimspaces/trimspaces.sty
Package: trimspaces 2009/09/17 v1.1 Trim spaces around a token list
))
(/usr/local/texlive/2018/texmf-dist/tex/latex/lineno/lineno.sty
Package: lineno 2005/11/02 line numbers on paragraphs v4.41
\linenopenalty=\count117
\output=\toks31
\linenoprevgraf=\count118
\linenumbersep=\dimen126
\linenumberwidth=\dimen127
\c@linenumber=\count119
\c@pagewiselinenumber=\count120
\c@LN@truepage=\count121
\c@internallinenumber=\count122
\c@internallinenumbers=\count123
\quotelinenumbersep=\dimen128
\bframerule=\dimen129
\bframesep=\dimen130
\bframebox=\box57
LaTeX Info: Redefining \\ on input line 3056.
)
(/usr/local/texlive/2018/texmf-dist/tex/latex/natbib/natbib.sty
Package: natbib 2010/09/13 8.31b (PWD, AO)
\bibhang=\skip56
\bibsep=\skip57
LaTeX Info: Redefining \cite on input line 694.
\c@NAT@ctr=\count124
)
(/usr/local/texlive/2018/texmf-dist/tex/latex/geometry/geometry.sty
Package: geometry 2018/03/24 v5.7 Page Geometry

(/usr/local/texlive/2018/texmf-dist/tex/generic/oberdiek/ifpdf.sty
Package: ifpdf 2017/03/15 v3.2 Provides the ifpdf switch
)
(/usr/local/texlive/2018/texmf-dist/tex/generic/oberdiek/ifvtex.sty
Package: ifvtex 2016/05/16 v1.6 Detect VTeX and its facilities (HO)
Package ifvtex Info: VTeX not detected.
)
(/usr/local/texlive/2018/texmf-dist/tex/generic/ifxetex/ifxetex.sty
Package: ifxetex 2010/09/12 v0.6 Provides ifxetex conditional
)
\Gm@cnth=\count125
\Gm@cntv=\count126
\c@Gm@tempcnt=\count127
\Gm@bindingoffset=\dimen131
\Gm@wd@mp=\dimen132
\Gm@odd@mp=\dimen133
\Gm@even@mp=\dimen134
\Gm@layoutwidth=\dimen135
\Gm@layoutheight=\dimen136
\Gm@layouthoffset=\dimen137
\Gm@layoutvoffset=\dimen138
\Gm@dimlist=\toks32
)
\@neuripsabovecaptionskip=\skip58
\@neuripsbelowcaptionskip=\skip59
)
(/usr/local/texlive/2018/texmf-dist/tex/latex/xcolor/xcolor.sty
Package: xcolor 2016/05/11 v2.12 LaTeX color extensions (UK)

(/usr/local/texlive/2018/texmf-dist/tex/latex/graphics-cfg/color.cfg
File: color.cfg 2016/01/02 v1.6 sample color configuration
)
Package xcolor Info: Driver file: pdftex.def on input line 225.
Package xcolor Info: Model `cmy' substituted by `cmy0' on input line 1348.
Package xcolor Info: Model `hsb' substituted by `rgb' on input line 1352.
Package xcolor Info: Model `RGB' extended on input line 1364.
Package xcolor Info: Model `HTML' substituted by `rgb' on input line 1366.
Package xcolor Info: Model `Hsb' substituted by `hsb' on input line 1367.
Package xcolor Info: Model `tHsb' substituted by `hsb' on input line 1368.
Package xcolor Info: Model `HSB' substituted by `hsb' on input line 1369.
Package xcolor Info: Model `Gray' substituted by `gray' on input line 1370.
Package xcolor Info: Model `wave' substituted by `hsb' on input line 1371.
)
(/usr/local/texlive/2018/texmf-dist/tex/latex/hyperref/hyperref.sty
Package: hyperref 2018/02/06 v6.86b Hypertext links for LaTeX

(/usr/local/texlive/2018/texmf-dist/tex/generic/oberdiek/hobsub-hyperref.sty
Package: hobsub-hyperref 2016/05/16 v1.14 Bundle oberdiek, subset hyperref (HO)


(/usr/local/texlive/2018/texmf-dist/tex/generic/oberdiek/hobsub-generic.sty
Package: hobsub-generic 2016/05/16 v1.14 Bundle oberdiek, subset generic (HO)
Package: hobsub 2016/05/16 v1.14 Construct package bundles (HO)
Package: infwarerr 2016/05/16 v1.4 Providing info/warning/error messages (HO)
Package: ltxcmds 2016/05/16 v1.23 LaTeX kernel commands for general use (HO)
Package: ifluatex 2016/05/16 v1.4 Provides the ifluatex switch (HO)
Package ifluatex Info: LuaTeX not detected.
Package hobsub Info: Skipping package `ifvtex' (already loaded).
Package: intcalc 2016/05/16 v1.2 Expandable calculations with integers (HO)
Package hobsub Info: Skipping package `ifpdf' (already loaded).
Package: etexcmds 2016/05/16 v1.6 Avoid name clashes with e-TeX commands (HO)
Package etexcmds Info: Could not find \expanded.
(etexcmds)             That can mean that you are not using pdfTeX 1.50 or
(etexcmds)             that some package has redefined \expanded.
(etexcmds)             In the latter case, load this package earlier.
Package: kvsetkeys 2016/05/16 v1.17 Key value parser (HO)
Package: kvdefinekeys 2016/05/16 v1.4 Define keys (HO)
Package: pdftexcmds 2018/01/30 v0.27 Utility functions of pdfTeX for LuaTeX (HO
)
Package pdftexcmds Info: LuaTeX not detected.
Package pdftexcmds Info: \pdf@primitive is available.
Package pdftexcmds Info: \pdf@ifprimitive is available.
Package pdftexcmds Info: \pdfdraftmode found.
Package: pdfescape 2016/05/16 v1.14 Implements pdfTeX's escape features (HO)
Package: bigintcalc 2016/05/16 v1.4 Expandable calculations on big integers (HO
)
Package: bitset 2016/05/16 v1.2 Handle bit-vector datatype (HO)
Package: uniquecounter 2016/05/16 v1.3 Provide unlimited unique counter (HO)
)
Package hobsub Info: Skipping package `hobsub' (already loaded).
Package: letltxmacro 2016/05/16 v1.5 Let assignment for LaTeX macros (HO)
Package: hopatch 2016/05/16 v1.3 Wrapper for package hooks (HO)
Package: xcolor-patch 2016/05/16 xcolor patch
Package: atveryend 2016/05/16 v1.9 Hooks at the very end of document (HO)
Package atveryend Info: \enddocument detected (standard20110627).
Package: atbegshi 2016/06/09 v1.18 At begin shipout hook (HO)
Package: refcount 2016/05/16 v3.5 Data extraction from label references (HO)
Package: hycolor 2016/05/16 v1.8 Color options for hyperref/bookmark (HO)
)
(/usr/local/texlive/2018/texmf-dist/tex/latex/oberdiek/auxhook.sty
Package: auxhook 2016/05/16 v1.4 Hooks for auxiliary files (HO)
)
(/usr/local/texlive/2018/texmf-dist/tex/latex/oberdiek/kvoptions.sty
Package: kvoptions 2016/05/16 v3.12 Key value format for package options (HO)
)
\@linkdim=\dimen139
\Hy@linkcounter=\count128
\Hy@pagecounter=\count129

(/usr/local/texlive/2018/texmf-dist/tex/latex/hyperref/pd1enc.def
File: pd1enc.def 2018/02/06 v6.86b Hyperref: PDFDocEncoding definition (HO)
Now handling font encoding PD1 ...
... no UTF-8 mapping file for font encoding PD1
)
\Hy@SavedSpaceFactor=\count130

(/usr/local/texlive/2018/texmf-dist/tex/latex/latexconfig/hyperref.cfg
File: hyperref.cfg 2002/06/06 v1.2 hyperref configuration of TeXLive
)
Package hyperref Info: Option `colorlinks' set `true' on input line 4383.
Package hyperref Info: Hyper figures OFF on input line 4509.
Package hyperref Info: Link nesting OFF on input line 4514.
Package hyperref Info: Hyper index ON on input line 4517.
Package hyperref Info: Plain pages OFF on input line 4524.
Package hyperref Info: Backreferencing OFF on input line 4529.
Package hyperref Info: Implicit mode ON; LaTeX internals redefined.
Package hyperref Info: Bookmarks ON on input line 4762.
\c@Hy@tempcnt=\count131

(/usr/local/texlive/2018/texmf-dist/tex/latex/url/url.sty
\Urlmuskip=\muskip11
Package: url 2013/09/16  ver 3.4  Verb mode for urls, etc.
)
LaTeX Info: Redefining \url on input line 5115.
\XeTeXLinkMargin=\dimen140
\Fld@menulength=\count132
\Field@Width=\dimen141
\Fld@charsize=\dimen142
Package hyperref Info: Hyper figures OFF on input line 6369.
Package hyperref Info: Link nesting OFF on input line 6374.
Package hyperref Info: Hyper index ON on input line 6377.
Package hyperref Info: backreferencing OFF on input line 6384.
Package hyperref Info: Link coloring ON on input line 6387.
Package hyperref Info: Link coloring with OCG OFF on input line 6394.
Package hyperref Info: PDF/A mode OFF on input line 6399.
LaTeX Info: Redefining \ref on input line 6439.
LaTeX Info: Redefining \pageref on input line 6443.
\Hy@abspage=\count133
\c@Item=\count134
\c@Hfootnote=\count135
)
Package hyperref Info: Driver (autodetected): hpdftex.

(/usr/local/texlive/2018/texmf-dist/tex/latex/hyperref/hpdftex.def
File: hpdftex.def 2018/02/06 v6.86b Hyperref driver for pdfTeX
\Fld@listcount=\count136
\c@bookmark@seq@number=\count137

(/usr/local/texlive/2018/texmf-dist/tex/latex/oberdiek/rerunfilecheck.sty
Package: rerunfilecheck 2016/05/16 v1.8 Rerun checks for auxiliary files (HO)
Package uniquecounter Info: New unique counter `rerunfilecheck' on input line 2
82.
)
\Hy@SectionHShift=\skip60
)
(/usr/local/texlive/2018/texmf-dist/tex/latex/caption/subcaption.sty
Package: subcaption 2016/05/22 v1.1-161 Sub-captions (AR)

(/usr/local/texlive/2018/texmf-dist/tex/latex/caption/caption.sty
Package: caption 2016/02/21 v3.3-144 Customizing captions (AR)

(/usr/local/texlive/2018/texmf-dist/tex/latex/caption/caption3.sty
Package: caption3 2016/05/22 v1.7-166 caption3 kernel (AR)
Package caption3 Info: TeX engine: e-TeX on input line 67.
\captionmargin=\dimen143
\captionmargin@=\dimen144
\captionwidth=\dimen145
\caption@tempdima=\dimen146
\caption@indent=\dimen147
\caption@parindent=\dimen148
\caption@hangindent=\dimen149
)
\c@ContinuedFloat=\count138
Package caption Info: float package is loaded.
Package caption Info: hyperref package is loaded.
)
\c@subfigure=\count139
\c@subtable=\count140
)
(/usr/local/texlive/2018/texmf-dist/tex/latex/wrapfig/wrapfig.sty
\wrapoverhang=\dimen150
\WF@size=\dimen151
\c@WF@wrappedlines=\count141
\WF@box=\box58
\WF@everypar=\toks33
Package: wrapfig 2003/01/31  v 3.6
)
(/usr/local/texlive/2018/texmf-dist/tex/latex/xargs/xargs.sty
Package: xargs 2008/03/22 v1.1  extended macro definitions  (mpg)

(/usr/local/texlive/2018/texmf-dist/tex/latex/xkeyval/xkeyval.sty
Package: xkeyval 2014/12/03 v2.7a package option processing (HA)

(/usr/local/texlive/2018/texmf-dist/tex/generic/xkeyval/xkeyval.tex
(/usr/local/texlive/2018/texmf-dist/tex/generic/xkeyval/xkvutils.tex
\XKV@toks=\toks34
\XKV@tempa@toks=\toks35
)
\XKV@depth=\count142
File: xkeyval.tex 2014/12/03 v2.7a key=value parser (HA)
))
\xargs@max=\count143
\xargs@toksa=\toks36
\xargs@toksb=\toks37
)
(/usr/local/texlive/2018/texmf-dist/tex/latex/stmaryrd/stmaryrd.sty
Package: stmaryrd 1994/03/03 St Mary's Road symbol package
\symstmry=\mathgroup9
LaTeX Font Info:    Overwriting symbol font `stmry' in version `bold'
(Font)                  U/stmry/m/n --> U/stmry/b/n on input line 89.
)
(/usr/local/texlive/2018/texmf-dist/tex/latex/microtype/microtype.sty
Package: microtype 2018/01/14 v2.7a Micro-typographical refinements (RS)
\MT@toks=\toks38
\MT@count=\count144
LaTeX Info: Redefining \textls on input line 793.
\MT@outer@kern=\dimen152
LaTeX Info: Redefining \textmicrotypecontext on input line 1339.
\MT@listname@count=\count145

(/usr/local/texlive/2018/texmf-dist/tex/latex/microtype/microtype-pdftex.def
File: microtype-pdftex.def 2018/01/14 v2.7a Definitions specific to pdftex (RS)

LaTeX Info: Redefining \lsstyle on input line 913.
LaTeX Info: Redefining \lslig on input line 913.
\MT@outer@space=\skip61
)
Package microtype Info: Loading configuration file microtype.cfg.

(/usr/local/texlive/2018/texmf-dist/tex/latex/microtype/microtype.cfg
File: microtype.cfg 2018/01/14 v2.7a microtype main configuration file (RS)
))
(/usr/local/texlive/2018/texmf-dist/tex/latex/booktabs/booktabs.sty
Package: booktabs 2016/04/27 v1.618033 publication quality tables
\heavyrulewidth=\dimen153
\lightrulewidth=\dimen154
\cmidrulewidth=\dimen155
\belowrulesep=\dimen156
\belowbottomsep=\dimen157
\aboverulesep=\dimen158
\abovetopsep=\dimen159
\cmidrulesep=\dimen160
\cmidrulekern=\dimen161
\defaultaddspace=\dimen162
\@cmidla=\count146
\@cmidlb=\count147
\@aboverulesep=\dimen163
\@belowrulesep=\dimen164
\@thisruleclass=\count148
\@lastruleclass=\count149
\@thisrulewidth=\dimen165
)
(/usr/local/texlive/2018/texmf-dist/tex/latex/mdframed/mdframed.sty
Package: mdframed 2013/07/01 1.9b: mdframed

(/usr/local/texlive/2018/texmf-dist/tex/latex/l3packages/xparse/xparse.sty
(/usr/local/texlive/2018/texmf-dist/tex/latex/l3kernel/expl3.sty
Package: expl3 2018/03/05 L3 programming layer (loader) 

(/usr/local/texlive/2018/texmf-dist/tex/latex/l3kernel/expl3-code.tex
Package: expl3 2018/03/05 L3 programming layer (code)
\c_max_int=\count150
\l_tmpa_int=\count151
\l_tmpb_int=\count152
\g_tmpa_int=\count153
\g_tmpb_int=\count154
\g__intarray_font_int=\count155
\g__prg_map_int=\count156
\c_log_iow=\count157
\l_iow_line_count_int=\count158
\l__iow_line_target_int=\count159
\l__iow_one_indent_int=\count160
\l__iow_indent_int=\count161
\c_zero_dim=\dimen166
\c_max_dim=\dimen167
\l_tmpa_dim=\dimen168
\l_tmpb_dim=\dimen169
\g_tmpa_dim=\dimen170
\g_tmpb_dim=\dimen171
\c_zero_skip=\skip62
\c_max_skip=\skip63
\l_tmpa_skip=\skip64
\l_tmpb_skip=\skip65
\g_tmpa_skip=\skip66
\g_tmpb_skip=\skip67
\c_zero_muskip=\muskip12
\c_max_muskip=\muskip13
\l_tmpa_muskip=\muskip14
\l_tmpb_muskip=\muskip15
\g_tmpa_muskip=\muskip16
\g_tmpb_muskip=\muskip17
\l_keys_choice_int=\count162
\c__fp_leading_shift_int=\count163
\c__fp_middle_shift_int=\count164
\c__fp_trailing_shift_int=\count165
\c__fp_big_leading_shift_int=\count166
\c__fp_big_middle_shift_int=\count167
\c__fp_big_trailing_shift_int=\count168
\c__fp_Bigg_leading_shift_int=\count169
\c__fp_Bigg_middle_shift_int=\count170
\c__fp_Bigg_trailing_shift_int=\count171
\c__fp_rand_size_int=\count172
\c__fp_rand_four_int=\count173
\c__fp_rand_eight_int=\count174
\l__sort_length_int=\count175
\l__sort_min_int=\count176
\l__sort_top_int=\count177
\l__sort_max_int=\count178
\l__sort_true_max_int=\count179
\l__sort_block_int=\count180
\l__sort_begin_int=\count181
\l__sort_end_int=\count182
\l__sort_A_int=\count183
\l__sort_B_int=\count184
\l__sort_C_int=\count185
\l__tl_build_start_index_int=\count186
\l__tl_build_index_int=\count187
\l__tl_analysis_normal_int=\count188
\l__tl_analysis_index_int=\count189
\l__tl_analysis_nesting_int=\count190
\l__tl_analysis_type_int=\count191
\l__regex_internal_a_int=\count192
\l__regex_internal_b_int=\count193
\l__regex_internal_c_int=\count194
\l__regex_balance_int=\count195
\l__regex_group_level_int=\count196
\l__regex_mode_int=\count197
\c__regex_cs_in_class_mode_int=\count198
\c__regex_cs_mode_int=\count199
\l__regex_catcodes_int=\count266
\l__regex_default_catcodes_int=\count267
\c__regex_catcode_D_int=\count268
\c__regex_catcode_S_int=\count269
\c__regex_catcode_L_int=\count270
\c__regex_catcode_O_int=\count271
\c__regex_catcode_A_int=\count272
\c__regex_all_catcodes_int=\count273
\l__regex_show_lines_int=\count274
\l__regex_min_state_int=\count275
\l__regex_max_state_int=\count276
\l__regex_left_state_int=\count277
\l__regex_right_state_int=\count278
\l__regex_capturing_group_int=\count279
\l__regex_min_pos_int=\count280
\l__regex_max_pos_int=\count281
\l__regex_curr_pos_int=\count282
\l__regex_start_pos_int=\count283
\l__regex_success_pos_int=\count284
\l__regex_curr_char_int=\count285
\l__regex_curr_catcode_int=\count286
\l__regex_last_char_int=\count287
\l__regex_case_changed_char_int=\count288
\l__regex_curr_state_int=\count289
\l__regex_step_int=\count290
\l__regex_min_active_int=\count291
\l__regex_max_active_int=\count292
\l__regex_replacement_csnames_int=\count293
\l__regex_match_count_int=\count294
\l__regex_min_submatch_int=\count295
\l__regex_submatch_int=\count296
\l__regex_zeroth_submatch_int=\count297
\g__regex_trace_regex_int=\count298
\c_empty_box=\box59
\l_tmpa_box=\box60
\l_tmpb_box=\box61
\g_tmpa_box=\box62
\g_tmpb_box=\box63
\l__box_top_dim=\dimen172
\l__box_bottom_dim=\dimen173
\l__box_left_dim=\dimen174
\l__box_right_dim=\dimen175
\l__box_top_new_dim=\dimen176
\l__box_bottom_new_dim=\dimen177
\l__box_left_new_dim=\dimen178
\l__box_right_new_dim=\dimen179
\l__box_internal_box=\box64
\l__coffin_internal_box=\box65
\l__coffin_internal_dim=\dimen180
\l__coffin_offset_x_dim=\dimen181
\l__coffin_offset_y_dim=\dimen182
\l__coffin_x_dim=\dimen183
\l__coffin_y_dim=\dimen184
\l__coffin_x_prime_dim=\dimen185
\l__coffin_y_prime_dim=\dimen186
\c_empty_coffin=\box66
\l__coffin_aligned_coffin=\box67
\l__coffin_aligned_internal_coffin=\box68
\l_tmpa_coffin=\box69
\l_tmpb_coffin=\box70
\l__coffin_display_coffin=\box71
\l__coffin_display_coord_coffin=\box72
\l__coffin_display_pole_coffin=\box73
\l__coffin_display_offset_dim=\dimen187
\l__coffin_display_x_dim=\dimen188
\l__coffin_display_y_dim=\dimen189
\l__coffin_bounding_shift_dim=\dimen190
\l__coffin_left_corner_dim=\dimen191
\l__coffin_right_corner_dim=\dimen192
\l__coffin_bottom_corner_dim=\dimen193
\l__coffin_top_corner_dim=\dimen194
\l__coffin_scaled_total_height_dim=\dimen195
\l__coffin_scaled_width_dim=\dimen196
)
(/usr/local/texlive/2018/texmf-dist/tex/latex/l3kernel/l3pdfmode.def
File: l3pdfmode.def 2017/03/18 v L3 Experimental driver: PDF mode
\l__driver_color_stack_int=\count299
))
Package: xparse 2018/02/21 L3 Experimental document command parser
\l__xparse_current_arg_int=\count300
\g__xparse_grabber_int=\count301
\l__xparse_m_args_int=\count302
\l__xparse_mandatory_args_int=\count303
\l__xparse_v_nesting_int=\count304
)
(/usr/local/texlive/2018/texmf-dist/tex/latex/etoolbox/etoolbox.sty
Package: etoolbox 2018/02/11 v2.5e e-TeX tools for LaTeX (JAW)
\etb@tempcnta=\count305
)
(/usr/local/texlive/2018/texmf-dist/tex/latex/oberdiek/zref-abspage.sty
Package: zref-abspage 2016/05/21 v2.26 Module abspage for zref (HO)

(/usr/local/texlive/2018/texmf-dist/tex/latex/oberdiek/zref-base.sty
Package: zref-base 2016/05/21 v2.26 Module base for zref (HO)
Package zref Info: New property list: main on input line 759.
Package zref Info: New property: default on input line 760.
Package zref Info: New property: page on input line 761.
)
\c@abspage=\count306
Package zref Info: New property: abspage on input line 62.
)
(/usr/local/texlive/2018/texmf-dist/tex/latex/needspace/needspace.sty
Package: needspace 2010/09/12 v1.3d reserve vertical space
)
\mdf@templength=\skip68
\c@mdf@globalstyle@cnt=\count307
\mdf@skipabove@length=\skip69
\mdf@skipbelow@length=\skip70
\mdf@leftmargin@length=\skip71
\mdf@rightmargin@length=\skip72
\mdf@innerleftmargin@length=\skip73
\mdf@innerrightmargin@length=\skip74
\mdf@innertopmargin@length=\skip75
\mdf@innerbottommargin@length=\skip76
\mdf@splittopskip@length=\skip77
\mdf@splitbottomskip@length=\skip78
\mdf@outermargin@length=\skip79
\mdf@innermargin@length=\skip80
\mdf@linewidth@length=\skip81
\mdf@innerlinewidth@length=\skip82
\mdf@middlelinewidth@length=\skip83
\mdf@outerlinewidth@length=\skip84
\mdf@roundcorner@length=\skip85
\mdf@footenotedistance@length=\skip86
\mdf@userdefinedwidth@length=\skip87
\mdf@needspace@length=\skip88
\mdf@frametitleaboveskip@length=\skip89
\mdf@frametitlebelowskip@length=\skip90
\mdf@frametitlerulewidth@length=\skip91
\mdf@frametitleleftmargin@length=\skip92
\mdf@frametitlerightmargin@length=\skip93
\mdf@shadowsize@length=\skip94
\mdf@extratopheight@length=\skip95
\mdf@subtitleabovelinewidth@length=\skip96
\mdf@subtitlebelowlinewidth@length=\skip97
\mdf@subtitleaboveskip@length=\skip98
\mdf@subtitlebelowskip@length=\skip99
\mdf@subtitleinneraboveskip@length=\skip100
\mdf@subtitleinnerbelowskip@length=\skip101
\mdf@subsubtitleabovelinewidth@length=\skip102
\mdf@subsubtitlebelowlinewidth@length=\skip103
\mdf@subsubtitleaboveskip@length=\skip104
\mdf@subsubtitlebelowskip@length=\skip105
\mdf@subsubtitleinneraboveskip@length=\skip106
\mdf@subsubtitleinnerbelowskip@length=\skip107

(/usr/local/texlive/2018/texmf-dist/tex/latex/mdframed/md-frame-0.mdf
File: md-frame-0.mdf 2013/07/01\ 1.9b: md-frame-0
)
\mdf@frametitlebox=\box74
\mdf@footnotebox=\box75
\mdf@splitbox@one=\box76
\mdf@splitbox@two=\box77
\mdf@splitbox@save=\box78
\mdfsplitboxwidth=\skip108
\mdfsplitboxtotalwidth=\skip109
\mdfsplitboxheight=\skip110
\mdfsplitboxdepth=\skip111
\mdfsplitboxtotalheight=\skip112
\mdfframetitleboxwidth=\skip113
\mdfframetitleboxtotalwidth=\skip114
\mdfframetitleboxheight=\skip115
\mdfframetitleboxdepth=\skip116
\mdfframetitleboxtotalheight=\skip117
\mdffootnoteboxwidth=\skip118
\mdffootnoteboxtotalwidth=\skip119
\mdffootnoteboxheight=\skip120
\mdffootnoteboxdepth=\skip121
\mdffootnoteboxtotalheight=\skip122
\mdftotallinewidth=\skip123
\mdfboundingboxwidth=\skip124
\mdfboundingboxtotalwidth=\skip125
\mdfboundingboxheight=\skip126
\mdfboundingboxdepth=\skip127
\mdfboundingboxtotalheight=\skip128
\mdf@freevspace@length=\skip129
\mdf@horizontalwidthofbox@length=\skip130
\mdf@verticalmarginwhole@length=\skip131
\mdf@horizontalspaceofbox=\skip132
\mdfsubtitleheight=\skip133
\mdfsubsubtitleheight=\skip134
\c@mdfcountframes=\count308

****** mdframed patching \endmdf@trivlist

****** -- success******

.................................................
. LaTeX info: "xparse/define-command"
. 
. Defining command \newmdtheoremenv with sig. 'O{} m o m o ' on line 601.
.................................................
.................................................
. LaTeX info: "xparse/define-command"
. 
. Defining command \mdtheorem with sig. ' O{} m o m o ' on line 701.
.................................................
\mdf@envdepth=\count309
\c@mdf@env@i=\count310
\c@mdf@env@ii=\count311
\c@mdf@zref@counter=\count312
Package zref Info: New property: mdf@pagevalue on input line 895.
)
(./shortcuts.tex
\c@Fact=\count313
\c@Lemma=\count314
\c@Prop=\count315
\c@Theorem=\count316
\c@Def=\count317
\c@Corollary=\count318
\c@Conjecture=\count319
\c@Property=\count320
\c@Observation=\count321
\c@Exa=\count322
\c@assumption=\count323
\c@Remark=\count324
\c@theo=\count325
\c@coro=\count326
\c@lem=\count327
) (./main.aux)
\openout1 = `main.aux'.

LaTeX Font Info:    Checking defaults for OML/cmm/m/it on input line 47.
LaTeX Font Info:    ... okay on input line 47.
LaTeX Font Info:    Checking defaults for T1/cmr/m/n on input line 47.
LaTeX Font Info:    ... okay on input line 47.
LaTeX Font Info:    Checking defaults for OT1/cmr/m/n on input line 47.
LaTeX Font Info:    ... okay on input line 47.
LaTeX Font Info:    Checking defaults for OMS/cmsy/m/n on input line 47.
LaTeX Font Info:    ... okay on input line 47.
LaTeX Font Info:    Checking defaults for OMX/cmex/m/n on input line 47.
LaTeX Font Info:    ... okay on input line 47.
LaTeX Font Info:    Checking defaults for U/cmr/m/n on input line 47.
LaTeX Font Info:    ... okay on input line 47.
LaTeX Font Info:    Checking defaults for PD1/pdf/m/n on input line 47.
LaTeX Font Info:    ... okay on input line 47.
LaTeX Font Info:    Try loading font information for OT1+ptm on input line 47.

(/usr/local/texlive/2018/texmf-dist/tex/latex/psnfss/ot1ptm.fd
File: ot1ptm.fd 2001/06/04 font definitions for OT1/ptm.
)
(/usr/local/texlive/2018/texmf-dist/tex/context/base/mkii/supp-pdf.mkii
[Loading MPS to PDF converter (version 2006.09.02).]
\scratchcounter=\count328
\scratchdimen=\dimen197
\scratchbox=\box79
\nofMPsegments=\count329
\nofMParguments=\count330
\everyMPshowfont=\toks39
\MPscratchCnt=\count331
\MPscratchDim=\dimen198
\MPnumerator=\count332
\makeMPintoPDFobject=\count333
\everyMPtoPDFconversion=\toks40
) (/usr/local/texlive/2018/texmf-dist/tex/latex/oberdiek/epstopdf-base.sty
Package: epstopdf-base 2016/05/15 v2.6 Base part for package epstopdf

(/usr/local/texlive/2018/texmf-dist/tex/latex/oberdiek/grfext.sty
Package: grfext 2016/05/16 v1.2 Manage graphics extensions (HO)
)
Package epstopdf-base Info: Redefining graphics rule for `.eps' on input line 4
38.
Package grfext Info: Graphics extension search list:
(grfext)             [.pdf,.png,.jpg,.mps,.jpeg,.jbig2,.jb2,.PDF,.PNG,.JPG,.JPE
G,.JBIG2,.JB2,.eps]
(grfext)             \AppendGraphicsExtensions on input line 456.

(/usr/local/texlive/2018/texmf-dist/tex/latex/latexconfig/epstopdf-sys.cfg
File: epstopdf-sys.cfg 2010/07/13 v1.3 Configuration of (r)epstopdf for TeX Liv
e
))
*geometry* driver: auto-detecting
*geometry* detected driver: pdftex
*geometry* verbose mode - [ preamble ] result:
* driver: pdftex
* paper: letterpaper
* layout: <same size as paper>
* layoutoffset:(h,v)=(0.0pt,0.0pt)
* modes: 
* h-part:(L,W,R)=(92.14519pt, 430.00462pt, 92.14519pt)
* v-part:(T,H,B)=(95.39737pt, 556.47656pt, 143.09605pt)
* \paperwidth=614.295pt
* \paperheight=794.96999pt
* \textwidth=430.00462pt
* \textheight=556.47656pt
* \oddsidemargin=19.8752pt
* \evensidemargin=19.8752pt
* \topmargin=-13.87262pt
* \headheight=12.0pt
* \headsep=25.0pt
* \topskip=11.0pt
* \footskip=30.0pt
* \marginparwidth=59.0pt
* \marginparsep=10.0pt
* \columnsep=10.0pt
* \skip\footins=9.0pt plus 4.0pt minus 2.0pt
* \hoffset=0.0pt
* \voffset=0.0pt
* \mag=1000
* \@twocolumnfalse
* \@twosidefalse
* \@mparswitchfalse
* \@reversemarginfalse
* (1in=72.27pt=25.4mm, 1cm=28.453pt)

*geometry* verbose mode - [ newgeometry ] result:
* driver: pdftex
* paper: letterpaper
* layout: <same size as paper>
* layoutoffset:(h,v)=(0.0pt,0.0pt)
* modes: 
* h-part:(L,W,R)=(108.405pt, 397.48499pt, 108.40501pt)
* v-part:(T,H,B)=(72.26999pt, 650.43pt, 72.27pt)
* \paperwidth=614.295pt
* \paperheight=794.96999pt
* \textwidth=397.48499pt
* \textheight=650.43pt
* \oddsidemargin=36.13501pt
* \evensidemargin=36.13501pt
* \topmargin=-37.0pt
* \headheight=12.0pt
* \headsep=25.0pt
* \topskip=11.0pt
* \footskip=30.0pt
* \marginparwidth=59.0pt
* \marginparsep=10.0pt
* \columnsep=10.0pt
* \skip\footins=9.0pt plus 4.0pt minus 2.0pt
* \hoffset=0.0pt
* \voffset=0.0pt
* \mag=1000
* \@twocolumnfalse
* \@twosidefalse
* \@mparswitchfalse
* \@reversemarginfalse
* (1in=72.27pt=25.4mm, 1cm=28.453pt)

\AtBeginShipoutBox=\box80
Package hyperref Info: Link coloring ON on input line 47.
(/usr/local/texlive/2018/texmf-dist/tex/latex/hyperref/nameref.sty
Package: nameref 2016/05/21 v2.44 Cross-referencing by name of section

(/usr/local/texlive/2018/texmf-dist/tex/generic/oberdiek/gettitlestring.sty
Package: gettitlestring 2016/05/16 v1.5 Cleanup title references (HO)
)
\c@section@level=\count334
)
LaTeX Info: Redefining \ref on input line 47.
LaTeX Info: Redefining \pageref on input line 47.
LaTeX Info: Redefining \nameref on input line 47.

(./main.out) (./main.out)
\@outlinefile=\write3
\openout3 = `main.out'.

Package caption Info: Begin \AtBeginDocument code.
Package caption Info: wrapfig package is loaded.
Package caption Info: End \AtBeginDocument code.
LaTeX Info: Redefining \microtypecontext on input line 47.
Package microtype Info: Generating PDF output.
Package microtype Info: Character protrusion enabled (level 2).
Package microtype Info: Using default protrusion set `alltext'.
Package microtype Info: Automatic font expansion enabled (level 2),
(microtype)             stretch: 20, shrink: 20, step: 1, non-selected.
Package microtype Info: Using default expansion set `basictext'.
Package microtype Info: No adjustment of tracking.
Package microtype Info: No adjustment of interword spacing.
Package microtype Info: No adjustment of character kerning.

(/usr/local/texlive/2018/texmf-dist/tex/latex/microtype/mt-ptm.cfg
File: mt-ptm.cfg 2006/04/20 v1.7 microtype config. file: Times (RS)
)
LaTeX Font Info:    Font shape `OT1/ptm/bx/n' in size <17.28> not available
(Font)              Font shape `OT1/ptm/b/n' tried instead on input line 75.

(/usr/local/texlive/2018/texmf-dist/tex/latex/microtype/mt-cmr.cfg
File: mt-cmr.cfg 2013/05/19 v2.2 microtype config. file: Computer Modern Roman 
(RS)
)
LaTeX Font Info:    Try loading font information for U+msa on input line 75.

(/usr/local/texlive/2018/texmf-dist/tex/latex/amsfonts/umsa.fd
File: umsa.fd 2013/01/14 v3.01 AMS symbols A
)
(/usr/local/texlive/2018/texmf-dist/tex/latex/microtype/mt-msa.cfg
File: mt-msa.cfg 2006/02/04 v1.1 microtype config. file: AMS symbols (a) (RS)
)
LaTeX Font Info:    Try loading font information for U+msb on input line 75.

(/usr/local/texlive/2018/texmf-dist/tex/latex/amsfonts/umsb.fd
File: umsb.fd 2013/01/14 v3.01 AMS symbols B
)
(/usr/local/texlive/2018/texmf-dist/tex/latex/microtype/mt-msb.cfg
File: mt-msb.cfg 2005/06/01 v1.0 microtype config. file: AMS symbols (b) (RS)
)
LaTeX Font Info:    Try loading font information for U+stmry on input line 75.

(/usr/local/texlive/2018/texmf-dist/tex/latex/stmaryrd/Ustmry.fd)
LaTeX Font Info:    Font shape `OT1/ptm/bx/n' in size <10> not available
(Font)              Font shape `OT1/ptm/b/n' tried instead on input line 75.
Package microtype Info: Loading generic protrusion settings for font family
(microtype)             `cmtt' (encoding: OT1).
(microtype)             For optimal results, create family-specific settings.
(microtype)             See the microtype manual for details.
LaTeX Font Info:    Font shape `OT1/ptm/bx/n' in size <12> not available
(Font)              Font shape `OT1/ptm/b/n' tried instead on input line 76.
LaTeX Font Info:    Try loading font information for OT1+phv on input line 83.

(/usr/local/texlive/2018/texmf-dist/tex/latex/psnfss/ot1phv.fd
File: ot1phv.fd 2001/06/04 scalable font definitions for OT1/phv.
)
Package microtype Info: Loading generic protrusion settings for font family
(microtype)             `phv' (encoding: OT1).
(microtype)             For optimal results, create family-specific settings.
(microtype)             See the microtype manual for details.
 [1


{/usr/local/texlive/2018/texmf-var/fonts/map/pdftex/updmap/pdftex.map}]
LaTeX Font Info:    Try loading font information for OMS+ptm on input line 112.


(/usr/local/texlive/2018/texmf-dist/tex/latex/psnfss/omsptm.fd
File: omsptm.fd 
)
LaTeX Font Info:    Font shape `OMS/ptm/m/n' in size <10> not available
(Font)              Font shape `OMS/cmsy/m/n' tried instead on input line 112.
Package microtype Info: Loading generic protrusion settings for font family
(microtype)             `cmss' (encoding: OT1).
(microtype)             For optimal results, create family-specific settings.
(microtype)             See the microtype manual for details.
 [2] [3]

pdfTeX warning: /Library/TeX/texbin/pdflatex (file ./plot/plot1.pdf): PDF inclu
sion: found PDF version <1.7>, but at most version <1.5> allowed
<plot/plot1.pdf, id=165, 867.24pt x 520.34402pt>
File: plot/plot1.pdf Graphic file (type pdf)
<use plot/plot1.pdf>
Package pdftex.def Info: plot/plot1.pdf  used on input line 222.
(pdftex.def)             Requested size: 278.23827pt x 166.94223pt.
Package hyperref Info: bookmark level for unknown algorithm defaults to 0 on in
put line 230.
LaTeX Font Info:    Font shape `OT1/ptm/bx/sc' in size <12> not available
(Font)              Font shape `OT1/ptm/b/sc' tried instead on input line 257.
[4 <./plot/plot1.pdf>]
LaTeX Font Info:    Font shape `OT1/ptm/bx/sc' in size <10> not available
(Font)              Font shape `OT1/ptm/b/sc' tried instead on input line 287.
 [5]
LaTeX Font Info:    Font shape `OT1/ptm/bx/it' in size <10> not available
(Font)              Font shape `OT1/ptm/b/it' tried instead on input line 339.
 [6] [7]
Package epstopdf Info: Source file: <figure/mnist_testerror_mlp_ep1_client50_ii
d0.eps>
(epstopdf)                    date: 2021-05-26 07:57:04
(epstopdf)                    size: 20391 bytes
(epstopdf)             Output file: <figure/mnist_testerror_mlp_ep1_client50_ii
d0-eps-converted-to.pdf>
(epstopdf)                    date: 2021-05-26 09:57:26
(epstopdf)                    size: 8267 bytes
(epstopdf)             Command: <repstopdf --outfile=figure/mnist_testerror_mlp
_ep1_client50_iid0-eps-converted-to.pdf figure/mnist_testerror_mlp_ep1_client50
_iid0.eps>
(epstopdf)             \includegraphics on input line 489.
Package epstopdf Info: Output file is already uptodate.
<figure/mnist_testerror_mlp_ep1_client50_iid0-eps-converted-to.pdf, id=293, 421
.575pt x 317.185pt>
File: figure/mnist_testerror_mlp_ep1_client50_iid0-eps-converted-to.pdf Graphic
 file (type pdf)
<use figure/mnist_testerror_mlp_ep1_client50_iid0-eps-converted-to.pdf>
Package pdftex.def Info: figure/mnist_testerror_mlp_ep1_client50_iid0-eps-conve
rted-to.pdf  used on input line 489.
(pdftex.def)             Requested size: 107.32263pt x 80.748pt.
Package epstopdf Info: Source file: <figure/mnist_testerror_mlp_ep5_client50_ii
d0.eps>
(epstopdf)                    date: 2021-05-26 07:57:04
(epstopdf)                    size: 19913 bytes
(epstopdf)             Output file: <figure/mnist_testerror_mlp_ep5_client50_ii
d0-eps-converted-to.pdf>
(epstopdf)                    date: 2021-05-26 09:57:26
(epstopdf)                    size: 8267 bytes
(epstopdf)             Command: <repstopdf --outfile=figure/mnist_testerror_mlp
_ep5_client50_iid0-eps-converted-to.pdf figure/mnist_testerror_mlp_ep5_client50
_iid0.eps>
(epstopdf)             \includegraphics on input line 489.
Package epstopdf Info: Output file is already uptodate.
<figure/mnist_testerror_mlp_ep5_client50_iid0-eps-converted-to.pdf, id=294, 421
.575pt x 316.18124pt>
File: figure/mnist_testerror_mlp_ep5_client50_iid0-eps-converted-to.pdf Graphic
 file (type pdf)
<use figure/mnist_testerror_mlp_ep5_client50_iid0-eps-converted-to.pdf>
Package pdftex.def Info: figure/mnist_testerror_mlp_ep5_client50_iid0-eps-conve
rted-to.pdf  used on input line 489.
(pdftex.def)             Requested size: 107.32263pt x 80.49246pt.
Package epstopdf Info: Source file: <figure/mnist_testerror_cnn_ep1_client60_ii
d0.eps>
(epstopdf)                    date: 2021-05-26 07:57:04
(epstopdf)                    size: 26872 bytes
(epstopdf)             Output file: <figure/mnist_testerror_cnn_ep1_client60_ii
d0-eps-converted-to.pdf>
(epstopdf)                    date: 2021-05-26 09:57:27
(epstopdf)                    size: 8902 bytes
(epstopdf)             Command: <repstopdf --outfile=figure/mnist_testerror_cnn
_ep1_client60_iid0-eps-converted-to.pdf figure/mnist_testerror_cnn_ep1_client60
_iid0.eps>
(epstopdf)             \includegraphics on input line 489.
Package epstopdf Info: Output file is already uptodate.
<figure/mnist_testerror_cnn_ep1_client60_iid0-eps-converted-to.pdf, id=295, 421
.575pt x 318.18875pt>
File: figure/mnist_testerror_cnn_ep1_client60_iid0-eps-converted-to.pdf Graphic
 file (type pdf)
<use figure/mnist_testerror_cnn_ep1_client60_iid0-eps-converted-to.pdf>
Package pdftex.def Info: figure/mnist_testerror_cnn_ep1_client60_iid0-eps-conve
rted-to.pdf  used on input line 489.
(pdftex.def)             Requested size: 107.32263pt x 81.00352pt.
Package epstopdf Info: Source file: <figure/mnist_testerror_cnn_ep5_client50_ii
d0.eps>
(epstopdf)                    date: 2021-05-26 07:57:04
(epstopdf)                    size: 16278 bytes
(epstopdf)             Output file: <figure/mnist_testerror_cnn_ep5_client50_ii
d0-eps-converted-to.pdf>
(epstopdf)                    date: 2021-05-26 09:57:27
(epstopdf)                    size: 8040 bytes
(epstopdf)             Command: <repstopdf --outfile=figure/mnist_testerror_cnn
_ep5_client50_iid0-eps-converted-to.pdf figure/mnist_testerror_cnn_ep5_client50
_iid0.eps>
(epstopdf)             \includegraphics on input line 489.
Package epstopdf Info: Output file is already uptodate.
<figure/mnist_testerror_cnn_ep5_client50_iid0-eps-converted-to.pdf, id=296, 421
.575pt x 316.18124pt>
File: figure/mnist_testerror_cnn_ep5_client50_iid0-eps-converted-to.pdf Graphic
 file (type pdf)
<use figure/mnist_testerror_cnn_ep5_client50_iid0-eps-converted-to.pdf>
Package pdftex.def Info: figure/mnist_testerror_cnn_ep5_client50_iid0-eps-conve
rted-to.pdf  used on input line 489.
(pdftex.def)             Requested size: 107.32263pt x 80.49246pt.

Overfull \hbox (15.39581pt too wide) in paragraph at lines 489--490
 [] 
 []

LaTeX Font Info:    Font shape `OT1/ptm/bx/n' in size <9> not available
(Font)              Font shape `OT1/ptm/b/n' tried instead on input line 491.
Package epstopdf Info: Source file: <figure/cifar_testerror_resnet_ep1_client10
_iid1_SGD.eps>
(epstopdf)                    date: 2021-05-26 07:57:04
(epstopdf)                    size: 47810 bytes
(epstopdf)             Output file: <figure/cifar_testerror_resnet_ep1_client10
_iid1_SGD-eps-converted-to.pdf>
(epstopdf)                    date: 2021-05-26 09:57:28
(epstopdf)                    size: 10497 bytes
(epstopdf)             Command: <repstopdf --outfile=figure/cifar_testerror_res
net_ep1_client10_iid1_SGD-eps-converted-to.pdf figure/cifar_testerror_resnet_ep
1_client10_iid1_SGD.eps>
(epstopdf)             \includegraphics on input line 590.
Package epstopdf Info: Output file is already uptodate.
<figure/cifar_testerror_resnet_ep1_client10_iid1_SGD-eps-converted-to.pdf, id=3
04, 421.575pt x 317.185pt>
File: figure/cifar_testerror_resnet_ep1_client10_iid1_SGD-eps-converted-to.pdf 
Graphic file (type pdf)
<use figure/cifar_testerror_resnet_ep1_client10_iid1_SGD-eps-converted-to.pdf>
Package pdftex.def Info: figure/cifar_testerror_resnet_ep1_client10_iid1_SGD-ep
s-converted-to.pdf  used on input line 590.
(pdftex.def)             Requested size: 131.17076pt x 98.68932pt.
Package epstopdf Info: Source file: <figure/cifar_testerror_resnet_ep3_client10
_iid1_SGD.eps>
(epstopdf)                    date: 2021-05-26 07:57:04
(epstopdf)                    size: 48811 bytes
(epstopdf)             Output file: <figure/cifar_testerror_resnet_ep3_client10
_iid1_SGD-eps-converted-to.pdf>
(epstopdf)                    date: 2021-05-26 09:57:28
(epstopdf)                    size: 10672 bytes
(epstopdf)             Command: <repstopdf --outfile=figure/cifar_testerror_res
net_ep3_client10_iid1_SGD-eps-converted-to.pdf figure/cifar_testerror_resnet_ep
3_client10_iid1_SGD.eps>
(epstopdf)             \includegraphics on input line 590.
Package epstopdf Info: Output file is already uptodate.
<figure/cifar_testerror_resnet_ep3_client10_iid1_SGD-eps-converted-to.pdf, id=3
05, 421.575pt x 317.185pt>
File: figure/cifar_testerror_resnet_ep3_client10_iid1_SGD-eps-converted-to.pdf 
Graphic file (type pdf)
<use figure/cifar_testerror_resnet_ep3_client10_iid1_SGD-eps-converted-to.pdf>
Package pdftex.def Info: figure/cifar_testerror_resnet_ep3_client10_iid1_SGD-ep
s-converted-to.pdf  used on input line 590.
(pdftex.def)             Requested size: 131.17076pt x 98.68932pt.
Package epstopdf Info: Source file: <figure/cifar_testerror_resnet_ep1_client50
_iid1_SGD.eps>
(epstopdf)                    date: 2021-05-26 07:57:06
(epstopdf)                    size: 19881 bytes
(epstopdf)             Output file: <figure/cifar_testerror_resnet_ep1_client50
_iid1_SGD-eps-converted-to.pdf>
(epstopdf)                    date: 2021-05-26 09:57:30
(epstopdf)                    size: 9808 bytes
(epstopdf)             Command: <repstopdf --outfile=figure/cifar_testerror_res
net_ep1_client50_iid1_SGD-eps-converted-to.pdf figure/cifar_testerror_resnet_ep
1_client50_iid1_SGD.eps>
(epstopdf)             \includegraphics on input line 590.
Package epstopdf Info: Output file is already uptodate.
<figure/cifar_testerror_resnet_ep1_client50_iid1_SGD-eps-converted-to.pdf, id=3
06, 421.575pt x 316.18124pt>
File: figure/cifar_testerror_resnet_ep1_client50_iid1_SGD-eps-converted-to.pdf 
Graphic file (type pdf)
<use figure/cifar_testerror_resnet_ep1_client50_iid1_SGD-eps-converted-to.pdf>
Package pdftex.def Info: figure/cifar_testerror_resnet_ep1_client50_iid1_SGD-ep
s-converted-to.pdf  used on input line 590.
(pdftex.def)             Requested size: 131.17076pt x 98.377pt.
Package epstopdf Info: Source file: <figure/cifar_testerror_resnet_ep3_client50
_iid1_SGD.eps>
(epstopdf)                    date: 2021-05-26 07:57:04
(epstopdf)                    size: 49288 bytes
(epstopdf)             Output file: <figure/cifar_testerror_resnet_ep3_client50
_iid1_SGD-eps-converted-to.pdf>
(epstopdf)                    date: 2021-05-26 09:57:30
(epstopdf)                    size: 10622 bytes
(epstopdf)             Command: <repstopdf --outfile=figure/cifar_testerror_res
net_ep3_client50_iid1_SGD-eps-converted-to.pdf figure/cifar_testerror_resnet_ep
3_client50_iid1_SGD.eps>
(epstopdf)             \includegraphics on input line 596.
Package epstopdf Info: Output file is already uptodate.
<figure/cifar_testerror_resnet_ep3_client50_iid1_SGD-eps-converted-to.pdf, id=3
07, 421.575pt x 317.185pt>
File: figure/cifar_testerror_resnet_ep3_client50_iid1_SGD-eps-converted-to.pdf 
Graphic file (type pdf)
<use figure/cifar_testerror_resnet_ep3_client50_iid1_SGD-eps-converted-to.pdf>
Package pdftex.def Info: figure/cifar_testerror_resnet_ep3_client50_iid1_SGD-ep
s-converted-to.pdf  used on input line 596.
(pdftex.def)             Requested size: 131.17076pt x 98.68932pt.
Package epstopdf Info: Source file: <figure/cifar_testerror_cnn_ep1_client50_ii
d1.eps>
(epstopdf)                    date: 2021-05-26 07:57:04
(epstopdf)                    size: 19923 bytes
(epstopdf)             Output file: <figure/cifar_testerror_cnn_ep1_client50_ii
d1-eps-converted-to.pdf>
(epstopdf)                    date: 2021-05-26 09:57:29
(epstopdf)                    size: 9607 bytes
(epstopdf)             Command: <repstopdf --outfile=figure/cifar_testerror_cnn
_ep1_client50_iid1-eps-converted-to.pdf figure/cifar_testerror_cnn_ep1_client50
_iid1.eps>
(epstopdf)             \includegraphics on input line 596.
Package epstopdf Info: Output file is already uptodate.
<figure/cifar_testerror_cnn_ep1_client50_iid1-eps-converted-to.pdf, id=308, 421
.575pt x 316.18124pt>
File: figure/cifar_testerror_cnn_ep1_client50_iid1-eps-converted-to.pdf Graphic
 file (type pdf)
<use figure/cifar_testerror_cnn_ep1_client50_iid1-eps-converted-to.pdf>
Package pdftex.def Info: figure/cifar_testerror_cnn_ep1_client50_iid1-eps-conve
rted-to.pdf  used on input line 596.
(pdftex.def)             Requested size: 131.17076pt x 98.377pt.
Package epstopdf Info: Source file: <figure/cifar_testerror_cnn_ep3_client50_ii
d1.eps>
(epstopdf)                    date: 2021-05-26 07:57:04
(epstopdf)                    size: 45938 bytes
(epstopdf)             Output file: <figure/cifar_testerror_cnn_ep3_client50_ii
d1-eps-converted-to.pdf>
(epstopdf)                    date: 2021-05-26 09:57:29
(epstopdf)                    size: 10284 bytes
(epstopdf)             Command: <repstopdf --outfile=figure/cifar_testerror_cnn
_ep3_client50_iid1-eps-converted-to.pdf figure/cifar_testerror_cnn_ep3_client50
_iid1.eps>
(epstopdf)             \includegraphics on input line 596.
Package epstopdf Info: Output file is already uptodate.
<figure/cifar_testerror_cnn_ep3_client50_iid1-eps-converted-to.pdf, id=309, 421
.575pt x 316.18124pt>
File: figure/cifar_testerror_cnn_ep3_client50_iid1-eps-converted-to.pdf Graphic
 file (type pdf)
<use figure/cifar_testerror_cnn_ep3_client50_iid1-eps-converted-to.pdf>
Package pdftex.def Info: figure/cifar_testerror_cnn_ep3_client50_iid1-eps-conve
rted-to.pdf  used on input line 596.
(pdftex.def)             Requested size: 131.17076pt x 98.377pt.
Package epstopdf Info: Source file: <figure/cifar_testerror_resnet_ep1_client50
_iid0.eps>
(epstopdf)                    date: 2021-05-26 07:57:06
(epstopdf)                    size: 20470 bytes
(epstopdf)             Output file: <figure/cifar_testerror_resnet_ep1_client50
_iid0-eps-converted-to.pdf>
(epstopdf)                    date: 2021-05-26 09:57:31
(epstopdf)                    size: 10261 bytes
(epstopdf)             Command: <repstopdf --outfile=figure/cifar_testerror_res
net_ep1_client50_iid0-eps-converted-to.pdf figure/cifar_testerror_resnet_ep1_cl
ient50_iid0.eps>
(epstopdf)             \includegraphics on input line 600.
Package epstopdf Info: Output file is already uptodate.
<figure/cifar_testerror_resnet_ep1_client50_iid0-eps-converted-to.pdf, id=310, 
421.575pt x 316.18124pt>
File: figure/cifar_testerror_resnet_ep1_client50_iid0-eps-converted-to.pdf Grap
hic file (type pdf)
<use figure/cifar_testerror_resnet_ep1_client50_iid0-eps-converted-to.pdf>
Package pdftex.def Info: figure/cifar_testerror_resnet_ep1_client50_iid0-eps-co
nverted-to.pdf  used on input line 600.
(pdftex.def)             Requested size: 131.17076pt x 98.377pt.
Package epstopdf Info: Source file: <figure/cifar_testerror_resnet_ep3_client50
_iid0.eps>
(epstopdf)                    date: 2021-05-26 07:57:06
(epstopdf)                    size: 20385 bytes
(epstopdf)             Output file: <figure/cifar_testerror_resnet_ep3_client50
_iid0-eps-converted-to.pdf>
(epstopdf)                    date: 2021-05-26 09:57:31
(epstopdf)                    size: 10335 bytes
(epstopdf)             Command: <repstopdf --outfile=figure/cifar_testerror_res
net_ep3_client50_iid0-eps-converted-to.pdf figure/cifar_testerror_resnet_ep3_cl
ient50_iid0.eps>
(epstopdf)             \includegraphics on input line 600.
Package epstopdf Info: Output file is already uptodate.
<figure/cifar_testerror_resnet_ep3_client50_iid0-eps-converted-to.pdf, id=311, 
421.575pt x 316.18124pt>
File: figure/cifar_testerror_resnet_ep3_client50_iid0-eps-converted-to.pdf Grap
hic file (type pdf)
<use figure/cifar_testerror_resnet_ep3_client50_iid0-eps-converted-to.pdf>
Package pdftex.def Info: figure/cifar_testerror_resnet_ep3_client50_iid0-eps-co
nverted-to.pdf  used on input line 600.
(pdftex.def)             Requested size: 131.17076pt x 98.377pt.

Overfull \hbox (6.0273pt too wide) in paragraph at lines 590--601
 [] 
 []


Overfull \hbox (6.0273pt too wide) in paragraph at lines 590--601
 [] 
 []

[8 <./figure/mnist_testerror_mlp_ep1_client50_iid0-eps-converted-to.pdf> <./fig
ure/mnist_testerror_mlp_ep5_client50_iid0-eps-converted-to.pdf> <./figure/mnist
_testerror_cnn_ep1_client60_iid0-eps-converted-to.pdf> <./figure/mnist_testerro
r_cnn_ep5_client50_iid0-eps-converted-to.pdf>] [9 <./figure/cifar_testerror_res
net_ep1_client10_iid1_SGD-eps-converted-to.pdf> <./figure/cifar_testerror_resne
t_ep3_client10_iid1_SGD-eps-converted-to.pdf> <./figure/cifar_testerror_resnet_
ep1_client50_iid1_SGD-eps-converted-to.pdf> <./figure/cifar_testerror_resnet_ep
3_client50_iid1_SGD-eps-converted-to.pdf> <./figure/cifar_testerror_cnn_ep1_cli
ent50_iid1-eps-converted-to.pdf> <./figure/cifar_testerror_cnn_ep3_client50_iid
1-eps-converted-to.pdf> <./figure/cifar_testerror_resnet_ep1_client50_iid0-eps-
converted-to.pdf> <./figure/cifar_testerror_resnet_ep3_client50_iid0-eps-conver
ted-to.pdf>] (./main.bbl [10

]) [11] [12

] [13

pdfTeX warning (ext4): destination with the same identifier (name{equation.A.7}
) has been already used, duplicate ignored

\AtBegShi@Output ...ipout \box \AtBeginShipoutBox 
                                                  \fi \fi 
l.799 \eeq
          pdfTeX warning (ext4): destination with the same identifier (name{equ
ation.A.7}) has been already used, duplicate ignored

\AtBegShi@Output ...ipout \box \AtBeginShipoutBox 
                                                  \fi \fi 
l.799 \eeq
          pdfTeX warning (ext4): destination with the same identifier (name{equ
ation.A.7}) has been already used, duplicate ignored

\AtBegShi@Output ...ipout \box \AtBeginShipoutBox 
                                                  \fi \fi 
l.799 \eeq
          pdfTeX warning (ext4): destination with the same identifier (name{equ
ation.A.7}) has been already used, duplicate ignored

\AtBegShi@Output ...ipout \box \AtBeginShipoutBox 
                                                  \fi \fi 
l.799 \eeq
          ]pdfTeX warning (ext4): destination with the same identifier (name{eq
uation.A.7}) has been already used, duplicate ignored
<to be read again> 
                   \relax 
l.810 \beq
           \notagpdfTeX warning (ext4): destination with the same identifier (n
ame{equation.A.7}) has been already used, duplicate ignored
<to be read again> 
                   \relax 
l.831 \end{align}
                  [14pdfTeX warning (ext4): destination with the same identifie
r (name{equation.A.7}) has been already used, duplicate ignored

\AtBegShi@Output ...ipout \box \AtBeginShipoutBox 
                                                  \fi \fi 
l.851 \end{align}
                 ]
Overfull \hbox (18.06966pt too wide) detected at line 859
[]
 []


Overfull \hbox (34.01431pt too wide) detected at line 881
\U/msb/m/n/10 E [] \OMS/cmsy/m/n/10 ^^T [] \U/msb/m/n/10 P []
 []

[15]
Overfull \hbox (42.8446pt too wide) detected at line 901
[]
 []


Overfull \hbox (92.66699pt too wide) detected at line 911
[]
 []


Underfull \vbox (badness 10000) has occurred while \output is active []

 [16pdfTeX warning (ext4): destination with the same identifier (name{equation.
A.16}) has been already used, duplicate ignored

\AtBegShi@Output ...ipout \box \AtBeginShipoutBox 
                                                  \fi \fi 
l.923 \end{align}
                 ]
Overfull \hbox (57.35663pt too wide) detected at line 932
[]
 []


Overfull \hbox (54.31718pt too wide) detected at line 961
[]
 []

[17]pdfTeX warning (ext4): destination with the same identifier (name{equation.
A.21}) has been already used, duplicate ignored
<to be read again> 
                   \relax 
l.963 \beq
          \label{eq:final2}
Overfull \hbox (54.61731pt too wide) detected at line 968
[]
 []


Overfull \hbox (91.49086pt too wide) detected at line 996
[]
 []

[18pdfTeX warning (ext4): destination with the same identifier (name{equation.A
.21}) has been already used, duplicate ignored

\AtBegShi@Output ...ipout \box \AtBeginShipoutBox 
                                                  \fi \fi 
l.1017 \end{proof}
                  pdfTeX warning (ext4): destination with the same identifier (
name{equation.A.22}) has been already used, duplicate ignored

\AtBegShi@Output ...ipout \box \AtBeginShipoutBox 
                                                  \fi \fi 
l.1017 \end{proof}
                  pdfTeX warning (ext4): destination with the same identifier (
name{equation.A.22}) has been already used, duplicate ignored

\AtBegShi@Output ...ipout \box \AtBeginShipoutBox 
                                                  \fi \fi 
l.1017 \end{proof}
                  pdfTeX warning (ext4): destination with the same identifier (
name{equation.A.22}) has been already used, duplicate ignored

\AtBegShi@Output ...ipout \box \AtBeginShipoutBox 
                                                  \fi \fi 
l.1017 \end{proof}
                  ]pdfTeX warning (ext4): destination with the same identifier 
(name{equation.A.22}) has been already used, duplicate ignored
<to be read again> 
                   \relax 
l.1030 \beq
            \notagpdfTeX warning (ext4): destination with the same identifier (
name{equation.A.22}) has been already used, duplicate ignored
<to be read again> 
                   \relax 
l.1055 \end{align}
                   [19pdfTeX warning (ext4): destination with the same identifi
er (name{equation.A.22}) has been already used, duplicate ignored

\AtBegShi@Output ...ipout \box \AtBeginShipoutBox 
                                                  \fi \fi 
l.1061 \end{align}
                  ]
Overfull \hbox (3.03854pt too wide) detected at line 1097
[]
 []


Underfull \vbox (badness 10000) has occurred while \output is active []

 [20]
Overfull \hbox (92.68979pt too wide) detected at line 1102
\OMS/cmsy/m/n/10 ^^@\U/msb/m/n/10 E [] \OMS/cmsy/m/n/10 ^^T \OML/cmm/m/it/10 ^^
^[]\OMS/cmsy/m/n/10 r[]\OML/cmm/m/it/10 f\OT1/cmr/m/n/10 (\OML/cmm/m/it/10 ^^R[
]\OT1/cmr/m/n/10 )[]\U/msb/m/n/10 P []
 []


Overfull \hbox (33.25511pt too wide) detected at line 1110
[]
 []


Overfull \hbox (42.82071pt too wide) detected at line 1116
[]
 []

[21]
Overfull \hbox (1.00174pt too wide) detected at line 1135
[]
 []


Overfull \hbox (38.99539pt too wide) detected at line 1145
[]
 []

Package atveryend Info: Empty hook `BeforeClearDocument' on input line 1175.
[22]
Package atveryend Info: Empty hook `AfterLastShipout' on input line 1175.
 (./main.aux)
Package atveryend Info: Executing hook `AtVeryEndDocument' on input line 1175.
Package atveryend Info: Executing hook `AtEndAfterFileList' on input line 1175.

Package rerunfilecheck Info: File `main.out' has not changed.
(rerunfilecheck)             Checksum: AACFF61593A98C5F27E8DB2A057AC390;1249.
Package atveryend Info: Empty hook `AtVeryVeryEnd' on input line 1175.
 ) 
Here is how much of TeX's memory you used:
 21746 strings out of 492649
 380168 string characters out of 6129622
 540905 words of memory out of 5000000
 24970 multiletter control sequences out of 15000+600000
 575834 words of font info for 247 fonts, out of 8000000 for 9000
 1141 hyphenation exceptions out of 8191
 42i,20n,77p,10393b,749s stack positions out of 5000i,500n,10000p,200000b,80000s
{/usr/local/texlive/2018/texmf-dist/fonts/enc/dvips/base/8r.enc}</usr/local/t
exlive/2018/texmf-dist/fonts/type1/public/amsfonts/cm/cmex10.pfb></usr/local/te
xlive/2018/texmf-dist/fonts/type1/public/amsfonts/cm/cmmi10.pfb></usr/local/tex
live/2018/texmf-dist/fonts/type1/public/amsfonts/cm/cmmi5.pfb></usr/local/texli
ve/2018/texmf-dist/fonts/type1/public/amsfonts/cm/cmmi6.pfb></usr/local/texlive
/2018/texmf-dist/fonts/type1/public/amsfonts/cm/cmmi7.pfb></usr/local/texlive/2
018/texmf-dist/fonts/type1/public/amsfonts/cm/cmmi9.pfb></usr/local/texlive/201
8/texmf-dist/fonts/type1/public/amsfonts/cm/cmr10.pfb></usr/local/texlive/2018/
texmf-dist/fonts/type1/public/amsfonts/cm/cmr5.pfb></usr/local/texlive/2018/tex
mf-dist/fonts/type1/public/amsfonts/cm/cmr6.pfb></usr/local/texlive/2018/texmf-
dist/fonts/type1/public/amsfonts/cm/cmr7.pfb></usr/local/texlive/2018/texmf-dis
t/fonts/type1/public/amsfonts/cm/cmr9.pfb></usr/local/texlive/2018/texmf-dist/f
onts/type1/public/amsfonts/cm/cmss10.pfb></usr/local/texlive/2018/texmf-dist/fo
nts/type1/public/amsfonts/cm/cmss8.pfb></usr/local/texlive/2018/texmf-dist/font
s/type1/public/amsfonts/cm/cmsy10.pfb></usr/local/texlive/2018/texmf-dist/fonts
/type1/public/amsfonts/cm/cmsy7.pfb></usr/local/texlive/2018/texmf-dist/fonts/t
ype1/public/amsfonts/cm/cmsy9.pfb></usr/local/texlive/2018/texmf-dist/fonts/typ
e1/public/amsfonts/cm/cmtt10.pfb></usr/local/texlive/2018/texmf-dist/fonts/type
1/public/amsfonts/symbols/msam10.pfb></usr/local/texlive/2018/texmf-dist/fonts/
type1/public/amsfonts/symbols/msbm10.pfb></usr/local/texlive/2018/texmf-dist/fo
nts/type1/public/stmaryrd/stmary10.pfb></usr/local/texlive/2018/texmf-dist/font
s/type1/urw/helvetic/uhvr8a.pfb></usr/local/texlive/2018/texmf-dist/fonts/type1
/urw/times/utmb8a.pfb></usr/local/texlive/2018/texmf-dist/fonts/type1/urw/times
/utmbi8a.pfb></usr/local/texlive/2018/texmf-dist/fonts/type1/urw/times/utmr8a.p
fb></usr/local/texlive/2018/texmf-dist/fonts/type1/urw/times/utmri8a.pfb>
Output written on main.pdf (22 pages, 573765 bytes).
PDF statistics:
 701 PDF objects out of 1000 (max. 8388607)
 593 compressed objects within 6 object streams
 144 named destinations out of 1000 (max. 500000)
 32962 words of extra memory for PDF output out of 35830 (max. 10000000)

