This is pdfTeX, Version 3.14159265-2.6-1.40.19 (TeX Live 2018) (preloaded format=pdflatex 2018.7.23)  19 JAN 2021 17:21
entering extended mode
 restricted \write18 enabled.
 file:line:error style messages enabled.
 %&-line parsing enabled.
**main.tex
(./main.tex
LaTeX2e <2018-04-01> patch level 2
Babel <3.18> and hyphenation patterns for 84 language(s) loaded.
(/usr/local/texlive/2018/texmf-dist/tex/latex/base/article.cls
Document Class: article 2014/09/29 v1.4h Standard LaTeX document class
(/usr/local/texlive/2018/texmf-dist/tex/latex/base/size10.clo
File: size10.clo 2014/09/29 v1.4h Standard LaTeX file (size option)
)
\c@part=\count80
\c@section=\count81
\c@subsection=\count82
\c@subsubsection=\count83
\c@paragraph=\count84
\c@subparagraph=\count85
\c@figure=\count86
\c@table=\count87
\abovecaptionskip=\skip41
\belowcaptionskip=\skip42
\bibindent=\dimen102
)
(/usr/local/texlive/2018/texmf-dist/tex/latex/hyperref/hyperref.sty
Package: hyperref 2018/02/06 v6.86b Hypertext links for LaTeX

(/usr/local/texlive/2018/texmf-dist/tex/generic/oberdiek/hobsub-hyperref.sty
Package: hobsub-hyperref 2016/05/16 v1.14 Bundle oberdiek, subset hyperref (HO)


(/usr/local/texlive/2018/texmf-dist/tex/generic/oberdiek/hobsub-generic.sty
Package: hobsub-generic 2016/05/16 v1.14 Bundle oberdiek, subset generic (HO)
Package: hobsub 2016/05/16 v1.14 Construct package bundles (HO)
Package: infwarerr 2016/05/16 v1.4 Providing info/warning/error messages (HO)
Package: ltxcmds 2016/05/16 v1.23 LaTeX kernel commands for general use (HO)
Package: ifluatex 2016/05/16 v1.4 Provides the ifluatex switch (HO)
Package ifluatex Info: LuaTeX not detected.
Package: ifvtex 2016/05/16 v1.6 Detect VTeX and its facilities (HO)
Package ifvtex Info: VTeX not detected.
Package: intcalc 2016/05/16 v1.2 Expandable calculations with integers (HO)
Package: ifpdf 2017/03/15 v3.2 Provides the ifpdf switch
Package: etexcmds 2016/05/16 v1.6 Avoid name clashes with e-TeX commands (HO)
Package etexcmds Info: Could not find \expanded.
(etexcmds)             That can mean that you are not using pdfTeX 1.50 or
(etexcmds)             that some package has redefined \expanded.
(etexcmds)             In the latter case, load this package earlier.
Package: kvsetkeys 2016/05/16 v1.17 Key value parser (HO)
Package: kvdefinekeys 2016/05/16 v1.4 Define keys (HO)
Package: pdftexcmds 2018/01/30 v0.27 Utility functions of pdfTeX for LuaTeX (HO
)
Package pdftexcmds Info: LuaTeX not detected.
Package pdftexcmds Info: \pdf@primitive is available.
Package pdftexcmds Info: \pdf@ifprimitive is available.
Package pdftexcmds Info: \pdfdraftmode found.
Package: pdfescape 2016/05/16 v1.14 Implements pdfTeX's escape features (HO)
Package: bigintcalc 2016/05/16 v1.4 Expandable calculations on big integers (HO
)
Package: bitset 2016/05/16 v1.2 Handle bit-vector datatype (HO)
Package: uniquecounter 2016/05/16 v1.3 Provide unlimited unique counter (HO)
)
Package hobsub Info: Skipping package `hobsub' (already loaded).
Package: letltxmacro 2016/05/16 v1.5 Let assignment for LaTeX macros (HO)
Package: hopatch 2016/05/16 v1.3 Wrapper for package hooks (HO)
Package: xcolor-patch 2016/05/16 xcolor patch
Package: atveryend 2016/05/16 v1.9 Hooks at the very end of document (HO)
Package atveryend Info: \enddocument detected (standard20110627).
Package: atbegshi 2016/06/09 v1.18 At begin shipout hook (HO)
Package: refcount 2016/05/16 v3.5 Data extraction from label references (HO)
Package: hycolor 2016/05/16 v1.8 Color options for hyperref/bookmark (HO)
)
(/usr/local/texlive/2018/texmf-dist/tex/latex/graphics/keyval.sty
Package: keyval 2014/10/28 v1.15 key=value parser (DPC)
\KV@toks@=\toks14
)
(/usr/local/texlive/2018/texmf-dist/tex/generic/ifxetex/ifxetex.sty
Package: ifxetex 2010/09/12 v0.6 Provides ifxetex conditional
)
(/usr/local/texlive/2018/texmf-dist/tex/latex/oberdiek/auxhook.sty
Package: auxhook 2016/05/16 v1.4 Hooks for auxiliary files (HO)
)
(/usr/local/texlive/2018/texmf-dist/tex/latex/oberdiek/kvoptions.sty
Package: kvoptions 2016/05/16 v3.12 Key value format for package options (HO)
)
\@linkdim=\dimen103
\Hy@linkcounter=\count88
\Hy@pagecounter=\count89

(/usr/local/texlive/2018/texmf-dist/tex/latex/hyperref/pd1enc.def
File: pd1enc.def 2018/02/06 v6.86b Hyperref: PDFDocEncoding definition (HO)
Now handling font encoding PD1 ...
... no UTF-8 mapping file for font encoding PD1
)
\Hy@SavedSpaceFactor=\count90

(/usr/local/texlive/2018/texmf-dist/tex/latex/latexconfig/hyperref.cfg
File: hyperref.cfg 2002/06/06 v1.2 hyperref configuration of TeXLive
)
Package hyperref Info: Option `colorlinks' set `true' on input line 4383.
Package hyperref Info: Hyper figures OFF on input line 4509.
Package hyperref Info: Link nesting OFF on input line 4514.
Package hyperref Info: Hyper index ON on input line 4517.
Package hyperref Info: Plain pages OFF on input line 4524.
Package hyperref Info: Backreferencing OFF on input line 4529.
Package hyperref Info: Implicit mode ON; LaTeX internals redefined.
Package hyperref Info: Bookmarks ON on input line 4762.
\c@Hy@tempcnt=\count91

(/usr/local/texlive/2018/texmf-dist/tex/latex/url/url.sty
\Urlmuskip=\muskip10
Package: url 2013/09/16  ver 3.4  Verb mode for urls, etc.
)
LaTeX Info: Redefining \url on input line 5115.
\XeTeXLinkMargin=\dimen104
\Fld@menulength=\count92
\Field@Width=\dimen105
\Fld@charsize=\dimen106
Package hyperref Info: Hyper figures OFF on input line 6369.
Package hyperref Info: Link nesting OFF on input line 6374.
Package hyperref Info: Hyper index ON on input line 6377.
Package hyperref Info: backreferencing OFF on input line 6384.
Package hyperref Info: Link coloring ON on input line 6387.
Package hyperref Info: Link coloring with OCG OFF on input line 6394.
Package hyperref Info: PDF/A mode OFF on input line 6399.
LaTeX Info: Redefining \ref on input line 6439.
LaTeX Info: Redefining \pageref on input line 6443.
\Hy@abspage=\count93
\c@Item=\count94
\c@Hfootnote=\count95
)
Package hyperref Info: Driver (autodetected): hpdftex.

(/usr/local/texlive/2018/texmf-dist/tex/latex/hyperref/hpdftex.def
File: hpdftex.def 2018/02/06 v6.86b Hyperref driver for pdfTeX
\Fld@listcount=\count96
\c@bookmark@seq@number=\count97

(/usr/local/texlive/2018/texmf-dist/tex/latex/oberdiek/rerunfilecheck.sty
Package: rerunfilecheck 2016/05/16 v1.8 Rerun checks for auxiliary files (HO)
Package uniquecounter Info: New unique counter `rerunfilecheck' on input line 2
82.
)
\Hy@SectionHShift=\skip43
)
(/usr/local/texlive/2018/texmf-dist/tex/latex/tools/bm.sty
Package: bm 2017/01/16 v1.2c Bold Symbol Support (DPC/FMi)
\symboldoperators=\mathgroup4
\symboldletters=\mathgroup5
\symboldsymbols=\mathgroup6
LaTeX Font Info:    Redeclaring math alphabet \mathbf on input line 141.
LaTeX Info: Redefining \bm on input line 207.
)
(/usr/local/texlive/2018/texmf-dist/tex/latex/amsmath/amsmath.sty
Package: amsmath 2017/09/02 v2.17a AMS math features
\@mathmargin=\skip44

For additional information on amsmath, use the `?' option.
(/usr/local/texlive/2018/texmf-dist/tex/latex/amsmath/amstext.sty
Package: amstext 2000/06/29 v2.01 AMS text

(/usr/local/texlive/2018/texmf-dist/tex/latex/amsmath/amsgen.sty
File: amsgen.sty 1999/11/30 v2.0 generic functions
\@emptytoks=\toks15
\ex@=\dimen107
))
(/usr/local/texlive/2018/texmf-dist/tex/latex/amsmath/amsbsy.sty
Package: amsbsy 1999/11/29 v1.2d Bold Symbols
LaTeX Info: Redefining \boldsymbol on input line 28.
\pmbraise@=\dimen108
)
(/usr/local/texlive/2018/texmf-dist/tex/latex/amsmath/amsopn.sty
Package: amsopn 2016/03/08 v2.02 operator names
)
\inf@bad=\count98
LaTeX Info: Redefining \frac on input line 213.
\uproot@=\count99
\leftroot@=\count100
LaTeX Info: Redefining \overline on input line 375.
\classnum@=\count101
\DOTSCASE@=\count102
LaTeX Info: Redefining \ldots on input line 472.
LaTeX Info: Redefining \dots on input line 475.
LaTeX Info: Redefining \cdots on input line 596.
\Mathstrutbox@=\box26
\strutbox@=\box27
\big@size=\dimen109
LaTeX Font Info:    Redeclaring font encoding OML on input line 712.
LaTeX Font Info:    Redeclaring font encoding OMS on input line 713.
\macc@depth=\count103
\c@MaxMatrixCols=\count104
\dotsspace@=\muskip11
\c@parentequation=\count105
\dspbrk@lvl=\count106
\tag@help=\toks16
\row@=\count107
\column@=\count108
\maxfields@=\count109
\andhelp@=\toks17
\eqnshift@=\dimen110
\alignsep@=\dimen111
\tagshift@=\dimen112
\tagwidth@=\dimen113
\totwidth@=\dimen114
\lineht@=\dimen115
\@envbody=\toks18
\multlinegap=\skip45
\multlinetaggap=\skip46
\mathdisplay@stack=\toks19
LaTeX Info: Redefining \[ on input line 2817.
LaTeX Info: Redefining \] on input line 2818.
)
(/usr/local/texlive/2018/texmf-dist/tex/latex/amscls/amsthm.sty
Package: amsthm 2017/10/31 v2.20.4
\thm@style=\toks20
\thm@bodyfont=\toks21
\thm@headfont=\toks22
\thm@notefont=\toks23
\thm@headpunct=\toks24
\thm@preskip=\skip47
\thm@postskip=\skip48
\thm@headsep=\skip49
\dth@everypar=\toks25
)
(/usr/local/texlive/2018/texmf-dist/tex/latex/amsfonts/amssymb.sty
Package: amssymb 2013/01/14 v3.01 AMS font symbols

(/usr/local/texlive/2018/texmf-dist/tex/latex/amsfonts/amsfonts.sty
Package: amsfonts 2013/01/14 v3.01 Basic AMSFonts support
\symAMSa=\mathgroup7
\symAMSb=\mathgroup8
LaTeX Font Info:    Overwriting math alphabet `\mathfrak' in version `bold'
(Font)                  U/euf/m/n --> U/euf/b/n on input line 106.
))
(/usr/local/texlive/2018/texmf-dist/tex/latex/tools/multicol.sty
Package: multicol 2018/04/01 v1.8r multicolumn formatting (FMi)
\c@tracingmulticols=\count110
\mult@box=\box28
\multicol@leftmargin=\dimen116
\c@unbalance=\count111
\c@collectmore=\count112
\doublecol@number=\count113
\multicoltolerance=\count114
\multicolpretolerance=\count115
\full@width=\dimen117
\page@free=\dimen118
\premulticols=\dimen119
\postmulticols=\dimen120
\multicolsep=\skip50
\multicolbaselineskip=\skip51
\partial@page=\box29
\last@line=\box30
\maxbalancingoverflow=\dimen121
\mult@rightbox=\box31
\mult@grightbox=\box32
\mult@gfirstbox=\box33
\mult@firstbox=\box34
\@tempa=\box35
\@tempa=\box36
\@tempa=\box37
\@tempa=\box38
\@tempa=\box39
\@tempa=\box40
\@tempa=\box41
\@tempa=\box42
\@tempa=\box43
\@tempa=\box44
\@tempa=\box45
\@tempa=\box46
\@tempa=\box47
\@tempa=\box48
\@tempa=\box49
\@tempa=\box50
\@tempa=\box51
\c@columnbadness=\count116
\c@finalcolumnbadness=\count117
\last@try=\dimen122
\multicolovershoot=\dimen123
\multicolundershoot=\dimen124
\mult@nat@firstbox=\box52
\colbreak@box=\box53
\mc@col@check@num=\count118
)
(./algorithmic.sty
Package: algorithmic 

Document Style `algorithmic' - environment
(/usr/local/texlive/2018/texmf-dist/tex/latex/base/ifthen.sty
Package: ifthen 2014/09/29 v1.1c Standard LaTeX ifthen package (DPC)
)
(/usr/local/texlive/2018/texmf-dist/tex/latex/tools/calc.sty
Package: calc 2017/05/25 v4.3 Infix arithmetic (KKT,FJ)
\calc@Acount=\count119
\calc@Bcount=\count120
\calc@Adimen=\dimen125
\calc@Bdimen=\dimen126
\calc@Askip=\skip52
\calc@Bskip=\skip53
LaTeX Info: Redefining \setlength on input line 80.
LaTeX Info: Redefining \addtolength on input line 81.
\calc@Ccount=\count121
\calc@Cskip=\skip54
)
\c@ALC@line=\count122
\c@ALC@rem=\count123
\ALC@tlm=\skip55
) (./algorithm.sty
Package: algorithm 
Document Style `algorithm' - floating environment
(/usr/local/texlive/2018/texmf-dist/tex/latex/float/float.sty
Package: float 2001/11/08 v1.3d Float enhancements (AL)
\c@float@type=\count124
\float@exts=\toks26
\float@box=\box54
\@float@everytoks=\toks27
\@floatcapt=\box55
)
\@float@every@algorithm=\toks28
\c@algorithm=\count125
)
(/usr/local/texlive/2018/texmf-dist/tex/latex/enumitem/enumitem.sty
Package: enumitem 2011/09/28 v3.5.2 Customized lists
\labelindent=\skip56
\enit@outerparindent=\dimen127
\enit@toks=\toks29
\enit@inbox=\box56
\enitdp@description=\count126
)
(/usr/local/texlive/2018/texmf-dist/tex/latex/graphics/graphicx.sty
Package: graphicx 2017/06/01 v1.1a Enhanced LaTeX Graphics (DPC,SPQR)

(/usr/local/texlive/2018/texmf-dist/tex/latex/graphics/graphics.sty
Package: graphics 2017/06/25 v1.2c Standard LaTeX Graphics (DPC,SPQR)

(/usr/local/texlive/2018/texmf-dist/tex/latex/graphics/trig.sty
Package: trig 2016/01/03 v1.10 sin cos tan (DPC)
)
(/usr/local/texlive/2018/texmf-dist/tex/latex/graphics-cfg/graphics.cfg
File: graphics.cfg 2016/06/04 v1.11 sample graphics configuration
)
Package graphics Info: Driver file: pdftex.def on input line 99.

(/usr/local/texlive/2018/texmf-dist/tex/latex/graphics-def/pdftex.def
File: pdftex.def 2018/01/08 v1.0l Graphics/color driver for pdftex
))
\Gin@req@height=\dimen128
\Gin@req@width=\dimen129
)
(/usr/local/texlive/2018/texmf-dist/tex/latex/subfigure/subfigure.sty
Package: subfigure 2002/03/15 v2.1.5 subfigure package
\subfigtopskip=\skip57
\subfigcapskip=\skip58
\subfigcaptopadj=\dimen130
\subfigbottomskip=\skip59
\subfigcapmargin=\dimen131
\subfiglabelskip=\skip60
\c@subfigure=\count127
\c@lofdepth=\count128
\c@subtable=\count129
\c@lotdepth=\count130

****************************************
* Local config file subfigure.cfg used *
****************************************
(/usr/local/texlive/2018/texmf-dist/tex/latex/subfigure/subfigure.cfg)
\subfig@top=\skip61
\subfig@bottom=\skip62
)
(/usr/local/texlive/2018/texmf-dist/tex/latex/xargs/xargs.sty
Package: xargs 2008/03/22 v1.1  extended macro definitions  (mpg)

(/usr/local/texlive/2018/texmf-dist/tex/latex/xkeyval/xkeyval.sty
Package: xkeyval 2014/12/03 v2.7a package option processing (HA)

(/usr/local/texlive/2018/texmf-dist/tex/generic/xkeyval/xkeyval.tex
(/usr/local/texlive/2018/texmf-dist/tex/generic/xkeyval/xkvutils.tex
\XKV@toks=\toks30
\XKV@tempa@toks=\toks31
)
\XKV@depth=\count131
File: xkeyval.tex 2014/12/03 v2.7a key=value parser (HA)
))
\xargs@max=\count132
\xargs@toksa=\toks32
\xargs@toksb=\toks33
)
(/usr/local/texlive/2018/texmf-dist/tex/latex/stmaryrd/stmaryrd.sty
Package: stmaryrd 1994/03/03 St Mary's Road symbol package
\symstmry=\mathgroup9
LaTeX Font Info:    Overwriting symbol font `stmry' in version `bold'
(Font)                  U/stmry/m/n --> U/stmry/b/n on input line 89.
)
(/usr/local/texlive/2018/texmf-dist/tex/latex/natbib/natbib.sty
Package: natbib 2010/09/13 8.31b (PWD, AO)
\bibhang=\skip63
\bibsep=\skip64
LaTeX Info: Redefining \cite on input line 694.
\c@NAT@ctr=\count133
)
(/usr/local/texlive/2018/texmf-dist/tex/latex/microtype/microtype.sty
Package: microtype 2018/01/14 v2.7a Micro-typographical refinements (RS)
\MT@toks=\toks34
\MT@count=\count134
LaTeX Info: Redefining \textls on input line 793.
\MT@outer@kern=\dimen132
LaTeX Info: Redefining \textmicrotypecontext on input line 1339.
\MT@listname@count=\count135

(/usr/local/texlive/2018/texmf-dist/tex/latex/microtype/microtype-pdftex.def
File: microtype-pdftex.def 2018/01/14 v2.7a Definitions specific to pdftex (RS)

LaTeX Info: Redefining \lsstyle on input line 913.
LaTeX Info: Redefining \lslig on input line 913.
\MT@outer@space=\skip65
)
Package microtype Info: Loading configuration file microtype.cfg.

(/usr/local/texlive/2018/texmf-dist/tex/latex/microtype/microtype.cfg
File: microtype.cfg 2018/01/14 v2.7a microtype main configuration file (RS)
))
(/usr/local/texlive/2018/texmf-dist/tex/latex/booktabs/booktabs.sty
Package: booktabs 2016/04/27 v1.618033 publication quality tables
\heavyrulewidth=\dimen133
\lightrulewidth=\dimen134
\cmidrulewidth=\dimen135
\belowrulesep=\dimen136
\belowbottomsep=\dimen137
\aboverulesep=\dimen138
\abovetopsep=\dimen139
\cmidrulesep=\dimen140
\cmidrulekern=\dimen141
\defaultaddspace=\dimen142
\@cmidla=\count136
\@cmidlb=\count137
\@aboverulesep=\dimen143
\@belowrulesep=\dimen144
\@thisruleclass=\count138
\@lastruleclass=\count139
\@thisrulewidth=\dimen145
)
(./icml2021.sty
Package: icml2021 2020/11/18 v2.0 ICML Conference Style File
 (/usr/local/texlive/2018/texmf-dist/tex/latex/psnfss/times.sty
Package: times 2005/04/12 PSNFSS-v9.2a (SPQR) 
) (./fancyhdr.sty
\fancy@headwidth=\skip66
\f@ncyO@elh=\skip67
\f@ncyO@erh=\skip68
\f@ncyO@olh=\skip69
\f@ncyO@orh=\skip70
\f@ncyO@elf=\skip71
\f@ncyO@erf=\skip72
\f@ncyO@olf=\skip73
\f@ncyO@orf=\skip74
)
(/usr/local/texlive/2018/texmf-dist/tex/latex/graphics/color.sty
Package: color 2016/07/10 v1.1e Standard LaTeX Color (DPC)

(/usr/local/texlive/2018/texmf-dist/tex/latex/graphics-cfg/color.cfg
File: color.cfg 2016/01/02 v1.6 sample color configuration
)
Package color Info: Driver file: pdftex.def on input line 147.
)
(/usr/local/texlive/2018/texmf-dist/tex/latex/eso-pic/eso-pic.sty
Package: eso-pic 2015/07/21 v2.0g eso-pic (RN)
)
(/usr/local/texlive/2018/texmf-dist/tex/latex/forloop/forloop.sty
Package: forloop 2006/09/18 v3.0 For Loops for LaTeX
)
Package hyperref Info: Option `colorlinks' set `true' on input line 108.
\titrun=\box57
\c@@affiliationcounter=\count140
\c@@affilnum=\count141
\newcaptionbox=\box58
\newcaptionboxwid=\dimen146
\icmlrulerbox=\box59
\icmlrulercount=\count142
\icmlruleroffset=\dimen147
\cv@lineheight=\dimen148
\cv@boxheight=\dimen149
\cv@tmpbox=\box60
\cv@refno=\count143
\cv@tot=\count144
\cv@tmpc@=\count145
\cv@tmpc=\count146
)
(./shortcuts.tex
\c@Fact=\count147
\c@Lemma=\count148
\c@Prop=\count149
\c@Theorem=\count150
\c@Def=\count151
\c@Corollary=\count152
\c@Conjecture=\count153
\c@Property=\count154
\c@Observation=\count155
\c@Exa=\count156
\c@assumption=\count157
\c@Remark=\count158
) (./main.aux)
\openout1 = `main.aux'.

LaTeX Font Info:    Checking defaults for OML/cmm/m/it on input line 38.
LaTeX Font Info:    ... okay on input line 38.
LaTeX Font Info:    Checking defaults for T1/cmr/m/n on input line 38.
LaTeX Font Info:    ... okay on input line 38.
LaTeX Font Info:    Checking defaults for OT1/cmr/m/n on input line 38.
LaTeX Font Info:    ... okay on input line 38.
LaTeX Font Info:    Checking defaults for OMS/cmsy/m/n on input line 38.
LaTeX Font Info:    ... okay on input line 38.
LaTeX Font Info:    Checking defaults for OMX/cmex/m/n on input line 38.
LaTeX Font Info:    ... okay on input line 38.
LaTeX Font Info:    Checking defaults for U/cmr/m/n on input line 38.
LaTeX Font Info:    ... okay on input line 38.
LaTeX Font Info:    Checking defaults for PD1/pdf/m/n on input line 38.
LaTeX Font Info:    ... okay on input line 38.
LaTeX Font Info:    Try loading font information for OT1+ptm on input line 38.

(/usr/local/texlive/2018/texmf-dist/tex/latex/psnfss/ot1ptm.fd
File: ot1ptm.fd 2001/06/04 font definitions for OT1/ptm.
)
\AtBeginShipoutBox=\box61
Package hyperref Info: Link coloring ON on input line 38.

(/usr/local/texlive/2018/texmf-dist/tex/latex/hyperref/nameref.sty
Package: nameref 2016/05/21 v2.44 Cross-referencing by name of section

(/usr/local/texlive/2018/texmf-dist/tex/generic/oberdiek/gettitlestring.sty
Package: gettitlestring 2016/05/16 v1.5 Cleanup title references (HO)
)
\c@section@level=\count159
)
LaTeX Info: Redefining \ref on input line 38.
LaTeX Info: Redefining \pageref on input line 38.
LaTeX Info: Redefining \nameref on input line 38.

(./main.out) (./main.out)
\@outlinefile=\write3
\openout3 = `main.out'.


(/usr/local/texlive/2018/texmf-dist/tex/context/base/mkii/supp-pdf.mkii
[Loading MPS to PDF converter (version 2006.09.02).]
\scratchcounter=\count160
\scratchdimen=\dimen150
\scratchbox=\box62
\nofMPsegments=\count161
\nofMParguments=\count162
\everyMPshowfont=\toks35
\MPscratchCnt=\count163
\MPscratchDim=\dimen151
\MPnumerator=\count164
\makeMPintoPDFobject=\count165
\everyMPtoPDFconversion=\toks36
) (/usr/local/texlive/2018/texmf-dist/tex/latex/oberdiek/epstopdf-base.sty
Package: epstopdf-base 2016/05/15 v2.6 Base part for package epstopdf

(/usr/local/texlive/2018/texmf-dist/tex/latex/oberdiek/grfext.sty
Package: grfext 2016/05/16 v1.2 Manage graphics extensions (HO)
)
Package epstopdf-base Info: Redefining graphics rule for `.eps' on input line 4
38.
Package grfext Info: Graphics extension search list:
(grfext)             [.pdf,.png,.jpg,.mps,.jpeg,.jbig2,.jb2,.PDF,.PNG,.JPG,.JPE
G,.JBIG2,.JB2,.eps]
(grfext)             \AppendGraphicsExtensions on input line 456.

(/usr/local/texlive/2018/texmf-dist/tex/latex/latexconfig/epstopdf-sys.cfg
File: epstopdf-sys.cfg 2010/07/13 v1.3 Configuration of (r)epstopdf for TeX Liv
e
))
LaTeX Info: Redefining \microtypecontext on input line 38.
Package microtype Info: Generating PDF output.
Package microtype Info: Character protrusion enabled (level 2).
Package microtype Info: Using default protrusion set `alltext'.
Package microtype Info: Automatic font expansion enabled (level 2),
(microtype)             stretch: 20, shrink: 20, step: 1, non-selected.
Package microtype Info: Using default expansion set `basictext'.
Package microtype Info: No adjustment of tracking.
Package microtype Info: No adjustment of interword spacing.
Package microtype Info: No adjustment of character kerning.

(/usr/local/texlive/2018/texmf-dist/tex/latex/microtype/mt-ptm.cfg
File: mt-ptm.cfg 2006/04/20 v1.7 microtype config. file: Times (RS)
)
LaTeX Font Info:    Font shape `OT1/ptm/bx/n' in size <9> not available
(Font)              Font shape `OT1/ptm/b/n' tried instead on input line 74.
LaTeX Font Info:    Font shape `OT1/ptm/bx/n' in size <14.4> not available
(Font)              Font shape `OT1/ptm/b/n' tried instead on input line 74.
LaTeX Font Info:    Font shape `OT1/ptm/bx/n' in size <10> not available
(Font)              Font shape `OT1/ptm/b/n' tried instead on input line 74.
\c@@affil@anon=\count166

(/usr/local/texlive/2018/texmf-dist/tex/latex/microtype/mt-cmr.cfg
File: mt-cmr.cfg 2013/05/19 v2.2 microtype config. file: Computer Modern Roman 
(RS)
)
LaTeX Font Info:    Try loading font information for U+msa on input line 74.

(/usr/local/texlive/2018/texmf-dist/tex/latex/amsfonts/umsa.fd
File: umsa.fd 2013/01/14 v3.01 AMS symbols A
)
(/usr/local/texlive/2018/texmf-dist/tex/latex/microtype/mt-msa.cfg
File: mt-msa.cfg 2006/02/04 v1.1 microtype config. file: AMS symbols (a) (RS)
)
LaTeX Font Info:    Try loading font information for U+msb on input line 74.

(/usr/local/texlive/2018/texmf-dist/tex/latex/amsfonts/umsb.fd
File: umsb.fd 2013/01/14 v3.01 AMS symbols B
)
(/usr/local/texlive/2018/texmf-dist/tex/latex/microtype/mt-msb.cfg
File: mt-msb.cfg 2005/06/01 v1.0 microtype config. file: AMS symbols (b) (RS)
)
LaTeX Font Info:    Try loading font information for U+stmry on input line 74.

(/usr/local/texlive/2018/texmf-dist/tex/latex/stmaryrd/Ustmry.fd)

Package hyperref Warning: Ignoring empty anchor on input line 85.

LaTeX Font Info:    Try loading font information for OML+ptm on input line 85.
(/usr/local/texlive/2018/texmf-dist/tex/latex/psnfss/omlptm.fd
File: omlptm.fd 
)
LaTeX Font Info:    Font shape `OML/ptm/m/n' in size <9> not available
(Font)              Font shape `OML/cmm/m/it' tried instead on input line 85.
LaTeX Font Info:    Font shape `OT1/ptm/bx/n' in size <12> not available
(Font)              Font shape `OT1/ptm/b/n' tried instead on input line 87.

Underfull \vbox (badness 7704) has occurred while \output is active []

 [1{/usr/local/texlive/2018/texmf-var/fonts/map/pdftex/updmap/pdftex.map}



]
LaTeX Font Info:    Try loading font information for OMS+ptm on input line 122.


(/usr/local/texlive/2018/texmf-dist/tex/latex/psnfss/omsptm.fd
File: omsptm.fd 
)
LaTeX Font Info:    Font shape `OMS/ptm/m/n' in size <10> not available
(Font)              Font shape `OMS/cmsy/m/n' tried instead on input line 122.
Package microtype Info: Loading generic protrusion settings for font family
(microtype)             `cmss' (encoding: OT1).
(microtype)             For optimal results, create family-specific settings.
(microtype)             See the microtype manual for details.
 [2] [3]
LaTeX Font Info:    Font shape `OT1/ptm/bx/sc' in size <12> not available
(Font)              Font shape `OT1/ptm/b/sc' tried instead on input line 254.

Underfull \hbox (badness 1158) in paragraph at lines 263--264
[][]\OT1/ptm/b/n/10 H 1. []\OT1/ptm/m/it/10 (+20) For $\OML/cmm/m/it/10 i \OMS/
cmsy/m/n/10 2 \U/stmry/m/n/10 J\OML/cmm/m/it/10 n\U/stmry/m/n/10 K$ \OT1/ptm/m/
it/10 (+20) and $\OML/cmm/m/it/10 ` \OMS/cmsy/m/n/10 2 \U/stmry/m/n/10 J\OML/cm
m/m/it/10 L\U/stmry/m/n/10 K$\OT1/ptm/m/it/10 (+20) , $\OML/cmm/m/it/10 f[]$ \O
T1/ptm/m/it/10 (+20) is L-smooth:
 []

[4]
Package epstopdf Info: Source file: <figure/mnist_trainloss_cnn_ep1_client60_ii
d0.eps>
(epstopdf)                    date: 2020-12-29 10:25:52
(epstopdf)                    size: 16820 bytes
(epstopdf)             Output file: <figure/mnist_trainloss_cnn_ep1_client60_ii
d0-eps-converted-to.pdf>
(epstopdf)                    date: 2020-12-29 11:27:14
(epstopdf)                    size: 7914 bytes
(epstopdf)             Command: <repstopdf --outfile=figure/mnist_trainloss_cnn
_ep1_client60_iid0-eps-converted-to.pdf figure/mnist_trainloss_cnn_ep1_client60
_iid0.eps>
(epstopdf)             \includegraphics on input line 296.
Package epstopdf Info: Output file is already uptodate.
<figure/mnist_trainloss_cnn_ep1_client60_iid0-eps-converted-to.pdf, id=176, 421
.575pt x 316.18124pt>
File: figure/mnist_trainloss_cnn_ep1_client60_iid0-eps-converted-to.pdf Graphic
 file (type pdf)
<use figure/mnist_trainloss_cnn_ep1_client60_iid0-eps-converted-to.pdf>
Package pdftex.def Info: figure/mnist_trainloss_cnn_ep1_client60_iid0-eps-conve
rted-to.pdf  used on input line 296.
(pdftex.def)             Requested size: 121.95561pt x 91.46346pt.
Package epstopdf Info: Source file: <figure/mnist_testerror_cnn_ep1_client60_ii
d0.eps>
(epstopdf)                    date: 2020-12-29 10:25:52
(epstopdf)                    size: 52963 bytes
(epstopdf)             Output file: <figure/mnist_testerror_cnn_ep1_client60_ii
d0-eps-converted-to.pdf>
(epstopdf)                    date: 2020-12-29 11:27:15
(epstopdf)                    size: 51443 bytes
(epstopdf)             Command: <repstopdf --outfile=figure/mnist_testerror_cnn
_ep1_client60_iid0-eps-converted-to.pdf figure/mnist_testerror_cnn_ep1_client60
_iid0.eps>
(epstopdf)             \includegraphics on input line 296.
Package epstopdf Info: Output file is already uptodate.
<figure/mnist_testerror_cnn_ep1_client60_iid0-eps-converted-to.pdf, id=177, 421
.575pt x 316.18124pt>
File: figure/mnist_testerror_cnn_ep1_client60_iid0-eps-converted-to.pdf Graphic
 file (type pdf)
<use figure/mnist_testerror_cnn_ep1_client60_iid0-eps-converted-to.pdf>
Package pdftex.def Info: figure/mnist_testerror_cnn_ep1_client60_iid0-eps-conve
rted-to.pdf  used on input line 296.
(pdftex.def)             Requested size: 121.95561pt x 91.46346pt.

Overfull \hbox (16.53372pt too wide) in paragraph at lines 296--297
 [] 
 []

Package epstopdf Info: Source file: <figure/cifar_testerror_cnn_ep1_client10_ii
d1.eps>
(epstopdf)                    date: 2020-12-29 10:25:52
(epstopdf)                    size: 50311 bytes
(epstopdf)             Output file: <figure/cifar_testerror_cnn_ep1_client10_ii
d1-eps-converted-to.pdf>
(epstopdf)                    date: 2020-12-29 11:27:15
(epstopdf)                    size: 49681 bytes
(epstopdf)             Command: <repstopdf --outfile=figure/cifar_testerror_cnn
_ep1_client10_iid1-eps-converted-to.pdf figure/cifar_testerror_cnn_ep1_client10
_iid1.eps>
(epstopdf)             \includegraphics on input line 307.
Package epstopdf Info: Output file is already uptodate.
<figure/cifar_testerror_cnn_ep1_client10_iid1-eps-converted-to.pdf, id=178, 421
.575pt x 316.18124pt>
File: figure/cifar_testerror_cnn_ep1_client10_iid1-eps-converted-to.pdf Graphic
 file (type pdf)
<use figure/cifar_testerror_cnn_ep1_client10_iid1-eps-converted-to.pdf>
Package pdftex.def Info: figure/cifar_testerror_cnn_ep1_client10_iid1-eps-conve
rted-to.pdf  used on input line 307.
(pdftex.def)             Requested size: 121.95561pt x 91.46346pt.
Package epstopdf Info: Source file: <figure/cifar_testerror_cnn_ep1_client50_ii
d1.eps>
(epstopdf)                    date: 2020-12-29 10:25:52
(epstopdf)                    size: 49687 bytes
(epstopdf)             Output file: <figure/cifar_testerror_cnn_ep1_client50_ii
d1-eps-converted-to.pdf>
(epstopdf)                    date: 2020-12-29 11:27:15
(epstopdf)                    size: 48834 bytes
(epstopdf)             Command: <repstopdf --outfile=figure/cifar_testerror_cnn
_ep1_client50_iid1-eps-converted-to.pdf figure/cifar_testerror_cnn_ep1_client50
_iid1.eps>
(epstopdf)             \includegraphics on input line 307.
Package epstopdf Info: Output file is already uptodate.
<figure/cifar_testerror_cnn_ep1_client50_iid1-eps-converted-to.pdf, id=179, 421
.575pt x 316.18124pt>
File: figure/cifar_testerror_cnn_ep1_client50_iid1-eps-converted-to.pdf Graphic
 file (type pdf)
<use figure/cifar_testerror_cnn_ep1_client50_iid1-eps-converted-to.pdf>
Package pdftex.def Info: figure/cifar_testerror_cnn_ep1_client50_iid1-eps-conve
rted-to.pdf  used on input line 307.
(pdftex.def)             Requested size: 121.95561pt x 91.46346pt.
Package epstopdf Info: Source file: <figure/cifar_testerror_cnn_ep3_client10_ii
d1.eps>
(epstopdf)                    date: 2020-12-29 10:25:52
(epstopdf)                    size: 45874 bytes
(epstopdf)             Output file: <figure/cifar_testerror_cnn_ep3_client10_ii
d1-eps-converted-to.pdf>
(epstopdf)                    date: 2020-12-29 11:27:16
(epstopdf)                    size: 45248 bytes
(epstopdf)             Command: <repstopdf --outfile=figure/cifar_testerror_cnn
_ep3_client10_iid1-eps-converted-to.pdf figure/cifar_testerror_cnn_ep3_client10
_iid1.eps>
(epstopdf)             \includegraphics on input line 311.
Package epstopdf Info: Output file is already uptodate.
<figure/cifar_testerror_cnn_ep3_client10_iid1-eps-converted-to.pdf, id=180, 421
.575pt x 316.18124pt>
File: figure/cifar_testerror_cnn_ep3_client10_iid1-eps-converted-to.pdf Graphic
 file (type pdf)
<use figure/cifar_testerror_cnn_ep3_client10_iid1-eps-converted-to.pdf>
Package pdftex.def Info: figure/cifar_testerror_cnn_ep3_client10_iid1-eps-conve
rted-to.pdf  used on input line 311.
(pdftex.def)             Requested size: 121.95561pt x 91.46346pt.
Package epstopdf Info: Source file: <figure/cifar_testerror_cnn_ep3_client50_ii
d1.eps>
(epstopdf)                    date: 2020-12-29 10:25:52
(epstopdf)                    size: 19593 bytes
(epstopdf)             Output file: <figure/cifar_testerror_cnn_ep3_client50_ii
d1-eps-converted-to.pdf>
(epstopdf)                    date: 2020-12-29 11:27:16
(epstopdf)                    size: 8981 bytes
(epstopdf)             Command: <repstopdf --outfile=figure/cifar_testerror_cnn
_ep3_client50_iid1-eps-converted-to.pdf figure/cifar_testerror_cnn_ep3_client50
_iid1.eps>
(epstopdf)             \includegraphics on input line 311.
Package epstopdf Info: Output file is already uptodate.
<figure/cifar_testerror_cnn_ep3_client50_iid1-eps-converted-to.pdf, id=181, 421
.575pt x 316.18124pt>
File: figure/cifar_testerror_cnn_ep3_client50_iid1-eps-converted-to.pdf Graphic
 file (type pdf)
<use figure/cifar_testerror_cnn_ep3_client50_iid1-eps-converted-to.pdf>
Package pdftex.def Info: figure/cifar_testerror_cnn_ep3_client50_iid1-eps-conve
rted-to.pdf  used on input line 311.
(pdftex.def)             Requested size: 121.95561pt x 91.46346pt.

Overfull \hbox (16.53372pt too wide) in paragraph at lines 307--312
 [] 
 []


Overfull \hbox (16.53372pt too wide) in paragraph at lines 307--312
 [] 
 []

Package epstopdf Info: Source file: <figure/cifar_testerror_resnet_ep1_client10
_iid1.eps>
(epstopdf)                    date: 2020-12-29 10:25:52
(epstopdf)                    size: 47738 bytes
(epstopdf)             Output file: <figure/cifar_testerror_resnet_ep1_client10
_iid1-eps-converted-to.pdf>
(epstopdf)                    date: 2020-12-29 11:27:17
(epstopdf)                    size: 46937 bytes
(epstopdf)             Command: <repstopdf --outfile=figure/cifar_testerror_res
net_ep1_client10_iid1-eps-converted-to.pdf figure/cifar_testerror_resnet_ep1_cl
ient10_iid1.eps>
(epstopdf)             \includegraphics on input line 322.
Package epstopdf Info: Output file is already uptodate.
<figure/cifar_testerror_resnet_ep1_client10_iid1-eps-converted-to.pdf, id=182, 
421.575pt x 316.18124pt>
File: figure/cifar_testerror_resnet_ep1_client10_iid1-eps-converted-to.pdf Grap
hic file (type pdf)
<use figure/cifar_testerror_resnet_ep1_client10_iid1-eps-converted-to.pdf>
Package pdftex.def Info: figure/cifar_testerror_resnet_ep1_client10_iid1-eps-co
nverted-to.pdf  used on input line 322.
(pdftex.def)             Requested size: 121.95561pt x 91.46346pt.
Package epstopdf Info: Source file: <figure/cifar_testerror_resnet_ep1_client50
_iid1.eps>
(epstopdf)                    date: 2020-12-29 10:25:52
(epstopdf)                    size: 19268 bytes
(epstopdf)             Output file: <figure/cifar_testerror_resnet_ep1_client50
_iid1-eps-converted-to.pdf>
(epstopdf)                    date: 2020-12-29 11:27:17
(epstopdf)                    size: 8899 bytes
(epstopdf)             Command: <repstopdf --outfile=figure/cifar_testerror_res
net_ep1_client50_iid1-eps-converted-to.pdf figure/cifar_testerror_resnet_ep1_cl
ient50_iid1.eps>
(epstopdf)             \includegraphics on input line 322.
Package epstopdf Info: Output file is already uptodate.
<figure/cifar_testerror_resnet_ep1_client50_iid1-eps-converted-to.pdf, id=183, 
421.575pt x 316.18124pt>
File: figure/cifar_testerror_resnet_ep1_client50_iid1-eps-converted-to.pdf Grap
hic file (type pdf)
<use figure/cifar_testerror_resnet_ep1_client50_iid1-eps-converted-to.pdf>
Package pdftex.def Info: figure/cifar_testerror_resnet_ep1_client50_iid1-eps-co
nverted-to.pdf  used on input line 322.
(pdftex.def)             Requested size: 121.95561pt x 91.46346pt.
Package epstopdf Info: Source file: <figure/cifar_testerror_resnet_ep3_client10
_iid1.eps>
(epstopdf)                    date: 2020-12-29 10:25:52
(epstopdf)                    size: 50818 bytes
(epstopdf)             Output file: <figure/cifar_testerror_resnet_ep3_client10
_iid1-eps-converted-to.pdf>
(epstopdf)                    date: 2020-12-29 11:27:18
(epstopdf)                    size: 50169 bytes
(epstopdf)             Command: <repstopdf --outfile=figure/cifar_testerror_res
net_ep3_client10_iid1-eps-converted-to.pdf figure/cifar_testerror_resnet_ep3_cl
ient10_iid1.eps>
(epstopdf)             \includegraphics on input line 326.
Package epstopdf Info: Output file is already uptodate.
<figure/cifar_testerror_resnet_ep3_client10_iid1-eps-converted-to.pdf, id=184, 
421.575pt x 316.18124pt>
File: figure/cifar_testerror_resnet_ep3_client10_iid1-eps-converted-to.pdf Grap
hic file (type pdf)
<use figure/cifar_testerror_resnet_ep3_client10_iid1-eps-converted-to.pdf>
Package pdftex.def Info: figure/cifar_testerror_resnet_ep3_client10_iid1-eps-co
nverted-to.pdf  used on input line 326.
(pdftex.def)             Requested size: 121.95561pt x 91.46346pt.
Package epstopdf Info: Source file: <figure/cifar_testerror_resnet_ep3_client50
_iid1.eps>
(epstopdf)                    date: 2020-12-29 10:25:52
(epstopdf)                    size: 49901 bytes
(epstopdf)             Output file: <figure/cifar_testerror_resnet_ep3_client50
_iid1-eps-converted-to.pdf>
(epstopdf)                    date: 2020-12-29 11:27:18
(epstopdf)                    size: 49023 bytes
(epstopdf)             Command: <repstopdf --outfile=figure/cifar_testerror_res
net_ep3_client50_iid1-eps-converted-to.pdf figure/cifar_testerror_resnet_ep3_cl
ient50_iid1.eps>
(epstopdf)             \includegraphics on input line 326.
Package epstopdf Info: Output file is already uptodate.
<figure/cifar_testerror_resnet_ep3_client50_iid1-eps-converted-to.pdf, id=185, 
421.575pt x 316.18124pt>
File: figure/cifar_testerror_resnet_ep3_client50_iid1-eps-converted-to.pdf Grap
hic file (type pdf)
<use figure/cifar_testerror_resnet_ep3_client50_iid1-eps-converted-to.pdf>
Package pdftex.def Info: figure/cifar_testerror_resnet_ep3_client50_iid1-eps-co
nverted-to.pdf  used on input line 326.
(pdftex.def)             Requested size: 121.95561pt x 91.46346pt.

Overfull \hbox (16.53372pt too wide) in paragraph at lines 322--327
 [] 
 []


Overfull \hbox (16.53372pt too wide) in paragraph at lines 322--327
 [] 
 []

[5

pdfTeX warning (ext4): destination with the same identifier (name{figure.1}) ha
s been already used, duplicate ignored

\AtBegShi@Output ...ipout \box \AtBeginShipoutBox 
                                                  \fi \fi 
l.336 \clearpage
                pdfTeX warning (ext4): destination with the same identifier (na
me{figure.2}) has been already used, duplicate ignored

\AtBegShi@Output ...ipout \box \AtBeginShipoutBox 
                                                  \fi \fi 
l.336 \clearpage
                pdfTeX warning (ext4): destination with the same identifier (na
me{figure.3}) has been already used, duplicate ignored

\AtBegShi@Output ...ipout \box \AtBeginShipoutBox 
                                                  \fi \fi 
l.336 \clearpage
                 <./figure/mnist_trainloss_cnn_ep1_client60_iid0-eps-converted-
to.pdf> <./figure/mnist_testerror_cnn_ep1_client60_iid0-eps-converted-to.pdf> <
./figure/cifar_testerror_cnn_ep1_client10_iid1-eps-converted-to.pdf> <./figure/
cifar_testerror_cnn_ep1_client50_iid1-eps-converted-to.pdf> <./figure/cifar_tes
terror_cnn_ep3_client10_iid1-eps-converted-to.pdf> <./figure/cifar_testerror_cn
n_ep3_client50_iid1-eps-converted-to.pdf> <./figure/cifar_testerror_resnet_ep1_
client10_iid1-eps-converted-to.pdf> <./figure/cifar_testerror_resnet_ep1_client
50_iid1-eps-converted-to.pdf> <./figure/cifar_testerror_resnet_ep3_client10_iid
1-eps-converted-to.pdf> <./figure/cifar_testerror_resnet_ep3_client50_iid1-eps-
converted-to.pdf>] (./main.bbl) [6

] [7


]
Underfull \vbox (badness 10000) has occurred while \output is active []

 [8]
Overfull \hbox (1.8978pt too wide) detected at line 480
[]
 []


Underfull \vbox (badness 7722) has occurred while \output is active []

 [9]
[10] [11]
Overfull \hbox (5.75066pt too wide) detected at line 574
[]
 []

Package atveryend Info: Empty hook `BeforeClearDocument' on input line 577.
[12]
Package atveryend Info: Empty hook `AfterLastShipout' on input line 577.
 (./main.aux)
Package atveryend Info: Executing hook `AtVeryEndDocument' on input line 577.
Package atveryend Info: Executing hook `AtEndAfterFileList' on input line 577.
Package rerunfilecheck Info: File `main.out' has not changed.
(rerunfilecheck)             Checksum: D41D8CD98F00B204E9800998ECF8427E;0.
Package atveryend Info: Empty hook `AtVeryVeryEnd' on input line 577.
 ) 
Here is how much of TeX's memory you used:
 10412 strings out of 492649
 154892 string characters out of 6129622
 320953 words of memory out of 5000000
 13746 multiletter control sequences out of 15000+600000
 46834 words of font info for 233 fonts, out of 8000000 for 9000
 1141 hyphenation exceptions out of 8191
 36i,20n,54p,645b,602s stack positions out of 5000i,500n,10000p,200000b,80000s
{/usr/local/texlive/2018/texmf-dist/fonts/enc/dvips/base/8r.enc}</usr/local/t
exlive/2018/texmf-dist/fonts/type1/public/amsfonts/cm/cmex10.pfb></usr/local/te
xlive/2018/texmf-dist/fonts/type1/public/amsfonts/cm/cmmi10.pfb></usr/local/tex
live/2018/texmf-dist/fonts/type1/public/amsfonts/cm/cmmi5.pfb></usr/local/texli
ve/2018/texmf-dist/fonts/type1/public/amsfonts/cm/cmmi6.pfb></usr/local/texlive
/2018/texmf-dist/fonts/type1/public/amsfonts/cm/cmmi7.pfb></usr/local/texlive/2
018/texmf-dist/fonts/type1/public/amsfonts/cm/cmmi9.pfb></usr/local/texlive/201
8/texmf-dist/fonts/type1/public/amsfonts/cm/cmr10.pfb></usr/local/texlive/2018/
texmf-dist/fonts/type1/public/amsfonts/cm/cmr5.pfb></usr/local/texlive/2018/tex
mf-dist/fonts/type1/public/amsfonts/cm/cmr6.pfb></usr/local/texlive/2018/texmf-
dist/fonts/type1/public/amsfonts/cm/cmr7.pfb></usr/local/texlive/2018/texmf-dis
t/fonts/type1/public/amsfonts/cm/cmr9.pfb></usr/local/texlive/2018/texmf-dist/f
onts/type1/public/amsfonts/cm/cmss10.pfb></usr/local/texlive/2018/texmf-dist/fo
nts/type1/public/amsfonts/cm/cmss8.pfb></usr/local/texlive/2018/texmf-dist/font
s/type1/public/amsfonts/cm/cmsy10.pfb></usr/local/texlive/2018/texmf-dist/fonts
/type1/public/amsfonts/cm/cmsy6.pfb></usr/local/texlive/2018/texmf-dist/fonts/t
ype1/public/amsfonts/cm/cmsy7.pfb></usr/local/texlive/2018/texmf-dist/fonts/typ
e1/public/amsfonts/cm/cmsy9.pfb></usr/local/texlive/2018/texmf-dist/fonts/type1
/public/amsfonts/symbols/msbm10.pfb></usr/local/texlive/2018/texmf-dist/fonts/t
ype1/public/stmaryrd/stmary10.pfb></usr/local/texlive/2018/texmf-dist/fonts/typ
e1/urw/times/utmb8a.pfb></usr/local/texlive/2018/texmf-dist/fonts/type1/urw/tim
es/utmr8a.pfb></usr/local/texlive/2018/texmf-dist/fonts/type1/urw/times/utmr8a.
pfb></usr/local/texlive/2018/texmf-dist/fonts/type1/urw/times/utmri8a.pfb>
Output written on main.pdf (12 pages, 625333 bytes).
PDF statistics:
 458 PDF objects out of 1000 (max. 8388607)
 373 compressed objects within 4 object streams
 102 named destinations out of 1000 (max. 500000)
 34867 words of extra memory for PDF output out of 35830 (max. 10000000)

