\BOOKMARK [1][-]{section.1}{Introduction}{}% 1
\BOOKMARK [1][-]{section.2}{Two-Time-Scale Stochastic EM Algorithms}{}% 2
\BOOKMARK [2][-]{subsection.2.1}{Monte Carlo Integration and Stochastic Approximation}{section.2}% 3
\BOOKMARK [2][-]{subsection.2.2}{Incremental and Bi-Level Noisy EM Methods}{section.2}% 4
\BOOKMARK [1][-]{section.3}{Finite Time Analysis of the Two-Time-Scale Scheme}{}% 5
\BOOKMARK [2][-]{subsection.3.1}{Global Convergence of Incremental Noisy EM Algorithms}{section.3}% 6
\BOOKMARK [2][-]{subsection.3.2}{Global Convergence of Two-Time-Scale Noisy EM Algorithms}{section.3}% 7
\BOOKMARK [1][-]{section.4}{Numerical Examples}{}% 8
\BOOKMARK [2][-]{subsection.4.1}{Gaussian Mixture Models}{section.4}% 9
\BOOKMARK [2][-]{subsection.4.2}{Deformable Template Model for Image Analysis}{section.4}% 10
\BOOKMARK [2][-]{subsection.4.3}{PK Model with Absorption Lag Time}{section.4}% 11
\BOOKMARK [1][-]{section.5}{Conclusion}{}% 12
\BOOKMARK [1][-]{appendix.A}{Proof of Lemma 2}{}% 13
\BOOKMARK [1][-]{appendix.B}{Proof of Theorem 1}{}% 14
\BOOKMARK [1][-]{appendix.C}{Proofs of Auxiliary Lemmas}{}% 15
\BOOKMARK [2][-]{subsection.C.1}{Proof of Lemma 3 and Lemma 4}{appendix.C}% 16
\BOOKMARK [2][-]{subsection.C.2}{Proof of Lemma 5}{appendix.C}% 17
\BOOKMARK [2][-]{subsection.C.3}{Additional Intermediary Result}{appendix.C}% 18
\BOOKMARK [1][-]{appendix.D}{Proof of Theorem 2}{}% 19
\BOOKMARK [1][-]{appendix.E}{Proof of Theorem 3}{}% 20
\BOOKMARK [1][-]{appendix.F}{Practical Implementations of Two-Time-Scale EM Methods}{}% 21
\BOOKMARK [2][-]{subsection.F.1}{Application on GMM}{appendix.F}% 22
\BOOKMARK [3][-]{subsubsection.F.1.1}{Explicit Updates}{subsection.F.1}% 23
\BOOKMARK [3][-]{subsubsection.F.1.2}{Model Assumptions \(GMM example\)}{subsection.F.1}% 24
\BOOKMARK [3][-]{subsubsection.F.1.3}{Algorithms updates}{subsection.F.1}% 25
\BOOKMARK [2][-]{subsection.F.2}{Deformable Template Model for Image Analysis}{appendix.F}% 26
\BOOKMARK [3][-]{subsubsection.F.2.1}{Model and Updates}{subsection.F.2}% 27
\BOOKMARK [3][-]{subsubsection.F.2.2}{Numerical Applications}{subsection.F.2}% 28
\BOOKMARK [2][-]{subsection.F.3}{Application on PK Model}{appendix.F}% 29
\BOOKMARK [3][-]{subsubsection.F.3.1}{Model and Explicit Updates}{subsection.F.3}% 30
\BOOKMARK [3][-]{subsubsection.F.3.2}{Metropolis Hastings algorithm}{subsection.F.3}% 31
