This is pdfTeX, Version 3.14159265-2.6-1.40.19 (TeX Live 2018) (preloaded format=pdflatex 2018.7.23)  30 SEP 2021 09:42
entering extended mode
 restricted \write18 enabled.
 file:line:error style messages enabled.
 %&-line parsing enabled.
**main_iclr.tex
(./main_iclr.tex
LaTeX2e <2018-04-01> patch level 2
Babel <3.18> and hyphenation patterns for 84 language(s) loaded.
(/usr/local/texlive/2018/texmf-dist/tex/latex/base/article.cls
Document Class: article 2014/09/29 v1.4h Standard LaTeX document class
(/usr/local/texlive/2018/texmf-dist/tex/latex/base/size10.clo
File: size10.clo 2014/09/29 v1.4h Standard LaTeX file (size option)
)
\c@part=\count80
\c@section=\count81
\c@subsection=\count82
\c@subsubsection=\count83
\c@paragraph=\count84
\c@subparagraph=\count85
\c@figure=\count86
\c@table=\count87
\abovecaptionskip=\skip41
\belowcaptionskip=\skip42
\bibindent=\dimen102
)
(./iclr2022_conference.sty
(/usr/local/texlive/2018/texmf-dist/tex/latex/eso-pic/eso-pic.sty
Package: eso-pic 2015/07/21 v2.0g eso-pic (RN)

(/usr/local/texlive/2018/texmf-dist/tex/generic/oberdiek/atbegshi.sty
Package: atbegshi 2016/06/09 v1.18 At begin shipout hook (HO)

(/usr/local/texlive/2018/texmf-dist/tex/generic/oberdiek/infwarerr.sty
Package: infwarerr 2016/05/16 v1.4 Providing info/warning/error messages (HO)
)
(/usr/local/texlive/2018/texmf-dist/tex/generic/oberdiek/ltxcmds.sty
Package: ltxcmds 2016/05/16 v1.23 LaTeX kernel commands for general use (HO)
)
(/usr/local/texlive/2018/texmf-dist/tex/generic/oberdiek/ifpdf.sty
Package: ifpdf 2017/03/15 v3.2 Provides the ifpdf switch
))
(/usr/local/texlive/2018/texmf-dist/tex/latex/graphics/keyval.sty
Package: keyval 2014/10/28 v1.15 key=value parser (DPC)
\KV@toks@=\toks14
)
(/usr/local/texlive/2018/texmf-dist/tex/latex/xcolor/xcolor.sty
Package: xcolor 2016/05/11 v2.12 LaTeX color extensions (UK)

(/usr/local/texlive/2018/texmf-dist/tex/latex/graphics-cfg/color.cfg
File: color.cfg 2016/01/02 v1.6 sample color configuration
)
Package xcolor Info: Driver file: pdftex.def on input line 225.

(/usr/local/texlive/2018/texmf-dist/tex/latex/graphics-def/pdftex.def
File: pdftex.def 2018/01/08 v1.0l Graphics/color driver for pdftex
)
Package xcolor Info: Model `cmy' substituted by `cmy0' on input line 1348.
Package xcolor Info: Model `hsb' substituted by `rgb' on input line 1352.
Package xcolor Info: Model `RGB' extended on input line 1364.
Package xcolor Info: Model `HTML' substituted by `rgb' on input line 1366.
Package xcolor Info: Model `Hsb' substituted by `hsb' on input line 1367.
Package xcolor Info: Model `tHsb' substituted by `hsb' on input line 1368.
Package xcolor Info: Model `HSB' substituted by `hsb' on input line 1369.
Package xcolor Info: Model `Gray' substituted by `gray' on input line 1370.
Package xcolor Info: Model `wave' substituted by `hsb' on input line 1371.
))
(./fancyhdr.sty
\fancy@headwidth=\skip43
\f@ncyO@elh=\skip44
\f@ncyO@erh=\skip45
\f@ncyO@olh=\skip46
\f@ncyO@orh=\skip47
\f@ncyO@elf=\skip48
\f@ncyO@erf=\skip49
\f@ncyO@olf=\skip50
\f@ncyO@orf=\skip51
) (./natbib.sty
Package: natbib 2009/07/16 8.31 (PWD, AO)
\bibhang=\skip52
\bibsep=\skip53
LaTeX Info: Redefining \cite on input line 694.
\c@NAT@ctr=\count88
))
(/usr/local/texlive/2018/texmf-dist/tex/latex/psnfss/times.sty
Package: times 2005/04/12 PSNFSS-v9.2a (SPQR) 
)
(/usr/local/texlive/2018/texmf-dist/tex/latex/tools/bm.sty
Package: bm 2017/01/16 v1.2c Bold Symbol Support (DPC/FMi)
\symboldoperators=\mathgroup4
\symboldletters=\mathgroup5
\symboldsymbols=\mathgroup6
LaTeX Font Info:    Redeclaring math alphabet \mathbf on input line 141.
LaTeX Info: Redefining \bm on input line 207.
)
(/usr/local/texlive/2018/texmf-dist/tex/latex/amsmath/amsmath.sty
Package: amsmath 2017/09/02 v2.17a AMS math features
\@mathmargin=\skip54

For additional information on amsmath, use the `?' option.
(/usr/local/texlive/2018/texmf-dist/tex/latex/amsmath/amstext.sty
Package: amstext 2000/06/29 v2.01 AMS text

(/usr/local/texlive/2018/texmf-dist/tex/latex/amsmath/amsgen.sty
File: amsgen.sty 1999/11/30 v2.0 generic functions
\@emptytoks=\toks15
\ex@=\dimen103
))
(/usr/local/texlive/2018/texmf-dist/tex/latex/amsmath/amsbsy.sty
Package: amsbsy 1999/11/29 v1.2d Bold Symbols
LaTeX Info: Redefining \boldsymbol on input line 28.
\pmbraise@=\dimen104
)
(/usr/local/texlive/2018/texmf-dist/tex/latex/amsmath/amsopn.sty
Package: amsopn 2016/03/08 v2.02 operator names
)
\inf@bad=\count89
LaTeX Info: Redefining \frac on input line 213.
\uproot@=\count90
\leftroot@=\count91
LaTeX Info: Redefining \overline on input line 375.
\classnum@=\count92
\DOTSCASE@=\count93
LaTeX Info: Redefining \ldots on input line 472.
LaTeX Info: Redefining \dots on input line 475.
LaTeX Info: Redefining \cdots on input line 596.
\Mathstrutbox@=\box26
\strutbox@=\box27
\big@size=\dimen105
LaTeX Font Info:    Redeclaring font encoding OML on input line 712.
LaTeX Font Info:    Redeclaring font encoding OMS on input line 713.
\macc@depth=\count94
\c@MaxMatrixCols=\count95
\dotsspace@=\muskip10
\c@parentequation=\count96
\dspbrk@lvl=\count97
\tag@help=\toks16
\row@=\count98
\column@=\count99
\maxfields@=\count100
\andhelp@=\toks17
\eqnshift@=\dimen106
\alignsep@=\dimen107
\tagshift@=\dimen108
\tagwidth@=\dimen109
\totwidth@=\dimen110
\lineht@=\dimen111
\@envbody=\toks18
\multlinegap=\skip55
\multlinetaggap=\skip56
\mathdisplay@stack=\toks19
LaTeX Info: Redefining \[ on input line 2817.
LaTeX Info: Redefining \] on input line 2818.
)
(/usr/local/texlive/2018/texmf-dist/tex/latex/amscls/amsthm.sty
Package: amsthm 2017/10/31 v2.20.4
\thm@style=\toks20
\thm@bodyfont=\toks21
\thm@headfont=\toks22
\thm@notefont=\toks23
\thm@headpunct=\toks24
\thm@preskip=\skip57
\thm@postskip=\skip58
\thm@headsep=\skip59
\dth@everypar=\toks25
)
(/usr/local/texlive/2018/texmf-dist/tex/latex/amsfonts/amssymb.sty
Package: amssymb 2013/01/14 v3.01 AMS font symbols

(/usr/local/texlive/2018/texmf-dist/tex/latex/amsfonts/amsfonts.sty
Package: amsfonts 2013/01/14 v3.01 Basic AMSFonts support
\symAMSa=\mathgroup7
\symAMSb=\mathgroup8
LaTeX Font Info:    Overwriting math alphabet `\mathfrak' in version `bold'
(Font)                  U/euf/m/n --> U/euf/b/n on input line 106.
))
(/usr/local/texlive/2018/texmf-dist/tex/latex/tools/multicol.sty
Package: multicol 2018/04/01 v1.8r multicolumn formatting (FMi)
\c@tracingmulticols=\count101
\mult@box=\box28
\multicol@leftmargin=\dimen112
\c@unbalance=\count102
\c@collectmore=\count103
\doublecol@number=\count104
\multicoltolerance=\count105
\multicolpretolerance=\count106
\full@width=\dimen113
\page@free=\dimen114
\premulticols=\dimen115
\postmulticols=\dimen116
\multicolsep=\skip60
\multicolbaselineskip=\skip61
\partial@page=\box29
\last@line=\box30
\maxbalancingoverflow=\dimen117
\mult@rightbox=\box31
\mult@grightbox=\box32
\mult@gfirstbox=\box33
\mult@firstbox=\box34
\@tempa=\box35
\@tempa=\box36
\@tempa=\box37
\@tempa=\box38
\@tempa=\box39
\@tempa=\box40
\@tempa=\box41
\@tempa=\box42
\@tempa=\box43
\@tempa=\box44
\@tempa=\box45
\@tempa=\box46
\@tempa=\box47
\@tempa=\box48
\@tempa=\box49
\@tempa=\box50
\@tempa=\box51
\c@columnbadness=\count107
\c@finalcolumnbadness=\count108
\last@try=\dimen118
\multicolovershoot=\dimen119
\multicolundershoot=\dimen120
\mult@nat@firstbox=\box52
\colbreak@box=\box53
\mc@col@check@num=\count109
)
(/usr/local/texlive/2018/texmf-dist/tex/latex/algorithms/algorithmic.sty
Package: algorithmic 2009/08/24 v0.1 Document Style `algorithmic'

(/usr/local/texlive/2018/texmf-dist/tex/latex/base/ifthen.sty
Package: ifthen 2014/09/29 v1.1c Standard LaTeX ifthen package (DPC)
)
\c@ALC@unique=\count110
\c@ALC@line=\count111
\c@ALC@rem=\count112
\c@ALC@depth=\count113
\ALC@tlm=\skip62
\algorithmicindent=\skip63
)
(/usr/local/texlive/2018/texmf-dist/tex/latex/algorithms/algorithm.sty
Package: algorithm 2009/08/24 v0.1 Document Style `algorithm' - floating enviro
nment

(/usr/local/texlive/2018/texmf-dist/tex/latex/float/float.sty
Package: float 2001/11/08 v1.3d Float enhancements (AL)
\c@float@type=\count114
\float@exts=\toks26
\float@box=\box54
\@float@everytoks=\toks27
\@floatcapt=\box55
)
\@float@every@algorithm=\toks28
\c@algorithm=\count115
)
(/usr/local/texlive/2018/texmf-dist/tex/latex/caption/subcaption.sty
Package: subcaption 2016/05/22 v1.1-161 Sub-captions (AR)

(/usr/local/texlive/2018/texmf-dist/tex/latex/caption/caption.sty
Package: caption 2016/02/21 v3.3-144 Customizing captions (AR)

(/usr/local/texlive/2018/texmf-dist/tex/latex/caption/caption3.sty
Package: caption3 2016/05/22 v1.7-166 caption3 kernel (AR)
Package caption3 Info: TeX engine: e-TeX on input line 67.
\captionmargin=\dimen121
\captionmargin@=\dimen122
\captionwidth=\dimen123
\caption@tempdima=\dimen124
\caption@indent=\dimen125
\caption@parindent=\dimen126
\caption@hangindent=\dimen127
)
\c@ContinuedFloat=\count116
Package caption Info: float package is loaded.
)
\c@subfigure=\count117
\c@subtable=\count118
)
(/usr/local/texlive/2018/texmf-dist/tex/latex/wrapfig/wrapfig.sty
\wrapoverhang=\dimen128
\WF@size=\dimen129
\c@WF@wrappedlines=\count119
\WF@box=\box56
\WF@everypar=\toks29
Package: wrapfig 2003/01/31  v 3.6
)
(/usr/local/texlive/2018/texmf-dist/tex/latex/hyperref/hyperref.sty
Package: hyperref 2018/02/06 v6.86b Hypertext links for LaTeX

(/usr/local/texlive/2018/texmf-dist/tex/generic/oberdiek/hobsub-hyperref.sty
Package: hobsub-hyperref 2016/05/16 v1.14 Bundle oberdiek, subset hyperref (HO)


(/usr/local/texlive/2018/texmf-dist/tex/generic/oberdiek/hobsub-generic.sty
Package: hobsub-generic 2016/05/16 v1.14 Bundle oberdiek, subset generic (HO)
Package: hobsub 2016/05/16 v1.14 Construct package bundles (HO)
Package hobsub Info: Skipping package `infwarerr' (already loaded).
Package hobsub Info: Skipping package `ltxcmds' (already loaded).
Package: ifluatex 2016/05/16 v1.4 Provides the ifluatex switch (HO)
Package ifluatex Info: LuaTeX not detected.
Package: ifvtex 2016/05/16 v1.6 Detect VTeX and its facilities (HO)
Package ifvtex Info: VTeX not detected.
Package: intcalc 2016/05/16 v1.2 Expandable calculations with integers (HO)
Package hobsub Info: Skipping package `ifpdf' (already loaded).
Package: etexcmds 2016/05/16 v1.6 Avoid name clashes with e-TeX commands (HO)
Package etexcmds Info: Could not find \expanded.
(etexcmds)             That can mean that you are not using pdfTeX 1.50 or
(etexcmds)             that some package has redefined \expanded.
(etexcmds)             In the latter case, load this package earlier.
Package: kvsetkeys 2016/05/16 v1.17 Key value parser (HO)
Package: kvdefinekeys 2016/05/16 v1.4 Define keys (HO)
Package: pdftexcmds 2018/01/30 v0.27 Utility functions of pdfTeX for LuaTeX (HO
)
Package pdftexcmds Info: LuaTeX not detected.
Package pdftexcmds Info: \pdf@primitive is available.
Package pdftexcmds Info: \pdf@ifprimitive is available.
Package pdftexcmds Info: \pdfdraftmode found.
Package: pdfescape 2016/05/16 v1.14 Implements pdfTeX's escape features (HO)
Package: bigintcalc 2016/05/16 v1.4 Expandable calculations on big integers (HO
)
Package: bitset 2016/05/16 v1.2 Handle bit-vector datatype (HO)
Package: uniquecounter 2016/05/16 v1.3 Provide unlimited unique counter (HO)
)
Package hobsub Info: Skipping package `hobsub' (already loaded).
Package: letltxmacro 2016/05/16 v1.5 Let assignment for LaTeX macros (HO)
Package: hopatch 2016/05/16 v1.3 Wrapper for package hooks (HO)
Package: xcolor-patch 2016/05/16 xcolor patch
Package: atveryend 2016/05/16 v1.9 Hooks at the very end of document (HO)
Package atveryend Info: \enddocument detected (standard20110627).
Package hobsub Info: Skipping package `atbegshi' (already loaded).
Package: refcount 2016/05/16 v3.5 Data extraction from label references (HO)
Package: hycolor 2016/05/16 v1.8 Color options for hyperref/bookmark (HO)
)
(/usr/local/texlive/2018/texmf-dist/tex/generic/ifxetex/ifxetex.sty
Package: ifxetex 2010/09/12 v0.6 Provides ifxetex conditional
)
(/usr/local/texlive/2018/texmf-dist/tex/latex/oberdiek/auxhook.sty
Package: auxhook 2016/05/16 v1.4 Hooks for auxiliary files (HO)
)
(/usr/local/texlive/2018/texmf-dist/tex/latex/oberdiek/kvoptions.sty
Package: kvoptions 2016/05/16 v3.12 Key value format for package options (HO)
)
\@linkdim=\dimen130
\Hy@linkcounter=\count120
\Hy@pagecounter=\count121

(/usr/local/texlive/2018/texmf-dist/tex/latex/hyperref/pd1enc.def
File: pd1enc.def 2018/02/06 v6.86b Hyperref: PDFDocEncoding definition (HO)
Now handling font encoding PD1 ...
... no UTF-8 mapping file for font encoding PD1
)
\Hy@SavedSpaceFactor=\count122

(/usr/local/texlive/2018/texmf-dist/tex/latex/latexconfig/hyperref.cfg
File: hyperref.cfg 2002/06/06 v1.2 hyperref configuration of TeXLive
)
Package hyperref Info: Option `colorlinks' set `true' on input line 4383.
Package hyperref Info: Hyper figures OFF on input line 4509.
Package hyperref Info: Link nesting OFF on input line 4514.
Package hyperref Info: Hyper index ON on input line 4517.
Package hyperref Info: Plain pages OFF on input line 4524.
Package hyperref Info: Backreferencing OFF on input line 4529.
Package hyperref Info: Implicit mode ON; LaTeX internals redefined.
Package hyperref Info: Bookmarks ON on input line 4762.
\c@Hy@tempcnt=\count123

(/usr/local/texlive/2018/texmf-dist/tex/latex/url/url.sty
\Urlmuskip=\muskip11
Package: url 2013/09/16  ver 3.4  Verb mode for urls, etc.
)
LaTeX Info: Redefining \url on input line 5115.
\XeTeXLinkMargin=\dimen131
\Fld@menulength=\count124
\Field@Width=\dimen132
\Fld@charsize=\dimen133
Package hyperref Info: Hyper figures OFF on input line 6369.
Package hyperref Info: Link nesting OFF on input line 6374.
Package hyperref Info: Hyper index ON on input line 6377.
Package hyperref Info: backreferencing OFF on input line 6384.
Package hyperref Info: Link coloring ON on input line 6387.
Package hyperref Info: Link coloring with OCG OFF on input line 6394.
Package hyperref Info: PDF/A mode OFF on input line 6399.
LaTeX Info: Redefining \ref on input line 6439.
LaTeX Info: Redefining \pageref on input line 6443.
\Hy@abspage=\count125
\c@Item=\count126
\c@Hfootnote=\count127
)
Package hyperref Info: Driver (autodetected): hpdftex.

(/usr/local/texlive/2018/texmf-dist/tex/latex/hyperref/hpdftex.def
File: hpdftex.def 2018/02/06 v6.86b Hyperref driver for pdfTeX
\Fld@listcount=\count128
\c@bookmark@seq@number=\count129

(/usr/local/texlive/2018/texmf-dist/tex/latex/oberdiek/rerunfilecheck.sty
Package: rerunfilecheck 2016/05/16 v1.8 Rerun checks for auxiliary files (HO)
Package uniquecounter Info: New unique counter `rerunfilecheck' on input line 2
82.
)
\Hy@SectionHShift=\skip64
)
(/usr/local/texlive/2018/texmf-dist/tex/latex/graphics/graphicx.sty
Package: graphicx 2017/06/01 v1.1a Enhanced LaTeX Graphics (DPC,SPQR)

(/usr/local/texlive/2018/texmf-dist/tex/latex/graphics/graphics.sty
Package: graphics 2017/06/25 v1.2c Standard LaTeX Graphics (DPC,SPQR)

(/usr/local/texlive/2018/texmf-dist/tex/latex/graphics/trig.sty
Package: trig 2016/01/03 v1.10 sin cos tan (DPC)
)
(/usr/local/texlive/2018/texmf-dist/tex/latex/graphics-cfg/graphics.cfg
File: graphics.cfg 2016/06/04 v1.11 sample graphics configuration
)
Package graphics Info: Driver file: pdftex.def on input line 99.
)
\Gin@req@height=\dimen134
\Gin@req@width=\dimen135
)
(/usr/local/texlive/2018/texmf-dist/tex/latex/base/fontenc.sty
Package: fontenc 2017/04/05 v2.0i Standard LaTeX package

(/usr/local/texlive/2018/texmf-dist/tex/latex/base/t1enc.def
File: t1enc.def 2017/04/05 v2.0i Standard LaTeX file
LaTeX Font Info:    Redeclaring font encoding T1 on input line 48.
))
(/usr/local/texlive/2018/texmf-dist/tex/latex/base/inputenc.sty
Package: inputenc 2018/04/06 v1.3b Input encoding file
\inpenc@prehook=\toks30
\inpenc@posthook=\toks31
)
(/usr/local/texlive/2018/texmf-dist/tex/latex/base/fontenc.sty
Package: fontenc 2017/04/05 v2.0i Standard LaTeX package

(/usr/local/texlive/2018/texmf-dist/tex/latex/base/t1enc.def
File: t1enc.def 2017/04/05 v2.0i Standard LaTeX file
LaTeX Font Info:    Redeclaring font encoding T1 on input line 48.
))
(/usr/local/texlive/2018/texmf-dist/tex/latex/booktabs/booktabs.sty
Package: booktabs 2016/04/27 v1.618033 publication quality tables
\heavyrulewidth=\dimen136
\lightrulewidth=\dimen137
\cmidrulewidth=\dimen138
\belowrulesep=\dimen139
\belowbottomsep=\dimen140
\aboverulesep=\dimen141
\abovetopsep=\dimen142
\cmidrulesep=\dimen143
\cmidrulekern=\dimen144
\defaultaddspace=\dimen145
\@cmidla=\count130
\@cmidlb=\count131
\@aboverulesep=\dimen146
\@belowrulesep=\dimen147
\@thisruleclass=\count132
\@lastruleclass=\count133
\@thisrulewidth=\dimen148
)
(/usr/local/texlive/2018/texmf-dist/tex/latex/units/nicefrac.sty
Package: nicefrac 1998/08/04 v0.9b Nice fractions
\L@UnitsRaiseDisplaystyle=\skip65
\L@UnitsRaiseTextstyle=\skip66
\L@UnitsRaiseScriptstyle=\skip67
)
(/usr/local/texlive/2018/texmf-dist/tex/latex/microtype/microtype.sty
Package: microtype 2018/01/14 v2.7a Micro-typographical refinements (RS)
\MT@toks=\toks32
\MT@count=\count134
LaTeX Info: Redefining \textls on input line 793.
\MT@outer@kern=\dimen149
LaTeX Info: Redefining \textmicrotypecontext on input line 1339.
\MT@listname@count=\count135

(/usr/local/texlive/2018/texmf-dist/tex/latex/microtype/microtype-pdftex.def
File: microtype-pdftex.def 2018/01/14 v2.7a Definitions specific to pdftex (RS)

LaTeX Info: Redefining \lsstyle on input line 913.
LaTeX Info: Redefining \lslig on input line 913.
\MT@outer@space=\skip68
)
Package microtype Info: Loading configuration file microtype.cfg.

(/usr/local/texlive/2018/texmf-dist/tex/latex/microtype/microtype.cfg
File: microtype.cfg 2018/01/14 v2.7a microtype main configuration file (RS)
))
(/usr/local/texlive/2018/texmf-dist/tex/latex/multirow/multirow.sty
Package: multirow 2016/11/25 v2.2 Span multiple rows of a table
\multirow@colwidth=\skip69
\multirow@cntb=\count136
\multirow@dima=\skip70
\bigstrutjot=\dimen150
)
(/usr/local/texlive/2018/texmf-dist/tex/latex/bbm-macros/bbm.sty
Package: bbm 1999/03/15 V 1.2 provides fonts for set symbols - TH
LaTeX Font Info:    Overwriting math alphabet `\mathbbm' in version `bold'
(Font)                  U/bbm/m/n --> U/bbm/bx/n on input line 33.
LaTeX Font Info:    Overwriting math alphabet `\mathbbmss' in version `bold'
(Font)                  U/bbmss/m/n --> U/bbmss/bx/n on input line 35.
)
(/usr/local/texlive/2018/texmf-dist/tex/latex/pdfpages/pdfpages.sty
Package: pdfpages 2017/10/31 v0.5l Insert pages of external PDF documents (AM)

(/usr/local/texlive/2018/texmf-dist/tex/latex/tools/calc.sty
Package: calc 2017/05/25 v4.3 Infix arithmetic (KKT,FJ)
\calc@Acount=\count137
\calc@Bcount=\count138
\calc@Adimen=\dimen151
\calc@Bdimen=\dimen152
\calc@Askip=\skip71
\calc@Bskip=\skip72
LaTeX Info: Redefining \setlength on input line 80.
LaTeX Info: Redefining \addtolength on input line 81.
\calc@Ccount=\count139
\calc@Cskip=\skip73
)
\AM@pagewidth=\dimen153
\AM@pageheight=\dimen154

(/usr/local/texlive/2018/texmf-dist/tex/latex/pdfpages/pppdftex.def
File: pppdftex.def 2017/10/31 v0.5l Pdfpages driver for pdfTeX (AM)
)
\AM@pagebox=\box57
\AM@global@opts=\toks33
\AM@toc@title=\toks34
\c@AM@survey=\count140
\AM@templatesizebox=\box58
)
\c@assumptionA=\count141
\c@theorem=\count142
\c@lemma=\count143

(./preamble/packages.tex
(/usr/local/texlive/2018/texmf-dist/tex/latex/tools/enumerate.sty
Package: enumerate 2015/07/23 v3.00 enumerate extensions (DPC)
\@enLab=\toks35
)
(/usr/local/texlive/2018/texmf-dist/tex/latex/thmtools/thmtools.sty
Package: thmtools 2014/04/21 v66
\thmt@toks=\toks36
\c@thmt@dummyctr=\count144

(/usr/local/texlive/2018/texmf-dist/tex/latex/thmtools/thm-patch.sty
Package: thm-patch 2014/04/21 v66

(/usr/local/texlive/2018/texmf-dist/tex/latex/thmtools/parseargs.sty
Package: parseargs 2014/04/21 v66
\@parsespec=\toks37
))
(/usr/local/texlive/2018/texmf-dist/tex/latex/thmtools/thm-kv.sty
Package: thm-kv 2014/04/21 v66
Package thm-kv Info: Theorem names will be uppercased on input line 40.
Package thm-kv Info: kvsetkeys patch (v1.16 or later) on input line 156.
)
(/usr/local/texlive/2018/texmf-dist/tex/latex/thmtools/thm-autoref.sty
Package: thm-autoref 2014/04/21 v66

(/usr/local/texlive/2018/texmf-dist/tex/latex/thmtools/aliasctr.sty
Package: aliasctr 2014/04/21 v66

(/usr/local/texlive/2018/texmf-dist/tex/latex/carlisle/remreset.sty)))
(/usr/local/texlive/2018/texmf-dist/tex/latex/thmtools/thm-listof.sty
Package: thm-listof 2014/04/21 v66
)
(/usr/local/texlive/2018/texmf-dist/tex/latex/thmtools/thm-restate.sty
Package: thm-restate 2014/04/21 v66
)
(/usr/local/texlive/2018/texmf-dist/tex/latex/thmtools/thm-amsthm.sty
Package: thm-amsthm 2014/04/21 v66
\thmt@style@headstyle=\toks38
))
(/usr/local/texlive/2018/texmf-dist/tex/latex/mathtools/mathtools.sty
Package: mathtools 2018/01/08 v1.21 mathematical typesetting tools

(/usr/local/texlive/2018/texmf-dist/tex/latex/mathtools/mhsetup.sty
Package: mhsetup 2017/03/31 v1.3 programming setup (MH)
)
LaTeX Info: Thecontrolsequence`\('isalreadyrobust on input line 129.
LaTeX Info: Thecontrolsequence`\)'isalreadyrobust on input line 129.
LaTeX Info: Thecontrolsequence`\['isalreadyrobust on input line 129.
LaTeX Info: Thecontrolsequence`\]'isalreadyrobust on input line 129.
\g_MT_multlinerow_int=\count145
\l_MT_multwidth_dim=\dimen155
\origjot=\skip74
\l_MT_shortvdotswithinadjustabove_dim=\dimen156
\l_MT_shortvdotswithinadjustbelow_dim=\dimen157
\l_MT_above_intertext_sep=\dimen158
\l_MT_below_intertext_sep=\dimen159
\l_MT_above_shortintertext_sep=\dimen160
\l_MT_below_shortintertext_sep=\dimen161
)
(/usr/local/texlive/2018/texmf-dist/tex/latex/enumitem/enumitem.sty
Package: enumitem 2011/09/28 v3.5.2 Customized lists
\labelindent=\skip75
\enit@outerparindent=\dimen162
\enit@toks=\toks39
\enit@inbox=\box59
\enitdp@description=\count146
)
(/usr/local/texlive/2018/texmf-dist/tex/latex/tcolorbox/tcolorbox.sty
Package: tcolorbox 2018/03/22 version 4.13 text color boxes

(/usr/local/texlive/2018/texmf-dist/tex/latex/pgf/basiclayer/pgf.sty
(/usr/local/texlive/2018/texmf-dist/tex/latex/pgf/utilities/pgfrcs.sty
(/usr/local/texlive/2018/texmf-dist/tex/generic/pgf/utilities/pgfutil-common.te
x
\pgfutil@everybye=\toks40
\pgfutil@tempdima=\dimen163
\pgfutil@tempdimb=\dimen164

(/usr/local/texlive/2018/texmf-dist/tex/generic/pgf/utilities/pgfutil-common-li
sts.tex))
(/usr/local/texlive/2018/texmf-dist/tex/generic/pgf/utilities/pgfutil-latex.def
\pgfutil@abb=\box60
(/usr/local/texlive/2018/texmf-dist/tex/latex/ms/everyshi.sty
Package: everyshi 2001/05/15 v3.00 EveryShipout Package (MS)
))
(/usr/local/texlive/2018/texmf-dist/tex/generic/pgf/utilities/pgfrcs.code.tex
Package: pgfrcs 2015/08/07 v3.0.1a (rcs-revision 1.31)
))
Package: pgf 2015/08/07 v3.0.1a (rcs-revision 1.15)
(/usr/local/texlive/2018/texmf-dist/tex/latex/pgf/basiclayer/pgfcore.sty
(/usr/local/texlive/2018/texmf-dist/tex/latex/pgf/systemlayer/pgfsys.sty
(/usr/local/texlive/2018/texmf-dist/tex/generic/pgf/systemlayer/pgfsys.code.tex
Package: pgfsys 2014/07/09 v3.0.1a (rcs-revision 1.48)
(/usr/local/texlive/2018/texmf-dist/tex/generic/pgf/utilities/pgfkeys.code.tex
\pgfkeys@pathtoks=\toks41
\pgfkeys@temptoks=\toks42

(/usr/local/texlive/2018/texmf-dist/tex/generic/pgf/utilities/pgfkeysfiltered.c
ode.tex
\pgfkeys@tmptoks=\toks43
))
\pgf@x=\dimen165
\pgf@y=\dimen166
\pgf@xa=\dimen167
\pgf@ya=\dimen168
\pgf@xb=\dimen169
\pgf@yb=\dimen170
\pgf@xc=\dimen171
\pgf@yc=\dimen172
\w@pgf@writea=\write3
\r@pgf@reada=\read1
\c@pgf@counta=\count147
\c@pgf@countb=\count148
\c@pgf@countc=\count149
\c@pgf@countd=\count150
\t@pgf@toka=\toks44
\t@pgf@tokb=\toks45
\t@pgf@tokc=\toks46

(/usr/local/texlive/2018/texmf-dist/tex/generic/pgf/systemlayer/pgf.cfg
File: pgf.cfg 2008/05/14  (rcs-revision 1.7)
)
Driver file for pgf: pgfsys-pdftex.def

(/usr/local/texlive/2018/texmf-dist/tex/generic/pgf/systemlayer/pgfsys-pdftex.d
ef
File: pgfsys-pdftex.def 2014/10/11  (rcs-revision 1.35)

(/usr/local/texlive/2018/texmf-dist/tex/generic/pgf/systemlayer/pgfsys-common-p
df.def
File: pgfsys-common-pdf.def 2013/10/10  (rcs-revision 1.13)
)))
(/usr/local/texlive/2018/texmf-dist/tex/generic/pgf/systemlayer/pgfsyssoftpath.
code.tex
File: pgfsyssoftpath.code.tex 2013/09/09  (rcs-revision 1.9)
\pgfsyssoftpath@smallbuffer@items=\count151
\pgfsyssoftpath@bigbuffer@items=\count152
)
(/usr/local/texlive/2018/texmf-dist/tex/generic/pgf/systemlayer/pgfsysprotocol.
code.tex
File: pgfsysprotocol.code.tex 2006/10/16  (rcs-revision 1.4)
))
(/usr/local/texlive/2018/texmf-dist/tex/generic/pgf/basiclayer/pgfcore.code.tex
Package: pgfcore 2010/04/11 v3.0.1a (rcs-revision 1.7)
(/usr/local/texlive/2018/texmf-dist/tex/generic/pgf/math/pgfmath.code.tex
(/usr/local/texlive/2018/texmf-dist/tex/generic/pgf/math/pgfmathcalc.code.tex
(/usr/local/texlive/2018/texmf-dist/tex/generic/pgf/math/pgfmathutil.code.tex)
(/usr/local/texlive/2018/texmf-dist/tex/generic/pgf/math/pgfmathparser.code.tex
\pgfmath@dimen=\dimen173
\pgfmath@count=\count153
\pgfmath@box=\box61
\pgfmath@toks=\toks47
\pgfmath@stack@operand=\toks48
\pgfmath@stack@operation=\toks49
)
(/usr/local/texlive/2018/texmf-dist/tex/generic/pgf/math/pgfmathfunctions.code.
tex
(/usr/local/texlive/2018/texmf-dist/tex/generic/pgf/math/pgfmathfunctions.basic
.code.tex)
(/usr/local/texlive/2018/texmf-dist/tex/generic/pgf/math/pgfmathfunctions.trigo
nometric.code.tex)
(/usr/local/texlive/2018/texmf-dist/tex/generic/pgf/math/pgfmathfunctions.rando
m.code.tex)
(/usr/local/texlive/2018/texmf-dist/tex/generic/pgf/math/pgfmathfunctions.compa
rison.code.tex)
(/usr/local/texlive/2018/texmf-dist/tex/generic/pgf/math/pgfmathfunctions.base.
code.tex)
(/usr/local/texlive/2018/texmf-dist/tex/generic/pgf/math/pgfmathfunctions.round
.code.tex)
(/usr/local/texlive/2018/texmf-dist/tex/generic/pgf/math/pgfmathfunctions.misc.
code.tex)
(/usr/local/texlive/2018/texmf-dist/tex/generic/pgf/math/pgfmathfunctions.integ
erarithmetics.code.tex)))
(/usr/local/texlive/2018/texmf-dist/tex/generic/pgf/math/pgfmathfloat.code.tex
\c@pgfmathroundto@lastzeros=\count154
))
(/usr/local/texlive/2018/texmf-dist/tex/generic/pgf/basiclayer/pgfcorepoints.co
de.tex
File: pgfcorepoints.code.tex 2013/10/07  (rcs-revision 1.27)
\pgf@picminx=\dimen174
\pgf@picmaxx=\dimen175
\pgf@picminy=\dimen176
\pgf@picmaxy=\dimen177
\pgf@pathminx=\dimen178
\pgf@pathmaxx=\dimen179
\pgf@pathminy=\dimen180
\pgf@pathmaxy=\dimen181
\pgf@xx=\dimen182
\pgf@xy=\dimen183
\pgf@yx=\dimen184
\pgf@yy=\dimen185
\pgf@zx=\dimen186
\pgf@zy=\dimen187
)
(/usr/local/texlive/2018/texmf-dist/tex/generic/pgf/basiclayer/pgfcorepathconst
ruct.code.tex
File: pgfcorepathconstruct.code.tex 2013/10/07  (rcs-revision 1.29)
\pgf@path@lastx=\dimen188
\pgf@path@lasty=\dimen189
)
(/usr/local/texlive/2018/texmf-dist/tex/generic/pgf/basiclayer/pgfcorepathusage
.code.tex
File: pgfcorepathusage.code.tex 2014/11/02  (rcs-revision 1.24)
\pgf@shorten@end@additional=\dimen190
\pgf@shorten@start@additional=\dimen191
)
(/usr/local/texlive/2018/texmf-dist/tex/generic/pgf/basiclayer/pgfcorescopes.co
de.tex
File: pgfcorescopes.code.tex 2015/05/08  (rcs-revision 1.46)
\pgfpic=\box62
\pgf@hbox=\box63
\pgf@layerbox@main=\box64
\pgf@picture@serial@count=\count155
)
(/usr/local/texlive/2018/texmf-dist/tex/generic/pgf/basiclayer/pgfcoregraphicst
ate.code.tex
File: pgfcoregraphicstate.code.tex 2014/11/02  (rcs-revision 1.12)
\pgflinewidth=\dimen192
)
(/usr/local/texlive/2018/texmf-dist/tex/generic/pgf/basiclayer/pgfcoretransform
ations.code.tex
File: pgfcoretransformations.code.tex 2015/08/07  (rcs-revision 1.20)
\pgf@pt@x=\dimen193
\pgf@pt@y=\dimen194
\pgf@pt@temp=\dimen195
)
(/usr/local/texlive/2018/texmf-dist/tex/generic/pgf/basiclayer/pgfcorequick.cod
e.tex
File: pgfcorequick.code.tex 2008/10/09  (rcs-revision 1.3)
)
(/usr/local/texlive/2018/texmf-dist/tex/generic/pgf/basiclayer/pgfcoreobjects.c
ode.tex
File: pgfcoreobjects.code.tex 2006/10/11  (rcs-revision 1.2)
)
(/usr/local/texlive/2018/texmf-dist/tex/generic/pgf/basiclayer/pgfcorepathproce
ssing.code.tex
File: pgfcorepathprocessing.code.tex 2013/09/09  (rcs-revision 1.9)
)
(/usr/local/texlive/2018/texmf-dist/tex/generic/pgf/basiclayer/pgfcorearrows.co
de.tex
File: pgfcorearrows.code.tex 2015/05/14  (rcs-revision 1.43)
\pgfarrowsep=\dimen196
)
(/usr/local/texlive/2018/texmf-dist/tex/generic/pgf/basiclayer/pgfcoreshade.cod
e.tex
File: pgfcoreshade.code.tex 2013/07/15  (rcs-revision 1.15)
\pgf@max=\dimen197
\pgf@sys@shading@range@num=\count156
)
(/usr/local/texlive/2018/texmf-dist/tex/generic/pgf/basiclayer/pgfcoreimage.cod
e.tex
File: pgfcoreimage.code.tex 2013/07/15  (rcs-revision 1.18)

(/usr/local/texlive/2018/texmf-dist/tex/generic/pgf/basiclayer/pgfcoreexternal.
code.tex
File: pgfcoreexternal.code.tex 2014/07/09  (rcs-revision 1.21)
\pgfexternal@startupbox=\box65
))
(/usr/local/texlive/2018/texmf-dist/tex/generic/pgf/basiclayer/pgfcorelayers.co
de.tex
File: pgfcorelayers.code.tex 2013/07/18  (rcs-revision 1.7)
)
(/usr/local/texlive/2018/texmf-dist/tex/generic/pgf/basiclayer/pgfcoretranspare
ncy.code.tex
File: pgfcoretransparency.code.tex 2013/09/30  (rcs-revision 1.5)
)
(/usr/local/texlive/2018/texmf-dist/tex/generic/pgf/basiclayer/pgfcorepatterns.
code.tex
File: pgfcorepatterns.code.tex 2013/11/07  (rcs-revision 1.5)
)))
(/usr/local/texlive/2018/texmf-dist/tex/generic/pgf/modules/pgfmoduleshapes.cod
e.tex
File: pgfmoduleshapes.code.tex 2014/03/21  (rcs-revision 1.35)
\pgfnodeparttextbox=\box66
)
(/usr/local/texlive/2018/texmf-dist/tex/generic/pgf/modules/pgfmoduleplot.code.
tex
File: pgfmoduleplot.code.tex 2015/08/03  (rcs-revision 1.13)
)
(/usr/local/texlive/2018/texmf-dist/tex/latex/pgf/compatibility/pgfcomp-version
-0-65.sty
Package: pgfcomp-version-0-65 2007/07/03 v3.0.1a (rcs-revision 1.7)
\pgf@nodesepstart=\dimen198
\pgf@nodesepend=\dimen199
)
(/usr/local/texlive/2018/texmf-dist/tex/latex/pgf/compatibility/pgfcomp-version
-1-18.sty
Package: pgfcomp-version-1-18 2007/07/23 v3.0.1a (rcs-revision 1.1)
)) (/usr/local/texlive/2018/texmf-dist/tex/latex/tools/verbatim.sty
Package: verbatim 2014/10/28 v1.5q LaTeX2e package for verbatim enhancements
\every@verbatim=\toks50
\verbatim@line=\toks51
\verbatim@in@stream=\read2
)
(/usr/local/texlive/2018/texmf-dist/tex/latex/environ/environ.sty
Package: environ 2014/05/04 v0.3 A new way to define environments

(/usr/local/texlive/2018/texmf-dist/tex/latex/trimspaces/trimspaces.sty
Package: trimspaces 2009/09/17 v1.1 Trim spaces around a token list
))
(/usr/local/texlive/2018/texmf-dist/tex/latex/etoolbox/etoolbox.sty
Package: etoolbox 2018/02/11 v2.5e e-TeX tools for LaTeX (JAW)
\etb@tempcnta=\count157
)
\tcb@titlebox=\box67
\tcb@upperbox=\box68
\tcb@lowerbox=\box69
\tcb@phantombox=\box70
\c@tcbbreakpart=\count158
\c@tcblayer=\count159
\tcolorbox@number=\count160
\tcb@temp=\box71
\tcb@temp=\box72
\tcb@temp=\box73
\tcb@temp=\box74
\tcb@out=\write4
\tcb@record@out=\write5
)
\c@assumption=\count161
\c@corollary=\count162

(/usr/local/texlive/2018/texmf-dist/tex/latex/chngcntr/chngcntr.sty
Package: chngcntr 2009/09/02 v1.0a change counter resetting
)
(/usr/local/texlive/2018/texmf-dist/tex/latex/apptools/apptools.sty
Package: apptools 2012/11/28 v1.0 Tools for customizing appendices
))
(./preamble/macros.tex)
\c@prop=\count163
 (./main_iclr.aux)
\openout1 = `main_iclr.aux'.

LaTeX Font Info:    Checking defaults for OML/cmm/m/it on input line 108.
LaTeX Font Info:    ... okay on input line 108.
LaTeX Font Info:    Checking defaults for T1/cmr/m/n on input line 108.
LaTeX Font Info:    ... okay on input line 108.
LaTeX Font Info:    Checking defaults for OT1/cmr/m/n on input line 108.
LaTeX Font Info:    ... okay on input line 108.
LaTeX Font Info:    Checking defaults for OMS/cmsy/m/n on input line 108.
LaTeX Font Info:    ... okay on input line 108.
LaTeX Font Info:    Checking defaults for OMX/cmex/m/n on input line 108.
LaTeX Font Info:    ... okay on input line 108.
LaTeX Font Info:    Checking defaults for U/cmr/m/n on input line 108.
LaTeX Font Info:    ... okay on input line 108.
LaTeX Font Info:    Checking defaults for PD1/pdf/m/n on input line 108.
LaTeX Font Info:    ... okay on input line 108.
LaTeX Font Info:    Try loading font information for T1+ptm on input line 108.

(/usr/local/texlive/2018/texmf-dist/tex/latex/psnfss/t1ptm.fd
File: t1ptm.fd 2001/06/04 font definitions for T1/ptm.
)
\AtBeginShipoutBox=\box75

(/usr/local/texlive/2018/texmf-dist/tex/context/base/mkii/supp-pdf.mkii
[Loading MPS to PDF converter (version 2006.09.02).]
\scratchcounter=\count164
\scratchdimen=\dimen256
\scratchbox=\box76
\nofMPsegments=\count165
\nofMParguments=\count166
\everyMPshowfont=\toks52
\MPscratchCnt=\count167
\MPscratchDim=\dimen257
\MPnumerator=\count168
\makeMPintoPDFobject=\count169
\everyMPtoPDFconversion=\toks53
) (/usr/local/texlive/2018/texmf-dist/tex/latex/oberdiek/epstopdf-base.sty
Package: epstopdf-base 2016/05/15 v2.6 Base part for package epstopdf

(/usr/local/texlive/2018/texmf-dist/tex/latex/oberdiek/grfext.sty
Package: grfext 2016/05/16 v1.2 Manage graphics extensions (HO)
)
Package epstopdf-base Info: Redefining graphics rule for `.eps' on input line 4
38.
Package grfext Info: Graphics extension search list:
(grfext)             [.pdf,.png,.jpg,.mps,.jpeg,.jbig2,.jb2,.PDF,.PNG,.JPG,.JPE
G,.JBIG2,.JB2,.eps]
(grfext)             \AppendGraphicsExtensions on input line 456.

(/usr/local/texlive/2018/texmf-dist/tex/latex/latexconfig/epstopdf-sys.cfg
File: epstopdf-sys.cfg 2010/07/13 v1.3 Configuration of (r)epstopdf for TeX Liv
e
))
Package caption Info: Begin \AtBeginDocument code.
Package caption Info: hyperref package is loaded.
Package caption Info: wrapfig package is loaded.
Package caption Info: End \AtBeginDocument code.
Package hyperref Info: Link coloring ON on input line 108.

(/usr/local/texlive/2018/texmf-dist/tex/latex/hyperref/nameref.sty
Package: nameref 2016/05/21 v2.44 Cross-referencing by name of section

(/usr/local/texlive/2018/texmf-dist/tex/generic/oberdiek/gettitlestring.sty
Package: gettitlestring 2016/05/16 v1.5 Cleanup title references (HO)
)
\c@section@level=\count170
)
LaTeX Info: Redefining \ref on input line 108.
LaTeX Info: Redefining \pageref on input line 108.
LaTeX Info: Redefining \nameref on input line 108.

(./main_iclr.out) (./main_iclr.out)
\@outlinefile=\write6
\openout6 = `main_iclr.out'.

LaTeX Info: Redefining \microtypecontext on input line 108.
Package microtype Info: Generating PDF output.
Package microtype Info: Character protrusion enabled (level 2).
Package microtype Info: Using default protrusion set `alltext'.
Package microtype Info: Automatic font expansion enabled (level 2),
(microtype)             stretch: 20, shrink: 20, step: 1, non-selected.
Package microtype Info: Using default expansion set `basictext'.
Package microtype Info: No adjustment of tracking.
Package microtype Info: No adjustment of interword spacing.
Package microtype Info: No adjustment of character kerning.

(/usr/local/texlive/2018/texmf-dist/tex/latex/microtype/mt-ptm.cfg
File: mt-ptm.cfg 2006/04/20 v1.7 microtype config. file: Times (RS)
)
(/usr/local/texlive/2018/texmf-dist/tex/latex/oberdiek/pdflscape.sty
Package: pdflscape 2016/05/14 v0.11 Display of landscape pages in PDF (HO)

(/usr/local/texlive/2018/texmf-dist/tex/latex/graphics/lscape.sty
Package: lscape 2000/10/22 v3.01 Landscape Pages (DPC)
)
Package pdflscape Info: Auto-detected driver: pdftex on input line 81.
)
ABD: EveryShipout initializing macros
(/usr/local/texlive/2018/texmf-dist/tex/latex/microtype/mt-cmr.cfg
File: mt-cmr.cfg 2013/05/19 v2.2 microtype config. file: Computer Modern Roman 
(RS)
)
LaTeX Font Info:    Try loading font information for U+msa on input line 144.

(/usr/local/texlive/2018/texmf-dist/tex/latex/amsfonts/umsa.fd
File: umsa.fd 2013/01/14 v3.01 AMS symbols A
)
(/usr/local/texlive/2018/texmf-dist/tex/latex/microtype/mt-msa.cfg
File: mt-msa.cfg 2006/02/04 v1.1 microtype config. file: AMS symbols (a) (RS)
)
LaTeX Font Info:    Try loading font information for U+msb on input line 144.

(/usr/local/texlive/2018/texmf-dist/tex/latex/amsfonts/umsb.fd
File: umsb.fd 2013/01/14 v3.01 AMS symbols B
)
(/usr/local/texlive/2018/texmf-dist/tex/latex/microtype/mt-msb.cfg
File: mt-msb.cfg 2005/06/01 v1.0 microtype config. file: AMS symbols (b) (RS)
)
LaTeX Font Info:    Font shape `T1/ptm/bx/n' in size <10> not available
(Font)              Font shape `T1/ptm/b/n' tried instead on input line 144.
 [1{/usr/local/texlive/2018/texmf-var/fonts/map/pdftex/updmap/pdftex.map}

]
LaTeX Font Info:    Try loading font information for OMS+ptm on input line 183.


(/usr/local/texlive/2018/texmf-dist/tex/latex/psnfss/omsptm.fd
File: omsptm.fd 
)
LaTeX Font Info:    Font shape `OMS/ptm/m/n' in size <10> not available
(Font)              Font shape `OMS/cmsy/m/n' tried instead on input line 183.
 [2]
Package hyperref Info: bookmark level for unknown algorithm defaults to 0 on in
put line 275.
LaTeX Font Info:    Try loading font information for U+bbm on input line 310.

(/usr/local/texlive/2018/texmf-dist/tex/latex/bbm-macros/ubbm.fd
File: ubbm.fd 1999/03/15 V 1.2 Font definition for bbm font - TH
) [3pdfTeX warning (ext4): destination with the same identifier (name{figure.ca
ption.1}) has been already used, duplicate ignored

\AtBegShi@Output ...ipout \box \AtBeginShipoutBox 
                                                  \fi \fi 
l.319 \end{proof}
                 ] [4]
Package hyperref Info: bookmark level for unknown corollary defaults to 0 on in
put line 413.
 [5pdfTeX warning (ext4): destination with the same identifier (name{figure.cap
tion.2}) has been already used, duplicate ignored

\AtBegShi@Output ...ipout \box \AtBeginShipoutBox 
                                                  \fi \fi 
l.439 
      ] [6pdfTeX warning (ext4): destination with the same identifier (name{fig
ure.caption.3}) has been already used, duplicate ignored

\AtBegShi@Output ...ipout \box \AtBeginShipoutBox 
                                                  \fi \fi 
l.505 \end{theorem}
                   ] [7]
Underfull \hbox (badness 2635) in paragraph at lines 651--653
[][]\T1/ptm/b/n/10 Theorem 4. []\T1/ptm/m/it/10 (+20) As-sume A[][]1[][]-A[][]4
[][]. Set $\OML/cmm/m/it/10  \OT1/cmr/m/n/10 =
 []

Package epstopdf Info: Source file: <train_loss_updated.eps>
(epstopdf)                    date: 2021-06-29 10:24:50
(epstopdf)                    size: 21093 bytes
(epstopdf)             Output file: <train_loss_updated-eps-converted-to.pdf>
(epstopdf)                    date: 2021-06-29 10:24:50
(epstopdf)                    size: 8091 bytes
(epstopdf)             Command: <repstopdf --outfile=train_loss_updated-eps-con
verted-to.pdf train_loss_updated.eps>
(epstopdf)             \includegraphics on input line 693.
Package epstopdf Info: Output file is already uptodate.
<train_loss_updated-eps-converted-to.pdf, id=438, 289.08pt x 216.81pt>
File: train_loss_updated-eps-converted-to.pdf Graphic file (type pdf)
<use train_loss_updated-eps-converted-to.pdf>
Package pdftex.def Info: train_loss_updated-eps-converted-to.pdf  used on input
 line 693.
(pdftex.def)             Requested size: 107.48169pt x 80.60881pt.
Package epstopdf Info: Source file: <test_acc_updated.eps>
(epstopdf)                    date: 2021-06-29 10:24:50
(epstopdf)                    size: 19434 bytes
(epstopdf)             Output file: <test_acc_updated-eps-converted-to.pdf>
(epstopdf)                    date: 2021-06-29 10:24:50
(epstopdf)                    size: 8042 bytes
(epstopdf)             Command: <repstopdf --outfile=test_acc_updated-eps-conve
rted-to.pdf test_acc_updated.eps>
(epstopdf)             \includegraphics on input line 693.
Package epstopdf Info: Output file is already uptodate.
<test_acc_updated-eps-converted-to.pdf, id=439, 289.08pt x 216.81pt>
File: test_acc_updated-eps-converted-to.pdf Graphic file (type pdf)
<use test_acc_updated-eps-converted-to.pdf>
Package pdftex.def Info: test_acc_updated-eps-converted-to.pdf  used on input l
ine 693.
(pdftex.def)             Requested size: 107.48169pt x 80.60881pt.

Overfull \hbox (4.92944pt too wide) in paragraph at lines 693--693
[][] 
 []

Package epstopdf Info: Source file: <ub_train_loss.eps>
(epstopdf)                    date: 2021-06-29 10:24:50
(epstopdf)                    size: 125211 bytes
(epstopdf)             Output file: <ub_train_loss-eps-converted-to.pdf>
(epstopdf)                    date: 2021-06-29 10:24:50
(epstopdf)                    size: 37090 bytes
(epstopdf)             Command: <repstopdf --outfile=ub_train_loss-eps-converte
d-to.pdf ub_train_loss.eps>
(epstopdf)             \includegraphics on input line 693.
Package epstopdf Info: Output file is already uptodate.
<ub_train_loss-eps-converted-to.pdf, id=440, 289.08pt x 216.81pt>
File: ub_train_loss-eps-converted-to.pdf Graphic file (type pdf)
<use ub_train_loss-eps-converted-to.pdf>
Package pdftex.def Info: ub_train_loss-eps-converted-to.pdf  used on input line
 693.
(pdftex.def)             Requested size: 107.48169pt x 80.60881pt.
Package epstopdf Info: Source file: <ub_test.eps>
(epstopdf)                    date: 2021-06-29 10:24:50
(epstopdf)                    size: 102621 bytes
(epstopdf)             Output file: <ub_test-eps-converted-to.pdf>
(epstopdf)                    date: 2021-06-29 10:24:50
(epstopdf)                    size: 30813 bytes
(epstopdf)             Command: <repstopdf --outfile=ub_test-eps-converted-to.p
df ub_test.eps>
(epstopdf)             \includegraphics on input line 693.
Package epstopdf Info: Output file is already uptodate.
<ub_test-eps-converted-to.pdf, id=441, 289.08pt x 216.81pt>
File: ub_test-eps-converted-to.pdf Graphic file (type pdf)
<use ub_test-eps-converted-to.pdf>
Package pdftex.def Info: ub_test-eps-converted-to.pdf  used on input line 693.
(pdftex.def)             Requested size: 107.48169pt x 80.60881pt.

Overfull \hbox (4.92944pt too wide) in paragraph at lines 693--693
[][] 
 []


Overfull \hbox (8.9479pt too wide) in paragraph at lines 693--694
[][] 
 []

[8pdfTeX warning (ext4): destination with the same identifier (name{figure.capt
ion.4}) has been already used, duplicate ignored

\AtBegShi@Output ...ipout \box \AtBeginShipoutBox 
                                                  \fi \fi 
l.711 
      ]
Package epstopdf Info: Source file: <figures/sgd_train.eps>
(epstopdf)                    date: 2021-06-29 10:24:50
(epstopdf)                    size: 99000 bytes
(epstopdf)             Output file: <figures/sgd_train-eps-converted-to.pdf>
(epstopdf)                    date: 2021-06-29 10:24:50
(epstopdf)                    size: 23881 bytes
(epstopdf)             Command: <repstopdf --outfile=figures/sgd_train-eps-conv
erted-to.pdf figures/sgd_train.eps>
(epstopdf)             \includegraphics on input line 722.
Package epstopdf Info: Output file is already uptodate.
<figures/sgd_train-eps-converted-to.pdf, id=464, 421.575pt x 316.18124pt>
File: figures/sgd_train-eps-converted-to.pdf Graphic file (type pdf)
<use figures/sgd_train-eps-converted-to.pdf>
Package pdftex.def Info: figures/sgd_train-eps-converted-to.pdf  used on input 
line 722.
(pdftex.def)             Requested size: 119.2467pt x 89.43233pt.

Overfull \hbox (5.0pt too wide) in paragraph at lines 722--723
[][] 
 []

Package epstopdf Info: Source file: <figures/amsgrad_train.eps>
(epstopdf)                    date: 2021-06-29 10:24:50
(epstopdf)                    size: 99000 bytes
(epstopdf)             Output file: <figures/amsgrad_train-eps-converted-to.pdf
>
(epstopdf)                    date: 2021-06-29 10:24:50
(epstopdf)                    size: 24306 bytes
(epstopdf)             Command: <repstopdf --outfile=figures/amsgrad_train-eps-
converted-to.pdf figures/amsgrad_train.eps>
(epstopdf)             \includegraphics on input line 728.
Package epstopdf Info: Output file is already uptodate.
<figures/amsgrad_train-eps-converted-to.pdf, id=465, 421.575pt x 316.18124pt>
File: figures/amsgrad_train-eps-converted-to.pdf Graphic file (type pdf)
<use figures/amsgrad_train-eps-converted-to.pdf>
Package pdftex.def Info: figures/amsgrad_train-eps-converted-to.pdf  used on in
put line 728.
(pdftex.def)             Requested size: 119.2467pt x 89.43233pt.

Overfull \hbox (5.0pt too wide) in paragraph at lines 728--729
[][] 
 []

Package epstopdf Info: Source file: <figures/adam_train.eps>
(epstopdf)                    date: 2021-06-29 10:24:50
(epstopdf)                    size: 93905 bytes
(epstopdf)             Output file: <figures/adam_train-eps-converted-to.pdf>
(epstopdf)                    date: 2021-06-29 10:24:50
(epstopdf)                    size: 23363 bytes
(epstopdf)             Command: <repstopdf --outfile=figures/adam_train-eps-con
verted-to.pdf figures/adam_train.eps>
(epstopdf)             \includegraphics on input line 734.
Package epstopdf Info: Output file is already uptodate.
<figures/adam_train-eps-converted-to.pdf, id=466, 421.575pt x 316.18124pt>
File: figures/adam_train-eps-converted-to.pdf Graphic file (type pdf)
<use figures/adam_train-eps-converted-to.pdf>
Package pdftex.def Info: figures/adam_train-eps-converted-to.pdf  used on input
 line 734.
(pdftex.def)             Requested size: 119.2467pt x 89.43233pt.

Overfull \hbox (5.0pt too wide) in paragraph at lines 734--735
[][] 
 []

Package epstopdf Info: Source file: <figures/sgd_test.eps>
(epstopdf)                    date: 2021-06-29 10:24:50
(epstopdf)                    size: 62118 bytes
(epstopdf)             Output file: <figures/sgd_test-eps-converted-to.pdf>
(epstopdf)                    date: 2021-06-29 10:24:50
(epstopdf)                    size: 15915 bytes
(epstopdf)             Command: <repstopdf --outfile=figures/sgd_test-eps-conve
rted-to.pdf figures/sgd_test.eps>
(epstopdf)             \includegraphics on input line 741.
Package epstopdf Info: Output file is already uptodate.
<figures/sgd_test-eps-converted-to.pdf, id=467, 421.575pt x 316.18124pt>
File: figures/sgd_test-eps-converted-to.pdf Graphic file (type pdf)
<use figures/sgd_test-eps-converted-to.pdf>
Package pdftex.def Info: figures/sgd_test-eps-converted-to.pdf  used on input l
ine 741.
(pdftex.def)             Requested size: 119.2467pt x 89.43233pt.

Overfull \hbox (5.0pt too wide) in paragraph at lines 741--742
[][] 
 []

Package epstopdf Info: Source file: <figures/amsgrad_test.eps>
(epstopdf)                    date: 2021-06-29 10:24:50
(epstopdf)                    size: 62268 bytes
(epstopdf)             Output file: <figures/amsgrad_test-eps-converted-to.pdf>

(epstopdf)                    date: 2021-06-29 10:24:50
(epstopdf)                    size: 15394 bytes
(epstopdf)             Command: <repstopdf --outfile=figures/amsgrad_test-eps-c
onverted-to.pdf figures/amsgrad_test.eps>
(epstopdf)             \includegraphics on input line 747.
Package epstopdf Info: Output file is already uptodate.
<figures/amsgrad_test-eps-converted-to.pdf, id=468, 421.575pt x 316.18124pt>
File: figures/amsgrad_test-eps-converted-to.pdf Graphic file (type pdf)
<use figures/amsgrad_test-eps-converted-to.pdf>
Package pdftex.def Info: figures/amsgrad_test-eps-converted-to.pdf  used on inp
ut line 747.
(pdftex.def)             Requested size: 119.2467pt x 89.43233pt.

Overfull \hbox (5.0pt too wide) in paragraph at lines 747--748
[][] 
 []

Package epstopdf Info: Source file: <figures/adam_test.eps>
(epstopdf)                    date: 2021-06-29 10:24:50
(epstopdf)                    size: 60501 bytes
(epstopdf)             Output file: <figures/adam_test-eps-converted-to.pdf>
(epstopdf)                    date: 2021-06-29 10:24:50
(epstopdf)                    size: 15259 bytes
(epstopdf)             Command: <repstopdf --outfile=figures/adam_test-eps-conv
erted-to.pdf figures/adam_test.eps>
(epstopdf)             \includegraphics on input line 753.
Package epstopdf Info: Output file is already uptodate.
<figures/adam_test-eps-converted-to.pdf, id=469, 421.575pt x 316.18124pt>
File: figures/adam_test-eps-converted-to.pdf Graphic file (type pdf)
<use figures/adam_test-eps-converted-to.pdf>
Package pdftex.def Info: figures/adam_test-eps-converted-to.pdf  used on input 
line 753.
(pdftex.def)             Requested size: 119.2467pt x 89.43233pt.

Overfull \hbox (5.0pt too wide) in paragraph at lines 753--754
[][] 
 []


LaTeX Warning: `h' float specifier changed to `ht'.

[9 <./train_loss_updated-eps-converted-to.pdf> <./test_acc_updated-eps-converte
d-to.pdf> <./ub_train_loss-eps-converted-to.pdf> <./ub_test-eps-converted-to.pd
f>] [10 <./figures/sgd_train-eps-converted-to.pdf> <./figures/amsgrad_train-eps
-converted-to.pdf> <./figures/adam_train-eps-converted-to.pdf> <./figures/sgd_t
est-eps-converted-to.pdf> <./figures/amsgrad_test-eps-converted-to.pdf> <./figu
res/adam_test-eps-converted-to.pdf>] (./main_iclr.bbl
LaTeX Font Info:    Font shape `OMS/ptm/m/it' in size <10> not available
(Font)              Font shape `OMS/cmsy/m/n' tried instead on input line 53.
 [11

] [12]) [13]
LaTeX Font Info:    Font shape `T1/ptm/bx/n' in size <14.4> not available
(Font)              Font shape `T1/ptm/b/n' tried instead on input line 888.

Underfull \vbox (badness 10000) has occurred while \output is active []

 [14

]
[15] [16

]
Overfull \hbox (5.11972pt too wide) detected at line 1058
[]
 []


Underfull \vbox (badness 4168) has occurred while \output is active []

 [17]
[18]
Underfull \vbox (badness 10000) has occurred while \output is active []

 [19pdfTeX warning (ext4): destination with the same identifier (name{equation.
B.23}) has been already used, duplicate ignored

\AtBegShi@Output ...ipout \box \AtBeginShipoutBox 
                                                  \fi \fi 
l.1171 \end{equation}
                     pdfTeX warning (ext4): destination with the same identifie
r (name{equation.B.23}) has been already used, duplicate ignored

\AtBegShi@Output ...ipout \box \AtBeginShipoutBox 
                                                  \fi \fi 
l.1171 \end{equation}
                     ]
Underfull \vbox (badness 6559) has occurred while \output is active []

 [20pdfTeX warning (ext4): destination with the same identifier (name{equation.
B.23}) has been already used, duplicate ignored

\AtBegShi@Output ...ipout \box \AtBeginShipoutBox 
                                                  \fi \fi 
l.1204 \end{align}
                  pdfTeX warning (ext4): destination with the same identifier (
name{equation.B.24}) has been already used, duplicate ignored

\AtBegShi@Output ...ipout \box \AtBeginShipoutBox 
                                                  \fi \fi 
l.1204 \end{align}
                  ] [21]
Underfull \hbox (badness 4479) in paragraph at lines 1262--1263
[]\T1/ptm/m/n/10 (+20) In tra-di-tional anal-y-sis of SGD-like dis-tributed al-
go-rithms, the term cor-re-spond-ing to
 []

[22pdfTeX warning (ext4): destination with the same identifier (name{equation.B
.28}) has been already used, duplicate ignored

\AtBegShi@Output ...ipout \box \AtBeginShipoutBox 
                                                  \fi \fi 
l.1263 
       ]
Underfull \vbox (badness 10000) has occurred while \output is active []

 [23]
[24pdfTeX warning (ext4): destination with the same identifier (name{equation.B
.32}) has been already used, duplicate ignored

\AtBegShi@Output ...ipout \box \AtBeginShipoutBox 
                                                  \fi \fi 
l.1332 \end{align}
                  ] [25] [26]
Overfull \hbox (13.70866pt too wide) detected at line 1397
[]
 []

[27

]
Underfull \vbox (badness 10000) has occurred while \output is active []

 [28

]
[29]
Package epstopdf Info: Source file: <figures/sgd_train.eps>
(epstopdf)                    date: 2021-06-29 10:24:50
(epstopdf)                    size: 99000 bytes
(epstopdf)             Output file: <figures/sgd_train-eps-converted-to.pdf>
(epstopdf)                    date: 2021-06-29 10:24:50
(epstopdf)                    size: 23881 bytes
(epstopdf)             Command: <repstopdf --outfile=figures/sgd_train-eps-conv
erted-to.pdf figures/sgd_train.eps>
(epstopdf)             \includegraphics on input line 1595.
Package epstopdf Info: Output file is already uptodate.
File: figures/sgd_train-eps-converted-to.pdf Graphic file (type pdf)
<use figures/sgd_train-eps-converted-to.pdf>
Package pdftex.def Info: figures/sgd_train-eps-converted-to.pdf  used on input 
line 1595.
(pdftex.def)             Requested size: 143.09415pt x 107.32169pt.
Package epstopdf Info: Source file: <figures/sgd_test.eps>
(epstopdf)                    date: 2021-06-29 10:24:50
(epstopdf)                    size: 62118 bytes
(epstopdf)             Output file: <figures/sgd_test-eps-converted-to.pdf>
(epstopdf)                    date: 2021-06-29 10:24:50
(epstopdf)                    size: 15915 bytes
(epstopdf)             Command: <repstopdf --outfile=figures/sgd_test-eps-conve
rted-to.pdf figures/sgd_test.eps>
(epstopdf)             \includegraphics on input line 1600.
Package epstopdf Info: Output file is already uptodate.
File: figures/sgd_test-eps-converted-to.pdf Graphic file (type pdf)
<use figures/sgd_test-eps-converted-to.pdf>
Package pdftex.def Info: figures/sgd_test-eps-converted-to.pdf  used on input l
ine 1600.
(pdftex.def)             Requested size: 143.09415pt x 107.32169pt.
Package epstopdf Info: Source file: <figures/amsgrad_train.eps>
(epstopdf)                    date: 2021-06-29 10:24:50
(epstopdf)                    size: 99000 bytes
(epstopdf)             Output file: <figures/amsgrad_train-eps-converted-to.pdf
>
(epstopdf)                    date: 2021-06-29 10:24:50
(epstopdf)                    size: 24306 bytes
(epstopdf)             Command: <repstopdf --outfile=figures/amsgrad_train-eps-
converted-to.pdf figures/amsgrad_train.eps>
(epstopdf)             \includegraphics on input line 1607.
Package epstopdf Info: Output file is already uptodate.
File: figures/amsgrad_train-eps-converted-to.pdf Graphic file (type pdf)
<use figures/amsgrad_train-eps-converted-to.pdf>
Package pdftex.def Info: figures/amsgrad_train-eps-converted-to.pdf  used on in
put line 1607.
(pdftex.def)             Requested size: 143.09415pt x 107.32169pt.
Package epstopdf Info: Source file: <figures/amsgrad_test.eps>
(epstopdf)                    date: 2021-06-29 10:24:50
(epstopdf)                    size: 62268 bytes
(epstopdf)             Output file: <figures/amsgrad_test-eps-converted-to.pdf>

(epstopdf)                    date: 2021-06-29 10:24:50
(epstopdf)                    size: 15394 bytes
(epstopdf)             Command: <repstopdf --outfile=figures/amsgrad_test-eps-c
onverted-to.pdf figures/amsgrad_test.eps>
(epstopdf)             \includegraphics on input line 1612.
Package epstopdf Info: Output file is already uptodate.
File: figures/amsgrad_test-eps-converted-to.pdf Graphic file (type pdf)
<use figures/amsgrad_test-eps-converted-to.pdf>
Package pdftex.def Info: figures/amsgrad_test-eps-converted-to.pdf  used on inp
ut line 1612.
(pdftex.def)             Requested size: 143.09415pt x 107.32169pt.
Package epstopdf Info: Source file: <figures/adam_train.eps>
(epstopdf)                    date: 2021-06-29 10:24:50
(epstopdf)                    size: 93905 bytes
(epstopdf)             Output file: <figures/adam_train-eps-converted-to.pdf>
(epstopdf)                    date: 2021-06-29 10:24:50
(epstopdf)                    size: 23363 bytes
(epstopdf)             Command: <repstopdf --outfile=figures/adam_train-eps-con
verted-to.pdf figures/adam_train.eps>
(epstopdf)             \includegraphics on input line 1619.
Package epstopdf Info: Output file is already uptodate.
File: figures/adam_train-eps-converted-to.pdf Graphic file (type pdf)
<use figures/adam_train-eps-converted-to.pdf>
Package pdftex.def Info: figures/adam_train-eps-converted-to.pdf  used on input
 line 1619.
(pdftex.def)             Requested size: 143.09415pt x 107.32169pt.
Package epstopdf Info: Source file: <figures/adam_test.eps>
(epstopdf)                    date: 2021-06-29 10:24:50
(epstopdf)                    size: 60501 bytes
(epstopdf)             Output file: <figures/adam_test-eps-converted-to.pdf>
(epstopdf)                    date: 2021-06-29 10:24:50
(epstopdf)                    size: 15259 bytes
(epstopdf)             Command: <repstopdf --outfile=figures/adam_test-eps-conv
erted-to.pdf figures/adam_test.eps>
(epstopdf)             \includegraphics on input line 1624.
Package epstopdf Info: Output file is already uptodate.
File: figures/adam_test-eps-converted-to.pdf Graphic file (type pdf)
<use figures/adam_test-eps-converted-to.pdf>
Package pdftex.def Info: figures/adam_test-eps-converted-to.pdf  used on input 
line 1624.
(pdftex.def)             Requested size: 143.09415pt x 107.32169pt.

Underfull \vbox (badness 10000) has occurred while \output is active []

 [30

]
[31] [32

]
Package atveryend Info: Empty hook `BeforeClearDocument' on input line 1649.
Package atveryend Info: Empty hook `AfterLastShipout' on input line 1649.
 (./main_iclr.aux

Package natbib Warning: Citation(s) may have changed.
(natbib)                Rerun to get citations correct.

)
Package atveryend Info: Executing hook `AtVeryEndDocument' on input line 1649.
Package atveryend Info: Executing hook `AtEndAfterFileList' on input line 1649.

Package rerunfilecheck Info: File `main_iclr.out' has not changed.
(rerunfilecheck)             Checksum: C51B96BF992EAFEC22740F5F222C0CB8;1447.


LaTeX Warning: Label(s) may have changed. Rerun to get cross-references right.

Package atveryend Info: Empty hook `AtVeryVeryEnd' on input line 1649.
 )
(\end occurred inside a group at level 1)

### semi simple group (level 1) entered at line 1316 (\begingroup)
### bottom level 
Here is how much of TeX's memory you used:
 22211 strings out of 492649
 400853 string characters out of 6129622
 535866 words of memory out of 5000000
 25170 multiletter control sequences out of 15000+600000
 74224 words of font info for 233 fonts, out of 8000000 for 9000
 1141 hyphenation exceptions out of 8191
 56i,26n,73p,1325b,699s stack positions out of 5000i,500n,10000p,200000b,80000s
{/usr/local/texlive/2018/texmf-dist/fonts/enc/dvips/base/8r.enc
} </Users/karimimohammedbelhal/Library/texlive/2018/texmf-var/fonts/pk/ljfour/p
ublic/bbm/bbm10.600pk></usr/local/texlive/2018/texmf-dist/fonts/type1/public/am
sfonts/cm/cmbx10.pfb></usr/local/texlive/2018/texmf-dist/fonts/type1/public/ams
fonts/cm/cmbx7.pfb></usr/local/texlive/2018/texmf-dist/fonts/type1/public/amsfo
nts/cm/cmex10.pfb></usr/local/texlive/2018/texmf-dist/fonts/type1/public/amsfon
ts/cmextra/cmex9.pfb></usr/local/texlive/2018/texmf-dist/fonts/type1/public/ams
fonts/cm/cmmi10.pfb></usr/local/texlive/2018/texmf-dist/fonts/type1/public/amsf
onts/cm/cmmi5.pfb></usr/local/texlive/2018/texmf-dist/fonts/type1/public/amsfon
ts/cm/cmmi6.pfb></usr/local/texlive/2018/texmf-dist/fonts/type1/public/amsfonts
/cm/cmmi7.pfb></usr/local/texlive/2018/texmf-dist/fonts/type1/public/amsfonts/c
m/cmmi9.pfb></usr/local/texlive/2018/texmf-dist/fonts/type1/public/amsfonts/cm/
cmr10.pfb></usr/local/texlive/2018/texmf-dist/fonts/type1/public/amsfonts/cm/cm
r5.pfb></usr/local/texlive/2018/texmf-dist/fonts/type1/public/amsfonts/cm/cmr6.
pfb></usr/local/texlive/2018/texmf-dist/fonts/type1/public/amsfonts/cm/cmr7.pfb
></usr/local/texlive/2018/texmf-dist/fonts/type1/public/amsfonts/cm/cmr9.pfb></
usr/local/texlive/2018/texmf-dist/fonts/type1/public/amsfonts/cm/cmsy10.pfb></u
sr/local/texlive/2018/texmf-dist/fonts/type1/public/amsfonts/cm/cmsy5.pfb></usr
/local/texlive/2018/texmf-dist/fonts/type1/public/amsfonts/cm/cmsy6.pfb></usr/l
ocal/texlive/2018/texmf-dist/fonts/type1/public/amsfonts/cm/cmsy7.pfb></usr/loc
al/texlive/2018/texmf-dist/fonts/type1/public/amsfonts/cm/cmsy9.pfb></usr/local
/texlive/2018/texmf-dist/fonts/type1/public/amsfonts/symbols/msam10.pfb></usr/l
ocal/texlive/2018/texmf-dist/fonts/type1/public/amsfonts/symbols/msbm10.pfb></u
sr/local/texlive/2018/texmf-dist/fonts/type1/public/amsfonts/symbols/msbm7.pfb>
</usr/local/texlive/2018/texmf-dist/fonts/type1/urw/times/utmb8a.pfb></usr/loca
l/texlive/2018/texmf-dist/fonts/type1/urw/times/utmr8a.pfb></usr/local/texlive/
2018/texmf-dist/fonts/type1/urw/times/utmr8a.pfb></usr/local/texlive/2018/texmf
-dist/fonts/type1/urw/times/utmri8a.pfb>
Output written on main_iclr.pdf (32 pages, 592838 bytes).
PDF statistics:
 858 PDF objects out of 1000 (max. 8388607)
 769 compressed objects within 8 object streams
 200 named destinations out of 1000 (max. 500000)
 40159 words of extra memory for PDF output out of 42996 (max. 10000000)

