\BOOKMARK [1][-]{section.1}{Introduction}{}% 1
\BOOKMARK [1][-]{section.2}{Preliminaries}{}% 2
\BOOKMARK [1][-]{section.3}{Variational Flow Graphical Model}{}% 3
\BOOKMARK [2][-]{subsection.3.1}{Evidence Lower Bound of Variational Flow Graphical Models}{section.3}% 4
\BOOKMARK [2][-]{subsection.3.2}{ELBO Calculation}{section.3}% 5
\BOOKMARK [2][-]{subsection.3.3}{ Aggregation Nodes}{section.3}% 6
\BOOKMARK [1][-]{section.4}{Algorithms and Implementation}{}% 7
\BOOKMARK [2][-]{subsection.4.1}{Layer-wise Training}{section.4}% 8
\BOOKMARK [2][-]{subsection.4.2}{Random Masking}{section.4}% 9
\BOOKMARK [1][-]{section.5}{Inference on VFG Models }{}% 10
\BOOKMARK [1][-]{section.6}{Numerical Experiments}{}% 11
\BOOKMARK [2][-]{subsection.6.1}{Evaluation on Inference with Missing Entries Imputation}{section.6}% 12
\BOOKMARK [2][-]{subsection.6.2}{ELBO and Likelihood}{section.6}% 13
\BOOKMARK [2][-]{subsection.6.3}{Latent Representation Learning on MNIST}{section.6}% 14
\BOOKMARK [1][-]{section.7}{Conclusion}{}% 15
\BOOKMARK [1][-]{appendix.A}{Additional Numerical Experiments}{}% 16
\BOOKMARK [2][-]{subsection.A.1}{California Housing Dataset}{appendix.A}% 17
\BOOKMARK [2][-]{subsection.A.2}{Inference on DAGs}{appendix.A}% 18
\BOOKMARK [2][-]{subsection.A.3}{Representation Learning with MNIST}{appendix.A}% 19
\BOOKMARK [3][-]{subsubsection.A.3.1}{Latent Representation Learning on MNIST}{subsection.A.3}% 20
\BOOKMARK [3][-]{subsubsection.A.3.2}{Disentanglement on MNIST}{subsection.A.3}% 21
\BOOKMARK [1][-]{appendix.B}{ELBO Calculation}{}% 22
\BOOKMARK [2][-]{subsection.B.1}{Distribution of Latent Variable}{appendix.B}% 23
\BOOKMARK [2][-]{subsection.B.2}{KL Term}{appendix.B}% 24
\BOOKMARK [2][-]{subsection.B.3}{Reconstruction Term}{appendix.B}% 25
\BOOKMARK [2][-]{subsection.B.4}{Improve KL Computation}{appendix.B}% 26
\BOOKMARK [1][-]{appendix.C}{Aggregation Node}{}% 27
\BOOKMARK [1][-]{appendix.D}{More Details on Inference}{}% 28
\BOOKMARK [2][-]{subsection.D.1}{Inference on Trees}{appendix.D}% 29
\BOOKMARK [2][-]{subsection.D.2}{Inference on DAGs}{appendix.D}% 30
\BOOKMARK [1][-]{appendix.E}{Derivation of the ELBOs for Trees and DAGs }{}% 31
\BOOKMARK [2][-]{subsection.E.1}{ELBO of Tree Models}{appendix.E}% 32
\BOOKMARK [2][-]{subsection.E.2}{Improve ELBO Estimation with Flows}{appendix.E}% 33
\BOOKMARK [2][-]{subsection.E.3}{ELBO of DAG Models}{appendix.E}% 34
\BOOKMARK [1][-]{appendix.F}{Theoretical Justifications for Latent Representation Learning}{}% 35
