\BOOKMARK [1][-]{section.0.1}{Introduction}{}% 1
\BOOKMARK [1][-]{section.0.2}{Two-Timescale Stochastic EM Algorithms}{}% 2
\BOOKMARK [2][-]{subsection.0.2.1}{Monte Carlo Integration and Stochastic Approximation}{section.0.2}% 3
\BOOKMARK [2][-]{subsection.0.2.2}{Incremental and Two-Stage Stochastic EM Methods}{section.0.2}% 4
\BOOKMARK [1][-]{section.0.3}{Finite Time Analysis of the Two-Timescale Scheme}{}% 5
\BOOKMARK [2][-]{subsection.0.3.1}{Assumptions and Intermediate Lemmas}{section.0.3}% 6
\BOOKMARK [2][-]{subsection.0.3.2}{Global Convergence of Incremental Stochastic EM Algorithms}{section.0.3}% 7
\BOOKMARK [2][-]{subsection.0.3.3}{Global Convergence of Two-Timescale Stochastic EM Algorithms}{section.0.3}% 8
\BOOKMARK [1][-]{section.0.4}{Numerical Examples}{}% 9
\BOOKMARK [2][-]{subsection.0.4.1}{Gaussian Mixture Models}{section.0.4}% 10
\BOOKMARK [2][-]{subsection.0.4.2}{Deformable Template Model for Image Analysis}{section.0.4}% 11
\BOOKMARK [2][-]{subsection.0.4.3}{Pharmacokinetics \(PK\) Model with Absorption Lag Time}{section.0.4}% 12
\BOOKMARK [1][-]{section.0.5}{Conclusion}{}% 13
\BOOKMARK [1][-]{section.0.A}{Proofs for the iSAEM Algorithm}{}% 14
\BOOKMARK [2][-]{subsection.0.A.1}{Proof of Lemma 2}{section.0.A}% 15
\BOOKMARK [2][-]{subsection.0.A.2}{Proof of Theorem 1}{section.0.A}% 16
\BOOKMARK [1][-]{section.0.B}{Proofs for the vrTTEM and the fiTTEM Algorithms}{}% 17
\BOOKMARK [2][-]{subsection.0.B.1}{Proofs of Auxiliary Lemmas \( Lemma 4, Lemma 5 and Lemma 6\)}{section.0.B}% 18
\BOOKMARK [2][-]{subsection.0.B.2}{Additional Intermediary Result}{section.0.B}% 19
\BOOKMARK [2][-]{subsection.0.B.3}{Proof of Theorem 2}{section.0.B}% 20
\BOOKMARK [2][-]{subsection.0.B.4}{Proof of Theorem 3}{section.0.B}% 21
\BOOKMARK [1][-]{section.0.C}{Practical Implementations of Two-Timescale EM Methods}{}% 22
\BOOKMARK [2][-]{subsection.0.C.1}{Application on GMM}{section.0.C}% 23
\BOOKMARK [3][-]{subsubsection.0.C.1.1}{Explicit Updates}{subsection.0.C.1}% 24
\BOOKMARK [3][-]{subsubsection.0.C.1.2}{Model Assumptions \(GMM example\)}{subsection.0.C.1}% 25
\BOOKMARK [3][-]{subsubsection.0.C.1.3}{Algorithms updates}{subsection.0.C.1}% 26
\BOOKMARK [2][-]{subsection.0.C.2}{Deformable Template Model for Image Analysis}{section.0.C}% 27
\BOOKMARK [3][-]{subsubsection.0.C.2.1}{Model and Updates}{subsection.0.C.2}% 28
\BOOKMARK [3][-]{subsubsection.0.C.2.2}{Numerical Applications}{subsection.0.C.2}% 29
\BOOKMARK [2][-]{subsection.0.C.3}{Pharmacokinetics \(PK\) Model with Absorption Lag Time}{section.0.C}% 30
