\BOOKMARK [1][-]{section.1}{Introduction}{}% 1
\BOOKMARK [1][-]{section.2}{RELATED WORK}{}% 2
\BOOKMARK [1][-]{section.3}{PRELIMINARIES}{}% 3
\BOOKMARK [1][-]{section.4}{STABLE ADAPTIVE GRADIENT DESCENT}{}% 4
\BOOKMARK [2][-]{subsection.4.1}{SAGD WITH DPG-LAP}{section.4}% 5
\BOOKMARK [2][-]{subsection.4.2}{SAGD WITH DPG-SPARSE}{section.4}% 6
\BOOKMARK [1][-]{section.5}{MINI-BATCH STABLE ADAPTIVE GRADIENT DESCENT}{}% 7
\BOOKMARK [1][-]{section.6}{EXPERIMENTS}{}% 8
\BOOKMARK [2][-]{subsection.6.1}{ENVIRONMENTAL SETUP}{section.6}% 9
\BOOKMARK [2][-]{subsection.6.2}{FEEDFORWARD NEURAL NETWORK}{section.6}% 10
\BOOKMARK [2][-]{subsection.6.3}{CONVOLUTIONAL NEURAL NETWORK}{section.6}% 11
\BOOKMARK [2][-]{subsection.6.4}{RECURRENT NEURAL NETWORK}{section.6}% 12
\BOOKMARK [1][-]{section.7}{CONCLUSION}{}% 13
\BOOKMARK [1][-]{appendix.A}{DIFFERENTIAL PRIVACY AND GENERALIZATION ANALYSIS}{}% 14
\BOOKMARK [2][-]{subsection.A.1}{Proof of Lemma 2}{appendix.A}% 15
\BOOKMARK [2][-]{subsection.A.2}{Proof of Theorem 1}{appendix.A}% 16
\BOOKMARK [2][-]{subsection.A.3}{Proof of Lemma 3}{appendix.A}% 17
\BOOKMARK [2][-]{subsection.A.4}{Proof of Theorem 3:}{appendix.A}% 18
\BOOKMARK [1][-]{appendix.B}{CONVERGENCE ANALYSIS}{}% 19
\BOOKMARK [2][-]{subsection.B.1}{Proof of Theorem 2 and Theorem 4}{appendix.B}% 20
\BOOKMARK [2][-]{subsection.B.2}{Proof of Theorem 5}{appendix.B}% 21
