\BOOKMARK [1][-]{section.1}{Introduction}{}% 1
\BOOKMARK [1][-]{section.2}{Preliminaries}{}% 2
\BOOKMARK [1][-]{section.3}{Variational Flow Graphical Model}{}% 3
\BOOKMARK [2][-]{subsection.3.1}{Evidence Lower Bound of Variational Flow Graphical Models}{section.3}% 4
\BOOKMARK [2][-]{subsection.3.2}{ Aggregation Nodes}{section.3}% 5
\BOOKMARK [1][-]{section.4}{Algorithms and Implementation}{}% 6
\BOOKMARK [2][-]{subsection.4.1}{Layer-wise Training}{section.4}% 7
\BOOKMARK [2][-]{subsection.4.2}{Random Masking}{section.4}% 8
\BOOKMARK [1][-]{section.5}{Inference on VFG Models }{}% 9
\BOOKMARK [1][-]{section.6}{Numerical Experiments}{}% 10
\BOOKMARK [2][-]{subsection.6.1}{Evaluation on Inference with Missing Entries Imputation}{section.6}% 11
\BOOKMARK [2][-]{subsection.6.2}{ELBO and Likelihood}{section.6}% 12
\BOOKMARK [2][-]{subsection.6.3}{Latent Representation Learning on MNIST}{section.6}% 13
\BOOKMARK [1][-]{section.7}{Conclusion}{}% 14
\BOOKMARK [1][-]{appendix.A}{Additional Numerical Experiments}{}% 15
\BOOKMARK [2][-]{subsection.A.1}{California Housing Dataset}{appendix.A}% 16
\BOOKMARK [2][-]{subsection.A.2}{Inference on DAGs}{appendix.A}% 17
\BOOKMARK [2][-]{subsection.A.3}{MNIST}{appendix.A}% 18
\BOOKMARK [3][-]{subsubsection.A.3.1}{Latent Representation Learning on MNIST}{subsection.A.3}% 19
\BOOKMARK [3][-]{subsubsection.A.3.2}{Disentanglement on MNIST}{subsection.A.3}% 20
\BOOKMARK [1][-]{appendix.B}{Derivation of the ELBO for both Tree and DAG structures}{}% 21
\BOOKMARK [2][-]{subsection.B.1}{ELBO of Tree Models}{appendix.B}% 22
\BOOKMARK [2][-]{subsection.B.2}{Improve ELBO Estimation with Flows}{appendix.B}% 23
\BOOKMARK [2][-]{subsection.B.3}{ELBO of DAG Models}{appendix.B}% 24
\BOOKMARK [1][-]{appendix.C}{Model the Distributions of Latent Latent Representations at Nodes}{}% 25
\BOOKMARK [2][-]{subsection.C.1}{Distributions at Nodes}{appendix.C}% 26
\BOOKMARK [3][-]{subsubsection.C.1.1}{KL Computation for Nodes}{subsection.C.1}% 27
\BOOKMARK [1][-]{appendix.D}{More Details on Inference}{}% 28
\BOOKMARK [2][-]{subsection.D.1}{Inference on DAGs}{appendix.D}% 29
\BOOKMARK [2][-]{subsection.D.2}{Proof of Lemma 1}{appendix.D}% 30
\BOOKMARK [2][-]{subsection.D.3}{ Inference Reliability and Expressive Power}{appendix.D}% 31
\BOOKMARK [3][-]{subsubsection.D.3.1}{Prediction Error }{subsection.D.3}% 32
\BOOKMARK [3][-]{subsubsection.D.3.2}{ Probability Tractability}{subsection.D.3}% 33
\BOOKMARK [1][-]{appendix.E}{Theoretical Justifications for Latent Representation Learning}{}% 34
