This is pdfTeX, Version 3.14159265-2.6-1.40.19 (TeX Live 2018) (preloaded format=pdflatex 2018.7.23)  30 MAY 2021 16:26
entering extended mode
 restricted \write18 enabled.
 file:line:error style messages enabled.
 %&-line parsing enabled.
**main_icdm.tex
(./main_icdm.tex
LaTeX2e <2018-04-01> patch level 2
Babel <3.18> and hyphenation patterns for 84 language(s) loaded.
(./IEEEtran.cls
Document Class: IEEEtran 2015/08/26 V1.8b by Michael Shell
-- See the "IEEEtran_HOWTO" manual for usage information.
-- http://www.michaelshell.org/tex/ieeetran/
\@IEEEtrantmpdimenA=\dimen102
\@IEEEtrantmpdimenB=\dimen103
\@IEEEtrantmpdimenC=\dimen104
\@IEEEtrantmpcountA=\count80
\@IEEEtrantmpcountB=\count81
\@IEEEtrantmpcountC=\count82
\@IEEEtrantmptoksA=\toks14
LaTeX Font Info:    Try loading font information for OT1+ptm on input line 503.

(/usr/local/texlive/2018/texmf-dist/tex/latex/psnfss/ot1ptm.fd
File: ot1ptm.fd 2001/06/04 font definitions for OT1/ptm.
)
-- Using 8.5in x 11in (letter) paper.
-- Using PDF output.
\@IEEEnormalsizeunitybaselineskip=\dimen105
-- This is a 10 point document.
\CLASSINFOnormalsizebaselineskip=\dimen106
\CLASSINFOnormalsizeunitybaselineskip=\dimen107
\IEEEnormaljot=\dimen108
LaTeX Font Info:    Font shape `OT1/ptm/bx/n' in size <5> not available
(Font)              Font shape `OT1/ptm/b/n' tried instead on input line 1090.
LaTeX Font Info:    Font shape `OT1/ptm/bx/it' in size <5> not available
(Font)              Font shape `OT1/ptm/b/it' tried instead on input line 1090.

LaTeX Font Info:    Font shape `OT1/ptm/bx/n' in size <7> not available
(Font)              Font shape `OT1/ptm/b/n' tried instead on input line 1090.
LaTeX Font Info:    Font shape `OT1/ptm/bx/it' in size <7> not available
(Font)              Font shape `OT1/ptm/b/it' tried instead on input line 1090.

LaTeX Font Info:    Font shape `OT1/ptm/bx/n' in size <8> not available
(Font)              Font shape `OT1/ptm/b/n' tried instead on input line 1090.
LaTeX Font Info:    Font shape `OT1/ptm/bx/it' in size <8> not available
(Font)              Font shape `OT1/ptm/b/it' tried instead on input line 1090.

LaTeX Font Info:    Font shape `OT1/ptm/bx/n' in size <9> not available
(Font)              Font shape `OT1/ptm/b/n' tried instead on input line 1090.
LaTeX Font Info:    Font shape `OT1/ptm/bx/it' in size <9> not available
(Font)              Font shape `OT1/ptm/b/it' tried instead on input line 1090.

LaTeX Font Info:    Font shape `OT1/ptm/bx/n' in size <10> not available
(Font)              Font shape `OT1/ptm/b/n' tried instead on input line 1090.
LaTeX Font Info:    Font shape `OT1/ptm/bx/it' in size <10> not available
(Font)              Font shape `OT1/ptm/b/it' tried instead on input line 1090.

LaTeX Font Info:    Font shape `OT1/ptm/bx/n' in size <11> not available
(Font)              Font shape `OT1/ptm/b/n' tried instead on input line 1090.
LaTeX Font Info:    Font shape `OT1/ptm/bx/it' in size <11> not available
(Font)              Font shape `OT1/ptm/b/it' tried instead on input line 1090.

LaTeX Font Info:    Font shape `OT1/ptm/bx/n' in size <12> not available
(Font)              Font shape `OT1/ptm/b/n' tried instead on input line 1090.
LaTeX Font Info:    Font shape `OT1/ptm/bx/it' in size <12> not available
(Font)              Font shape `OT1/ptm/b/it' tried instead on input line 1090.

LaTeX Font Info:    Font shape `OT1/ptm/bx/n' in size <17> not available
(Font)              Font shape `OT1/ptm/b/n' tried instead on input line 1090.
LaTeX Font Info:    Font shape `OT1/ptm/bx/it' in size <17> not available
(Font)              Font shape `OT1/ptm/b/it' tried instead on input line 1090.

LaTeX Font Info:    Font shape `OT1/ptm/bx/n' in size <20> not available
(Font)              Font shape `OT1/ptm/b/n' tried instead on input line 1090.
LaTeX Font Info:    Font shape `OT1/ptm/bx/it' in size <20> not available
(Font)              Font shape `OT1/ptm/b/it' tried instead on input line 1090.

LaTeX Font Info:    Font shape `OT1/ptm/bx/n' in size <24> not available
(Font)              Font shape `OT1/ptm/b/n' tried instead on input line 1090.
LaTeX Font Info:    Font shape `OT1/ptm/bx/it' in size <24> not available
(Font)              Font shape `OT1/ptm/b/it' tried instead on input line 1090.

\IEEEquantizedlength=\dimen109
\IEEEquantizedlengthdiff=\dimen110
\IEEEquantizedtextheightdiff=\dimen111
\IEEEilabelindentA=\dimen112
\IEEEilabelindentB=\dimen113
\IEEEilabelindent=\dimen114
\IEEEelabelindent=\dimen115
\IEEEdlabelindent=\dimen116
\IEEElabelindent=\dimen117
\IEEEiednormlabelsep=\dimen118
\IEEEiedmathlabelsep=\dimen119
\IEEEiedtopsep=\skip41
\c@section=\count83
\c@subsection=\count84
\c@subsubsection=\count85
\c@paragraph=\count86
\c@IEEEsubequation=\count87
\abovecaptionskip=\skip42
\belowcaptionskip=\skip43
\c@figure=\count88
\c@table=\count89
\@IEEEeqnnumcols=\count90
\@IEEEeqncolcnt=\count91
\@IEEEsubeqnnumrollback=\count92
\@IEEEquantizeheightA=\dimen120
\@IEEEquantizeheightB=\dimen121
\@IEEEquantizeheightC=\dimen122
\@IEEEquantizeprevdepth=\dimen123
\@IEEEquantizemultiple=\count93
\@IEEEquantizeboxA=\box26
\@IEEEtmpitemindent=\dimen124
\IEEEPARstartletwidth=\dimen125
\c@IEEEbiography=\count94
\@IEEEtranrubishbin=\box27
) (/usr/local/texlive/2018/texmf-dist/tex/latex/natbib/natbib.sty
Package: natbib 2010/09/13 8.31b (PWD, AO)
\bibhang=\skip44
\bibsep=\skip45
LaTeX Info: Redefining \cite on input line 694.
\c@NAT@ctr=\count95
)
(/usr/local/texlive/2018/texmf-dist/tex/latex/mathtools/mathtools.sty
Package: mathtools 2018/01/08 v1.21 mathematical typesetting tools

(/usr/local/texlive/2018/texmf-dist/tex/latex/graphics/keyval.sty
Package: keyval 2014/10/28 v1.15 key=value parser (DPC)
\KV@toks@=\toks15
)
(/usr/local/texlive/2018/texmf-dist/tex/latex/tools/calc.sty
Package: calc 2017/05/25 v4.3 Infix arithmetic (KKT,FJ)
\calc@Acount=\count96
\calc@Bcount=\count97
\calc@Adimen=\dimen126
\calc@Bdimen=\dimen127
\calc@Askip=\skip46
\calc@Bskip=\skip47
LaTeX Info: Redefining \setlength on input line 80.
LaTeX Info: Redefining \addtolength on input line 81.
\calc@Ccount=\count98
\calc@Cskip=\skip48
)
(/usr/local/texlive/2018/texmf-dist/tex/latex/mathtools/mhsetup.sty
Package: mhsetup 2017/03/31 v1.3 programming setup (MH)
)
(/usr/local/texlive/2018/texmf-dist/tex/latex/amsmath/amsmath.sty
Package: amsmath 2017/09/02 v2.17a AMS math features
\@mathmargin=\skip49

For additional information on amsmath, use the `?' option.
(/usr/local/texlive/2018/texmf-dist/tex/latex/amsmath/amstext.sty
Package: amstext 2000/06/29 v2.01 AMS text

(/usr/local/texlive/2018/texmf-dist/tex/latex/amsmath/amsgen.sty
File: amsgen.sty 1999/11/30 v2.0 generic functions
\@emptytoks=\toks16
\ex@=\dimen128
))
(/usr/local/texlive/2018/texmf-dist/tex/latex/amsmath/amsbsy.sty
Package: amsbsy 1999/11/29 v1.2d Bold Symbols
\pmbraise@=\dimen129
)
(/usr/local/texlive/2018/texmf-dist/tex/latex/amsmath/amsopn.sty
Package: amsopn 2016/03/08 v2.02 operator names
)
\inf@bad=\count99
LaTeX Info: Redefining \frac on input line 213.
\uproot@=\count100
\leftroot@=\count101
LaTeX Info: Redefining \overline on input line 375.
\classnum@=\count102
\DOTSCASE@=\count103
LaTeX Info: Redefining \ldots on input line 472.
LaTeX Info: Redefining \dots on input line 475.
LaTeX Info: Redefining \cdots on input line 596.
\Mathstrutbox@=\box28
\strutbox@=\box29
\big@size=\dimen130
LaTeX Font Info:    Redeclaring font encoding OML on input line 712.
LaTeX Font Info:    Redeclaring font encoding OMS on input line 713.
\macc@depth=\count104
\c@MaxMatrixCols=\count105
\dotsspace@=\muskip10
\c@parentequation=\count106
\dspbrk@lvl=\count107
\tag@help=\toks17
\row@=\count108
\column@=\count109
\maxfields@=\count110
\andhelp@=\toks18
\eqnshift@=\dimen131
\alignsep@=\dimen132
\tagshift@=\dimen133
\tagwidth@=\dimen134
\totwidth@=\dimen135
\lineht@=\dimen136
\@envbody=\toks19
\multlinegap=\skip50
\multlinetaggap=\skip51
\mathdisplay@stack=\toks20
LaTeX Info: Redefining \[ on input line 2817.
LaTeX Info: Redefining \] on input line 2818.
)
LaTeX Info: Thecontrolsequence`\('isalreadyrobust on input line 129.
LaTeX Info: Thecontrolsequence`\)'isalreadyrobust on input line 129.
LaTeX Info: Thecontrolsequence`\['isalreadyrobust on input line 129.
LaTeX Info: Thecontrolsequence`\]'isalreadyrobust on input line 129.
\g_MT_multlinerow_int=\count111
\l_MT_multwidth_dim=\dimen137
\origjot=\skip52
\l_MT_shortvdotswithinadjustabove_dim=\dimen138
\l_MT_shortvdotswithinadjustbelow_dim=\dimen139
\l_MT_above_intertext_sep=\dimen140
\l_MT_below_intertext_sep=\dimen141
\l_MT_above_shortintertext_sep=\dimen142
\l_MT_below_shortintertext_sep=\dimen143
)
(/usr/local/texlive/2018/texmf-dist/tex/latex/booktabs/booktabs.sty
Package: booktabs 2016/04/27 v1.618033 publication quality tables
\heavyrulewidth=\dimen144
\lightrulewidth=\dimen145
\cmidrulewidth=\dimen146
\belowrulesep=\dimen147
\belowbottomsep=\dimen148
\aboverulesep=\dimen149
\abovetopsep=\dimen150
\cmidrulesep=\dimen151
\cmidrulekern=\dimen152
\defaultaddspace=\dimen153
\@cmidla=\count112
\@cmidlb=\count113
\@aboverulesep=\dimen154
\@belowrulesep=\dimen155
\@thisruleclass=\count114
\@lastruleclass=\count115
\@thisrulewidth=\dimen156
)
(/usr/local/texlive/2018/texmf-dist/tex/latex/lipsum/lipsum.sty
Package: lipsum 2014/07/27 v1.3 150 paragraphs of Lorem Ipsum dummy text
\c@lips@count=\count116
)
(/usr/local/texlive/2018/texmf-dist/tex/latex/mwe/mwe.sty
Package: mwe 2018/03/30 v0.5 Package to support minimal working examples (MWE)

(/usr/local/texlive/2018/texmf-dist/tex/latex/graphics/graphicx.sty
Package: graphicx 2017/06/01 v1.1a Enhanced LaTeX Graphics (DPC,SPQR)

(/usr/local/texlive/2018/texmf-dist/tex/latex/graphics/graphics.sty
Package: graphics 2017/06/25 v1.2c Standard LaTeX Graphics (DPC,SPQR)

(/usr/local/texlive/2018/texmf-dist/tex/latex/graphics/trig.sty
Package: trig 2016/01/03 v1.10 sin cos tan (DPC)
)
(/usr/local/texlive/2018/texmf-dist/tex/latex/graphics-cfg/graphics.cfg
File: graphics.cfg 2016/06/04 v1.11 sample graphics configuration
)
Package graphics Info: Driver file: pdftex.def on input line 99.

(/usr/local/texlive/2018/texmf-dist/tex/latex/graphics-def/pdftex.def
File: pdftex.def 2018/01/08 v1.0l Graphics/color driver for pdftex
))
\Gin@req@height=\dimen157
\Gin@req@width=\dimen158
)
(/usr/local/texlive/2018/texmf-dist/tex/latex/blindtext/blindtext.sty
Package: blindtext 2012/01/06 V2.0 blindtext-Package

(/usr/local/texlive/2018/texmf-dist/tex/latex/tools/xspace.sty
Package: xspace 2014/10/28 v1.13 Space after command names (DPC,MH)
)
\c@blindtext=\count117
\c@Blindtext=\count118
\c@blind@countparstart=\count119
\blind@countxx=\count120
\blindtext@numBlindtext=\count121
\blind@countyy=\count122
\c@blindlist=\count123
\c@blindlistlevel=\count124
\c@blindlist@level=\count125
\blind@listitem=\count126
\c@blind@listcount=\count127
\c@blind@levelcount=\count128
\blind@mathformula=\count129
\blind@Mathformula=\count130
\c@blind@randomcount=\count131
\c@blind@randommax=\count132
\c@blind@pangramcount=\count133
\c@blind@pangrammax=\count134
))
(/usr/local/texlive/2018/texmf-dist/tex/latex/amsfonts/amssymb.sty
Package: amssymb 2013/01/14 v3.01 AMS font symbols

(/usr/local/texlive/2018/texmf-dist/tex/latex/amsfonts/amsfonts.sty
Package: amsfonts 2013/01/14 v3.01 Basic AMSFonts support
\symAMSa=\mathgroup4
\symAMSb=\mathgroup5
LaTeX Font Info:    Overwriting math alphabet `\mathfrak' in version `bold'
(Font)                  U/euf/m/n --> U/euf/b/n on input line 106.
))
(/usr/local/texlive/2018/texmf-dist/tex/latex/adjustbox/adjustbox.sty
Package: adjustbox 2018/04/08 v1.1 Adjusting TeX boxes (trim, clip, ...)

(/usr/local/texlive/2018/texmf-dist/tex/latex/xkeyval/xkeyval.sty
Package: xkeyval 2014/12/03 v2.7a package option processing (HA)

(/usr/local/texlive/2018/texmf-dist/tex/generic/xkeyval/xkeyval.tex
(/usr/local/texlive/2018/texmf-dist/tex/generic/xkeyval/xkvutils.tex
\XKV@toks=\toks21
\XKV@tempa@toks=\toks22
)
\XKV@depth=\count135
File: xkeyval.tex 2014/12/03 v2.7a key=value parser (HA)
))
(/usr/local/texlive/2018/texmf-dist/tex/latex/adjustbox/adjcalc.sty
Package: adjcalc 2012/05/16 v1.1 Provides advanced setlength with multiple back
-ends (calc, etex, pgfmath)
)
(/usr/local/texlive/2018/texmf-dist/tex/latex/adjustbox/trimclip.sty
Package: trimclip 2018/04/08 v1.1 Trim and clip general TeX material

(/usr/local/texlive/2018/texmf-dist/tex/latex/collectbox/collectbox.sty
Package: collectbox 2012/05/17 v0.4b Collect macro arguments as boxes
\collectedbox=\box30
)
\tc@llx=\dimen159
\tc@lly=\dimen160
\tc@urx=\dimen161
\tc@ury=\dimen162
Package trimclip Info: Using driver 'tc-pdftex.def'.

(/usr/local/texlive/2018/texmf-dist/tex/latex/adjustbox/tc-pdftex.def
File: tc-pdftex.def 2018/04/08 v2.1 Clipping driver for pdftex
))
\adjbox@Width=\dimen163
\adjbox@Height=\dimen164
\adjbox@Depth=\dimen165
\adjbox@Totalheight=\dimen166
\adjbox@pwidth=\dimen167
\adjbox@pheight=\dimen168
\adjbox@pdepth=\dimen169
\adjbox@ptotalheight=\dimen170

(/usr/local/texlive/2018/texmf-dist/tex/latex/ifoddpage/ifoddpage.sty
Package: ifoddpage 2016/04/23 v1.1 Conditionals for odd/even page detection
\c@checkoddpage=\count136
)
(/usr/local/texlive/2018/texmf-dist/tex/latex/varwidth/varwidth.sty
Package: varwidth 2009/03/30 ver 0.92;  Variable-width minipages
\@vwid@box=\box31
\sift@deathcycles=\count137
\@vwid@loff=\dimen171
\@vwid@roff=\dimen172
))
(/usr/local/texlive/2018/texmf-dist/tex/latex/tools/bm.sty
Package: bm 2017/01/16 v1.2c Bold Symbol Support (DPC/FMi)
\symboldoperators=\mathgroup6
\symboldletters=\mathgroup7
\symboldsymbols=\mathgroup8
LaTeX Font Info:    Redeclaring math alphabet \mathbf on input line 141.
LaTeX Info: Redefining \bm on input line 207.
)
(/usr/local/texlive/2018/texmf-dist/tex/latex/jknapltx/mathrsfs.sty
Package: mathrsfs 1996/01/01 Math RSFS package v1.0 (jk)
\symrsfs=\mathgroup9
)
(/usr/local/texlive/2018/texmf-dist/tex/latex/amscls/amsthm.sty
Package: amsthm 2017/10/31 v2.20.4
\thm@style=\toks23
\thm@bodyfont=\toks24
\thm@headfont=\toks25
\thm@notefont=\toks26
\thm@headpunct=\toks27
\thm@preskip=\skip53
\thm@postskip=\skip54
\thm@headsep=\skip55
\dth@everypar=\toks28
)
(/usr/local/texlive/2018/texmf-dist/tex/latex/cases/cases.sty
Package: cases 2002/05/02 ver 2.5 
)
(/usr/local/texlive/2018/texmf-dist/tex/latex/float/float.sty
Package: float 2001/11/08 v1.3d Float enhancements (AL)
\c@float@type=\count138
\float@exts=\toks29
\float@box=\box32
\@float@everytoks=\toks30
\@floatcapt=\box33
)
(/usr/local/texlive/2018/texmf-dist/tex/latex/bbm-macros/bbm.sty
Package: bbm 1999/03/15 V 1.2 provides fonts for set symbols - TH
LaTeX Font Info:    Overwriting math alphabet `\mathbbm' in version `bold'
(Font)                  U/bbm/m/n --> U/bbm/bx/n on input line 33.
LaTeX Font Info:    Overwriting math alphabet `\mathbbmss' in version `bold'
(Font)                  U/bbmss/m/n --> U/bbmss/bx/n on input line 35.
)
(/usr/local/texlive/2018/texmf-dist/tex/latex/enumitem/enumitem.sty
Package: enumitem 2011/09/28 v3.5.2 Customized lists
\labelindent=\skip56
\enit@outerparindent=\dimen173
\enit@toks=\toks31
\enit@inbox=\box34
\enitdp@description=\count139
)
(/usr/local/texlive/2018/texmf-dist/tex/latex/caption/caption.sty
Package: caption 2016/02/21 v3.3-144 Customizing captions (AR)

(/usr/local/texlive/2018/texmf-dist/tex/latex/caption/caption3.sty
Package: caption3 2016/05/22 v1.7-166 caption3 kernel (AR)
Package caption3 Info: TeX engine: e-TeX on input line 67.
\captionmargin=\dimen174
\captionmargin@=\dimen175
\captionwidth=\dimen176
\caption@tempdima=\dimen177
\caption@indent=\dimen178
\caption@parindent=\dimen179
\caption@hangindent=\dimen180
Package caption Info: Unknown document class (or package),
(caption)             standard defaults will be used.
)

Package caption Warning: Unsupported document class (or package) detected,
(caption)                usage of the caption package is not recommended.
See the caption package documentation for explanation.

Package caption Info: \@makecaption = \long macro:#1#2->\ifx \@captype \@IEEEta
blestring \footnotesize \bgroup \par \centering \@IEEEtabletopskipstrut {\norma
lfont \footnotesize #1}\\{\normalfont \footnotesize \scshape #2}\par \addvspace
 {0.5\baselineskip }\egroup \@IEEEtablecaptionsepspace \else \@IEEEfigurecaptio
nsepspace \setbox \@tempboxa \hbox {\normalfont \footnotesize {#1.}\nobreakspac
e \nobreakspace #2}\ifdim \wd \@tempboxa >\hsize \setbox \@tempboxa \hbox {\nor
malfont \footnotesize {#1.}\nobreakspace \nobreakspace }\parbox [t]{\hsize }{\n
ormalfont \footnotesize \noindent \unhbox \@tempboxa #2}\else \ifCLASSOPTIONcon
ference \hbox to\hsize {\normalfont \footnotesize \hfil \box \@tempboxa \hfil }
\else \hbox to\hsize {\normalfont \footnotesize \box \@tempboxa \hfil }\fi \fi 
\fi .
\c@ContinuedFloat=\count140
Package caption Info: float package is loaded.
) (/usr/local/texlive/2018/texmf-dist/tex/latex/caption/subcaption.sty
Package: subcaption 2016/05/22 v1.1-161 Sub-captions (AR)
\c@subfigure=\count141
\c@subtable=\count142
)
(/usr/local/texlive/2018/texmf-dist/tex/latex/algorithms/algorithmic.sty
Package: algorithmic 2009/08/24 v0.1 Document Style `algorithmic'

(/usr/local/texlive/2018/texmf-dist/tex/latex/base/ifthen.sty
Package: ifthen 2014/09/29 v1.1c Standard LaTeX ifthen package (DPC)
)
\c@ALC@unique=\count143
\c@ALC@line=\count144
\c@ALC@rem=\count145
\c@ALC@depth=\count146
\ALC@tlm=\skip57
\algorithmicindent=\skip58
)
(/usr/local/texlive/2018/texmf-dist/tex/latex/algorithm2e/algorithm2e.sty
Package: algorithm2e 2017/07/18 v5.2 algorithms environments
\c@AlgoLine=\count147
\algocf@hangindent=\skip59

(/usr/local/texlive/2018/texmf-dist/tex/latex/relsize/relsize.sty
Package: relsize 2013/03/29 ver 4.1
)
\skiptotal=\skip60
\skiplinenumber=\skip61
\skiprule=\skip62
\skiphlne=\skip63
\skiptext=\skip64
\skiplength=\skip65
\algomargin=\skip66
\skipalgocfslide=\skip67
\algowidth=\dimen181
\inoutsize=\dimen182
\inoutindent=\dimen183
\interspacetitleruled=\dimen184
\interspacealgoruled=\dimen185
\interspacetitleboxruled=\dimen186
\algocf@ruledwidth=\skip68
\algocf@inoutbox=\box35
\algocf@inputbox=\box36
\AlCapSkip=\skip69
\AlCapHSkip=\skip70
\algoskipindent=\skip71
\algocf@nlbox=\box37
\algocf@hangingbox=\box38
\algocf@untilbox=\box39
\algocf@skipuntil=\skip72
\algocf@capbox=\box40
\algocf@lcaptionbox=\skip73
\algoheightruledefault=\skip74
\algoheightrule=\skip75
\algotitleheightruledefault=\skip76
\algotitleheightrule=\skip77
\c@algocfline=\count148
\c@algocfproc=\count149
\c@algocf=\count150
\algocf@algoframe=\box41
\algocf@algobox=\box42
)
(/usr/local/texlive/2018/texmf-dist/tex/latex/psnfss/times.sty
Package: times 2005/04/12 PSNFSS-v9.2a (SPQR) 
)
(./shortcuts_OPT.sty
\c@Fact=\count151
\c@Lemma=\count152
\c@Prop=\count153
\c@Theorem=\count154
\c@Def=\count155
\c@Corollary=\count156
\c@Conjecture=\count157
\c@Property=\count158
\c@Observation=\count159
\c@Exa=\count160
\c@assumption=\count161
\c@Remark=\count162

(/usr/local/texlive/2018/texmf-dist/tex/latex/xargs/xargs.sty
Package: xargs 2008/03/22 v1.1  extended macro definitions  (mpg)
\xargs@max=\count163
\xargs@toksa=\toks32
\xargs@toksb=\toks33
)
(/usr/local/texlive/2018/texmf-dist/tex/latex/stmaryrd/stmaryrd.sty
Package: stmaryrd 1994/03/03 St Mary's Road symbol package
\symstmry=\mathgroup10
LaTeX Font Info:    Overwriting symbol font `stmry' in version `bold'
(Font)                  U/stmry/m/n --> U/stmry/b/n on input line 89.
))
(./main_icdm.aux

LaTeX Warning: Label `app:thmmainconvex' multiply defined.

)
\openout1 = `main_icdm.aux'.

LaTeX Font Info:    Checking defaults for OML/cmm/m/it on input line 109.
LaTeX Font Info:    ... okay on input line 109.
LaTeX Font Info:    Checking defaults for T1/cmr/m/n on input line 109.
LaTeX Font Info:    ... okay on input line 109.
LaTeX Font Info:    Checking defaults for OT1/cmr/m/n on input line 109.
LaTeX Font Info:    ... okay on input line 109.
LaTeX Font Info:    Checking defaults for OMS/cmsy/m/n on input line 109.
LaTeX Font Info:    ... okay on input line 109.
LaTeX Font Info:    Checking defaults for OMX/cmex/m/n on input line 109.
LaTeX Font Info:    ... okay on input line 109.
LaTeX Font Info:    Checking defaults for U/cmr/m/n on input line 109.
LaTeX Font Info:    ... okay on input line 109.

-- Lines per column: 56 (exact).
(/usr/local/texlive/2018/texmf-dist/tex/context/base/mkii/supp-pdf.mkii
[Loading MPS to PDF converter (version 2006.09.02).]
\scratchcounter=\count164
\scratchdimen=\dimen187
\scratchbox=\box43
\nofMPsegments=\count165
\nofMParguments=\count166
\everyMPshowfont=\toks34
\MPscratchCnt=\count167
\MPscratchDim=\dimen188
\MPnumerator=\count168
\makeMPintoPDFobject=\count169
\everyMPtoPDFconversion=\toks35
) (/usr/local/texlive/2018/texmf-dist/tex/latex/oberdiek/epstopdf-base.sty
Package: epstopdf-base 2016/05/15 v2.6 Base part for package epstopdf

(/usr/local/texlive/2018/texmf-dist/tex/generic/oberdiek/infwarerr.sty
Package: infwarerr 2016/05/16 v1.4 Providing info/warning/error messages (HO)
)
(/usr/local/texlive/2018/texmf-dist/tex/latex/oberdiek/grfext.sty
Package: grfext 2016/05/16 v1.2 Manage graphics extensions (HO)

(/usr/local/texlive/2018/texmf-dist/tex/generic/oberdiek/kvdefinekeys.sty
Package: kvdefinekeys 2016/05/16 v1.4 Define keys (HO)

(/usr/local/texlive/2018/texmf-dist/tex/generic/oberdiek/ltxcmds.sty
Package: ltxcmds 2016/05/16 v1.23 LaTeX kernel commands for general use (HO)
)))
(/usr/local/texlive/2018/texmf-dist/tex/latex/oberdiek/kvoptions.sty
Package: kvoptions 2016/05/16 v3.12 Key value format for package options (HO)

(/usr/local/texlive/2018/texmf-dist/tex/generic/oberdiek/kvsetkeys.sty
Package: kvsetkeys 2016/05/16 v1.17 Key value parser (HO)

(/usr/local/texlive/2018/texmf-dist/tex/generic/oberdiek/etexcmds.sty
Package: etexcmds 2016/05/16 v1.6 Avoid name clashes with e-TeX commands (HO)

(/usr/local/texlive/2018/texmf-dist/tex/generic/oberdiek/ifluatex.sty
Package: ifluatex 2016/05/16 v1.4 Provides the ifluatex switch (HO)
Package ifluatex Info: LuaTeX not detected.
)
Package etexcmds Info: Could not find \expanded.
(etexcmds)             That can mean that you are not using pdfTeX 1.50 or
(etexcmds)             that some package has redefined \expanded.
(etexcmds)             In the latter case, load this package earlier.
)))
(/usr/local/texlive/2018/texmf-dist/tex/generic/oberdiek/pdftexcmds.sty
Package: pdftexcmds 2018/01/30 v0.27 Utility functions of pdfTeX for LuaTeX (HO
)

(/usr/local/texlive/2018/texmf-dist/tex/generic/oberdiek/ifpdf.sty
Package: ifpdf 2017/03/15 v3.2 Provides the ifpdf switch
)
Package pdftexcmds Info: LuaTeX not detected.
Package pdftexcmds Info: \pdf@primitive is available.
Package pdftexcmds Info: \pdf@ifprimitive is available.
Package pdftexcmds Info: \pdfdraftmode found.
)
Package epstopdf-base Info: Redefining graphics rule for `.eps' on input line 4
38.
Package grfext Info: Graphics extension search list:
(grfext)             [.pdf,.png,.jpg,.mps,.jpeg,.jbig2,.jb2,.PDF,.PNG,.JPG,.JPE
G,.JBIG2,.JB2,.eps]
(grfext)             \AppendGraphicsExtensions on input line 456.

(/usr/local/texlive/2018/texmf-dist/tex/latex/latexconfig/epstopdf-sys.cfg
File: epstopdf-sys.cfg 2010/07/13 v1.3 Configuration of (r)epstopdf for TeX Liv
e
))
Package caption Info: Begin \AtBeginDocument code.
Package caption Info: End \AtBeginDocument code.


LaTeX Warning: No \author given.


LaTeX Warning: No \author given.


LaTeX Warning: No \author given.

LaTeX Font Info:    Try loading font information for U+msa on input line 185.
(/usr/local/texlive/2018/texmf-dist/tex/latex/amsfonts/umsa.fd
File: umsa.fd 2013/01/14 v3.01 AMS symbols A
)
LaTeX Font Info:    Try loading font information for U+msb on input line 185.

(/usr/local/texlive/2018/texmf-dist/tex/latex/amsfonts/umsb.fd
File: umsb.fd 2013/01/14 v3.01 AMS symbols B
)
LaTeX Font Info:    Try loading font information for U+rsfs on input line 185.

(/usr/local/texlive/2018/texmf-dist/tex/latex/jknapltx/ursfs.fd
File: ursfs.fd 1998/03/24 rsfs font definition file (jk)
)
LaTeX Font Info:    Try loading font information for U+stmry on input line 185.


(/usr/local/texlive/2018/texmf-dist/tex/latex/stmaryrd/Ustmry.fd)
LaTeX Font Info:    Try loading font information for OT1+phv on input line 192.


(/usr/local/texlive/2018/texmf-dist/tex/latex/psnfss/ot1phv.fd
File: ot1phv.fd 2001/06/04 scalable font definitions for OT1/phv.
) [1{/usr/local/texlive/2018/texmf-var/fonts/map/pdftex/updmap/pdftex.map}


]
Overfull \hbox (10.0pt too wide) detected at line 259
[][] 
 []

LaTeX Font Info:    Try loading font information for OT1+pcr on input line 265.

(/usr/local/texlive/2018/texmf-dist/tex/latex/psnfss/ot1pcr.fd
File: ot1pcr.fd 2001/06/04 font definitions for OT1/pcr.
)
Overfull \hbox (10.0pt too wide) detected at line 293
[][] 
 []


LaTeX Warning: `h' float specifier changed to `ht'.

[2]

pdfTeX warning: /Library/TeX/texbin/pdflatex (file ./plots/plot.pdf): PDF inclu
sion: found PDF version <1.7>, but at most version <1.5> allowed
<plots/plot.pdf, id=35, 780.51598pt x 325.215pt>
File: plots/plot.pdf Graphic file (type pdf)
<use plots/plot.pdf>
Package pdftex.def Info: plots/plot.pdf  used on input line 307.
(pdftex.def)             Requested size: 231.26378pt x 96.35939pt.
[3 <./plots/plot.pdf>]

pdfTeX warning: /Library/TeX/texbin/pdflatex (file ./plots/plot_prediction.pdf)
: PDF inclusion: found PDF version <1.7>, but at most version <1.5> allowed
<plots/plot_prediction.pdf, id=57, 722.7pt x 397.485pt>
File: plots/plot_prediction.pdf Graphic file (type pdf)
<use plots/plot_prediction.pdf>
Package pdftex.def Info: plots/plot_prediction.pdf  used on input line 422.
(pdftex.def)             Requested size: 202.35622pt x 111.29503pt.
LaTeX Font Info:    Calculating math sizes for size <9.5> on input line 444.
[4 <./plots/plot_prediction.pdf>]
Underfull \hbox (badness 4913) in paragraph at lines 489--493
[]\OT1/ptm/b/n/10 Comparison to AO-FTRL [[]]. \OT1/ptm/m/n/10 In [[]], the au-
 []


Underfull \hbox (badness 1354) in paragraph at lines 489--493
\OT1/ptm/m/n/10 thors pro-pose \OT1/ptm/m/sc/10 AO-FTRL\OT1/ptm/m/n/10 , which 
up-date reads $\OML/cmm/m/it/10 w[] \OT1/cmr/m/n/10 =
 []

LaTeX Font Info:    Font shape `OT1/ptm/bx/sc' in size <10> not available
(Font)              Font shape `OT1/ptm/b/sc' tried instead on input line 494.

Overfull \hbox (10.0pt too wide) detected at line 513
[][] 
 []


Overfull \hbox (10.0pt too wide) detected at line 552
[][] 
 []


Underfull \hbox (badness 1565) in paragraph at lines 555--562
\OT1/ptm/m/n/10 ing Al-go-rithm 4[] with a se-quence of $\OML/cmm/m/it/10 r$ \O
T1/ptm/m/n/10 past gra-di-ents,
 []

[5]
Package epstopdf Info: Source file: <simulation/fig/fig1_left.eps>
(epstopdf)                    date: 2021-02-18 11:13:28
(epstopdf)                    size: 26296 bytes
(epstopdf)             Output file: <simulation/fig/fig1_left-eps-converted-to.
pdf>
(epstopdf)                    date: 2021-02-18 11:13:28
(epstopdf)                    size: 8350 bytes
(epstopdf)             Command: <repstopdf --outfile=simulation/fig/fig1_left-e
ps-converted-to.pdf simulation/fig/fig1_left.eps>
(epstopdf)             \includegraphics on input line 593.
Package epstopdf Info: Output file is already uptodate.
<simulation/fig/fig1_left-eps-converted-to.pdf, id=82, 421.575pt x 316.18124pt>

File: simulation/fig/fig1_left-eps-converted-to.pdf Graphic file (type pdf)
<use simulation/fig/fig1_left-eps-converted-to.pdf>
Package pdftex.def Info: simulation/fig/fig1_left-eps-converted-to.pdf  used on
 input line 593.
(pdftex.def)             Requested size: 129.0pt x 96.75114pt.
Package epstopdf Info: Source file: <simulation/fig/fig1_right.eps>
(epstopdf)                    date: 2021-02-18 11:13:28
(epstopdf)                    size: 21667 bytes
(epstopdf)             Output file: <simulation/fig/fig1_right-eps-converted-to
.pdf>
(epstopdf)                    date: 2021-02-18 11:13:28
(epstopdf)                    size: 7549 bytes
(epstopdf)             Command: <repstopdf --outfile=simulation/fig/fig1_right-
eps-converted-to.pdf simulation/fig/fig1_right.eps>
(epstopdf)             \includegraphics on input line 593.
Package epstopdf Info: Output file is already uptodate.
<simulation/fig/fig1_right-eps-converted-to.pdf, id=83, 421.575pt x 316.18124pt
>
File: simulation/fig/fig1_right-eps-converted-to.pdf Graphic file (type pdf)
<use simulation/fig/fig1_right-eps-converted-to.pdf>
Package pdftex.def Info: simulation/fig/fig1_right-eps-converted-to.pdf  used o
n input line 593.
(pdftex.def)             Requested size: 129.0pt x 96.75114pt.
Package epstopdf Info: Source file: <simulation/fig/fig2_left.eps>
(epstopdf)                    date: 2021-02-18 11:13:28
(epstopdf)                    size: 31784 bytes
(epstopdf)             Output file: <simulation/fig/fig2_left-eps-converted-to.
pdf>
(epstopdf)                    date: 2021-02-18 11:13:28
(epstopdf)                    size: 9208 bytes
(epstopdf)             Command: <repstopdf --outfile=simulation/fig/fig2_left-e
ps-converted-to.pdf simulation/fig/fig2_left.eps>
(epstopdf)             \includegraphics on input line 597.
Package epstopdf Info: Output file is already uptodate.
<simulation/fig/fig2_left-eps-converted-to.pdf, id=84, 421.575pt x 316.18124pt>

File: simulation/fig/fig2_left-eps-converted-to.pdf Graphic file (type pdf)
<use simulation/fig/fig2_left-eps-converted-to.pdf>
Package pdftex.def Info: simulation/fig/fig2_left-eps-converted-to.pdf  used on
 input line 597.
(pdftex.def)             Requested size: 129.0pt x 96.75114pt.
Package epstopdf Info: Source file: <simulation/fig/fig2_right.eps>
(epstopdf)                    date: 2021-02-18 11:13:28
(epstopdf)                    size: 24890 bytes
(epstopdf)             Output file: <simulation/fig/fig2_right-eps-converted-to
.pdf>
(epstopdf)                    date: 2021-02-18 11:13:28
(epstopdf)                    size: 7612 bytes
(epstopdf)             Command: <repstopdf --outfile=simulation/fig/fig2_right-
eps-converted-to.pdf simulation/fig/fig2_right.eps>
(epstopdf)             \includegraphics on input line 597.
Package epstopdf Info: Output file is already uptodate.
<simulation/fig/fig2_right-eps-converted-to.pdf, id=85, 421.575pt x 316.18124pt
>
File: simulation/fig/fig2_right-eps-converted-to.pdf Graphic file (type pdf)
<use simulation/fig/fig2_right-eps-converted-to.pdf>
Package pdftex.def Info: simulation/fig/fig2_right-eps-converted-to.pdf  used o
n input line 597.
(pdftex.def)             Requested size: 129.0pt x 96.75114pt.

Overfull \hbox (13.00012pt too wide) in paragraph at lines 593--598
 [] 
 []


Overfull \hbox (13.00012pt too wide) in paragraph at lines 593--598
 [] 
 []

[6 <./simulation/fig/fig1_left-eps-converted-to.pdf> <./simulation/fig/fig1_rig
ht-eps-converted-to.pdf> <./simulation/fig/fig2_left-eps-converted-to.pdf> <./s
imulation/fig/fig2_right-eps-converted-to.pdf>]
Package epstopdf Info: Source file: <simulation/fig2/M_rand_train_loss_no1.eps>

(epstopdf)                    date: 2021-02-18 11:13:28
(epstopdf)                    size: 70491 bytes
(epstopdf)             Output file: <simulation/fig2/M_rand_train_loss_no1-eps-
converted-to.pdf>
(epstopdf)                    date: 2021-02-18 12:28:33
(epstopdf)                    size: 30894 bytes
(epstopdf)             Command: <repstopdf --outfile=simulation/fig2/M_rand_tra
in_loss_no1-eps-converted-to.pdf simulation/fig2/M_rand_train_loss_no1.eps>
(epstopdf)             \includegraphics on input line 640.
Package epstopdf Info: Output file is already uptodate.
<simulation/fig2/M_rand_train_loss_no1-eps-converted-to.pdf, id=109, 421.575pt 
x 316.18124pt>
File: simulation/fig2/M_rand_train_loss_no1-eps-converted-to.pdf Graphic file (
type pdf)
<use simulation/fig2/M_rand_train_loss_no1-eps-converted-to.pdf>
Package pdftex.def Info: simulation/fig2/M_rand_train_loss_no1-eps-converted-to
.pdf  used on input line 640.
(pdftex.def)             Requested size: 126.47249pt x 94.8551pt.
Package epstopdf Info: Source file: <simulation/fig2/M_image_train_loss_no1.eps
>
(epstopdf)                    date: 2021-02-18 11:13:28
(epstopdf)                    size: 70468 bytes
(epstopdf)             Output file: <simulation/fig2/M_image_train_loss_no1-eps
-converted-to.pdf>
(epstopdf)                    date: 2021-02-18 12:28:34
(epstopdf)                    size: 30990 bytes
(epstopdf)             Command: <repstopdf --outfile=simulation/fig2/M_image_tr
ain_loss_no1-eps-converted-to.pdf simulation/fig2/M_image_train_loss_no1.eps>
(epstopdf)             \includegraphics on input line 640.
Package epstopdf Info: Output file is already uptodate.
<simulation/fig2/M_image_train_loss_no1-eps-converted-to.pdf, id=110, 421.575pt
 x 316.18124pt>
File: simulation/fig2/M_image_train_loss_no1-eps-converted-to.pdf Graphic file 
(type pdf)
<use simulation/fig2/M_image_train_loss_no1-eps-converted-to.pdf>
Package pdftex.def Info: simulation/fig2/M_image_train_loss_no1-eps-converted-t
o.pdf  used on input line 640.
(pdftex.def)             Requested size: 126.47249pt x 94.8551pt.
Package epstopdf Info: Source file: <simulation/fig2/cifar_cnn_train_loss_no1.e
ps>
(epstopdf)                    date: 2021-02-18 11:13:28
(epstopdf)                    size: 50198 bytes
(epstopdf)             Output file: <simulation/fig2/cifar_cnn_train_loss_no1-e
ps-converted-to.pdf>
(epstopdf)                    date: 2021-02-18 12:28:34
(epstopdf)                    size: 22808 bytes
(epstopdf)             Command: <repstopdf --outfile=simulation/fig2/cifar_cnn_
train_loss_no1-eps-converted-to.pdf simulation/fig2/cifar_cnn_train_loss_no1.ep
s>
(epstopdf)             \includegraphics on input line 645.
Package epstopdf Info: Output file is already uptodate.
<simulation/fig2/cifar_cnn_train_loss_no1-eps-converted-to.pdf, id=111, 421.575
pt x 316.18124pt>
File: simulation/fig2/cifar_cnn_train_loss_no1-eps-converted-to.pdf Graphic fil
e (type pdf)
<use simulation/fig2/cifar_cnn_train_loss_no1-eps-converted-to.pdf>
Package pdftex.def Info: simulation/fig2/cifar_cnn_train_loss_no1-eps-converted
-to.pdf  used on input line 645.
(pdftex.def)             Requested size: 126.47249pt x 94.8551pt.
Package epstopdf Info: Source file: <simulation/fig2/imdb_lstm_train_loss_no1.e
ps>
(epstopdf)                    date: 2021-02-18 11:13:28
(epstopdf)                    size: 48462 bytes
(epstopdf)             Output file: <simulation/fig2/imdb_lstm_train_loss_no1-e
ps-converted-to.pdf>
(epstopdf)                    date: 2021-02-18 12:28:35
(epstopdf)                    size: 21931 bytes
(epstopdf)             Command: <repstopdf --outfile=simulation/fig2/imdb_lstm_
train_loss_no1-eps-converted-to.pdf simulation/fig2/imdb_lstm_train_loss_no1.ep
s>
(epstopdf)             \includegraphics on input line 645.
Package epstopdf Info: Output file is already uptodate.
<simulation/fig2/imdb_lstm_train_loss_no1-eps-converted-to.pdf, id=112, 421.575
pt x 316.18124pt>
File: simulation/fig2/imdb_lstm_train_loss_no1-eps-converted-to.pdf Graphic fil
e (type pdf)
<use simulation/fig2/imdb_lstm_train_loss_no1-eps-converted-to.pdf>
Package pdftex.def Info: simulation/fig2/imdb_lstm_train_loss_no1-eps-converted
-to.pdf  used on input line 645.
(pdftex.def)             Requested size: 126.47249pt x 94.8551pt.
Package epstopdf Info: Source file: <simulation/fig2/cifar10_resnet_train_loss.
eps>
(epstopdf)                    date: 2021-02-18 11:13:28
(epstopdf)                    size: 47444 bytes
(epstopdf)             Output file: <simulation/fig2/cifar10_resnet_train_loss-
eps-converted-to.pdf>
(epstopdf)                    date: 2021-02-18 12:28:35
(epstopdf)                    size: 22616 bytes
(epstopdf)             Command: <repstopdf --outfile=simulation/fig2/cifar10_re
snet_train_loss-eps-converted-to.pdf simulation/fig2/cifar10_resnet_train_loss.
eps>
(epstopdf)             \includegraphics on input line 650.
Package epstopdf Info: Output file is already uptodate.
<simulation/fig2/cifar10_resnet_train_loss-eps-converted-to.pdf, id=113, 421.57
5pt x 316.18124pt>
File: simulation/fig2/cifar10_resnet_train_loss-eps-converted-to.pdf Graphic fi
le (type pdf)
<use simulation/fig2/cifar10_resnet_train_loss-eps-converted-to.pdf>
Package pdftex.def Info: simulation/fig2/cifar10_resnet_train_loss-eps-converte
d-to.pdf  used on input line 650.
(pdftex.def)             Requested size: 126.47249pt x 94.8551pt.
Package epstopdf Info: Source file: <simulation/fig2/cifar100_resnet_train_loss
.eps>
(epstopdf)                    date: 2021-02-18 11:13:28
(epstopdf)                    size: 48679 bytes
(epstopdf)             Output file: <simulation/fig2/cifar100_resnet_train_loss
-eps-converted-to.pdf>
(epstopdf)                    date: 2021-02-18 12:28:36
(epstopdf)                    size: 22605 bytes
(epstopdf)             Command: <repstopdf --outfile=simulation/fig2/cifar100_r
esnet_train_loss-eps-converted-to.pdf simulation/fig2/cifar100_resnet_train_los
s.eps>
(epstopdf)             \includegraphics on input line 650.
Package epstopdf Info: Output file is already uptodate.
<simulation/fig2/cifar100_resnet_train_loss-eps-converted-to.pdf, id=114, 421.5
75pt x 316.18124pt>
File: simulation/fig2/cifar100_resnet_train_loss-eps-converted-to.pdf Graphic f
ile (type pdf)
<use simulation/fig2/cifar100_resnet_train_loss-eps-converted-to.pdf>
Package pdftex.def Info: simulation/fig2/cifar100_resnet_train_loss-eps-convert
ed-to.pdf  used on input line 650.
(pdftex.def)             Requested size: 126.47249pt x 94.8551pt.
Package epstopdf Info: Source file: <new_figure/new_mnist_img_figure/mnist_img_
train_loss_disz_2.eps>
(epstopdf)                    date: 2021-02-18 11:13:30
(epstopdf)                    size: 45231 bytes
(epstopdf)             Output file: <new_figure/new_mnist_img_figure/mnist_img_
train_loss_disz_2-eps-converted-to.pdf>
(epstopdf)                    date: 2021-02-18 12:28:36
(epstopdf)                    size: 21656 bytes
(epstopdf)             Command: <repstopdf --outfile=new_figure/new_mnist_img_f
igure/mnist_img_train_loss_disz_2-eps-converted-to.pdf new_figure/new_mnist_img
_figure/mnist_img_train_loss_disz_2.eps>
(epstopdf)             \includegraphics on input line 665.
Package epstopdf Info: Output file is already uptodate.
<new_figure/new_mnist_img_figure/mnist_img_train_loss_disz_2-eps-converted-to.p
df, id=115, 421.575pt x 316.18124pt>
File: new_figure/new_mnist_img_figure/mnist_img_train_loss_disz_2-eps-converted
-to.pdf Graphic file (type pdf)
<use new_figure/new_mnist_img_figure/mnist_img_train_loss_disz_2-eps-converted-
to.pdf>
Package pdftex.def Info: new_figure/new_mnist_img_figure/mnist_img_train_loss_d
isz_2-eps-converted-to.pdf  used on input line 665.
(pdftex.def)             Requested size: 130.08621pt x 97.56648pt.
Package epstopdf Info: Source file: <new_figure/new_mnist_img_figure/mnist_img_
train_acc_disz_2.eps>
(epstopdf)                    date: 2021-02-18 11:13:30
(epstopdf)                    size: 45671 bytes
(epstopdf)             Output file: <new_figure/new_mnist_img_figure/mnist_img_
train_acc_disz_2-eps-converted-to.pdf>
(epstopdf)                    date: 2021-02-18 12:28:37
(epstopdf)                    size: 22129 bytes
(epstopdf)             Command: <repstopdf --outfile=new_figure/new_mnist_img_f
igure/mnist_img_train_acc_disz_2-eps-converted-to.pdf new_figure/new_mnist_img_
figure/mnist_img_train_acc_disz_2.eps>
(epstopdf)             \includegraphics on input line 665.
Package epstopdf Info: Output file is already uptodate.
<new_figure/new_mnist_img_figure/mnist_img_train_acc_disz_2-eps-converted-to.pd
f, id=116, 421.575pt x 316.18124pt>
File: new_figure/new_mnist_img_figure/mnist_img_train_acc_disz_2-eps-converted-
to.pdf Graphic file (type pdf)
<use new_figure/new_mnist_img_figure/mnist_img_train_acc_disz_2-eps-converted-t
o.pdf>
Package pdftex.def Info: new_figure/new_mnist_img_figure/mnist_img_train_acc_di
sz_2-eps-converted-to.pdf  used on input line 665.
(pdftex.def)             Requested size: 130.08621pt x 97.56648pt.
Package epstopdf Info: Source file: <new_figure/mnist_img_test_loss_disz.eps>
(epstopdf)                    date: 2021-02-18 11:13:30
(epstopdf)                    size: 69735 bytes
(epstopdf)             Output file: <new_figure/mnist_img_test_loss_disz-eps-co
nverted-to.pdf>
(epstopdf)                    date: 2021-02-18 12:28:37
(epstopdf)                    size: 68426 bytes
(epstopdf)             Command: <repstopdf --outfile=new_figure/mnist_img_test_
loss_disz-eps-converted-to.pdf new_figure/mnist_img_test_loss_disz.eps>
(epstopdf)             \includegraphics on input line 665.
Package epstopdf Info: Output file is already uptodate.
<new_figure/mnist_img_test_loss_disz-eps-converted-to.pdf, id=117, 421.575pt x 
316.18124pt>
File: new_figure/mnist_img_test_loss_disz-eps-converted-to.pdf Graphic file (ty
pe pdf)
<use new_figure/mnist_img_test_loss_disz-eps-converted-to.pdf>
Package pdftex.def Info: new_figure/mnist_img_test_loss_disz-eps-converted-to.p
df  used on input line 665.
(pdftex.def)             Requested size: 130.08621pt x 97.56648pt.
Package epstopdf Info: Source file: <new_figure/mnist_img_test_acc_disz.eps>
(epstopdf)                    date: 2021-02-18 11:13:30
(epstopdf)                    size: 48966 bytes
(epstopdf)             Output file: <new_figure/mnist_img_test_acc_disz-eps-con
verted-to.pdf>
(epstopdf)                    date: 2021-02-18 12:28:38
(epstopdf)                    size: 22498 bytes
(epstopdf)             Command: <repstopdf --outfile=new_figure/mnist_img_test_
acc_disz-eps-converted-to.pdf new_figure/mnist_img_test_acc_disz.eps>
(epstopdf)             \includegraphics on input line 665.
Package epstopdf Info: Output file is already uptodate.
<new_figure/mnist_img_test_acc_disz-eps-converted-to.pdf, id=118, 421.575pt x 3
16.18124pt>
File: new_figure/mnist_img_test_acc_disz-eps-converted-to.pdf Graphic file (typ
e pdf)
<use new_figure/mnist_img_test_acc_disz-eps-converted-to.pdf>
Package pdftex.def Info: new_figure/mnist_img_test_acc_disz-eps-converted-to.pd
f  used on input line 665.
(pdftex.def)             Requested size: 130.08621pt x 97.56648pt.
Package epstopdf Info: Source file: <new_figure/cifar10_train_loss_disz.eps>
(epstopdf)                    date: 2021-02-18 11:13:30
(epstopdf)                    size: 49413 bytes
(epstopdf)             Output file: <new_figure/cifar10_train_loss_disz-eps-con
verted-to.pdf>
(epstopdf)                    date: 2021-02-18 12:28:38
(epstopdf)                    size: 23151 bytes
(epstopdf)             Command: <repstopdf --outfile=new_figure/cifar10_train_l
oss_disz-eps-converted-to.pdf new_figure/cifar10_train_loss_disz.eps>
(epstopdf)             \includegraphics on input line 672.
Package epstopdf Info: Output file is already uptodate.
<new_figure/cifar10_train_loss_disz-eps-converted-to.pdf, id=119, 421.575pt x 3
16.18124pt>
File: new_figure/cifar10_train_loss_disz-eps-converted-to.pdf Graphic file (typ
e pdf)
<use new_figure/cifar10_train_loss_disz-eps-converted-to.pdf>
Package pdftex.def Info: new_figure/cifar10_train_loss_disz-eps-converted-to.pd
f  used on input line 672.
(pdftex.def)             Requested size: 130.08621pt x 97.56648pt.
Package epstopdf Info: Source file: <new_figure/cifar10_train_acc_disz.eps>
(epstopdf)                    date: 2021-02-18 11:13:30
(epstopdf)                    size: 49353 bytes
(epstopdf)             Output file: <new_figure/cifar10_train_acc_disz-eps-conv
erted-to.pdf>
(epstopdf)                    date: 2021-02-18 12:28:39
(epstopdf)                    size: 23599 bytes
(epstopdf)             Command: <repstopdf --outfile=new_figure/cifar10_train_a
cc_disz-eps-converted-to.pdf new_figure/cifar10_train_acc_disz.eps>
(epstopdf)             \includegraphics on input line 672.
Package epstopdf Info: Output file is already uptodate.
<new_figure/cifar10_train_acc_disz-eps-converted-to.pdf, id=120, 421.575pt x 31
6.18124pt>
File: new_figure/cifar10_train_acc_disz-eps-converted-to.pdf Graphic file (type
 pdf)
<use new_figure/cifar10_train_acc_disz-eps-converted-to.pdf>
Package pdftex.def Info: new_figure/cifar10_train_acc_disz-eps-converted-to.pdf
  used on input line 672.
(pdftex.def)             Requested size: 130.08621pt x 97.56648pt.
Package epstopdf Info: Source file: <new_figure/cifar10_test_loss_disz.eps>
(epstopdf)                    date: 2021-02-18 11:13:30
(epstopdf)                    size: 94009 bytes
(epstopdf)             Output file: <new_figure/cifar10_test_loss_disz-eps-conv
erted-to.pdf>
(epstopdf)                    date: 2021-02-18 12:28:39
(epstopdf)                    size: 92661 bytes
(epstopdf)             Command: <repstopdf --outfile=new_figure/cifar10_test_lo
ss_disz-eps-converted-to.pdf new_figure/cifar10_test_loss_disz.eps>
(epstopdf)             \includegraphics on input line 672.
Package epstopdf Info: Output file is already uptodate.
<new_figure/cifar10_test_loss_disz-eps-converted-to.pdf, id=121, 421.575pt x 31
6.18124pt>
File: new_figure/cifar10_test_loss_disz-eps-converted-to.pdf Graphic file (type
 pdf)
<use new_figure/cifar10_test_loss_disz-eps-converted-to.pdf>
Package pdftex.def Info: new_figure/cifar10_test_loss_disz-eps-converted-to.pdf
  used on input line 672.
(pdftex.def)             Requested size: 130.08621pt x 97.56648pt.
Package epstopdf Info: Source file: <new_figure/cifar10_test_acc_disz.eps>
(epstopdf)                    date: 2021-02-18 11:13:30
(epstopdf)                    size: 49397 bytes
(epstopdf)             Output file: <new_figure/cifar10_test_acc_disz-eps-conve
rted-to.pdf>
(epstopdf)                    date: 2021-02-18 12:28:40
(epstopdf)                    size: 23935 bytes
(epstopdf)             Command: <repstopdf --outfile=new_figure/cifar10_test_ac
c_disz-eps-converted-to.pdf new_figure/cifar10_test_acc_disz.eps>
(epstopdf)             \includegraphics on input line 672.
Package epstopdf Info: Output file is already uptodate.
<new_figure/cifar10_test_acc_disz-eps-converted-to.pdf, id=122, 421.575pt x 316
.18124pt>
File: new_figure/cifar10_test_acc_disz-eps-converted-to.pdf Graphic file (type 
pdf)
<use new_figure/cifar10_test_acc_disz-eps-converted-to.pdf>
Package pdftex.def Info: new_figure/cifar10_test_acc_disz-eps-converted-to.pdf 
 used on input line 672.
(pdftex.def)             Requested size: 130.08621pt x 97.56648pt.
Package epstopdf Info: Source file: <new_figure/cifar100_train_loss_disz.eps>
(epstopdf)                    date: 2021-02-18 11:13:30
(epstopdf)                    size: 49635 bytes
(epstopdf)             Output file: <new_figure/cifar100_train_loss_disz-eps-co
nverted-to.pdf>
(epstopdf)                    date: 2021-02-18 12:28:40
(epstopdf)                    size: 23121 bytes
(epstopdf)             Command: <repstopdf --outfile=new_figure/cifar100_train_
loss_disz-eps-converted-to.pdf new_figure/cifar100_train_loss_disz.eps>
(epstopdf)             \includegraphics on input line 679.
Package epstopdf Info: Output file is already uptodate.
<new_figure/cifar100_train_loss_disz-eps-converted-to.pdf, id=123, 421.575pt x 
316.18124pt>
File: new_figure/cifar100_train_loss_disz-eps-converted-to.pdf Graphic file (ty
pe pdf)
<use new_figure/cifar100_train_loss_disz-eps-converted-to.pdf>
Package pdftex.def Info: new_figure/cifar100_train_loss_disz-eps-converted-to.p
df  used on input line 679.
(pdftex.def)             Requested size: 130.08621pt x 97.56648pt.
Package epstopdf Info: Source file: <new_figure/cifar100_train_acc_disz.eps>
(epstopdf)                    date: 2021-02-18 11:13:28
(epstopdf)                    size: 50190 bytes
(epstopdf)             Output file: <new_figure/cifar100_train_acc_disz-eps-con
verted-to.pdf>
(epstopdf)                    date: 2021-02-18 12:28:41
(epstopdf)                    size: 23485 bytes
(epstopdf)             Command: <repstopdf --outfile=new_figure/cifar100_train_
acc_disz-eps-converted-to.pdf new_figure/cifar100_train_acc_disz.eps>
(epstopdf)             \includegraphics on input line 679.
Package epstopdf Info: Output file is already uptodate.
<new_figure/cifar100_train_acc_disz-eps-converted-to.pdf, id=124, 421.575pt x 3
16.18124pt>
File: new_figure/cifar100_train_acc_disz-eps-converted-to.pdf Graphic file (typ
e pdf)
<use new_figure/cifar100_train_acc_disz-eps-converted-to.pdf>
Package pdftex.def Info: new_figure/cifar100_train_acc_disz-eps-converted-to.pd
f  used on input line 679.
(pdftex.def)             Requested size: 130.08621pt x 97.56648pt.
Package epstopdf Info: Source file: <new_figure/cifar100_test_loss_disz.eps>
(epstopdf)                    date: 2021-02-18 11:13:28
(epstopdf)                    size: 48935 bytes
(epstopdf)             Output file: <new_figure/cifar100_test_loss_disz-eps-con
verted-to.pdf>
(epstopdf)                    date: 2021-02-18 12:28:41
(epstopdf)                    size: 22862 bytes
(epstopdf)             Command: <repstopdf --outfile=new_figure/cifar100_test_l
oss_disz-eps-converted-to.pdf new_figure/cifar100_test_loss_disz.eps>
(epstopdf)             \includegraphics on input line 679.
Package epstopdf Info: Output file is already uptodate.
<new_figure/cifar100_test_loss_disz-eps-converted-to.pdf, id=125, 421.575pt x 3
16.18124pt>
File: new_figure/cifar100_test_loss_disz-eps-converted-to.pdf Graphic file (typ
e pdf)
<use new_figure/cifar100_test_loss_disz-eps-converted-to.pdf>
Package pdftex.def Info: new_figure/cifar100_test_loss_disz-eps-converted-to.pd
f  used on input line 679.
(pdftex.def)             Requested size: 130.08621pt x 97.56648pt.
Package epstopdf Info: Source file: <new_figure/cifar100_test_acc_disz.eps>
(epstopdf)                    date: 2021-02-18 11:13:28
(epstopdf)                    size: 49692 bytes
(epstopdf)             Output file: <new_figure/cifar100_test_acc_disz-eps-conv
erted-to.pdf>
(epstopdf)                    date: 2021-02-18 12:28:42
(epstopdf)                    size: 23517 bytes
(epstopdf)             Command: <repstopdf --outfile=new_figure/cifar100_test_a
cc_disz-eps-converted-to.pdf new_figure/cifar100_test_acc_disz.eps>
(epstopdf)             \includegraphics on input line 679.
Package epstopdf Info: Output file is already uptodate.
<new_figure/cifar100_test_acc_disz-eps-converted-to.pdf, id=126, 421.575pt x 31
6.18124pt>
File: new_figure/cifar100_test_acc_disz-eps-converted-to.pdf Graphic file (type
 pdf)
<use new_figure/cifar100_test_acc_disz-eps-converted-to.pdf>
Package pdftex.def Info: new_figure/cifar100_test_acc_disz-eps-converted-to.pdf
  used on input line 679.
(pdftex.def)             Requested size: 130.08621pt x 97.56648pt.
Package epstopdf Info: Source file: <new_figure/new_mnist_img_figure/mnist_img_
train_loss_r3510_2.eps>
(epstopdf)                    date: 2021-02-18 11:13:30
(epstopdf)                    size: 56418 bytes
(epstopdf)             Output file: <new_figure/new_mnist_img_figure/mnist_img_
train_loss_r3510_2-eps-converted-to.pdf>
(epstopdf)                    date: 2021-02-18 12:28:42
(epstopdf)                    size: 30506 bytes
(epstopdf)             Command: <repstopdf --outfile=new_figure/new_mnist_img_f
igure/mnist_img_train_loss_r3510_2-eps-converted-to.pdf new_figure/new_mnist_im
g_figure/mnist_img_train_loss_r3510_2.eps>
(epstopdf)             \includegraphics on input line 722.
Package epstopdf Info: Output file is already uptodate.
<new_figure/new_mnist_img_figure/mnist_img_train_loss_r3510_2-eps-converted-to.
pdf, id=127, 421.575pt x 316.18124pt>
File: new_figure/new_mnist_img_figure/mnist_img_train_loss_r3510_2-eps-converte
d-to.pdf Graphic file (type pdf)
<use new_figure/new_mnist_img_figure/mnist_img_train_loss_r3510_2-eps-converted
-to.pdf>
Package pdftex.def Info: new_figure/new_mnist_img_figure/mnist_img_train_loss_r
3510_2-eps-converted-to.pdf  used on input line 722.
(pdftex.def)             Requested size: 122.85876pt x 92.1437pt.
Package epstopdf Info: Source file: <new_figure/cifar10_train_loss_r3510.eps>
(epstopdf)                    date: 2021-02-18 11:13:30
(epstopdf)                    size: 60897 bytes
(epstopdf)             Output file: <new_figure/cifar10_train_loss_r3510-eps-co
nverted-to.pdf>
(epstopdf)                    date: 2021-02-18 12:28:43
(epstopdf)                    size: 32490 bytes
(epstopdf)             Command: <repstopdf --outfile=new_figure/cifar10_train_l
oss_r3510-eps-converted-to.pdf new_figure/cifar10_train_loss_r3510.eps>
(epstopdf)             \includegraphics on input line 722.
Package epstopdf Info: Output file is already uptodate.
<new_figure/cifar10_train_loss_r3510-eps-converted-to.pdf, id=128, 421.575pt x 
316.18124pt>
File: new_figure/cifar10_train_loss_r3510-eps-converted-to.pdf Graphic file (ty
pe pdf)
<use new_figure/cifar10_train_loss_r3510-eps-converted-to.pdf>
Package pdftex.def Info: new_figure/cifar10_train_loss_r3510-eps-converted-to.p
df  used on input line 722.
(pdftex.def)             Requested size: 122.85876pt x 92.1437pt.
 [7 <./simulation/fig2/M_rand_train_loss_no1-eps-converted-to.pdf> <./simulatio
n/fig2/M_image_train_loss_no1-eps-converted-to.pdf> <./simulation/fig2/cifar_cn
n_train_loss_no1-eps-converted-to.pdf> <./simulation/fig2/imdb_lstm_train_loss_
no1-eps-converted-to.pdf> <./simulation/fig2/cifar10_resnet_train_loss-eps-conv
erted-to.pdf> <./simulation/fig2/cifar100_resnet_train_loss-eps-converted-to.pd
f> <./new_figure/new_mnist_img_figure/mnist_img_train_loss_r3510_2-eps-converte
d-to.pdf> <./new_figure/cifar10_train_loss_r3510-eps-converted-to.pdf>] (./main
_icdm.bbl
Underfull \vbox (badness 3138) has occurred while \output is active []


Underfull \hbox (badness 5417) in paragraph at lines 39--43
[]\OT1/ptm/m/n/10 Chao-Kai Chi-ang, Tian-bao Yang, Chia-Jung Lee,
 []


Underfull \vbox (badness 1867) has occurred while \output is active []

 [8 <./new_figure/new_mnist_img_figure/mnist_img_train_loss_disz_2-eps-converte
d-to.pdf> <./new_figure/new_mnist_img_figure/mnist_img_train_acc_disz_2-eps-con
verted-to.pdf> <./new_figure/mnist_img_test_loss_disz-eps-converted-to.pdf> <./
new_figure/mnist_img_test_acc_disz-eps-converted-to.pdf> <./new_figure/cifar10_
train_loss_disz-eps-converted-to.pdf> <./new_figure/cifar10_train_acc_disz-eps-
converted-to.pdf> <./new_figure/cifar10_test_loss_disz-eps-converted-to.pdf> <.
/new_figure/cifar10_test_acc_disz-eps-converted-to.pdf> <./new_figure/cifar100_
train_loss_disz-eps-converted-to.pdf> <./new_figure/cifar100_train_acc_disz-eps
-converted-to.pdf> <./new_figure/cifar100_test_loss_disz-eps-converted-to.pdf> 
<./new_figure/cifar100_test_acc_disz-eps-converted-to.pdf>]
Underfull \hbox (badness 1838) in paragraph at lines 109--114
[]\OT1/ptm/m/n/10 Hugo Larochelle, Du-mitru Er-han, Aaron Courville,
 []


Underfull \hbox (badness 3364) in paragraph at lines 132--137
[]\OT1/ptm/m/n/10 Panayotis Mer-tikopou-los, Bruno Lecouat, Hous-sam
 []


Underfull \hbox (badness 10000) in paragraph at lines 176--179
[]\OT1/ptm/m/n/10 Damien Scieur, Edouard Oy-al-lon, Alexan-dre
 []


Underfull \hbox (badness 2626) in paragraph at lines 209--212
\OT1/ptm/m/n/10 Yi Yang.  A uni-fied anal-y-sis of stochas-tic mo-
 []

) [9]
** WARNING: Ignoring useless \section in Appendix (line 752).
** WARNING: Ignoring useless \section in Appendix (line 773).

** Conference Paper **
Before submitting the final camera ready copy, remember to:

 1. Manually equalize the lengths of two columns on the last page
 of your paper;

 2. Ensure that any PostScript and/or PDF output post-processing
 uses only Type 1 fonts and that every step in the generation
 process uses the appropriate paper size.

[10


] (./main_icdm.aux)

LaTeX Warning: There were multiply-defined labels.

 ) 
Here is how much of TeX's memory you used:
 9225 strings out of 492649
 146083 string characters out of 6129622
 338386 words of memory out of 5000000
 12851 multiletter control sequences out of 15000+600000
 64432 words of font info for 152 fonts, out of 8000000 for 9000
 1141 hyphenation exceptions out of 8191
 53i,17n,92p,696b,624s stack positions out of 5000i,500n,10000p,200000b,80000s
{/usr/local/texlive/2018/texmf-dist/fonts/enc/dvips/base/8r.enc}</usr/local/t
exlive/2018/texmf-dist/fonts/type1/public/amsfonts/cm/cmbx9.pfb></usr/local/tex
live/2018/texmf-dist/fonts/type1/public/amsfonts/cm/cmex10.pfb></usr/local/texl
ive/2018/texmf-dist/fonts/type1/public/amsfonts/cm/cmmi10.pfb></usr/local/texli
ve/2018/texmf-dist/fonts/type1/public/amsfonts/cm/cmmi5.pfb></usr/local/texlive
/2018/texmf-dist/fonts/type1/public/amsfonts/cm/cmmi6.pfb></usr/local/texlive/2
018/texmf-dist/fonts/type1/public/amsfonts/cm/cmmi7.pfb></usr/local/texlive/201
8/texmf-dist/fonts/type1/public/amsfonts/cm/cmmi8.pfb></usr/local/texlive/2018/
texmf-dist/fonts/type1/public/amsfonts/cm/cmmi9.pfb></usr/local/texlive/2018/te
xmf-dist/fonts/type1/public/amsfonts/cm/cmr10.pfb></usr/local/texlive/2018/texm
f-dist/fonts/type1/public/amsfonts/cm/cmr5.pfb></usr/local/texlive/2018/texmf-d
ist/fonts/type1/public/amsfonts/cm/cmr6.pfb></usr/local/texlive/2018/texmf-dist
/fonts/type1/public/amsfonts/cm/cmr7.pfb></usr/local/texlive/2018/texmf-dist/fo
nts/type1/public/amsfonts/cm/cmr8.pfb></usr/local/texlive/2018/texmf-dist/fonts
/type1/public/amsfonts/cm/cmr9.pfb></usr/local/texlive/2018/texmf-dist/fonts/ty
pe1/public/amsfonts/cm/cmss10.pfb></usr/local/texlive/2018/texmf-dist/fonts/typ
e1/public/amsfonts/cm/cmss8.pfb></usr/local/texlive/2018/texmf-dist/fonts/type1
/public/amsfonts/cm/cmss9.pfb></usr/local/texlive/2018/texmf-dist/fonts/type1/p
ublic/amsfonts/cm/cmsy10.pfb></usr/local/texlive/2018/texmf-dist/fonts/type1/pu
blic/amsfonts/cm/cmsy5.pfb></usr/local/texlive/2018/texmf-dist/fonts/type1/publ
ic/amsfonts/cm/cmsy6.pfb></usr/local/texlive/2018/texmf-dist/fonts/type1/public
/amsfonts/cm/cmsy7.pfb></usr/local/texlive/2018/texmf-dist/fonts/type1/public/a
msfonts/cm/cmsy8.pfb></usr/local/texlive/2018/texmf-dist/fonts/type1/public/ams
fonts/cm/cmsy9.pfb></usr/local/texlive/2018/texmf-dist/fonts/type1/public/amsfo
nts/symbols/msbm10.pfb></usr/local/texlive/2018/texmf-dist/fonts/type1/urw/cour
ier/ucrr8a.pfb></usr/local/texlive/2018/texmf-dist/fonts/type1/urw/helvetic/uhv
r8a.pfb></usr/local/texlive/2018/texmf-dist/fonts/type1/urw/times/utmb8a.pfb></
usr/local/texlive/2018/texmf-dist/fonts/type1/urw/times/utmbi8a.pfb></usr/local
/texlive/2018/texmf-dist/fonts/type1/urw/times/utmr8a.pfb></usr/local/texlive/2
018/texmf-dist/fonts/type1/urw/times/utmri8a.pfb>
Output written on main_icdm.pdf (10 pages, 993509 bytes).
PDF statistics:
 388 PDF objects out of 1000 (max. 8388607)
 270 compressed objects within 3 object streams
 0 named destinations out of 1000 (max. 500000)
 131 words of extra memory for PDF output out of 10000 (max. 10000000)

