This is pdfTeX, Version 3.14159265-2.6-1.40.19 (TeX Live 2018) (preloaded format=pdflatex 2018.7.23)  13 MAY 2021 14:37
entering extended mode
 restricted \write18 enabled.
 file:line:error style messages enabled.
 %&-line parsing enabled.
**main.tex
(./main.tex
LaTeX2e <2018-04-01> patch level 2
Babel <3.18> and hyphenation patterns for 84 language(s) loaded.
(/usr/local/texlive/2018/texmf-dist/tex/latex/base/article.cls
Document Class: article 2014/09/29 v1.4h Standard LaTeX document class
(/usr/local/texlive/2018/texmf-dist/tex/latex/base/size11.clo
File: size11.clo 2014/09/29 v1.4h Standard LaTeX file (size option)
)
\c@part=\count80
\c@section=\count81
\c@subsection=\count82
\c@subsubsection=\count83
\c@paragraph=\count84
\c@subparagraph=\count85
\c@figure=\count86
\c@table=\count87
\abovecaptionskip=\skip41
\belowcaptionskip=\skip42
\bibindent=\dimen102
)
(/usr/local/texlive/2018/texmf-dist/tex/latex/hyperref/hyperref.sty
Package: hyperref 2018/02/06 v6.86b Hypertext links for LaTeX

(/usr/local/texlive/2018/texmf-dist/tex/generic/oberdiek/hobsub-hyperref.sty
Package: hobsub-hyperref 2016/05/16 v1.14 Bundle oberdiek, subset hyperref (HO)


(/usr/local/texlive/2018/texmf-dist/tex/generic/oberdiek/hobsub-generic.sty
Package: hobsub-generic 2016/05/16 v1.14 Bundle oberdiek, subset generic (HO)
Package: hobsub 2016/05/16 v1.14 Construct package bundles (HO)
Package: infwarerr 2016/05/16 v1.4 Providing info/warning/error messages (HO)
Package: ltxcmds 2016/05/16 v1.23 LaTeX kernel commands for general use (HO)
Package: ifluatex 2016/05/16 v1.4 Provides the ifluatex switch (HO)
Package ifluatex Info: LuaTeX not detected.
Package: ifvtex 2016/05/16 v1.6 Detect VTeX and its facilities (HO)
Package ifvtex Info: VTeX not detected.
Package: intcalc 2016/05/16 v1.2 Expandable calculations with integers (HO)
Package: ifpdf 2017/03/15 v3.2 Provides the ifpdf switch
Package: etexcmds 2016/05/16 v1.6 Avoid name clashes with e-TeX commands (HO)
Package etexcmds Info: Could not find \expanded.
(etexcmds)             That can mean that you are not using pdfTeX 1.50 or
(etexcmds)             that some package has redefined \expanded.
(etexcmds)             In the latter case, load this package earlier.
Package: kvsetkeys 2016/05/16 v1.17 Key value parser (HO)
Package: kvdefinekeys 2016/05/16 v1.4 Define keys (HO)
Package: pdftexcmds 2018/01/30 v0.27 Utility functions of pdfTeX for LuaTeX (HO
)
Package pdftexcmds Info: LuaTeX not detected.
Package pdftexcmds Info: \pdf@primitive is available.
Package pdftexcmds Info: \pdf@ifprimitive is available.
Package pdftexcmds Info: \pdfdraftmode found.
Package: pdfescape 2016/05/16 v1.14 Implements pdfTeX's escape features (HO)
Package: bigintcalc 2016/05/16 v1.4 Expandable calculations on big integers (HO
)
Package: bitset 2016/05/16 v1.2 Handle bit-vector datatype (HO)
Package: uniquecounter 2016/05/16 v1.3 Provide unlimited unique counter (HO)
)
Package hobsub Info: Skipping package `hobsub' (already loaded).
Package: letltxmacro 2016/05/16 v1.5 Let assignment for LaTeX macros (HO)
Package: hopatch 2016/05/16 v1.3 Wrapper for package hooks (HO)
Package: xcolor-patch 2016/05/16 xcolor patch
Package: atveryend 2016/05/16 v1.9 Hooks at the very end of document (HO)
Package atveryend Info: \enddocument detected (standard20110627).
Package: atbegshi 2016/06/09 v1.18 At begin shipout hook (HO)
Package: refcount 2016/05/16 v3.5 Data extraction from label references (HO)
Package: hycolor 2016/05/16 v1.8 Color options for hyperref/bookmark (HO)
)
(/usr/local/texlive/2018/texmf-dist/tex/latex/graphics/keyval.sty
Package: keyval 2014/10/28 v1.15 key=value parser (DPC)
\KV@toks@=\toks14
)
(/usr/local/texlive/2018/texmf-dist/tex/generic/ifxetex/ifxetex.sty
Package: ifxetex 2010/09/12 v0.6 Provides ifxetex conditional
)
(/usr/local/texlive/2018/texmf-dist/tex/latex/oberdiek/auxhook.sty
Package: auxhook 2016/05/16 v1.4 Hooks for auxiliary files (HO)
)
(/usr/local/texlive/2018/texmf-dist/tex/latex/oberdiek/kvoptions.sty
Package: kvoptions 2016/05/16 v3.12 Key value format for package options (HO)
)
\@linkdim=\dimen103
\Hy@linkcounter=\count88
\Hy@pagecounter=\count89

(/usr/local/texlive/2018/texmf-dist/tex/latex/hyperref/pd1enc.def
File: pd1enc.def 2018/02/06 v6.86b Hyperref: PDFDocEncoding definition (HO)
Now handling font encoding PD1 ...
... no UTF-8 mapping file for font encoding PD1
)
\Hy@SavedSpaceFactor=\count90

(/usr/local/texlive/2018/texmf-dist/tex/latex/latexconfig/hyperref.cfg
File: hyperref.cfg 2002/06/06 v1.2 hyperref configuration of TeXLive
)
Package hyperref Info: Option `colorlinks' set `true' on input line 4383.
Package hyperref Info: Hyper figures OFF on input line 4509.
Package hyperref Info: Link nesting OFF on input line 4514.
Package hyperref Info: Hyper index ON on input line 4517.
Package hyperref Info: Plain pages OFF on input line 4524.
Package hyperref Info: Backreferencing OFF on input line 4529.
Package hyperref Info: Implicit mode ON; LaTeX internals redefined.
Package hyperref Info: Bookmarks ON on input line 4762.
\c@Hy@tempcnt=\count91

(/usr/local/texlive/2018/texmf-dist/tex/latex/url/url.sty
\Urlmuskip=\muskip10
Package: url 2013/09/16  ver 3.4  Verb mode for urls, etc.
)
LaTeX Info: Redefining \url on input line 5115.
\XeTeXLinkMargin=\dimen104
\Fld@menulength=\count92
\Field@Width=\dimen105
\Fld@charsize=\dimen106
Package hyperref Info: Hyper figures OFF on input line 6369.
Package hyperref Info: Link nesting OFF on input line 6374.
Package hyperref Info: Hyper index ON on input line 6377.
Package hyperref Info: backreferencing OFF on input line 6384.
Package hyperref Info: Link coloring ON on input line 6387.
Package hyperref Info: Link coloring with OCG OFF on input line 6394.
Package hyperref Info: PDF/A mode OFF on input line 6399.
LaTeX Info: Redefining \ref on input line 6439.
LaTeX Info: Redefining \pageref on input line 6443.
\Hy@abspage=\count93
\c@Item=\count94
\c@Hfootnote=\count95
)
Package hyperref Info: Driver (autodetected): hpdftex.

(/usr/local/texlive/2018/texmf-dist/tex/latex/hyperref/hpdftex.def
File: hpdftex.def 2018/02/06 v6.86b Hyperref driver for pdfTeX
\Fld@listcount=\count96
\c@bookmark@seq@number=\count97

(/usr/local/texlive/2018/texmf-dist/tex/latex/oberdiek/rerunfilecheck.sty
Package: rerunfilecheck 2016/05/16 v1.8 Rerun checks for auxiliary files (HO)
Package uniquecounter Info: New unique counter `rerunfilecheck' on input line 2
82.
)
\Hy@SectionHShift=\skip43
)
(/usr/local/texlive/2018/texmf-dist/tex/latex/tools/bm.sty
Package: bm 2017/01/16 v1.2c Bold Symbol Support (DPC/FMi)
\symboldoperators=\mathgroup4
\symboldletters=\mathgroup5
\symboldsymbols=\mathgroup6
LaTeX Font Info:    Redeclaring math alphabet \mathbf on input line 141.
LaTeX Info: Redefining \bm on input line 207.
)
(/usr/local/texlive/2018/texmf-dist/tex/latex/amsmath/amsmath.sty
Package: amsmath 2017/09/02 v2.17a AMS math features
\@mathmargin=\skip44

For additional information on amsmath, use the `?' option.
(/usr/local/texlive/2018/texmf-dist/tex/latex/amsmath/amstext.sty
Package: amstext 2000/06/29 v2.01 AMS text

(/usr/local/texlive/2018/texmf-dist/tex/latex/amsmath/amsgen.sty
File: amsgen.sty 1999/11/30 v2.0 generic functions
\@emptytoks=\toks15
\ex@=\dimen107
))
(/usr/local/texlive/2018/texmf-dist/tex/latex/amsmath/amsbsy.sty
Package: amsbsy 1999/11/29 v1.2d Bold Symbols
LaTeX Info: Redefining \boldsymbol on input line 28.
\pmbraise@=\dimen108
)
(/usr/local/texlive/2018/texmf-dist/tex/latex/amsmath/amsopn.sty
Package: amsopn 2016/03/08 v2.02 operator names
)
\inf@bad=\count98
LaTeX Info: Redefining \frac on input line 213.
\uproot@=\count99
\leftroot@=\count100
LaTeX Info: Redefining \overline on input line 375.
\classnum@=\count101
\DOTSCASE@=\count102
LaTeX Info: Redefining \ldots on input line 472.
LaTeX Info: Redefining \dots on input line 475.
LaTeX Info: Redefining \cdots on input line 596.
\Mathstrutbox@=\box26
\strutbox@=\box27
\big@size=\dimen109
LaTeX Font Info:    Redeclaring font encoding OML on input line 712.
LaTeX Font Info:    Redeclaring font encoding OMS on input line 713.
\macc@depth=\count103
\c@MaxMatrixCols=\count104
\dotsspace@=\muskip11
\c@parentequation=\count105
\dspbrk@lvl=\count106
\tag@help=\toks16
\row@=\count107
\column@=\count108
\maxfields@=\count109
\andhelp@=\toks17
\eqnshift@=\dimen110
\alignsep@=\dimen111
\tagshift@=\dimen112
\tagwidth@=\dimen113
\totwidth@=\dimen114
\lineht@=\dimen115
\@envbody=\toks18
\multlinegap=\skip45
\multlinetaggap=\skip46
\mathdisplay@stack=\toks19
LaTeX Info: Redefining \[ on input line 2817.
LaTeX Info: Redefining \] on input line 2818.
)
(/usr/local/texlive/2018/texmf-dist/tex/latex/amscls/amsthm.sty
Package: amsthm 2017/10/31 v2.20.4
\thm@style=\toks20
\thm@bodyfont=\toks21
\thm@headfont=\toks22
\thm@notefont=\toks23
\thm@headpunct=\toks24
\thm@preskip=\skip47
\thm@postskip=\skip48
\thm@headsep=\skip49
\dth@everypar=\toks25
)
(/usr/local/texlive/2018/texmf-dist/tex/latex/amsfonts/amssymb.sty
Package: amssymb 2013/01/14 v3.01 AMS font symbols

(/usr/local/texlive/2018/texmf-dist/tex/latex/amsfonts/amsfonts.sty
Package: amsfonts 2013/01/14 v3.01 Basic AMSFonts support
\symAMSa=\mathgroup7
\symAMSb=\mathgroup8
LaTeX Font Info:    Overwriting math alphabet `\mathfrak' in version `bold'
(Font)                  U/euf/m/n --> U/euf/b/n on input line 106.
))
(/usr/local/texlive/2018/texmf-dist/tex/latex/tools/multicol.sty
Package: multicol 2018/04/01 v1.8r multicolumn formatting (FMi)
\c@tracingmulticols=\count110
\mult@box=\box28
\multicol@leftmargin=\dimen116
\c@unbalance=\count111
\c@collectmore=\count112
\doublecol@number=\count113
\multicoltolerance=\count114
\multicolpretolerance=\count115
\full@width=\dimen117
\page@free=\dimen118
\premulticols=\dimen119
\postmulticols=\dimen120
\multicolsep=\skip50
\multicolbaselineskip=\skip51
\partial@page=\box29
\last@line=\box30
\maxbalancingoverflow=\dimen121
\mult@rightbox=\box31
\mult@grightbox=\box32
\mult@gfirstbox=\box33
\mult@firstbox=\box34
\@tempa=\box35
\@tempa=\box36
\@tempa=\box37
\@tempa=\box38
\@tempa=\box39
\@tempa=\box40
\@tempa=\box41
\@tempa=\box42
\@tempa=\box43
\@tempa=\box44
\@tempa=\box45
\@tempa=\box46
\@tempa=\box47
\@tempa=\box48
\@tempa=\box49
\@tempa=\box50
\@tempa=\box51
\c@columnbadness=\count116
\c@finalcolumnbadness=\count117
\last@try=\dimen122
\multicolovershoot=\dimen123
\multicolundershoot=\dimen124
\mult@nat@firstbox=\box52
\colbreak@box=\box53
\mc@col@check@num=\count118
)
(/usr/local/texlive/2018/texmf-dist/tex/latex/algorithms/algorithmic.sty
Package: algorithmic 2009/08/24 v0.1 Document Style `algorithmic'

(/usr/local/texlive/2018/texmf-dist/tex/latex/base/ifthen.sty
Package: ifthen 2014/09/29 v1.1c Standard LaTeX ifthen package (DPC)
)
\c@ALC@unique=\count119
\c@ALC@line=\count120
\c@ALC@rem=\count121
\c@ALC@depth=\count122
\ALC@tlm=\skip52
\algorithmicindent=\skip53
)
(/usr/local/texlive/2018/texmf-dist/tex/latex/algorithms/algorithm.sty
Package: algorithm 2009/08/24 v0.1 Document Style `algorithm' - floating enviro
nment

(/usr/local/texlive/2018/texmf-dist/tex/latex/float/float.sty
Package: float 2001/11/08 v1.3d Float enhancements (AL)
\c@float@type=\count123
\float@exts=\toks26
\float@box=\box54
\@float@everytoks=\toks27
\@floatcapt=\box55
)
\@float@every@algorithm=\toks28
\c@algorithm=\count124
)
(/usr/local/texlive/2018/texmf-dist/tex/latex/enumitem/enumitem.sty
Package: enumitem 2011/09/28 v3.5.2 Customized lists
\labelindent=\skip54
\enit@outerparindent=\dimen125
\enit@toks=\toks29
\enit@inbox=\box56
\enitdp@description=\count125
)
(/usr/local/texlive/2018/texmf-dist/tex/latex/graphics/graphicx.sty
Package: graphicx 2017/06/01 v1.1a Enhanced LaTeX Graphics (DPC,SPQR)

(/usr/local/texlive/2018/texmf-dist/tex/latex/graphics/graphics.sty
Package: graphics 2017/06/25 v1.2c Standard LaTeX Graphics (DPC,SPQR)

(/usr/local/texlive/2018/texmf-dist/tex/latex/graphics/trig.sty
Package: trig 2016/01/03 v1.10 sin cos tan (DPC)
)
(/usr/local/texlive/2018/texmf-dist/tex/latex/graphics-cfg/graphics.cfg
File: graphics.cfg 2016/06/04 v1.11 sample graphics configuration
)
Package graphics Info: Driver file: pdftex.def on input line 99.

(/usr/local/texlive/2018/texmf-dist/tex/latex/graphics-def/pdftex.def
File: pdftex.def 2018/01/08 v1.0l Graphics/color driver for pdftex
))
\Gin@req@height=\dimen126
\Gin@req@width=\dimen127
)
(/usr/local/texlive/2018/texmf-dist/tex/latex/subfigure/subfigure.sty
Package: subfigure 2002/03/15 v2.1.5 subfigure package
\subfigtopskip=\skip55
\subfigcapskip=\skip56
\subfigcaptopadj=\dimen128
\subfigbottomskip=\skip57
\subfigcapmargin=\dimen129
\subfiglabelskip=\skip58
\c@subfigure=\count126
\c@lofdepth=\count127
\c@subtable=\count128
\c@lotdepth=\count129

****************************************
* Local config file subfigure.cfg used *
****************************************
(/usr/local/texlive/2018/texmf-dist/tex/latex/subfigure/subfigure.cfg)
\subfig@top=\skip59
\subfig@bottom=\skip60
)
(/usr/local/texlive/2018/texmf-dist/tex/latex/xargs/xargs.sty
Package: xargs 2008/03/22 v1.1  extended macro definitions  (mpg)

(/usr/local/texlive/2018/texmf-dist/tex/latex/xkeyval/xkeyval.sty
Package: xkeyval 2014/12/03 v2.7a package option processing (HA)

(/usr/local/texlive/2018/texmf-dist/tex/generic/xkeyval/xkeyval.tex
(/usr/local/texlive/2018/texmf-dist/tex/generic/xkeyval/xkvutils.tex
\XKV@toks=\toks30
\XKV@tempa@toks=\toks31
)
\XKV@depth=\count130
File: xkeyval.tex 2014/12/03 v2.7a key=value parser (HA)
))
\xargs@max=\count131
\xargs@toksa=\toks32
\xargs@toksb=\toks33
)
(/usr/local/texlive/2018/texmf-dist/tex/latex/stmaryrd/stmaryrd.sty
Package: stmaryrd 1994/03/03 St Mary's Road symbol package
\symstmry=\mathgroup9
LaTeX Font Info:    Overwriting symbol font `stmry' in version `bold'
(Font)                  U/stmry/m/n --> U/stmry/b/n on input line 89.
)
(/usr/local/texlive/2018/texmf-dist/tex/latex/natbib/natbib.sty
Package: natbib 2010/09/13 8.31b (PWD, AO)
\bibhang=\skip61
\bibsep=\skip62
LaTeX Info: Redefining \cite on input line 694.
\c@NAT@ctr=\count132
)
(./neurips_2021.sty
Package: neurips_2021 2021/03/31 NeurIPS 2021 submission/camera-ready style fil
e

(/usr/local/texlive/2018/texmf-dist/tex/latex/environ/environ.sty
Package: environ 2014/05/04 v0.3 A new way to define environments

(/usr/local/texlive/2018/texmf-dist/tex/latex/trimspaces/trimspaces.sty
Package: trimspaces 2009/09/17 v1.1 Trim spaces around a token list
))
(/usr/local/texlive/2018/texmf-dist/tex/latex/lineno/lineno.sty
Package: lineno 2005/11/02 line numbers on paragraphs v4.41
\linenopenalty=\count133
\output=\toks34
\linenoprevgraf=\count134
\linenumbersep=\dimen130
\linenumberwidth=\dimen131
\c@linenumber=\count135
\c@pagewiselinenumber=\count136
\c@LN@truepage=\count137
\c@internallinenumber=\count138
\c@internallinenumbers=\count139
\quotelinenumbersep=\dimen132
\bframerule=\dimen133
\bframesep=\dimen134
\bframebox=\box57
LaTeX Info: Redefining \\ on input line 3056.
)
(/usr/local/texlive/2018/texmf-dist/tex/latex/geometry/geometry.sty
Package: geometry 2018/03/24 v5.7 Page Geometry
\Gm@cnth=\count140
\Gm@cntv=\count141
\c@Gm@tempcnt=\count142
\Gm@bindingoffset=\dimen135
\Gm@wd@mp=\dimen136
\Gm@odd@mp=\dimen137
\Gm@even@mp=\dimen138
\Gm@layoutwidth=\dimen139
\Gm@layoutheight=\dimen140
\Gm@layouthoffset=\dimen141
\Gm@layoutvoffset=\dimen142
\Gm@dimlist=\toks35
)
\@neuripsabovecaptionskip=\skip63
\@neuripsbelowcaptionskip=\skip64
)
(./shortcuts_OPT.sty
(/usr/local/texlive/2018/texmf-dist/tex/latex/mathtools/mathtools.sty
Package: mathtools 2018/01/08 v1.21 mathematical typesetting tools

(/usr/local/texlive/2018/texmf-dist/tex/latex/tools/calc.sty
Package: calc 2017/05/25 v4.3 Infix arithmetic (KKT,FJ)
\calc@Acount=\count143
\calc@Bcount=\count144
\calc@Adimen=\dimen143
\calc@Bdimen=\dimen144
\calc@Askip=\skip65
\calc@Bskip=\skip66
LaTeX Info: Redefining \setlength on input line 80.
LaTeX Info: Redefining \addtolength on input line 81.
\calc@Ccount=\count145
\calc@Cskip=\skip67
)
(/usr/local/texlive/2018/texmf-dist/tex/latex/mathtools/mhsetup.sty
Package: mhsetup 2017/03/31 v1.3 programming setup (MH)
)
LaTeX Info: Thecontrolsequence`\('isalreadyrobust on input line 129.
LaTeX Info: Thecontrolsequence`\)'isalreadyrobust on input line 129.
LaTeX Info: Thecontrolsequence`\['isalreadyrobust on input line 129.
LaTeX Info: Thecontrolsequence`\]'isalreadyrobust on input line 129.
\g_MT_multlinerow_int=\count146
\l_MT_multwidth_dim=\dimen145
\origjot=\skip68
\l_MT_shortvdotswithinadjustabove_dim=\dimen146
\l_MT_shortvdotswithinadjustbelow_dim=\dimen147
\l_MT_above_intertext_sep=\dimen148
\l_MT_below_intertext_sep=\dimen149
\l_MT_above_shortintertext_sep=\dimen150
\l_MT_below_shortintertext_sep=\dimen151
)
(/usr/local/texlive/2018/texmf-dist/tex/latex/booktabs/booktabs.sty
Package: booktabs 2016/04/27 v1.618033 publication quality tables
\heavyrulewidth=\dimen152
\lightrulewidth=\dimen153
\cmidrulewidth=\dimen154
\belowrulesep=\dimen155
\belowbottomsep=\dimen156
\aboverulesep=\dimen157
\abovetopsep=\dimen158
\cmidrulesep=\dimen159
\cmidrulekern=\dimen160
\defaultaddspace=\dimen161
\@cmidla=\count147
\@cmidlb=\count148
\@aboverulesep=\dimen162
\@belowrulesep=\dimen163
\@thisruleclass=\count149
\@lastruleclass=\count150
\@thisrulewidth=\dimen164
)
(/usr/local/texlive/2018/texmf-dist/tex/latex/lipsum/lipsum.sty
Package: lipsum 2014/07/27 v1.3 150 paragraphs of Lorem Ipsum dummy text
\c@lips@count=\count151
)
(/usr/local/texlive/2018/texmf-dist/tex/latex/mwe/mwe.sty
Package: mwe 2018/03/30 v0.5 Package to support minimal working examples (MWE)

(/usr/local/texlive/2018/texmf-dist/tex/latex/blindtext/blindtext.sty
Package: blindtext 2012/01/06 V2.0 blindtext-Package

(/usr/local/texlive/2018/texmf-dist/tex/latex/tools/xspace.sty
Package: xspace 2014/10/28 v1.13 Space after command names (DPC,MH)
)
\c@blindtext=\count152
\c@Blindtext=\count153
\c@blind@countparstart=\count154
\blind@countxx=\count155
\blindtext@numBlindtext=\count156
\blind@countyy=\count157
\c@blindlist=\count158
\c@blindlistlevel=\count159
\c@blindlist@level=\count160
\blind@listitem=\count161
\c@blind@listcount=\count162
\c@blind@levelcount=\count163
\blind@mathformula=\count164
\blind@Mathformula=\count165
\c@blind@randomcount=\count166
\c@blind@randommax=\count167
\c@blind@pangramcount=\count168
\c@blind@pangrammax=\count169
))
(/usr/local/texlive/2018/texmf-dist/tex/latex/adjustbox/adjustbox.sty
Package: adjustbox 2018/04/08 v1.1 Adjusting TeX boxes (trim, clip, ...)

(/usr/local/texlive/2018/texmf-dist/tex/latex/adjustbox/adjcalc.sty
Package: adjcalc 2012/05/16 v1.1 Provides advanced setlength with multiple back
-ends (calc, etex, pgfmath)
)
(/usr/local/texlive/2018/texmf-dist/tex/latex/adjustbox/trimclip.sty
Package: trimclip 2018/04/08 v1.1 Trim and clip general TeX material

(/usr/local/texlive/2018/texmf-dist/tex/latex/collectbox/collectbox.sty
Package: collectbox 2012/05/17 v0.4b Collect macro arguments as boxes
\collectedbox=\box58
)
\tc@llx=\dimen165
\tc@lly=\dimen166
\tc@urx=\dimen167
\tc@ury=\dimen168
Package trimclip Info: Using driver 'tc-pdftex.def'.

(/usr/local/texlive/2018/texmf-dist/tex/latex/adjustbox/tc-pdftex.def
File: tc-pdftex.def 2018/04/08 v2.1 Clipping driver for pdftex
))
\adjbox@Width=\dimen169
\adjbox@Height=\dimen170
\adjbox@Depth=\dimen171
\adjbox@Totalheight=\dimen172
\adjbox@pwidth=\dimen173
\adjbox@pheight=\dimen174
\adjbox@pdepth=\dimen175
\adjbox@ptotalheight=\dimen176

(/usr/local/texlive/2018/texmf-dist/tex/latex/ifoddpage/ifoddpage.sty
Package: ifoddpage 2016/04/23 v1.1 Conditionals for odd/even page detection
\c@checkoddpage=\count170
)
(/usr/local/texlive/2018/texmf-dist/tex/latex/varwidth/varwidth.sty
Package: varwidth 2009/03/30 ver 0.92;  Variable-width minipages
\@vwid@box=\box59
\sift@deathcycles=\count171
\@vwid@loff=\dimen177
\@vwid@roff=\dimen178
))
(/usr/local/texlive/2018/texmf-dist/tex/latex/jknapltx/mathrsfs.sty
Package: mathrsfs 1996/01/01 Math RSFS package v1.0 (jk)
\symrsfs=\mathgroup10
)
(/usr/local/texlive/2018/texmf-dist/tex/latex/cases/cases.sty
Package: cases 2002/05/02 ver 2.5 
)
(/usr/local/texlive/2018/texmf-dist/tex/latex/bbm-macros/bbm.sty
Package: bbm 1999/03/15 V 1.2 provides fonts for set symbols - TH
LaTeX Font Info:    Overwriting math alphabet `\mathbbm' in version `bold'
(Font)                  U/bbm/m/n --> U/bbm/bx/n on input line 33.
LaTeX Font Info:    Overwriting math alphabet `\mathbbmss' in version `bold'
(Font)                  U/bbmss/m/n --> U/bbmss/bx/n on input line 35.
)
(/usr/local/texlive/2018/texmf-dist/tex/latex/caption/caption.sty
Package: caption 2016/02/21 v3.3-144 Customizing captions (AR)

(/usr/local/texlive/2018/texmf-dist/tex/latex/caption/caption3.sty
Package: caption3 2016/05/22 v1.7-166 caption3 kernel (AR)
Package caption3 Info: TeX engine: e-TeX on input line 67.
\captionmargin=\dimen179
\captionmargin@=\dimen180
\captionwidth=\dimen181
\caption@tempdima=\dimen182
\caption@indent=\dimen183
\caption@parindent=\dimen184
\caption@hangindent=\dimen185
)
\c@ContinuedFloat=\count172
Package caption Info: float package is loaded.
Package caption Info: hyperref package is loaded.
Package caption Info: subfigure package is loaded.
)
\c@Fact=\count173
\c@Lemma=\count174
\c@Prop=\count175
\c@Theorem=\count176
\c@Def=\count177
\c@Corollary=\count178
\c@Conjecture=\count179
\c@Property=\count180
\c@Observation=\count181
\c@Exa=\count182
\c@assumption=\count183
\c@Remark=\count184

(/usr/local/texlive/2018/texmf-dist/tex/latex/psnfss/times.sty
Package: times 2005/04/12 PSNFSS-v9.2a (SPQR) 
)) (./main.aux)
\openout1 = `main.aux'.

LaTeX Font Info:    Checking defaults for OML/cmm/m/it on input line 13.
LaTeX Font Info:    ... okay on input line 13.
LaTeX Font Info:    Checking defaults for T1/cmr/m/n on input line 13.
LaTeX Font Info:    ... okay on input line 13.
LaTeX Font Info:    Checking defaults for OT1/cmr/m/n on input line 13.
LaTeX Font Info:    ... okay on input line 13.
LaTeX Font Info:    Checking defaults for OMS/cmsy/m/n on input line 13.
LaTeX Font Info:    ... okay on input line 13.
LaTeX Font Info:    Checking defaults for OMX/cmex/m/n on input line 13.
LaTeX Font Info:    ... okay on input line 13.
LaTeX Font Info:    Checking defaults for U/cmr/m/n on input line 13.
LaTeX Font Info:    ... okay on input line 13.
LaTeX Font Info:    Checking defaults for PD1/pdf/m/n on input line 13.
LaTeX Font Info:    ... okay on input line 13.
LaTeX Font Info:    Try loading font information for OT1+ptm on input line 13.

(/usr/local/texlive/2018/texmf-dist/tex/latex/psnfss/ot1ptm.fd
File: ot1ptm.fd 2001/06/04 font definitions for OT1/ptm.
)
\AtBeginShipoutBox=\box60

(/usr/local/texlive/2018/texmf-dist/tex/latex/graphics/color.sty
Package: color 2016/07/10 v1.1e Standard LaTeX Color (DPC)

(/usr/local/texlive/2018/texmf-dist/tex/latex/graphics-cfg/color.cfg
File: color.cfg 2016/01/02 v1.6 sample color configuration
)
Package color Info: Driver file: pdftex.def on input line 147.
)
Package hyperref Info: Link coloring ON on input line 13.

(/usr/local/texlive/2018/texmf-dist/tex/latex/hyperref/nameref.sty
Package: nameref 2016/05/21 v2.44 Cross-referencing by name of section

(/usr/local/texlive/2018/texmf-dist/tex/generic/oberdiek/gettitlestring.sty
Package: gettitlestring 2016/05/16 v1.5 Cleanup title references (HO)
)
\c@section@level=\count185
)
LaTeX Info: Redefining \ref on input line 13.
LaTeX Info: Redefining \pageref on input line 13.
LaTeX Info: Redefining \nameref on input line 13.

(./main.out) (./main.out)
\@outlinefile=\write3
\openout3 = `main.out'.


(/usr/local/texlive/2018/texmf-dist/tex/context/base/mkii/supp-pdf.mkii
[Loading MPS to PDF converter (version 2006.09.02).]
\scratchcounter=\count186
\scratchdimen=\dimen186
\scratchbox=\box61
\nofMPsegments=\count187
\nofMParguments=\count188
\everyMPshowfont=\toks36
\MPscratchCnt=\count189
\MPscratchDim=\dimen187
\MPnumerator=\count190
\makeMPintoPDFobject=\count191
\everyMPtoPDFconversion=\toks37
) (/usr/local/texlive/2018/texmf-dist/tex/latex/oberdiek/epstopdf-base.sty
Package: epstopdf-base 2016/05/15 v2.6 Base part for package epstopdf

(/usr/local/texlive/2018/texmf-dist/tex/latex/oberdiek/grfext.sty
Package: grfext 2016/05/16 v1.2 Manage graphics extensions (HO)
)
Package epstopdf-base Info: Redefining graphics rule for `.eps' on input line 4
38.
Package grfext Info: Graphics extension search list:
(grfext)             [.pdf,.png,.jpg,.mps,.jpeg,.jbig2,.jb2,.PDF,.PNG,.JPG,.JPE
G,.JBIG2,.JB2,.eps]
(grfext)             \AppendGraphicsExtensions on input line 456.

(/usr/local/texlive/2018/texmf-dist/tex/latex/latexconfig/epstopdf-sys.cfg
File: epstopdf-sys.cfg 2010/07/13 v1.3 Configuration of (r)epstopdf for TeX Liv
e
))
*geometry* driver: auto-detecting
*geometry* detected driver: pdftex
*geometry* verbose mode - [ preamble ] result:
* driver: pdftex
* paper: letterpaper
* layout: <same size as paper>
* layoutoffset:(h,v)=(0.0pt,0.0pt)
* modes: 
* h-part:(L,W,R)=(92.14519pt, 430.00462pt, 92.14519pt)
* v-part:(T,H,B)=(95.39737pt, 556.47656pt, 143.09605pt)
* \paperwidth=614.295pt
* \paperheight=794.96999pt
* \textwidth=430.00462pt
* \textheight=556.47656pt
* \oddsidemargin=19.8752pt
* \evensidemargin=19.8752pt
* \topmargin=-13.87262pt
* \headheight=12.0pt
* \headsep=25.0pt
* \topskip=11.0pt
* \footskip=30.0pt
* \marginparwidth=59.0pt
* \marginparsep=10.0pt
* \columnsep=10.0pt
* \skip\footins=9.0pt plus 4.0pt minus 2.0pt
* \hoffset=0.0pt
* \voffset=0.0pt
* \mag=1000
* \@twocolumnfalse
* \@twosidefalse
* \@mparswitchfalse
* \@reversemarginfalse
* (1in=72.27pt=25.4mm, 1cm=28.453pt)

*geometry* verbose mode - [ newgeometry ] result:
* driver: pdftex
* paper: letterpaper
* layout: <same size as paper>
* layoutoffset:(h,v)=(0.0pt,0.0pt)
* modes: 
* h-part:(L,W,R)=(108.405pt, 397.48499pt, 108.40501pt)
* v-part:(T,H,B)=(72.26999pt, 650.43pt, 72.27pt)
* \paperwidth=614.295pt
* \paperheight=794.96999pt
* \textwidth=397.48499pt
* \textheight=650.43pt
* \oddsidemargin=36.13501pt
* \evensidemargin=36.13501pt
* \topmargin=-37.0pt
* \headheight=12.0pt
* \headsep=25.0pt
* \topskip=11.0pt
* \footskip=30.0pt
* \marginparwidth=59.0pt
* \marginparsep=10.0pt
* \columnsep=10.0pt
* \skip\footins=9.0pt plus 4.0pt minus 2.0pt
* \hoffset=0.0pt
* \voffset=0.0pt
* \mag=1000
* \@twocolumnfalse
* \@twosidefalse
* \@mparswitchfalse
* \@reversemarginfalse
* (1in=72.27pt=25.4mm, 1cm=28.453pt)

Package caption Info: Begin \AtBeginDocument code.
Package caption Info: End \AtBeginDocument code.
LaTeX Font Info:    Font shape `OT1/ptm/bx/n' in size <17.28> not available
(Font)              Font shape `OT1/ptm/b/n' tried instead on input line 42.
LaTeX Font Info:    Try loading font information for U+msa on input line 42.
(/usr/local/texlive/2018/texmf-dist/tex/latex/amsfonts/umsa.fd
File: umsa.fd 2013/01/14 v3.01 AMS symbols A
)
LaTeX Font Info:    Try loading font information for U+msb on input line 42.

(/usr/local/texlive/2018/texmf-dist/tex/latex/amsfonts/umsb.fd
File: umsb.fd 2013/01/14 v3.01 AMS symbols B
)
LaTeX Font Info:    Try loading font information for U+stmry on input line 42.

(/usr/local/texlive/2018/texmf-dist/tex/latex/stmaryrd/Ustmry.fd)
LaTeX Font Info:    Try loading font information for U+rsfs on input line 42.

(/usr/local/texlive/2018/texmf-dist/tex/latex/jknapltx/ursfs.fd
File: ursfs.fd 1998/03/24 rsfs font definition file (jk)
)
LaTeX Font Info:    Font shape `OT1/ptm/bx/n' in size <10> not available
(Font)              Font shape `OT1/ptm/b/n' tried instead on input line 42.
LaTeX Font Info:    Try loading font information for OT1+pcr on input line 42.

(/usr/local/texlive/2018/texmf-dist/tex/latex/psnfss/ot1pcr.fd
File: ot1pcr.fd 2001/06/04 font definitions for OT1/pcr.
)
LaTeX Font Info:    Font shape `OT1/ptm/bx/n' in size <12> not available
(Font)              Font shape `OT1/ptm/b/n' tried instead on input line 47.
LaTeX Font Info:    Try loading font information for OT1+phv on input line 54.

(/usr/local/texlive/2018/texmf-dist/tex/latex/psnfss/ot1phv.fd
File: ot1phv.fd 2001/06/04 scalable font definitions for OT1/phv.
) [1


{/usr/local/texlive/2018/texmf-var/fonts/map/pdftex/updmap/pdftex.map}]
LaTeX Font Info:    Try loading font information for OMS+ptm on input line 85.

(/usr/local/texlive/2018/texmf-dist/tex/latex/psnfss/omsptm.fd
File: omsptm.fd 
)
LaTeX Font Info:    Font shape `OMS/ptm/m/n' in size <10> not available
(Font)              Font shape `OMS/cmsy/m/n' tried instead on input line 85.
 [2]
Package hyperref Info: bookmark level for unknown algorithm defaults to 0 on in
put line 138.
LaTeX Font Info:    Font shape `OT1/ptm/bx/n' in size <9> not available
(Font)              Font shape `OT1/ptm/b/n' tried instead on input line 141.
LaTeX Font Info:    Font shape `OT1/ptm/bx/sc' in size <12> not available
(Font)              Font shape `OT1/ptm/b/sc' tried instead on input line 162.


LaTeX Warning: `!h' float specifier changed to `!ht'.

[3pdfTeX warning (ext4): destination with the same identifier (name{equation.2.
1}) has been already used, duplicate ignored

\AtBegShi@Output ...ipout \box \AtBeginShipoutBox 
                                                  \fi \fi 
l.191 
      ]

pdfTeX warning: /Library/TeX/texbin/pdflatex (file ./plots/plot.pdf): PDF inclu
sion: found PDF version <1.7>, but at most version <1.5> allowed
<plots/plot.pdf, id=268, 780.51598pt x 325.215pt>
File: plots/plot.pdf Graphic file (type pdf)
<use plots/plot.pdf>
Package pdftex.def Info: plots/plot.pdf  used on input line 199.
(pdftex.def)             Requested size: 231.26378pt x 96.35939pt.
[4 <./plots/plot.pdf>] [5pdfTeX warning (ext4): destination with the same ident
ifier (name{equation.4.2}) has been already used, duplicate ignored

\AtBegShi@Output ...ipout \box \AtBeginShipoutBox 
                                                  \fi \fi 
l.294 \begin{assumption}
                        \label{ASS:BOUNDEDPARAM}pdfTeX warning (ext4): destinat
ion with the same identifier (name{equation.4.2}) has been already used, duplic
ate ignored

\AtBegShi@Output ...ipout \box \AtBeginShipoutBox 
                                                  \fi \fi 
l.294 \begin{assumption}
                        \label{ASS:BOUNDEDPARAM}]

pdfTeX warning: /Library/TeX/texbin/pdflatex (file ./plots/plot_prediction.pdf)
: PDF inclusion: found PDF version <1.7>, but at most version <1.5> allowed
<plots/plot_prediction.pdf, id=348, 722.7pt x 397.485pt>
File: plots/plot_prediction.pdf Graphic file (type pdf)
<use plots/plot_prediction.pdf>
Package pdftex.def Info: plots/plot_prediction.pdf  used on input line 314.
(pdftex.def)             Requested size: 202.35622pt x 111.29503pt.
LaTeX Font Info:    Calculating math sizes for size <9.5> on input line 336.

LaTeX Font Warning: Font shape `OT1/cmr/m/n' in size <9.5> not available
(Font)              size <9> substituted on input line 336.


LaTeX Font Warning: Font shape `OML/cmm/m/it' in size <9.5> not available
(Font)              size <9> substituted on input line 336.


LaTeX Font Warning: Font shape `OMS/cmsy/m/n' in size <9.5> not available
(Font)              size <9> substituted on input line 336.


LaTeX Font Warning: Font shape `OT1/cmss/m/n' in size <9.5> not available
(Font)              size <9> substituted on input line 336.


LaTeX Font Warning: Font shape `OT1/cmr/bx/n' in size <9.5> not available
(Font)              size <9> substituted on input line 336.


LaTeX Font Warning: Font shape `OML/cmm/b/it' in size <9.5> not available
(Font)              size <9> substituted on input line 336.


LaTeX Font Warning: Font shape `OMS/cmsy/b/n' in size <9.5> not available
(Font)              size <9> substituted on input line 336.


LaTeX Font Warning: Font shape `U/stmry/m/n' in size <9.5> not available
(Font)              size <9> substituted on input line 336.


LaTeX Font Warning: Font shape `U/rsfs/m/n' in size <9.5> not available
(Font)              size <9> substituted on input line 336.

[6 <./plots/plot_prediction.pdf>]pdfTeX warning (ext4): destination with the sa
me identifier (name{equation.4.5}) has been already used, duplicate ignored
<to be read again> 
                   \relax 
l.353 \beq
          \label{eq:dnnmodel}
LaTeX Font Info:    Font shape `OT1/ptm/bx/sc' in size <10> not available
(Font)              Font shape `OT1/ptm/b/sc' tried instead on input line 386.
 [7] [8]
Package epstopdf Info: Source file: <simulation/fig2/M_rand_train_loss_no1.eps>

(epstopdf)                    date: 2021-02-18 11:13:28
(epstopdf)                    size: 70491 bytes
(epstopdf)             Output file: <simulation/fig2/M_rand_train_loss_no1-eps-
converted-to.pdf>
(epstopdf)                    date: 2021-02-18 12:28:33
(epstopdf)                    size: 30894 bytes
(epstopdf)             Command: <repstopdf --outfile=simulation/fig2/M_rand_tra
in_loss_no1-eps-converted-to.pdf simulation/fig2/M_rand_train_loss_no1.eps>
(epstopdf)             \includegraphics on input line 499.
Package epstopdf Info: Output file is already uptodate.
<simulation/fig2/M_rand_train_loss_no1-eps-converted-to.pdf, id=522, 421.575pt 
x 316.18124pt>
File: simulation/fig2/M_rand_train_loss_no1-eps-converted-to.pdf Graphic file (
type pdf)
<use simulation/fig2/M_rand_train_loss_no1-eps-converted-to.pdf>
Package pdftex.def Info: simulation/fig2/M_rand_train_loss_no1-eps-converted-to
.pdf  used on input line 499.
(pdftex.def)             Requested size: 126.47249pt x 94.8551pt.
Package epstopdf Info: Source file: <simulation/fig2/M_image_train_loss_no1.eps
>
(epstopdf)                    date: 2021-02-18 11:13:28
(epstopdf)                    size: 70468 bytes
(epstopdf)             Output file: <simulation/fig2/M_image_train_loss_no1-eps
-converted-to.pdf>
(epstopdf)                    date: 2021-02-18 12:28:34
(epstopdf)                    size: 30990 bytes
(epstopdf)             Command: <repstopdf --outfile=simulation/fig2/M_image_tr
ain_loss_no1-eps-converted-to.pdf simulation/fig2/M_image_train_loss_no1.eps>
(epstopdf)             \includegraphics on input line 499.
Package epstopdf Info: Output file is already uptodate.
<simulation/fig2/M_image_train_loss_no1-eps-converted-to.pdf, id=523, 421.575pt
 x 316.18124pt>
File: simulation/fig2/M_image_train_loss_no1-eps-converted-to.pdf Graphic file 
(type pdf)
<use simulation/fig2/M_image_train_loss_no1-eps-converted-to.pdf>
Package pdftex.def Info: simulation/fig2/M_image_train_loss_no1-eps-converted-t
o.pdf  used on input line 499.
(pdftex.def)             Requested size: 126.47249pt x 94.8551pt.
Package epstopdf Info: Source file: <simulation/fig2/cifar_cnn_train_loss_no1.e
ps>
(epstopdf)                    date: 2021-02-18 11:13:28
(epstopdf)                    size: 50198 bytes
(epstopdf)             Output file: <simulation/fig2/cifar_cnn_train_loss_no1-e
ps-converted-to.pdf>
(epstopdf)                    date: 2021-02-18 12:28:34
(epstopdf)                    size: 22808 bytes
(epstopdf)             Command: <repstopdf --outfile=simulation/fig2/cifar_cnn_
train_loss_no1-eps-converted-to.pdf simulation/fig2/cifar_cnn_train_loss_no1.ep
s>
(epstopdf)             \includegraphics on input line 504.
Package epstopdf Info: Output file is already uptodate.
<simulation/fig2/cifar_cnn_train_loss_no1-eps-converted-to.pdf, id=524, 421.575
pt x 316.18124pt>
File: simulation/fig2/cifar_cnn_train_loss_no1-eps-converted-to.pdf Graphic fil
e (type pdf)
<use simulation/fig2/cifar_cnn_train_loss_no1-eps-converted-to.pdf>
Package pdftex.def Info: simulation/fig2/cifar_cnn_train_loss_no1-eps-converted
-to.pdf  used on input line 504.
(pdftex.def)             Requested size: 126.47249pt x 94.8551pt.
Package epstopdf Info: Source file: <simulation/fig2/imdb_lstm_train_loss_no1.e
ps>
(epstopdf)                    date: 2021-02-18 11:13:28
(epstopdf)                    size: 48462 bytes
(epstopdf)             Output file: <simulation/fig2/imdb_lstm_train_loss_no1-e
ps-converted-to.pdf>
(epstopdf)                    date: 2021-02-18 12:28:35
(epstopdf)                    size: 21931 bytes
(epstopdf)             Command: <repstopdf --outfile=simulation/fig2/imdb_lstm_
train_loss_no1-eps-converted-to.pdf simulation/fig2/imdb_lstm_train_loss_no1.ep
s>
(epstopdf)             \includegraphics on input line 504.
Package epstopdf Info: Output file is already uptodate.
<simulation/fig2/imdb_lstm_train_loss_no1-eps-converted-to.pdf, id=525, 421.575
pt x 316.18124pt>
File: simulation/fig2/imdb_lstm_train_loss_no1-eps-converted-to.pdf Graphic fil
e (type pdf)
<use simulation/fig2/imdb_lstm_train_loss_no1-eps-converted-to.pdf>
Package pdftex.def Info: simulation/fig2/imdb_lstm_train_loss_no1-eps-converted
-to.pdf  used on input line 504.
(pdftex.def)             Requested size: 126.47249pt x 94.8551pt.
Package epstopdf Info: Source file: <simulation/fig2/cifar10_resnet_train_loss.
eps>
(epstopdf)                    date: 2021-02-18 11:13:28
(epstopdf)                    size: 47444 bytes
(epstopdf)             Output file: <simulation/fig2/cifar10_resnet_train_loss-
eps-converted-to.pdf>
(epstopdf)                    date: 2021-02-18 12:28:35
(epstopdf)                    size: 22616 bytes
(epstopdf)             Command: <repstopdf --outfile=simulation/fig2/cifar10_re
snet_train_loss-eps-converted-to.pdf simulation/fig2/cifar10_resnet_train_loss.
eps>
(epstopdf)             \includegraphics on input line 509.
Package epstopdf Info: Output file is already uptodate.
<simulation/fig2/cifar10_resnet_train_loss-eps-converted-to.pdf, id=526, 421.57
5pt x 316.18124pt>
File: simulation/fig2/cifar10_resnet_train_loss-eps-converted-to.pdf Graphic fi
le (type pdf)
<use simulation/fig2/cifar10_resnet_train_loss-eps-converted-to.pdf>
Package pdftex.def Info: simulation/fig2/cifar10_resnet_train_loss-eps-converte
d-to.pdf  used on input line 509.
(pdftex.def)             Requested size: 126.47249pt x 94.8551pt.
Package epstopdf Info: Source file: <simulation/fig2/cifar100_resnet_train_loss
.eps>
(epstopdf)                    date: 2021-02-18 11:13:28
(epstopdf)                    size: 48679 bytes
(epstopdf)             Output file: <simulation/fig2/cifar100_resnet_train_loss
-eps-converted-to.pdf>
(epstopdf)                    date: 2021-02-18 12:28:36
(epstopdf)                    size: 22605 bytes
(epstopdf)             Command: <repstopdf --outfile=simulation/fig2/cifar100_r
esnet_train_loss-eps-converted-to.pdf simulation/fig2/cifar100_resnet_train_los
s.eps>
(epstopdf)             \includegraphics on input line 509.
Package epstopdf Info: Output file is already uptodate.
<simulation/fig2/cifar100_resnet_train_loss-eps-converted-to.pdf, id=527, 421.5
75pt x 316.18124pt>
File: simulation/fig2/cifar100_resnet_train_loss-eps-converted-to.pdf Graphic f
ile (type pdf)
<use simulation/fig2/cifar100_resnet_train_loss-eps-converted-to.pdf>
Package pdftex.def Info: simulation/fig2/cifar100_resnet_train_loss-eps-convert
ed-to.pdf  used on input line 509.
(pdftex.def)             Requested size: 126.47249pt x 94.8551pt.
Package epstopdf Info: Source file: <new_figure/new_mnist_img_figure/mnist_img_
train_loss_disz_2.eps>
(epstopdf)                    date: 2021-02-18 11:13:30
(epstopdf)                    size: 45231 bytes
(epstopdf)             Output file: <new_figure/new_mnist_img_figure/mnist_img_
train_loss_disz_2-eps-converted-to.pdf>
(epstopdf)                    date: 2021-02-18 12:28:36
(epstopdf)                    size: 21656 bytes
(epstopdf)             Command: <repstopdf --outfile=new_figure/new_mnist_img_f
igure/mnist_img_train_loss_disz_2-eps-converted-to.pdf new_figure/new_mnist_img
_figure/mnist_img_train_loss_disz_2.eps>
(epstopdf)             \includegraphics on input line 522.
Package epstopdf Info: Output file is already uptodate.
<new_figure/new_mnist_img_figure/mnist_img_train_loss_disz_2-eps-converted-to.p
df, id=528, 421.575pt x 316.18124pt>
File: new_figure/new_mnist_img_figure/mnist_img_train_loss_disz_2-eps-converted
-to.pdf Graphic file (type pdf)
<use new_figure/new_mnist_img_figure/mnist_img_train_loss_disz_2-eps-converted-
to.pdf>
Package pdftex.def Info: new_figure/new_mnist_img_figure/mnist_img_train_loss_d
isz_2-eps-converted-to.pdf  used on input line 522.
(pdftex.def)             Requested size: 130.08621pt x 97.56648pt.
Package epstopdf Info: Source file: <new_figure/new_mnist_img_figure/mnist_img_
train_acc_disz_2.eps>
(epstopdf)                    date: 2021-02-18 11:13:30
(epstopdf)                    size: 45671 bytes
(epstopdf)             Output file: <new_figure/new_mnist_img_figure/mnist_img_
train_acc_disz_2-eps-converted-to.pdf>
(epstopdf)                    date: 2021-02-18 12:28:37
(epstopdf)                    size: 22129 bytes
(epstopdf)             Command: <repstopdf --outfile=new_figure/new_mnist_img_f
igure/mnist_img_train_acc_disz_2-eps-converted-to.pdf new_figure/new_mnist_img_
figure/mnist_img_train_acc_disz_2.eps>
(epstopdf)             \includegraphics on input line 522.
Package epstopdf Info: Output file is already uptodate.
<new_figure/new_mnist_img_figure/mnist_img_train_acc_disz_2-eps-converted-to.pd
f, id=529, 421.575pt x 316.18124pt>
File: new_figure/new_mnist_img_figure/mnist_img_train_acc_disz_2-eps-converted-
to.pdf Graphic file (type pdf)
<use new_figure/new_mnist_img_figure/mnist_img_train_acc_disz_2-eps-converted-t
o.pdf>
Package pdftex.def Info: new_figure/new_mnist_img_figure/mnist_img_train_acc_di
sz_2-eps-converted-to.pdf  used on input line 522.
(pdftex.def)             Requested size: 130.08621pt x 97.56648pt.
Package epstopdf Info: Source file: <new_figure/mnist_img_test_loss_disz.eps>
(epstopdf)                    date: 2021-02-18 11:13:30
(epstopdf)                    size: 69735 bytes
(epstopdf)             Output file: <new_figure/mnist_img_test_loss_disz-eps-co
nverted-to.pdf>
(epstopdf)                    date: 2021-02-18 12:28:37
(epstopdf)                    size: 68426 bytes
(epstopdf)             Command: <repstopdf --outfile=new_figure/mnist_img_test_
loss_disz-eps-converted-to.pdf new_figure/mnist_img_test_loss_disz.eps>
(epstopdf)             \includegraphics on input line 522.
Package epstopdf Info: Output file is already uptodate.
<new_figure/mnist_img_test_loss_disz-eps-converted-to.pdf, id=530, 421.575pt x 
316.18124pt>
File: new_figure/mnist_img_test_loss_disz-eps-converted-to.pdf Graphic file (ty
pe pdf)
<use new_figure/mnist_img_test_loss_disz-eps-converted-to.pdf>
Package pdftex.def Info: new_figure/mnist_img_test_loss_disz-eps-converted-to.p
df  used on input line 522.
(pdftex.def)             Requested size: 130.08621pt x 97.56648pt.
Package epstopdf Info: Source file: <new_figure/mnist_img_test_acc_disz.eps>
(epstopdf)                    date: 2021-02-18 11:13:30
(epstopdf)                    size: 48966 bytes
(epstopdf)             Output file: <new_figure/mnist_img_test_acc_disz-eps-con
verted-to.pdf>
(epstopdf)                    date: 2021-02-18 12:28:38
(epstopdf)                    size: 22498 bytes
(epstopdf)             Command: <repstopdf --outfile=new_figure/mnist_img_test_
acc_disz-eps-converted-to.pdf new_figure/mnist_img_test_acc_disz.eps>
(epstopdf)             \includegraphics on input line 522.
Package epstopdf Info: Output file is already uptodate.
<new_figure/mnist_img_test_acc_disz-eps-converted-to.pdf, id=531, 421.575pt x 3
16.18124pt>
File: new_figure/mnist_img_test_acc_disz-eps-converted-to.pdf Graphic file (typ
e pdf)
<use new_figure/mnist_img_test_acc_disz-eps-converted-to.pdf>
Package pdftex.def Info: new_figure/mnist_img_test_acc_disz-eps-converted-to.pd
f  used on input line 522.
(pdftex.def)             Requested size: 130.08621pt x 97.56648pt.

Overfull \hbox (102.1163pt too wide) in paragraph at lines 522--523
[][] 
 []

Package epstopdf Info: Source file: <new_figure/cifar10_train_loss_disz.eps>
(epstopdf)                    date: 2021-02-18 11:13:30
(epstopdf)                    size: 49413 bytes
(epstopdf)             Output file: <new_figure/cifar10_train_loss_disz-eps-con
verted-to.pdf>
(epstopdf)                    date: 2021-02-18 12:28:38
(epstopdf)                    size: 23151 bytes
(epstopdf)             Command: <repstopdf --outfile=new_figure/cifar10_train_l
oss_disz-eps-converted-to.pdf new_figure/cifar10_train_loss_disz.eps>
(epstopdf)             \includegraphics on input line 529.
Package epstopdf Info: Output file is already uptodate.
<new_figure/cifar10_train_loss_disz-eps-converted-to.pdf, id=532, 421.575pt x 3
16.18124pt>
File: new_figure/cifar10_train_loss_disz-eps-converted-to.pdf Graphic file (typ
e pdf)
<use new_figure/cifar10_train_loss_disz-eps-converted-to.pdf>
Package pdftex.def Info: new_figure/cifar10_train_loss_disz-eps-converted-to.pd
f  used on input line 529.
(pdftex.def)             Requested size: 130.08621pt x 97.56648pt.
Package epstopdf Info: Source file: <new_figure/cifar10_train_acc_disz.eps>
(epstopdf)                    date: 2021-02-18 11:13:30
(epstopdf)                    size: 49353 bytes
(epstopdf)             Output file: <new_figure/cifar10_train_acc_disz-eps-conv
erted-to.pdf>
(epstopdf)                    date: 2021-02-18 12:28:39
(epstopdf)                    size: 23599 bytes
(epstopdf)             Command: <repstopdf --outfile=new_figure/cifar10_train_a
cc_disz-eps-converted-to.pdf new_figure/cifar10_train_acc_disz.eps>
(epstopdf)             \includegraphics on input line 529.
Package epstopdf Info: Output file is already uptodate.
<new_figure/cifar10_train_acc_disz-eps-converted-to.pdf, id=533, 421.575pt x 31
6.18124pt>
File: new_figure/cifar10_train_acc_disz-eps-converted-to.pdf Graphic file (type
 pdf)
<use new_figure/cifar10_train_acc_disz-eps-converted-to.pdf>
Package pdftex.def Info: new_figure/cifar10_train_acc_disz-eps-converted-to.pdf
  used on input line 529.
(pdftex.def)             Requested size: 130.08621pt x 97.56648pt.
Package epstopdf Info: Source file: <new_figure/cifar10_test_loss_disz.eps>
(epstopdf)                    date: 2021-02-18 11:13:30
(epstopdf)                    size: 94009 bytes
(epstopdf)             Output file: <new_figure/cifar10_test_loss_disz-eps-conv
erted-to.pdf>
(epstopdf)                    date: 2021-02-18 12:28:39
(epstopdf)                    size: 92661 bytes
(epstopdf)             Command: <repstopdf --outfile=new_figure/cifar10_test_lo
ss_disz-eps-converted-to.pdf new_figure/cifar10_test_loss_disz.eps>
(epstopdf)             \includegraphics on input line 529.
Package epstopdf Info: Output file is already uptodate.
<new_figure/cifar10_test_loss_disz-eps-converted-to.pdf, id=534, 421.575pt x 31
6.18124pt>
File: new_figure/cifar10_test_loss_disz-eps-converted-to.pdf Graphic file (type
 pdf)
<use new_figure/cifar10_test_loss_disz-eps-converted-to.pdf>
Package pdftex.def Info: new_figure/cifar10_test_loss_disz-eps-converted-to.pdf
  used on input line 529.
(pdftex.def)             Requested size: 130.08621pt x 97.56648pt.
Package epstopdf Info: Source file: <new_figure/cifar10_test_acc_disz.eps>
(epstopdf)                    date: 2021-02-18 11:13:30
(epstopdf)                    size: 49397 bytes
(epstopdf)             Output file: <new_figure/cifar10_test_acc_disz-eps-conve
rted-to.pdf>
(epstopdf)                    date: 2021-02-18 12:28:40
(epstopdf)                    size: 23935 bytes
(epstopdf)             Command: <repstopdf --outfile=new_figure/cifar10_test_ac
c_disz-eps-converted-to.pdf new_figure/cifar10_test_acc_disz.eps>
(epstopdf)             \includegraphics on input line 529.
Package epstopdf Info: Output file is already uptodate.
<new_figure/cifar10_test_acc_disz-eps-converted-to.pdf, id=535, 421.575pt x 316
.18124pt>
File: new_figure/cifar10_test_acc_disz-eps-converted-to.pdf Graphic file (type 
pdf)
<use new_figure/cifar10_test_acc_disz-eps-converted-to.pdf>
Package pdftex.def Info: new_figure/cifar10_test_acc_disz-eps-converted-to.pdf 
 used on input line 529.
(pdftex.def)             Requested size: 130.08621pt x 97.56648pt.

Overfull \hbox (102.1163pt too wide) in paragraph at lines 529--530
[][] 
 []

Package epstopdf Info: Source file: <new_figure/cifar100_train_loss_disz.eps>
(epstopdf)                    date: 2021-02-18 11:13:30
(epstopdf)                    size: 49635 bytes
(epstopdf)             Output file: <new_figure/cifar100_train_loss_disz-eps-co
nverted-to.pdf>
(epstopdf)                    date: 2021-02-18 12:28:40
(epstopdf)                    size: 23121 bytes
(epstopdf)             Command: <repstopdf --outfile=new_figure/cifar100_train_
loss_disz-eps-converted-to.pdf new_figure/cifar100_train_loss_disz.eps>
(epstopdf)             \includegraphics on input line 536.
Package epstopdf Info: Output file is already uptodate.
<new_figure/cifar100_train_loss_disz-eps-converted-to.pdf, id=536, 421.575pt x 
316.18124pt>
File: new_figure/cifar100_train_loss_disz-eps-converted-to.pdf Graphic file (ty
pe pdf)
<use new_figure/cifar100_train_loss_disz-eps-converted-to.pdf>
Package pdftex.def Info: new_figure/cifar100_train_loss_disz-eps-converted-to.p
df  used on input line 536.
(pdftex.def)             Requested size: 130.08621pt x 97.56648pt.
Package epstopdf Info: Source file: <new_figure/cifar100_train_acc_disz.eps>
(epstopdf)                    date: 2021-02-18 11:13:28
(epstopdf)                    size: 50190 bytes
(epstopdf)             Output file: <new_figure/cifar100_train_acc_disz-eps-con
verted-to.pdf>
(epstopdf)                    date: 2021-02-18 12:28:41
(epstopdf)                    size: 23485 bytes
(epstopdf)             Command: <repstopdf --outfile=new_figure/cifar100_train_
acc_disz-eps-converted-to.pdf new_figure/cifar100_train_acc_disz.eps>
(epstopdf)             \includegraphics on input line 536.
Package epstopdf Info: Output file is already uptodate.
<new_figure/cifar100_train_acc_disz-eps-converted-to.pdf, id=537, 421.575pt x 3
16.18124pt>
File: new_figure/cifar100_train_acc_disz-eps-converted-to.pdf Graphic file (typ
e pdf)
<use new_figure/cifar100_train_acc_disz-eps-converted-to.pdf>
Package pdftex.def Info: new_figure/cifar100_train_acc_disz-eps-converted-to.pd
f  used on input line 536.
(pdftex.def)             Requested size: 130.08621pt x 97.56648pt.
Package epstopdf Info: Source file: <new_figure/cifar100_test_loss_disz.eps>
(epstopdf)                    date: 2021-02-18 11:13:28
(epstopdf)                    size: 48935 bytes
(epstopdf)             Output file: <new_figure/cifar100_test_loss_disz-eps-con
verted-to.pdf>
(epstopdf)                    date: 2021-02-18 12:28:41
(epstopdf)                    size: 22862 bytes
(epstopdf)             Command: <repstopdf --outfile=new_figure/cifar100_test_l
oss_disz-eps-converted-to.pdf new_figure/cifar100_test_loss_disz.eps>
(epstopdf)             \includegraphics on input line 536.
Package epstopdf Info: Output file is already uptodate.
<new_figure/cifar100_test_loss_disz-eps-converted-to.pdf, id=538, 421.575pt x 3
16.18124pt>
File: new_figure/cifar100_test_loss_disz-eps-converted-to.pdf Graphic file (typ
e pdf)
<use new_figure/cifar100_test_loss_disz-eps-converted-to.pdf>
Package pdftex.def Info: new_figure/cifar100_test_loss_disz-eps-converted-to.pd
f  used on input line 536.
(pdftex.def)             Requested size: 130.08621pt x 97.56648pt.
Package epstopdf Info: Source file: <new_figure/cifar100_test_acc_disz.eps>
(epstopdf)                    date: 2021-02-18 11:13:28
(epstopdf)                    size: 49692 bytes
(epstopdf)             Output file: <new_figure/cifar100_test_acc_disz-eps-conv
erted-to.pdf>
(epstopdf)                    date: 2021-02-18 12:28:42
(epstopdf)                    size: 23517 bytes
(epstopdf)             Command: <repstopdf --outfile=new_figure/cifar100_test_a
cc_disz-eps-converted-to.pdf new_figure/cifar100_test_acc_disz.eps>
(epstopdf)             \includegraphics on input line 536.
Package epstopdf Info: Output file is already uptodate.
<new_figure/cifar100_test_acc_disz-eps-converted-to.pdf, id=539, 421.575pt x 31
6.18124pt>
File: new_figure/cifar100_test_acc_disz-eps-converted-to.pdf Graphic file (type
 pdf)
<use new_figure/cifar100_test_acc_disz-eps-converted-to.pdf>
Package pdftex.def Info: new_figure/cifar100_test_acc_disz-eps-converted-to.pdf
  used on input line 536.
(pdftex.def)             Requested size: 130.08621pt x 97.56648pt.

Overfull \hbox (102.1163pt too wide) in paragraph at lines 536--537
[][] 
 []


Underfull \vbox (badness 7558) has occurred while \output is active []

 [9]

Package hyperref Warning: Token not allowed in a PDF string (PDFDocEncoding):
(hyperref)                removing `\lowercase' on input line 549.


Package hyperref Warning: Token not allowed in a PDF string (PDFDocEncoding):
(hyperref)                removing `math shift' on input line 549.


Package hyperref Warning: Token not allowed in a PDF string (PDFDocEncoding):
(hyperref)                removing `math shift' on input line 549.

Package epstopdf Info: Source file: <new_figure/new_mnist_img_figure/mnist_img_
train_loss_r3510_2.eps>
(epstopdf)                    date: 2021-02-18 11:13:30
(epstopdf)                    size: 56418 bytes
(epstopdf)             Output file: <new_figure/new_mnist_img_figure/mnist_img_
train_loss_r3510_2-eps-converted-to.pdf>
(epstopdf)                    date: 2021-02-18 12:28:42
(epstopdf)                    size: 30506 bytes
(epstopdf)             Command: <repstopdf --outfile=new_figure/new_mnist_img_f
igure/mnist_img_train_loss_r3510_2-eps-converted-to.pdf new_figure/new_mnist_im
g_figure/mnist_img_train_loss_r3510_2.eps>
(epstopdf)             \includegraphics on input line 558.
Package epstopdf Info: Output file is already uptodate.
<new_figure/new_mnist_img_figure/mnist_img_train_loss_r3510_2-eps-converted-to.
pdf, id=554, 421.575pt x 316.18124pt>
File: new_figure/new_mnist_img_figure/mnist_img_train_loss_r3510_2-eps-converte
d-to.pdf Graphic file (type pdf)
<use new_figure/new_mnist_img_figure/mnist_img_train_loss_r3510_2-eps-converted
-to.pdf>
Package pdftex.def Info: new_figure/new_mnist_img_figure/mnist_img_train_loss_r
3510_2-eps-converted-to.pdf  used on input line 558.
(pdftex.def)             Requested size: 122.85876pt x 92.1437pt.
Package epstopdf Info: Source file: <new_figure/cifar10_train_loss_r3510.eps>
(epstopdf)                    date: 2021-02-18 11:13:30
(epstopdf)                    size: 60897 bytes
(epstopdf)             Output file: <new_figure/cifar10_train_loss_r3510-eps-co
nverted-to.pdf>
(epstopdf)                    date: 2021-02-18 12:28:43
(epstopdf)                    size: 32490 bytes
(epstopdf)             Command: <repstopdf --outfile=new_figure/cifar10_train_l
oss_r3510-eps-converted-to.pdf new_figure/cifar10_train_loss_r3510.eps>
(epstopdf)             \includegraphics on input line 558.
Package epstopdf Info: Output file is already uptodate.
<new_figure/cifar10_train_loss_r3510-eps-converted-to.pdf, id=555, 421.575pt x 
316.18124pt>
File: new_figure/cifar10_train_loss_r3510-eps-converted-to.pdf Graphic file (ty
pe pdf)
<use new_figure/cifar10_train_loss_r3510-eps-converted-to.pdf>
Package pdftex.def Info: new_figure/cifar10_train_loss_r3510-eps-converted-to.p
df  used on input line 558.
(pdftex.def)             Requested size: 122.85876pt x 92.1437pt.
[10 <./simulation/fig2/M_rand_train_loss_no1-eps-converted-to.pdf> <./simulatio
n/fig2/M_image_train_loss_no1-eps-converted-to.pdf> <./simulation/fig2/cifar_cn
n_train_loss_no1-eps-converted-to.pdf> <./simulation/fig2/imdb_lstm_train_loss_
no1-eps-converted-to.pdf> <./simulation/fig2/cifar10_resnet_train_loss-eps-conv
erted-to.pdf> <./simulation/fig2/cifar100_resnet_train_loss-eps-converted-to.pd
f>] [11 <./new_figure/new_mnist_img_figure/mnist_img_train_loss_disz_2-eps-conv
erted-to.pdf> <./new_figure/new_mnist_img_figure/mnist_img_train_acc_disz_2-eps
-converted-to.pdf> <./new_figure/mnist_img_test_loss_disz-eps-converted-to.pdf>
 <./new_figure/mnist_img_test_acc_disz-eps-converted-to.pdf> <./new_figure/cifa
r10_train_loss_disz-eps-converted-to.pdf> <./new_figure/cifar10_train_acc_disz-
eps-converted-to.pdf> <./new_figure/cifar10_test_loss_disz-eps-converted-to.pdf
> <./new_figure/cifar10_test_acc_disz-eps-converted-to.pdf> <./new_figure/cifar
100_train_loss_disz-eps-converted-to.pdf> <./new_figure/cifar100_train_acc_disz
-eps-converted-to.pdf> <./new_figure/cifar100_test_loss_disz-eps-converted-to.p
df> <./new_figure/cifar100_test_acc_disz-eps-converted-to.pdf> <./new_figure/ne
w_mnist_img_figure/mnist_img_train_loss_r3510_2-eps-converted-to.pdf> <./new_fi
gure/cifar10_train_loss_r3510-eps-converted-to.pdf>] (./main.bbl [12

]) [13]
LaTeX Font Info:    Font shape `OT1/ptm/bx/n' in size <14.4> not available
(Font)              Font shape `OT1/ptm/b/n' tried instead on input line 591.

Overfull \hbox (1.14249pt too wide) detected at line 603
[][]
 []

[14


pdfTeX warning (ext4): destination with the same identifier (name{equation.A.7}
) has been already used, duplicate ignored

\AtBegShi@Output ...ipout \box \AtBeginShipoutBox 
                                                  \fi \fi 
l.661 \end{equation}
                    ]
Overfull \hbox (1.14249pt too wide) detected at line 719
[][]
 []

[15] [16pdfTeX warning (ext4): destination with the same identifier (name{equat
ion.B.18}) has been already used, duplicate ignored

\AtBegShi@Output ...ipout \box \AtBeginShipoutBox 
                                                  \fi \fi 
l.775 \beq
          pdfTeX warning (ext4): destination with the same identifier (name{equ
ation.C.19}) has been already used, duplicate ignored

\AtBegShi@Output ...ipout \box \AtBeginShipoutBox 
                                                  \fi \fi 
l.775 \beq
          ] [17]
Overfull \hbox (3.9392pt too wide) detected at line 905
[]
 []

[18pdfTeX warning (ext4): destination with the same identifier (name{equation.D
.27}) has been already used, duplicate ignored

\AtBegShi@Output ...ipout \box \AtBeginShipoutBox 
                                                  \fi \fi 
l.925 \beq
          \label{eq:termA}pdfTeX warning (ext4): destination with the same iden
tifier (name{equation.D.28}) has been already used, duplicate ignored

\AtBegShi@Output ...ipout \box \AtBeginShipoutBox 
                                                  \fi \fi 
l.925 \beq
          \label{eq:termA}] [19pdfTeX warning (ext4): destination with the same
 identifier (name{equation.D.35}) has been already used, duplicate ignored

\AtBegShi@Output ...ipout \box \AtBeginShipoutBox 
                                                  \fi \fi 
l.994 \eeq
          ]
Underfull \vbox (badness 10000) has occurred while \output is active []

 [20pdfTeX warning (ext4): destination with the same identifier (name{equation.
D.37}) has been already used, duplicate ignored

\AtBegShi@Output ...ipout \box \AtBeginShipoutBox 
                                                  \fi \fi 
l.1052 \eeq
           pdfTeX warning (ext4): destination with the same identifier (name{eq
uation.D.39}) has been already used, duplicate ignored

\AtBegShi@Output ...ipout \box \AtBeginShipoutBox 
                                                  \fi \fi 
l.1052 \eeq
           ]pdfTeX warning (ext4): destination with the same identifier (name{e
quation.D.39}) has been already used, duplicate ignored
<to be read again> 
                   \relax 
l.1055 \beq
           \notagpdfTeX warning (ext4): destination with the same identifier (n
ame{equation.D.39}) has been already used, duplicate ignored
<to be read again> 
                   \relax 
l.1061 \beq
           \notagpdfTeX warning (ext4): destination with the same identifier (n
ame{equation.D.39}) has been already used, duplicate ignored
<to be read again> 
                   \relax 
l.1069 \beq
           \notagpdfTeX warning (ext4): destination with the same identifier (n
ame{equation.D.39}) has been already used, duplicate ignored
<to be read again> 
                   \relax 
l.1073 \beq
           \notagpdfTeX warning (ext4): destination with the same identifier (n
ame{equation.D.39}) has been already used, duplicate ignored
<to be read again> 
                   \relax 
l.1079 \beq
            \notag [21pdfTeX warning (ext4): destination with the same identifi
er (name{equation.D.39}) has been already used, duplicate ignored

\AtBegShi@Output ...ipout \box \AtBeginShipoutBox 
                                                  \fi \fi 
l.1292 $$
         ] [22pdfTeX warning (ext4): destination with the same identifier (name
{equation.E.41}) has been already used, duplicate ignored

\AtBegShi@Output ...ipout \box \AtBeginShipoutBox 
                                                  \fi \fi 
l.1357 $$
         pdfTeX warning (ext4): destination with the same identifier (name{equa
tion.E.41}) has been already used, duplicate ignored

\AtBegShi@Output ...ipout \box \AtBeginShipoutBox 
                                                  \fi \fi 
l.1357 $$
         ]
Package epstopdf Info: Source file: <simulation/fig/fig1_left.eps>
(epstopdf)                    date: 2021-02-18 11:13:28
(epstopdf)                    size: 26296 bytes
(epstopdf)             Output file: <simulation/fig/fig1_left-eps-converted-to.
pdf>
(epstopdf)                    date: 2021-02-18 11:13:28
(epstopdf)                    size: 8350 bytes
(epstopdf)             Command: <repstopdf --outfile=simulation/fig/fig1_left-e
ps-converted-to.pdf simulation/fig/fig1_left.eps>
(epstopdf)             \includegraphics on input line 1392.
Package epstopdf Info: Output file is already uptodate.
<simulation/fig/fig1_left-eps-converted-to.pdf, id=881, 421.575pt x 316.18124pt
>
File: simulation/fig/fig1_left-eps-converted-to.pdf Graphic file (type pdf)
<use simulation/fig/fig1_left-eps-converted-to.pdf>
Package pdftex.def Info: simulation/fig/fig1_left-eps-converted-to.pdf  used on
 input line 1392.
(pdftex.def)             Requested size: 158.99156pt x 119.2431pt.
Package epstopdf Info: Source file: <simulation/fig/fig1_right.eps>
(epstopdf)                    date: 2021-02-18 11:13:28
(epstopdf)                    size: 21667 bytes
(epstopdf)             Output file: <simulation/fig/fig1_right-eps-converted-to
.pdf>
(epstopdf)                    date: 2021-02-18 11:13:28
(epstopdf)                    size: 7549 bytes
(epstopdf)             Command: <repstopdf --outfile=simulation/fig/fig1_right-
eps-converted-to.pdf simulation/fig/fig1_right.eps>
(epstopdf)             \includegraphics on input line 1392.
Package epstopdf Info: Output file is already uptodate.
<simulation/fig/fig1_right-eps-converted-to.pdf, id=882, 421.575pt x 316.18124p
t>
File: simulation/fig/fig1_right-eps-converted-to.pdf Graphic file (type pdf)
<use simulation/fig/fig1_right-eps-converted-to.pdf>
Package pdftex.def Info: simulation/fig/fig1_right-eps-converted-to.pdf  used o
n input line 1392.
(pdftex.def)             Requested size: 158.99156pt x 119.2431pt.
Package epstopdf Info: Source file: <simulation/fig/fig2_left.eps>
(epstopdf)                    date: 2021-02-18 11:13:28
(epstopdf)                    size: 31784 bytes
(epstopdf)             Output file: <simulation/fig/fig2_left-eps-converted-to.
pdf>
(epstopdf)                    date: 2021-02-18 11:13:28
(epstopdf)                    size: 9208 bytes
(epstopdf)             Command: <repstopdf --outfile=simulation/fig/fig2_left-e
ps-converted-to.pdf simulation/fig/fig2_left.eps>
(epstopdf)             \includegraphics on input line 1396.
Package epstopdf Info: Output file is already uptodate.
<simulation/fig/fig2_left-eps-converted-to.pdf, id=883, 421.575pt x 316.18124pt
>
File: simulation/fig/fig2_left-eps-converted-to.pdf Graphic file (type pdf)
<use simulation/fig/fig2_left-eps-converted-to.pdf>
Package pdftex.def Info: simulation/fig/fig2_left-eps-converted-to.pdf  used on
 input line 1396.
(pdftex.def)             Requested size: 158.99156pt x 119.2431pt.
Package epstopdf Info: Source file: <simulation/fig/fig2_right.eps>
(epstopdf)                    date: 2021-02-18 11:13:28
(epstopdf)                    size: 24890 bytes
(epstopdf)             Output file: <simulation/fig/fig2_right-eps-converted-to
.pdf>
(epstopdf)                    date: 2021-02-18 11:13:28
(epstopdf)                    size: 7612 bytes
(epstopdf)             Command: <repstopdf --outfile=simulation/fig/fig2_right-
eps-converted-to.pdf simulation/fig/fig2_right.eps>
(epstopdf)             \includegraphics on input line 1396.
Package epstopdf Info: Output file is already uptodate.
<simulation/fig/fig2_right-eps-converted-to.pdf, id=884, 421.575pt x 316.18124p
t>
File: simulation/fig/fig2_right-eps-converted-to.pdf Graphic file (type pdf)
<use simulation/fig/fig2_right-eps-converted-to.pdf>
Package pdftex.def Info: simulation/fig/fig2_right-eps-converted-to.pdf  used o
n input line 1396.
(pdftex.def)             Requested size: 158.99156pt x 119.2431pt.
Package atveryend Info: Empty hook `BeforeClearDocument' on input line 1425.
 [23] [24 <./simulation/fig/fig1_left-eps-converted-to.pdf> <./simulation/fig/f
ig1_right-eps-converted-to.pdf> <./simulation/fig/fig2_left-eps-converted-to.pd
f> <./simulation/fig/fig2_right-eps-converted-to.pdf>]
Package atveryend Info: Empty hook `AfterLastShipout' on input line 1425.
 (./main.aux)
Package atveryend Info: Executing hook `AtVeryEndDocument' on input line 1425.
Package atveryend Info: Executing hook `AtEndAfterFileList' on input line 1425.

Package rerunfilecheck Info: File `main.out' has not changed.
(rerunfilecheck)             Checksum: C83F74EB44C8C4900024268F3594FA8B;1320.


LaTeX Font Warning: Size substitutions with differences
(Font)              up to 0.5pt have occurred.


LaTeX Warning: Label(s) may have changed. Rerun to get cross-references right.

Package atveryend Info: Empty hook `AtVeryVeryEnd' on input line 1425.
 ) 
Here is how much of TeX's memory you used:
 12357 strings out of 492649
 187281 string characters out of 6129622
 401987 words of memory out of 5000000
 15747 multiletter control sequences out of 15000+600000
 55196 words of font info for 124 fonts, out of 8000000 for 9000
 1141 hyphenation exceptions out of 8191
 60i,23n,94p,871b,724s stack positions out of 5000i,500n,10000p,200000b,80000s
{/usr/local/texlive/2018/texmf-dist/fonts/enc/dvips/base/8r.enc}</usr/local/t
exlive/2018/texmf-dist/fonts/type1/public/amsfonts/cm/cmbx9.pfb></usr/local/tex
live/2018/texmf-dist/fonts/type1/public/amsfonts/cm/cmex10.pfb></usr/local/texl
ive/2018/texmf-dist/fonts/type1/public/amsfonts/cm/cmmi10.pfb></usr/local/texli
ve/2018/texmf-dist/fonts/type1/public/amsfonts/cm/cmmi5.pfb></usr/local/texlive
/2018/texmf-dist/fonts/type1/public/amsfonts/cm/cmmi6.pfb></usr/local/texlive/2
018/texmf-dist/fonts/type1/public/amsfonts/cm/cmmi7.pfb></usr/local/texlive/201
8/texmf-dist/fonts/type1/public/amsfonts/cm/cmmi9.pfb></usr/local/texlive/2018/
texmf-dist/fonts/type1/public/amsfonts/cm/cmr10.pfb></usr/local/texlive/2018/te
xmf-dist/fonts/type1/public/amsfonts/cm/cmr5.pfb></usr/local/texlive/2018/texmf
-dist/fonts/type1/public/amsfonts/cm/cmr6.pfb></usr/local/texlive/2018/texmf-di
st/fonts/type1/public/amsfonts/cm/cmr7.pfb></usr/local/texlive/2018/texmf-dist/
fonts/type1/public/amsfonts/cm/cmr9.pfb></usr/local/texlive/2018/texmf-dist/fon
ts/type1/public/amsfonts/cm/cmss10.pfb></usr/local/texlive/2018/texmf-dist/font
s/type1/public/amsfonts/cm/cmss8.pfb></usr/local/texlive/2018/texmf-dist/fonts/
type1/public/amsfonts/cm/cmss9.pfb></usr/local/texlive/2018/texmf-dist/fonts/ty
pe1/public/amsfonts/cm/cmsy10.pfb></usr/local/texlive/2018/texmf-dist/fonts/typ
e1/public/amsfonts/cm/cmsy5.pfb></usr/local/texlive/2018/texmf-dist/fonts/type1
/public/amsfonts/cm/cmsy6.pfb></usr/local/texlive/2018/texmf-dist/fonts/type1/p
ublic/amsfonts/cm/cmsy7.pfb></usr/local/texlive/2018/texmf-dist/fonts/type1/pub
lic/amsfonts/cm/cmsy9.pfb></usr/local/texlive/2018/texmf-dist/fonts/type1/publi
c/amsfonts/symbols/msam10.pfb></usr/local/texlive/2018/texmf-dist/fonts/type1/p
ublic/amsfonts/symbols/msbm10.pfb></usr/local/texlive/2018/texmf-dist/fonts/typ
e1/urw/courier/ucrr8a.pfb></usr/local/texlive/2018/texmf-dist/fonts/type1/urw/h
elvetic/uhvr8a.pfb></usr/local/texlive/2018/texmf-dist/fonts/type1/urw/times/ut
mb8a.pfb></usr/local/texlive/2018/texmf-dist/fonts/type1/urw/times/utmr8a.pfb><
/usr/local/texlive/2018/texmf-dist/fonts/type1/urw/times/utmri8a.pfb>
Output written on main.pdf (24 pages, 1048716 bytes).
PDF statistics:
 1053 PDF objects out of 1200 (max. 8388607)
 910 compressed objects within 10 object streams
 191 named destinations out of 1000 (max. 500000)
 291 words of extra memory for PDF output out of 10000 (max. 10000000)

