\BOOKMARK [1][-]{section.1}{Introduction}{}% 1
\BOOKMARK [1][-]{section.2}{Preliminaries}{}% 2
\BOOKMARK [1][-]{section.3}{OPT-AMSGRAD Algorithm}{}% 3
\BOOKMARK [1][-]{section.4}{Non-Asymptotic Convergence Analysis}{}% 4
\BOOKMARK [2][-]{subsection.4.1}{Convex Regret Analysis}{section.4}% 5
\BOOKMARK [2][-]{subsection.4.2}{Finite-Time Analysis in the Nonconvex Case}{section.4}% 6
\BOOKMARK [2][-]{subsection.4.3}{Checking H1 for a Deep Neural Network}{section.4}% 7
\BOOKMARK [1][-]{section.5}{Comparison to related methods}{}% 8
\BOOKMARK [1][-]{section.6}{Numerical Experiments}{}% 9
\BOOKMARK [2][-]{subsection.6.1}{Gradient Estimation}{section.6}% 10
\BOOKMARK [2][-]{subsection.6.2}{Classification Experiments}{section.6}% 11
\BOOKMARK [2][-]{subsection.6.3}{Choice of parameter r}{section.6}% 12
\BOOKMARK [1][-]{section.7}{Conclusion}{}% 13
\BOOKMARK [1][-]{appendix.A}{Proof of Theorem 1}{}% 14
\BOOKMARK [1][-]{appendix.B}{Proof of Corollary 1}{}% 15
\BOOKMARK [1][-]{appendix.C}{Proofs of Auxiliary Lemmas}{}% 16
\BOOKMARK [2][-]{subsection.C.1}{Proof of Lemma 1}{appendix.C}% 17
\BOOKMARK [1][-]{appendix.D}{Proof of Theorem 2}{}% 18
\BOOKMARK [1][-]{appendix.E}{Proof of Lemma 2 \(Boundedness of the iterates H1\)}{}% 19
\BOOKMARK [1][-]{appendix.F}{Additional Remarks and Runs on the Gradient Prediction Process}{}% 20
