This is pdfTeX, Version 3.14159265-2.6-1.40.19 (TeX Live 2018) (preloaded format=pdflatex 2018.7.23)  12 FEB 2021 10:37
entering extended mode
 restricted \write18 enabled.
 file:line:error style messages enabled.
 %&-line parsing enabled.
**main.tex
(./main.tex
LaTeX2e <2018-04-01> patch level 2
Babel <3.18> and hyphenation patterns for 84 language(s) loaded.
(/usr/local/texlive/2018/texmf-dist/tex/latex/base/article.cls
Document Class: article 2014/09/29 v1.4h Standard LaTeX document class
(/usr/local/texlive/2018/texmf-dist/tex/latex/base/size10.clo
File: size10.clo 2014/09/29 v1.4h Standard LaTeX file (size option)
)
\c@part=\count80
\c@section=\count81
\c@subsection=\count82
\c@subsubsection=\count83
\c@paragraph=\count84
\c@subparagraph=\count85
\c@figure=\count86
\c@table=\count87
\abovecaptionskip=\skip41
\belowcaptionskip=\skip42
\bibindent=\dimen102
)
(/usr/local/texlive/2018/texmf-dist/tex/latex/hyperref/hyperref.sty
Package: hyperref 2018/02/06 v6.86b Hypertext links for LaTeX

(/usr/local/texlive/2018/texmf-dist/tex/generic/oberdiek/hobsub-hyperref.sty
Package: hobsub-hyperref 2016/05/16 v1.14 Bundle oberdiek, subset hyperref (HO)


(/usr/local/texlive/2018/texmf-dist/tex/generic/oberdiek/hobsub-generic.sty
Package: hobsub-generic 2016/05/16 v1.14 Bundle oberdiek, subset generic (HO)
Package: hobsub 2016/05/16 v1.14 Construct package bundles (HO)
Package: infwarerr 2016/05/16 v1.4 Providing info/warning/error messages (HO)
Package: ltxcmds 2016/05/16 v1.23 LaTeX kernel commands for general use (HO)
Package: ifluatex 2016/05/16 v1.4 Provides the ifluatex switch (HO)
Package ifluatex Info: LuaTeX not detected.
Package: ifvtex 2016/05/16 v1.6 Detect VTeX and its facilities (HO)
Package ifvtex Info: VTeX not detected.
Package: intcalc 2016/05/16 v1.2 Expandable calculations with integers (HO)
Package: ifpdf 2017/03/15 v3.2 Provides the ifpdf switch
Package: etexcmds 2016/05/16 v1.6 Avoid name clashes with e-TeX commands (HO)
Package etexcmds Info: Could not find \expanded.
(etexcmds)             That can mean that you are not using pdfTeX 1.50 or
(etexcmds)             that some package has redefined \expanded.
(etexcmds)             In the latter case, load this package earlier.
Package: kvsetkeys 2016/05/16 v1.17 Key value parser (HO)
Package: kvdefinekeys 2016/05/16 v1.4 Define keys (HO)
Package: pdftexcmds 2018/01/30 v0.27 Utility functions of pdfTeX for LuaTeX (HO
)
Package pdftexcmds Info: LuaTeX not detected.
Package pdftexcmds Info: \pdf@primitive is available.
Package pdftexcmds Info: \pdf@ifprimitive is available.
Package pdftexcmds Info: \pdfdraftmode found.
Package: pdfescape 2016/05/16 v1.14 Implements pdfTeX's escape features (HO)
Package: bigintcalc 2016/05/16 v1.4 Expandable calculations on big integers (HO
)
Package: bitset 2016/05/16 v1.2 Handle bit-vector datatype (HO)
Package: uniquecounter 2016/05/16 v1.3 Provide unlimited unique counter (HO)
)
Package hobsub Info: Skipping package `hobsub' (already loaded).
Package: letltxmacro 2016/05/16 v1.5 Let assignment for LaTeX macros (HO)
Package: hopatch 2016/05/16 v1.3 Wrapper for package hooks (HO)
Package: xcolor-patch 2016/05/16 xcolor patch
Package: atveryend 2016/05/16 v1.9 Hooks at the very end of document (HO)
Package atveryend Info: \enddocument detected (standard20110627).
Package: atbegshi 2016/06/09 v1.18 At begin shipout hook (HO)
Package: refcount 2016/05/16 v3.5 Data extraction from label references (HO)
Package: hycolor 2016/05/16 v1.8 Color options for hyperref/bookmark (HO)
)
(/usr/local/texlive/2018/texmf-dist/tex/latex/graphics/keyval.sty
Package: keyval 2014/10/28 v1.15 key=value parser (DPC)
\KV@toks@=\toks14
)
(/usr/local/texlive/2018/texmf-dist/tex/generic/ifxetex/ifxetex.sty
Package: ifxetex 2010/09/12 v0.6 Provides ifxetex conditional
)
(/usr/local/texlive/2018/texmf-dist/tex/latex/oberdiek/auxhook.sty
Package: auxhook 2016/05/16 v1.4 Hooks for auxiliary files (HO)
)
(/usr/local/texlive/2018/texmf-dist/tex/latex/oberdiek/kvoptions.sty
Package: kvoptions 2016/05/16 v3.12 Key value format for package options (HO)
)
\@linkdim=\dimen103
\Hy@linkcounter=\count88
\Hy@pagecounter=\count89

(/usr/local/texlive/2018/texmf-dist/tex/latex/hyperref/pd1enc.def
File: pd1enc.def 2018/02/06 v6.86b Hyperref: PDFDocEncoding definition (HO)
Now handling font encoding PD1 ...
... no UTF-8 mapping file for font encoding PD1
)
\Hy@SavedSpaceFactor=\count90

(/usr/local/texlive/2018/texmf-dist/tex/latex/latexconfig/hyperref.cfg
File: hyperref.cfg 2002/06/06 v1.2 hyperref configuration of TeXLive
)
Package hyperref Info: Option `colorlinks' set `true' on input line 4383.
Package hyperref Info: Hyper figures OFF on input line 4509.
Package hyperref Info: Link nesting OFF on input line 4514.
Package hyperref Info: Hyper index ON on input line 4517.
Package hyperref Info: Plain pages OFF on input line 4524.
Package hyperref Info: Backreferencing OFF on input line 4529.
Package hyperref Info: Implicit mode ON; LaTeX internals redefined.
Package hyperref Info: Bookmarks ON on input line 4762.
\c@Hy@tempcnt=\count91

(/usr/local/texlive/2018/texmf-dist/tex/latex/url/url.sty
\Urlmuskip=\muskip10
Package: url 2013/09/16  ver 3.4  Verb mode for urls, etc.
)
LaTeX Info: Redefining \url on input line 5115.
\XeTeXLinkMargin=\dimen104
\Fld@menulength=\count92
\Field@Width=\dimen105
\Fld@charsize=\dimen106
Package hyperref Info: Hyper figures OFF on input line 6369.
Package hyperref Info: Link nesting OFF on input line 6374.
Package hyperref Info: Hyper index ON on input line 6377.
Package hyperref Info: backreferencing OFF on input line 6384.
Package hyperref Info: Link coloring ON on input line 6387.
Package hyperref Info: Link coloring with OCG OFF on input line 6394.
Package hyperref Info: PDF/A mode OFF on input line 6399.
LaTeX Info: Redefining \ref on input line 6439.
LaTeX Info: Redefining \pageref on input line 6443.
\Hy@abspage=\count93
\c@Item=\count94
\c@Hfootnote=\count95
)
Package hyperref Info: Driver (autodetected): hpdftex.

(/usr/local/texlive/2018/texmf-dist/tex/latex/hyperref/hpdftex.def
File: hpdftex.def 2018/02/06 v6.86b Hyperref driver for pdfTeX
\Fld@listcount=\count96
\c@bookmark@seq@number=\count97

(/usr/local/texlive/2018/texmf-dist/tex/latex/oberdiek/rerunfilecheck.sty
Package: rerunfilecheck 2016/05/16 v1.8 Rerun checks for auxiliary files (HO)
Package uniquecounter Info: New unique counter `rerunfilecheck' on input line 2
82.
)
\Hy@SectionHShift=\skip43
)
(/usr/local/texlive/2018/texmf-dist/tex/latex/tools/bm.sty
Package: bm 2017/01/16 v1.2c Bold Symbol Support (DPC/FMi)
\symboldoperators=\mathgroup4
\symboldletters=\mathgroup5
\symboldsymbols=\mathgroup6
LaTeX Font Info:    Redeclaring math alphabet \mathbf on input line 141.
LaTeX Info: Redefining \bm on input line 207.
)
(/usr/local/texlive/2018/texmf-dist/tex/latex/amsmath/amsmath.sty
Package: amsmath 2017/09/02 v2.17a AMS math features
\@mathmargin=\skip44

For additional information on amsmath, use the `?' option.
(/usr/local/texlive/2018/texmf-dist/tex/latex/amsmath/amstext.sty
Package: amstext 2000/06/29 v2.01 AMS text

(/usr/local/texlive/2018/texmf-dist/tex/latex/amsmath/amsgen.sty
File: amsgen.sty 1999/11/30 v2.0 generic functions
\@emptytoks=\toks15
\ex@=\dimen107
))
(/usr/local/texlive/2018/texmf-dist/tex/latex/amsmath/amsbsy.sty
Package: amsbsy 1999/11/29 v1.2d Bold Symbols
LaTeX Info: Redefining \boldsymbol on input line 28.
\pmbraise@=\dimen108
)
(/usr/local/texlive/2018/texmf-dist/tex/latex/amsmath/amsopn.sty
Package: amsopn 2016/03/08 v2.02 operator names
)
\inf@bad=\count98
LaTeX Info: Redefining \frac on input line 213.
\uproot@=\count99
\leftroot@=\count100
LaTeX Info: Redefining \overline on input line 375.
\classnum@=\count101
\DOTSCASE@=\count102
LaTeX Info: Redefining \ldots on input line 472.
LaTeX Info: Redefining \dots on input line 475.
LaTeX Info: Redefining \cdots on input line 596.
\Mathstrutbox@=\box26
\strutbox@=\box27
\big@size=\dimen109
LaTeX Font Info:    Redeclaring font encoding OML on input line 712.
LaTeX Font Info:    Redeclaring font encoding OMS on input line 713.
\macc@depth=\count103
\c@MaxMatrixCols=\count104
\dotsspace@=\muskip11
\c@parentequation=\count105
\dspbrk@lvl=\count106
\tag@help=\toks16
\row@=\count107
\column@=\count108
\maxfields@=\count109
\andhelp@=\toks17
\eqnshift@=\dimen110
\alignsep@=\dimen111
\tagshift@=\dimen112
\tagwidth@=\dimen113
\totwidth@=\dimen114
\lineht@=\dimen115
\@envbody=\toks18
\multlinegap=\skip45
\multlinetaggap=\skip46
\mathdisplay@stack=\toks19
LaTeX Info: Redefining \[ on input line 2817.
LaTeX Info: Redefining \] on input line 2818.
)
(/usr/local/texlive/2018/texmf-dist/tex/latex/amscls/amsthm.sty
Package: amsthm 2017/10/31 v2.20.4
\thm@style=\toks20
\thm@bodyfont=\toks21
\thm@headfont=\toks22
\thm@notefont=\toks23
\thm@headpunct=\toks24
\thm@preskip=\skip47
\thm@postskip=\skip48
\thm@headsep=\skip49
\dth@everypar=\toks25
)
(/usr/local/texlive/2018/texmf-dist/tex/latex/amsfonts/amssymb.sty
Package: amssymb 2013/01/14 v3.01 AMS font symbols

(/usr/local/texlive/2018/texmf-dist/tex/latex/amsfonts/amsfonts.sty
Package: amsfonts 2013/01/14 v3.01 Basic AMSFonts support
\symAMSa=\mathgroup7
\symAMSb=\mathgroup8
LaTeX Font Info:    Overwriting math alphabet `\mathfrak' in version `bold'
(Font)                  U/euf/m/n --> U/euf/b/n on input line 106.
))
(/usr/local/texlive/2018/texmf-dist/tex/latex/tools/multicol.sty
Package: multicol 2018/04/01 v1.8r multicolumn formatting (FMi)
\c@tracingmulticols=\count110
\mult@box=\box28
\multicol@leftmargin=\dimen116
\c@unbalance=\count111
\c@collectmore=\count112
\doublecol@number=\count113
\multicoltolerance=\count114
\multicolpretolerance=\count115
\full@width=\dimen117
\page@free=\dimen118
\premulticols=\dimen119
\postmulticols=\dimen120
\multicolsep=\skip50
\multicolbaselineskip=\skip51
\partial@page=\box29
\last@line=\box30
\maxbalancingoverflow=\dimen121
\mult@rightbox=\box31
\mult@grightbox=\box32
\mult@gfirstbox=\box33
\mult@firstbox=\box34
\@tempa=\box35
\@tempa=\box36
\@tempa=\box37
\@tempa=\box38
\@tempa=\box39
\@tempa=\box40
\@tempa=\box41
\@tempa=\box42
\@tempa=\box43
\@tempa=\box44
\@tempa=\box45
\@tempa=\box46
\@tempa=\box47
\@tempa=\box48
\@tempa=\box49
\@tempa=\box50
\@tempa=\box51
\c@columnbadness=\count116
\c@finalcolumnbadness=\count117
\last@try=\dimen122
\multicolovershoot=\dimen123
\multicolundershoot=\dimen124
\mult@nat@firstbox=\box52
\colbreak@box=\box53
\mc@col@check@num=\count118
)
(./algorithmic.sty
Package: algorithmic 

Document Style `algorithmic' - environment
(/usr/local/texlive/2018/texmf-dist/tex/latex/base/ifthen.sty
Package: ifthen 2014/09/29 v1.1c Standard LaTeX ifthen package (DPC)
)
(/usr/local/texlive/2018/texmf-dist/tex/latex/tools/calc.sty
Package: calc 2017/05/25 v4.3 Infix arithmetic (KKT,FJ)
\calc@Acount=\count119
\calc@Bcount=\count120
\calc@Adimen=\dimen125
\calc@Bdimen=\dimen126
\calc@Askip=\skip52
\calc@Bskip=\skip53
LaTeX Info: Redefining \setlength on input line 80.
LaTeX Info: Redefining \addtolength on input line 81.
\calc@Ccount=\count121
\calc@Cskip=\skip54
)
\c@ALC@line=\count122
\c@ALC@rem=\count123
\ALC@tlm=\skip55
) (./algorithm.sty
Package: algorithm 
Document Style `algorithm' - floating environment
(/usr/local/texlive/2018/texmf-dist/tex/latex/float/float.sty
Package: float 2001/11/08 v1.3d Float enhancements (AL)
\c@float@type=\count124
\float@exts=\toks26
\float@box=\box54
\@float@everytoks=\toks27
\@floatcapt=\box55
)
\@float@every@algorithm=\toks28
\c@algorithm=\count125
)
(/usr/local/texlive/2018/texmf-dist/tex/latex/enumitem/enumitem.sty
Package: enumitem 2011/09/28 v3.5.2 Customized lists
\labelindent=\skip56
\enit@outerparindent=\dimen127
\enit@toks=\toks29
\enit@inbox=\box56
\enitdp@description=\count126
)
(/usr/local/texlive/2018/texmf-dist/tex/latex/graphics/graphicx.sty
Package: graphicx 2017/06/01 v1.1a Enhanced LaTeX Graphics (DPC,SPQR)

(/usr/local/texlive/2018/texmf-dist/tex/latex/graphics/graphics.sty
Package: graphics 2017/06/25 v1.2c Standard LaTeX Graphics (DPC,SPQR)

(/usr/local/texlive/2018/texmf-dist/tex/latex/graphics/trig.sty
Package: trig 2016/01/03 v1.10 sin cos tan (DPC)
)
(/usr/local/texlive/2018/texmf-dist/tex/latex/graphics-cfg/graphics.cfg
File: graphics.cfg 2016/06/04 v1.11 sample graphics configuration
)
Package graphics Info: Driver file: pdftex.def on input line 99.

(/usr/local/texlive/2018/texmf-dist/tex/latex/graphics-def/pdftex.def
File: pdftex.def 2018/01/08 v1.0l Graphics/color driver for pdftex
))
\Gin@req@height=\dimen128
\Gin@req@width=\dimen129
)
(/usr/local/texlive/2018/texmf-dist/tex/latex/subfigure/subfigure.sty
Package: subfigure 2002/03/15 v2.1.5 subfigure package
\subfigtopskip=\skip57
\subfigcapskip=\skip58
\subfigcaptopadj=\dimen130
\subfigbottomskip=\skip59
\subfigcapmargin=\dimen131
\subfiglabelskip=\skip60
\c@subfigure=\count127
\c@lofdepth=\count128
\c@subtable=\count129
\c@lotdepth=\count130

****************************************
* Local config file subfigure.cfg used *
****************************************
(/usr/local/texlive/2018/texmf-dist/tex/latex/subfigure/subfigure.cfg)
\subfig@top=\skip61
\subfig@bottom=\skip62
)
(/usr/local/texlive/2018/texmf-dist/tex/latex/xargs/xargs.sty
Package: xargs 2008/03/22 v1.1  extended macro definitions  (mpg)

(/usr/local/texlive/2018/texmf-dist/tex/latex/xkeyval/xkeyval.sty
Package: xkeyval 2014/12/03 v2.7a package option processing (HA)

(/usr/local/texlive/2018/texmf-dist/tex/generic/xkeyval/xkeyval.tex
(/usr/local/texlive/2018/texmf-dist/tex/generic/xkeyval/xkvutils.tex
\XKV@toks=\toks30
\XKV@tempa@toks=\toks31
)
\XKV@depth=\count131
File: xkeyval.tex 2014/12/03 v2.7a key=value parser (HA)
))
\xargs@max=\count132
\xargs@toksa=\toks32
\xargs@toksb=\toks33
)
(/usr/local/texlive/2018/texmf-dist/tex/latex/stmaryrd/stmaryrd.sty
Package: stmaryrd 1994/03/03 St Mary's Road symbol package
\symstmry=\mathgroup9
LaTeX Font Info:    Overwriting symbol font `stmry' in version `bold'
(Font)                  U/stmry/m/n --> U/stmry/b/n on input line 89.
)
(/usr/local/texlive/2018/texmf-dist/tex/latex/natbib/natbib.sty
Package: natbib 2010/09/13 8.31b (PWD, AO)
\bibhang=\skip63
\bibsep=\skip64
LaTeX Info: Redefining \cite on input line 694.
\c@NAT@ctr=\count133
)
(/usr/local/texlive/2018/texmf-dist/tex/latex/microtype/microtype.sty
Package: microtype 2018/01/14 v2.7a Micro-typographical refinements (RS)
\MT@toks=\toks34
\MT@count=\count134
LaTeX Info: Redefining \textls on input line 793.
\MT@outer@kern=\dimen132
LaTeX Info: Redefining \textmicrotypecontext on input line 1339.
\MT@listname@count=\count135

(/usr/local/texlive/2018/texmf-dist/tex/latex/microtype/microtype-pdftex.def
File: microtype-pdftex.def 2018/01/14 v2.7a Definitions specific to pdftex (RS)

LaTeX Info: Redefining \lsstyle on input line 913.
LaTeX Info: Redefining \lslig on input line 913.
\MT@outer@space=\skip65
)
Package microtype Info: Loading configuration file microtype.cfg.

(/usr/local/texlive/2018/texmf-dist/tex/latex/microtype/microtype.cfg
File: microtype.cfg 2018/01/14 v2.7a microtype main configuration file (RS)
))
(/usr/local/texlive/2018/texmf-dist/tex/latex/booktabs/booktabs.sty
Package: booktabs 2016/04/27 v1.618033 publication quality tables
\heavyrulewidth=\dimen133
\lightrulewidth=\dimen134
\cmidrulewidth=\dimen135
\belowrulesep=\dimen136
\belowbottomsep=\dimen137
\aboverulesep=\dimen138
\abovetopsep=\dimen139
\cmidrulesep=\dimen140
\cmidrulekern=\dimen141
\defaultaddspace=\dimen142
\@cmidla=\count136
\@cmidlb=\count137
\@aboverulesep=\dimen143
\@belowrulesep=\dimen144
\@thisruleclass=\count138
\@lastruleclass=\count139
\@thisrulewidth=\dimen145
)
(/usr/local/texlive/2018/texmf-dist/tex/latex/mdframed/mdframed.sty
Package: mdframed 2013/07/01 1.9b: mdframed

(/usr/local/texlive/2018/texmf-dist/tex/latex/l3packages/xparse/xparse.sty
(/usr/local/texlive/2018/texmf-dist/tex/latex/l3kernel/expl3.sty
Package: expl3 2018/03/05 L3 programming layer (loader) 

(/usr/local/texlive/2018/texmf-dist/tex/latex/l3kernel/expl3-code.tex
Package: expl3 2018/03/05 L3 programming layer (code)
\c_max_int=\count140
\l_tmpa_int=\count141
\l_tmpb_int=\count142
\g_tmpa_int=\count143
\g_tmpb_int=\count144
\g__intarray_font_int=\count145
\g__prg_map_int=\count146
\c_log_iow=\count147
\l_iow_line_count_int=\count148
\l__iow_line_target_int=\count149
\l__iow_one_indent_int=\count150
\l__iow_indent_int=\count151
\c_zero_dim=\dimen146
\c_max_dim=\dimen147
\l_tmpa_dim=\dimen148
\l_tmpb_dim=\dimen149
\g_tmpa_dim=\dimen150
\g_tmpb_dim=\dimen151
\c_zero_skip=\skip66
\c_max_skip=\skip67
\l_tmpa_skip=\skip68
\l_tmpb_skip=\skip69
\g_tmpa_skip=\skip70
\g_tmpb_skip=\skip71
\c_zero_muskip=\muskip12
\c_max_muskip=\muskip13
\l_tmpa_muskip=\muskip14
\l_tmpb_muskip=\muskip15
\g_tmpa_muskip=\muskip16
\g_tmpb_muskip=\muskip17
\l_keys_choice_int=\count152
\c__fp_leading_shift_int=\count153
\c__fp_middle_shift_int=\count154
\c__fp_trailing_shift_int=\count155
\c__fp_big_leading_shift_int=\count156
\c__fp_big_middle_shift_int=\count157
\c__fp_big_trailing_shift_int=\count158
\c__fp_Bigg_leading_shift_int=\count159
\c__fp_Bigg_middle_shift_int=\count160
\c__fp_Bigg_trailing_shift_int=\count161
\c__fp_rand_size_int=\count162
\c__fp_rand_four_int=\count163
\c__fp_rand_eight_int=\count164
\l__sort_length_int=\count165
\l__sort_min_int=\count166
\l__sort_top_int=\count167
\l__sort_max_int=\count168
\l__sort_true_max_int=\count169
\l__sort_block_int=\count170
\l__sort_begin_int=\count171
\l__sort_end_int=\count172
\l__sort_A_int=\count173
\l__sort_B_int=\count174
\l__sort_C_int=\count175
\l__tl_build_start_index_int=\count176
\l__tl_build_index_int=\count177
\l__tl_analysis_normal_int=\count178
\l__tl_analysis_index_int=\count179
\l__tl_analysis_nesting_int=\count180
\l__tl_analysis_type_int=\count181
\l__regex_internal_a_int=\count182
\l__regex_internal_b_int=\count183
\l__regex_internal_c_int=\count184
\l__regex_balance_int=\count185
\l__regex_group_level_int=\count186
\l__regex_mode_int=\count187
\c__regex_cs_in_class_mode_int=\count188
\c__regex_cs_mode_int=\count189
\l__regex_catcodes_int=\count190
\l__regex_default_catcodes_int=\count191
\c__regex_catcode_D_int=\count192
\c__regex_catcode_S_int=\count193
\c__regex_catcode_L_int=\count194
\c__regex_catcode_O_int=\count195
\c__regex_catcode_A_int=\count196
\c__regex_all_catcodes_int=\count197
\l__regex_show_lines_int=\count198
\l__regex_min_state_int=\count199
\l__regex_max_state_int=\count266
\l__regex_left_state_int=\count267
\l__regex_right_state_int=\count268
\l__regex_capturing_group_int=\count269
\l__regex_min_pos_int=\count270
\l__regex_max_pos_int=\count271
\l__regex_curr_pos_int=\count272
\l__regex_start_pos_int=\count273
\l__regex_success_pos_int=\count274
\l__regex_curr_char_int=\count275
\l__regex_curr_catcode_int=\count276
\l__regex_last_char_int=\count277
\l__regex_case_changed_char_int=\count278
\l__regex_curr_state_int=\count279
\l__regex_step_int=\count280
\l__regex_min_active_int=\count281
\l__regex_max_active_int=\count282
\l__regex_replacement_csnames_int=\count283
\l__regex_match_count_int=\count284
\l__regex_min_submatch_int=\count285
\l__regex_submatch_int=\count286
\l__regex_zeroth_submatch_int=\count287
\g__regex_trace_regex_int=\count288
\c_empty_box=\box57
\l_tmpa_box=\box58
\l_tmpb_box=\box59
\g_tmpa_box=\box60
\g_tmpb_box=\box61
\l__box_top_dim=\dimen152
\l__box_bottom_dim=\dimen153
\l__box_left_dim=\dimen154
\l__box_right_dim=\dimen155
\l__box_top_new_dim=\dimen156
\l__box_bottom_new_dim=\dimen157
\l__box_left_new_dim=\dimen158
\l__box_right_new_dim=\dimen159
\l__box_internal_box=\box62
\l__coffin_internal_box=\box63
\l__coffin_internal_dim=\dimen160
\l__coffin_offset_x_dim=\dimen161
\l__coffin_offset_y_dim=\dimen162
\l__coffin_x_dim=\dimen163
\l__coffin_y_dim=\dimen164
\l__coffin_x_prime_dim=\dimen165
\l__coffin_y_prime_dim=\dimen166
\c_empty_coffin=\box64
\l__coffin_aligned_coffin=\box65
\l__coffin_aligned_internal_coffin=\box66
\l_tmpa_coffin=\box67
\l_tmpb_coffin=\box68
\l__coffin_display_coffin=\box69
\l__coffin_display_coord_coffin=\box70
\l__coffin_display_pole_coffin=\box71
\l__coffin_display_offset_dim=\dimen167
\l__coffin_display_x_dim=\dimen168
\l__coffin_display_y_dim=\dimen169
\l__coffin_bounding_shift_dim=\dimen170
\l__coffin_left_corner_dim=\dimen171
\l__coffin_right_corner_dim=\dimen172
\l__coffin_bottom_corner_dim=\dimen173
\l__coffin_top_corner_dim=\dimen174
\l__coffin_scaled_total_height_dim=\dimen175
\l__coffin_scaled_width_dim=\dimen176
)
(/usr/local/texlive/2018/texmf-dist/tex/latex/l3kernel/l3pdfmode.def
File: l3pdfmode.def 2017/03/18 v L3 Experimental driver: PDF mode
\l__driver_color_stack_int=\count289
))
Package: xparse 2018/02/21 L3 Experimental document command parser
\l__xparse_current_arg_int=\count290
\g__xparse_grabber_int=\count291
\l__xparse_m_args_int=\count292
\l__xparse_mandatory_args_int=\count293
\l__xparse_v_nesting_int=\count294
)
(/usr/local/texlive/2018/texmf-dist/tex/latex/etoolbox/etoolbox.sty
Package: etoolbox 2018/02/11 v2.5e e-TeX tools for LaTeX (JAW)
\etb@tempcnta=\count295
)
(/usr/local/texlive/2018/texmf-dist/tex/latex/oberdiek/zref-abspage.sty
Package: zref-abspage 2016/05/21 v2.26 Module abspage for zref (HO)

(/usr/local/texlive/2018/texmf-dist/tex/latex/oberdiek/zref-base.sty
Package: zref-base 2016/05/21 v2.26 Module base for zref (HO)
Package zref Info: New property list: main on input line 759.
Package zref Info: New property: default on input line 760.
Package zref Info: New property: page on input line 761.
)
\c@abspage=\count296
Package zref Info: New property: abspage on input line 62.
)
(/usr/local/texlive/2018/texmf-dist/tex/latex/needspace/needspace.sty
Package: needspace 2010/09/12 v1.3d reserve vertical space
)
(/usr/local/texlive/2018/texmf-dist/tex/latex/graphics/color.sty
Package: color 2016/07/10 v1.1e Standard LaTeX Color (DPC)

(/usr/local/texlive/2018/texmf-dist/tex/latex/graphics-cfg/color.cfg
File: color.cfg 2016/01/02 v1.6 sample color configuration
)
Package color Info: Driver file: pdftex.def on input line 147.
)
\mdf@templength=\skip72
\c@mdf@globalstyle@cnt=\count297
\mdf@skipabove@length=\skip73
\mdf@skipbelow@length=\skip74
\mdf@leftmargin@length=\skip75
\mdf@rightmargin@length=\skip76
\mdf@innerleftmargin@length=\skip77
\mdf@innerrightmargin@length=\skip78
\mdf@innertopmargin@length=\skip79
\mdf@innerbottommargin@length=\skip80
\mdf@splittopskip@length=\skip81
\mdf@splitbottomskip@length=\skip82
\mdf@outermargin@length=\skip83
\mdf@innermargin@length=\skip84
\mdf@linewidth@length=\skip85
\mdf@innerlinewidth@length=\skip86
\mdf@middlelinewidth@length=\skip87
\mdf@outerlinewidth@length=\skip88
\mdf@roundcorner@length=\skip89
\mdf@footenotedistance@length=\skip90
\mdf@userdefinedwidth@length=\skip91
\mdf@needspace@length=\skip92
\mdf@frametitleaboveskip@length=\skip93
\mdf@frametitlebelowskip@length=\skip94
\mdf@frametitlerulewidth@length=\skip95
\mdf@frametitleleftmargin@length=\skip96
\mdf@frametitlerightmargin@length=\skip97
\mdf@shadowsize@length=\skip98
\mdf@extratopheight@length=\skip99
\mdf@subtitleabovelinewidth@length=\skip100
\mdf@subtitlebelowlinewidth@length=\skip101
\mdf@subtitleaboveskip@length=\skip102
\mdf@subtitlebelowskip@length=\skip103
\mdf@subtitleinneraboveskip@length=\skip104
\mdf@subtitleinnerbelowskip@length=\skip105
\mdf@subsubtitleabovelinewidth@length=\skip106
\mdf@subsubtitlebelowlinewidth@length=\skip107
\mdf@subsubtitleaboveskip@length=\skip108
\mdf@subsubtitlebelowskip@length=\skip109
\mdf@subsubtitleinneraboveskip@length=\skip110
\mdf@subsubtitleinnerbelowskip@length=\skip111

(/usr/local/texlive/2018/texmf-dist/tex/latex/mdframed/md-frame-0.mdf
File: md-frame-0.mdf 2013/07/01\ 1.9b: md-frame-0
)
\mdf@frametitlebox=\box72
\mdf@footnotebox=\box73
\mdf@splitbox@one=\box74
\mdf@splitbox@two=\box75
\mdf@splitbox@save=\box76
\mdfsplitboxwidth=\skip112
\mdfsplitboxtotalwidth=\skip113
\mdfsplitboxheight=\skip114
\mdfsplitboxdepth=\skip115
\mdfsplitboxtotalheight=\skip116
\mdfframetitleboxwidth=\skip117
\mdfframetitleboxtotalwidth=\skip118
\mdfframetitleboxheight=\skip119
\mdfframetitleboxdepth=\skip120
\mdfframetitleboxtotalheight=\skip121
\mdffootnoteboxwidth=\skip122
\mdffootnoteboxtotalwidth=\skip123
\mdffootnoteboxheight=\skip124
\mdffootnoteboxdepth=\skip125
\mdffootnoteboxtotalheight=\skip126
\mdftotallinewidth=\skip127
\mdfboundingboxwidth=\skip128
\mdfboundingboxtotalwidth=\skip129
\mdfboundingboxheight=\skip130
\mdfboundingboxdepth=\skip131
\mdfboundingboxtotalheight=\skip132
\mdf@freevspace@length=\skip133
\mdf@horizontalwidthofbox@length=\skip134
\mdf@verticalmarginwhole@length=\skip135
\mdf@horizontalspaceofbox=\skip136
\mdfsubtitleheight=\skip137
\mdfsubsubtitleheight=\skip138
\c@mdfcountframes=\count298

****** mdframed patching \endmdf@trivlist

****** -- success******

.................................................
. LaTeX info: "xparse/define-command"
. 
. Defining command \newmdtheoremenv with sig. 'O{} m o m o ' on line 601.
.................................................
.................................................
. LaTeX info: "xparse/define-command"
. 
. Defining command \mdtheorem with sig. ' O{} m o m o ' on line 701.
.................................................
\mdf@envdepth=\count299
\c@mdf@env@i=\count300
\c@mdf@env@ii=\count301
\c@mdf@zref@counter=\count302
Package zref Info: New property: mdf@pagevalue on input line 895.
)
(./icml2021.sty
Package: icml2021 2020/11/18 v2.0 ICML Conference Style File
 (/usr/local/texlive/2018/texmf-dist/tex/latex/psnfss/times.sty
Package: times 2005/04/12 PSNFSS-v9.2a (SPQR) 
) (./fancyhdr.sty
\fancy@headwidth=\skip139
\f@ncyO@elh=\skip140
\f@ncyO@erh=\skip141
\f@ncyO@olh=\skip142
\f@ncyO@orh=\skip143
\f@ncyO@elf=\skip144
\f@ncyO@erf=\skip145
\f@ncyO@olf=\skip146
\f@ncyO@orf=\skip147
)
(/usr/local/texlive/2018/texmf-dist/tex/latex/eso-pic/eso-pic.sty
Package: eso-pic 2015/07/21 v2.0g eso-pic (RN)
)
(/usr/local/texlive/2018/texmf-dist/tex/latex/forloop/forloop.sty
Package: forloop 2006/09/18 v3.0 For Loops for LaTeX
)
Package hyperref Info: Option `colorlinks' set `true' on input line 108.
\titrun=\box77
\c@@affiliationcounter=\count303
\c@@affilnum=\count304
\newcaptionbox=\box78
\newcaptionboxwid=\dimen177
\icmlrulerbox=\box79
\icmlrulercount=\count305
\icmlruleroffset=\dimen178
\cv@lineheight=\dimen179
\cv@boxheight=\dimen180
\cv@tmpbox=\box80
\cv@refno=\count306
\cv@tot=\count307
\cv@tmpc@=\count308
\cv@tmpc=\count309
)
(./shortcuts.tex
\c@Fact=\count310
\c@Lemma=\count311
\c@Prop=\count312
\c@Theorem=\count313
\c@Def=\count314
\c@Corollary=\count315
\c@Conjecture=\count316
\c@Property=\count317
\c@Observation=\count318
\c@Exa=\count319
\c@assumption=\count320
\c@Remark=\count321
\c@theo=\count322
\c@coro=\count323
\c@lem=\count324
) (./main.aux)
\openout1 = `main.aux'.

LaTeX Font Info:    Checking defaults for OML/cmm/m/it on input line 38.
LaTeX Font Info:    ... okay on input line 38.
LaTeX Font Info:    Checking defaults for T1/cmr/m/n on input line 38.
LaTeX Font Info:    ... okay on input line 38.
LaTeX Font Info:    Checking defaults for OT1/cmr/m/n on input line 38.
LaTeX Font Info:    ... okay on input line 38.
LaTeX Font Info:    Checking defaults for OMS/cmsy/m/n on input line 38.
LaTeX Font Info:    ... okay on input line 38.
LaTeX Font Info:    Checking defaults for OMX/cmex/m/n on input line 38.
LaTeX Font Info:    ... okay on input line 38.
LaTeX Font Info:    Checking defaults for U/cmr/m/n on input line 38.
LaTeX Font Info:    ... okay on input line 38.
LaTeX Font Info:    Checking defaults for PD1/pdf/m/n on input line 38.
LaTeX Font Info:    ... okay on input line 38.
LaTeX Font Info:    Try loading font information for OT1+ptm on input line 38.

(/usr/local/texlive/2018/texmf-dist/tex/latex/psnfss/ot1ptm.fd
File: ot1ptm.fd 2001/06/04 font definitions for OT1/ptm.
)
\AtBeginShipoutBox=\box81
Package hyperref Info: Link coloring ON on input line 38.

(/usr/local/texlive/2018/texmf-dist/tex/latex/hyperref/nameref.sty
Package: nameref 2016/05/21 v2.44 Cross-referencing by name of section

(/usr/local/texlive/2018/texmf-dist/tex/generic/oberdiek/gettitlestring.sty
Package: gettitlestring 2016/05/16 v1.5 Cleanup title references (HO)
)
\c@section@level=\count325
)
LaTeX Info: Redefining \ref on input line 38.
LaTeX Info: Redefining \pageref on input line 38.
LaTeX Info: Redefining \nameref on input line 38.

(./main.out) (./main.out)
\@outlinefile=\write3
\openout3 = `main.out'.


(/usr/local/texlive/2018/texmf-dist/tex/context/base/mkii/supp-pdf.mkii
[Loading MPS to PDF converter (version 2006.09.02).]
\scratchcounter=\count326
\scratchdimen=\dimen181
\scratchbox=\box82
\nofMPsegments=\count327
\nofMParguments=\count328
\everyMPshowfont=\toks35
\MPscratchCnt=\count329
\MPscratchDim=\dimen182
\MPnumerator=\count330
\makeMPintoPDFobject=\count331
\everyMPtoPDFconversion=\toks36
) (/usr/local/texlive/2018/texmf-dist/tex/latex/oberdiek/epstopdf-base.sty
Package: epstopdf-base 2016/05/15 v2.6 Base part for package epstopdf

(/usr/local/texlive/2018/texmf-dist/tex/latex/oberdiek/grfext.sty
Package: grfext 2016/05/16 v1.2 Manage graphics extensions (HO)
)
Package epstopdf-base Info: Redefining graphics rule for `.eps' on input line 4
38.
Package grfext Info: Graphics extension search list:
(grfext)             [.pdf,.png,.jpg,.mps,.jpeg,.jbig2,.jb2,.PDF,.PNG,.JPG,.JPE
G,.JBIG2,.JB2,.eps]
(grfext)             \AppendGraphicsExtensions on input line 456.

(/usr/local/texlive/2018/texmf-dist/tex/latex/latexconfig/epstopdf-sys.cfg
File: epstopdf-sys.cfg 2010/07/13 v1.3 Configuration of (r)epstopdf for TeX Liv
e
))
LaTeX Info: Redefining \microtypecontext on input line 38.
Package microtype Info: Generating PDF output.
Package microtype Info: Character protrusion enabled (level 2).
Package microtype Info: Using default protrusion set `alltext'.
Package microtype Info: Automatic font expansion enabled (level 2),
(microtype)             stretch: 20, shrink: 20, step: 1, non-selected.
Package microtype Info: Using default expansion set `basictext'.
Package microtype Info: No adjustment of tracking.
Package microtype Info: No adjustment of interword spacing.
Package microtype Info: No adjustment of character kerning.

(/usr/local/texlive/2018/texmf-dist/tex/latex/microtype/mt-ptm.cfg
File: mt-ptm.cfg 2006/04/20 v1.7 microtype config. file: Times (RS)
)

Package hyperref Warning: Token not allowed in a PDF string (PDFDocEncoding):
(hyperref)                removing `\\' on input line 75.

LaTeX Font Info:    Font shape `OT1/ptm/bx/n' in size <9> not available
(Font)              Font shape `OT1/ptm/b/n' tried instead on input line 75.
LaTeX Font Info:    Font shape `OT1/ptm/bx/n' in size <14.4> not available
(Font)              Font shape `OT1/ptm/b/n' tried instead on input line 75.
LaTeX Font Info:    Font shape `OT1/ptm/bx/n' in size <10> not available
(Font)              Font shape `OT1/ptm/b/n' tried instead on input line 75.
\c@@affil@anon=\count332
(/usr/local/texlive/2018/texmf-dist/tex/latex/microtype/mt-cmr.cfg
File: mt-cmr.cfg 2013/05/19 v2.2 microtype config. file: Computer Modern Roman 
(RS)
)
LaTeX Font Info:    Try loading font information for U+msa on input line 75.

(/usr/local/texlive/2018/texmf-dist/tex/latex/amsfonts/umsa.fd
File: umsa.fd 2013/01/14 v3.01 AMS symbols A
)
(/usr/local/texlive/2018/texmf-dist/tex/latex/microtype/mt-msa.cfg
File: mt-msa.cfg 2006/02/04 v1.1 microtype config. file: AMS symbols (a) (RS)
)
LaTeX Font Info:    Try loading font information for U+msb on input line 75.

(/usr/local/texlive/2018/texmf-dist/tex/latex/amsfonts/umsb.fd
File: umsb.fd 2013/01/14 v3.01 AMS symbols B
)
(/usr/local/texlive/2018/texmf-dist/tex/latex/microtype/mt-msb.cfg
File: mt-msb.cfg 2005/06/01 v1.0 microtype config. file: AMS symbols (b) (RS)
)
LaTeX Font Info:    Try loading font information for U+stmry on input line 75.

(/usr/local/texlive/2018/texmf-dist/tex/latex/stmaryrd/Ustmry.fd)

Package hyperref Warning: Ignoring empty anchor on input line 86.

LaTeX Font Info:    Try loading font information for OML+ptm on input line 86.
(/usr/local/texlive/2018/texmf-dist/tex/latex/psnfss/omlptm.fd
File: omlptm.fd 
)
LaTeX Font Info:    Font shape `OML/ptm/m/n' in size <9> not available
(Font)              Font shape `OML/cmm/m/it' tried instead on input line 86.
LaTeX Font Info:    Font shape `OT1/ptm/bx/n' in size <12> not available
(Font)              Font shape `OT1/ptm/b/n' tried instead on input line 88.

Underfull \vbox (badness 7704) has occurred while \output is active []

 [1{/usr/local/texlive/2018/texmf-var/fonts/map/pdftex/updmap/pdftex.map}



]
LaTeX Font Info:    Try loading font information for OMS+ptm on input line 123.


(/usr/local/texlive/2018/texmf-dist/tex/latex/psnfss/omsptm.fd
File: omsptm.fd 
)
LaTeX Font Info:    Font shape `OMS/ptm/m/n' in size <10> not available
(Font)              Font shape `OMS/cmsy/m/n' tried instead on input line 123.
Package microtype Info: Loading generic protrusion settings for font family
(microtype)             `cmss' (encoding: OT1).
(microtype)             For optimal results, create family-specific settings.
(microtype)             See the microtype manual for details.

Underfull \hbox (badness 1137) in paragraph at lines 138--142
\OT1/ptm/m/n/10 (+20) gen-er-ally com-bine the idea of adap-tiv-ity from \OT1/p
tm/m/sc/10 (+20) Ada-
 []


Underfull \vbox (badness 1226) has occurred while \output is active []

 [2]
[3]

pdfTeX warning: /Library/TeX/texbin/pdflatex (file ./plot/plot1.pdf): PDF inclu
sion: found PDF version <1.7>, but at most version <1.5> allowed
<plot/plot1.pdf, id=153, 867.24pt x 520.34402pt>
File: plot/plot1.pdf Graphic file (type pdf)
<use plot/plot1.pdf>
Package pdftex.def Info: plot/plot1.pdf  used on input line 233.
(pdftex.def)             Requested size: 258.54532pt x 155.1278pt.

Overfull \hbox (17.82776pt too wide) in paragraph at lines 233--235
[][]
 []


Underfull \hbox (badness 7944) in paragraph at lines 264--265
[] []\OT1/ptm/m/n/10 (+20) Server com-putes the av-er-ages of the lo-cal
 []


Underfull \hbox (badness 6675) in paragraph at lines 264--265
\OT1/ptm/m/n/10 (+20) mod-els $[] \OT1/cmr/m/n/10 = [] [][] \OML/cmm/m/it/10 ^^
R[]$ \OT1/ptm/m/n/10 (+20) and $[] \OT1/cmr/m/n/10 =
 []

LaTeX Font Info:    Font shape `OT1/ptm/bx/sc' in size <12> not available
(Font)              Font shape `OT1/ptm/b/sc' tried instead on input line 270.

Overfull \hbox (6.51009pt too wide) in paragraph at lines 276--285
 [] 
 []

LaTeX Font Info:    Font shape `OT1/ptm/bx/sc' in size <10> not available
(Font)              Font shape `OT1/ptm/b/sc' tried instead on input line 299.
[4pdfTeX warning (ext4): destination with the same identifier (name{figure.1}) 
has been already used, duplicate ignored

\AtBegShi@Output ...ipout \box \AtBeginShipoutBox 
                                                  \fi \fi 
l.307 \begin{assumption}
                        \label{ass:boundgrad}(Unbiased and Bounded gradient)pdf
TeX warning (ext4): destination with the same identifier (name{table.1}) has be
en already used, duplicate ignored

\AtBegShi@Output ...ipout \box \AtBeginShipoutBox 
                                                  \fi \fi 
l.307 \begin{assumption}
                        \label{ass:boundgrad}(Unbiased and Bounded gradient) <.
/plot/plot1.pdf>]
Package mdframed Info: mdframed detected package amsthm 
 changed the theorem header of amsthm
(mdframed)              on input line 321.
LaTeX Font Info:    Font shape `OT1/ptm/bx/it' in size <10> not available
(Font)              Font shape `OT1/ptm/b/it' tried instead on input line 322.
Package mdframed Info: mdframed detected package amsthm 
 changed the theorem header of amsthm
(mdframed)              on input line 342.
Package mdframed Info: mdframed detected package amsthm 
 changed the theorem header of amsthm
(mdframed)              on input line 355.

Overfull \hbox (4.91876pt too wide) detected at line 359
[][] \OMS/cmsy/m/n/10 ^^U [] [][] ^^@ []\OML/cmm/m/it/10 []M[]^^^[][]
 []

[5]
Package mdframed Info: mdframed detected package amsthm 
 changed the theorem header of amsthm
(mdframed)              on input line 384.
Package mdframed Info: mdframed detected package amsthm 
 changed the theorem header of amsthm
(mdframed)              on input line 411.
Package mdframed Info: Not enough space on this page on input line 416.
 [6]
Package epstopdf Info: Source file: <figure/mnist_testerror_mlp_ep1_client50_ii
d0.eps>
(epstopdf)                    date: 2021-02-02 13:55:42
(epstopdf)                    size: 60859 bytes
(epstopdf)             Output file: <figure/mnist_testerror_mlp_ep1_client50_ii
d0-eps-converted-to.pdf>
(epstopdf)                    date: 2021-02-02 14:57:12
(epstopdf)                    size: 58967 bytes
(epstopdf)             Command: <repstopdf --outfile=figure/mnist_testerror_mlp
_ep1_client50_iid0-eps-converted-to.pdf figure/mnist_testerror_mlp_ep1_client50
_iid0.eps>
(epstopdf)             \includegraphics on input line 473.
Package epstopdf Info: Output file is already uptodate.
<figure/mnist_testerror_mlp_ep1_client50_iid0-eps-converted-to.pdf, id=304, 421
.575pt x 316.18124pt>
File: figure/mnist_testerror_mlp_ep1_client50_iid0-eps-converted-to.pdf Graphic
 file (type pdf)
<use figure/mnist_testerror_mlp_ep1_client50_iid0-eps-converted-to.pdf>
Package pdftex.def Info: figure/mnist_testerror_mlp_ep1_client50_iid0-eps-conve
rted-to.pdf  used on input line 473.
(pdftex.def)             Requested size: 121.95561pt x 91.46346pt.
Package epstopdf Info: Source file: <figure/mnist_testerror_mlp_ep5_client50_ii
d0.eps>
(epstopdf)                    date: 2021-02-02 13:55:42
(epstopdf)                    size: 61272 bytes
(epstopdf)             Output file: <figure/mnist_testerror_mlp_ep5_client50_ii
d0-eps-converted-to.pdf>
(epstopdf)                    date: 2021-02-02 14:57:12
(epstopdf)                    size: 58847 bytes
(epstopdf)             Command: <repstopdf --outfile=figure/mnist_testerror_mlp
_ep5_client50_iid0-eps-converted-to.pdf figure/mnist_testerror_mlp_ep5_client50
_iid0.eps>
(epstopdf)             \includegraphics on input line 473.
Package epstopdf Info: Output file is already uptodate.
<figure/mnist_testerror_mlp_ep5_client50_iid0-eps-converted-to.pdf, id=305, 421
.575pt x 316.18124pt>
File: figure/mnist_testerror_mlp_ep5_client50_iid0-eps-converted-to.pdf Graphic
 file (type pdf)
<use figure/mnist_testerror_mlp_ep5_client50_iid0-eps-converted-to.pdf>
Package pdftex.def Info: figure/mnist_testerror_mlp_ep5_client50_iid0-eps-conve
rted-to.pdf  used on input line 473.
(pdftex.def)             Requested size: 121.95561pt x 91.46346pt.

Overfull \hbox (16.53372pt too wide) in paragraph at lines 473--474
 [] 
 []

Package epstopdf Info: Source file: <figure/mnist_testerror_cnn_ep1_client60_ii
d0.eps>
(epstopdf)                    date: 2021-02-02 13:55:42
(epstopdf)                    size: 65754 bytes
(epstopdf)             Output file: <figure/mnist_testerror_cnn_ep1_client60_ii
d0-eps-converted-to.pdf>
(epstopdf)                    date: 2021-02-02 14:57:13
(epstopdf)                    size: 97888 bytes
(epstopdf)             Command: <repstopdf --outfile=figure/mnist_testerror_cnn
_ep1_client60_iid0-eps-converted-to.pdf figure/mnist_testerror_cnn_ep1_client60
_iid0.eps>
(epstopdf)             \includegraphics on input line 478.
Package epstopdf Info: Output file is already uptodate.
<figure/mnist_testerror_cnn_ep1_client60_iid0-eps-converted-to.pdf, id=306, 421
.575pt x 317.185pt>
File: figure/mnist_testerror_cnn_ep1_client60_iid0-eps-converted-to.pdf Graphic
 file (type pdf)
<use figure/mnist_testerror_cnn_ep1_client60_iid0-eps-converted-to.pdf>
Package pdftex.def Info: figure/mnist_testerror_cnn_ep1_client60_iid0-eps-conve
rted-to.pdf  used on input line 478.
(pdftex.def)             Requested size: 121.95561pt x 91.75381pt.
Package epstopdf Info: Source file: <figure/mnist_testerror_cnn_ep5_client50_ii
d0.eps>
(epstopdf)                    date: 2021-02-02 13:55:42
(epstopdf)                    size: 16278 bytes
(epstopdf)             Output file: <figure/mnist_testerror_cnn_ep5_client50_ii
d0-eps-converted-to.pdf>
(epstopdf)                    date: 2021-02-02 14:57:13
(epstopdf)                    size: 8040 bytes
(epstopdf)             Command: <repstopdf --outfile=figure/mnist_testerror_cnn
_ep5_client50_iid0-eps-converted-to.pdf figure/mnist_testerror_cnn_ep5_client50
_iid0.eps>
(epstopdf)             \includegraphics on input line 478.
Package epstopdf Info: Output file is already uptodate.
<figure/mnist_testerror_cnn_ep5_client50_iid0-eps-converted-to.pdf, id=307, 421
.575pt x 316.18124pt>
File: figure/mnist_testerror_cnn_ep5_client50_iid0-eps-converted-to.pdf Graphic
 file (type pdf)
<use figure/mnist_testerror_cnn_ep5_client50_iid0-eps-converted-to.pdf>
Package pdftex.def Info: figure/mnist_testerror_cnn_ep5_client50_iid0-eps-conve
rted-to.pdf  used on input line 478.
(pdftex.def)             Requested size: 121.95561pt x 91.46346pt.

Overfull \hbox (16.53372pt too wide) in paragraph at lines 478--479
 [][] 
 []

[7pdfTeX warning (ext4): destination with the same identifier (name{figure.2}) 
has been already used, duplicate ignored

\AtBegShi@Output ...ipout \box \AtBeginShipoutBox 
                                                  \fi \fi 
l.490 
       <./figure/mnist_testerror_mlp_ep1_client50_iid0-eps-converted-to.pdf> <.
/figure/mnist_testerror_mlp_ep5_client50_iid0-eps-converted-to.pdf> <./figure/m
nist_testerror_cnn_ep1_client60_iid0-eps-converted-to.pdf> <./figure/mnist_test
error_cnn_ep5_client50_iid0-eps-converted-to.pdf>]
Package epstopdf Info: Source file: <figure/cifar_testerror_cnn_ep1_client50_ii
d1.eps>
(epstopdf)                    date: 2021-02-02 13:55:42
(epstopdf)                    size: 19923 bytes
(epstopdf)             Output file: <figure/cifar_testerror_cnn_ep1_client50_ii
d1-eps-converted-to.pdf>
(epstopdf)                    date: 2021-02-02 14:57:14
(epstopdf)                    size: 9607 bytes
(epstopdf)             Command: <repstopdf --outfile=figure/cifar_testerror_cnn
_ep1_client50_iid1-eps-converted-to.pdf figure/cifar_testerror_cnn_ep1_client50
_iid1.eps>
(epstopdf)             \includegraphics on input line 516.
Package epstopdf Info: Output file is already uptodate.
<figure/cifar_testerror_cnn_ep1_client50_iid1-eps-converted-to.pdf, id=355, 421
.575pt x 316.18124pt>
File: figure/cifar_testerror_cnn_ep1_client50_iid1-eps-converted-to.pdf Graphic
 file (type pdf)
<use figure/cifar_testerror_cnn_ep1_client50_iid1-eps-converted-to.pdf>
Package pdftex.def Info: figure/cifar_testerror_cnn_ep1_client50_iid1-eps-conve
rted-to.pdf  used on input line 516.
(pdftex.def)             Requested size: 121.95561pt x 91.46346pt.
Package epstopdf Info: Source file: <figure/cifar_testerror_cnn_ep3_client50_ii
d1.eps>
(epstopdf)                    date: 2021-02-02 13:55:42
(epstopdf)                    size: 57605 bytes
(epstopdf)             Output file: <figure/cifar_testerror_cnn_ep3_client50_ii
d1-eps-converted-to.pdf>
(epstopdf)                    date: 2021-02-02 14:57:14
(epstopdf)                    size: 57259 bytes
(epstopdf)             Command: <repstopdf --outfile=figure/cifar_testerror_cnn
_ep3_client50_iid1-eps-converted-to.pdf figure/cifar_testerror_cnn_ep3_client50
_iid1.eps>
(epstopdf)             \includegraphics on input line 516.
Package epstopdf Info: Output file is already uptodate.
<figure/cifar_testerror_cnn_ep3_client50_iid1-eps-converted-to.pdf, id=356, 421
.575pt x 316.18124pt>
File: figure/cifar_testerror_cnn_ep3_client50_iid1-eps-converted-to.pdf Graphic
 file (type pdf)
<use figure/cifar_testerror_cnn_ep3_client50_iid1-eps-converted-to.pdf>
Package pdftex.def Info: figure/cifar_testerror_cnn_ep3_client50_iid1-eps-conve
rted-to.pdf  used on input line 516.
(pdftex.def)             Requested size: 121.95561pt x 91.46346pt.
Package epstopdf Info: Source file: <figure/cifar_testerror_resnet_ep1_client10
_iid1_SGD.eps>
(epstopdf)                    date: 2021-02-02 13:55:42
(epstopdf)                    size: 59707 bytes
(epstopdf)             Output file: <figure/cifar_testerror_resnet_ep1_client10
_iid1_SGD-eps-converted-to.pdf>
(epstopdf)                    date: 2021-02-03 10:30:07
(epstopdf)                    size: 59848 bytes
(epstopdf)             Command: <repstopdf --outfile=figure/cifar_testerror_res
net_ep1_client10_iid1_SGD-eps-converted-to.pdf figure/cifar_testerror_resnet_ep
1_client10_iid1_SGD.eps>
(epstopdf)             \includegraphics on input line 520.
Package epstopdf Info: Output file is already uptodate.
<figure/cifar_testerror_resnet_ep1_client10_iid1_SGD-eps-converted-to.pdf, id=3
57, 421.575pt x 316.18124pt>
File: figure/cifar_testerror_resnet_ep1_client10_iid1_SGD-eps-converted-to.pdf 
Graphic file (type pdf)
<use figure/cifar_testerror_resnet_ep1_client10_iid1_SGD-eps-converted-to.pdf>
Package pdftex.def Info: figure/cifar_testerror_resnet_ep1_client10_iid1_SGD-ep
s-converted-to.pdf  used on input line 520.
(pdftex.def)             Requested size: 121.95561pt x 91.46346pt.
Package epstopdf Info: Source file: <figure/cifar_testerror_resnet_ep3_client10
_iid1_SGD.eps>
(epstopdf)                    date: 2021-02-02 13:55:42
(epstopdf)                    size: 61711 bytes
(epstopdf)             Output file: <figure/cifar_testerror_resnet_ep3_client10
_iid1_SGD-eps-converted-to.pdf>
(epstopdf)                    date: 2021-02-03 10:30:07
(epstopdf)                    size: 62354 bytes
(epstopdf)             Command: <repstopdf --outfile=figure/cifar_testerror_res
net_ep3_client10_iid1_SGD-eps-converted-to.pdf figure/cifar_testerror_resnet_ep
3_client10_iid1_SGD.eps>
(epstopdf)             \includegraphics on input line 520.
Package epstopdf Info: Output file is already uptodate.
<figure/cifar_testerror_resnet_ep3_client10_iid1_SGD-eps-converted-to.pdf, id=3
58, 421.575pt x 316.18124pt>
File: figure/cifar_testerror_resnet_ep3_client10_iid1_SGD-eps-converted-to.pdf 
Graphic file (type pdf)
<use figure/cifar_testerror_resnet_ep3_client10_iid1_SGD-eps-converted-to.pdf>
Package pdftex.def Info: figure/cifar_testerror_resnet_ep3_client10_iid1_SGD-ep
s-converted-to.pdf  used on input line 520.
(pdftex.def)             Requested size: 121.95561pt x 91.46346pt.
Package epstopdf Info: Source file: <figure/cifar_testerror_resnet_ep1_client50
_iid1_SGD.eps>
(epstopdf)                    date: 2021-02-02 13:55:42
(epstopdf)                    size: 19881 bytes
(epstopdf)             Output file: <figure/cifar_testerror_resnet_ep1_client50
_iid1_SGD-eps-converted-to.pdf>
(epstopdf)                    date: 2021-02-03 10:30:08
(epstopdf)                    size: 9808 bytes
(epstopdf)             Command: <repstopdf --outfile=figure/cifar_testerror_res
net_ep1_client50_iid1_SGD-eps-converted-to.pdf figure/cifar_testerror_resnet_ep
1_client50_iid1_SGD.eps>
(epstopdf)             \includegraphics on input line 524.
Package epstopdf Info: Output file is already uptodate.
<figure/cifar_testerror_resnet_ep1_client50_iid1_SGD-eps-converted-to.pdf, id=3
59, 421.575pt x 316.18124pt>
File: figure/cifar_testerror_resnet_ep1_client50_iid1_SGD-eps-converted-to.pdf 
Graphic file (type pdf)
<use figure/cifar_testerror_resnet_ep1_client50_iid1_SGD-eps-converted-to.pdf>
Package pdftex.def Info: figure/cifar_testerror_resnet_ep1_client50_iid1_SGD-ep
s-converted-to.pdf  used on input line 524.
(pdftex.def)             Requested size: 121.95561pt x 91.46346pt.
Package epstopdf Info: Source file: <figure/cifar_testerror_resnet_ep3_client50
_iid1_SGD.eps>
(epstopdf)                    date: 2021-02-02 13:55:42
(epstopdf)                    size: 62529 bytes
(epstopdf)             Output file: <figure/cifar_testerror_resnet_ep3_client50
_iid1_SGD-eps-converted-to.pdf>
(epstopdf)                    date: 2021-02-03 10:30:08
(epstopdf)                    size: 62539 bytes
(epstopdf)             Command: <repstopdf --outfile=figure/cifar_testerror_res
net_ep3_client50_iid1_SGD-eps-converted-to.pdf figure/cifar_testerror_resnet_ep
3_client50_iid1_SGD.eps>
(epstopdf)             \includegraphics on input line 524.
Package epstopdf Info: Output file is already uptodate.
<figure/cifar_testerror_resnet_ep3_client50_iid1_SGD-eps-converted-to.pdf, id=3
60, 421.575pt x 316.18124pt>
File: figure/cifar_testerror_resnet_ep3_client50_iid1_SGD-eps-converted-to.pdf 
Graphic file (type pdf)
<use figure/cifar_testerror_resnet_ep3_client50_iid1_SGD-eps-converted-to.pdf>
Package pdftex.def Info: figure/cifar_testerror_resnet_ep3_client50_iid1_SGD-ep
s-converted-to.pdf  used on input line 524.
(pdftex.def)             Requested size: 121.95561pt x 91.46346pt.

Overfull \hbox (16.53372pt too wide) in paragraph at lines 516--525
 [] 
 []


Overfull \hbox (16.53372pt too wide) in paragraph at lines 516--525
 [] 
 []


Overfull \hbox (16.53372pt too wide) in paragraph at lines 516--525
 [] 
 []


Underfull \vbox (badness 10000) has occurred while \output is active []


(./main.bbl [8pdfTeX warning (ext4): destination with the same identifier (name
{figure.3}) has been already used, duplicate ignored

\AtBegShi@Output ...ipout \box \AtBeginShipoutBox 
                                                  \fi \fi 
l.26 
      <./figure/cifar_testerror_cnn_ep1_client50_iid1-eps-converted-to.pdf> <./
figure/cifar_testerror_cnn_ep3_client50_iid1-eps-converted-to.pdf> <./figure/ci
far_testerror_resnet_ep1_client10_iid1_SGD-eps-converted-to.pdf> <./figure/cifa
r_testerror_resnet_ep3_client10_iid1_SGD-eps-converted-to.pdf> <./figure/cifar_
testerror_resnet_ep1_client50_iid1_SGD-eps-converted-to.pdf> <./figure/cifar_te
sterror_resnet_ep3_client50_iid1_SGD-eps-converted-to.pdf>] [9]) [10

] [11


pdfTeX warning (ext4): destination with the same identifier (name{equation.A.7}
) has been already used, duplicate ignored

\AtBegShi@Output ...ipout \box \AtBeginShipoutBox 
                                                  \fi \fi 
l.649 \eeq
          pdfTeX warning (ext4): destination with the same identifier (name{equ
ation.A.7}) has been already used, duplicate ignored

\AtBegShi@Output ...ipout \box \AtBeginShipoutBox 
                                                  \fi \fi 
l.649 \eeq
          pdfTeX warning (ext4): destination with the same identifier (name{equ
ation.A.7}) has been already used, duplicate ignored

\AtBegShi@Output ...ipout \box \AtBeginShipoutBox 
                                                  \fi \fi 
l.649 \eeq
          pdfTeX warning (ext4): destination with the same identifier (name{equ
ation.A.7}) has been already used, duplicate ignored

\AtBegShi@Output ...ipout \box \AtBeginShipoutBox 
                                                  \fi \fi 
l.649 \eeq
          ]pdfTeX warning (ext4): destination with the same identifier (name{eq
uation.A.7}) has been already used, duplicate ignored
<to be read again> 
                   \relax 
l.660 \beq
          \notagpdfTeX warning (ext4): destination with the same identifier (na
me{equation.A.7}) has been already used, duplicate ignored
<to be read again> 
                   \relax 
l.676 \end{align}
                  [12pdfTeX warning (ext4): destination with the same identifie
r (name{equation.A.7}) has been already used, duplicate ignored

\AtBegShi@Output ...ipout \box \AtBeginShipoutBox 
                                                  \fi \fi 
l.704 \end{align}
                 ] [13pdfTeX warning (ext4): destination with the same identifi
er (name{equation.A.16}) has been already used, duplicate ignored

\AtBegShi@Output ...ipout \box \AtBeginShipoutBox 
                                                  \fi \fi 
l.740 \end{align}
                 ]
Overfull \hbox (2.32948pt too wide) detected at line 757
[]
 []


Underfull \vbox (badness 10000) has occurred while \output is active []

 [14]
[15]pdfTeX warning (ext4): destination with the same identifier (name{equation.
A.21}) has been already used, duplicate ignored
<to be read again> 
                   \relax 
l.809 \beq
          \label{eq:final2}
Overfull \hbox (1.9034pt too wide) detected at line 842
[]
 []

[16pdfTeX warning (ext4): destination with the same identifier (name{equation.A
.21}) has been already used, duplicate ignored

\AtBegShi@Output ...ipout \box \AtBeginShipoutBox 
                                                  \fi \fi 
l.859 \end{proof}
                 pdfTeX warning (ext4): destination with the same identifier (n
ame{equation.A.22}) has been already used, duplicate ignored

\AtBegShi@Output ...ipout \box \AtBeginShipoutBox 
                                                  \fi \fi 
l.859 \end{proof}
                 pdfTeX warning (ext4): destination with the same identifier (n
ame{equation.A.22}) has been already used, duplicate ignored

\AtBegShi@Output ...ipout \box \AtBeginShipoutBox 
                                                  \fi \fi 
l.859 \end{proof}
                 pdfTeX warning (ext4): destination with the same identifier (n
ame{equation.A.22}) has been already used, duplicate ignored

\AtBegShi@Output ...ipout \box \AtBeginShipoutBox 
                                                  \fi \fi 
l.859 \end{proof}
                 ]
Package mdframed Info: mdframed detected package amsthm 
 changed the theorem header of amsthm
(mdframed)              on input line 870.
pdfTeX warning (ext4): destination with the same identifier (name{equation.A.22
}) has been already used, duplicate ignored
<to be read again> 
                   \relax 
l.872 \beq
           \label{bound1multiple} [17pdfTeX warning (ext4): destination with th
e same identifier (name{equation.A.22}) has been already used, duplicate ignore
d

\AtBegShi@Output ...ipout \box \AtBeginShipoutBox 
                                                  \fi \fi 
l.903 \end{align}
                 ]
Underfull \vbox (badness 10000) has occurred while \output is active []

 [18]
Overfull \hbox (2.35228pt too wide) detected at line 944
\OMS/cmsy/m/n/10 ^^@\U/msb/m/n/10 E [] \OMS/cmsy/m/n/10 ^^T \OML/cmm/m/it/10 ^^
^[]\OMS/cmsy/m/n/10 r[]\OML/cmm/m/it/10 f\OT1/cmr/m/n/10 (\OML/cmm/m/it/10 ^^R[
]\OT1/cmr/m/n/10 )[]\U/msb/m/n/10 P []
 []

[19]
Overfull \hbox (44.80177pt too wide) detected at line 986
[]
 []

Package atveryend Info: Empty hook `BeforeClearDocument' on input line 996.
[20]
Package atveryend Info: Empty hook `AfterLastShipout' on input line 996.
 (./main.aux)
Package atveryend Info: Executing hook `AtVeryEndDocument' on input line 996.
Package atveryend Info: Executing hook `AtEndAfterFileList' on input line 996.
Package rerunfilecheck Info: File `main.out' has not changed.
(rerunfilecheck)             Checksum: D41D8CD98F00B204E9800998ECF8427E;0.
Package atveryend Info: Empty hook `AtVeryVeryEnd' on input line 996.
 ) 
Here is how much of TeX's memory you used:
 19899 strings out of 492649
 349001 string characters out of 6129622
 507911 words of memory out of 5000000
 23109 multiletter control sequences out of 15000+600000
 580480 words of font info for 288 fonts, out of 8000000 for 9000
 1141 hyphenation exceptions out of 8191
 39i,20n,54p,10393b,600s stack positions out of 5000i,500n,10000p,200000b,80000s
{/usr/local/texlive/2018/texmf-dist/fonts/enc/dvips/base/8r.enc}</usr/local/t
exlive/2018/texmf-dist/fonts/type1/public/amsfonts/cm/cmex10.pfb></usr/local/te
xlive/2018/texmf-dist/fonts/type1/public/amsfonts/cm/cmmi10.pfb></usr/local/tex
live/2018/texmf-dist/fonts/type1/public/amsfonts/cm/cmmi5.pfb></usr/local/texli
ve/2018/texmf-dist/fonts/type1/public/amsfonts/cm/cmmi6.pfb></usr/local/texlive
/2018/texmf-dist/fonts/type1/public/amsfonts/cm/cmmi7.pfb></usr/local/texlive/2
018/texmf-dist/fonts/type1/public/amsfonts/cm/cmmi9.pfb></usr/local/texlive/201
8/texmf-dist/fonts/type1/public/amsfonts/cm/cmr10.pfb></usr/local/texlive/2018/
texmf-dist/fonts/type1/public/amsfonts/cm/cmr5.pfb></usr/local/texlive/2018/tex
mf-dist/fonts/type1/public/amsfonts/cm/cmr6.pfb></usr/local/texlive/2018/texmf-
dist/fonts/type1/public/amsfonts/cm/cmr7.pfb></usr/local/texlive/2018/texmf-dis
t/fonts/type1/public/amsfonts/cm/cmr9.pfb></usr/local/texlive/2018/texmf-dist/f
onts/type1/public/amsfonts/cm/cmss10.pfb></usr/local/texlive/2018/texmf-dist/fo
nts/type1/public/amsfonts/cm/cmss8.pfb></usr/local/texlive/2018/texmf-dist/font
s/type1/public/amsfonts/cm/cmsy10.pfb></usr/local/texlive/2018/texmf-dist/fonts
/type1/public/amsfonts/cm/cmsy6.pfb></usr/local/texlive/2018/texmf-dist/fonts/t
ype1/public/amsfonts/cm/cmsy7.pfb></usr/local/texlive/2018/texmf-dist/fonts/typ
e1/public/amsfonts/cm/cmsy9.pfb></usr/local/texlive/2018/texmf-dist/fonts/type1
/public/amsfonts/symbols/msam10.pfb></usr/local/texlive/2018/texmf-dist/fonts/t
ype1/public/amsfonts/symbols/msbm10.pfb></usr/local/texlive/2018/texmf-dist/fon
ts/type1/public/stmaryrd/stmary10.pfb></usr/local/texlive/2018/texmf-dist/fonts
/type1/urw/times/utmb8a.pfb></usr/local/texlive/2018/texmf-dist/fonts/type1/urw
/times/utmbi8a.pfb></usr/local/texlive/2018/texmf-dist/fonts/type1/urw/times/ut
mr8a.pfb></usr/local/texlive/2018/texmf-dist/fonts/type1/urw/times/utmr8a.pfb><
/usr/local/texlive/2018/texmf-dist/fonts/type1/urw/times/utmri8a.pfb>
Output written on main.pdf (20 pages, 971252 bytes).
PDF statistics:
 655 PDF objects out of 1000 (max. 8388607)
 541 compressed objects within 6 object streams
 119 named destinations out of 1000 (max. 500000)
 35896 words of extra memory for PDF output out of 42996 (max. 10000000)

