\BOOKMARK [1][-]{section.1}{Introduction}{}% 1
\BOOKMARK [1][-]{section.2}{Two-Time-Scale Stochastic EM Algorithms}{}% 2
\BOOKMARK [2][-]{subsection.2.1}{Monte Carlo Integration and Stochastic Approximation}{section.2}% 3
\BOOKMARK [2][-]{subsection.2.2}{Incremental and Bi-Level Inexact EM Methods}{section.2}% 4
\BOOKMARK [2][-]{subsection.2.3}{Two-Time-Scale Noisy EM methods}{section.2}% 5
\BOOKMARK [1][-]{section.3}{Finite Time Analysis of the Two-Time-Scale Scheme}{}% 6
\BOOKMARK [2][-]{subsection.3.1}{Global Convergence of Incremental Noisy EM Algorithms}{section.3}% 7
\BOOKMARK [2][-]{subsection.3.2}{Global Convergence of Two-Time-Scale Noisy EM Algorithms}{section.3}% 8
\BOOKMARK [1][-]{section.4}{Numerical Examples}{}% 9
\BOOKMARK [2][-]{subsection.4.1}{Gaussian Mixture Models}{section.4}% 10
\BOOKMARK [2][-]{subsection.4.2}{Deformable Template Model for Image Analysis}{section.4}% 11
\BOOKMARK [1][-]{section.5}{Conclusion}{}% 12
\BOOKMARK [1][-]{appendix.A}{Proof of Lemma 2}{}% 13
\BOOKMARK [1][-]{appendix.B}{Proof of Lemma 3}{}% 14
\BOOKMARK [1][-]{appendix.C}{Proof of Theorem 1}{}% 15
\BOOKMARK [1][-]{appendix.D}{Proofs of Auxiliary Lemmas}{}% 16
\BOOKMARK [2][-]{subsection.D.1}{Proof of Lemma 4 and Lemma 5}{appendix.D}% 17
\BOOKMARK [2][-]{subsection.D.2}{Proof of Lemma 6}{appendix.D}% 18
\BOOKMARK [2][-]{subsection.D.3}{Additional Intermediary Result}{appendix.D}% 19
\BOOKMARK [1][-]{appendix.E}{Proof of Theorem 2}{}% 20
\BOOKMARK [1][-]{appendix.F}{Proof of Theorem 3}{}% 21
\BOOKMARK [1][-]{appendix.G}{Practical Implementations of Two-Time-Scale EM Methods}{}% 22
\BOOKMARK [2][-]{subsection.G.1}{Gaussian mixture models}{appendix.G}% 23
\BOOKMARK [3][-]{subsubsection.G.1.1}{Model assumptions}{subsection.G.1}% 24
\BOOKMARK [3][-]{subsubsection.G.1.2}{Algorithms updates}{subsection.G.1}% 25
