\BOOKMARK [1][-]{section.1}{Introduction}{}% 1
\BOOKMARK [1][-]{section.2}{Problem Setting}{}% 2
\BOOKMARK [1][-]{section.3}{Count Sketch Review}{}% 3
\BOOKMARK [1][-]{section.4}{Compression Operations}{}% 4
\BOOKMARK [2][-]{subsection.4.1}{Unbiased Compressor}{section.4}% 5
\BOOKMARK [2][-]{subsection.4.2}{Biased compressor}{section.4}% 6
\BOOKMARK [2][-]{subsection.4.3}{Sketching Based on Induced Compressor}{section.4}% 7
\BOOKMARK [1][-]{section.5}{General framework for homogeneous and heterogeneous settings}{}% 8
\BOOKMARK [2][-]{subsection.5.1}{Homogeneous setting}{section.5}% 9
\BOOKMARK [2][-]{subsection.5.2}{Heterogeneous setting}{section.5}% 10
\BOOKMARK [2][-]{subsection.5.3}{Our algorithms for different sketching schemes}{section.5}% 11
\BOOKMARK [1][-]{section.6}{Convergence analysis for differential privacy algorithms}{}% 12
\BOOKMARK [2][-]{subsection.6.1}{Assumptions}{section.6}% 13
\BOOKMARK [2][-]{subsection.6.2}{Convergence of FEDSKETCH in homogeneous setting.}{section.6}% 14
\BOOKMARK [2][-]{subsection.6.3}{Convergence of \040in the data heterogeneous setting.}{section.6}% 15
\BOOKMARK [1][-]{section.7}{Convergence analysis for different sketching scheme}{}% 16
\BOOKMARK [2][-]{subsection.7.1}{Convergence of FEDSKETCH in the data homogeneous setting.}{section.7}% 17
\BOOKMARK [1][-]{section.8}{Experiments}{}% 18
\BOOKMARK [1][-]{section.9}{Conclusion}{}% 19
\BOOKMARK [1][-]{appendix.A}{Appendix}{}% 20
\BOOKMARK [1][-]{appendix.B}{Proof}{}% 21
\BOOKMARK [1][-]{appendix.C}{Convergence proofs of Algorithm 4}{}% 22
\BOOKMARK [1][-]{appendix.D}{Proof of Lemmas}{}% 23
\BOOKMARK [2][-]{subsection.D.1}{Proof of Lemma ??}{appendix.D}% 24
\BOOKMARK [2][-]{subsection.D.2}{Proof of Lemma ??}{appendix.D}% 25
\BOOKMARK [2][-]{subsection.D.3}{Proof of Lemma ??}{appendix.D}% 26
\BOOKMARK [2][-]{subsection.D.4}{Proof of Theorem ??}{appendix.D}% 27
\BOOKMARK [1][-]{appendix.E}{Convergence result for FEDSKETCH-II}{}% 28
\BOOKMARK [2][-]{subsection.E.1}{Proof of Theorem ??}{appendix.E}% 29
