\BOOKMARK [1][-]{section.1}{Introduction}{}% 1
\BOOKMARK [1][-]{section.2}{Two-Timescale Stochastic EM Algorithms}{}% 2
\BOOKMARK [2][-]{subsection.2.1}{Monte Carlo Integration and Stochastic Approximation}{section.2}% 3
\BOOKMARK [2][-]{subsection.2.2}{Incremental and Two-Stage Stochastic EM Methods}{section.2}% 4
\BOOKMARK [1][-]{section.3}{Finite Time Analysis of the Two-Timescale Scheme}{}% 5
\BOOKMARK [2][-]{subsection.3.1}{Assumptions and Intermediate Lemmas}{section.3}% 6
\BOOKMARK [2][-]{subsection.3.2}{Global Convergence of Incremental Stochastic EM Algorithms}{section.3}% 7
\BOOKMARK [2][-]{subsection.3.3}{Global Convergence of Two-Timescale Stochastic EM Algorithms}{section.3}% 8
\BOOKMARK [1][-]{section.4}{Numerical Examples}{}% 9
\BOOKMARK [2][-]{subsection.4.1}{Gaussian Mixture Models}{section.4}% 10
\BOOKMARK [2][-]{subsection.4.2}{Deformable Template Model for Image Analysis}{section.4}% 11
\BOOKMARK [1][-]{section.5}{Conclusion}{}% 12
\BOOKMARK [1][-]{section.6}{Broader Impact}{}% 13
\BOOKMARK [1][-]{appendix.A}{Proofs for the iSAEM Algorithm}{}% 14
\BOOKMARK [2][-]{subsection.A.1}{Proof of Lemma 2}{appendix.A}% 15
\BOOKMARK [2][-]{subsection.A.2}{Proof of Theorem 1}{appendix.A}% 16
\BOOKMARK [1][-]{appendix.B}{Proofs for the vrTTEM and the fiTTEM Algorithms}{}% 17
\BOOKMARK [2][-]{subsection.B.1}{Proofs of Auxiliary Lemmas \( Lemma 4, Lemma 5 and Lemma 6\)}{appendix.B}% 18
\BOOKMARK [2][-]{subsection.B.2}{Additional Intermediary Result}{appendix.B}% 19
\BOOKMARK [2][-]{subsection.B.3}{Proof of Theorem 2}{appendix.B}% 20
\BOOKMARK [2][-]{subsection.B.4}{Proof of Theorem 3}{appendix.B}% 21
\BOOKMARK [1][-]{appendix.C}{Practical Implementations of Two-Timescale EM Methods}{}% 22
\BOOKMARK [2][-]{subsection.C.1}{Application on GMM}{appendix.C}% 23
\BOOKMARK [3][-]{subsubsection.C.1.1}{Explicit Updates}{subsection.C.1}% 24
\BOOKMARK [3][-]{subsubsection.C.1.2}{Model Assumptions \(GMM example\)}{subsection.C.1}% 25
\BOOKMARK [3][-]{subsubsection.C.1.3}{Algorithms updates}{subsection.C.1}% 26
\BOOKMARK [2][-]{subsection.C.2}{Deformable Template Model for Image Analysis}{appendix.C}% 27
\BOOKMARK [3][-]{subsubsection.C.2.1}{Model and Updates}{subsection.C.2}% 28
\BOOKMARK [3][-]{subsubsection.C.2.2}{Numerical Applications}{subsection.C.2}% 29
\BOOKMARK [1][-]{appendix.D}{Additional Experiment: Pharmacokinetics \(PK\) Model with Absorption Lag Time}{}% 30
