This is pdfTeX, Version 3.14159265-2.6-1.40.19 (TeX Live 2018) (preloaded format=pdflatex 2018.7.23)  21 JAN 2022 17:09
entering extended mode
 restricted \write18 enabled.
 file:line:error style messages enabled.
 %&-line parsing enabled.
**mainICML22.tex
(./mainICML22.tex
LaTeX2e <2018-04-01> patch level 2
Babel <3.18> and hyphenation patterns for 84 language(s) loaded.
(/usr/local/texlive/2018/texmf-dist/tex/latex/base/article.cls
Document Class: article 2014/09/29 v1.4h Standard LaTeX document class
(/usr/local/texlive/2018/texmf-dist/tex/latex/base/size10.clo
File: size10.clo 2014/09/29 v1.4h Standard LaTeX file (size option)
)
\c@part=\count80
\c@section=\count81
\c@subsection=\count82
\c@subsubsection=\count83
\c@paragraph=\count84
\c@subparagraph=\count85
\c@figure=\count86
\c@table=\count87
\abovecaptionskip=\skip41
\belowcaptionskip=\skip42
\bibindent=\dimen102
)
(/usr/local/texlive/2018/texmf-dist/tex/latex/microtype/microtype.sty
Package: microtype 2018/01/14 v2.7a Micro-typographical refinements (RS)

(/usr/local/texlive/2018/texmf-dist/tex/latex/graphics/keyval.sty
Package: keyval 2014/10/28 v1.15 key=value parser (DPC)
\KV@toks@=\toks14
)
\MT@toks=\toks15
\MT@count=\count88
LaTeX Info: Redefining \textls on input line 793.
\MT@outer@kern=\dimen103
LaTeX Info: Redefining \textmicrotypecontext on input line 1339.
\MT@listname@count=\count89

(/usr/local/texlive/2018/texmf-dist/tex/latex/microtype/microtype-pdftex.def
File: microtype-pdftex.def 2018/01/14 v2.7a Definitions specific to pdftex (RS)

LaTeX Info: Redefining \lsstyle on input line 913.
LaTeX Info: Redefining \lslig on input line 913.
\MT@outer@space=\skip43
)
Package microtype Info: Loading configuration file microtype.cfg.

(/usr/local/texlive/2018/texmf-dist/tex/latex/microtype/microtype.cfg
File: microtype.cfg 2018/01/14 v2.7a microtype main configuration file (RS)
))
(/usr/local/texlive/2018/texmf-dist/tex/latex/graphics/graphicx.sty
Package: graphicx 2017/06/01 v1.1a Enhanced LaTeX Graphics (DPC,SPQR)

(/usr/local/texlive/2018/texmf-dist/tex/latex/graphics/graphics.sty
Package: graphics 2017/06/25 v1.2c Standard LaTeX Graphics (DPC,SPQR)

(/usr/local/texlive/2018/texmf-dist/tex/latex/graphics/trig.sty
Package: trig 2016/01/03 v1.10 sin cos tan (DPC)
)
(/usr/local/texlive/2018/texmf-dist/tex/latex/graphics-cfg/graphics.cfg
File: graphics.cfg 2016/06/04 v1.11 sample graphics configuration
)
Package graphics Info: Driver file: pdftex.def on input line 99.

(/usr/local/texlive/2018/texmf-dist/tex/latex/graphics-def/pdftex.def
File: pdftex.def 2018/01/08 v1.0l Graphics/color driver for pdftex
))
\Gin@req@height=\dimen104
\Gin@req@width=\dimen105
)
(/usr/local/texlive/2018/texmf-dist/tex/latex/subfigure/subfigure.sty
Package: subfigure 2002/03/15 v2.1.5 subfigure package
\subfigtopskip=\skip44
\subfigcapskip=\skip45
\subfigcaptopadj=\dimen106
\subfigbottomskip=\skip46
\subfigcapmargin=\dimen107
\subfiglabelskip=\skip47
\c@subfigure=\count90
\c@lofdepth=\count91
\c@subtable=\count92
\c@lotdepth=\count93

****************************************
* Local config file subfigure.cfg used *
****************************************
(/usr/local/texlive/2018/texmf-dist/tex/latex/subfigure/subfigure.cfg)
\subfig@top=\skip48
\subfig@bottom=\skip49
)
(/usr/local/texlive/2018/texmf-dist/tex/latex/booktabs/booktabs.sty
Package: booktabs 2016/04/27 v1.618033 publication quality tables
\heavyrulewidth=\dimen108
\lightrulewidth=\dimen109
\cmidrulewidth=\dimen110
\belowrulesep=\dimen111
\belowbottomsep=\dimen112
\aboverulesep=\dimen113
\abovetopsep=\dimen114
\cmidrulesep=\dimen115
\cmidrulekern=\dimen116
\defaultaddspace=\dimen117
\@cmidla=\count94
\@cmidlb=\count95
\@aboverulesep=\dimen118
\@belowrulesep=\dimen119
\@thisruleclass=\count96
\@lastruleclass=\count97
\@thisrulewidth=\dimen120
)
(/usr/local/texlive/2018/texmf-dist/tex/latex/hyperref/hyperref.sty
Package: hyperref 2018/02/06 v6.86b Hypertext links for LaTeX

(/usr/local/texlive/2018/texmf-dist/tex/generic/oberdiek/hobsub-hyperref.sty
Package: hobsub-hyperref 2016/05/16 v1.14 Bundle oberdiek, subset hyperref (HO)


(/usr/local/texlive/2018/texmf-dist/tex/generic/oberdiek/hobsub-generic.sty
Package: hobsub-generic 2016/05/16 v1.14 Bundle oberdiek, subset generic (HO)
Package: hobsub 2016/05/16 v1.14 Construct package bundles (HO)
Package: infwarerr 2016/05/16 v1.4 Providing info/warning/error messages (HO)
Package: ltxcmds 2016/05/16 v1.23 LaTeX kernel commands for general use (HO)
Package: ifluatex 2016/05/16 v1.4 Provides the ifluatex switch (HO)
Package ifluatex Info: LuaTeX not detected.
Package: ifvtex 2016/05/16 v1.6 Detect VTeX and its facilities (HO)
Package ifvtex Info: VTeX not detected.
Package: intcalc 2016/05/16 v1.2 Expandable calculations with integers (HO)
Package: ifpdf 2017/03/15 v3.2 Provides the ifpdf switch
Package: etexcmds 2016/05/16 v1.6 Avoid name clashes with e-TeX commands (HO)
Package etexcmds Info: Could not find \expanded.
(etexcmds)             That can mean that you are not using pdfTeX 1.50 or
(etexcmds)             that some package has redefined \expanded.
(etexcmds)             In the latter case, load this package earlier.
Package: kvsetkeys 2016/05/16 v1.17 Key value parser (HO)
Package: kvdefinekeys 2016/05/16 v1.4 Define keys (HO)
Package: pdftexcmds 2018/01/30 v0.27 Utility functions of pdfTeX for LuaTeX (HO
)
Package pdftexcmds Info: LuaTeX not detected.
Package pdftexcmds Info: \pdf@primitive is available.
Package pdftexcmds Info: \pdf@ifprimitive is available.
Package pdftexcmds Info: \pdfdraftmode found.
Package: pdfescape 2016/05/16 v1.14 Implements pdfTeX's escape features (HO)
Package: bigintcalc 2016/05/16 v1.4 Expandable calculations on big integers (HO
)
Package: bitset 2016/05/16 v1.2 Handle bit-vector datatype (HO)
Package: uniquecounter 2016/05/16 v1.3 Provide unlimited unique counter (HO)
)
Package hobsub Info: Skipping package `hobsub' (already loaded).
Package: letltxmacro 2016/05/16 v1.5 Let assignment for LaTeX macros (HO)
Package: hopatch 2016/05/16 v1.3 Wrapper for package hooks (HO)
Package: xcolor-patch 2016/05/16 xcolor patch
Package: atveryend 2016/05/16 v1.9 Hooks at the very end of document (HO)
Package atveryend Info: \enddocument detected (standard20110627).
Package: atbegshi 2016/06/09 v1.18 At begin shipout hook (HO)
Package: refcount 2016/05/16 v3.5 Data extraction from label references (HO)
Package: hycolor 2016/05/16 v1.8 Color options for hyperref/bookmark (HO)
)
(/usr/local/texlive/2018/texmf-dist/tex/generic/ifxetex/ifxetex.sty
Package: ifxetex 2010/09/12 v0.6 Provides ifxetex conditional
)
(/usr/local/texlive/2018/texmf-dist/tex/latex/oberdiek/auxhook.sty
Package: auxhook 2016/05/16 v1.4 Hooks for auxiliary files (HO)
)
(/usr/local/texlive/2018/texmf-dist/tex/latex/oberdiek/kvoptions.sty
Package: kvoptions 2016/05/16 v3.12 Key value format for package options (HO)
)
\@linkdim=\dimen121
\Hy@linkcounter=\count98
\Hy@pagecounter=\count99

(/usr/local/texlive/2018/texmf-dist/tex/latex/hyperref/pd1enc.def
File: pd1enc.def 2018/02/06 v6.86b Hyperref: PDFDocEncoding definition (HO)
Now handling font encoding PD1 ...
... no UTF-8 mapping file for font encoding PD1
)
\Hy@SavedSpaceFactor=\count100

(/usr/local/texlive/2018/texmf-dist/tex/latex/latexconfig/hyperref.cfg
File: hyperref.cfg 2002/06/06 v1.2 hyperref configuration of TeXLive
)
Package hyperref Info: Hyper figures OFF on input line 4509.
Package hyperref Info: Link nesting OFF on input line 4514.
Package hyperref Info: Hyper index ON on input line 4517.
Package hyperref Info: Plain pages OFF on input line 4524.
Package hyperref Info: Backreferencing OFF on input line 4529.
Package hyperref Info: Implicit mode ON; LaTeX internals redefined.
Package hyperref Info: Bookmarks ON on input line 4762.
\c@Hy@tempcnt=\count101

(/usr/local/texlive/2018/texmf-dist/tex/latex/url/url.sty
\Urlmuskip=\muskip10
Package: url 2013/09/16  ver 3.4  Verb mode for urls, etc.
)
LaTeX Info: Redefining \url on input line 5115.
\XeTeXLinkMargin=\dimen122
\Fld@menulength=\count102
\Field@Width=\dimen123
\Fld@charsize=\dimen124
Package hyperref Info: Hyper figures OFF on input line 6369.
Package hyperref Info: Link nesting OFF on input line 6374.
Package hyperref Info: Hyper index ON on input line 6377.
Package hyperref Info: backreferencing OFF on input line 6384.
Package hyperref Info: Link coloring OFF on input line 6389.
Package hyperref Info: Link coloring with OCG OFF on input line 6394.
Package hyperref Info: PDF/A mode OFF on input line 6399.
LaTeX Info: Redefining \ref on input line 6439.
LaTeX Info: Redefining \pageref on input line 6443.
\Hy@abspage=\count103
\c@Item=\count104
\c@Hfootnote=\count105
)
Package hyperref Info: Driver (autodetected): hpdftex.

(/usr/local/texlive/2018/texmf-dist/tex/latex/hyperref/hpdftex.def
File: hpdftex.def 2018/02/06 v6.86b Hyperref driver for pdfTeX
\Fld@listcount=\count106
\c@bookmark@seq@number=\count107

(/usr/local/texlive/2018/texmf-dist/tex/latex/oberdiek/rerunfilecheck.sty
Package: rerunfilecheck 2016/05/16 v1.8 Rerun checks for auxiliary files (HO)
Package uniquecounter Info: New unique counter `rerunfilecheck' on input line 2
82.
)
\Hy@SectionHShift=\skip50
)
(./icml2022.sty
Package: icml2022 2021/11/24 v2.0 ICML Conference Style File
 (/usr/local/texlive/2018/texmf-dist/tex/latex/psnfss/times.sty
Package: times 2005/04/12 PSNFSS-v9.2a (SPQR) 
) (./fancyhdr.sty
\fancy@headwidth=\skip51
\f@ncyO@elh=\skip52
\f@ncyO@erh=\skip53
\f@ncyO@olh=\skip54
\f@ncyO@orh=\skip55
\f@ncyO@elf=\skip56
\f@ncyO@erf=\skip57
\f@ncyO@olf=\skip58
\f@ncyO@orf=\skip59
)
(/usr/local/texlive/2018/texmf-dist/tex/latex/xcolor/xcolor.sty
Package: xcolor 2016/05/11 v2.12 LaTeX color extensions (UK)

(/usr/local/texlive/2018/texmf-dist/tex/latex/graphics-cfg/color.cfg
File: color.cfg 2016/01/02 v1.6 sample color configuration
)
Package xcolor Info: Driver file: pdftex.def on input line 225.
Package xcolor Info: Model `cmy' substituted by `cmy0' on input line 1348.
Package xcolor Info: Model `hsb' substituted by `rgb' on input line 1352.
Package xcolor Info: Model `RGB' extended on input line 1364.
Package xcolor Info: Model `HTML' substituted by `rgb' on input line 1366.
Package xcolor Info: Model `Hsb' substituted by `hsb' on input line 1367.
Package xcolor Info: Model `tHsb' substituted by `hsb' on input line 1368.
Package xcolor Info: Model `HSB' substituted by `hsb' on input line 1369.
Package xcolor Info: Model `Gray' substituted by `gray' on input line 1370.
Package xcolor Info: Model `wave' substituted by `hsb' on input line 1371.
)
(./algorithm.sty
Package: algorithm 

Document Style `algorithm' - floating environment
(/usr/local/texlive/2018/texmf-dist/tex/latex/float/float.sty
Package: float 2001/11/08 v1.3d Float enhancements (AL)
\c@float@type=\count108
\float@exts=\toks16
\float@box=\box26
\@float@everytoks=\toks17
\@floatcapt=\box27
)
(/usr/local/texlive/2018/texmf-dist/tex/latex/base/ifthen.sty
Package: ifthen 2014/09/29 v1.1c Standard LaTeX ifthen package (DPC)
)
\@float@every@algorithm=\toks18
\c@algorithm=\count109
)
(./algorithmic.sty
Package: algorithmic 

Document Style `algorithmic' - environment
(/usr/local/texlive/2018/texmf-dist/tex/latex/tools/calc.sty
Package: calc 2017/05/25 v4.3 Infix arithmetic (KKT,FJ)
\calc@Acount=\count110
\calc@Bcount=\count111
\calc@Adimen=\dimen125
\calc@Bdimen=\dimen126
\calc@Askip=\skip60
\calc@Bskip=\skip61
LaTeX Info: Redefining \setlength on input line 80.
LaTeX Info: Redefining \addtolength on input line 81.
\calc@Ccount=\count112
\calc@Cskip=\skip62
)
\c@ALC@line=\count113
\c@ALC@rem=\count114
\ALC@tlm=\skip63
)
(/usr/local/texlive/2018/texmf-dist/tex/latex/natbib/natbib.sty
Package: natbib 2010/09/13 8.31b (PWD, AO)
\bibhang=\skip64
\bibsep=\skip65
LaTeX Info: Redefining \cite on input line 694.
\c@NAT@ctr=\count115
)
(/usr/local/texlive/2018/texmf-dist/tex/latex/eso-pic/eso-pic.sty
Package: eso-pic 2015/07/21 v2.0g eso-pic (RN)
)
(/usr/local/texlive/2018/texmf-dist/tex/latex/forloop/forloop.sty
Package: forloop 2006/09/18 v3.0 For Loops for LaTeX
)
Package hyperref Info: Option `colorlinks' set `true' on input line 119.
\titrun=\box28
\c@@affiliationcounter=\count116
\c@@affilnum=\count117
\newcaptionbox=\box29
\newcaptionboxwid=\dimen127
\icmlrulerbox=\box30
\icmlrulercount=\count118
\icmlruleroffset=\dimen128
\cv@lineheight=\dimen129
\cv@boxheight=\dimen130
\cv@tmpbox=\box31
\cv@refno=\count119
\cv@tot=\count120
\cv@tmpc@=\count121
\cv@tmpc=\count122
)
(/usr/local/texlive/2018/texmf-dist/tex/latex/tools/bm.sty
Package: bm 2017/01/16 v1.2c Bold Symbol Support (DPC/FMi)
\symboldoperators=\mathgroup4
\symboldletters=\mathgroup5
\symboldsymbols=\mathgroup6
LaTeX Font Info:    Redeclaring math alphabet \mathbf on input line 141.
LaTeX Info: Redefining \bm on input line 207.
)
(/usr/local/texlive/2018/texmf-dist/tex/latex/amsmath/amsmath.sty
Package: amsmath 2017/09/02 v2.17a AMS math features
\@mathmargin=\skip66

For additional information on amsmath, use the `?' option.
(/usr/local/texlive/2018/texmf-dist/tex/latex/amsmath/amstext.sty
Package: amstext 2000/06/29 v2.01 AMS text

(/usr/local/texlive/2018/texmf-dist/tex/latex/amsmath/amsgen.sty
File: amsgen.sty 1999/11/30 v2.0 generic functions
\@emptytoks=\toks19
\ex@=\dimen131
))
(/usr/local/texlive/2018/texmf-dist/tex/latex/amsmath/amsbsy.sty
Package: amsbsy 1999/11/29 v1.2d Bold Symbols
LaTeX Info: Redefining \boldsymbol on input line 28.
\pmbraise@=\dimen132
)
(/usr/local/texlive/2018/texmf-dist/tex/latex/amsmath/amsopn.sty
Package: amsopn 2016/03/08 v2.02 operator names
)
\inf@bad=\count123
LaTeX Info: Redefining \frac on input line 213.
\uproot@=\count124
\leftroot@=\count125
LaTeX Info: Redefining \overline on input line 375.
\classnum@=\count126
\DOTSCASE@=\count127
LaTeX Info: Redefining \ldots on input line 472.
LaTeX Info: Redefining \dots on input line 475.
LaTeX Info: Redefining \cdots on input line 596.
\Mathstrutbox@=\box32
\strutbox@=\box33
\big@size=\dimen133
LaTeX Font Info:    Redeclaring font encoding OML on input line 712.
LaTeX Font Info:    Redeclaring font encoding OMS on input line 713.
\macc@depth=\count128
\c@MaxMatrixCols=\count129
\dotsspace@=\muskip11
\c@parentequation=\count130
\dspbrk@lvl=\count131
\tag@help=\toks20
\row@=\count132
\column@=\count133
\maxfields@=\count134
\andhelp@=\toks21
\eqnshift@=\dimen134
\alignsep@=\dimen135
\tagshift@=\dimen136
\tagwidth@=\dimen137
\totwidth@=\dimen138
\lineht@=\dimen139
\@envbody=\toks22
\multlinegap=\skip67
\multlinetaggap=\skip68
\mathdisplay@stack=\toks23
LaTeX Info: Redefining \[ on input line 2817.
LaTeX Info: Redefining \] on input line 2818.
)
(/usr/local/texlive/2018/texmf-dist/tex/latex/amscls/amsthm.sty
Package: amsthm 2017/10/31 v2.20.4
\thm@style=\toks24
\thm@bodyfont=\toks25
\thm@headfont=\toks26
\thm@notefont=\toks27
\thm@headpunct=\toks28
\thm@preskip=\skip69
\thm@postskip=\skip70
\thm@headsep=\skip71
\dth@everypar=\toks29
)
(/usr/local/texlive/2018/texmf-dist/tex/latex/amsfonts/amssymb.sty
Package: amssymb 2013/01/14 v3.01 AMS font symbols

(/usr/local/texlive/2018/texmf-dist/tex/latex/amsfonts/amsfonts.sty
Package: amsfonts 2013/01/14 v3.01 Basic AMSFonts support
\symAMSa=\mathgroup7
\symAMSb=\mathgroup8
LaTeX Font Info:    Overwriting math alphabet `\mathfrak' in version `bold'
(Font)                  U/euf/m/n --> U/euf/b/n on input line 106.
))
(/usr/local/texlive/2018/texmf-dist/tex/latex/tools/multicol.sty
Package: multicol 2018/04/01 v1.8r multicolumn formatting (FMi)
\c@tracingmulticols=\count135
\mult@box=\box34
\multicol@leftmargin=\dimen140
\c@unbalance=\count136
\c@collectmore=\count137
\doublecol@number=\count138
\multicoltolerance=\count139
\multicolpretolerance=\count140
\full@width=\dimen141
\page@free=\dimen142
\premulticols=\dimen143
\postmulticols=\dimen144
\multicolsep=\skip72
\multicolbaselineskip=\skip73
\partial@page=\box35
\last@line=\box36
\maxbalancingoverflow=\dimen145
\mult@rightbox=\box37
\mult@grightbox=\box38
\mult@gfirstbox=\box39
\mult@firstbox=\box40
\@tempa=\box41
\@tempa=\box42
\@tempa=\box43
\@tempa=\box44
\@tempa=\box45
\@tempa=\box46
\@tempa=\box47
\@tempa=\box48
\@tempa=\box49
\@tempa=\box50
\@tempa=\box51
\@tempa=\box52
\@tempa=\box53
\@tempa=\box54
\@tempa=\box55
\@tempa=\box56
\@tempa=\box57
\c@columnbadness=\count141
\c@finalcolumnbadness=\count142
\last@try=\dimen146
\multicolovershoot=\dimen147
\multicolundershoot=\dimen148
\mult@nat@firstbox=\box58
\colbreak@box=\box59
\mc@col@check@num=\count143
)
(/usr/local/texlive/2018/texmf-dist/tex/latex/enumitem/enumitem.sty
Package: enumitem 2011/09/28 v3.5.2 Customized lists
\labelindent=\skip74
\enit@outerparindent=\dimen149
\enit@toks=\toks30
\enit@inbox=\box60
\enitdp@description=\count144
)
(/usr/local/texlive/2018/texmf-dist/tex/latex/wrapfig/wrapfig.sty
\wrapoverhang=\dimen150
\WF@size=\dimen151
\c@WF@wrappedlines=\count145
\WF@box=\box61
\WF@everypar=\toks31
Package: wrapfig 2003/01/31  v 3.6
)
(/usr/local/texlive/2018/texmf-dist/tex/latex/caption/caption.sty
Package: caption 2016/02/21 v3.3-144 Customizing captions (AR)

(/usr/local/texlive/2018/texmf-dist/tex/latex/caption/caption3.sty
Package: caption3 2016/05/22 v1.7-166 caption3 kernel (AR)
Package caption3 Info: TeX engine: e-TeX on input line 67.
\captionmargin=\dimen152
\captionmargin@=\dimen153
\captionwidth=\dimen154
\caption@tempdima=\dimen155
\caption@indent=\dimen156
\caption@parindent=\dimen157
\caption@hangindent=\dimen158
Package caption Info: Unknown document class (or package),
(caption)             standard defaults will be used.
)

Package caption Warning: Unsupported document class (or package) detected,
(caption)                usage of the caption package is not recommended.
See the caption package documentation for explanation.

Package caption Info: \@makecaption = \long macro:#1#2-> \vskip 10pt \baselines
kip 11pt \setbox \@tempboxa \hbox {#1. #2} \ifdim \wd \@tempboxa >\hsize \sbox 
{\newcaptionbox }{\small \sl #1.~} \newcaptionboxwid =\wd \newcaptionbox \usebo
x \newcaptionbox {\footnotesize #2} \else \centerline {{\small \sl #1.} {\small
 #2}} \fi .
\c@ContinuedFloat=\count146
Package caption Info: float package is loaded.
Package caption Info: hyperref package is loaded.
Package caption Info: subfigure package is loaded.
Package caption Info: wrapfig package is loaded.
) (/usr/local/texlive/2018/texmf-dist/tex/latex/xargs/xargs.sty
Package: xargs 2008/03/22 v1.1  extended macro definitions  (mpg)

(/usr/local/texlive/2018/texmf-dist/tex/latex/xkeyval/xkeyval.sty
Package: xkeyval 2014/12/03 v2.7a package option processing (HA)

(/usr/local/texlive/2018/texmf-dist/tex/generic/xkeyval/xkeyval.tex
(/usr/local/texlive/2018/texmf-dist/tex/generic/xkeyval/xkvutils.tex
\XKV@toks=\toks32
\XKV@tempa@toks=\toks33
)
\XKV@depth=\count147
File: xkeyval.tex 2014/12/03 v2.7a key=value parser (HA)
))
\xargs@max=\count148
\xargs@toksa=\toks34
\xargs@toksb=\toks35
)
(/usr/local/texlive/2018/texmf-dist/tex/latex/stmaryrd/stmaryrd.sty
Package: stmaryrd 1994/03/03 St Mary's Road symbol package
\symstmry=\mathgroup9
LaTeX Font Info:    Overwriting symbol font `stmry' in version `bold'
(Font)                  U/stmry/m/n --> U/stmry/b/n on input line 89.
)
(/usr/local/texlive/2018/texmf-dist/tex/latex/mdframed/mdframed.sty
Package: mdframed 2013/07/01 1.9b: mdframed

(/usr/local/texlive/2018/texmf-dist/tex/latex/l3packages/xparse/xparse.sty
(/usr/local/texlive/2018/texmf-dist/tex/latex/l3kernel/expl3.sty
Package: expl3 2018/03/05 L3 programming layer (loader) 

(/usr/local/texlive/2018/texmf-dist/tex/latex/l3kernel/expl3-code.tex
Package: expl3 2018/03/05 L3 programming layer (code)
\c_max_int=\count149
\l_tmpa_int=\count150
\l_tmpb_int=\count151
\g_tmpa_int=\count152
\g_tmpb_int=\count153
\g__intarray_font_int=\count154
\g__prg_map_int=\count155
\c_log_iow=\count156
\l_iow_line_count_int=\count157
\l__iow_line_target_int=\count158
\l__iow_one_indent_int=\count159
\l__iow_indent_int=\count160
\c_zero_dim=\dimen159
\c_max_dim=\dimen160
\l_tmpa_dim=\dimen161
\l_tmpb_dim=\dimen162
\g_tmpa_dim=\dimen163
\g_tmpb_dim=\dimen164
\c_zero_skip=\skip75
\c_max_skip=\skip76
\l_tmpa_skip=\skip77
\l_tmpb_skip=\skip78
\g_tmpa_skip=\skip79
\g_tmpb_skip=\skip80
\c_zero_muskip=\muskip12
\c_max_muskip=\muskip13
\l_tmpa_muskip=\muskip14
\l_tmpb_muskip=\muskip15
\g_tmpa_muskip=\muskip16
\g_tmpb_muskip=\muskip17
\l_keys_choice_int=\count161
\c__fp_leading_shift_int=\count162
\c__fp_middle_shift_int=\count163
\c__fp_trailing_shift_int=\count164
\c__fp_big_leading_shift_int=\count165
\c__fp_big_middle_shift_int=\count166
\c__fp_big_trailing_shift_int=\count167
\c__fp_Bigg_leading_shift_int=\count168
\c__fp_Bigg_middle_shift_int=\count169
\c__fp_Bigg_trailing_shift_int=\count170
\c__fp_rand_size_int=\count171
\c__fp_rand_four_int=\count172
\c__fp_rand_eight_int=\count173
\l__sort_length_int=\count174
\l__sort_min_int=\count175
\l__sort_top_int=\count176
\l__sort_max_int=\count177
\l__sort_true_max_int=\count178
\l__sort_block_int=\count179
\l__sort_begin_int=\count180
\l__sort_end_int=\count181
\l__sort_A_int=\count182
\l__sort_B_int=\count183
\l__sort_C_int=\count184
\l__tl_build_start_index_int=\count185
\l__tl_build_index_int=\count186
\l__tl_analysis_normal_int=\count187
\l__tl_analysis_index_int=\count188
\l__tl_analysis_nesting_int=\count189
\l__tl_analysis_type_int=\count190
\l__regex_internal_a_int=\count191
\l__regex_internal_b_int=\count192
\l__regex_internal_c_int=\count193
\l__regex_balance_int=\count194
\l__regex_group_level_int=\count195
\l__regex_mode_int=\count196
\c__regex_cs_in_class_mode_int=\count197
\c__regex_cs_mode_int=\count198
\l__regex_catcodes_int=\count199
\l__regex_default_catcodes_int=\count266
\c__regex_catcode_D_int=\count267
\c__regex_catcode_S_int=\count268
\c__regex_catcode_L_int=\count269
\c__regex_catcode_O_int=\count270
\c__regex_catcode_A_int=\count271
\c__regex_all_catcodes_int=\count272
\l__regex_show_lines_int=\count273
\l__regex_min_state_int=\count274
\l__regex_max_state_int=\count275
\l__regex_left_state_int=\count276
\l__regex_right_state_int=\count277
\l__regex_capturing_group_int=\count278
\l__regex_min_pos_int=\count279
\l__regex_max_pos_int=\count280
\l__regex_curr_pos_int=\count281
\l__regex_start_pos_int=\count282
\l__regex_success_pos_int=\count283
\l__regex_curr_char_int=\count284
\l__regex_curr_catcode_int=\count285
\l__regex_last_char_int=\count286
\l__regex_case_changed_char_int=\count287
\l__regex_curr_state_int=\count288
\l__regex_step_int=\count289
\l__regex_min_active_int=\count290
\l__regex_max_active_int=\count291
\l__regex_replacement_csnames_int=\count292
\l__regex_match_count_int=\count293
\l__regex_min_submatch_int=\count294
\l__regex_submatch_int=\count295
\l__regex_zeroth_submatch_int=\count296
\g__regex_trace_regex_int=\count297
\c_empty_box=\box62
\l_tmpa_box=\box63
\l_tmpb_box=\box64
\g_tmpa_box=\box65
\g_tmpb_box=\box66
\l__box_top_dim=\dimen165
\l__box_bottom_dim=\dimen166
\l__box_left_dim=\dimen167
\l__box_right_dim=\dimen168
\l__box_top_new_dim=\dimen169
\l__box_bottom_new_dim=\dimen170
\l__box_left_new_dim=\dimen171
\l__box_right_new_dim=\dimen172
\l__box_internal_box=\box67
\l__coffin_internal_box=\box68
\l__coffin_internal_dim=\dimen173
\l__coffin_offset_x_dim=\dimen174
\l__coffin_offset_y_dim=\dimen175
\l__coffin_x_dim=\dimen176
\l__coffin_y_dim=\dimen177
\l__coffin_x_prime_dim=\dimen178
\l__coffin_y_prime_dim=\dimen179
\c_empty_coffin=\box69
\l__coffin_aligned_coffin=\box70
\l__coffin_aligned_internal_coffin=\box71
\l_tmpa_coffin=\box72
\l_tmpb_coffin=\box73
\l__coffin_display_coffin=\box74
\l__coffin_display_coord_coffin=\box75
\l__coffin_display_pole_coffin=\box76
\l__coffin_display_offset_dim=\dimen180
\l__coffin_display_x_dim=\dimen181
\l__coffin_display_y_dim=\dimen182
\l__coffin_bounding_shift_dim=\dimen183
\l__coffin_left_corner_dim=\dimen184
\l__coffin_right_corner_dim=\dimen185
\l__coffin_bottom_corner_dim=\dimen186
\l__coffin_top_corner_dim=\dimen187
\l__coffin_scaled_total_height_dim=\dimen188
\l__coffin_scaled_width_dim=\dimen189
)
(/usr/local/texlive/2018/texmf-dist/tex/latex/l3kernel/l3pdfmode.def
File: l3pdfmode.def 2017/03/18 v L3 Experimental driver: PDF mode
\l__driver_color_stack_int=\count298
))
Package: xparse 2018/02/21 L3 Experimental document command parser
\l__xparse_current_arg_int=\count299
\g__xparse_grabber_int=\count300
\l__xparse_m_args_int=\count301
\l__xparse_mandatory_args_int=\count302
\l__xparse_v_nesting_int=\count303
)
(/usr/local/texlive/2018/texmf-dist/tex/latex/etoolbox/etoolbox.sty
Package: etoolbox 2018/02/11 v2.5e e-TeX tools for LaTeX (JAW)
\etb@tempcnta=\count304
)
(/usr/local/texlive/2018/texmf-dist/tex/latex/oberdiek/zref-abspage.sty
Package: zref-abspage 2016/05/21 v2.26 Module abspage for zref (HO)

(/usr/local/texlive/2018/texmf-dist/tex/latex/oberdiek/zref-base.sty
Package: zref-base 2016/05/21 v2.26 Module base for zref (HO)
Package zref Info: New property list: main on input line 759.
Package zref Info: New property: default on input line 760.
Package zref Info: New property: page on input line 761.
)
\c@abspage=\count305
Package zref Info: New property: abspage on input line 62.
)
(/usr/local/texlive/2018/texmf-dist/tex/latex/needspace/needspace.sty
Package: needspace 2010/09/12 v1.3d reserve vertical space
)
\mdf@templength=\skip81
\c@mdf@globalstyle@cnt=\count306
\mdf@skipabove@length=\skip82
\mdf@skipbelow@length=\skip83
\mdf@leftmargin@length=\skip84
\mdf@rightmargin@length=\skip85
\mdf@innerleftmargin@length=\skip86
\mdf@innerrightmargin@length=\skip87
\mdf@innertopmargin@length=\skip88
\mdf@innerbottommargin@length=\skip89
\mdf@splittopskip@length=\skip90
\mdf@splitbottomskip@length=\skip91
\mdf@outermargin@length=\skip92
\mdf@innermargin@length=\skip93
\mdf@linewidth@length=\skip94
\mdf@innerlinewidth@length=\skip95
\mdf@middlelinewidth@length=\skip96
\mdf@outerlinewidth@length=\skip97
\mdf@roundcorner@length=\skip98
\mdf@footenotedistance@length=\skip99
\mdf@userdefinedwidth@length=\skip100
\mdf@needspace@length=\skip101
\mdf@frametitleaboveskip@length=\skip102
\mdf@frametitlebelowskip@length=\skip103
\mdf@frametitlerulewidth@length=\skip104
\mdf@frametitleleftmargin@length=\skip105
\mdf@frametitlerightmargin@length=\skip106
\mdf@shadowsize@length=\skip107
\mdf@extratopheight@length=\skip108
\mdf@subtitleabovelinewidth@length=\skip109
\mdf@subtitlebelowlinewidth@length=\skip110
\mdf@subtitleaboveskip@length=\skip111
\mdf@subtitlebelowskip@length=\skip112
\mdf@subtitleinneraboveskip@length=\skip113
\mdf@subtitleinnerbelowskip@length=\skip114
\mdf@subsubtitleabovelinewidth@length=\skip115
\mdf@subsubtitlebelowlinewidth@length=\skip116
\mdf@subsubtitleaboveskip@length=\skip117
\mdf@subsubtitlebelowskip@length=\skip118
\mdf@subsubtitleinneraboveskip@length=\skip119
\mdf@subsubtitleinnerbelowskip@length=\skip120

(/usr/local/texlive/2018/texmf-dist/tex/latex/mdframed/md-frame-0.mdf
File: md-frame-0.mdf 2013/07/01\ 1.9b: md-frame-0
)
\mdf@frametitlebox=\box77
\mdf@footnotebox=\box78
\mdf@splitbox@one=\box79
\mdf@splitbox@two=\box80
\mdf@splitbox@save=\box81
\mdfsplitboxwidth=\skip121
\mdfsplitboxtotalwidth=\skip122
\mdfsplitboxheight=\skip123
\mdfsplitboxdepth=\skip124
\mdfsplitboxtotalheight=\skip125
\mdfframetitleboxwidth=\skip126
\mdfframetitleboxtotalwidth=\skip127
\mdfframetitleboxheight=\skip128
\mdfframetitleboxdepth=\skip129
\mdfframetitleboxtotalheight=\skip130
\mdffootnoteboxwidth=\skip131
\mdffootnoteboxtotalwidth=\skip132
\mdffootnoteboxheight=\skip133
\mdffootnoteboxdepth=\skip134
\mdffootnoteboxtotalheight=\skip135
\mdftotallinewidth=\skip136
\mdfboundingboxwidth=\skip137
\mdfboundingboxtotalwidth=\skip138
\mdfboundingboxheight=\skip139
\mdfboundingboxdepth=\skip140
\mdfboundingboxtotalheight=\skip141
\mdf@freevspace@length=\skip142
\mdf@horizontalwidthofbox@length=\skip143
\mdf@verticalmarginwhole@length=\skip144
\mdf@horizontalspaceofbox=\skip145
\mdfsubtitleheight=\skip146
\mdfsubsubtitleheight=\skip147
\c@mdfcountframes=\count307

****** mdframed patching \endmdf@trivlist

****** -- success******

.................................................
. LaTeX info: "xparse/define-command"
. 
. Defining command \newmdtheoremenv with sig. 'O{} m o m o ' on line 601.
.................................................
.................................................
. LaTeX info: "xparse/define-command"
. 
. Defining command \mdtheorem with sig. ' O{} m o m o ' on line 701.
.................................................
\mdf@envdepth=\count308
\c@mdf@env@i=\count309
\c@mdf@env@ii=\count310
\c@mdf@zref@counter=\count311
Package zref Info: New property: mdf@pagevalue on input line 895.
)
(/usr/local/texlive/2018/texmf-dist/tex/latex/multirow/multirow.sty
Package: multirow 2016/11/25 v2.2 Span multiple rows of a table
\multirow@colwidth=\skip148
\multirow@cntb=\count312
\multirow@dima=\skip149
\bigstrutjot=\dimen190
)
(./shortcuts.tex
\c@Fact=\count313
\c@Lemma=\count314
\c@Prop=\count315
\c@Theorem=\count316
\c@Def=\count317
\c@Corollary=\count318
\c@Conjecture=\count319
\c@Property=\count320
\c@Observation=\count321
\c@Exa=\count322
\c@assumption=\count323
\c@Remark=\count324
\c@theo=\count325
\c@coro=\count326
\c@lem=\count327
) (./mainICML22.aux)
\openout1 = `mainICML22.aux'.

LaTeX Font Info:    Checking defaults for OML/cmm/m/it on input line 50.
LaTeX Font Info:    ... okay on input line 50.
LaTeX Font Info:    Checking defaults for T1/cmr/m/n on input line 50.
LaTeX Font Info:    ... okay on input line 50.
LaTeX Font Info:    Checking defaults for OT1/cmr/m/n on input line 50.
LaTeX Font Info:    ... okay on input line 50.
LaTeX Font Info:    Checking defaults for OMS/cmsy/m/n on input line 50.
LaTeX Font Info:    ... okay on input line 50.
LaTeX Font Info:    Checking defaults for OMX/cmex/m/n on input line 50.
LaTeX Font Info:    ... okay on input line 50.
LaTeX Font Info:    Checking defaults for U/cmr/m/n on input line 50.
LaTeX Font Info:    ... okay on input line 50.
LaTeX Font Info:    Checking defaults for PD1/pdf/m/n on input line 50.
LaTeX Font Info:    ... okay on input line 50.
LaTeX Font Info:    Try loading font information for OT1+ptm on input line 50.

(/usr/local/texlive/2018/texmf-dist/tex/latex/psnfss/ot1ptm.fd
File: ot1ptm.fd 2001/06/04 font definitions for OT1/ptm.
)
LaTeX Info: Redefining \microtypecontext on input line 50.
Package microtype Info: Generating PDF output.
Package microtype Info: Character protrusion enabled (level 2).
Package microtype Info: Using default protrusion set `alltext'.
Package microtype Info: Automatic font expansion enabled (level 2),
(microtype)             stretch: 20, shrink: 20, step: 1, non-selected.
Package microtype Info: Using default expansion set `basictext'.
Package microtype Info: No adjustment of tracking.
Package microtype Info: No adjustment of interword spacing.
Package microtype Info: No adjustment of character kerning.

(/usr/local/texlive/2018/texmf-dist/tex/latex/microtype/mt-ptm.cfg
File: mt-ptm.cfg 2006/04/20 v1.7 microtype config. file: Times (RS)
)
(/usr/local/texlive/2018/texmf-dist/tex/context/base/mkii/supp-pdf.mkii
[Loading MPS to PDF converter (version 2006.09.02).]
\scratchcounter=\count328
\scratchdimen=\dimen191
\scratchbox=\box82
\nofMPsegments=\count329
\nofMParguments=\count330
\everyMPshowfont=\toks36
\MPscratchCnt=\count331
\MPscratchDim=\dimen192
\MPnumerator=\count332
\makeMPintoPDFobject=\count333
\everyMPtoPDFconversion=\toks37
) (/usr/local/texlive/2018/texmf-dist/tex/latex/oberdiek/epstopdf-base.sty
Package: epstopdf-base 2016/05/15 v2.6 Base part for package epstopdf

(/usr/local/texlive/2018/texmf-dist/tex/latex/oberdiek/grfext.sty
Package: grfext 2016/05/16 v1.2 Manage graphics extensions (HO)
)
Package epstopdf-base Info: Redefining graphics rule for `.eps' on input line 4
38.
Package grfext Info: Graphics extension search list:
(grfext)             [.pdf,.png,.jpg,.mps,.jpeg,.jbig2,.jb2,.PDF,.PNG,.JPG,.JPE
G,.JBIG2,.JB2,.eps]
(grfext)             \AppendGraphicsExtensions on input line 456.

(/usr/local/texlive/2018/texmf-dist/tex/latex/latexconfig/epstopdf-sys.cfg
File: epstopdf-sys.cfg 2010/07/13 v1.3 Configuration of (r)epstopdf for TeX Liv
e
))
\AtBeginShipoutBox=\box83
Package hyperref Info: Link coloring ON on input line 50.

(/usr/local/texlive/2018/texmf-dist/tex/latex/hyperref/nameref.sty
Package: nameref 2016/05/21 v2.44 Cross-referencing by name of section

(/usr/local/texlive/2018/texmf-dist/tex/generic/oberdiek/gettitlestring.sty
Package: gettitlestring 2016/05/16 v1.5 Cleanup title references (HO)
)
\c@section@level=\count334
)
LaTeX Info: Redefining \ref on input line 50.
LaTeX Info: Redefining \pageref on input line 50.
LaTeX Info: Redefining \nameref on input line 50.

(./mainICML22.out) (./mainICML22.out)
\@outlinefile=\write3
\openout3 = `mainICML22.out'.

Package caption Info: Begin \AtBeginDocument code.
Package caption Info: End \AtBeginDocument code.
LaTeX Font Info:    Font shape `OT1/ptm/bx/n' in size <9> not available
(Font)              Font shape `OT1/ptm/b/n' tried instead on input line 87.
LaTeX Font Info:    Font shape `OT1/ptm/bx/n' in size <14.4> not available
(Font)              Font shape `OT1/ptm/b/n' tried instead on input line 87.
LaTeX Font Info:    Font shape `OT1/ptm/bx/n' in size <10> not available
(Font)              Font shape `OT1/ptm/b/n' tried instead on input line 87.
\c@@affil@anon=\count335

(/usr/local/texlive/2018/texmf-dist/tex/latex/microtype/mt-cmr.cfg
File: mt-cmr.cfg 2013/05/19 v2.2 microtype config. file: Computer Modern Roman 
(RS)
)
LaTeX Font Info:    Try loading font information for U+msa on input line 87.

(/usr/local/texlive/2018/texmf-dist/tex/latex/amsfonts/umsa.fd
File: umsa.fd 2013/01/14 v3.01 AMS symbols A
)
(/usr/local/texlive/2018/texmf-dist/tex/latex/microtype/mt-msa.cfg
File: mt-msa.cfg 2006/02/04 v1.1 microtype config. file: AMS symbols (a) (RS)
)
LaTeX Font Info:    Try loading font information for U+msb on input line 87.

(/usr/local/texlive/2018/texmf-dist/tex/latex/amsfonts/umsb.fd
File: umsb.fd 2013/01/14 v3.01 AMS symbols B
)
(/usr/local/texlive/2018/texmf-dist/tex/latex/microtype/mt-msb.cfg
File: mt-msb.cfg 2005/06/01 v1.0 microtype config. file: AMS symbols (b) (RS)
)
LaTeX Font Info:    Try loading font information for U+stmry on input line 87.

(/usr/local/texlive/2018/texmf-dist/tex/latex/stmaryrd/Ustmry.fd)

Package hyperref Warning: Ignoring empty anchor on input line 90.

LaTeX Font Info:    Try loading font information for OML+ptm on input line 90.
(/usr/local/texlive/2018/texmf-dist/tex/latex/psnfss/omlptm.fd
File: omlptm.fd 
)
LaTeX Font Info:    Font shape `OML/ptm/m/n' in size <9> not available
(Font)              Font shape `OML/cmm/m/it' tried instead on input line 90.
LaTeX Font Info:    Font shape `OT1/ptm/bx/n' in size <12> not available
(Font)              Font shape `OT1/ptm/b/n' tried instead on input line 92.
 [1{/usr/local/texlive/2018/texmf-var/fonts/map/pdftex/updmap/pdftex.map}



]
LaTeX Font Info:    Try loading font information for OMS+ptm on input line 127.


(/usr/local/texlive/2018/texmf-dist/tex/latex/psnfss/omsptm.fd
File: omsptm.fd 
)
LaTeX Font Info:    Font shape `OMS/ptm/m/n' in size <10> not available
(Font)              Font shape `OMS/cmsy/m/n' tried instead on input line 127.
Package microtype Info: Loading generic protrusion settings for font family
(microtype)             `cmss' (encoding: OT1).
(microtype)             For optimal results, create family-specific settings.
(microtype)             See the microtype manual for details.

Underfull \hbox (badness 10000) in paragraph at lines 129--130
\OT1/ptm/m/n/10 (+20) con-ver-gence rate of \OT1/ptm/m/sc/10 (+20) Fed-LAMB\OT1
/ptm/m/n/10 (+20) . Our rate,
 []


Underfull \hbox (badness 2012) in paragraph at lines 129--130
\OMS/cmsy/m/n/10 O []$\OT1/ptm/m/n/10 (+20) , where $\OT1/cmss/m/n/10 h$ \OT1/p
tm/m/n/10 (+20) is the to-tal num-ber of
 []


Underfull \vbox (badness 10000) has occurred while \output is active []

 [2]
Underfull \vbox (badness 10000) has occurred while \output is active []



pdfTeX warning: /Library/TeX/texbin/pdflatex (file ./new_figure/plot1.pdf): PDF
 inclusion: found PDF version <1.7>, but at most version <1.5> allowed
<new_figure/plot1.pdf, id=100, 867.24pt x 520.34402pt>
File: new_figure/plot1.pdf Graphic file (type pdf)
<use new_figure/plot1.pdf>
Package pdftex.def Info: new_figure/plot1.pdf  used on input line 200.
(pdftex.def)             Requested size: 258.54532pt x 155.1278pt.

Overfull \hbox (17.82776pt too wide) in paragraph at lines 200--204
[][]
 []


Overfull \hbox (2.31676pt too wide) detected at line 229
\OML/cmm/m/it/10 ^^R[] \OT1/cmr/m/n/10 = \OML/cmm/m/it/10 ^^R[] \OMS/cmsy/m/n/1
0 ^^@ [] \OML/cmm/m/it/10 :
 []


Underfull \hbox (badness 1400) in paragraph at lines 233--234
[] []\OT1/ptm/m/n/10 (+20) Server com-putes av-er-ages of the lo-cal mod-els
 []

[3 <./new_figure/plot1.pdf>]
Underfull \vbox (badness 5231) has occurred while \output is active []

LaTeX Font Info:    Font shape `OT1/ptm/bx/sc' in size <12> not available
(Font)              Font shape `OT1/ptm/b/sc' tried instead on input line 245.
LaTeX Font Info:    Font shape `OT1/ptm/bx/sc' in size <10> not available
(Font)              Font shape `OT1/ptm/b/sc' tried instead on input line 254.
 [4]
Package mdframed Info: mdframed detected package amsthm 
 changed the theorem header of amsthm
(mdframed)              on input line 271.
LaTeX Font Info:    Font shape `OT1/ptm/bx/it' in size <10> not available
(Font)              Font shape `OT1/ptm/b/it' tried instead on input line 272.

Overfull \hbox (4.42238pt too wide) detected at line 280
[]
 []

Package mdframed Info: mdframed detected package amsthm 
 changed the theorem header of amsthm
(mdframed)              on input line 289.
Package mdframed Info: mdframed detected package amsthm 
 changed the theorem header of amsthm
(mdframed)              on input line 300.

Overfull \hbox (9.36317pt too wide) detected at line 304
[][] \OMS/cmsy/m/n/10 ^^U [] [][] ^^@ []\OML/cmm/m/it/10 []M[]^^^[][] ;
 []

Package mdframed Info: mdframed detected package amsthm 
 changed the theorem header of amsthm
(mdframed)              on input line 311.
[5pdfTeX warning (ext4): destination with the same identifier (name{equation.4.
4}) has been already used, duplicate ignored

\AtBegShi@Output ...ipout \box \AtBeginShipoutBox 
                                                  \fi \fi 
l.361 
      pdfTeX warning (ext4): destination with the same identifier (name{equatio
n.4.4}) has been already used, duplicate ignored

\AtBegShi@Output ...ipout \box \AtBeginShipoutBox 
                                                  \fi \fi 
l.361 
      ]
Package mdframed Info: mdframed detected package amsthm 
 changed the theorem header of amsthm
(mdframed)              on input line 362.
<new_fmnist_mnist_fig/mnist_testerror_mlp_ep1_iid1_reddi.pdf, id=220, 421.575pt
 x 316.18124pt>
File: new_fmnist_mnist_fig/mnist_testerror_mlp_ep1_iid1_reddi.pdf Graphic file 
(type pdf)
<use new_fmnist_mnist_fig/mnist_testerror_mlp_ep1_iid1_reddi.pdf>
Package pdftex.def Info: new_fmnist_mnist_fig/mnist_testerror_mlp_ep1_iid1_redd
i.pdf  used on input line 413.
(pdftex.def)             Requested size: 121.95561pt x 91.46346pt.
<new_fmnist_mnist_fig/mnist_testerror_mlp_ep3_iid1_reddi.pdf, id=221, 421.575pt
 x 316.18124pt>
File: new_fmnist_mnist_fig/mnist_testerror_mlp_ep3_iid1_reddi.pdf Graphic file 
(type pdf)
<use new_fmnist_mnist_fig/mnist_testerror_mlp_ep3_iid1_reddi.pdf>
Package pdftex.def Info: new_fmnist_mnist_fig/mnist_testerror_mlp_ep3_iid1_redd
i.pdf  used on input line 413.
(pdftex.def)             Requested size: 121.95561pt x 91.46346pt.
<new_fmnist_mnist_fig/mnist_testerror_cnn_ep1_iid1_reddi.pdf, id=222, 421.575pt
 x 316.18124pt>
File: new_fmnist_mnist_fig/mnist_testerror_cnn_ep1_iid1_reddi.pdf Graphic file 
(type pdf)
<use new_fmnist_mnist_fig/mnist_testerror_cnn_ep1_iid1_reddi.pdf>
Package pdftex.def Info: new_fmnist_mnist_fig/mnist_testerror_cnn_ep1_iid1_redd
i.pdf  used on input line 417.
(pdftex.def)             Requested size: 121.95561pt x 91.46346pt.
<new_fmnist_mnist_fig/mnist_testerror_cnn_ep3_iid1_reddi.pdf, id=223, 421.575pt
 x 316.18124pt>
File: new_fmnist_mnist_fig/mnist_testerror_cnn_ep3_iid1_reddi.pdf Graphic file 
(type pdf)
<use new_fmnist_mnist_fig/mnist_testerror_cnn_ep3_iid1_reddi.pdf>
Package pdftex.def Info: new_fmnist_mnist_fig/mnist_testerror_cnn_ep3_iid1_redd
i.pdf  used on input line 417.
(pdftex.def)             Requested size: 121.95561pt x 91.46346pt.
<new_fmnist_mnist_fig/fmnist_testerror_cnn_ep1_iid1_reddi.pdf, id=224, 421.575p
t x 316.18124pt>
File: new_fmnist_mnist_fig/fmnist_testerror_cnn_ep1_iid1_reddi.pdf Graphic file
 (type pdf)
<use new_fmnist_mnist_fig/fmnist_testerror_cnn_ep1_iid1_reddi.pdf>
Package pdftex.def Info: new_fmnist_mnist_fig/fmnist_testerror_cnn_ep1_iid1_red
di.pdf  used on input line 421.
(pdftex.def)             Requested size: 121.95561pt x 91.46346pt.
<new_fmnist_mnist_fig/fmnist_testerror_cnn_ep3_iid1_reddi.pdf, id=225, 421.575p
t x 316.18124pt>
File: new_fmnist_mnist_fig/fmnist_testerror_cnn_ep3_iid1_reddi.pdf Graphic file
 (type pdf)
<use new_fmnist_mnist_fig/fmnist_testerror_cnn_ep3_iid1_reddi.pdf>
Package pdftex.def Info: new_fmnist_mnist_fig/fmnist_testerror_cnn_ep3_iid1_red
di.pdf  used on input line 421.
(pdftex.def)             Requested size: 121.95561pt x 91.46346pt.

Overfull \hbox (2.07886pt too wide) in paragraph at lines 413--422
 [] 
 []


Overfull \hbox (2.07886pt too wide) in paragraph at lines 413--422
 [] 
 []


Overfull \hbox (2.07886pt too wide) in paragraph at lines 413--422
 [] 
 []

[6]
<new_fmnist_mnist_fig/mnist_testerror_mlp_ep1_iid0_reddi.pdf, id=249, 421.575pt
 x 316.18124pt>
File: new_fmnist_mnist_fig/mnist_testerror_mlp_ep1_iid0_reddi.pdf Graphic file 
(type pdf)
<use new_fmnist_mnist_fig/mnist_testerror_mlp_ep1_iid0_reddi.pdf>
Package pdftex.def Info: new_fmnist_mnist_fig/mnist_testerror_mlp_ep1_iid0_redd
i.pdf  used on input line 452.
(pdftex.def)             Requested size: 121.95561pt x 91.46346pt.
<new_fmnist_mnist_fig/mnist_testerror_mlp_ep3_iid0_reddi.pdf, id=250, 421.575pt
 x 316.18124pt>
File: new_fmnist_mnist_fig/mnist_testerror_mlp_ep3_iid0_reddi.pdf Graphic file 
(type pdf)
<use new_fmnist_mnist_fig/mnist_testerror_mlp_ep3_iid0_reddi.pdf>
Package pdftex.def Info: new_fmnist_mnist_fig/mnist_testerror_mlp_ep3_iid0_redd
i.pdf  used on input line 452.
(pdftex.def)             Requested size: 121.95561pt x 91.46346pt.
<new_fmnist_mnist_fig/mnist_testerror_cnn_ep1_iid0_reddi.pdf, id=251, 421.575pt
 x 316.18124pt>
File: new_fmnist_mnist_fig/mnist_testerror_cnn_ep1_iid0_reddi.pdf Graphic file 
(type pdf)
<use new_fmnist_mnist_fig/mnist_testerror_cnn_ep1_iid0_reddi.pdf>
Package pdftex.def Info: new_fmnist_mnist_fig/mnist_testerror_cnn_ep1_iid0_redd
i.pdf  used on input line 456.
(pdftex.def)             Requested size: 121.95561pt x 91.46346pt.
<new_fmnist_mnist_fig/mnist_testerror_cnn_ep3_iid0_reddi.pdf, id=252, 421.575pt
 x 316.18124pt>
File: new_fmnist_mnist_fig/mnist_testerror_cnn_ep3_iid0_reddi.pdf Graphic file 
(type pdf)
<use new_fmnist_mnist_fig/mnist_testerror_cnn_ep3_iid0_reddi.pdf>
Package pdftex.def Info: new_fmnist_mnist_fig/mnist_testerror_cnn_ep3_iid0_redd
i.pdf  used on input line 456.
(pdftex.def)             Requested size: 121.95561pt x 91.46346pt.
<new_fmnist_mnist_fig/fmnist_testerror_cnn_ep1_iid0_reddi.pdf, id=253, 421.575p
t x 316.18124pt>
File: new_fmnist_mnist_fig/fmnist_testerror_cnn_ep1_iid0_reddi.pdf Graphic file
 (type pdf)
<use new_fmnist_mnist_fig/fmnist_testerror_cnn_ep1_iid0_reddi.pdf>
Package pdftex.def Info: new_fmnist_mnist_fig/fmnist_testerror_cnn_ep1_iid0_red
di.pdf  used on input line 460.
(pdftex.def)             Requested size: 121.95561pt x 91.46346pt.
<new_fmnist_mnist_fig/fmnist_testerror_cnn_ep3_iid0_reddi.pdf, id=254, 421.575p
t x 316.18124pt>
File: new_fmnist_mnist_fig/fmnist_testerror_cnn_ep3_iid0_reddi.pdf Graphic file
 (type pdf)
<use new_fmnist_mnist_fig/fmnist_testerror_cnn_ep3_iid0_reddi.pdf>
Package pdftex.def Info: new_fmnist_mnist_fig/fmnist_testerror_cnn_ep3_iid0_red
di.pdf  used on input line 460.
(pdftex.def)             Requested size: 121.95561pt x 91.46346pt.

Overfull \hbox (2.07886pt too wide) in paragraph at lines 452--465
 [] 
 []


Overfull \hbox (2.07886pt too wide) in paragraph at lines 452--465
 [] 
 []


Overfull \hbox (2.07886pt too wide) in paragraph at lines 452--465
 [] 
 []


Underfull \vbox (badness 10000) has occurred while \output is active []


Underfull \vbox (badness 7777) has occurred while \output is active []

 [7 <./new_fmnist_mnist_fig/mnist_testerror_mlp_ep1_iid1_reddi.pdf> <./new_fmni
st_mnist_fig/mnist_testerror_mlp_ep3_iid1_reddi.pdf> <./new_fmnist_mnist_fig/mn
ist_testerror_cnn_ep1_iid1_reddi.pdf> <./new_fmnist_mnist_fig/mnist_testerror_c
nn_ep3_iid1_reddi.pdf> <./new_fmnist_mnist_fig/fmnist_testerror_cnn_ep1_iid1_re
ddi.pdf> <./new_fmnist_mnist_fig/fmnist_testerror_cnn_ep3_iid1_reddi.pdf> <./ne
w_fmnist_mnist_fig/mnist_testerror_mlp_ep1_iid0_reddi.pdf> <./new_fmnist_mnist_
fig/mnist_testerror_mlp_ep3_iid0_reddi.pdf> <./new_fmnist_mnist_fig/mnist_teste
rror_cnn_ep1_iid0_reddi.pdf> <./new_fmnist_mnist_fig/mnist_testerror_cnn_ep3_ii
d0_reddi.pdf> <./new_fmnist_mnist_fig/fmnist_testerror_cnn_ep1_iid0_reddi.pdf> 
<./new_fmnist_mnist_fig/fmnist_testerror_cnn_ep3_iid0_reddi.pdf>]
Underfull \vbox (badness 10000) has occurred while \output is active []

<new_fmnist_mnist_fig/cifar_testerror_resnet18_ep1_client2_iid0_reddi.pdf, id=4
57, 421.575pt x 316.18124pt>
File: new_fmnist_mnist_fig/cifar_testerror_resnet18_ep1_client2_iid0_reddi.pdf 
Graphic file (type pdf)
<use new_fmnist_mnist_fig/cifar_testerror_resnet18_ep1_client2_iid0_reddi.pdf>
Package pdftex.def Info: new_fmnist_mnist_fig/cifar_testerror_resnet18_ep1_clie
nt2_iid0_reddi.pdf  used on input line 501.
(pdftex.def)             Requested size: 121.95561pt x 91.46346pt.
<new_fmnist_mnist_fig/tinyimagenet_testerror_resnet18_ep1_client2_iid0_reddi.pd
f, id=458, 421.575pt x 316.18124pt>
File: new_fmnist_mnist_fig/tinyimagenet_testerror_resnet18_ep1_client2_iid0_red
di.pdf Graphic file (type pdf)
<use new_fmnist_mnist_fig/tinyimagenet_testerror_resnet18_ep1_client2_iid0_redd
i.pdf>
Package pdftex.def Info: new_fmnist_mnist_fig/tinyimagenet_testerror_resnet18_e
p1_client2_iid0_reddi.pdf  used on input line 501.
(pdftex.def)             Requested size: 121.95561pt x 91.46346pt.

Overfull \hbox (2.07886pt too wide) in paragraph at lines 501--502
 [] 
 []

[8 <./new_fmnist_mnist_fig/cifar_testerror_resnet18_ep1_client2_iid0_reddi.pdf>
 <./new_fmnist_mnist_fig/tinyimagenet_testerror_resnet18_ep1_client2_iid0_reddi
.pdf>] [9

] (./mainICML22.bbl [10

]) [11]

LaTeX Warning: `h' float specifier changed to `ht'.

[12


] [13pdfTeX warning (ext4): destination with the same identifier (name{equation
.B.6}) has been already used, duplicate ignored

\AtBegShi@Output ...ipout \box \AtBeginShipoutBox 
                                                  \fi \fi 
l.696 \eeq
          pdfTeX warning (ext4): destination with the same identifier (name{equ
ation.B.6}) has been already used, duplicate ignored

\AtBegShi@Output ...ipout \box \AtBeginShipoutBox 
                                                  \fi \fi 
l.696 \eeq
          pdfTeX warning (ext4): destination with the same identifier (name{equ
ation.B.6}) has been already used, duplicate ignored

\AtBegShi@Output ...ipout \box \AtBeginShipoutBox 
                                                  \fi \fi 
l.696 \eeq
          ]pdfTeX warning (ext4): destination with the same identifier (name{eq
uation.B.6}) has been already used, duplicate ignored
<to be read again> 
                   \relax 
l.700 \beq
          \notagpdfTeX warning (ext4): destination with the same identifier (na
me{equation.B.6}) has been already used, duplicate ignored
<to be read again> 
                   \relax 
l.720 \beq
           \notagpdfTeX warning (ext4): destination with the same identifier (n
ame{equation.B.6}) has been already used, duplicate ignored
<to be read again> 
                   \relax 
l.737 \end{align}
                  [14pdfTeX warning (ext4): destination with the same identifie
r (name{equation.B.6}) has been already used, duplicate ignored

\AtBegShi@Output ...ipout \box \AtBeginShipoutBox 
                                                  \fi \fi 
l.749 \end{align}
                 ] [15]
Underfull \vbox (badness 10000) has occurred while \output is active []

 [16]
[17]
Package atveryend Info: Empty hook `BeforeClearDocument' on input line 880.
 [18]
Package atveryend Info: Empty hook `AfterLastShipout' on input line 880.
 (./mainICML22.aux)
Package atveryend Info: Executing hook `AtVeryEndDocument' on input line 880.
Package atveryend Info: Executing hook `AtEndAfterFileList' on input line 880.
Package rerunfilecheck Info: File `mainICML22.out' has not changed.
(rerunfilecheck)             Checksum: D41D8CD98F00B204E9800998ECF8427E;0.
Package atveryend Info: Empty hook `AtVeryVeryEnd' on input line 880.
 ) 
Here is how much of TeX's memory you used:
 21481 strings out of 492649
 375386 string characters out of 6129622
 520296 words of memory out of 5000000
 24630 multiletter control sequences out of 15000+600000
 583918 words of font info for 327 fonts, out of 8000000 for 9000
 1141 hyphenation exceptions out of 8191
 39i,20n,77p,10420b,791s stack positions out of 5000i,500n,10000p,200000b,80000s
{/usr/local/texlive/2018/texmf-dist/fonts/enc/dvips/base/8r.enc}</usr/local/t
exlive/2018/texmf-dist/fonts/type1/public/amsfonts/cm/cmex10.pfb></usr/local/te
xlive/2018/texmf-dist/fonts/type1/public/amsfonts/cm/cmmi10.pfb></usr/local/tex
live/2018/texmf-dist/fonts/type1/public/amsfonts/cm/cmmi5.pfb></usr/local/texli
ve/2018/texmf-dist/fonts/type1/public/amsfonts/cm/cmmi6.pfb></usr/local/texlive
/2018/texmf-dist/fonts/type1/public/amsfonts/cm/cmmi7.pfb></usr/local/texlive/2
018/texmf-dist/fonts/type1/public/amsfonts/cm/cmmi9.pfb></usr/local/texlive/201
8/texmf-dist/fonts/type1/public/amsfonts/cm/cmr10.pfb></usr/local/texlive/2018/
texmf-dist/fonts/type1/public/amsfonts/cm/cmr5.pfb></usr/local/texlive/2018/tex
mf-dist/fonts/type1/public/amsfonts/cm/cmr6.pfb></usr/local/texlive/2018/texmf-
dist/fonts/type1/public/amsfonts/cm/cmr7.pfb></usr/local/texlive/2018/texmf-dis
t/fonts/type1/public/amsfonts/cm/cmr9.pfb></usr/local/texlive/2018/texmf-dist/f
onts/type1/public/amsfonts/cm/cmss10.pfb></usr/local/texlive/2018/texmf-dist/fo
nts/type1/public/amsfonts/cm/cmss8.pfb></usr/local/texlive/2018/texmf-dist/font
s/type1/public/amsfonts/cm/cmsy10.pfb></usr/local/texlive/2018/texmf-dist/fonts
/type1/public/amsfonts/cm/cmsy7.pfb></usr/local/texlive/2018/texmf-dist/fonts/t
ype1/public/amsfonts/cm/cmsy9.pfb></usr/local/texlive/2018/texmf-dist/fonts/typ
e1/public/amsfonts/symbols/msam10.pfb></usr/local/texlive/2018/texmf-dist/fonts
/type1/public/amsfonts/symbols/msbm10.pfb></usr/local/texlive/2018/texmf-dist/f
onts/type1/public/stmaryrd/stmary10.pfb></usr/local/texlive/2018/texmf-dist/fon
ts/type1/urw/times/utmb8a.pfb></usr/local/texlive/2018/texmf-dist/fonts/type1/u
rw/times/utmbi8a.pfb></usr/local/texlive/2018/texmf-dist/fonts/type1/urw/times/
utmr8a.pfb></usr/local/texlive/2018/texmf-dist/fonts/type1/urw/times/utmri8a.pf
b>
Output written on mainICML22.pdf (18 pages, 544086 bytes).
PDF statistics:
 683 PDF objects out of 1000 (max. 8388607)
 600 compressed objects within 6 object streams
 109 named destinations out of 1000 (max. 500000)
 35916 words of extra memory for PDF output out of 42996 (max. 10000000)

