This is pdfTeX, Version 3.14159265-2.6-1.40.19 (TeX Live 2018) (preloaded format=pdflatex 2018.7.23)  4 AUG 2020 09:26
entering extended mode
 restricted \write18 enabled.
 file:line:error style messages enabled.
 %&-line parsing enabled.
**main.tex
(./main.tex
LaTeX2e <2018-04-01> patch level 2
Babel <3.18> and hyphenation patterns for 84 language(s) loaded.
(/usr/local/texlive/2018/texmf-dist/tex/latex/base/article.cls
Document Class: article 2014/09/29 v1.4h Standard LaTeX document class
(/usr/local/texlive/2018/texmf-dist/tex/latex/base/size10.clo
File: size10.clo 2014/09/29 v1.4h Standard LaTeX file (size option)
)
\c@part=\count80
\c@section=\count81
\c@subsection=\count82
\c@subsubsection=\count83
\c@paragraph=\count84
\c@subparagraph=\count85
\c@figure=\count86
\c@table=\count87
\abovecaptionskip=\skip41
\belowcaptionskip=\skip42
\bibindent=\dimen102
)
(/usr/local/texlive/2018/texmf-dist/tex/latex/base/inputenc.sty
Package: inputenc 2018/04/06 v1.3b Input encoding file
\inpenc@prehook=\toks14
\inpenc@posthook=\toks15
)
(/usr/local/texlive/2018/texmf-dist/tex/latex/preprint/fullpage.sty
Package: fullpage 1999/02/23 1.1 (PWD)
\FP@margin=\skip43
)
(/usr/local/texlive/2018/texmf-dist/tex/latex/base/fontenc.sty
Package: fontenc 2017/04/05 v2.0i Standard LaTeX package

(/usr/local/texlive/2018/texmf-dist/tex/latex/base/t1enc.def
File: t1enc.def 2017/04/05 v2.0i Standard LaTeX file
LaTeX Font Info:    Redeclaring font encoding T1 on input line 48.
))
(/usr/local/texlive/2018/texmf-dist/tex/latex/booktabs/booktabs.sty
Package: booktabs 2016/04/27 v1.618033 publication quality tables
\heavyrulewidth=\dimen103
\lightrulewidth=\dimen104
\cmidrulewidth=\dimen105
\belowrulesep=\dimen106
\belowbottomsep=\dimen107
\aboverulesep=\dimen108
\abovetopsep=\dimen109
\cmidrulesep=\dimen110
\cmidrulekern=\dimen111
\defaultaddspace=\dimen112
\@cmidla=\count88
\@cmidlb=\count89
\@aboverulesep=\dimen113
\@belowrulesep=\dimen114
\@thisruleclass=\count90
\@lastruleclass=\count91
\@thisrulewidth=\dimen115
)
(/usr/local/texlive/2018/texmf-dist/tex/latex/amsfonts/amsfonts.sty
Package: amsfonts 2013/01/14 v3.01 Basic AMSFonts support
\@emptytoks=\toks16
\symAMSa=\mathgroup4
\symAMSb=\mathgroup5
LaTeX Font Info:    Overwriting math alphabet `\mathfrak' in version `bold'
(Font)                  U/euf/m/n --> U/euf/b/n on input line 106.
)
(/usr/local/texlive/2018/texmf-dist/tex/latex/units/nicefrac.sty
Package: nicefrac 1998/08/04 v0.9b Nice fractions
\L@UnitsRaiseDisplaystyle=\skip44
\L@UnitsRaiseTextstyle=\skip45
\L@UnitsRaiseScriptstyle=\skip46

(/usr/local/texlive/2018/texmf-dist/tex/latex/base/ifthen.sty
Package: ifthen 2014/09/29 v1.1c Standard LaTeX ifthen package (DPC)
))
(/usr/local/texlive/2018/texmf-dist/tex/latex/microtype/microtype.sty
Package: microtype 2018/01/14 v2.7a Micro-typographical refinements (RS)

(/usr/local/texlive/2018/texmf-dist/tex/latex/graphics/keyval.sty
Package: keyval 2014/10/28 v1.15 key=value parser (DPC)
\KV@toks@=\toks17
)
\MT@toks=\toks18
\MT@count=\count92
LaTeX Info: Redefining \textls on input line 793.
\MT@outer@kern=\dimen116
LaTeX Info: Redefining \textmicrotypecontext on input line 1339.
\MT@listname@count=\count93

(/usr/local/texlive/2018/texmf-dist/tex/latex/microtype/microtype-pdftex.def
File: microtype-pdftex.def 2018/01/14 v2.7a Definitions specific to pdftex (RS)

LaTeX Info: Redefining \lsstyle on input line 913.
LaTeX Info: Redefining \lslig on input line 913.
\MT@outer@space=\skip47
)
Package microtype Info: Loading configuration file microtype.cfg.

(/usr/local/texlive/2018/texmf-dist/tex/latex/microtype/microtype.cfg
File: microtype.cfg 2018/01/14 v2.7a microtype main configuration file (RS)
))
(/usr/local/texlive/2018/texmf-dist/tex/latex/amsmath/amsmath.sty
Package: amsmath 2017/09/02 v2.17a AMS math features
\@mathmargin=\skip48

For additional information on amsmath, use the `?' option.
(/usr/local/texlive/2018/texmf-dist/tex/latex/amsmath/amstext.sty
Package: amstext 2000/06/29 v2.01 AMS text

(/usr/local/texlive/2018/texmf-dist/tex/latex/amsmath/amsgen.sty
File: amsgen.sty 1999/11/30 v2.0 generic functions
\@emptytoks=\toks19
\ex@=\dimen117
))
(/usr/local/texlive/2018/texmf-dist/tex/latex/amsmath/amsbsy.sty
Package: amsbsy 1999/11/29 v1.2d Bold Symbols
\pmbraise@=\dimen118
)
(/usr/local/texlive/2018/texmf-dist/tex/latex/amsmath/amsopn.sty
Package: amsopn 2016/03/08 v2.02 operator names
)
\inf@bad=\count94
LaTeX Info: Redefining \frac on input line 213.
\uproot@=\count95
\leftroot@=\count96
LaTeX Info: Redefining \overline on input line 375.
\classnum@=\count97
\DOTSCASE@=\count98
LaTeX Info: Redefining \ldots on input line 472.
LaTeX Info: Redefining \dots on input line 475.
LaTeX Info: Redefining \cdots on input line 596.
\Mathstrutbox@=\box26
\strutbox@=\box27
\big@size=\dimen119
LaTeX Font Info:    Redeclaring font encoding OML on input line 712.
LaTeX Font Info:    Redeclaring font encoding OMS on input line 713.
\macc@depth=\count99
\c@MaxMatrixCols=\count100
\dotsspace@=\muskip10
\c@parentequation=\count101
\dspbrk@lvl=\count102
\tag@help=\toks20
\row@=\count103
\column@=\count104
\maxfields@=\count105
\andhelp@=\toks21
\eqnshift@=\dimen120
\alignsep@=\dimen121
\tagshift@=\dimen122
\tagwidth@=\dimen123
\totwidth@=\dimen124
\lineht@=\dimen125
\@envbody=\toks22
\multlinegap=\skip49
\multlinetaggap=\skip50
\mathdisplay@stack=\toks23
LaTeX Info: Redefining \[ on input line 2817.
LaTeX Info: Redefining \] on input line 2818.
)
(/usr/local/texlive/2018/texmf-dist/tex/latex/tcolorbox/tcolorbox.sty
Package: tcolorbox 2018/03/22 version 4.13 text color boxes

(/usr/local/texlive/2018/texmf-dist/tex/latex/pgf/basiclayer/pgf.sty
(/usr/local/texlive/2018/texmf-dist/tex/latex/pgf/utilities/pgfrcs.sty
(/usr/local/texlive/2018/texmf-dist/tex/generic/pgf/utilities/pgfutil-common.te
x
\pgfutil@everybye=\toks24
\pgfutil@tempdima=\dimen126
\pgfutil@tempdimb=\dimen127

(/usr/local/texlive/2018/texmf-dist/tex/generic/pgf/utilities/pgfutil-common-li
sts.tex))
(/usr/local/texlive/2018/texmf-dist/tex/generic/pgf/utilities/pgfutil-latex.def
\pgfutil@abb=\box28
(/usr/local/texlive/2018/texmf-dist/tex/latex/ms/everyshi.sty
Package: everyshi 2001/05/15 v3.00 EveryShipout Package (MS)
))
(/usr/local/texlive/2018/texmf-dist/tex/generic/pgf/utilities/pgfrcs.code.tex
Package: pgfrcs 2015/08/07 v3.0.1a (rcs-revision 1.31)
))
Package: pgf 2015/08/07 v3.0.1a (rcs-revision 1.15)
(/usr/local/texlive/2018/texmf-dist/tex/latex/pgf/basiclayer/pgfcore.sty
(/usr/local/texlive/2018/texmf-dist/tex/latex/graphics/graphicx.sty
Package: graphicx 2017/06/01 v1.1a Enhanced LaTeX Graphics (DPC,SPQR)

(/usr/local/texlive/2018/texmf-dist/tex/latex/graphics/graphics.sty
Package: graphics 2017/06/25 v1.2c Standard LaTeX Graphics (DPC,SPQR)

(/usr/local/texlive/2018/texmf-dist/tex/latex/graphics/trig.sty
Package: trig 2016/01/03 v1.10 sin cos tan (DPC)
)
(/usr/local/texlive/2018/texmf-dist/tex/latex/graphics-cfg/graphics.cfg
File: graphics.cfg 2016/06/04 v1.11 sample graphics configuration
)
Package graphics Info: Driver file: pdftex.def on input line 99.

(/usr/local/texlive/2018/texmf-dist/tex/latex/graphics-def/pdftex.def
File: pdftex.def 2018/01/08 v1.0l Graphics/color driver for pdftex
))
\Gin@req@height=\dimen128
\Gin@req@width=\dimen129
)
(/usr/local/texlive/2018/texmf-dist/tex/latex/pgf/systemlayer/pgfsys.sty
(/usr/local/texlive/2018/texmf-dist/tex/generic/pgf/systemlayer/pgfsys.code.tex
Package: pgfsys 2014/07/09 v3.0.1a (rcs-revision 1.48)
(/usr/local/texlive/2018/texmf-dist/tex/generic/pgf/utilities/pgfkeys.code.tex
\pgfkeys@pathtoks=\toks25
\pgfkeys@temptoks=\toks26

(/usr/local/texlive/2018/texmf-dist/tex/generic/pgf/utilities/pgfkeysfiltered.c
ode.tex
\pgfkeys@tmptoks=\toks27
))
\pgf@x=\dimen130
\pgf@y=\dimen131
\pgf@xa=\dimen132
\pgf@ya=\dimen133
\pgf@xb=\dimen134
\pgf@yb=\dimen135
\pgf@xc=\dimen136
\pgf@yc=\dimen137
\w@pgf@writea=\write3
\r@pgf@reada=\read1
\c@pgf@counta=\count106
\c@pgf@countb=\count107
\c@pgf@countc=\count108
\c@pgf@countd=\count109
\t@pgf@toka=\toks28
\t@pgf@tokb=\toks29
\t@pgf@tokc=\toks30

(/usr/local/texlive/2018/texmf-dist/tex/generic/pgf/systemlayer/pgf.cfg
File: pgf.cfg 2008/05/14  (rcs-revision 1.7)
)
Driver file for pgf: pgfsys-pdftex.def

(/usr/local/texlive/2018/texmf-dist/tex/generic/pgf/systemlayer/pgfsys-pdftex.d
ef
File: pgfsys-pdftex.def 2014/10/11  (rcs-revision 1.35)

(/usr/local/texlive/2018/texmf-dist/tex/generic/pgf/systemlayer/pgfsys-common-p
df.def
File: pgfsys-common-pdf.def 2013/10/10  (rcs-revision 1.13)
)))
(/usr/local/texlive/2018/texmf-dist/tex/generic/pgf/systemlayer/pgfsyssoftpath.
code.tex
File: pgfsyssoftpath.code.tex 2013/09/09  (rcs-revision 1.9)
\pgfsyssoftpath@smallbuffer@items=\count110
\pgfsyssoftpath@bigbuffer@items=\count111
)
(/usr/local/texlive/2018/texmf-dist/tex/generic/pgf/systemlayer/pgfsysprotocol.
code.tex
File: pgfsysprotocol.code.tex 2006/10/16  (rcs-revision 1.4)
)) (/usr/local/texlive/2018/texmf-dist/tex/latex/xcolor/xcolor.sty
Package: xcolor 2016/05/11 v2.12 LaTeX color extensions (UK)

(/usr/local/texlive/2018/texmf-dist/tex/latex/graphics-cfg/color.cfg
File: color.cfg 2016/01/02 v1.6 sample color configuration
)
Package xcolor Info: Driver file: pdftex.def on input line 225.
Package xcolor Info: Model `cmy' substituted by `cmy0' on input line 1348.
Package xcolor Info: Model `hsb' substituted by `rgb' on input line 1352.
Package xcolor Info: Model `RGB' extended on input line 1364.
Package xcolor Info: Model `HTML' substituted by `rgb' on input line 1366.
Package xcolor Info: Model `Hsb' substituted by `hsb' on input line 1367.
Package xcolor Info: Model `tHsb' substituted by `hsb' on input line 1368.
Package xcolor Info: Model `HSB' substituted by `hsb' on input line 1369.
Package xcolor Info: Model `Gray' substituted by `gray' on input line 1370.
Package xcolor Info: Model `wave' substituted by `hsb' on input line 1371.
)
(/usr/local/texlive/2018/texmf-dist/tex/generic/pgf/basiclayer/pgfcore.code.tex
Package: pgfcore 2010/04/11 v3.0.1a (rcs-revision 1.7)
(/usr/local/texlive/2018/texmf-dist/tex/generic/pgf/math/pgfmath.code.tex
(/usr/local/texlive/2018/texmf-dist/tex/generic/pgf/math/pgfmathcalc.code.tex
(/usr/local/texlive/2018/texmf-dist/tex/generic/pgf/math/pgfmathutil.code.tex)
(/usr/local/texlive/2018/texmf-dist/tex/generic/pgf/math/pgfmathparser.code.tex
\pgfmath@dimen=\dimen138
\pgfmath@count=\count112
\pgfmath@box=\box29
\pgfmath@toks=\toks31
\pgfmath@stack@operand=\toks32
\pgfmath@stack@operation=\toks33
)
(/usr/local/texlive/2018/texmf-dist/tex/generic/pgf/math/pgfmathfunctions.code.
tex
(/usr/local/texlive/2018/texmf-dist/tex/generic/pgf/math/pgfmathfunctions.basic
.code.tex)
(/usr/local/texlive/2018/texmf-dist/tex/generic/pgf/math/pgfmathfunctions.trigo
nometric.code.tex)
(/usr/local/texlive/2018/texmf-dist/tex/generic/pgf/math/pgfmathfunctions.rando
m.code.tex)
(/usr/local/texlive/2018/texmf-dist/tex/generic/pgf/math/pgfmathfunctions.compa
rison.code.tex)
(/usr/local/texlive/2018/texmf-dist/tex/generic/pgf/math/pgfmathfunctions.base.
code.tex)
(/usr/local/texlive/2018/texmf-dist/tex/generic/pgf/math/pgfmathfunctions.round
.code.tex)
(/usr/local/texlive/2018/texmf-dist/tex/generic/pgf/math/pgfmathfunctions.misc.
code.tex)
(/usr/local/texlive/2018/texmf-dist/tex/generic/pgf/math/pgfmathfunctions.integ
erarithmetics.code.tex)))
(/usr/local/texlive/2018/texmf-dist/tex/generic/pgf/math/pgfmathfloat.code.tex
\c@pgfmathroundto@lastzeros=\count113
))
(/usr/local/texlive/2018/texmf-dist/tex/generic/pgf/basiclayer/pgfcorepoints.co
de.tex
File: pgfcorepoints.code.tex 2013/10/07  (rcs-revision 1.27)
\pgf@picminx=\dimen139
\pgf@picmaxx=\dimen140
\pgf@picminy=\dimen141
\pgf@picmaxy=\dimen142
\pgf@pathminx=\dimen143
\pgf@pathmaxx=\dimen144
\pgf@pathminy=\dimen145
\pgf@pathmaxy=\dimen146
\pgf@xx=\dimen147
\pgf@xy=\dimen148
\pgf@yx=\dimen149
\pgf@yy=\dimen150
\pgf@zx=\dimen151
\pgf@zy=\dimen152
)
(/usr/local/texlive/2018/texmf-dist/tex/generic/pgf/basiclayer/pgfcorepathconst
ruct.code.tex
File: pgfcorepathconstruct.code.tex 2013/10/07  (rcs-revision 1.29)
\pgf@path@lastx=\dimen153
\pgf@path@lasty=\dimen154
)
(/usr/local/texlive/2018/texmf-dist/tex/generic/pgf/basiclayer/pgfcorepathusage
.code.tex
File: pgfcorepathusage.code.tex 2014/11/02  (rcs-revision 1.24)
\pgf@shorten@end@additional=\dimen155
\pgf@shorten@start@additional=\dimen156
)
(/usr/local/texlive/2018/texmf-dist/tex/generic/pgf/basiclayer/pgfcorescopes.co
de.tex
File: pgfcorescopes.code.tex 2015/05/08  (rcs-revision 1.46)
\pgfpic=\box30
\pgf@hbox=\box31
\pgf@layerbox@main=\box32
\pgf@picture@serial@count=\count114
)
(/usr/local/texlive/2018/texmf-dist/tex/generic/pgf/basiclayer/pgfcoregraphicst
ate.code.tex
File: pgfcoregraphicstate.code.tex 2014/11/02  (rcs-revision 1.12)
\pgflinewidth=\dimen157
)
(/usr/local/texlive/2018/texmf-dist/tex/generic/pgf/basiclayer/pgfcoretransform
ations.code.tex
File: pgfcoretransformations.code.tex 2015/08/07  (rcs-revision 1.20)
\pgf@pt@x=\dimen158
\pgf@pt@y=\dimen159
\pgf@pt@temp=\dimen160
)
(/usr/local/texlive/2018/texmf-dist/tex/generic/pgf/basiclayer/pgfcorequick.cod
e.tex
File: pgfcorequick.code.tex 2008/10/09  (rcs-revision 1.3)
)
(/usr/local/texlive/2018/texmf-dist/tex/generic/pgf/basiclayer/pgfcoreobjects.c
ode.tex
File: pgfcoreobjects.code.tex 2006/10/11  (rcs-revision 1.2)
)
(/usr/local/texlive/2018/texmf-dist/tex/generic/pgf/basiclayer/pgfcorepathproce
ssing.code.tex
File: pgfcorepathprocessing.code.tex 2013/09/09  (rcs-revision 1.9)
)
(/usr/local/texlive/2018/texmf-dist/tex/generic/pgf/basiclayer/pgfcorearrows.co
de.tex
File: pgfcorearrows.code.tex 2015/05/14  (rcs-revision 1.43)
\pgfarrowsep=\dimen161
)
(/usr/local/texlive/2018/texmf-dist/tex/generic/pgf/basiclayer/pgfcoreshade.cod
e.tex
File: pgfcoreshade.code.tex 2013/07/15  (rcs-revision 1.15)
\pgf@max=\dimen162
\pgf@sys@shading@range@num=\count115
)
(/usr/local/texlive/2018/texmf-dist/tex/generic/pgf/basiclayer/pgfcoreimage.cod
e.tex
File: pgfcoreimage.code.tex 2013/07/15  (rcs-revision 1.18)

(/usr/local/texlive/2018/texmf-dist/tex/generic/pgf/basiclayer/pgfcoreexternal.
code.tex
File: pgfcoreexternal.code.tex 2014/07/09  (rcs-revision 1.21)
\pgfexternal@startupbox=\box33
))
(/usr/local/texlive/2018/texmf-dist/tex/generic/pgf/basiclayer/pgfcorelayers.co
de.tex
File: pgfcorelayers.code.tex 2013/07/18  (rcs-revision 1.7)
)
(/usr/local/texlive/2018/texmf-dist/tex/generic/pgf/basiclayer/pgfcoretranspare
ncy.code.tex
File: pgfcoretransparency.code.tex 2013/09/30  (rcs-revision 1.5)
)
(/usr/local/texlive/2018/texmf-dist/tex/generic/pgf/basiclayer/pgfcorepatterns.
code.tex
File: pgfcorepatterns.code.tex 2013/11/07  (rcs-revision 1.5)
)))
(/usr/local/texlive/2018/texmf-dist/tex/generic/pgf/modules/pgfmoduleshapes.cod
e.tex
File: pgfmoduleshapes.code.tex 2014/03/21  (rcs-revision 1.35)
\pgfnodeparttextbox=\box34
)
(/usr/local/texlive/2018/texmf-dist/tex/generic/pgf/modules/pgfmoduleplot.code.
tex
File: pgfmoduleplot.code.tex 2015/08/03  (rcs-revision 1.13)
)
(/usr/local/texlive/2018/texmf-dist/tex/latex/pgf/compatibility/pgfcomp-version
-0-65.sty
Package: pgfcomp-version-0-65 2007/07/03 v3.0.1a (rcs-revision 1.7)
\pgf@nodesepstart=\dimen163
\pgf@nodesepend=\dimen164
)
(/usr/local/texlive/2018/texmf-dist/tex/latex/pgf/compatibility/pgfcomp-version
-1-18.sty
Package: pgfcomp-version-1-18 2007/07/23 v3.0.1a (rcs-revision 1.1)
)) (/usr/local/texlive/2018/texmf-dist/tex/latex/tools/verbatim.sty
Package: verbatim 2014/10/28 v1.5q LaTeX2e package for verbatim enhancements
\every@verbatim=\toks34
\verbatim@line=\toks35
\verbatim@in@stream=\read2
)
(/usr/local/texlive/2018/texmf-dist/tex/latex/environ/environ.sty
Package: environ 2014/05/04 v0.3 A new way to define environments

(/usr/local/texlive/2018/texmf-dist/tex/latex/trimspaces/trimspaces.sty
Package: trimspaces 2009/09/17 v1.1 Trim spaces around a token list
))
(/usr/local/texlive/2018/texmf-dist/tex/latex/etoolbox/etoolbox.sty
Package: etoolbox 2018/02/11 v2.5e e-TeX tools for LaTeX (JAW)
\etb@tempcnta=\count116
)
\tcb@titlebox=\box35
\tcb@upperbox=\box36
\tcb@lowerbox=\box37
\tcb@phantombox=\box38
\c@tcbbreakpart=\count117
\c@tcblayer=\count118
\tcolorbox@number=\count119
\tcb@temp=\box39
\tcb@temp=\box40
\tcb@temp=\box41
\tcb@temp=\box42
\tcb@out=\write4
\tcb@record@out=\write5
)
(/usr/local/texlive/2018/texmf-dist/tex/latex/amscls/amsthm.sty
Package: amsthm 2017/10/31 v2.20.4
\thm@style=\toks36
\thm@bodyfont=\toks37
\thm@headfont=\toks38
\thm@notefont=\toks39
\thm@headpunct=\toks40
\thm@preskip=\skip51
\thm@postskip=\skip52
\thm@headsep=\skip53
\dth@everypar=\toks41
)
(/usr/local/texlive/2018/texmf-dist/tex/latex/amsfonts/amssymb.sty
Package: amssymb 2013/01/14 v3.01 AMS font symbols
)
(/usr/local/texlive/2018/texmf-dist/tex/latex/multirow/multirow.sty
Package: multirow 2016/11/25 v2.2 Span multiple rows of a table
\multirow@colwidth=\skip54
\multirow@cntb=\count120
\multirow@dima=\skip55
\bigstrutjot=\dimen165
)
(/usr/local/texlive/2018/texmf-dist/tex/latex/makecell/makecell.sty
Package: makecell 2009/08/03 V0.1e Managing of Tab Column Heads and Cells

(/usr/local/texlive/2018/texmf-dist/tex/latex/tools/array.sty
Package: array 2018/04/07 v2.4g Tabular extension package (FMi)
\col@sep=\dimen166
\ar@mcellbox=\box43
\extrarowheight=\dimen167
\NC@list=\toks42
\extratabsurround=\skip56
\backup@length=\skip57
\ar@cellbox=\box44
)
\rotheadsize=\dimen168
\c@nlinenum=\count121
\TeXr@lab=\toks43
)
(/usr/local/texlive/2018/texmf-dist/tex/latex/appendix/appendix.sty
Package: appendix 2009/09/02 v1.2b extra appendix facilities
\c@@pps=\count122
\c@@ppsavesec=\count123
\c@@ppsaveapp=\count124
)
(/usr/local/texlive/2018/texmf-dist/tex/latex/algorithmicx/algpseudocode.sty
Package: algpseudocode 

(/usr/local/texlive/2018/texmf-dist/tex/latex/algorithmicx/algorithmicx.sty
Package: algorithmicx 2005/04/27 v1.2 Algorithmicx

Document Style algorithmicx 1.2 - a greatly improved `algorithmic' style
\c@ALG@line=\count125
\c@ALG@rem=\count126
\c@ALG@nested=\count127
\ALG@tlm=\skip58
\ALG@thistlm=\skip59
\c@ALG@Lnr=\count128
\c@ALG@blocknr=\count129
\c@ALG@storecount=\count130
\c@ALG@tmpcounter=\count131
\ALG@tmplength=\skip60
)
Document Style - pseudocode environments for use with the `algorithmicx' style
) (/usr/local/texlive/2018/texmf-dist/tex/latex/algorithms/algorithm.sty
Package: algorithm 2009/08/24 v0.1 Document Style `algorithm' - floating enviro
nment

(/usr/local/texlive/2018/texmf-dist/tex/latex/float/float.sty
Package: float 2001/11/08 v1.3d Float enhancements (AL)
\c@float@type=\count132
\float@exts=\toks44
\float@box=\box45
\@float@everytoks=\toks45
\@floatcapt=\box46
)
\@float@every@algorithm=\toks46
\c@algorithm=\count133
)
(/usr/local/texlive/2018/texmf-dist/tex/latex/framed/framed.sty
Package: framed 2011/10/22 v 0.96: framed or shaded text with page breaks
\OuterFrameSep=\skip61
\fb@frw=\dimen169
\fb@frh=\dimen170
\FrameRule=\dimen171
\FrameSep=\dimen172
)
(/usr/local/texlive/2018/texmf-dist/tex/latex/mdframed/mdframed.sty
Package: mdframed 2013/07/01 1.9b: mdframed

(/usr/local/texlive/2018/texmf-dist/tex/latex/oberdiek/kvoptions.sty
Package: kvoptions 2016/05/16 v3.12 Key value format for package options (HO)

(/usr/local/texlive/2018/texmf-dist/tex/generic/oberdiek/ltxcmds.sty
Package: ltxcmds 2016/05/16 v1.23 LaTeX kernel commands for general use (HO)
)
(/usr/local/texlive/2018/texmf-dist/tex/generic/oberdiek/kvsetkeys.sty
Package: kvsetkeys 2016/05/16 v1.17 Key value parser (HO)

(/usr/local/texlive/2018/texmf-dist/tex/generic/oberdiek/infwarerr.sty
Package: infwarerr 2016/05/16 v1.4 Providing info/warning/error messages (HO)
)
(/usr/local/texlive/2018/texmf-dist/tex/generic/oberdiek/etexcmds.sty
Package: etexcmds 2016/05/16 v1.6 Avoid name clashes with e-TeX commands (HO)

(/usr/local/texlive/2018/texmf-dist/tex/generic/oberdiek/ifluatex.sty
Package: ifluatex 2016/05/16 v1.4 Provides the ifluatex switch (HO)
Package ifluatex Info: LuaTeX not detected.
)
Package etexcmds Info: Could not find \expanded.
(etexcmds)             That can mean that you are not using pdfTeX 1.50 or
(etexcmds)             that some package has redefined \expanded.
(etexcmds)             In the latter case, load this package earlier.
)))
(/usr/local/texlive/2018/texmf-dist/tex/latex/l3packages/xparse/xparse.sty
(/usr/local/texlive/2018/texmf-dist/tex/latex/l3kernel/expl3.sty
Package: expl3 2018/03/05 L3 programming layer (loader) 

(/usr/local/texlive/2018/texmf-dist/tex/latex/l3kernel/expl3-code.tex
Package: expl3 2018/03/05 L3 programming layer (code)
\c_max_int=\count134
\l_tmpa_int=\count135
\l_tmpb_int=\count136
\g_tmpa_int=\count137
\g_tmpb_int=\count138
\g__intarray_font_int=\count139
\g__prg_map_int=\count140
\c_log_iow=\count141
\l_iow_line_count_int=\count142
\l__iow_line_target_int=\count143
\l__iow_one_indent_int=\count144
\l__iow_indent_int=\count145
\c_zero_dim=\dimen173
\c_max_dim=\dimen174
\l_tmpa_dim=\dimen175
\l_tmpb_dim=\dimen176
\g_tmpa_dim=\dimen177
\g_tmpb_dim=\dimen178
\c_zero_skip=\skip62
\c_max_skip=\skip63
\l_tmpa_skip=\skip64
\l_tmpb_skip=\skip65
\g_tmpa_skip=\skip66
\g_tmpb_skip=\skip67
\c_zero_muskip=\muskip11
\c_max_muskip=\muskip12
\l_tmpa_muskip=\muskip13
\l_tmpb_muskip=\muskip14
\g_tmpa_muskip=\muskip15
\g_tmpb_muskip=\muskip16
\l_keys_choice_int=\count146
\c__fp_leading_shift_int=\count147
\c__fp_middle_shift_int=\count148
\c__fp_trailing_shift_int=\count149
\c__fp_big_leading_shift_int=\count150
\c__fp_big_middle_shift_int=\count151
\c__fp_big_trailing_shift_int=\count152
\c__fp_Bigg_leading_shift_int=\count153
\c__fp_Bigg_middle_shift_int=\count154
\c__fp_Bigg_trailing_shift_int=\count155
\c__fp_rand_size_int=\count156
\c__fp_rand_four_int=\count157
\c__fp_rand_eight_int=\count158
\l__sort_length_int=\count159
\l__sort_min_int=\count160
\l__sort_top_int=\count161
\l__sort_max_int=\count162
\l__sort_true_max_int=\count163
\l__sort_block_int=\count164
\l__sort_begin_int=\count165
\l__sort_end_int=\count166
\l__sort_A_int=\count167
\l__sort_B_int=\count168
\l__sort_C_int=\count169
\l__tl_build_start_index_int=\count170
\l__tl_build_index_int=\count171
\l__tl_analysis_normal_int=\count172
\l__tl_analysis_index_int=\count173
\l__tl_analysis_nesting_int=\count174
\l__tl_analysis_type_int=\count175
\l__regex_internal_a_int=\count176
\l__regex_internal_b_int=\count177
\l__regex_internal_c_int=\count178
\l__regex_balance_int=\count179
\l__regex_group_level_int=\count180
\l__regex_mode_int=\count181
\c__regex_cs_in_class_mode_int=\count182
\c__regex_cs_mode_int=\count183
\l__regex_catcodes_int=\count184
\l__regex_default_catcodes_int=\count185
\c__regex_catcode_D_int=\count186
\c__regex_catcode_S_int=\count187
\c__regex_catcode_L_int=\count188
\c__regex_catcode_O_int=\count189
\c__regex_catcode_A_int=\count190
\c__regex_all_catcodes_int=\count191
\l__regex_show_lines_int=\count192
\l__regex_min_state_int=\count193
\l__regex_max_state_int=\count194
\l__regex_left_state_int=\count195
\l__regex_right_state_int=\count196
\l__regex_capturing_group_int=\count197
\l__regex_min_pos_int=\count198
\l__regex_max_pos_int=\count199
\l__regex_curr_pos_int=\count266
\l__regex_start_pos_int=\count267
\l__regex_success_pos_int=\count268
\l__regex_curr_char_int=\count269
\l__regex_curr_catcode_int=\count270
\l__regex_last_char_int=\count271
\l__regex_case_changed_char_int=\count272
\l__regex_curr_state_int=\count273
\l__regex_step_int=\count274
\l__regex_min_active_int=\count275
\l__regex_max_active_int=\count276
\l__regex_replacement_csnames_int=\count277
\l__regex_match_count_int=\count278
\l__regex_min_submatch_int=\count279
\l__regex_submatch_int=\count280
\l__regex_zeroth_submatch_int=\count281
\g__regex_trace_regex_int=\count282
\c_empty_box=\box47
\l_tmpa_box=\box48
\l_tmpb_box=\box49
\g_tmpa_box=\box50
\g_tmpb_box=\box51
\l__box_top_dim=\dimen179
\l__box_bottom_dim=\dimen180
\l__box_left_dim=\dimen181
\l__box_right_dim=\dimen182
\l__box_top_new_dim=\dimen183
\l__box_bottom_new_dim=\dimen184
\l__box_left_new_dim=\dimen185
\l__box_right_new_dim=\dimen186
\l__box_internal_box=\box52
\l__coffin_internal_box=\box53
\l__coffin_internal_dim=\dimen187
\l__coffin_offset_x_dim=\dimen188
\l__coffin_offset_y_dim=\dimen189
\l__coffin_x_dim=\dimen190
\l__coffin_y_dim=\dimen191
\l__coffin_x_prime_dim=\dimen192
\l__coffin_y_prime_dim=\dimen193
\c_empty_coffin=\box54
\l__coffin_aligned_coffin=\box55
\l__coffin_aligned_internal_coffin=\box56
\l_tmpa_coffin=\box57
\l_tmpb_coffin=\box58
\l__coffin_display_coffin=\box59
\l__coffin_display_coord_coffin=\box60
\l__coffin_display_pole_coffin=\box61
\l__coffin_display_offset_dim=\dimen194
\l__coffin_display_x_dim=\dimen195
\l__coffin_display_y_dim=\dimen196
\l__coffin_bounding_shift_dim=\dimen197
\l__coffin_left_corner_dim=\dimen198
\l__coffin_right_corner_dim=\dimen199
\l__coffin_bottom_corner_dim=\dimen256
\l__coffin_top_corner_dim=\dimen257
\l__coffin_scaled_total_height_dim=\dimen258
\l__coffin_scaled_width_dim=\dimen259
)
(/usr/local/texlive/2018/texmf-dist/tex/latex/l3kernel/l3pdfmode.def
File: l3pdfmode.def 2017/03/18 v L3 Experimental driver: PDF mode
\l__driver_color_stack_int=\count283
))
Package: xparse 2018/02/21 L3 Experimental document command parser
\l__xparse_current_arg_int=\count284
\g__xparse_grabber_int=\count285
\l__xparse_m_args_int=\count286
\l__xparse_mandatory_args_int=\count287
\l__xparse_v_nesting_int=\count288
)
(/usr/local/texlive/2018/texmf-dist/tex/latex/oberdiek/zref-abspage.sty
Package: zref-abspage 2016/05/21 v2.26 Module abspage for zref (HO)

(/usr/local/texlive/2018/texmf-dist/tex/latex/oberdiek/zref-base.sty
Package: zref-base 2016/05/21 v2.26 Module base for zref (HO)

(/usr/local/texlive/2018/texmf-dist/tex/generic/oberdiek/kvdefinekeys.sty
Package: kvdefinekeys 2016/05/16 v1.4 Define keys (HO)
)
(/usr/local/texlive/2018/texmf-dist/tex/generic/oberdiek/pdftexcmds.sty
Package: pdftexcmds 2018/01/30 v0.27 Utility functions of pdfTeX for LuaTeX (HO
)

(/usr/local/texlive/2018/texmf-dist/tex/generic/oberdiek/ifpdf.sty
Package: ifpdf 2017/03/15 v3.2 Provides the ifpdf switch
)
Package pdftexcmds Info: LuaTeX not detected.
Package pdftexcmds Info: \pdf@primitive is available.
Package pdftexcmds Info: \pdf@ifprimitive is available.
Package pdftexcmds Info: \pdfdraftmode found.
)
(/usr/local/texlive/2018/texmf-dist/tex/latex/oberdiek/auxhook.sty
Package: auxhook 2016/05/16 v1.4 Hooks for auxiliary files (HO)
)
Package zref Info: New property list: main on input line 759.
Package zref Info: New property: default on input line 760.
Package zref Info: New property: page on input line 761.
)
(/usr/local/texlive/2018/texmf-dist/tex/generic/oberdiek/atbegshi.sty
Package: atbegshi 2016/06/09 v1.18 At begin shipout hook (HO)
)
\c@abspage=\count289
Package zref Info: New property: abspage on input line 62.
)
(/usr/local/texlive/2018/texmf-dist/tex/latex/needspace/needspace.sty
Package: needspace 2010/09/12 v1.3d reserve vertical space
)
\mdf@templength=\skip68
\c@mdf@globalstyle@cnt=\count290
\mdf@skipabove@length=\skip69
\mdf@skipbelow@length=\skip70
\mdf@leftmargin@length=\skip71
\mdf@rightmargin@length=\skip72
\mdf@innerleftmargin@length=\skip73
\mdf@innerrightmargin@length=\skip74
\mdf@innertopmargin@length=\skip75
\mdf@innerbottommargin@length=\skip76
\mdf@splittopskip@length=\skip77
\mdf@splitbottomskip@length=\skip78
\mdf@outermargin@length=\skip79
\mdf@innermargin@length=\skip80
\mdf@linewidth@length=\skip81
\mdf@innerlinewidth@length=\skip82
\mdf@middlelinewidth@length=\skip83
\mdf@outerlinewidth@length=\skip84
\mdf@roundcorner@length=\skip85
\mdf@footenotedistance@length=\skip86
\mdf@userdefinedwidth@length=\skip87
\mdf@needspace@length=\skip88
\mdf@frametitleaboveskip@length=\skip89
\mdf@frametitlebelowskip@length=\skip90
\mdf@frametitlerulewidth@length=\skip91
\mdf@frametitleleftmargin@length=\skip92
\mdf@frametitlerightmargin@length=\skip93
\mdf@shadowsize@length=\skip94
\mdf@extratopheight@length=\skip95
\mdf@subtitleabovelinewidth@length=\skip96
\mdf@subtitlebelowlinewidth@length=\skip97
\mdf@subtitleaboveskip@length=\skip98
\mdf@subtitlebelowskip@length=\skip99
\mdf@subtitleinneraboveskip@length=\skip100
\mdf@subtitleinnerbelowskip@length=\skip101
\mdf@subsubtitleabovelinewidth@length=\skip102
\mdf@subsubtitlebelowlinewidth@length=\skip103
\mdf@subsubtitleaboveskip@length=\skip104
\mdf@subsubtitlebelowskip@length=\skip105
\mdf@subsubtitleinneraboveskip@length=\skip106
\mdf@subsubtitleinnerbelowskip@length=\skip107

(/usr/local/texlive/2018/texmf-dist/tex/latex/mdframed/md-frame-0.mdf
File: md-frame-0.mdf 2013/07/01\ 1.9b: md-frame-0
)
\mdf@frametitlebox=\box62
\mdf@footnotebox=\box63
\mdf@splitbox@one=\box64
\mdf@splitbox@two=\box65
\mdf@splitbox@save=\box66
\mdfsplitboxwidth=\skip108
\mdfsplitboxtotalwidth=\skip109
\mdfsplitboxheight=\skip110
\mdfsplitboxdepth=\skip111
\mdfsplitboxtotalheight=\skip112
\mdfframetitleboxwidth=\skip113
\mdfframetitleboxtotalwidth=\skip114
\mdfframetitleboxheight=\skip115
\mdfframetitleboxdepth=\skip116
\mdfframetitleboxtotalheight=\skip117
\mdffootnoteboxwidth=\skip118
\mdffootnoteboxtotalwidth=\skip119
\mdffootnoteboxheight=\skip120
\mdffootnoteboxdepth=\skip121
\mdffootnoteboxtotalheight=\skip122
\mdftotallinewidth=\skip123
\mdfboundingboxwidth=\skip124
\mdfboundingboxtotalwidth=\skip125
\mdfboundingboxheight=\skip126
\mdfboundingboxdepth=\skip127
\mdfboundingboxtotalheight=\skip128
\mdf@freevspace@length=\skip129
\mdf@horizontalwidthofbox@length=\skip130
\mdf@verticalmarginwhole@length=\skip131
\mdf@horizontalspaceofbox=\skip132
\mdfsubtitleheight=\skip133
\mdfsubsubtitleheight=\skip134
\c@mdfcountframes=\count291

****** mdframed patching \endmdf@trivlist

****** -- success******

.................................................
. LaTeX info: "xparse/define-command"
. 
. Defining command \newmdtheoremenv with sig. 'O{} m o m o ' on line 601.
.................................................
.................................................
. LaTeX info: "xparse/define-command"
. 
. Defining command \mdtheorem with sig. ' O{} m o m o ' on line 701.
.................................................
\mdf@envdepth=\count292
\c@mdf@env@i=\count293
\c@mdf@env@ii=\count294
\c@mdf@zref@counter=\count295
Package zref Info: New property: mdf@pagevalue on input line 895.
)
(/usr/local/texlive/2018/texmf-dist/tex/latex/hyperref/hyperref.sty
Package: hyperref 2018/02/06 v6.86b Hypertext links for LaTeX

(/usr/local/texlive/2018/texmf-dist/tex/generic/oberdiek/hobsub-hyperref.sty
Package: hobsub-hyperref 2016/05/16 v1.14 Bundle oberdiek, subset hyperref (HO)


(/usr/local/texlive/2018/texmf-dist/tex/generic/oberdiek/hobsub-generic.sty
Package: hobsub-generic 2016/05/16 v1.14 Bundle oberdiek, subset generic (HO)
Package: hobsub 2016/05/16 v1.14 Construct package bundles (HO)
Package hobsub Info: Skipping package `infwarerr' (already loaded).
Package hobsub Info: Skipping package `ltxcmds' (already loaded).
Package hobsub Info: Skipping package `ifluatex' (already loaded).
Package: ifvtex 2016/05/16 v1.6 Detect VTeX and its facilities (HO)
Package ifvtex Info: VTeX not detected.
Package: intcalc 2016/05/16 v1.2 Expandable calculations with integers (HO)
Package hobsub Info: Skipping package `ifpdf' (already loaded).
Package hobsub Info: Skipping package `etexcmds' (already loaded).
Package hobsub Info: Skipping package `kvsetkeys' (already loaded).
Package hobsub Info: Skipping package `kvdefinekeys' (already loaded).
Package hobsub Info: Skipping package `pdftexcmds' (already loaded).
Package: pdfescape 2016/05/16 v1.14 Implements pdfTeX's escape features (HO)
Package: bigintcalc 2016/05/16 v1.4 Expandable calculations on big integers (HO
)
Package: bitset 2016/05/16 v1.2 Handle bit-vector datatype (HO)
Package: uniquecounter 2016/05/16 v1.3 Provide unlimited unique counter (HO)
)
Package hobsub Info: Skipping package `hobsub' (already loaded).
Package: letltxmacro 2016/05/16 v1.5 Let assignment for LaTeX macros (HO)
Package: hopatch 2016/05/16 v1.3 Wrapper for package hooks (HO)
Package: xcolor-patch 2016/05/16 xcolor patch
Package: atveryend 2016/05/16 v1.9 Hooks at the very end of document (HO)
Package hobsub Info: Skipping package `atbegshi' (already loaded).
Package: refcount 2016/05/16 v3.5 Data extraction from label references (HO)
Package: hycolor 2016/05/16 v1.8 Color options for hyperref/bookmark (HO)
)
(/usr/local/texlive/2018/texmf-dist/tex/generic/ifxetex/ifxetex.sty
Package: ifxetex 2010/09/12 v0.6 Provides ifxetex conditional
)
\@linkdim=\dimen260
\Hy@linkcounter=\count296
\Hy@pagecounter=\count297

(/usr/local/texlive/2018/texmf-dist/tex/latex/hyperref/pd1enc.def
File: pd1enc.def 2018/02/06 v6.86b Hyperref: PDFDocEncoding definition (HO)
Now handling font encoding PD1 ...
... no UTF-8 mapping file for font encoding PD1
)
\Hy@SavedSpaceFactor=\count298

(/usr/local/texlive/2018/texmf-dist/tex/latex/latexconfig/hyperref.cfg
File: hyperref.cfg 2002/06/06 v1.2 hyperref configuration of TeXLive
)
Package hyperref Info: Option `bookmarks' set `true' on input line 4383.
Package hyperref Info: Option `colorlinks' set `true' on input line 4383.
Package hyperref Info: Hyper figures OFF on input line 4509.
Package hyperref Info: Link nesting OFF on input line 4514.
Package hyperref Info: Hyper index ON on input line 4517.
Package hyperref Info: Plain pages OFF on input line 4524.
Package hyperref Info: Backreferencing OFF on input line 4529.
Package hyperref Info: Implicit mode ON; LaTeX internals redefined.
Package hyperref Info: Bookmarks ON on input line 4762.
\c@Hy@tempcnt=\count299

(/usr/local/texlive/2018/texmf-dist/tex/latex/url/url.sty
\Urlmuskip=\muskip17
Package: url 2013/09/16  ver 3.4  Verb mode for urls, etc.
)
LaTeX Info: Redefining \url on input line 5115.
\XeTeXLinkMargin=\dimen261
\Fld@menulength=\count300
\Field@Width=\dimen262
\Fld@charsize=\dimen263
Package hyperref Info: Hyper figures OFF on input line 6369.
Package hyperref Info: Link nesting OFF on input line 6374.
Package hyperref Info: Hyper index ON on input line 6377.
Package hyperref Info: backreferencing OFF on input line 6384.
Package hyperref Info: Link coloring ON on input line 6387.
Package hyperref Info: Link coloring with OCG OFF on input line 6394.
Package hyperref Info: PDF/A mode OFF on input line 6399.
LaTeX Info: Redefining \ref on input line 6439.
LaTeX Info: Redefining \pageref on input line 6443.
\Hy@abspage=\count301
\c@Item=\count302
\c@Hfootnote=\count303
)
Package hyperref Info: Driver: hpdftex.

(/usr/local/texlive/2018/texmf-dist/tex/latex/hyperref/hpdftex.def
File: hpdftex.def 2018/02/06 v6.86b Hyperref driver for pdfTeX
\HyAnn@Count=\count304
\Fld@listcount=\count305
\c@bookmark@seq@number=\count306

(/usr/local/texlive/2018/texmf-dist/tex/latex/oberdiek/rerunfilecheck.sty
Package: rerunfilecheck 2016/05/16 v1.8 Rerun checks for auxiliary files (HO)
Package uniquecounter Info: New unique counter `rerunfilecheck' on input line 2
82.
)
\Hy@SectionHShift=\skip135
)
(/usr/local/texlive/2018/texmf-dist/tex/latex/wrapfig/wrapfig.sty
\wrapoverhang=\dimen264
\WF@size=\dimen265
\c@WF@wrappedlines=\count307
\WF@box=\box67
\WF@everypar=\toks47
Package: wrapfig 2003/01/31  v 3.6
)
(/usr/local/texlive/2018/texmf-dist/tex/latex/caption/caption.sty
Package: caption 2016/02/21 v3.3-144 Customizing captions (AR)

(/usr/local/texlive/2018/texmf-dist/tex/latex/caption/caption3.sty
Package: caption3 2016/05/22 v1.7-166 caption3 kernel (AR)
Package caption3 Info: TeX engine: e-TeX on input line 67.
\captionmargin=\dimen266
\captionmargin@=\dimen267
\captionwidth=\dimen268
\caption@tempdima=\dimen269
\caption@indent=\dimen270
\caption@parindent=\dimen271
\caption@hangindent=\dimen272
)
\c@ContinuedFloat=\count308
Package caption Info: float package is loaded.
Package caption Info: hyperref package is loaded.
Package caption Info: wrapfig package is loaded.
)
(/usr/local/texlive/2018/texmf-dist/tex/latex/geometry/geometry.sty
Package: geometry 2018/03/24 v5.7 Page Geometry
\Gm@cnth=\count309
\Gm@cntv=\count310
\c@Gm@tempcnt=\count311
\Gm@bindingoffset=\dimen273
\Gm@wd@mp=\dimen274
\Gm@odd@mp=\dimen275
\Gm@even@mp=\dimen276
\Gm@layoutwidth=\dimen277
\Gm@layoutheight=\dimen278
\Gm@layouthoffset=\dimen279
\Gm@layoutvoffset=\dimen280
\Gm@dimlist=\toks48
)
(/usr/local/texlive/2018/texmf-dist/tex/latex/blindtext/blindtext.sty
Package: blindtext 2012/01/06 V2.0 blindtext-Package

(/usr/local/texlive/2018/texmf-dist/tex/latex/tools/xspace.sty
Package: xspace 2014/10/28 v1.13 Space after command names (DPC,MH)
)
\c@blindtext=\count312
\c@Blindtext=\count313
\c@blind@countparstart=\count314
\blind@countxx=\count315
\blindtext@numBlindtext=\count316
\blind@countyy=\count317
\c@blindlist=\count318
\c@blindlistlevel=\count319
\c@blindlist@level=\count320
\blind@listitem=\count321
\c@blind@listcount=\count322
\c@blind@levelcount=\count323
\blind@mathformula=\count324
\blind@Mathformula=\count325
\c@blind@randomcount=\count326
\c@blind@randommax=\count327
\c@blind@pangramcount=\count328
\c@blind@pangrammax=\count329
)
(/usr/local/texlive/2018/texmf-dist/tex/latex/subfigure/subfigure.sty
Package: subfigure 2002/03/15 v2.1.5 subfigure package
\subfigtopskip=\skip136
\subfigcapskip=\skip137
\subfigcaptopadj=\dimen281
\subfigbottomskip=\skip138
\subfigcapmargin=\dimen282
\subfiglabelskip=\skip139
\c@subfigure=\count330
\c@lofdepth=\count331
\c@subtable=\count332
\c@lotdepth=\count333

****************************************
* Local config file subfigure.cfg used *
****************************************
(/usr/local/texlive/2018/texmf-dist/tex/latex/subfigure/subfigure.cfg)
\subfig@top=\skip140
\subfig@bottom=\skip141
)
(/usr/local/texlive/2018/texmf-dist/tex/latex/tools/afterpage.sty
Package: afterpage 2014/10/28 v1.08 After-Page Package (DPC)
\AP@output=\toks49
\AP@partial=\box68
\AP@footins=\box69
)
(/usr/local/texlive/2018/texmf-dist/tex/latex/psnfss/pifont.sty
Package: pifont 2005/04/12 PSNFSS-v9.2a Pi font support (SPQR) 
LaTeX Font Info:    Try loading font information for U+pzd on input line 63.

(/usr/local/texlive/2018/texmf-dist/tex/latex/psnfss/upzd.fd
File: upzd.fd 2001/06/04 font definitions for U/pzd.
)
LaTeX Font Info:    Try loading font information for U+psy on input line 64.

(/usr/local/texlive/2018/texmf-dist/tex/latex/psnfss/upsy.fd
File: upsy.fd 2001/06/04 font definitions for U/psy.
))
(/usr/local/texlive/2018/texmf-dist/tex/latex/mathtools/mathtools.sty
Package: mathtools 2018/01/08 v1.21 mathematical typesetting tools

(/usr/local/texlive/2018/texmf-dist/tex/latex/tools/calc.sty
Package: calc 2017/05/25 v4.3 Infix arithmetic (KKT,FJ)
\calc@Acount=\count334
\calc@Bcount=\count335
\calc@Adimen=\dimen283
\calc@Bdimen=\dimen284
\calc@Askip=\skip142
\calc@Bskip=\skip143
LaTeX Info: Redefining \setlength on input line 80.
LaTeX Info: Redefining \addtolength on input line 81.
\calc@Ccount=\count336
\calc@Cskip=\skip144
)
(/usr/local/texlive/2018/texmf-dist/tex/latex/mathtools/mhsetup.sty
Package: mhsetup 2017/03/31 v1.3 programming setup (MH)
)
LaTeX Info: Thecontrolsequence`\('isalreadyrobust on input line 129.
LaTeX Info: Thecontrolsequence`\)'isalreadyrobust on input line 129.
LaTeX Info: Thecontrolsequence`\['isalreadyrobust on input line 129.
LaTeX Info: Thecontrolsequence`\]'isalreadyrobust on input line 129.
\g_MT_multlinerow_int=\count337
\l_MT_multwidth_dim=\dimen285
\origjot=\skip145
\l_MT_shortvdotswithinadjustabove_dim=\dimen286
\l_MT_shortvdotswithinadjustbelow_dim=\dimen287
\l_MT_above_intertext_sep=\dimen288
\l_MT_below_intertext_sep=\dimen289
\l_MT_above_shortintertext_sep=\dimen290
\l_MT_below_shortintertext_sep=\dimen291
)
\c@theorem=\count338
\c@lemma=\count339
\c@remark=\count340
\c@assumption=\count341
\c@proposition=\count342
\c@property=\count343
\c@corollary=\count344
\c@definition=\count345

(./main.aux

LaTeX Warning: Label `table:1' multiply defined.

)
\openout1 = `main.aux'.

LaTeX Font Info:    Checking defaults for OML/cmm/m/it on input line 66.
LaTeX Font Info:    ... okay on input line 66.
LaTeX Font Info:    Checking defaults for T1/cmr/m/n on input line 66.
LaTeX Font Info:    ... okay on input line 66.
LaTeX Font Info:    Checking defaults for OT1/cmr/m/n on input line 66.
LaTeX Font Info:    ... okay on input line 66.
LaTeX Font Info:    Checking defaults for OMS/cmsy/m/n on input line 66.
LaTeX Font Info:    ... okay on input line 66.
LaTeX Font Info:    Checking defaults for OMX/cmex/m/n on input line 66.
LaTeX Font Info:    ... okay on input line 66.
LaTeX Font Info:    Checking defaults for U/cmr/m/n on input line 66.
LaTeX Font Info:    ... okay on input line 66.
LaTeX Font Info:    Checking defaults for PD1/pdf/m/n on input line 66.
LaTeX Font Info:    ... okay on input line 66.
LaTeX Info: Redefining \microtypecontext on input line 66.
Package microtype Info: Generating PDF output.
Package microtype Info: Character protrusion enabled (level 2).
Package microtype Info: Using default protrusion set `alltext'.
Package microtype Info: Automatic font expansion enabled (level 2),
(microtype)             stretch: 20, shrink: 20, step: 1, non-selected.
Package microtype Info: Using default expansion set `basictext'.
Package microtype Info: No adjustment of tracking.
Package microtype Info: No adjustment of interword spacing.
Package microtype Info: No adjustment of character kerning.
 (/usr/local/texlive/2018/texmf-dist/tex/latex/microtype/mt-cmr.cfg
File: mt-cmr.cfg 2013/05/19 v2.2 microtype config. file: Computer Modern Roman 
(RS)
)
ABD: EveryShipout initializing macros
(/usr/local/texlive/2018/texmf-dist/tex/context/base/mkii/supp-pdf.mkii
[Loading MPS to PDF converter (version 2006.09.02).]
\scratchcounter=\count346
\scratchdimen=\dimen292
\scratchbox=\box70
\nofMPsegments=\count347
\nofMParguments=\count348
\everyMPshowfont=\toks50
\MPscratchCnt=\count349
\MPscratchDim=\dimen293
\MPnumerator=\count350
\makeMPintoPDFobject=\count351
\everyMPtoPDFconversion=\toks51
) (/usr/local/texlive/2018/texmf-dist/tex/latex/oberdiek/epstopdf-base.sty
Package: epstopdf-base 2016/05/15 v2.6 Base part for package epstopdf

(/usr/local/texlive/2018/texmf-dist/tex/latex/oberdiek/grfext.sty
Package: grfext 2016/05/16 v1.2 Manage graphics extensions (HO)
)
Package epstopdf-base Info: Redefining graphics rule for `.eps' on input line 4
38.
Package grfext Info: Graphics extension search list:
(grfext)             [.pdf,.png,.jpg,.mps,.jpeg,.jbig2,.jb2,.PDF,.PNG,.JPG,.JPE
G,.JBIG2,.JB2,.eps]
(grfext)             \AppendGraphicsExtensions on input line 456.

(/usr/local/texlive/2018/texmf-dist/tex/latex/latexconfig/epstopdf-sys.cfg
File: epstopdf-sys.cfg 2010/07/13 v1.3 Configuration of (r)epstopdf for TeX Liv
e
))
\AtBeginShipoutBox=\box71
Package hyperref Info: Link coloring ON on input line 66.

(/usr/local/texlive/2018/texmf-dist/tex/latex/hyperref/nameref.sty
Package: nameref 2016/05/21 v2.44 Cross-referencing by name of section

(/usr/local/texlive/2018/texmf-dist/tex/generic/oberdiek/gettitlestring.sty
Package: gettitlestring 2016/05/16 v1.5 Cleanup title references (HO)
)
\c@section@level=\count352
)
LaTeX Info: Redefining \ref on input line 66.
LaTeX Info: Redefining \pageref on input line 66.
LaTeX Info: Redefining \nameref on input line 66.

(./main.out) (./main.out)
\@outlinefile=\write6
\openout6 = `main.out'.

Package caption Info: Begin \AtBeginDocument code.
Package caption Info: subfigure package is loaded.
Package caption Info: End \AtBeginDocument code.

*geometry* driver: auto-detecting
*geometry* detected driver: pdftex
*geometry* verbose mode - [ preamble ] result:
* driver: pdftex
* paper: <default>
* layout: <same size as paper>
* layoutoffset:(h,v)=(0.0pt,0.0pt)
* modes: 
* h-part:(L,W,R)=(65.04256pt, 484.20988pt, 65.04256pt)
* v-part:(T,H,B)=(72.26999pt, 657.65744pt, 65.04256pt)
* \paperwidth=614.295pt
* \paperheight=794.96999pt
* \textwidth=484.20988pt
* \textheight=657.65744pt
* \oddsidemargin=-7.22743pt
* \evensidemargin=-7.22743pt
* \topmargin=0.0pt
* \headheight=0.0pt
* \headsep=0.0pt
* \topskip=10.0pt
* \footskip=30.0pt
* \marginparwidth=65.0pt
* \marginparsep=11.0pt
* \columnsep=10.0pt
* \skip\footins=9.0pt plus 4.0pt minus 2.0pt
* \hoffset=0.0pt
* \voffset=0.0pt
* \mag=1000
* \@twocolumnfalse
* \@twosidefalse
* \@mparswitchfalse
* \@reversemarginfalse
* (1in=72.27pt=25.4mm, 1cm=28.453pt)

LaTeX Font Info:    Try loading font information for U+msa on input line 91.
(/usr/local/texlive/2018/texmf-dist/tex/latex/amsfonts/umsa.fd
File: umsa.fd 2013/01/14 v3.01 AMS symbols A
)
(/usr/local/texlive/2018/texmf-dist/tex/latex/microtype/mt-msa.cfg
File: mt-msa.cfg 2006/02/04 v1.1 microtype config. file: AMS symbols (a) (RS)
)
LaTeX Font Info:    Try loading font information for U+msb on input line 91.

(/usr/local/texlive/2018/texmf-dist/tex/latex/amsfonts/umsb.fd
File: umsb.fd 2013/01/14 v3.01 AMS symbols B
)
(/usr/local/texlive/2018/texmf-dist/tex/latex/microtype/mt-msb.cfg
File: mt-msb.cfg 2005/06/01 v1.0 microtype config. file: AMS symbols (b) (RS)
)
LaTeX Font Info:    Try loading font information for T1+cmtt on input line 117.


(/usr/local/texlive/2018/texmf-dist/tex/latex/base/t1cmtt.fd
File: t1cmtt.fd 2014/09/29 v2.5h Standard LaTeX font definitions
)
Package microtype Info: Loading generic protrusion settings for font family
(microtype)             `cmtt' (encoding: T1).
(microtype)             For optimal results, create family-specific settings.
(microtype)             See the microtype manual for details.

(./introduction.tex
LaTeX Font Info:    Try loading font information for OMS+cmr on input line 18.

(/usr/local/texlive/2018/texmf-dist/tex/latex/base/omscmr.fd
File: omscmr.fd 2014/09/29 v2.5h Standard LaTeX font definitions
)
LaTeX Font Info:    Font shape `OMS/cmr/m/n' in size <10> not available
(Font)              Font shape `OMS/cmsy/m/n' tried instead on input line 18.
 [1

{/usr/local/texlive/2018/texmf-var/fonts/map/pdftex/updmap/pdftex.map}]

LaTeX Warning: Citation `' on page 2 undefined on input line 31.

) (./alginto.tex
Package hyperref Info: bookmark level for unknown algorithm defaults to 0 on in
put line 21.
 [2] [3] [4]
LaTeX Font Info:    Font shape `T1/cmtt/bx/n' in size <10> not available
(Font)              Font shape `T1/cmtt/m/n' tried instead on input line 171.
 [5] [6] [7]
LaTeX Font Info:    Font shape `T1/cmtt/bx/n' in size <12> not available
(Font)              Font shape `T1/cmtt/m/n' tried instead on input line 318.
LaTeX Font Info:    Font shape `OMS/cmr/m/it' in size <10> not available
(Font)              Font shape `OMS/cmsy/m/n' tried instead on input line 331.
 [8] [9] [10] [11] [12])
(./Experiments.tex
Package epstopdf Info: Source file: <MNIST_figures/local1_sketch20_iid1_train_l
oss.eps>
(epstopdf)                    date: 2020-08-04 07:11:02
(epstopdf)                    size: 21389 bytes
(epstopdf)             Output file: <MNIST_figures/local1_sketch20_iid1_train_l
oss-eps-converted-to.pdf>
(epstopdf)                    date: 2020-08-04 09:13:17
(epstopdf)                    size: 9517 bytes
(epstopdf)             Command: <repstopdf --outfile=MNIST_figures/local1_sketc
h20_iid1_train_loss-eps-converted-to.pdf MNIST_figures/local1_sketch20_iid1_tra
in_loss.eps>
(epstopdf)             \includegraphics on input line 22.
Package epstopdf Info: Output file is already uptodate.
<MNIST_figures/local1_sketch20_iid1_train_loss-eps-converted-to.pdf, id=421, 42
1.575pt x 316.18124pt>
File: MNIST_figures/local1_sketch20_iid1_train_loss-eps-converted-to.pdf Graphi
c file (type pdf)
<use MNIST_figures/local1_sketch20_iid1_train_loss-eps-converted-to.pdf>
Package pdftex.def Info: MNIST_figures/local1_sketch20_iid1_train_loss-eps-conv
erted-to.pdf  used on input line 22.
(pdftex.def)             Requested size: 216.81pt x 162.61081pt.
Package epstopdf Info: Source file: <MNIST_figures/local1_sketch20_iid1_test_ac
c.eps>
(epstopdf)                    date: 2020-08-04 07:11:02
(epstopdf)                    size: 18812 bytes
(epstopdf)             Output file: <MNIST_figures/local1_sketch20_iid1_test_ac
c-eps-converted-to.pdf>
(epstopdf)                    date: 2020-08-04 09:13:18
(epstopdf)                    size: 9974 bytes
(epstopdf)             Command: <repstopdf --outfile=MNIST_figures/local1_sketc
h20_iid1_test_acc-eps-converted-to.pdf MNIST_figures/local1_sketch20_iid1_test_
acc.eps>
(epstopdf)             \includegraphics on input line 22.
Package epstopdf Info: Output file is already uptodate.
<MNIST_figures/local1_sketch20_iid1_test_acc-eps-converted-to.pdf, id=422, 421.
575pt x 316.18124pt>
File: MNIST_figures/local1_sketch20_iid1_test_acc-eps-converted-to.pdf Graphic 
file (type pdf)
<use MNIST_figures/local1_sketch20_iid1_test_acc-eps-converted-to.pdf>
Package pdftex.def Info: MNIST_figures/local1_sketch20_iid1_test_acc-eps-conver
ted-to.pdf  used on input line 22.
(pdftex.def)             Requested size: 216.81pt x 162.61081pt.
Package epstopdf Info: Source file: <MNIST_figures/local1_sketch50_iid1_train_l
oss.eps>
(epstopdf)                    date: 2020-08-04 07:11:00
(epstopdf)                    size: 21408 bytes
(epstopdf)             Output file: <MNIST_figures/local1_sketch50_iid1_train_l
oss-eps-converted-to.pdf>
(epstopdf)                    date: 2020-08-04 09:13:18
(epstopdf)                    size: 9455 bytes
(epstopdf)             Command: <repstopdf --outfile=MNIST_figures/local1_sketc
h50_iid1_train_loss-eps-converted-to.pdf MNIST_figures/local1_sketch50_iid1_tra
in_loss.eps>
(epstopdf)             \includegraphics on input line 26.
Package epstopdf Info: Output file is already uptodate.
<MNIST_figures/local1_sketch50_iid1_train_loss-eps-converted-to.pdf, id=423, 42
1.575pt x 316.18124pt>
File: MNIST_figures/local1_sketch50_iid1_train_loss-eps-converted-to.pdf Graphi
c file (type pdf)
<use MNIST_figures/local1_sketch50_iid1_train_loss-eps-converted-to.pdf>
Package pdftex.def Info: MNIST_figures/local1_sketch50_iid1_train_loss-eps-conv
erted-to.pdf  used on input line 26.
(pdftex.def)             Requested size: 216.81pt x 162.61081pt.
Package epstopdf Info: Source file: <MNIST_figures/local1_sketch50_iid1_test_ac
c.eps>
(epstopdf)                    date: 2020-08-04 07:11:00
(epstopdf)                    size: 18404 bytes
(epstopdf)             Output file: <MNIST_figures/local1_sketch50_iid1_test_ac
c-eps-converted-to.pdf>
(epstopdf)                    date: 2020-08-04 09:13:19
(epstopdf)                    size: 9784 bytes
(epstopdf)             Command: <repstopdf --outfile=MNIST_figures/local1_sketc
h50_iid1_test_acc-eps-converted-to.pdf MNIST_figures/local1_sketch50_iid1_test_
acc.eps>
(epstopdf)             \includegraphics on input line 26.
Package epstopdf Info: Output file is already uptodate.
<MNIST_figures/local1_sketch50_iid1_test_acc-eps-converted-to.pdf, id=424, 421.
575pt x 316.18124pt>
File: MNIST_figures/local1_sketch50_iid1_test_acc-eps-converted-to.pdf Graphic 
file (type pdf)
<use MNIST_figures/local1_sketch50_iid1_test_acc-eps-converted-to.pdf>
Package pdftex.def Info: MNIST_figures/local1_sketch50_iid1_test_acc-eps-conver
ted-to.pdf  used on input line 26.
(pdftex.def)             Requested size: 216.81pt x 162.61081pt.
Package epstopdf Info: Source file: <MNIST_figures/local2_sketch20_iid1_train_l
oss.eps>
(epstopdf)                    date: 2020-08-04 07:11:00
(epstopdf)                    size: 21092 bytes
(epstopdf)             Output file: <MNIST_figures/local2_sketch20_iid1_train_l
oss-eps-converted-to.pdf>
(epstopdf)                    date: 2020-08-04 09:13:19
(epstopdf)                    size: 9268 bytes
(epstopdf)             Command: <repstopdf --outfile=MNIST_figures/local2_sketc
h20_iid1_train_loss-eps-converted-to.pdf MNIST_figures/local2_sketch20_iid1_tra
in_loss.eps>
(epstopdf)             \includegraphics on input line 38.
Package epstopdf Info: Output file is already uptodate.
<MNIST_figures/local2_sketch20_iid1_train_loss-eps-converted-to.pdf, id=425, 42
1.575pt x 316.18124pt>
File: MNIST_figures/local2_sketch20_iid1_train_loss-eps-converted-to.pdf Graphi
c file (type pdf)
<use MNIST_figures/local2_sketch20_iid1_train_loss-eps-converted-to.pdf>
Package pdftex.def Info: MNIST_figures/local2_sketch20_iid1_train_loss-eps-conv
erted-to.pdf  used on input line 38.
(pdftex.def)             Requested size: 115.63243pt x 86.72093pt.
Package epstopdf Info: Source file: <MNIST_figures/local2_sketch20_iid1_test_ac
c.eps>
(epstopdf)                    date: 2020-08-04 07:11:00
(epstopdf)                    size: 17773 bytes
(epstopdf)             Output file: <MNIST_figures/local2_sketch20_iid1_test_ac
c-eps-converted-to.pdf>
(epstopdf)                    date: 2020-08-04 09:13:20
(epstopdf)                    size: 9565 bytes
(epstopdf)             Command: <repstopdf --outfile=MNIST_figures/local2_sketc
h20_iid1_test_acc-eps-converted-to.pdf MNIST_figures/local2_sketch20_iid1_test_
acc.eps>
(epstopdf)             \includegraphics on input line 38.
Package epstopdf Info: Output file is already uptodate.
<MNIST_figures/local2_sketch20_iid1_test_acc-eps-converted-to.pdf, id=426, 421.
575pt x 316.18124pt>
File: MNIST_figures/local2_sketch20_iid1_test_acc-eps-converted-to.pdf Graphic 
file (type pdf)
<use MNIST_figures/local2_sketch20_iid1_test_acc-eps-converted-to.pdf>
Package pdftex.def Info: MNIST_figures/local2_sketch20_iid1_test_acc-eps-conver
ted-to.pdf  used on input line 38.
(pdftex.def)             Requested size: 115.63243pt x 86.72093pt.
Package epstopdf Info: Source file: <MNIST_figures/local2_sketch50_iid1_train_l
oss.eps>
(epstopdf)                    date: 2020-08-04 07:11:00
(epstopdf)                    size: 21082 bytes
(epstopdf)             Output file: <MNIST_figures/local2_sketch50_iid1_train_l
oss-eps-converted-to.pdf>
(epstopdf)                    date: 2020-08-04 09:13:20
(epstopdf)                    size: 9292 bytes
(epstopdf)             Command: <repstopdf --outfile=MNIST_figures/local2_sketc
h50_iid1_train_loss-eps-converted-to.pdf MNIST_figures/local2_sketch50_iid1_tra
in_loss.eps>
(epstopdf)             \includegraphics on input line 38.
Package epstopdf Info: Output file is already uptodate.
<MNIST_figures/local2_sketch50_iid1_train_loss-eps-converted-to.pdf, id=427, 42
1.575pt x 316.18124pt>
File: MNIST_figures/local2_sketch50_iid1_train_loss-eps-converted-to.pdf Graphi
c file (type pdf)
<use MNIST_figures/local2_sketch50_iid1_train_loss-eps-converted-to.pdf>
Package pdftex.def Info: MNIST_figures/local2_sketch50_iid1_train_loss-eps-conv
erted-to.pdf  used on input line 38.
(pdftex.def)             Requested size: 115.63243pt x 86.72093pt.
Package epstopdf Info: Source file: <MNIST_figures/local2_sketch50_iid1_test_ac
c.eps>
(epstopdf)                    date: 2020-08-04 07:11:00
(epstopdf)                    size: 17790 bytes
(epstopdf)             Output file: <MNIST_figures/local2_sketch50_iid1_test_ac
c-eps-converted-to.pdf>
(epstopdf)                    date: 2020-08-04 09:13:21
(epstopdf)                    size: 9569 bytes
(epstopdf)             Command: <repstopdf --outfile=MNIST_figures/local2_sketc
h50_iid1_test_acc-eps-converted-to.pdf MNIST_figures/local2_sketch50_iid1_test_
acc.eps>
(epstopdf)             \includegraphics on input line 38.
Package epstopdf Info: Output file is already uptodate.
<MNIST_figures/local2_sketch50_iid1_test_acc-eps-converted-to.pdf, id=428, 421.
575pt x 316.18124pt>
File: MNIST_figures/local2_sketch50_iid1_test_acc-eps-converted-to.pdf Graphic 
file (type pdf)
<use MNIST_figures/local2_sketch50_iid1_test_acc-eps-converted-to.pdf>
Package pdftex.def Info: MNIST_figures/local2_sketch50_iid1_test_acc-eps-conver
ted-to.pdf  used on input line 38.
(pdftex.def)             Requested size: 115.63243pt x 86.72093pt.
Package epstopdf Info: Source file: <MNIST_figures/local5_sketch20_iid1_train_l
oss.eps>
(epstopdf)                    date: 2020-08-04 07:11:02
(epstopdf)                    size: 21282 bytes
(epstopdf)             Output file: <MNIST_figures/local5_sketch20_iid1_train_l
oss-eps-converted-to.pdf>
(epstopdf)                    date: 2020-08-04 09:13:21
(epstopdf)                    size: 9285 bytes
(epstopdf)             Command: <repstopdf --outfile=MNIST_figures/local5_sketc
h20_iid1_train_loss-eps-converted-to.pdf MNIST_figures/local5_sketch20_iid1_tra
in_loss.eps>
(epstopdf)             \includegraphics on input line 44.
Package epstopdf Info: Output file is already uptodate.
<MNIST_figures/local5_sketch20_iid1_train_loss-eps-converted-to.pdf, id=429, 42
1.575pt x 316.18124pt>
File: MNIST_figures/local5_sketch20_iid1_train_loss-eps-converted-to.pdf Graphi
c file (type pdf)
<use MNIST_figures/local5_sketch20_iid1_train_loss-eps-converted-to.pdf>
Package pdftex.def Info: MNIST_figures/local5_sketch20_iid1_train_loss-eps-conv
erted-to.pdf  used on input line 44.
(pdftex.def)             Requested size: 115.63243pt x 86.72093pt.
Package epstopdf Info: Source file: <MNIST_figures/local5_sketch20_iid1_test_ac
c.eps>
(epstopdf)                    date: 2020-08-04 07:11:00
(epstopdf)                    size: 61161 bytes
(epstopdf)             Output file: <MNIST_figures/local5_sketch20_iid1_test_ac
c-eps-converted-to.pdf>
(epstopdf)                    date: 2020-08-04 09:13:21
(epstopdf)                    size: 96937 bytes
(epstopdf)             Command: <repstopdf --outfile=MNIST_figures/local5_sketc
h20_iid1_test_acc-eps-converted-to.pdf MNIST_figures/local5_sketch20_iid1_test_
acc.eps>
(epstopdf)             \includegraphics on input line 44.
Package epstopdf Info: Output file is already uptodate.
<MNIST_figures/local5_sketch20_iid1_test_acc-eps-converted-to.pdf, id=430, 421.
575pt x 316.18124pt>
File: MNIST_figures/local5_sketch20_iid1_test_acc-eps-converted-to.pdf Graphic 
file (type pdf)
<use MNIST_figures/local5_sketch20_iid1_test_acc-eps-converted-to.pdf>
Package pdftex.def Info: MNIST_figures/local5_sketch20_iid1_test_acc-eps-conver
ted-to.pdf  used on input line 44.
(pdftex.def)             Requested size: 115.63243pt x 86.72093pt.
Package epstopdf Info: Source file: <MNIST_figures/local5_sketch50_iid1_train_l
oss.eps>
(epstopdf)                    date: 2020-08-04 07:11:02
(epstopdf)                    size: 21408 bytes
(epstopdf)             Output file: <MNIST_figures/local5_sketch50_iid1_train_l
oss-eps-converted-to.pdf>
(epstopdf)                    date: 2020-08-04 09:13:22
(epstopdf)                    size: 9234 bytes
(epstopdf)             Command: <repstopdf --outfile=MNIST_figures/local5_sketc
h50_iid1_train_loss-eps-converted-to.pdf MNIST_figures/local5_sketch50_iid1_tra
in_loss.eps>
(epstopdf)             \includegraphics on input line 44.
Package epstopdf Info: Output file is already uptodate.
<MNIST_figures/local5_sketch50_iid1_train_loss-eps-converted-to.pdf, id=431, 42
1.575pt x 316.18124pt>
File: MNIST_figures/local5_sketch50_iid1_train_loss-eps-converted-to.pdf Graphi
c file (type pdf)
<use MNIST_figures/local5_sketch50_iid1_train_loss-eps-converted-to.pdf>
Package pdftex.def Info: MNIST_figures/local5_sketch50_iid1_train_loss-eps-conv
erted-to.pdf  used on input line 44.
(pdftex.def)             Requested size: 115.63243pt x 86.72093pt.
Package epstopdf Info: Source file: <MNIST_figures/local5_sketch50_iid1_test_ac
c.eps>
(epstopdf)                    date: 2020-08-04 07:11:02
(epstopdf)                    size: 18171 bytes
(epstopdf)             Output file: <MNIST_figures/local5_sketch50_iid1_test_ac
c-eps-converted-to.pdf>
(epstopdf)                    date: 2020-08-04 09:13:22
(epstopdf)                    size: 9508 bytes
(epstopdf)             Command: <repstopdf --outfile=MNIST_figures/local5_sketc
h50_iid1_test_acc-eps-converted-to.pdf MNIST_figures/local5_sketch50_iid1_test_
acc.eps>
(epstopdf)             \includegraphics on input line 44.
Package epstopdf Info: Output file is already uptodate.
<MNIST_figures/local5_sketch50_iid1_test_acc-eps-converted-to.pdf, id=432, 421.
575pt x 316.18124pt>
File: MNIST_figures/local5_sketch50_iid1_test_acc-eps-converted-to.pdf Graphic 
file (type pdf)
<use MNIST_figures/local5_sketch50_iid1_test_acc-eps-converted-to.pdf>
Package pdftex.def Info: MNIST_figures/local5_sketch50_iid1_test_acc-eps-conver
ted-to.pdf  used on input line 44.
(pdftex.def)             Requested size: 115.63243pt x 86.72093pt.


LaTeX Warning: `h' float specifier changed to `ht'.

[13]
Package epstopdf Info: Source file: <MNIST_figures/local1_sketch20_iid0_train_l
oss.eps>
(epstopdf)                    date: 2020-08-04 07:11:02
(epstopdf)                    size: 22510 bytes
(epstopdf)             Output file: <MNIST_figures/local1_sketch20_iid0_train_l
oss-eps-converted-to.pdf>
(epstopdf)                    date: 2020-08-04 09:13:23
(epstopdf)                    size: 10393 bytes
(epstopdf)             Command: <repstopdf --outfile=MNIST_figures/local1_sketc
h20_iid0_train_loss-eps-converted-to.pdf MNIST_figures/local1_sketch20_iid0_tra
in_loss.eps>
(epstopdf)             \includegraphics on input line 69.
Package epstopdf Info: Output file is already uptodate.
<MNIST_figures/local1_sketch20_iid0_train_loss-eps-converted-to.pdf, id=454, 42
1.575pt x 316.18124pt>
File: MNIST_figures/local1_sketch20_iid0_train_loss-eps-converted-to.pdf Graphi
c file (type pdf)
<use MNIST_figures/local1_sketch20_iid0_train_loss-eps-converted-to.pdf>
Package pdftex.def Info: MNIST_figures/local1_sketch20_iid0_train_loss-eps-conv
erted-to.pdf  used on input line 69.
(pdftex.def)             Requested size: 216.81pt x 162.61081pt.
Package epstopdf Info: Source file: <MNIST_figures/local1_sketch20_iid0_test_ac
c.eps>
(epstopdf)                    date: 2020-08-04 07:11:02
(epstopdf)                    size: 82887 bytes
(epstopdf)             Output file: <MNIST_figures/local1_sketch20_iid0_test_ac
c-eps-converted-to.pdf>
(epstopdf)                    date: 2020-08-04 09:13:23
(epstopdf)                    size: 79622 bytes
(epstopdf)             Command: <repstopdf --outfile=MNIST_figures/local1_sketc
h20_iid0_test_acc-eps-converted-to.pdf MNIST_figures/local1_sketch20_iid0_test_
acc.eps>
(epstopdf)             \includegraphics on input line 69.
Package epstopdf Info: Output file is already uptodate.
<MNIST_figures/local1_sketch20_iid0_test_acc-eps-converted-to.pdf, id=455, 421.
575pt x 316.18124pt>
File: MNIST_figures/local1_sketch20_iid0_test_acc-eps-converted-to.pdf Graphic 
file (type pdf)
<use MNIST_figures/local1_sketch20_iid0_test_acc-eps-converted-to.pdf>
Package pdftex.def Info: MNIST_figures/local1_sketch20_iid0_test_acc-eps-conver
ted-to.pdf  used on input line 69.
(pdftex.def)             Requested size: 216.81pt x 162.61081pt.
Package epstopdf Info: Source file: <MNIST_figures/local1_sketch50_iid0_train_l
oss.eps>
(epstopdf)                    date: 2020-08-04 07:11:02
(epstopdf)                    size: 22856 bytes
(epstopdf)             Output file: <MNIST_figures/local1_sketch50_iid0_train_l
oss-eps-converted-to.pdf>
(epstopdf)                    date: 2020-08-04 09:13:24
(epstopdf)                    size: 10404 bytes
(epstopdf)             Command: <repstopdf --outfile=MNIST_figures/local1_sketc
h50_iid0_train_loss-eps-converted-to.pdf MNIST_figures/local1_sketch50_iid0_tra
in_loss.eps>
(epstopdf)             \includegraphics on input line 73.
Package epstopdf Info: Output file is already uptodate.
<MNIST_figures/local1_sketch50_iid0_train_loss-eps-converted-to.pdf, id=456, 42
1.575pt x 316.18124pt>
File: MNIST_figures/local1_sketch50_iid0_train_loss-eps-converted-to.pdf Graphi
c file (type pdf)
<use MNIST_figures/local1_sketch50_iid0_train_loss-eps-converted-to.pdf>
Package pdftex.def Info: MNIST_figures/local1_sketch50_iid0_train_loss-eps-conv
erted-to.pdf  used on input line 73.
(pdftex.def)             Requested size: 216.81pt x 162.61081pt.
Package epstopdf Info: Source file: <MNIST_figures/local1_sketch50_iid0_test_ac
c.eps>
(epstopdf)                    date: 2020-08-04 07:11:02
(epstopdf)                    size: 79875 bytes
(epstopdf)             Output file: <MNIST_figures/local1_sketch50_iid0_test_ac
c-eps-converted-to.pdf>
(epstopdf)                    date: 2020-08-04 09:13:24
(epstopdf)                    size: 77194 bytes
(epstopdf)             Command: <repstopdf --outfile=MNIST_figures/local1_sketc
h50_iid0_test_acc-eps-converted-to.pdf MNIST_figures/local1_sketch50_iid0_test_
acc.eps>
(epstopdf)             \includegraphics on input line 73.
Package epstopdf Info: Output file is already uptodate.
<MNIST_figures/local1_sketch50_iid0_test_acc-eps-converted-to.pdf, id=457, 421.
575pt x 316.18124pt>
File: MNIST_figures/local1_sketch50_iid0_test_acc-eps-converted-to.pdf Graphic 
file (type pdf)
<use MNIST_figures/local1_sketch50_iid0_test_acc-eps-converted-to.pdf>
Package pdftex.def Info: MNIST_figures/local1_sketch50_iid0_test_acc-eps-conver
ted-to.pdf  used on input line 73.
(pdftex.def)             Requested size: 216.81pt x 162.61081pt.


LaTeX Warning: `h' float specifier changed to `ht'.

Package epstopdf Info: Source file: <MNIST_figures/local2_sketch20_iid0_train_l
oss.eps>
(epstopdf)                    date: 2020-08-04 07:11:02
(epstopdf)                    size: 21426 bytes
(epstopdf)             Output file: <MNIST_figures/local2_sketch20_iid0_train_l
oss-eps-converted-to.pdf>
(epstopdf)                    date: 2020-08-04 09:13:25
(epstopdf)                    size: 9954 bytes
(epstopdf)             Command: <repstopdf --outfile=MNIST_figures/local2_sketc
h20_iid0_train_loss-eps-converted-to.pdf MNIST_figures/local2_sketch20_iid0_tra
in_loss.eps>
(epstopdf)             \includegraphics on input line 102.
Package epstopdf Info: Output file is already uptodate.
<MNIST_figures/local2_sketch20_iid0_train_loss-eps-converted-to.pdf, id=458, 42
1.575pt x 316.18124pt>
File: MNIST_figures/local2_sketch20_iid0_train_loss-eps-converted-to.pdf Graphi
c file (type pdf)
<use MNIST_figures/local2_sketch20_iid0_train_loss-eps-converted-to.pdf>
Package pdftex.def Info: MNIST_figures/local2_sketch20_iid0_train_loss-eps-conv
erted-to.pdf  used on input line 102.
(pdftex.def)             Requested size: 216.81pt x 162.61081pt.
Package epstopdf Info: Source file: <MNIST_figures/local2_sketch20_iid0_test_ac
c.eps>
(epstopdf)                    date: 2020-08-04 07:11:02
(epstopdf)                    size: 70984 bytes
(epstopdf)             Output file: <MNIST_figures/local2_sketch20_iid0_test_ac
c-eps-converted-to.pdf>
(epstopdf)                    date: 2020-08-04 09:13:25
(epstopdf)                    size: 68247 bytes
(epstopdf)             Command: <repstopdf --outfile=MNIST_figures/local2_sketc
h20_iid0_test_acc-eps-converted-to.pdf MNIST_figures/local2_sketch20_iid0_test_
acc.eps>
(epstopdf)             \includegraphics on input line 102.
Package epstopdf Info: Output file is already uptodate.
<MNIST_figures/local2_sketch20_iid0_test_acc-eps-converted-to.pdf, id=459, 421.
575pt x 316.18124pt>
File: MNIST_figures/local2_sketch20_iid0_test_acc-eps-converted-to.pdf Graphic 
file (type pdf)
<use MNIST_figures/local2_sketch20_iid0_test_acc-eps-converted-to.pdf>
Package pdftex.def Info: MNIST_figures/local2_sketch20_iid0_test_acc-eps-conver
ted-to.pdf  used on input line 102.
(pdftex.def)             Requested size: 216.81pt x 162.61081pt.
Package epstopdf Info: Source file: <MNIST_figures/local2_sketch50_iid0_train_l
oss.eps>
(epstopdf)                    date: 2020-08-04 07:11:02
(epstopdf)                    size: 21437 bytes
(epstopdf)             Output file: <MNIST_figures/local2_sketch50_iid0_train_l
oss-eps-converted-to.pdf>
(epstopdf)                    date: 2020-08-04 09:13:26
(epstopdf)                    size: 9993 bytes
(epstopdf)             Command: <repstopdf --outfile=MNIST_figures/local2_sketc
h50_iid0_train_loss-eps-converted-to.pdf MNIST_figures/local2_sketch50_iid0_tra
in_loss.eps>
(epstopdf)             \includegraphics on input line 106.
Package epstopdf Info: Output file is already uptodate.
<MNIST_figures/local2_sketch50_iid0_train_loss-eps-converted-to.pdf, id=460, 42
1.575pt x 316.18124pt>
File: MNIST_figures/local2_sketch50_iid0_train_loss-eps-converted-to.pdf Graphi
c file (type pdf)
<use MNIST_figures/local2_sketch50_iid0_train_loss-eps-converted-to.pdf>
Package pdftex.def Info: MNIST_figures/local2_sketch50_iid0_train_loss-eps-conv
erted-to.pdf  used on input line 106.
(pdftex.def)             Requested size: 216.81pt x 162.61081pt.
Package epstopdf Info: Source file: <MNIST_figures/local2_sketch50_iid0_test_ac
c.eps>
(epstopdf)                    date: 2020-08-04 07:11:02
(epstopdf)                    size: 69958 bytes
(epstopdf)             Output file: <MNIST_figures/local2_sketch50_iid0_test_ac
c-eps-converted-to.pdf>
(epstopdf)                    date: 2020-08-04 09:13:26
(epstopdf)                    size: 67325 bytes
(epstopdf)             Command: <repstopdf --outfile=MNIST_figures/local2_sketc
h50_iid0_test_acc-eps-converted-to.pdf MNIST_figures/local2_sketch50_iid0_test_
acc.eps>
(epstopdf)             \includegraphics on input line 106.
Package epstopdf Info: Output file is already uptodate.
<MNIST_figures/local2_sketch50_iid0_test_acc-eps-converted-to.pdf, id=461, 421.
575pt x 316.18124pt>
File: MNIST_figures/local2_sketch50_iid0_test_acc-eps-converted-to.pdf Graphic 
file (type pdf)
<use MNIST_figures/local2_sketch50_iid0_test_acc-eps-converted-to.pdf>
Package pdftex.def Info: MNIST_figures/local2_sketch50_iid0_test_acc-eps-conver
ted-to.pdf  used on input line 106.
(pdftex.def)             Requested size: 216.81pt x 162.61081pt.
Package epstopdf Info: Source file: <MNIST_figures/local5_sketch20_iid0_train_l
oss.eps>
(epstopdf)                    date: 2020-08-04 07:11:02
(epstopdf)                    size: 22444 bytes
(epstopdf)             Output file: <MNIST_figures/local5_sketch20_iid0_train_l
oss-eps-converted-to.pdf>
(epstopdf)                    date: 2020-08-04 09:13:27
(epstopdf)                    size: 10151 bytes
(epstopdf)             Command: <repstopdf --outfile=MNIST_figures/local5_sketc
h20_iid0_train_loss-eps-converted-to.pdf MNIST_figures/local5_sketch20_iid0_tra
in_loss.eps>
(epstopdf)             \includegraphics on input line 110.
Package epstopdf Info: Output file is already uptodate.
<MNIST_figures/local5_sketch20_iid0_train_loss-eps-converted-to.pdf, id=462, 42
1.575pt x 316.18124pt>
File: MNIST_figures/local5_sketch20_iid0_train_loss-eps-converted-to.pdf Graphi
c file (type pdf)
<use MNIST_figures/local5_sketch20_iid0_train_loss-eps-converted-to.pdf>
Package pdftex.def Info: MNIST_figures/local5_sketch20_iid0_train_loss-eps-conv
erted-to.pdf  used on input line 110.
(pdftex.def)             Requested size: 216.81pt x 162.61081pt.
Package epstopdf Info: Source file: <MNIST_figures/local5_sketch20_iid0_test_ac
c.eps>
(epstopdf)                    date: 2020-08-04 07:11:02
(epstopdf)                    size: 74131 bytes
(epstopdf)             Output file: <MNIST_figures/local5_sketch20_iid0_test_ac
c-eps-converted-to.pdf>
(epstopdf)                    date: 2020-08-04 09:13:27
(epstopdf)                    size: 71241 bytes
(epstopdf)             Command: <repstopdf --outfile=MNIST_figures/local5_sketc
h20_iid0_test_acc-eps-converted-to.pdf MNIST_figures/local5_sketch20_iid0_test_
acc.eps>
(epstopdf)             \includegraphics on input line 110.
Package epstopdf Info: Output file is already uptodate.
<MNIST_figures/local5_sketch20_iid0_test_acc-eps-converted-to.pdf, id=463, 421.
575pt x 316.18124pt>
File: MNIST_figures/local5_sketch20_iid0_test_acc-eps-converted-to.pdf Graphic 
file (type pdf)
<use MNIST_figures/local5_sketch20_iid0_test_acc-eps-converted-to.pdf>
Package pdftex.def Info: MNIST_figures/local5_sketch20_iid0_test_acc-eps-conver
ted-to.pdf  used on input line 110.
(pdftex.def)             Requested size: 216.81pt x 162.61081pt.
Package epstopdf Info: Source file: <MNIST_figures/local5_sketch50_iid0_train_l
oss.eps>
(epstopdf)                    date: 2020-08-04 07:11:02
(epstopdf)                    size: 22457 bytes
(epstopdf)             Output file: <MNIST_figures/local5_sketch50_iid0_train_l
oss-eps-converted-to.pdf>
(epstopdf)                    date: 2020-08-04 09:13:28
(epstopdf)                    size: 10028 bytes
(epstopdf)             Command: <repstopdf --outfile=MNIST_figures/local5_sketc
h50_iid0_train_loss-eps-converted-to.pdf MNIST_figures/local5_sketch50_iid0_tra
in_loss.eps>
(epstopdf)             \includegraphics on input line 114.
Package epstopdf Info: Output file is already uptodate.
<MNIST_figures/local5_sketch50_iid0_train_loss-eps-converted-to.pdf, id=464, 42
1.575pt x 316.18124pt>
File: MNIST_figures/local5_sketch50_iid0_train_loss-eps-converted-to.pdf Graphi
c file (type pdf)
<use MNIST_figures/local5_sketch50_iid0_train_loss-eps-converted-to.pdf>
Package pdftex.def Info: MNIST_figures/local5_sketch50_iid0_train_loss-eps-conv
erted-to.pdf  used on input line 114.
(pdftex.def)             Requested size: 216.81pt x 162.61081pt.
Package epstopdf Info: Source file: <MNIST_figures/local5_sketch50_iid0_test_ac
c.eps>
(epstopdf)                    date: 2020-08-04 07:11:02
(epstopdf)                    size: 70617 bytes
(epstopdf)             Output file: <MNIST_figures/local5_sketch50_iid0_test_ac
c-eps-converted-to.pdf>
(epstopdf)                    date: 2020-08-04 09:13:28
(epstopdf)                    size: 68422 bytes
(epstopdf)             Command: <repstopdf --outfile=MNIST_figures/local5_sketc
h50_iid0_test_acc-eps-converted-to.pdf MNIST_figures/local5_sketch50_iid0_test_
acc.eps>
(epstopdf)             \includegraphics on input line 114.
Package epstopdf Info: Output file is already uptodate.
<MNIST_figures/local5_sketch50_iid0_test_acc-eps-converted-to.pdf, id=465, 421.
575pt x 316.18124pt>
File: MNIST_figures/local5_sketch50_iid0_test_acc-eps-converted-to.pdf Graphic 
file (type pdf)
<use MNIST_figures/local5_sketch50_iid0_test_acc-eps-converted-to.pdf>
Package pdftex.def Info: MNIST_figures/local5_sketch50_iid0_test_acc-eps-conver
ted-to.pdf  used on input line 114.
(pdftex.def)             Requested size: 216.81pt x 162.61081pt.

LaTeX Warning: Float too large for page by 34.78578pt on input line 118.


LaTeX Warning: `h' float specifier changed to `ht'.

) (./conclusions.tex [14 <./MNIST_figures/local1_sketch20_iid1_train_loss-eps-c
onverted-to.pdf> <./MNIST_figures/local1_sketch20_iid1_test_acc-eps-converted-t
o.pdf> <./MNIST_figures/local1_sketch50_iid1_train_loss-eps-converted-to.pdf> <
./MNIST_figures/local1_sketch50_iid1_test_acc-eps-converted-to.pdf>] [15 <./MNI
ST_figures/local2_sketch20_iid1_train_loss-eps-converted-to.pdf> <./MNIST_figur
es/local2_sketch20_iid1_test_acc-eps-converted-to.pdf> <./MNIST_figures/local2_
sketch50_iid1_train_loss-eps-converted-to.pdf> <./MNIST_figures/local2_sketch50
_iid1_test_acc-eps-converted-to.pdf> <./MNIST_figures/local5_sketch20_iid1_trai
n_loss-eps-converted-to.pdf> <./MNIST_figures/local5_sketch20_iid1_test_acc-eps
-converted-to.pdf> <./MNIST_figures/local5_sketch50_iid1_train_loss-eps-convert
ed-to.pdf> <./MNIST_figures/local5_sketch50_iid1_test_acc-eps-converted-to.pdf>
 <./MNIST_figures/local1_sketch20_iid0_train_loss-eps-converted-to.pdf> <./MNIS
T_figures/local1_sketch20_iid0_test_acc-eps-converted-to.pdf> <./MNIST_figures/
local1_sketch50_iid0_train_loss-eps-converted-to.pdf> <./MNIST_figures/local1_s
ketch50_iid0_test_acc-eps-converted-to.pdf>] [16 <./MNIST_figures/local2_sketch
20_iid0_train_loss-eps-converted-to.pdf> <./MNIST_figures/local2_sketch20_iid0_
test_acc-eps-converted-to.pdf> <./MNIST_figures/local2_sketch50_iid0_train_loss
-eps-converted-to.pdf> <./MNIST_figures/local2_sketch50_iid0_test_acc-eps-conve
rted-to.pdf> <./MNIST_figures/local5_sketch20_iid0_train_loss-eps-converted-to.
pdf> <./MNIST_figures/local5_sketch20_iid0_test_acc-eps-converted-to.pdf> <./MN
IST_figures/local5_sketch50_iid0_train_loss-eps-converted-to.pdf> <./MNIST_figu
res/local5_sketch50_iid0_test_acc-eps-converted-to.pdf>]) (./main.bbl [17

]
[18]) [19] (./Appendix.tex
Missing character: There is no  in font cmr7!
Missing character: There is no  in font cmr7!
Missing character: There is no  in font cmr7!
Missing character: There is no  in font cmr7!
 [20] [21] [22]

LaTeX Warning: Reference `Assu:09' on page 23 undefined on input line 173.

[23] [24] [25] [26] [27] [28]) [29]
Package atveryend Info: Empty hook `BeforeClearDocument' on input line 138.
Package atveryend Info: Empty hook `AfterLastShipout' on input line 138.
 (./main.aux)
Package atveryend Info: Executing hook `AtVeryEndDocument' on input line 138.
Package atveryend Info: Executing hook `AtEndAfterFileList' on input line 138.
Package rerunfilecheck Info: File `main.out' has not changed.
(rerunfilecheck)             Checksum: 41F6DCE37E85598728C809E9E913DDAE;1773.


LaTeX Warning: There were undefined references.


LaTeX Warning: There were multiply-defined labels.

 ) 
Here is how much of TeX's memory you used:
 30509 strings out of 492649
 580773 string characters out of 6129622
 711000 words of memory out of 5000000
 33478 multiletter control sequences out of 15000+600000
 565118 words of font info for 188 fonts, out of 8000000 for 9000
 1141 hyphenation exceptions out of 8191
 54i,27n,73p,10550b,547s stack positions out of 5000i,500n,10000p,200000b,80000s
{/usr/local/texlive/2018/texmf-dist/fonts/enc/dvips/cm-super/cm-super-t1.enc}
</usr/local/texlive/2018/texmf-dist/fonts/type1/public/amsfonts/cm/cmbsy10.pfb>
</usr/local/texlive/2018/texmf-dist/fonts/type1/public/amsfonts/cmextra/cmbsy5.
pfb></usr/local/texlive/2018/texmf-dist/fonts/type1/public/amsfonts/cmextra/cmb
sy7.pfb></usr/local/texlive/2018/texmf-dist/fonts/type1/public/amsfonts/cm/cmbx
10.pfb></usr/local/texlive/2018/texmf-dist/fonts/type1/public/amsfonts/cm/cmbx5
.pfb></usr/local/texlive/2018/texmf-dist/fonts/type1/public/amsfonts/cm/cmbx7.p
fb></usr/local/texlive/2018/texmf-dist/fonts/type1/public/amsfonts/cm/cmex10.pf
b></usr/local/texlive/2018/texmf-dist/fonts/type1/public/amsfonts/cmextra/cmex7
.pfb></usr/local/texlive/2018/texmf-dist/fonts/type1/public/amsfonts/cm/cmmi10.
pfb></usr/local/texlive/2018/texmf-dist/fonts/type1/public/amsfonts/cm/cmmi5.pf
b></usr/local/texlive/2018/texmf-dist/fonts/type1/public/amsfonts/cm/cmmi7.pfb>
</usr/local/texlive/2018/texmf-dist/fonts/type1/public/amsfonts/cm/cmmi8.pfb></
usr/local/texlive/2018/texmf-dist/fonts/type1/public/amsfonts/cm/cmmib10.pfb></
usr/local/texlive/2018/texmf-dist/fonts/type1/public/amsfonts/cmextra/cmmib5.pf
b></usr/local/texlive/2018/texmf-dist/fonts/type1/public/amsfonts/cmextra/cmmib
7.pfb></usr/local/texlive/2018/texmf-dist/fonts/type1/public/amsfonts/cm/cmr10.
pfb></usr/local/texlive/2018/texmf-dist/fonts/type1/public/amsfonts/cm/cmr5.pfb
></usr/local/texlive/2018/texmf-dist/fonts/type1/public/amsfonts/cm/cmr7.pfb></
usr/local/texlive/2018/texmf-dist/fonts/type1/public/amsfonts/cm/cmsy10.pfb></u
sr/local/texlive/2018/texmf-dist/fonts/type1/public/amsfonts/cm/cmsy5.pfb></usr
/local/texlive/2018/texmf-dist/fonts/type1/public/amsfonts/cm/cmsy7.pfb></usr/l
ocal/texlive/2018/texmf-dist/fonts/type1/public/amsfonts/symbols/msam10.pfb></u
sr/local/texlive/2018/texmf-dist/fonts/type1/public/amsfonts/symbols/msbm10.pfb
></usr/local/texlive/2018/texmf-dist/fonts/type1/public/amsfonts/symbols/msbm7.
pfb></usr/local/texlive/2018/texmf-dist/fonts/type1/public/cm-super/sfbi1000.pf
b></usr/local/texlive/2018/texmf-dist/fonts/type1/public/cm-super/sfbx0800.pfb>
</usr/local/texlive/2018/texmf-dist/fonts/type1/public/cm-super/sfbx0900.pfb></
usr/local/texlive/2018/texmf-dist/fonts/type1/public/cm-super/sfbx1000.pfb></us
r/local/texlive/2018/texmf-dist/fonts/type1/public/cm-super/sfbx1200.pfb></usr/
local/texlive/2018/texmf-dist/fonts/type1/public/cm-super/sfbx1440.pfb></usr/lo
cal/texlive/2018/texmf-dist/fonts/type1/public/cm-super/sfbx1728.pfb></usr/loca
l/texlive/2018/texmf-dist/fonts/type1/public/cm-super/sfit1000.pfb></usr/local/
texlive/2018/texmf-dist/fonts/type1/public/cm-super/sfrm0500.pfb></usr/local/te
xlive/2018/texmf-dist/fonts/type1/public/cm-super/sfrm0700.pfb></usr/local/texl
ive/2018/texmf-dist/fonts/type1/public/cm-super/sfrm0800.pfb></usr/local/texliv
e/2018/texmf-dist/fonts/type1/public/cm-super/sfrm0900.pfb></usr/local/texlive/
2018/texmf-dist/fonts/type1/public/cm-super/sfrm1000.pfb></usr/local/texlive/20
18/texmf-dist/fonts/type1/public/cm-super/sfti1000.pfb></usr/local/texlive/2018
/texmf-dist/fonts/type1/public/cm-super/sftt0900.pfb></usr/local/texlive/2018/t
exmf-dist/fonts/type1/public/cm-super/sftt1000.pfb></usr/local/texlive/2018/tex
mf-dist/fonts/type1/public/cm-super/sftt1200.pfb></usr/local/texlive/2018/texmf
-dist/fonts/type1/urw/zapfding/uzdr.pfb>
Output written on main.pdf (29 pages, 1343710 bytes).
PDF statistics:
 1013 PDF objects out of 1200 (max. 8388607)
 843 compressed objects within 9 object streams
 205 named destinations out of 1000 (max. 500000)
 32077 words of extra memory for PDF output out of 35830 (max. 10000000)

