\BOOKMARK [1][-]{section.1}{Introduction}{}% 1
\BOOKMARK [1][-]{section.2}{Preliminaries}{}% 2
\BOOKMARK [1][-]{section.3}{Variational Flow Graphical Model}{}% 3
\BOOKMARK [2][-]{subsection.3.1}{The Evidence Lower Bound of Variational Flow Graphical Models}{section.3}% 4
\BOOKMARK [2][-]{subsection.3.2}{Node Aggregation}{section.3}% 5
\BOOKMARK [2][-]{subsection.3.3}{Inference on Sub-graphs }{section.3}% 6
\BOOKMARK [2][-]{subsection.3.4}{Algorithm and Implementation}{section.3}% 7
\BOOKMARK [3][-]{subsubsection.3.4.1}{Layer-wise Training}{subsection.3.4}% 8
\BOOKMARK [3][-]{subsubsection.3.4.2}{Random Masking}{subsection.3.4}% 9
\BOOKMARK [1][-]{section.4}{Theoretical Justifications for Latent Representation Learning}{}% 10
\BOOKMARK [1][-]{section.5}{Numerical Experiments}{}% 11
\BOOKMARK [2][-]{subsection.5.1}{Missing Entries Imputation}{section.5}% 12
\BOOKMARK [2][-]{subsection.5.2}{Latent Representation Learning on MNIST}{section.5}% 13
\BOOKMARK [1][-]{section.6}{Conclusion}{}% 14
\BOOKMARK [1][-]{appendix.A}{Derivation of the ELBO for both Tree and DAG structures}{}% 15
\BOOKMARK [2][-]{subsection.A.1}{ELBO of Tree Models}{appendix.A}% 16
\BOOKMARK [2][-]{subsection.A.2}{ELBO for DAG Models}{appendix.A}% 17
\BOOKMARK [1][-]{appendix.B}{Theoretical Proofs}{}% 18
\BOOKMARK [2][-]{subsection.B.1}{Proof of Lemma1}{appendix.B}% 19
\BOOKMARK [2][-]{subsection.B.2}{Proof of Theorem 1}{appendix.B}% 20
\BOOKMARK [1][-]{appendix.C}{Additional Numerical Experiments}{}% 21
