This is pdfTeX, Version 3.14159265-2.6-1.40.19 (TeX Live 2018) (preloaded format=pdflatex 2018.7.23)  4 MAY 2021 17:12
entering extended mode
 restricted \write18 enabled.
 file:line:error style messages enabled.
 %&-line parsing enabled.
**shortcuts.tex
(./shortcuts.tex
LaTeX2e <2018-04-01> patch level 2
Babel <3.18> and hyphenation patterns for 84 language(s) loaded.
\c@Fact=\count80
\c@Lemma=\count81
\c@Prop=\count82
\c@Theorem=\count83
\c@Def=\count84
\c@Corollary=\count85
\c@Conjecture=\count86
\c@Property=\count87
\c@Observation=\count88
\c@Exa=\count89
\c@assumption=\count90
\c@Remark=\count91

./shortcuts.tex:25: LaTeX Error: Command \* already defined.
               Or name \end... illegal, see p.192 of the manual.

See the LaTeX manual or LaTeX Companion for explanation.
Type  H <return>  for immediate help.
 ...                                              
                                                  
l.25 \newtheorem*{Lemma*}{
                          Lemma}
? 
./shortcuts.tex:25: Emergency stop.
 ...                                              
                                                  
l.25 \newtheorem*{Lemma*}{
                          Lemma}
Your command was ignored.
Type  I <command> <return>  to replace it with another command,
or  <return>  to continue without it.

 
Here is how much of TeX's memory you used:
 81 strings out of 492649
 995 string characters out of 6129622
 56400 words of memory out of 5000000
 4063 multiletter control sequences out of 15000+600000
 3640 words of font info for 14 fonts, out of 8000000 for 9000
 1141 hyphenation exceptions out of 8191
 9i,0n,14p,65b,14s stack positions out of 5000i,500n,10000p,200000b,80000s
./shortcuts.tex:25:  ==> Fatal error occurred, no output PDF file produced!
