This is pdfTeX, Version 3.14159265-2.6-1.40.19 (TeX Live 2018) (preloaded format=pdflatex 2018.7.23)  3 NOV 2020 09:37
entering extended mode
 restricted \write18 enabled.
 file:line:error style messages enabled.
 %&-line parsing enabled.
**arxiv.tex
(./arxiv.tex
LaTeX2e <2018-04-01> patch level 2
Babel <3.18> and hyphenation patterns for 84 language(s) loaded.
(/usr/local/texlive/2018/texmf-dist/tex/latex/base/article.cls
Document Class: article 2014/09/29 v1.4h Standard LaTeX document class
(/usr/local/texlive/2018/texmf-dist/tex/latex/base/size10.clo
File: size10.clo 2014/09/29 v1.4h Standard LaTeX file (size option)
)
\c@part=\count80
\c@section=\count81
\c@subsection=\count82
\c@subsubsection=\count83
\c@paragraph=\count84
\c@subparagraph=\count85
\c@figure=\count86
\c@table=\count87
\abovecaptionskip=\skip41
\belowcaptionskip=\skip42
\bibindent=\dimen102
)
(/usr/local/texlive/2018/texmf-dist/tex/latex/geometry/geometry.sty
Package: geometry 2018/03/24 v5.7 Page Geometry

(/usr/local/texlive/2018/texmf-dist/tex/latex/graphics/keyval.sty
Package: keyval 2014/10/28 v1.15 key=value parser (DPC)
\KV@toks@=\toks14
)
(/usr/local/texlive/2018/texmf-dist/tex/generic/oberdiek/ifpdf.sty
Package: ifpdf 2017/03/15 v3.2 Provides the ifpdf switch
)
(/usr/local/texlive/2018/texmf-dist/tex/generic/oberdiek/ifvtex.sty
Package: ifvtex 2016/05/16 v1.6 Detect VTeX and its facilities (HO)
Package ifvtex Info: VTeX not detected.
)
(/usr/local/texlive/2018/texmf-dist/tex/generic/ifxetex/ifxetex.sty
Package: ifxetex 2010/09/12 v0.6 Provides ifxetex conditional
)
\Gm@cnth=\count88
\Gm@cntv=\count89
\c@Gm@tempcnt=\count90
\Gm@bindingoffset=\dimen103
\Gm@wd@mp=\dimen104
\Gm@odd@mp=\dimen105
\Gm@even@mp=\dimen106
\Gm@layoutwidth=\dimen107
\Gm@layoutheight=\dimen108
\Gm@layouthoffset=\dimen109
\Gm@layoutvoffset=\dimen110
\Gm@dimlist=\toks15
)
(/usr/local/texlive/2018/texmf-dist/tex/latex/hyperref/hyperref.sty
Package: hyperref 2018/02/06 v6.86b Hypertext links for LaTeX

(/usr/local/texlive/2018/texmf-dist/tex/generic/oberdiek/hobsub-hyperref.sty
Package: hobsub-hyperref 2016/05/16 v1.14 Bundle oberdiek, subset hyperref (HO)


(/usr/local/texlive/2018/texmf-dist/tex/generic/oberdiek/hobsub-generic.sty
Package: hobsub-generic 2016/05/16 v1.14 Bundle oberdiek, subset generic (HO)
Package: hobsub 2016/05/16 v1.14 Construct package bundles (HO)
Package: infwarerr 2016/05/16 v1.4 Providing info/warning/error messages (HO)
Package: ltxcmds 2016/05/16 v1.23 LaTeX kernel commands for general use (HO)
Package: ifluatex 2016/05/16 v1.4 Provides the ifluatex switch (HO)
Package ifluatex Info: LuaTeX not detected.
Package hobsub Info: Skipping package `ifvtex' (already loaded).
Package: intcalc 2016/05/16 v1.2 Expandable calculations with integers (HO)
Package hobsub Info: Skipping package `ifpdf' (already loaded).
Package: etexcmds 2016/05/16 v1.6 Avoid name clashes with e-TeX commands (HO)
Package etexcmds Info: Could not find \expanded.
(etexcmds)             That can mean that you are not using pdfTeX 1.50 or
(etexcmds)             that some package has redefined \expanded.
(etexcmds)             In the latter case, load this package earlier.
Package: kvsetkeys 2016/05/16 v1.17 Key value parser (HO)
Package: kvdefinekeys 2016/05/16 v1.4 Define keys (HO)
Package: pdftexcmds 2018/01/30 v0.27 Utility functions of pdfTeX for LuaTeX (HO
)
Package pdftexcmds Info: LuaTeX not detected.
Package pdftexcmds Info: \pdf@primitive is available.
Package pdftexcmds Info: \pdf@ifprimitive is available.
Package pdftexcmds Info: \pdfdraftmode found.
Package: pdfescape 2016/05/16 v1.14 Implements pdfTeX's escape features (HO)
Package: bigintcalc 2016/05/16 v1.4 Expandable calculations on big integers (HO
)
Package: bitset 2016/05/16 v1.2 Handle bit-vector datatype (HO)
Package: uniquecounter 2016/05/16 v1.3 Provide unlimited unique counter (HO)
)
Package hobsub Info: Skipping package `hobsub' (already loaded).
Package: letltxmacro 2016/05/16 v1.5 Let assignment for LaTeX macros (HO)
Package: hopatch 2016/05/16 v1.3 Wrapper for package hooks (HO)
Package: xcolor-patch 2016/05/16 xcolor patch
Package: atveryend 2016/05/16 v1.9 Hooks at the very end of document (HO)
Package atveryend Info: \enddocument detected (standard20110627).
Package: atbegshi 2016/06/09 v1.18 At begin shipout hook (HO)
Package: refcount 2016/05/16 v3.5 Data extraction from label references (HO)
Package: hycolor 2016/05/16 v1.8 Color options for hyperref/bookmark (HO)
)
(/usr/local/texlive/2018/texmf-dist/tex/latex/oberdiek/auxhook.sty
Package: auxhook 2016/05/16 v1.4 Hooks for auxiliary files (HO)
)
(/usr/local/texlive/2018/texmf-dist/tex/latex/oberdiek/kvoptions.sty
Package: kvoptions 2016/05/16 v3.12 Key value format for package options (HO)
)
\@linkdim=\dimen111
\Hy@linkcounter=\count91
\Hy@pagecounter=\count92

(/usr/local/texlive/2018/texmf-dist/tex/latex/hyperref/pd1enc.def
File: pd1enc.def 2018/02/06 v6.86b Hyperref: PDFDocEncoding definition (HO)
Now handling font encoding PD1 ...
... no UTF-8 mapping file for font encoding PD1
)
\Hy@SavedSpaceFactor=\count93

(/usr/local/texlive/2018/texmf-dist/tex/latex/latexconfig/hyperref.cfg
File: hyperref.cfg 2002/06/06 v1.2 hyperref configuration of TeXLive
)
Package hyperref Info: Option `colorlinks' set `true' on input line 4383.
Package hyperref Info: Hyper figures OFF on input line 4509.
Package hyperref Info: Link nesting OFF on input line 4514.
Package hyperref Info: Hyper index ON on input line 4517.
Package hyperref Info: Plain pages OFF on input line 4524.
Package hyperref Info: Backreferencing OFF on input line 4529.
Package hyperref Info: Implicit mode ON; LaTeX internals redefined.
Package hyperref Info: Bookmarks ON on input line 4762.
\c@Hy@tempcnt=\count94

(/usr/local/texlive/2018/texmf-dist/tex/latex/url/url.sty
\Urlmuskip=\muskip10
Package: url 2013/09/16  ver 3.4  Verb mode for urls, etc.
)
LaTeX Info: Redefining \url on input line 5115.
\XeTeXLinkMargin=\dimen112
\Fld@menulength=\count95
\Field@Width=\dimen113
\Fld@charsize=\dimen114
Package hyperref Info: Hyper figures OFF on input line 6369.
Package hyperref Info: Link nesting OFF on input line 6374.
Package hyperref Info: Hyper index ON on input line 6377.
Package hyperref Info: backreferencing OFF on input line 6384.
Package hyperref Info: Link coloring ON on input line 6387.
Package hyperref Info: Link coloring with OCG OFF on input line 6394.
Package hyperref Info: PDF/A mode OFF on input line 6399.
LaTeX Info: Redefining \ref on input line 6439.
LaTeX Info: Redefining \pageref on input line 6443.
\Hy@abspage=\count96
\c@Item=\count97
\c@Hfootnote=\count98
)
Package hyperref Info: Driver (autodetected): hpdftex.

(/usr/local/texlive/2018/texmf-dist/tex/latex/hyperref/hpdftex.def
File: hpdftex.def 2018/02/06 v6.86b Hyperref driver for pdfTeX
\Fld@listcount=\count99
\c@bookmark@seq@number=\count100

(/usr/local/texlive/2018/texmf-dist/tex/latex/oberdiek/rerunfilecheck.sty
Package: rerunfilecheck 2016/05/16 v1.8 Rerun checks for auxiliary files (HO)
Package uniquecounter Info: New unique counter `rerunfilecheck' on input line 2
82.
)
\Hy@SectionHShift=\skip43
)
(/usr/local/texlive/2018/texmf-dist/tex/latex/tools/bm.sty
Package: bm 2017/01/16 v1.2c Bold Symbol Support (DPC/FMi)
\symboldoperators=\mathgroup4
\symboldletters=\mathgroup5
\symboldsymbols=\mathgroup6
LaTeX Font Info:    Redeclaring math alphabet \mathbf on input line 141.
LaTeX Info: Redefining \bm on input line 207.
)
(/usr/local/texlive/2018/texmf-dist/tex/latex/amsmath/amsmath.sty
Package: amsmath 2017/09/02 v2.17a AMS math features
\@mathmargin=\skip44

For additional information on amsmath, use the `?' option.
(/usr/local/texlive/2018/texmf-dist/tex/latex/amsmath/amstext.sty
Package: amstext 2000/06/29 v2.01 AMS text

(/usr/local/texlive/2018/texmf-dist/tex/latex/amsmath/amsgen.sty
File: amsgen.sty 1999/11/30 v2.0 generic functions
\@emptytoks=\toks16
\ex@=\dimen115
))
(/usr/local/texlive/2018/texmf-dist/tex/latex/amsmath/amsbsy.sty
Package: amsbsy 1999/11/29 v1.2d Bold Symbols
LaTeX Info: Redefining \boldsymbol on input line 28.
\pmbraise@=\dimen116
)
(/usr/local/texlive/2018/texmf-dist/tex/latex/amsmath/amsopn.sty
Package: amsopn 2016/03/08 v2.02 operator names
)
\inf@bad=\count101
LaTeX Info: Redefining \frac on input line 213.
\uproot@=\count102
\leftroot@=\count103
LaTeX Info: Redefining \overline on input line 375.
\classnum@=\count104
\DOTSCASE@=\count105
LaTeX Info: Redefining \ldots on input line 472.
LaTeX Info: Redefining \dots on input line 475.
LaTeX Info: Redefining \cdots on input line 596.
\Mathstrutbox@=\box26
\strutbox@=\box27
\big@size=\dimen117
LaTeX Font Info:    Redeclaring font encoding OML on input line 712.
LaTeX Font Info:    Redeclaring font encoding OMS on input line 713.
\macc@depth=\count106
\c@MaxMatrixCols=\count107
\dotsspace@=\muskip11
\c@parentequation=\count108
\dspbrk@lvl=\count109
\tag@help=\toks17
\row@=\count110
\column@=\count111
\maxfields@=\count112
\andhelp@=\toks18
\eqnshift@=\dimen118
\alignsep@=\dimen119
\tagshift@=\dimen120
\tagwidth@=\dimen121
\totwidth@=\dimen122
\lineht@=\dimen123
\@envbody=\toks19
\multlinegap=\skip45
\multlinetaggap=\skip46
\mathdisplay@stack=\toks20
LaTeX Info: Redefining \[ on input line 2817.
LaTeX Info: Redefining \] on input line 2818.
)
(/usr/local/texlive/2018/texmf-dist/tex/latex/amscls/amsthm.sty
Package: amsthm 2017/10/31 v2.20.4
\thm@style=\toks21
\thm@bodyfont=\toks22
\thm@headfont=\toks23
\thm@notefont=\toks24
\thm@headpunct=\toks25
\thm@preskip=\skip47
\thm@postskip=\skip48
\thm@headsep=\skip49
\dth@everypar=\toks26
)
(/usr/local/texlive/2018/texmf-dist/tex/latex/amsfonts/amssymb.sty
Package: amssymb 2013/01/14 v3.01 AMS font symbols

(/usr/local/texlive/2018/texmf-dist/tex/latex/amsfonts/amsfonts.sty
Package: amsfonts 2013/01/14 v3.01 Basic AMSFonts support
\symAMSa=\mathgroup7
\symAMSb=\mathgroup8
LaTeX Font Info:    Overwriting math alphabet `\mathfrak' in version `bold'
(Font)                  U/euf/m/n --> U/euf/b/n on input line 106.
))
(/usr/local/texlive/2018/texmf-dist/tex/latex/tools/multicol.sty
Package: multicol 2018/04/01 v1.8r multicolumn formatting (FMi)
\c@tracingmulticols=\count113
\mult@box=\box28
\multicol@leftmargin=\dimen124
\c@unbalance=\count114
\c@collectmore=\count115
\doublecol@number=\count116
\multicoltolerance=\count117
\multicolpretolerance=\count118
\full@width=\dimen125
\page@free=\dimen126
\premulticols=\dimen127
\postmulticols=\dimen128
\multicolsep=\skip50
\multicolbaselineskip=\skip51
\partial@page=\box29
\last@line=\box30
\maxbalancingoverflow=\dimen129
\mult@rightbox=\box31
\mult@grightbox=\box32
\mult@gfirstbox=\box33
\mult@firstbox=\box34
\@tempa=\box35
\@tempa=\box36
\@tempa=\box37
\@tempa=\box38
\@tempa=\box39
\@tempa=\box40
\@tempa=\box41
\@tempa=\box42
\@tempa=\box43
\@tempa=\box44
\@tempa=\box45
\@tempa=\box46
\@tempa=\box47
\@tempa=\box48
\@tempa=\box49
\@tempa=\box50
\@tempa=\box51
\c@columnbadness=\count119
\c@finalcolumnbadness=\count120
\last@try=\dimen130
\multicolovershoot=\dimen131
\multicolundershoot=\dimen132
\mult@nat@firstbox=\box52
\colbreak@box=\box53
\mc@col@check@num=\count121
)
(/usr/local/texlive/2018/texmf-dist/tex/latex/algorithms/algorithmic.sty
Package: algorithmic 2009/08/24 v0.1 Document Style `algorithmic'

(/usr/local/texlive/2018/texmf-dist/tex/latex/base/ifthen.sty
Package: ifthen 2014/09/29 v1.1c Standard LaTeX ifthen package (DPC)
)
\c@ALC@unique=\count122
\c@ALC@line=\count123
\c@ALC@rem=\count124
\c@ALC@depth=\count125
\ALC@tlm=\skip52
\algorithmicindent=\skip53
)
(/usr/local/texlive/2018/texmf-dist/tex/latex/algorithms/algorithm.sty
Package: algorithm 2009/08/24 v0.1 Document Style `algorithm' - floating enviro
nment

(/usr/local/texlive/2018/texmf-dist/tex/latex/float/float.sty
Package: float 2001/11/08 v1.3d Float enhancements (AL)
\c@float@type=\count126
\float@exts=\toks27
\float@box=\box54
\@float@everytoks=\toks28
\@floatcapt=\box55
)
\@float@every@algorithm=\toks29
\c@algorithm=\count127
)
(/usr/local/texlive/2018/texmf-dist/tex/latex/enumitem/enumitem.sty
Package: enumitem 2011/09/28 v3.5.2 Customized lists
\labelindent=\skip54
\enit@outerparindent=\dimen133
\enit@toks=\toks30
\enit@inbox=\box56
\enitdp@description=\count128
)
(/usr/local/texlive/2018/texmf-dist/tex/latex/graphics/graphicx.sty
Package: graphicx 2017/06/01 v1.1a Enhanced LaTeX Graphics (DPC,SPQR)

(/usr/local/texlive/2018/texmf-dist/tex/latex/graphics/graphics.sty
Package: graphics 2017/06/25 v1.2c Standard LaTeX Graphics (DPC,SPQR)

(/usr/local/texlive/2018/texmf-dist/tex/latex/graphics/trig.sty
Package: trig 2016/01/03 v1.10 sin cos tan (DPC)
)
(/usr/local/texlive/2018/texmf-dist/tex/latex/graphics-cfg/graphics.cfg
File: graphics.cfg 2016/06/04 v1.11 sample graphics configuration
)
Package graphics Info: Driver file: pdftex.def on input line 99.

(/usr/local/texlive/2018/texmf-dist/tex/latex/graphics-def/pdftex.def
File: pdftex.def 2018/01/08 v1.0l Graphics/color driver for pdftex
))
\Gin@req@height=\dimen134
\Gin@req@width=\dimen135
)
(/usr/local/texlive/2018/texmf-dist/tex/latex/subfigure/subfigure.sty
Package: subfigure 2002/03/15 v2.1.5 subfigure package
\subfigtopskip=\skip55
\subfigcapskip=\skip56
\subfigcaptopadj=\dimen136
\subfigbottomskip=\skip57
\subfigcapmargin=\dimen137
\subfiglabelskip=\skip58
\c@subfigure=\count129
\c@lofdepth=\count130
\c@subtable=\count131
\c@lotdepth=\count132

****************************************
* Local config file subfigure.cfg used *
****************************************
(/usr/local/texlive/2018/texmf-dist/tex/latex/subfigure/subfigure.cfg)
\subfig@top=\skip59
\subfig@bottom=\skip60
)
(/usr/local/texlive/2018/texmf-dist/tex/latex/xargs/xargs.sty
Package: xargs 2008/03/22 v1.1  extended macro definitions  (mpg)

(/usr/local/texlive/2018/texmf-dist/tex/latex/xkeyval/xkeyval.sty
Package: xkeyval 2014/12/03 v2.7a package option processing (HA)

(/usr/local/texlive/2018/texmf-dist/tex/generic/xkeyval/xkeyval.tex
(/usr/local/texlive/2018/texmf-dist/tex/generic/xkeyval/xkvutils.tex
\XKV@toks=\toks31
\XKV@tempa@toks=\toks32
)
\XKV@depth=\count133
File: xkeyval.tex 2014/12/03 v2.7a key=value parser (HA)
))
\xargs@max=\count134
\xargs@toksa=\toks33
\xargs@toksb=\toks34
)
(/usr/local/texlive/2018/texmf-dist/tex/latex/stmaryrd/stmaryrd.sty
Package: stmaryrd 1994/03/03 St Mary's Road symbol package
\symstmry=\mathgroup9
LaTeX Font Info:    Overwriting symbol font `stmry' in version `bold'
(Font)                  U/stmry/m/n --> U/stmry/b/n on input line 89.
)
\c@Fact=\count135
\c@Lemma=\count136
\c@Prop=\count137
\c@Theorem=\count138
\c@Def=\count139
\c@Corollary=\count140
\c@Conjecture=\count141
\c@Property=\count142
\c@Observation=\count143
\c@Exa=\count144
\c@assumption=\count145
\c@Remark=\count146

(./arxiv.aux)
\openout1 = `arxiv.aux'.

LaTeX Font Info:    Checking defaults for OML/cmm/m/it on input line 51.
LaTeX Font Info:    ... okay on input line 51.
LaTeX Font Info:    Checking defaults for T1/cmr/m/n on input line 51.
LaTeX Font Info:    ... okay on input line 51.
LaTeX Font Info:    Checking defaults for OT1/cmr/m/n on input line 51.
LaTeX Font Info:    ... okay on input line 51.
LaTeX Font Info:    Checking defaults for OMS/cmsy/m/n on input line 51.
LaTeX Font Info:    ... okay on input line 51.
LaTeX Font Info:    Checking defaults for OMX/cmex/m/n on input line 51.
LaTeX Font Info:    ... okay on input line 51.
LaTeX Font Info:    Checking defaults for U/cmr/m/n on input line 51.
LaTeX Font Info:    ... okay on input line 51.
LaTeX Font Info:    Checking defaults for PD1/pdf/m/n on input line 51.
LaTeX Font Info:    ... okay on input line 51.

*geometry* driver: auto-detecting
*geometry* detected driver: pdftex
*geometry* verbose mode - [ preamble ] result:
* driver: pdftex
* paper: <default>
* layout: <same size as paper>
* layoutoffset:(h,v)=(0.0pt,0.0pt)
* modes: 
* h-part:(L,W,R)=(72.26999pt, 469.75502pt, 72.26999pt)
* v-part:(T,H,B)=(72.26999pt, 650.43001pt, 72.26999pt)
* \paperwidth=614.295pt
* \paperheight=794.96999pt
* \textwidth=469.75502pt
* \textheight=650.43001pt
* \oddsidemargin=0.0pt
* \evensidemargin=0.0pt
* \topmargin=-37.0pt
* \headheight=12.0pt
* \headsep=25.0pt
* \topskip=10.0pt
* \footskip=30.0pt
* \marginparwidth=65.0pt
* \marginparsep=11.0pt
* \columnsep=10.0pt
* \skip\footins=9.0pt plus 4.0pt minus 2.0pt
* \hoffset=0.0pt
* \voffset=0.0pt
* \mag=1000
* \@twocolumnfalse
* \@twosidefalse
* \@mparswitchfalse
* \@reversemarginfalse
* (1in=72.27pt=25.4mm, 1cm=28.453pt)

\AtBeginShipoutBox=\box57
(/usr/local/texlive/2018/texmf-dist/tex/latex/graphics/color.sty
Package: color 2016/07/10 v1.1e Standard LaTeX Color (DPC)

(/usr/local/texlive/2018/texmf-dist/tex/latex/graphics-cfg/color.cfg
File: color.cfg 2016/01/02 v1.6 sample color configuration
)
Package color Info: Driver file: pdftex.def on input line 147.
)
Package hyperref Info: Link coloring ON on input line 51.

(/usr/local/texlive/2018/texmf-dist/tex/latex/hyperref/nameref.sty
Package: nameref 2016/05/21 v2.44 Cross-referencing by name of section

(/usr/local/texlive/2018/texmf-dist/tex/generic/oberdiek/gettitlestring.sty
Package: gettitlestring 2016/05/16 v1.5 Cleanup title references (HO)
)
\c@section@level=\count147
)
LaTeX Info: Redefining \ref on input line 51.
LaTeX Info: Redefining \pageref on input line 51.
LaTeX Info: Redefining \nameref on input line 51.

(./arxiv.out) (./arxiv.out)
\@outlinefile=\write3
\openout3 = `arxiv.out'.


(/usr/local/texlive/2018/texmf-dist/tex/context/base/mkii/supp-pdf.mkii
[Loading MPS to PDF converter (version 2006.09.02).]
\scratchcounter=\count148
\scratchdimen=\dimen138
\scratchbox=\box58
\nofMPsegments=\count149
\nofMParguments=\count150
\everyMPshowfont=\toks35
\MPscratchCnt=\count151
\MPscratchDim=\dimen139
\MPnumerator=\count152
\makeMPintoPDFobject=\count153
\everyMPtoPDFconversion=\toks36
) (/usr/local/texlive/2018/texmf-dist/tex/latex/oberdiek/epstopdf-base.sty
Package: epstopdf-base 2016/05/15 v2.6 Base part for package epstopdf

(/usr/local/texlive/2018/texmf-dist/tex/latex/oberdiek/grfext.sty
Package: grfext 2016/05/16 v1.2 Manage graphics extensions (HO)
)
Package epstopdf-base Info: Redefining graphics rule for `.eps' on input line 4
38.
Package grfext Info: Graphics extension search list:
(grfext)             [.pdf,.png,.jpg,.mps,.jpeg,.jbig2,.jb2,.PDF,.PNG,.JPG,.JPE
G,.JBIG2,.JB2,.eps]
(grfext)             \AppendGraphicsExtensions on input line 456.

(/usr/local/texlive/2018/texmf-dist/tex/latex/latexconfig/epstopdf-sys.cfg
File: epstopdf-sys.cfg 2010/07/13 v1.3 Configuration of (r)epstopdf for TeX Liv
e
))
LaTeX Font Info:    Try loading font information for U+msa on input line 67.

(/usr/local/texlive/2018/texmf-dist/tex/latex/amsfonts/umsa.fd
File: umsa.fd 2013/01/14 v3.01 AMS symbols A
)
LaTeX Font Info:    Try loading font information for U+msb on input line 67.

(/usr/local/texlive/2018/texmf-dist/tex/latex/amsfonts/umsb.fd
File: umsb.fd 2013/01/14 v3.01 AMS symbols B
)
LaTeX Font Info:    Try loading font information for U+stmry on input line 67.

(/usr/local/texlive/2018/texmf-dist/tex/latex/stmaryrd/Ustmry.fd) [1

{/usr/local/texlive/2018/texmf-var/fonts/map/pdftex/updmap/pdftex.map}]
LaTeX Font Info:    Try loading font information for OMS+cmr on input line 107.


(/usr/local/texlive/2018/texmf-dist/tex/latex/base/omscmr.fd
File: omscmr.fd 2014/09/29 v2.5h Standard LaTeX font definitions
)
LaTeX Font Info:    Font shape `OMS/cmr/m/n' in size <10> not available
(Font)              Font shape `OMS/cmsy/m/n' tried instead on input line 107.
 [2]
Package hyperref Info: bookmark level for unknown algorithm defaults to 0 on in
put line 168.


LaTeX Font Warning: Font shape `OT1/cmr/bx/sc' undefined
(Font)              using `OT1/cmr/bx/n' instead on input line 194.

[3pdfTeX warning (ext4): destination with the same identifier (name{equation.2.
1}) has been already used, duplicate ignored

\AtBegShi@Output ...ipout \box \AtBeginShipoutBox 
                                                  \fi \fi 
l.206 
      ]

pdfTeX warning: /Library/TeX/texbin/pdflatex (file ./plots/plot.pdf): PDF inclu
sion: found PDF version <1.7>, but at most version <1.5> allowed
<plots/plot.pdf, id=220, 780.51598pt x 325.215pt>
File: plots/plot.pdf Graphic file (type pdf)
<use plots/plot.pdf>
Package pdftex.def Info: plots/plot.pdf  used on input line 231.
(pdftex.def)             Requested size: 238.49121pt x 99.37155pt.

Overfull \hbox (3.61371pt too wide) in paragraph at lines 231--232
 [][] 
 []


Overfull \hbox (2.2222pt too wide) in paragraph at lines 209--237
$[]$  $[]$
 []

[4pdfTeX warning (ext4): destination with the same identifier (name{figure.1}) 
has been already used, duplicate ignored

\AtBegShi@Output ...ipout \box \AtBeginShipoutBox 
                                                  \fi \fi 
l.272 \begin{Theorem} \label
                            {thm:mainconvex}\vspace{0.05in} <./plots/plot.pdf>]
[5pdfTeX warning (ext4): destination with the same identifier (name{equation.4.
1}) has been already used, duplicate ignored

\AtBegShi@Output ...ipout \box \AtBeginShipoutBox 
                                                  \fi \fi 
l.339 \end{assumption}
                      pdfTeX warning (ext4): destination with the same identifi
er (name{equation.4.1}) has been already used, duplicate ignored

\AtBegShi@Output ...ipout \box \AtBeginShipoutBox 
                                                  \fi \fi 
l.339 \end{assumption}
                      ]

pdfTeX warning: /Library/TeX/texbin/pdflatex (file ./plots/plot_prediction.pdf)
: PDF inclusion: found PDF version <1.7>, but at most version <1.5> allowed
<plots/plot_prediction.pdf, id=291, 722.7pt x 397.485pt>
File: plots/plot_prediction.pdf Graphic file (type pdf)
<use plots/plot_prediction.pdf>
Package pdftex.def Info: plots/plot_prediction.pdf  used on input line 345.
(pdftex.def)             Requested size: 238.49121pt x 131.17044pt.
LaTeX Font Info:    Calculating math sizes for size <9.5> on input line 373.

LaTeX Font Warning: Font shape `OT1/cmr/m/n' in size <9.5> not available
(Font)              size <9> substituted on input line 373.


LaTeX Font Warning: Font shape `OML/cmm/m/it' in size <9.5> not available
(Font)              size <9> substituted on input line 373.


LaTeX Font Warning: Font shape `OMS/cmsy/m/n' in size <9.5> not available
(Font)              size <9> substituted on input line 373.


LaTeX Font Warning: Font shape `OT1/cmss/m/n' in size <9.5> not available
(Font)              size <9> substituted on input line 373.


LaTeX Font Warning: Font shape `OT1/cmr/bx/n' in size <9.5> not available
(Font)              size <9> substituted on input line 373.


LaTeX Font Warning: Font shape `OML/cmm/b/it' in size <9.5> not available
(Font)              size <9> substituted on input line 373.


LaTeX Font Warning: Font shape `OMS/cmsy/b/n' in size <9.5> not available
(Font)              size <9> substituted on input line 373.


LaTeX Font Warning: Font shape `U/stmry/m/n' in size <9.5> not available
(Font)              size <9> substituted on input line 373.

[6pdfTeX warning (ext4): destination with the same identifier (name{figure.2}) 
has been already used, duplicate ignored

\AtBegShi@Output ...ipout \box \AtBeginShipoutBox 
                                                  \fi \fi 
l.388 \beq
          \label{eq:dnnmodel} <./plots/plot_prediction.pdf>] [7pdfTeX warning (
ext4): destination with the same identifier (name{equation.4.4}) has been alrea
dy used, duplicate ignored

\AtBegShi@Output ...ipout \box \AtBeginShipoutBox 
                                                  \fi \fi 
l.454 \section
              {Numerical Experiments}\label{sec:numerical}] [8]
Package epstopdf Info: Source file: <simulation/fig2/M_rand_train_loss_no1.eps>

(epstopdf)                    date: 2020-11-02 16:47:58
(epstopdf)                    size: 70491 bytes
(epstopdf)             Output file: <simulation/fig2/M_rand_train_loss_no1-eps-
converted-to.pdf>
(epstopdf)                    date: 2020-11-02 19:18:00
(epstopdf)                    size: 30894 bytes
(epstopdf)             Command: <repstopdf --outfile=simulation/fig2/M_rand_tra
in_loss_no1-eps-converted-to.pdf simulation/fig2/M_rand_train_loss_no1.eps>
(epstopdf)             \includegraphics on input line 606.
Package epstopdf Info: Output file is already uptodate.
<simulation/fig2/M_rand_train_loss_no1-eps-converted-to.pdf, id=420, 421.575pt 
x 316.18124pt>
File: simulation/fig2/M_rand_train_loss_no1-eps-converted-to.pdf Graphic file (
type pdf)
<use simulation/fig2/M_rand_train_loss_no1-eps-converted-to.pdf>
Package pdftex.def Info: simulation/fig2/M_rand_train_loss_no1-eps-converted-to
.pdf  used on input line 606.
(pdftex.def)             Requested size: 151.76744pt x 113.82515pt.
Package epstopdf Info: Source file: <simulation/fig2/M_image_train_loss_no1.eps
>
(epstopdf)                    date: 2020-11-02 16:47:58
(epstopdf)                    size: 70468 bytes
(epstopdf)             Output file: <simulation/fig2/M_image_train_loss_no1-eps
-converted-to.pdf>
(epstopdf)                    date: 2020-11-02 19:18:01
(epstopdf)                    size: 30990 bytes
(epstopdf)             Command: <repstopdf --outfile=simulation/fig2/M_image_tr
ain_loss_no1-eps-converted-to.pdf simulation/fig2/M_image_train_loss_no1.eps>
(epstopdf)             \includegraphics on input line 606.
Package epstopdf Info: Output file is already uptodate.
<simulation/fig2/M_image_train_loss_no1-eps-converted-to.pdf, id=421, 421.575pt
 x 316.18124pt>
File: simulation/fig2/M_image_train_loss_no1-eps-converted-to.pdf Graphic file 
(type pdf)
<use simulation/fig2/M_image_train_loss_no1-eps-converted-to.pdf>
Package pdftex.def Info: simulation/fig2/M_image_train_loss_no1-eps-converted-t
o.pdf  used on input line 606.
(pdftex.def)             Requested size: 151.76744pt x 113.82515pt.
Package epstopdf Info: Source file: <simulation/fig2/cifar_cnn_train_loss_no1.e
ps>
(epstopdf)                    date: 2020-11-02 16:47:58
(epstopdf)                    size: 50198 bytes
(epstopdf)             Output file: <simulation/fig2/cifar_cnn_train_loss_no1-e
ps-converted-to.pdf>
(epstopdf)                    date: 2020-11-02 19:18:02
(epstopdf)                    size: 22808 bytes
(epstopdf)             Command: <repstopdf --outfile=simulation/fig2/cifar_cnn_
train_loss_no1-eps-converted-to.pdf simulation/fig2/cifar_cnn_train_loss_no1.ep
s>
(epstopdf)             \includegraphics on input line 606.
Package epstopdf Info: Output file is already uptodate.
<simulation/fig2/cifar_cnn_train_loss_no1-eps-converted-to.pdf, id=422, 421.575
pt x 316.18124pt>
File: simulation/fig2/cifar_cnn_train_loss_no1-eps-converted-to.pdf Graphic fil
e (type pdf)
<use simulation/fig2/cifar_cnn_train_loss_no1-eps-converted-to.pdf>
Package pdftex.def Info: simulation/fig2/cifar_cnn_train_loss_no1-eps-converted
-to.pdf  used on input line 606.
(pdftex.def)             Requested size: 151.76744pt x 113.82515pt.
Package epstopdf Info: Source file: <simulation/fig2/imdb_lstm_train_loss_no1.e
ps>
(epstopdf)                    date: 2020-11-02 16:47:58
(epstopdf)                    size: 48462 bytes
(epstopdf)             Output file: <simulation/fig2/imdb_lstm_train_loss_no1-e
ps-converted-to.pdf>
(epstopdf)                    date: 2020-11-02 19:18:02
(epstopdf)                    size: 21931 bytes
(epstopdf)             Command: <repstopdf --outfile=simulation/fig2/imdb_lstm_
train_loss_no1-eps-converted-to.pdf simulation/fig2/imdb_lstm_train_loss_no1.ep
s>
(epstopdf)             \includegraphics on input line 612.
Package epstopdf Info: Output file is already uptodate.
<simulation/fig2/imdb_lstm_train_loss_no1-eps-converted-to.pdf, id=423, 421.575
pt x 316.18124pt>
File: simulation/fig2/imdb_lstm_train_loss_no1-eps-converted-to.pdf Graphic fil
e (type pdf)
<use simulation/fig2/imdb_lstm_train_loss_no1-eps-converted-to.pdf>
Package pdftex.def Info: simulation/fig2/imdb_lstm_train_loss_no1-eps-converted
-to.pdf  used on input line 612.
(pdftex.def)             Requested size: 151.76744pt x 113.82515pt.
Package epstopdf Info: Source file: <simulation/fig2/cifar10_resnet_train_loss.
eps>
(epstopdf)                    date: 2020-11-02 16:47:58
(epstopdf)                    size: 47444 bytes
(epstopdf)             Output file: <simulation/fig2/cifar10_resnet_train_loss-
eps-converted-to.pdf>
(epstopdf)                    date: 2020-11-02 19:18:03
(epstopdf)                    size: 22616 bytes
(epstopdf)             Command: <repstopdf --outfile=simulation/fig2/cifar10_re
snet_train_loss-eps-converted-to.pdf simulation/fig2/cifar10_resnet_train_loss.
eps>
(epstopdf)             \includegraphics on input line 612.
Package epstopdf Info: Output file is already uptodate.
<simulation/fig2/cifar10_resnet_train_loss-eps-converted-to.pdf, id=424, 421.57
5pt x 316.18124pt>
File: simulation/fig2/cifar10_resnet_train_loss-eps-converted-to.pdf Graphic fi
le (type pdf)
<use simulation/fig2/cifar10_resnet_train_loss-eps-converted-to.pdf>
Package pdftex.def Info: simulation/fig2/cifar10_resnet_train_loss-eps-converte
d-to.pdf  used on input line 612.
(pdftex.def)             Requested size: 151.76744pt x 113.82515pt.
Package epstopdf Info: Source file: <simulation/fig2/cifar100_resnet_train_loss
.eps>
(epstopdf)                    date: 2020-11-02 16:47:58
(epstopdf)                    size: 48679 bytes
(epstopdf)             Output file: <simulation/fig2/cifar100_resnet_train_loss
-eps-converted-to.pdf>
(epstopdf)                    date: 2020-11-02 19:18:03
(epstopdf)                    size: 22605 bytes
(epstopdf)             Command: <repstopdf --outfile=simulation/fig2/cifar100_r
esnet_train_loss-eps-converted-to.pdf simulation/fig2/cifar100_resnet_train_los
s.eps>
(epstopdf)             \includegraphics on input line 612.
Package epstopdf Info: Output file is already uptodate.
<simulation/fig2/cifar100_resnet_train_loss-eps-converted-to.pdf, id=425, 421.5
75pt x 316.18124pt>
File: simulation/fig2/cifar100_resnet_train_loss-eps-converted-to.pdf Graphic f
ile (type pdf)
<use simulation/fig2/cifar100_resnet_train_loss-eps-converted-to.pdf>
Package pdftex.def Info: simulation/fig2/cifar100_resnet_train_loss-eps-convert
ed-to.pdf  used on input line 612.
(pdftex.def)             Requested size: 151.76744pt x 113.82515pt.
 [9pdfTeX warning (ext4): destination with the same identifier (name{figure.3})
 has been already used, duplicate ignored

\AtBegShi@Output ...ipout \box \AtBeginShipoutBox 
                                                  \fi \fi 
l.623 
       <./simulation/fig2/M_rand_train_loss_no1-eps-converted-to.pdf> <./simula
tion/fig2/M_image_train_loss_no1-eps-converted-to.pdf> <./simulation/fig2/cifar
_cnn_train_loss_no1-eps-converted-to.pdf> <./simulation/fig2/imdb_lstm_train_lo
ss_no1-eps-converted-to.pdf> <./simulation/fig2/cifar10_resnet_train_loss-eps-c
onverted-to.pdf> <./simulation/fig2/cifar100_resnet_train_loss-eps-converted-to
.pdf>]
Package epstopdf Info: Source file: <new_figure/new_mnist_img_figure/mnist_img_
train_loss_disz_2.eps>
(epstopdf)                    date: 2020-11-02 16:48:02
(epstopdf)                    size: 45231 bytes
(epstopdf)             Output file: <new_figure/new_mnist_img_figure/mnist_img_
train_loss_disz_2-eps-converted-to.pdf>
(epstopdf)                    date: 2020-11-02 19:18:04
(epstopdf)                    size: 21656 bytes
(epstopdf)             Command: <repstopdf --outfile=new_figure/new_mnist_img_f
igure/mnist_img_train_loss_disz_2-eps-converted-to.pdf new_figure/new_mnist_img
_figure/mnist_img_train_loss_disz_2.eps>
(epstopdf)             \includegraphics on input line 631.
Package epstopdf Info: Output file is already uptodate.
<new_figure/new_mnist_img_figure/mnist_img_train_loss_disz_2-eps-converted-to.p
df, id=485, 421.575pt x 316.18124pt>
File: new_figure/new_mnist_img_figure/mnist_img_train_loss_disz_2-eps-converted
-to.pdf Graphic file (type pdf)
<use new_figure/new_mnist_img_figure/mnist_img_train_loss_disz_2-eps-converted-
to.pdf>
Package pdftex.def Info: new_figure/new_mnist_img_figure/mnist_img_train_loss_d
isz_2-eps-converted-to.pdf  used on input line 631.
(pdftex.def)             Requested size: 151.76744pt x 113.82515pt.
Package epstopdf Info: Source file: <new_figure/new_mnist_img_figure/mnist_img_
train_acc_disz_2.eps>
(epstopdf)                    date: 2020-11-02 16:48:02
(epstopdf)                    size: 45671 bytes
(epstopdf)             Output file: <new_figure/new_mnist_img_figure/mnist_img_
train_acc_disz_2-eps-converted-to.pdf>
(epstopdf)                    date: 2020-11-02 19:18:05
(epstopdf)                    size: 22129 bytes
(epstopdf)             Command: <repstopdf --outfile=new_figure/new_mnist_img_f
igure/mnist_img_train_acc_disz_2-eps-converted-to.pdf new_figure/new_mnist_img_
figure/mnist_img_train_acc_disz_2.eps>
(epstopdf)             \includegraphics on input line 631.
Package epstopdf Info: Output file is already uptodate.
<new_figure/new_mnist_img_figure/mnist_img_train_acc_disz_2-eps-converted-to.pd
f, id=486, 421.575pt x 316.18124pt>
File: new_figure/new_mnist_img_figure/mnist_img_train_acc_disz_2-eps-converted-
to.pdf Graphic file (type pdf)
<use new_figure/new_mnist_img_figure/mnist_img_train_acc_disz_2-eps-converted-t
o.pdf>
Package pdftex.def Info: new_figure/new_mnist_img_figure/mnist_img_train_acc_di
sz_2-eps-converted-to.pdf  used on input line 631.
(pdftex.def)             Requested size: 151.76744pt x 113.82515pt.
Package epstopdf Info: Source file: <new_figure/mnist_img_test_loss_disz.eps>
(epstopdf)                    date: 2020-11-02 16:48:02
(epstopdf)                    size: 69735 bytes
(epstopdf)             Output file: <new_figure/mnist_img_test_loss_disz-eps-co
nverted-to.pdf>
(epstopdf)                    date: 2020-11-02 19:18:05
(epstopdf)                    size: 68426 bytes
(epstopdf)             Command: <repstopdf --outfile=new_figure/mnist_img_test_
loss_disz-eps-converted-to.pdf new_figure/mnist_img_test_loss_disz.eps>
(epstopdf)             \includegraphics on input line 631.
Package epstopdf Info: Output file is already uptodate.
<new_figure/mnist_img_test_loss_disz-eps-converted-to.pdf, id=487, 421.575pt x 
316.18124pt>
File: new_figure/mnist_img_test_loss_disz-eps-converted-to.pdf Graphic file (ty
pe pdf)
<use new_figure/mnist_img_test_loss_disz-eps-converted-to.pdf>
Package pdftex.def Info: new_figure/mnist_img_test_loss_disz-eps-converted-to.p
df  used on input line 631.
(pdftex.def)             Requested size: 151.76744pt x 113.82515pt.
Package epstopdf Info: Source file: <new_figure/mnist_img_test_acc_disz.eps>
(epstopdf)                    date: 2020-11-02 16:48:02
(epstopdf)                    size: 48966 bytes
(epstopdf)             Output file: <new_figure/mnist_img_test_acc_disz-eps-con
verted-to.pdf>
(epstopdf)                    date: 2020-11-02 19:18:06
(epstopdf)                    size: 22498 bytes
(epstopdf)             Command: <repstopdf --outfile=new_figure/mnist_img_test_
acc_disz-eps-converted-to.pdf new_figure/mnist_img_test_acc_disz.eps>
(epstopdf)             \includegraphics on input line 637.
Package epstopdf Info: Output file is already uptodate.
<new_figure/mnist_img_test_acc_disz-eps-converted-to.pdf, id=488, 421.575pt x 3
16.18124pt>
File: new_figure/mnist_img_test_acc_disz-eps-converted-to.pdf Graphic file (typ
e pdf)
<use new_figure/mnist_img_test_acc_disz-eps-converted-to.pdf>
Package pdftex.def Info: new_figure/mnist_img_test_acc_disz-eps-converted-to.pd
f  used on input line 637.
(pdftex.def)             Requested size: 151.76744pt x 113.82515pt.
Package epstopdf Info: Source file: <new_figure/cifar10_train_loss_disz.eps>
(epstopdf)                    date: 2020-11-02 16:48:02
(epstopdf)                    size: 49413 bytes
(epstopdf)             Output file: <new_figure/cifar10_train_loss_disz-eps-con
verted-to.pdf>
(epstopdf)                    date: 2020-11-02 19:18:06
(epstopdf)                    size: 23151 bytes
(epstopdf)             Command: <repstopdf --outfile=new_figure/cifar10_train_l
oss_disz-eps-converted-to.pdf new_figure/cifar10_train_loss_disz.eps>
(epstopdf)             \includegraphics on input line 637.
Package epstopdf Info: Output file is already uptodate.
<new_figure/cifar10_train_loss_disz-eps-converted-to.pdf, id=489, 421.575pt x 3
16.18124pt>
File: new_figure/cifar10_train_loss_disz-eps-converted-to.pdf Graphic file (typ
e pdf)
<use new_figure/cifar10_train_loss_disz-eps-converted-to.pdf>
Package pdftex.def Info: new_figure/cifar10_train_loss_disz-eps-converted-to.pd
f  used on input line 637.
(pdftex.def)             Requested size: 151.76744pt x 113.82515pt.
Package epstopdf Info: Source file: <new_figure/cifar10_train_acc_disz.eps>
(epstopdf)                    date: 2020-11-02 16:48:02
(epstopdf)                    size: 49353 bytes
(epstopdf)             Output file: <new_figure/cifar10_train_acc_disz-eps-conv
erted-to.pdf>
(epstopdf)                    date: 2020-11-02 19:18:07
(epstopdf)                    size: 23599 bytes
(epstopdf)             Command: <repstopdf --outfile=new_figure/cifar10_train_a
cc_disz-eps-converted-to.pdf new_figure/cifar10_train_acc_disz.eps>
(epstopdf)             \includegraphics on input line 637.
Package epstopdf Info: Output file is already uptodate.
<new_figure/cifar10_train_acc_disz-eps-converted-to.pdf, id=490, 421.575pt x 31
6.18124pt>
File: new_figure/cifar10_train_acc_disz-eps-converted-to.pdf Graphic file (type
 pdf)
<use new_figure/cifar10_train_acc_disz-eps-converted-to.pdf>
Package pdftex.def Info: new_figure/cifar10_train_acc_disz-eps-converted-to.pdf
  used on input line 637.
(pdftex.def)             Requested size: 151.76744pt x 113.82515pt.
Package epstopdf Info: Source file: <new_figure/cifar10_test_loss_disz.eps>
(epstopdf)                    date: 2020-11-02 16:48:02
(epstopdf)                    size: 94009 bytes
(epstopdf)             Output file: <new_figure/cifar10_test_loss_disz-eps-conv
erted-to.pdf>
(epstopdf)                    date: 2020-11-02 19:18:08
(epstopdf)                    size: 92661 bytes
(epstopdf)             Command: <repstopdf --outfile=new_figure/cifar10_test_lo
ss_disz-eps-converted-to.pdf new_figure/cifar10_test_loss_disz.eps>
(epstopdf)             \includegraphics on input line 643.
Package epstopdf Info: Output file is already uptodate.
<new_figure/cifar10_test_loss_disz-eps-converted-to.pdf, id=491, 421.575pt x 31
6.18124pt>
File: new_figure/cifar10_test_loss_disz-eps-converted-to.pdf Graphic file (type
 pdf)
<use new_figure/cifar10_test_loss_disz-eps-converted-to.pdf>
Package pdftex.def Info: new_figure/cifar10_test_loss_disz-eps-converted-to.pdf
  used on input line 643.
(pdftex.def)             Requested size: 151.76744pt x 113.82515pt.
Package epstopdf Info: Source file: <new_figure/cifar10_test_acc_disz.eps>
(epstopdf)                    date: 2020-11-02 16:48:00
(epstopdf)                    size: 49397 bytes
(epstopdf)             Output file: <new_figure/cifar10_test_acc_disz-eps-conve
rted-to.pdf>
(epstopdf)                    date: 2020-11-02 19:18:08
(epstopdf)                    size: 23935 bytes
(epstopdf)             Command: <repstopdf --outfile=new_figure/cifar10_test_ac
c_disz-eps-converted-to.pdf new_figure/cifar10_test_acc_disz.eps>
(epstopdf)             \includegraphics on input line 643.
Package epstopdf Info: Output file is already uptodate.
<new_figure/cifar10_test_acc_disz-eps-converted-to.pdf, id=492, 421.575pt x 316
.18124pt>
File: new_figure/cifar10_test_acc_disz-eps-converted-to.pdf Graphic file (type 
pdf)
<use new_figure/cifar10_test_acc_disz-eps-converted-to.pdf>
Package pdftex.def Info: new_figure/cifar10_test_acc_disz-eps-converted-to.pdf 
 used on input line 643.
(pdftex.def)             Requested size: 151.76744pt x 113.82515pt.
Package epstopdf Info: Source file: <new_figure/cifar100_train_loss_disz.eps>
(epstopdf)                    date: 2020-11-02 16:48:00
(epstopdf)                    size: 49635 bytes
(epstopdf)             Output file: <new_figure/cifar100_train_loss_disz-eps-co
nverted-to.pdf>
(epstopdf)                    date: 2020-11-02 19:27:53
(epstopdf)                    size: 23121 bytes
(epstopdf)             Command: <repstopdf --outfile=new_figure/cifar100_train_
loss_disz-eps-converted-to.pdf new_figure/cifar100_train_loss_disz.eps>
(epstopdf)             \includegraphics on input line 643.
Package epstopdf Info: Output file is already uptodate.
<new_figure/cifar100_train_loss_disz-eps-converted-to.pdf, id=493, 421.575pt x 
316.18124pt>
File: new_figure/cifar100_train_loss_disz-eps-converted-to.pdf Graphic file (ty
pe pdf)
<use new_figure/cifar100_train_loss_disz-eps-converted-to.pdf>
Package pdftex.def Info: new_figure/cifar100_train_loss_disz-eps-converted-to.p
df  used on input line 643.
(pdftex.def)             Requested size: 151.76744pt x 113.82515pt.
Package epstopdf Info: Source file: <new_figure/cifar100_train_acc_disz.eps>
(epstopdf)                    date: 2020-11-02 16:48:00
(epstopdf)                    size: 50190 bytes
(epstopdf)             Output file: <new_figure/cifar100_train_acc_disz-eps-con
verted-to.pdf>
(epstopdf)                    date: 2020-11-02 19:18:10
(epstopdf)                    size: 23485 bytes
(epstopdf)             Command: <repstopdf --outfile=new_figure/cifar100_train_
acc_disz-eps-converted-to.pdf new_figure/cifar100_train_acc_disz.eps>
(epstopdf)             \includegraphics on input line 648.
Package epstopdf Info: Output file is already uptodate.
<new_figure/cifar100_train_acc_disz-eps-converted-to.pdf, id=494, 421.575pt x 3
16.18124pt>
File: new_figure/cifar100_train_acc_disz-eps-converted-to.pdf Graphic file (typ
e pdf)
<use new_figure/cifar100_train_acc_disz-eps-converted-to.pdf>
Package pdftex.def Info: new_figure/cifar100_train_acc_disz-eps-converted-to.pd
f  used on input line 648.
(pdftex.def)             Requested size: 151.76744pt x 113.82515pt.
Package epstopdf Info: Source file: <new_figure/cifar100_test_loss_disz.eps>
(epstopdf)                    date: 2020-11-02 16:48:00
(epstopdf)                    size: 48935 bytes
(epstopdf)             Output file: <new_figure/cifar100_test_loss_disz-eps-con
verted-to.pdf>
(epstopdf)                    date: 2020-11-02 19:18:10
(epstopdf)                    size: 22862 bytes
(epstopdf)             Command: <repstopdf --outfile=new_figure/cifar100_test_l
oss_disz-eps-converted-to.pdf new_figure/cifar100_test_loss_disz.eps>
(epstopdf)             \includegraphics on input line 648.
Package epstopdf Info: Output file is already uptodate.
<new_figure/cifar100_test_loss_disz-eps-converted-to.pdf, id=495, 421.575pt x 3
16.18124pt>
File: new_figure/cifar100_test_loss_disz-eps-converted-to.pdf Graphic file (typ
e pdf)
<use new_figure/cifar100_test_loss_disz-eps-converted-to.pdf>
Package pdftex.def Info: new_figure/cifar100_test_loss_disz-eps-converted-to.pd
f  used on input line 648.
(pdftex.def)             Requested size: 151.76744pt x 113.82515pt.
Package epstopdf Info: Source file: <new_figure/cifar100_test_acc_disz.eps>
(epstopdf)                    date: 2020-11-02 16:48:00
(epstopdf)                    size: 49692 bytes
(epstopdf)             Output file: <new_figure/cifar100_test_acc_disz-eps-conv
erted-to.pdf>
(epstopdf)                    date: 2020-11-02 19:18:11
(epstopdf)                    size: 23517 bytes
(epstopdf)             Command: <repstopdf --outfile=new_figure/cifar100_test_a
cc_disz-eps-converted-to.pdf new_figure/cifar100_test_acc_disz.eps>
(epstopdf)             \includegraphics on input line 648.
Package epstopdf Info: Output file is already uptodate.
<new_figure/cifar100_test_acc_disz-eps-converted-to.pdf, id=496, 421.575pt x 31
6.18124pt>
File: new_figure/cifar100_test_acc_disz-eps-converted-to.pdf Graphic file (type
 pdf)
<use new_figure/cifar100_test_acc_disz-eps-converted-to.pdf>
Package pdftex.def Info: new_figure/cifar100_test_acc_disz-eps-converted-to.pdf
  used on input line 648.
(pdftex.def)             Requested size: 151.76744pt x 113.82515pt.
 [10pdfTeX warning (ext4): destination with the same identifier (name{figure.4}
) has been already used, duplicate ignored

\AtBegShi@Output ...ipout \box \AtBeginShipoutBox 
                                                  \fi \fi 
l.655 \newpage
               <./new_figure/new_mnist_img_figure/mnist_img_train_loss_disz_2-e
ps-converted-to.pdf> <./new_figure/new_mnist_img_figure/mnist_img_train_acc_dis
z_2-eps-converted-to.pdf> <./new_figure/mnist_img_test_loss_disz-eps-converted-
to.pdf> <./new_figure/mnist_img_test_acc_disz-eps-converted-to.pdf> <./new_figu
re/cifar10_train_loss_disz-eps-converted-to.pdf> <./new_figure/cifar10_train_ac
c_disz-eps-converted-to.pdf> <./new_figure/cifar10_test_loss_disz-eps-converted
-to.pdf> <./new_figure/cifar10_test_acc_disz-eps-converted-to.pdf> <./new_figur
e/cifar100_train_loss_disz-eps-converted-to.pdf> <./new_figure/cifar100_train_a
cc_disz-eps-converted-to.pdf> <./new_figure/cifar100_test_loss_disz-eps-convert
ed-to.pdf> <./new_figure/cifar100_test_acc_disz-eps-converted-to.pdf>]

Package hyperref Warning: Token not allowed in a PDF string (PDFDocEncoding):
(hyperref)                removing `math shift' on input line 657.


Package hyperref Warning: Token not allowed in a PDF string (PDFDocEncoding):
(hyperref)                removing `math shift' on input line 657.

Package epstopdf Info: Source file: <new_figure/new_mnist_img_figure/mnist_img_
train_loss_r3510_2.eps>
(epstopdf)                    date: 2020-11-02 16:48:02
(epstopdf)                    size: 56418 bytes
(epstopdf)             Output file: <new_figure/new_mnist_img_figure/mnist_img_
train_loss_r3510_2-eps-converted-to.pdf>
(epstopdf)                    date: 2020-11-02 19:18:11
(epstopdf)                    size: 30506 bytes
(epstopdf)             Command: <repstopdf --outfile=new_figure/new_mnist_img_f
igure/mnist_img_train_loss_r3510_2-eps-converted-to.pdf new_figure/new_mnist_im
g_figure/mnist_img_train_loss_r3510_2.eps>
(epstopdf)             \includegraphics on input line 674.
Package epstopdf Info: Output file is already uptodate.
<new_figure/new_mnist_img_figure/mnist_img_train_loss_r3510_2-eps-converted-to.
pdf, id=591, 421.575pt x 316.18124pt>
File: new_figure/new_mnist_img_figure/mnist_img_train_loss_r3510_2-eps-converte
d-to.pdf Graphic file (type pdf)
<use new_figure/new_mnist_img_figure/mnist_img_train_loss_r3510_2-eps-converted
-to.pdf>
Package pdftex.def Info: new_figure/new_mnist_img_figure/mnist_img_train_loss_r
3510_2-eps-converted-to.pdf  used on input line 674.
(pdftex.def)             Requested size: 151.76744pt x 113.82515pt.
Package epstopdf Info: Source file: <new_figure/cifar10_train_loss_r3510.eps>
(epstopdf)                    date: 2020-11-02 16:48:02
(epstopdf)                    size: 60897 bytes
(epstopdf)             Output file: <new_figure/cifar10_train_loss_r3510-eps-co
nverted-to.pdf>
(epstopdf)                    date: 2020-11-02 19:18:12
(epstopdf)                    size: 32490 bytes
(epstopdf)             Command: <repstopdf --outfile=new_figure/cifar10_train_l
oss_r3510-eps-converted-to.pdf new_figure/cifar10_train_loss_r3510.eps>
(epstopdf)             \includegraphics on input line 674.
Package epstopdf Info: Output file is already uptodate.
<new_figure/cifar10_train_loss_r3510-eps-converted-to.pdf, id=592, 421.575pt x 
316.18124pt>
File: new_figure/cifar10_train_loss_r3510-eps-converted-to.pdf Graphic file (ty
pe pdf)
<use new_figure/cifar10_train_loss_r3510-eps-converted-to.pdf>
Package pdftex.def Info: new_figure/cifar10_train_loss_r3510-eps-converted-to.p
df  used on input line 674.
(pdftex.def)             Requested size: 151.76744pt x 113.82515pt.
[11pdfTeX warning (ext4): destination with the same identifier (name{figure.5})
 has been already used, duplicate ignored

\AtBegShi@Output ...ipout \box \AtBeginShipoutBox 
                                                  \fi \fi 
l.691 \newpage
              \clearpage <./new_figure/new_mnist_img_figure/mnist_img_train_los
s_r3510_2-eps-converted-to.pdf> <./new_figure/cifar10_train_loss_r3510-eps-conv
erted-to.pdf>] (./arxiv.bbl [12

] [13]) [14]
Package epstopdf Info: Source file: <simulation/fig/fig1_left.eps>
(epstopdf)                    date: 2020-11-02 16:47:58
(epstopdf)                    size: 26296 bytes
(epstopdf)             Output file: <simulation/fig/fig1_left-eps-converted-to.
pdf>
(epstopdf)                    date: 2020-11-02 19:18:13
(epstopdf)                    size: 8032 bytes
(epstopdf)             Command: <repstopdf --outfile=simulation/fig/fig1_left-e
ps-converted-to.pdf simulation/fig/fig1_left.eps>
(epstopdf)             \includegraphics on input line 737.
Package epstopdf Info: Output file is already uptodate.
<simulation/fig/fig1_left-eps-converted-to.pdf, id=632, 421.575pt x 316.18124pt
>
File: simulation/fig/fig1_left-eps-converted-to.pdf Graphic file (type pdf)
<use simulation/fig/fig1_left-eps-converted-to.pdf>
Package pdftex.def Info: simulation/fig/fig1_left-eps-converted-to.pdf  used on
 input line 737.
(pdftex.def)             Requested size: 122.85876pt x 92.1437pt.
Package epstopdf Info: Source file: <simulation/fig/fig1_right.eps>
(epstopdf)                    date: 2020-11-02 16:47:58
(epstopdf)                    size: 21667 bytes
(epstopdf)             Output file: <simulation/fig/fig1_right-eps-converted-to
.pdf>
(epstopdf)                    date: 2020-11-02 19:18:13
(epstopdf)                    size: 7229 bytes
(epstopdf)             Command: <repstopdf --outfile=simulation/fig/fig1_right-
eps-converted-to.pdf simulation/fig/fig1_right.eps>
(epstopdf)             \includegraphics on input line 737.
Package epstopdf Info: Output file is already uptodate.
<simulation/fig/fig1_right-eps-converted-to.pdf, id=633, 421.575pt x 316.18124p
t>
File: simulation/fig/fig1_right-eps-converted-to.pdf Graphic file (type pdf)
<use simulation/fig/fig1_right-eps-converted-to.pdf>
Package pdftex.def Info: simulation/fig/fig1_right-eps-converted-to.pdf  used o
n input line 737.
(pdftex.def)             Requested size: 122.85876pt x 92.1437pt.
Package epstopdf Info: Source file: <simulation/fig/fig2_left.eps>
(epstopdf)                    date: 2020-11-02 16:47:58
(epstopdf)                    size: 31784 bytes
(epstopdf)             Output file: <simulation/fig/fig2_left-eps-converted-to.
pdf>
(epstopdf)                    date: 2020-11-02 19:18:14
(epstopdf)                    size: 8890 bytes
(epstopdf)             Command: <repstopdf --outfile=simulation/fig/fig2_left-e
ps-converted-to.pdf simulation/fig/fig2_left.eps>
(epstopdf)             \includegraphics on input line 737.
Package epstopdf Info: Output file is already uptodate.
<simulation/fig/fig2_left-eps-converted-to.pdf, id=634, 421.575pt x 316.18124pt
>
File: simulation/fig/fig2_left-eps-converted-to.pdf Graphic file (type pdf)
<use simulation/fig/fig2_left-eps-converted-to.pdf>
Package pdftex.def Info: simulation/fig/fig2_left-eps-converted-to.pdf  used on
 input line 737.
(pdftex.def)             Requested size: 122.85876pt x 92.1437pt.
Package epstopdf Info: Source file: <simulation/fig/fig2_right.eps>
(epstopdf)                    date: 2020-11-02 16:47:58
(epstopdf)                    size: 24890 bytes
(epstopdf)             Output file: <simulation/fig/fig2_right-eps-converted-to
.pdf>
(epstopdf)                    date: 2020-11-02 19:18:15
(epstopdf)                    size: 7292 bytes
(epstopdf)             Command: <repstopdf --outfile=simulation/fig/fig2_right-
eps-converted-to.pdf simulation/fig/fig2_right.eps>
(epstopdf)             \includegraphics on input line 737.
Package epstopdf Info: Output file is already uptodate.
<simulation/fig/fig2_right-eps-converted-to.pdf, id=635, 421.575pt x 316.18124p
t>
File: simulation/fig/fig2_right-eps-converted-to.pdf Graphic file (type pdf)
<use simulation/fig/fig2_right-eps-converted-to.pdf>
Package pdftex.def Info: simulation/fig/fig2_right-eps-converted-to.pdf  used o
n input line 737.
(pdftex.def)             Requested size: 122.85876pt x 92.1437pt.

Overfull \hbox (14.42458pt too wide) in paragraph at lines 737--738
 [] 
 []

[15

pdfTeX warning (ext4): destination with the same identifier (name{figure.6}) ha
s been already used, duplicate ignored

\AtBegShi@Output ...ipout \box \AtBeginShipoutBox 
                                                  \fi \fi 
l.777 \end{equation}
                     <./simulation/fig/fig1_left-eps-converted-to.pdf> <./simul
ation/fig/fig1_right-eps-converted-to.pdf> <./simulation/fig/fig2_left-eps-conv
erted-to.pdf> <./simulation/fig/fig2_right-eps-converted-to.pdf>] [16pdfTeX war
ning (ext4): destination with the same identifier (name{equation.B.6}) has been
 already used, duplicate ignored

\AtBegShi@Output ...ipout \box \AtBeginShipoutBox 
                                                  \fi \fi 
l.843 \end{equation}
                    pdfTeX warning (ext4): destination with the same identifier
 (name{equation.B.6}) has been already used, duplicate ignored

\AtBegShi@Output ...ipout \box \AtBeginShipoutBox 
                                                  \fi \fi 
l.843 \end{equation}
                    ] [17pdfTeX warning (ext4): destination with the same ident
ifier (name{equation.B.12}) has been already used, duplicate ignored

\AtBegShi@Output ...ipout \box \AtBeginShipoutBox 
                                                  \fi \fi 
l.903 \end{align*}
                  pdfTeX warning (ext4): destination with the same identifier (
name{equation.C.15}) has been already used, duplicate ignored

\AtBegShi@Output ...ipout \box \AtBeginShipoutBox 
                                                  \fi \fi 
l.903 \end{align*}
                  ] [18pdfTeX warning (ext4): destination with the same identif
ier (name{equation.D.16}) has been already used, duplicate ignored

\AtBegShi@Output ...ipout \box \AtBeginShipoutBox 
                                                  \fi \fi 
l.953 \eeq
          pdfTeX warning (ext4): destination with the same identifier (name{equ
ation.D.16}) has been already used, duplicate ignored

\AtBegShi@Output ...ipout \box \AtBeginShipoutBox 
                                                  \fi \fi 
l.953 \eeq
          ]pdfTeX warning (ext4): destination with the same identifier (name{eq
uation.D.16}) has been already used, duplicate ignored
<to be read again> 
                   \relax 
l.958 \beq
          \notagpdfTeX warning (ext4): destination with the same identifier (na
me{equation.D.16}) has been already used, duplicate ignored
<to be read again> 
                   \relax 
l.968 \beq
          \notagpdfTeX warning (ext4): destination with the same identifier (na
me{equation.D.16}) has been already used, duplicate ignored
<to be read again> 
                   \relax 
l.977 \beq
          \notagpdfTeX warning (ext4): destination with the same identifier (na
me{equation.D.16}) has been already used, duplicate ignored
<to be read again> 
                   \relax 
l.998 \beq
          \notagpdfTeX warning (ext4): destination with the same identifier (na
me{equation.D.16}) has been already used, duplicate ignored
<to be read again> 
                   \relax 
l.1004 \beq
           \notag [19pdfTeX warning (ext4): destination with the same identifie
r (name{equation.D.16}) has been already used, duplicate ignored

\AtBegShi@Output ...ipout \box \AtBeginShipoutBox 
                                                  \fi \fi 
l.1049 \eeq
           ] [20pdfTeX warning (ext4): destination with the same identifier (na
me{equation.E.16}) has been already used, duplicate ignored

\AtBegShi@Output ...ipout \box \AtBeginShipoutBox 
                                                  \fi \fi 
l.1124  \eeq
            pdfTeX warning (ext4): destination with the same identifier (name{e
quation.E.17}) has been already used, duplicate ignored

\AtBegShi@Output ...ipout \box \AtBeginShipoutBox 
                                                  \fi \fi 
l.1124  \eeq
            ] [21pdfTeX warning (ext4): destination with the same identifier (n
ame{equation.E.22}) has been already used, duplicate ignored

\AtBegShi@Output ...ipout \box \AtBeginShipoutBox 
                                                  \fi \fi 
l.1181 \eeq
           pdfTeX warning (ext4): destination with the same identifier (name{eq
uation.E.23}) has been already used, duplicate ignored

\AtBegShi@Output ...ipout \box \AtBeginShipoutBox 
                                                  \fi \fi 
l.1181 \eeq
           ]pdfTeX warning (ext4): destination with the same identifier (name{e
quation.E.25}) has been already used, duplicate ignored
<to be read again> 
                   \relax 
l.1184 \beq
           \label{eq:bound1} [22pdfTeX warning (ext4): destination with the sam
e identifier (name{equation.E.25}) has been already used, duplicate ignored

\AtBegShi@Output ...ipout \box \AtBeginShipoutBox 
                                                  \fi \fi 
l.1239 \eeq
           pdfTeX warning (ext4): destination with the same identifier (name{eq
uation.E.26}) has been already used, duplicate ignored

\AtBegShi@Output ...ipout \box \AtBeginShipoutBox 
                                                  \fi \fi 
l.1239 \eeq
           pdfTeX warning (ext4): destination with the same identifier (name{eq
uation.E.26}) has been already used, duplicate ignored

\AtBegShi@Output ...ipout \box \AtBeginShipoutBox 
                                                  \fi \fi 
l.1239 \eeq
           ]pdfTeX warning (ext4): destination with the same identifier (name{e
quation.E.26}) has been already used, duplicate ignored
<to be read again> 
                   \relax 
l.1241 \beq
           \notagpdfTeX warning (ext4): destination with the same identifier (n
ame{equation.E.26}) has been already used, duplicate ignored
<to be read again> 
                   \relax 
l.1249 \beq
           \notagpdfTeX warning (ext4): destination with the same identifier (n
ame{equation.E.26}) has been already used, duplicate ignored
<to be read again> 
                   \relax 
l.1253 \beq
           \notagpdfTeX warning (ext4): destination with the same identifier (n
ame{equation.E.26}) has been already used, duplicate ignored
<to be read again> 
                   \relax 
l.1259 \beq
            \notag [23pdfTeX warning (ext4): destination with the same identifi
er (name{equation.E.26}) has been already used, duplicate ignored

\AtBegShi@Output ...ipout \box \AtBeginShipoutBox 
                                                  \fi \fi 
l.1268 \newpage
               ] [24pdfTeX warning (ext4): destination with the same identifier
 (name{equation.F.28}) has been already used, duplicate ignored

\AtBegShi@Output ...ipout \box \AtBeginShipoutBox 
                                                  \fi \fi 
l.1347 N
        ow that we have shown this boundedness property for the last layer $...
pdfTeX warning (ext4): destination with the same identifier (name{equation.F.28
}) has been already used, duplicate ignored

\AtBegShi@Output ...ipout \box \AtBeginShipoutBox 
                                                  \fi \fi 
l.1347 N
        ow that we have shown this boundedness property for the last layer $...
]
Package atveryend Info: Empty hook `BeforeClearDocument' on input line 1370.
 [25]
Package atveryend Info: Empty hook `AfterLastShipout' on input line 1370.
 (./arxiv.aux)
Package atveryend Info: Executing hook `AtVeryEndDocument' on input line 1370.
Package atveryend Info: Executing hook `AtEndAfterFileList' on input line 1370.

Package rerunfilecheck Info: File `arxiv.out' has not changed.
(rerunfilecheck)             Checksum: 25291ED824AAAAB66194BD3A85D5846E;1307.


LaTeX Font Warning: Size substitutions with differences
(Font)              up to 0.5pt have occurred.


LaTeX Font Warning: Some font shapes were not available, defaults substituted.

Package atveryend Info: Empty hook `AtVeryVeryEnd' on input line 1370.
 ) 
Here is how much of TeX's memory you used:
 8436 strings out of 492649
 126257 string characters out of 6129622
 238182 words of memory out of 5000000
 11942 multiletter control sequences out of 15000+600000
 27101 words of font info for 103 fonts, out of 8000000 for 9000
 1141 hyphenation exceptions out of 8191
 30i,23n,37p,1088b,549s stack positions out of 5000i,500n,10000p,200000b,80000s
</usr/local/texlive/2018/texmf-dist/fonts/type1/public/amsfonts/cm/cmbx10.pfb
></usr/local/texlive/2018/texmf-dist/fonts/type1/public/amsfonts/cm/cmbx12.pfb>
</usr/local/texlive/2018/texmf-dist/fonts/type1/public/amsfonts/cm/cmbx9.pfb></
usr/local/texlive/2018/texmf-dist/fonts/type1/public/amsfonts/cm/cmcsc10.pfb></
usr/local/texlive/2018/texmf-dist/fonts/type1/public/amsfonts/cm/cmex10.pfb></u
sr/local/texlive/2018/texmf-dist/fonts/type1/public/amsfonts/cm/cmmi10.pfb></us
r/local/texlive/2018/texmf-dist/fonts/type1/public/amsfonts/cm/cmmi12.pfb></usr
/local/texlive/2018/texmf-dist/fonts/type1/public/amsfonts/cm/cmmi5.pfb></usr/l
ocal/texlive/2018/texmf-dist/fonts/type1/public/amsfonts/cm/cmmi6.pfb></usr/loc
al/texlive/2018/texmf-dist/fonts/type1/public/amsfonts/cm/cmmi7.pfb></usr/local
/texlive/2018/texmf-dist/fonts/type1/public/amsfonts/cm/cmmi8.pfb></usr/local/t
exlive/2018/texmf-dist/fonts/type1/public/amsfonts/cm/cmmi9.pfb></usr/local/tex
live/2018/texmf-dist/fonts/type1/public/amsfonts/cm/cmr10.pfb></usr/local/texli
ve/2018/texmf-dist/fonts/type1/public/amsfonts/cm/cmr12.pfb></usr/local/texlive
/2018/texmf-dist/fonts/type1/public/amsfonts/cm/cmr17.pfb></usr/local/texlive/2
018/texmf-dist/fonts/type1/public/amsfonts/cm/cmr5.pfb></usr/local/texlive/2018
/texmf-dist/fonts/type1/public/amsfonts/cm/cmr6.pfb></usr/local/texlive/2018/te
xmf-dist/fonts/type1/public/amsfonts/cm/cmr7.pfb></usr/local/texlive/2018/texmf
-dist/fonts/type1/public/amsfonts/cm/cmr8.pfb></usr/local/texlive/2018/texmf-di
st/fonts/type1/public/amsfonts/cm/cmr9.pfb></usr/local/texlive/2018/texmf-dist/
fonts/type1/public/amsfonts/cm/cmss10.pfb></usr/local/texlive/2018/texmf-dist/f
onts/type1/public/amsfonts/cm/cmss8.pfb></usr/local/texlive/2018/texmf-dist/fon
ts/type1/public/amsfonts/cm/cmss9.pfb></usr/local/texlive/2018/texmf-dist/fonts
/type1/public/amsfonts/cm/cmsy10.pfb></usr/local/texlive/2018/texmf-dist/fonts/
type1/public/amsfonts/cm/cmsy5.pfb></usr/local/texlive/2018/texmf-dist/fonts/ty
pe1/public/amsfonts/cm/cmsy6.pfb></usr/local/texlive/2018/texmf-dist/fonts/type
1/public/amsfonts/cm/cmsy7.pfb></usr/local/texlive/2018/texmf-dist/fonts/type1/
public/amsfonts/cm/cmsy8.pfb></usr/local/texlive/2018/texmf-dist/fonts/type1/pu
blic/amsfonts/cm/cmsy9.pfb></usr/local/texlive/2018/texmf-dist/fonts/type1/publ
ic/amsfonts/cm/cmti10.pfb></usr/local/texlive/2018/texmf-dist/fonts/type1/publi
c/amsfonts/cm/cmtt10.pfb></usr/local/texlive/2018/texmf-dist/fonts/type1/public
/amsfonts/symbols/msam10.pfb></usr/local/texlive/2018/texmf-dist/fonts/type1/pu
blic/amsfonts/symbols/msbm10.pfb>
Output written on arxiv.pdf (25 pages, 1139654 bytes).
PDF statistics:
 961 PDF objects out of 1000 (max. 8388607)
 819 compressed objects within 9 object streams
 187 named destinations out of 1000 (max. 500000)
 291 words of extra memory for PDF output out of 10000 (max. 10000000)

