This is pdfTeX, Version 3.14159265-2.6-1.40.19 (TeX Live 2018) (preloaded format=pdflatex 2018.7.23)  2 NOV 2020 10:49
entering extended mode
 restricted \write18 enabled.
 file:line:error style messages enabled.
 %&-line parsing enabled.
**main.tex
(./main.tex
LaTeX2e <2018-04-01> patch level 2
Babel <3.18> and hyphenation patterns for 84 language(s) loaded.
(/usr/local/texlive/2018/texmf-dist/tex/latex/base/article.cls
Document Class: article 2014/09/29 v1.4h Standard LaTeX document class
(/usr/local/texlive/2018/texmf-dist/tex/latex/base/size10.clo
File: size10.clo 2014/09/29 v1.4h Standard LaTeX file (size option)
)
\c@part=\count80
\c@section=\count81
\c@subsection=\count82
\c@subsubsection=\count83
\c@paragraph=\count84
\c@subparagraph=\count85
\c@figure=\count86
\c@table=\count87
\abovecaptionskip=\skip41
\belowcaptionskip=\skip42
\bibindent=\dimen102
)
(/usr/local/texlive/2018/texmf-dist/tex/latex/geometry/geometry.sty
Package: geometry 2018/03/24 v5.7 Page Geometry

(/usr/local/texlive/2018/texmf-dist/tex/latex/graphics/keyval.sty
Package: keyval 2014/10/28 v1.15 key=value parser (DPC)
\KV@toks@=\toks14
)
(/usr/local/texlive/2018/texmf-dist/tex/generic/oberdiek/ifpdf.sty
Package: ifpdf 2017/03/15 v3.2 Provides the ifpdf switch
)
(/usr/local/texlive/2018/texmf-dist/tex/generic/oberdiek/ifvtex.sty
Package: ifvtex 2016/05/16 v1.6 Detect VTeX and its facilities (HO)
Package ifvtex Info: VTeX not detected.
)
(/usr/local/texlive/2018/texmf-dist/tex/generic/ifxetex/ifxetex.sty
Package: ifxetex 2010/09/12 v0.6 Provides ifxetex conditional
)
\Gm@cnth=\count88
\Gm@cntv=\count89
\c@Gm@tempcnt=\count90
\Gm@bindingoffset=\dimen103
\Gm@wd@mp=\dimen104
\Gm@odd@mp=\dimen105
\Gm@even@mp=\dimen106
\Gm@layoutwidth=\dimen107
\Gm@layoutheight=\dimen108
\Gm@layouthoffset=\dimen109
\Gm@layoutvoffset=\dimen110
\Gm@dimlist=\toks15
)
(/usr/local/texlive/2018/texmf-dist/tex/latex/natbib/natbib.sty
Package: natbib 2010/09/13 8.31b (PWD, AO)
\bibhang=\skip43
\bibsep=\skip44
LaTeX Info: Redefining \cite on input line 694.
\c@NAT@ctr=\count91
)
(/usr/local/texlive/2018/texmf-dist/tex/latex/hyperref/hyperref.sty
Package: hyperref 2018/02/06 v6.86b Hypertext links for LaTeX

(/usr/local/texlive/2018/texmf-dist/tex/generic/oberdiek/hobsub-hyperref.sty
Package: hobsub-hyperref 2016/05/16 v1.14 Bundle oberdiek, subset hyperref (HO)


(/usr/local/texlive/2018/texmf-dist/tex/generic/oberdiek/hobsub-generic.sty
Package: hobsub-generic 2016/05/16 v1.14 Bundle oberdiek, subset generic (HO)
Package: hobsub 2016/05/16 v1.14 Construct package bundles (HO)
Package: infwarerr 2016/05/16 v1.4 Providing info/warning/error messages (HO)
Package: ltxcmds 2016/05/16 v1.23 LaTeX kernel commands for general use (HO)
Package: ifluatex 2016/05/16 v1.4 Provides the ifluatex switch (HO)
Package ifluatex Info: LuaTeX not detected.
Package hobsub Info: Skipping package `ifvtex' (already loaded).
Package: intcalc 2016/05/16 v1.2 Expandable calculations with integers (HO)
Package hobsub Info: Skipping package `ifpdf' (already loaded).
Package: etexcmds 2016/05/16 v1.6 Avoid name clashes with e-TeX commands (HO)
Package etexcmds Info: Could not find \expanded.
(etexcmds)             That can mean that you are not using pdfTeX 1.50 or
(etexcmds)             that some package has redefined \expanded.
(etexcmds)             In the latter case, load this package earlier.
Package: kvsetkeys 2016/05/16 v1.17 Key value parser (HO)
Package: kvdefinekeys 2016/05/16 v1.4 Define keys (HO)
Package: pdftexcmds 2018/01/30 v0.27 Utility functions of pdfTeX for LuaTeX (HO
)
Package pdftexcmds Info: LuaTeX not detected.
Package pdftexcmds Info: \pdf@primitive is available.
Package pdftexcmds Info: \pdf@ifprimitive is available.
Package pdftexcmds Info: \pdfdraftmode found.
Package: pdfescape 2016/05/16 v1.14 Implements pdfTeX's escape features (HO)
Package: bigintcalc 2016/05/16 v1.4 Expandable calculations on big integers (HO
)
Package: bitset 2016/05/16 v1.2 Handle bit-vector datatype (HO)
Package: uniquecounter 2016/05/16 v1.3 Provide unlimited unique counter (HO)
)
Package hobsub Info: Skipping package `hobsub' (already loaded).
Package: letltxmacro 2016/05/16 v1.5 Let assignment for LaTeX macros (HO)
Package: hopatch 2016/05/16 v1.3 Wrapper for package hooks (HO)
Package: xcolor-patch 2016/05/16 xcolor patch
Package: atveryend 2016/05/16 v1.9 Hooks at the very end of document (HO)
Package atveryend Info: \enddocument detected (standard20110627).
Package: atbegshi 2016/06/09 v1.18 At begin shipout hook (HO)
Package: refcount 2016/05/16 v3.5 Data extraction from label references (HO)
Package: hycolor 2016/05/16 v1.8 Color options for hyperref/bookmark (HO)
)
(/usr/local/texlive/2018/texmf-dist/tex/latex/oberdiek/auxhook.sty
Package: auxhook 2016/05/16 v1.4 Hooks for auxiliary files (HO)
)
(/usr/local/texlive/2018/texmf-dist/tex/latex/oberdiek/kvoptions.sty
Package: kvoptions 2016/05/16 v3.12 Key value format for package options (HO)
)
\@linkdim=\dimen111
\Hy@linkcounter=\count92
\Hy@pagecounter=\count93

(/usr/local/texlive/2018/texmf-dist/tex/latex/hyperref/pd1enc.def
File: pd1enc.def 2018/02/06 v6.86b Hyperref: PDFDocEncoding definition (HO)
Now handling font encoding PD1 ...
... no UTF-8 mapping file for font encoding PD1
)
\Hy@SavedSpaceFactor=\count94

(/usr/local/texlive/2018/texmf-dist/tex/latex/latexconfig/hyperref.cfg
File: hyperref.cfg 2002/06/06 v1.2 hyperref configuration of TeXLive
)
Package hyperref Info: Option `colorlinks' set `true' on input line 4383.
Package hyperref Info: Hyper figures OFF on input line 4509.
Package hyperref Info: Link nesting OFF on input line 4514.
Package hyperref Info: Hyper index ON on input line 4517.
Package hyperref Info: Plain pages OFF on input line 4524.
Package hyperref Info: Backreferencing OFF on input line 4529.
Package hyperref Info: Implicit mode ON; LaTeX internals redefined.
Package hyperref Info: Bookmarks ON on input line 4762.
\c@Hy@tempcnt=\count95

(/usr/local/texlive/2018/texmf-dist/tex/latex/url/url.sty
\Urlmuskip=\muskip10
Package: url 2013/09/16  ver 3.4  Verb mode for urls, etc.
)
LaTeX Info: Redefining \url on input line 5115.
\XeTeXLinkMargin=\dimen112
\Fld@menulength=\count96
\Field@Width=\dimen113
\Fld@charsize=\dimen114
Package hyperref Info: Hyper figures OFF on input line 6369.
Package hyperref Info: Link nesting OFF on input line 6374.
Package hyperref Info: Hyper index ON on input line 6377.
Package hyperref Info: backreferencing OFF on input line 6384.
Package hyperref Info: Link coloring ON on input line 6387.
Package hyperref Info: Link coloring with OCG OFF on input line 6394.
Package hyperref Info: PDF/A mode OFF on input line 6399.
LaTeX Info: Redefining \ref on input line 6439.
LaTeX Info: Redefining \pageref on input line 6443.
\Hy@abspage=\count97
\c@Item=\count98
\c@Hfootnote=\count99
)
Package hyperref Info: Driver (autodetected): hpdftex.

(/usr/local/texlive/2018/texmf-dist/tex/latex/hyperref/hpdftex.def
File: hpdftex.def 2018/02/06 v6.86b Hyperref driver for pdfTeX
\Fld@listcount=\count100
\c@bookmark@seq@number=\count101

(/usr/local/texlive/2018/texmf-dist/tex/latex/oberdiek/rerunfilecheck.sty
Package: rerunfilecheck 2016/05/16 v1.8 Rerun checks for auxiliary files (HO)
Package uniquecounter Info: New unique counter `rerunfilecheck' on input line 2
82.
)
\Hy@SectionHShift=\skip45
)
(/usr/local/texlive/2018/texmf-dist/tex/latex/tools/bm.sty
Package: bm 2017/01/16 v1.2c Bold Symbol Support (DPC/FMi)
\symboldoperators=\mathgroup4
\symboldletters=\mathgroup5
\symboldsymbols=\mathgroup6
LaTeX Font Info:    Redeclaring math alphabet \mathbf on input line 141.
LaTeX Info: Redefining \bm on input line 207.
)
(/usr/local/texlive/2018/texmf-dist/tex/latex/amsmath/amsmath.sty
Package: amsmath 2017/09/02 v2.17a AMS math features
\@mathmargin=\skip46

For additional information on amsmath, use the `?' option.
(/usr/local/texlive/2018/texmf-dist/tex/latex/amsmath/amstext.sty
Package: amstext 2000/06/29 v2.01 AMS text

(/usr/local/texlive/2018/texmf-dist/tex/latex/amsmath/amsgen.sty
File: amsgen.sty 1999/11/30 v2.0 generic functions
\@emptytoks=\toks16
\ex@=\dimen115
))
(/usr/local/texlive/2018/texmf-dist/tex/latex/amsmath/amsbsy.sty
Package: amsbsy 1999/11/29 v1.2d Bold Symbols
LaTeX Info: Redefining \boldsymbol on input line 28.
\pmbraise@=\dimen116
)
(/usr/local/texlive/2018/texmf-dist/tex/latex/amsmath/amsopn.sty
Package: amsopn 2016/03/08 v2.02 operator names
)
\inf@bad=\count102
LaTeX Info: Redefining \frac on input line 213.
\uproot@=\count103
\leftroot@=\count104
LaTeX Info: Redefining \overline on input line 375.
\classnum@=\count105
\DOTSCASE@=\count106
LaTeX Info: Redefining \ldots on input line 472.
LaTeX Info: Redefining \dots on input line 475.
LaTeX Info: Redefining \cdots on input line 596.
\Mathstrutbox@=\box26
\strutbox@=\box27
\big@size=\dimen117
LaTeX Font Info:    Redeclaring font encoding OML on input line 712.
LaTeX Font Info:    Redeclaring font encoding OMS on input line 713.
\macc@depth=\count107
\c@MaxMatrixCols=\count108
\dotsspace@=\muskip11
\c@parentequation=\count109
\dspbrk@lvl=\count110
\tag@help=\toks17
\row@=\count111
\column@=\count112
\maxfields@=\count113
\andhelp@=\toks18
\eqnshift@=\dimen118
\alignsep@=\dimen119
\tagshift@=\dimen120
\tagwidth@=\dimen121
\totwidth@=\dimen122
\lineht@=\dimen123
\@envbody=\toks19
\multlinegap=\skip47
\multlinetaggap=\skip48
\mathdisplay@stack=\toks20
LaTeX Info: Redefining \[ on input line 2817.
LaTeX Info: Redefining \] on input line 2818.
)
(/usr/local/texlive/2018/texmf-dist/tex/latex/amscls/amsthm.sty
Package: amsthm 2017/10/31 v2.20.4
\thm@style=\toks21
\thm@bodyfont=\toks22
\thm@headfont=\toks23
\thm@notefont=\toks24
\thm@headpunct=\toks25
\thm@preskip=\skip49
\thm@postskip=\skip50
\thm@headsep=\skip51
\dth@everypar=\toks26
)
(/usr/local/texlive/2018/texmf-dist/tex/latex/amsfonts/amssymb.sty
Package: amssymb 2013/01/14 v3.01 AMS font symbols

(/usr/local/texlive/2018/texmf-dist/tex/latex/amsfonts/amsfonts.sty
Package: amsfonts 2013/01/14 v3.01 Basic AMSFonts support
\symAMSa=\mathgroup7
\symAMSb=\mathgroup8
LaTeX Font Info:    Overwriting math alphabet `\mathfrak' in version `bold'
(Font)                  U/euf/m/n --> U/euf/b/n on input line 106.
))
(/usr/local/texlive/2018/texmf-dist/tex/latex/tools/multicol.sty
Package: multicol 2018/04/01 v1.8r multicolumn formatting (FMi)
\c@tracingmulticols=\count114
\mult@box=\box28
\multicol@leftmargin=\dimen124
\c@unbalance=\count115
\c@collectmore=\count116
\doublecol@number=\count117
\multicoltolerance=\count118
\multicolpretolerance=\count119
\full@width=\dimen125
\page@free=\dimen126
\premulticols=\dimen127
\postmulticols=\dimen128
\multicolsep=\skip52
\multicolbaselineskip=\skip53
\partial@page=\box29
\last@line=\box30
\maxbalancingoverflow=\dimen129
\mult@rightbox=\box31
\mult@grightbox=\box32
\mult@gfirstbox=\box33
\mult@firstbox=\box34
\@tempa=\box35
\@tempa=\box36
\@tempa=\box37
\@tempa=\box38
\@tempa=\box39
\@tempa=\box40
\@tempa=\box41
\@tempa=\box42
\@tempa=\box43
\@tempa=\box44
\@tempa=\box45
\@tempa=\box46
\@tempa=\box47
\@tempa=\box48
\@tempa=\box49
\@tempa=\box50
\@tempa=\box51
\c@columnbadness=\count120
\c@finalcolumnbadness=\count121
\last@try=\dimen130
\multicolovershoot=\dimen131
\multicolundershoot=\dimen132
\mult@nat@firstbox=\box52
\colbreak@box=\box53
\mc@col@check@num=\count122
)
(/usr/local/texlive/2018/texmf-dist/tex/latex/algorithms/algorithmic.sty
Package: algorithmic 2009/08/24 v0.1 Document Style `algorithmic'

(/usr/local/texlive/2018/texmf-dist/tex/latex/base/ifthen.sty
Package: ifthen 2014/09/29 v1.1c Standard LaTeX ifthen package (DPC)
)
\c@ALC@unique=\count123
\c@ALC@line=\count124
\c@ALC@rem=\count125
\c@ALC@depth=\count126
\ALC@tlm=\skip54
\algorithmicindent=\skip55
)
(/usr/local/texlive/2018/texmf-dist/tex/latex/algorithms/algorithm.sty
Package: algorithm 2009/08/24 v0.1 Document Style `algorithm' - floating enviro
nment

(/usr/local/texlive/2018/texmf-dist/tex/latex/float/float.sty
Package: float 2001/11/08 v1.3d Float enhancements (AL)
\c@float@type=\count127
\float@exts=\toks27
\float@box=\box54
\@float@everytoks=\toks28
\@floatcapt=\box55
)
\@float@every@algorithm=\toks29
\c@algorithm=\count128
)
(/usr/local/texlive/2018/texmf-dist/tex/latex/enumitem/enumitem.sty
Package: enumitem 2011/09/28 v3.5.2 Customized lists
\labelindent=\skip56
\enit@outerparindent=\dimen133
\enit@toks=\toks30
\enit@inbox=\box56
\enitdp@description=\count129
)
(/usr/local/texlive/2018/texmf-dist/tex/latex/wrapfig/wrapfig.sty
\wrapoverhang=\dimen134
\WF@size=\dimen135
\c@WF@wrappedlines=\count130
\WF@box=\box57
\WF@everypar=\toks31
Package: wrapfig 2003/01/31  v 3.6
)
(/usr/local/texlive/2018/texmf-dist/tex/latex/lipsum/lipsum.sty
Package: lipsum 2014/07/27 v1.3 150 paragraphs of Lorem Ipsum dummy text
\c@lips@count=\count131
)
(/usr/local/texlive/2018/texmf-dist/tex/latex/caption/caption.sty
Package: caption 2016/02/21 v3.3-144 Customizing captions (AR)

(/usr/local/texlive/2018/texmf-dist/tex/latex/caption/caption3.sty
Package: caption3 2016/05/22 v1.7-166 caption3 kernel (AR)
Package caption3 Info: TeX engine: e-TeX on input line 67.
\captionmargin=\dimen136
\captionmargin@=\dimen137
\captionwidth=\dimen138
\caption@tempdima=\dimen139
\caption@indent=\dimen140
\caption@parindent=\dimen141
\caption@hangindent=\dimen142
)
\c@ContinuedFloat=\count132
Package caption Info: float package is loaded.
Package caption Info: hyperref package is loaded.
Package caption Info: wrapfig package is loaded.
)
(/usr/local/texlive/2018/texmf-dist/tex/latex/cleveref/cleveref.sty
Package: cleveref 2018/03/03 v0.21.3 Intelligent cross-referencing
Package cleveref Info: `hyperref' support loaded on input line 2234.
LaTeX Info: Redefining \cref on input line 2234.
LaTeX Info: Redefining \Cref on input line 2234.
LaTeX Info: Redefining \crefrange on input line 2234.
LaTeX Info: Redefining \Crefrange on input line 2234.
LaTeX Info: Redefining \cpageref on input line 2234.
LaTeX Info: Redefining \Cpageref on input line 2234.
LaTeX Info: Redefining \cpagerefrange on input line 2234.
LaTeX Info: Redefining \Cpagerefrange on input line 2234.
LaTeX Info: Redefining \labelcref on input line 2234.
LaTeX Info: Redefining \labelcpageref on input line 2234.
Package cleveref Info: `amsthm' support loaded on input line 2890.
)
(/usr/local/texlive/2018/texmf-dist/tex/latex/subfigure/subfigure.sty
Package: subfigure 2002/03/15 v2.1.5 subfigure package
\subfigtopskip=\skip57
\subfigcapskip=\skip58
\subfigcaptopadj=\dimen143
\subfigbottomskip=\skip59
\subfigcapmargin=\dimen144
\subfiglabelskip=\skip60
\c@subfigure=\count133
\c@lofdepth=\count134
\c@subtable=\count135
\c@lotdepth=\count136

****************************************
* Local config file subfigure.cfg used *
****************************************
(/usr/local/texlive/2018/texmf-dist/tex/latex/subfigure/subfigure.cfg)
\subfig@top=\skip61
\subfig@bottom=\skip62
)
\c@Fact=\count137
\c@Lemma=\count138
\c@Prop=\count139
\c@Theorem=\count140
\c@Def=\count141
\c@Corollary=\count142
\c@Conjecture=\count143
\c@Property=\count144
\c@Observation=\count145
\c@Exa=\count146
\c@assumption=\count147
\c@Remark=\count148

(/usr/local/texlive/2018/texmf-dist/tex/latex/pgfplots/pgfplots.sty
(/usr/local/texlive/2018/texmf-dist/tex/generic/pgfplots/pgfplots.revision.tex)
Package: pgfplots 2018/03/28 v1.16 Data Visualization (1.16)
(/usr/local/texlive/2018/texmf-dist/tex/latex/graphics/graphicx.sty
Package: graphicx 2017/06/01 v1.1a Enhanced LaTeX Graphics (DPC,SPQR)

(/usr/local/texlive/2018/texmf-dist/tex/latex/graphics/graphics.sty
Package: graphics 2017/06/25 v1.2c Standard LaTeX Graphics (DPC,SPQR)

(/usr/local/texlive/2018/texmf-dist/tex/latex/graphics/trig.sty
Package: trig 2016/01/03 v1.10 sin cos tan (DPC)
)
(/usr/local/texlive/2018/texmf-dist/tex/latex/graphics-cfg/graphics.cfg
File: graphics.cfg 2016/06/04 v1.11 sample graphics configuration
)
Package graphics Info: Driver file: pdftex.def on input line 99.

(/usr/local/texlive/2018/texmf-dist/tex/latex/graphics-def/pdftex.def
File: pdftex.def 2018/01/08 v1.0l Graphics/color driver for pdftex
))
\Gin@req@height=\dimen145
\Gin@req@width=\dimen146
)
(/usr/local/texlive/2018/texmf-dist/tex/latex/pgf/frontendlayer/tikz.sty
(/usr/local/texlive/2018/texmf-dist/tex/latex/pgf/basiclayer/pgf.sty
(/usr/local/texlive/2018/texmf-dist/tex/latex/pgf/utilities/pgfrcs.sty
(/usr/local/texlive/2018/texmf-dist/tex/generic/pgf/utilities/pgfutil-common.te
x
\pgfutil@everybye=\toks32
\pgfutil@tempdima=\dimen147
\pgfutil@tempdimb=\dimen148

(/usr/local/texlive/2018/texmf-dist/tex/generic/pgf/utilities/pgfutil-common-li
sts.tex))
(/usr/local/texlive/2018/texmf-dist/tex/generic/pgf/utilities/pgfutil-latex.def
\pgfutil@abb=\box58
(/usr/local/texlive/2018/texmf-dist/tex/latex/ms/everyshi.sty
Package: everyshi 2001/05/15 v3.00 EveryShipout Package (MS)
))
(/usr/local/texlive/2018/texmf-dist/tex/generic/pgf/utilities/pgfrcs.code.tex
Package: pgfrcs 2015/08/07 v3.0.1a (rcs-revision 1.31)
))
Package: pgf 2015/08/07 v3.0.1a (rcs-revision 1.15)
(/usr/local/texlive/2018/texmf-dist/tex/latex/pgf/basiclayer/pgfcore.sty
(/usr/local/texlive/2018/texmf-dist/tex/latex/pgf/systemlayer/pgfsys.sty
(/usr/local/texlive/2018/texmf-dist/tex/generic/pgf/systemlayer/pgfsys.code.tex
Package: pgfsys 2014/07/09 v3.0.1a (rcs-revision 1.48)
(/usr/local/texlive/2018/texmf-dist/tex/generic/pgf/utilities/pgfkeys.code.tex
\pgfkeys@pathtoks=\toks33
\pgfkeys@temptoks=\toks34

(/usr/local/texlive/2018/texmf-dist/tex/generic/pgf/utilities/pgfkeysfiltered.c
ode.tex
\pgfkeys@tmptoks=\toks35
))
\pgf@x=\dimen149
\pgf@y=\dimen150
\pgf@xa=\dimen151
\pgf@ya=\dimen152
\pgf@xb=\dimen153
\pgf@yb=\dimen154
\pgf@xc=\dimen155
\pgf@yc=\dimen156
\w@pgf@writea=\write3
\r@pgf@reada=\read1
\c@pgf@counta=\count149
\c@pgf@countb=\count150
\c@pgf@countc=\count151
\c@pgf@countd=\count152
\t@pgf@toka=\toks36
\t@pgf@tokb=\toks37
\t@pgf@tokc=\toks38

(/usr/local/texlive/2018/texmf-dist/tex/generic/pgf/systemlayer/pgf.cfg
File: pgf.cfg 2008/05/14  (rcs-revision 1.7)
)
Driver file for pgf: pgfsys-pdftex.def

(/usr/local/texlive/2018/texmf-dist/tex/generic/pgf/systemlayer/pgfsys-pdftex.d
ef
File: pgfsys-pdftex.def 2014/10/11  (rcs-revision 1.35)

(/usr/local/texlive/2018/texmf-dist/tex/generic/pgf/systemlayer/pgfsys-common-p
df.def
File: pgfsys-common-pdf.def 2013/10/10  (rcs-revision 1.13)
)))
(/usr/local/texlive/2018/texmf-dist/tex/generic/pgf/systemlayer/pgfsyssoftpath.
code.tex
File: pgfsyssoftpath.code.tex 2013/09/09  (rcs-revision 1.9)
\pgfsyssoftpath@smallbuffer@items=\count153
\pgfsyssoftpath@bigbuffer@items=\count154
)
(/usr/local/texlive/2018/texmf-dist/tex/generic/pgf/systemlayer/pgfsysprotocol.
code.tex
File: pgfsysprotocol.code.tex 2006/10/16  (rcs-revision 1.4)
)) (/usr/local/texlive/2018/texmf-dist/tex/latex/xcolor/xcolor.sty
Package: xcolor 2016/05/11 v2.12 LaTeX color extensions (UK)

(/usr/local/texlive/2018/texmf-dist/tex/latex/graphics-cfg/color.cfg
File: color.cfg 2016/01/02 v1.6 sample color configuration
)
Package xcolor Info: Driver file: pdftex.def on input line 225.
Package xcolor Info: Model `cmy' substituted by `cmy0' on input line 1348.
Package xcolor Info: Model `hsb' substituted by `rgb' on input line 1352.
Package xcolor Info: Model `RGB' extended on input line 1364.
Package xcolor Info: Model `HTML' substituted by `rgb' on input line 1366.
Package xcolor Info: Model `Hsb' substituted by `hsb' on input line 1367.
Package xcolor Info: Model `tHsb' substituted by `hsb' on input line 1368.
Package xcolor Info: Model `HSB' substituted by `hsb' on input line 1369.
Package xcolor Info: Model `Gray' substituted by `gray' on input line 1370.
Package xcolor Info: Model `wave' substituted by `hsb' on input line 1371.
)
(/usr/local/texlive/2018/texmf-dist/tex/generic/pgf/basiclayer/pgfcore.code.tex
Package: pgfcore 2010/04/11 v3.0.1a (rcs-revision 1.7)
(/usr/local/texlive/2018/texmf-dist/tex/generic/pgf/math/pgfmath.code.tex
(/usr/local/texlive/2018/texmf-dist/tex/generic/pgf/math/pgfmathcalc.code.tex
(/usr/local/texlive/2018/texmf-dist/tex/generic/pgf/math/pgfmathutil.code.tex)
(/usr/local/texlive/2018/texmf-dist/tex/generic/pgf/math/pgfmathparser.code.tex
\pgfmath@dimen=\dimen157
\pgfmath@count=\count155
\pgfmath@box=\box59
\pgfmath@toks=\toks39
\pgfmath@stack@operand=\toks40
\pgfmath@stack@operation=\toks41
)
(/usr/local/texlive/2018/texmf-dist/tex/generic/pgf/math/pgfmathfunctions.code.
tex
(/usr/local/texlive/2018/texmf-dist/tex/generic/pgf/math/pgfmathfunctions.basic
.code.tex)
(/usr/local/texlive/2018/texmf-dist/tex/generic/pgf/math/pgfmathfunctions.trigo
nometric.code.tex)
(/usr/local/texlive/2018/texmf-dist/tex/generic/pgf/math/pgfmathfunctions.rando
m.code.tex)
(/usr/local/texlive/2018/texmf-dist/tex/generic/pgf/math/pgfmathfunctions.compa
rison.code.tex)
(/usr/local/texlive/2018/texmf-dist/tex/generic/pgf/math/pgfmathfunctions.base.
code.tex)
(/usr/local/texlive/2018/texmf-dist/tex/generic/pgf/math/pgfmathfunctions.round
.code.tex)
(/usr/local/texlive/2018/texmf-dist/tex/generic/pgf/math/pgfmathfunctions.misc.
code.tex)
(/usr/local/texlive/2018/texmf-dist/tex/generic/pgf/math/pgfmathfunctions.integ
erarithmetics.code.tex)))
(/usr/local/texlive/2018/texmf-dist/tex/generic/pgf/math/pgfmathfloat.code.tex
\c@pgfmathroundto@lastzeros=\count156
))
(/usr/local/texlive/2018/texmf-dist/tex/generic/pgf/basiclayer/pgfcorepoints.co
de.tex
File: pgfcorepoints.code.tex 2013/10/07  (rcs-revision 1.27)
\pgf@picminx=\dimen158
\pgf@picmaxx=\dimen159
\pgf@picminy=\dimen160
\pgf@picmaxy=\dimen161
\pgf@pathminx=\dimen162
\pgf@pathmaxx=\dimen163
\pgf@pathminy=\dimen164
\pgf@pathmaxy=\dimen165
\pgf@xx=\dimen166
\pgf@xy=\dimen167
\pgf@yx=\dimen168
\pgf@yy=\dimen169
\pgf@zx=\dimen170
\pgf@zy=\dimen171
)
(/usr/local/texlive/2018/texmf-dist/tex/generic/pgf/basiclayer/pgfcorepathconst
ruct.code.tex
File: pgfcorepathconstruct.code.tex 2013/10/07  (rcs-revision 1.29)
\pgf@path@lastx=\dimen172
\pgf@path@lasty=\dimen173
)
(/usr/local/texlive/2018/texmf-dist/tex/generic/pgf/basiclayer/pgfcorepathusage
.code.tex
File: pgfcorepathusage.code.tex 2014/11/02  (rcs-revision 1.24)
\pgf@shorten@end@additional=\dimen174
\pgf@shorten@start@additional=\dimen175
)
(/usr/local/texlive/2018/texmf-dist/tex/generic/pgf/basiclayer/pgfcorescopes.co
de.tex
File: pgfcorescopes.code.tex 2015/05/08  (rcs-revision 1.46)
\pgfpic=\box60
\pgf@hbox=\box61
\pgf@layerbox@main=\box62
\pgf@picture@serial@count=\count157
)
(/usr/local/texlive/2018/texmf-dist/tex/generic/pgf/basiclayer/pgfcoregraphicst
ate.code.tex
File: pgfcoregraphicstate.code.tex 2014/11/02  (rcs-revision 1.12)
\pgflinewidth=\dimen176
)
(/usr/local/texlive/2018/texmf-dist/tex/generic/pgf/basiclayer/pgfcoretransform
ations.code.tex
File: pgfcoretransformations.code.tex 2015/08/07  (rcs-revision 1.20)
\pgf@pt@x=\dimen177
\pgf@pt@y=\dimen178
\pgf@pt@temp=\dimen179
)
(/usr/local/texlive/2018/texmf-dist/tex/generic/pgf/basiclayer/pgfcorequick.cod
e.tex
File: pgfcorequick.code.tex 2008/10/09  (rcs-revision 1.3)
)
(/usr/local/texlive/2018/texmf-dist/tex/generic/pgf/basiclayer/pgfcoreobjects.c
ode.tex
File: pgfcoreobjects.code.tex 2006/10/11  (rcs-revision 1.2)
)
(/usr/local/texlive/2018/texmf-dist/tex/generic/pgf/basiclayer/pgfcorepathproce
ssing.code.tex
File: pgfcorepathprocessing.code.tex 2013/09/09  (rcs-revision 1.9)
)
(/usr/local/texlive/2018/texmf-dist/tex/generic/pgf/basiclayer/pgfcorearrows.co
de.tex
File: pgfcorearrows.code.tex 2015/05/14  (rcs-revision 1.43)
\pgfarrowsep=\dimen180
)
(/usr/local/texlive/2018/texmf-dist/tex/generic/pgf/basiclayer/pgfcoreshade.cod
e.tex
File: pgfcoreshade.code.tex 2013/07/15  (rcs-revision 1.15)
\pgf@max=\dimen181
\pgf@sys@shading@range@num=\count158
)
(/usr/local/texlive/2018/texmf-dist/tex/generic/pgf/basiclayer/pgfcoreimage.cod
e.tex
File: pgfcoreimage.code.tex 2013/07/15  (rcs-revision 1.18)

(/usr/local/texlive/2018/texmf-dist/tex/generic/pgf/basiclayer/pgfcoreexternal.
code.tex
File: pgfcoreexternal.code.tex 2014/07/09  (rcs-revision 1.21)
\pgfexternal@startupbox=\box63
))
(/usr/local/texlive/2018/texmf-dist/tex/generic/pgf/basiclayer/pgfcorelayers.co
de.tex
File: pgfcorelayers.code.tex 2013/07/18  (rcs-revision 1.7)
)
(/usr/local/texlive/2018/texmf-dist/tex/generic/pgf/basiclayer/pgfcoretranspare
ncy.code.tex
File: pgfcoretransparency.code.tex 2013/09/30  (rcs-revision 1.5)
)
(/usr/local/texlive/2018/texmf-dist/tex/generic/pgf/basiclayer/pgfcorepatterns.
code.tex
File: pgfcorepatterns.code.tex 2013/11/07  (rcs-revision 1.5)
)))
(/usr/local/texlive/2018/texmf-dist/tex/generic/pgf/modules/pgfmoduleshapes.cod
e.tex
File: pgfmoduleshapes.code.tex 2014/03/21  (rcs-revision 1.35)
\pgfnodeparttextbox=\box64
)
(/usr/local/texlive/2018/texmf-dist/tex/generic/pgf/modules/pgfmoduleplot.code.
tex
File: pgfmoduleplot.code.tex 2015/08/03  (rcs-revision 1.13)
)
(/usr/local/texlive/2018/texmf-dist/tex/latex/pgf/compatibility/pgfcomp-version
-0-65.sty
Package: pgfcomp-version-0-65 2007/07/03 v3.0.1a (rcs-revision 1.7)
\pgf@nodesepstart=\dimen182
\pgf@nodesepend=\dimen183
)
(/usr/local/texlive/2018/texmf-dist/tex/latex/pgf/compatibility/pgfcomp-version
-1-18.sty
Package: pgfcomp-version-1-18 2007/07/23 v3.0.1a (rcs-revision 1.1)
))
(/usr/local/texlive/2018/texmf-dist/tex/latex/pgf/utilities/pgffor.sty
(/usr/local/texlive/2018/texmf-dist/tex/latex/pgf/utilities/pgfkeys.sty
(/usr/local/texlive/2018/texmf-dist/tex/generic/pgf/utilities/pgfkeys.code.tex)
) (/usr/local/texlive/2018/texmf-dist/tex/latex/pgf/math/pgfmath.sty
(/usr/local/texlive/2018/texmf-dist/tex/generic/pgf/math/pgfmath.code.tex))
(/usr/local/texlive/2018/texmf-dist/tex/generic/pgf/utilities/pgffor.code.tex
Package: pgffor 2013/12/13 v3.0.1a (rcs-revision 1.25)

(/usr/local/texlive/2018/texmf-dist/tex/generic/pgf/math/pgfmath.code.tex)
\pgffor@iter=\dimen184
\pgffor@skip=\dimen185
\pgffor@stack=\toks42
\pgffor@toks=\toks43
))
(/usr/local/texlive/2018/texmf-dist/tex/generic/pgf/frontendlayer/tikz/tikz.cod
e.tex
Package: tikz 2015/08/07 v3.0.1a (rcs-revision 1.151)

(/usr/local/texlive/2018/texmf-dist/tex/generic/pgf/libraries/pgflibraryplothan
dlers.code.tex
File: pgflibraryplothandlers.code.tex 2013/08/31 v3.0.1a (rcs-revision 1.20)
\pgf@plot@mark@count=\count159
\pgfplotmarksize=\dimen186
)
\tikz@lastx=\dimen187
\tikz@lasty=\dimen188
\tikz@lastxsaved=\dimen189
\tikz@lastysaved=\dimen190
\tikzleveldistance=\dimen191
\tikzsiblingdistance=\dimen192
\tikz@figbox=\box65
\tikz@figbox@bg=\box66
\tikz@tempbox=\box67
\tikz@tempbox@bg=\box68
\tikztreelevel=\count160
\tikznumberofchildren=\count161
\tikznumberofcurrentchild=\count162
\tikz@fig@count=\count163

(/usr/local/texlive/2018/texmf-dist/tex/generic/pgf/modules/pgfmodulematrix.cod
e.tex
File: pgfmodulematrix.code.tex 2013/09/17  (rcs-revision 1.8)
\pgfmatrixcurrentrow=\count164
\pgfmatrixcurrentcolumn=\count165
\pgf@matrix@numberofcolumns=\count166
)
\tikz@expandcount=\count167

(/usr/local/texlive/2018/texmf-dist/tex/generic/pgf/frontendlayer/tikz/librarie
s/tikzlibrarytopaths.code.tex
File: tikzlibrarytopaths.code.tex 2008/06/17 v3.0.1a (rcs-revision 1.2)
)))
(/usr/local/texlive/2018/texmf-dist/tex/generic/pgfplots/pgfplots.code.tex
(/usr/local/texlive/2018/texmf-dist/tex/generic/pgfplots/pgfplotscore.code.tex
\t@pgfplots@toka=\toks44
\t@pgfplots@tokb=\toks45
\t@pgfplots@tokc=\toks46
\pgfplots@tmpa=\dimen193
\c@pgfplots@coordindex=\count168
\c@pgfplots@scanlineindex=\count169

(/usr/local/texlive/2018/texmf-dist/tex/generic/pgfplots/sys/pgfplotssysgeneric
.code.tex))
(/usr/local/texlive/2018/texmf-dist/tex/generic/pgfplots/libs/pgfplotslibrary.c
ode.tex)
(/usr/local/texlive/2018/texmf-dist/tex/generic/pgfplots/oldpgfcompatib/pgfplot
soldpgfsupp_loader.code.tex
(/usr/local/texlive/2018/texmf-dist/tex/generic/pgf/libraries/pgflibraryfpu.cod
e.tex)
Package pgfplots: loading complementary arithmetics for your pgf version...

(/usr/local/texlive/2018/texmf-dist/tex/generic/pgfplots/oldpgfcompatib/pgfplot
soldpgfsupp_pgflibraryfpu.code.tex)
(/usr/local/texlive/2018/texmf-dist/tex/generic/pgfplots/oldpgfcompatib/pgfplot
soldpgfsupp_pgfmathfloat.code.tex
\c@pgfmathroundto@lastzeros=\count170
)
(/usr/local/texlive/2018/texmf-dist/tex/generic/pgfplots/oldpgfcompatib/pgfplot
soldpgfsupp_leq.code.tex))
(/usr/local/texlive/2018/texmf-dist/tex/generic/pgfplots/util/pgfplotsutil.code
.tex
(/usr/local/texlive/2018/texmf-dist/tex/generic/pgfplots/liststructure/pgfplots
liststructure.code.tex)
(/usr/local/texlive/2018/texmf-dist/tex/generic/pgfplots/liststructure/pgfplots
liststructureext.code.tex)
(/usr/local/texlive/2018/texmf-dist/tex/generic/pgfplots/liststructure/pgfplots
array.code.tex
\c@pgfplotsarray@tmp=\count171
)
(/usr/local/texlive/2018/texmf-dist/tex/generic/pgfplots/liststructure/pgfplots
matrix.code.tex)
(/usr/local/texlive/2018/texmf-dist/tex/generic/pgfplots/numtable/pgfplotstable
shared.code.tex
\c@pgfplotstable@counta=\count172
\t@pgfplotstable@a=\toks47
)
(/usr/local/texlive/2018/texmf-dist/tex/generic/pgfplots/liststructure/pgfplots
deque.code.tex)
(/usr/local/texlive/2018/texmf-dist/tex/generic/pgfplots/util/pgfplotsbinary.co
de.tex
(/usr/local/texlive/2018/texmf-dist/tex/generic/pgfplots/util/pgfplotsbinary.da
ta.code.tex))
(/usr/local/texlive/2018/texmf-dist/tex/generic/pgfplots/util/pgfplotsutil.verb
.code.tex)
(/usr/local/texlive/2018/texmf-dist/tex/generic/pgfplots/libs/pgflibrarypgfplot
s.surfshading.code.tex
\c@pgfplotslibrarysurf@no=\count173

(/usr/local/texlive/2018/texmf-dist/tex/generic/pgfplots/sys/pgflibrarypgfplots
.surfshading.pgfsys-pdftex.def)))
(/usr/local/texlive/2018/texmf-dist/tex/generic/pgfplots/util/pgfplotscolormap.
code.tex
(/usr/local/texlive/2018/texmf-dist/tex/generic/pgfplots/util/pgfplotscolor.cod
e.tex))
(/usr/local/texlive/2018/texmf-dist/tex/generic/pgfplots/pgfplotsstackedplots.c
ode.tex)
(/usr/local/texlive/2018/texmf-dist/tex/generic/pgfplots/pgfplotsplothandlers.c
ode.tex
(/usr/local/texlive/2018/texmf-dist/tex/generic/pgfplots/pgfplotsmeshplothandle
r.code.tex
(/usr/local/texlive/2018/texmf-dist/tex/generic/pgfplots/pgfplotsmeshplotimage.
code.tex)))
(/usr/local/texlive/2018/texmf-dist/tex/generic/pgfplots/pgfplots.scaling.code.
tex)
(/usr/local/texlive/2018/texmf-dist/tex/generic/pgfplots/pgfplotscoordprocessin
g.code.tex)
(/usr/local/texlive/2018/texmf-dist/tex/generic/pgfplots/pgfplots.errorbars.cod
e.tex)
(/usr/local/texlive/2018/texmf-dist/tex/generic/pgfplots/pgfplots.markers.code.
tex)
(/usr/local/texlive/2018/texmf-dist/tex/generic/pgfplots/pgfplotsticks.code.tex
)
(/usr/local/texlive/2018/texmf-dist/tex/generic/pgfplots/pgfplots.paths.code.te
x)
(/usr/local/texlive/2018/texmf-dist/tex/generic/pgf/frontendlayer/tikz/librarie
s/tikzlibrarydecorations.code.tex
(/usr/local/texlive/2018/texmf-dist/tex/generic/pgf/modules/pgfmoduledecoration
s.code.tex
\pgfdecoratedcompleteddistance=\dimen194
\pgfdecoratedremainingdistance=\dimen195
\pgfdecoratedinputsegmentcompleteddistance=\dimen196
\pgfdecoratedinputsegmentremainingdistance=\dimen197
\pgf@decorate@distancetomove=\dimen198
\pgf@decorate@repeatstate=\count174
\pgfdecorationsegmentamplitude=\dimen199
\pgfdecorationsegmentlength=\dimen256
)
\tikz@lib@dec@box=\box69
)
(/usr/local/texlive/2018/texmf-dist/tex/generic/pgf/frontendlayer/tikz/librarie
s/tikzlibrarydecorations.pathmorphing.code.tex
(/usr/local/texlive/2018/texmf-dist/tex/generic/pgf/libraries/decorations/pgfli
brarydecorations.pathmorphing.code.tex))
(/usr/local/texlive/2018/texmf-dist/tex/generic/pgf/frontendlayer/tikz/librarie
s/tikzlibrarydecorations.pathreplacing.code.tex
(/usr/local/texlive/2018/texmf-dist/tex/generic/pgf/libraries/decorations/pgfli
brarydecorations.pathreplacing.code.tex))
\pgfplots@numplots=\count175
\pgfplots@xmin@reg=\dimen257
\pgfplots@xmax@reg=\dimen258
\pgfplots@ymin@reg=\dimen259
\pgfplots@ymax@reg=\dimen260
\pgfplots@zmin@reg=\dimen261
\pgfplots@zmax@reg=\dimen262
)
(/usr/local/texlive/2018/texmf-dist/tex/generic/pgf/frontendlayer/tikz/librarie
s/tikzlibraryplotmarks.code.tex
File: tikzlibraryplotmarks.code.tex 2008/01/09 v3.0.1a (rcs-revision 1.1)

(/usr/local/texlive/2018/texmf-dist/tex/generic/pgf/libraries/pgflibraryplotmar
ks.code.tex
File: pgflibraryplotmarks.code.tex 2015/08/03 v3.0.1a (rcs-revision 1.14)
))) (/usr/local/texlive/2018/texmf-dist/tex/latex/xargs/xargs.sty
Package: xargs 2008/03/22 v1.1  extended macro definitions  (mpg)

(/usr/local/texlive/2018/texmf-dist/tex/latex/xkeyval/xkeyval.sty
Package: xkeyval 2014/12/03 v2.7a package option processing (HA)

(/usr/local/texlive/2018/texmf-dist/tex/generic/xkeyval/xkeyval.tex
(/usr/local/texlive/2018/texmf-dist/tex/generic/xkeyval/xkvutils.tex
\XKV@toks=\toks48
\XKV@tempa@toks=\toks49
)
\XKV@depth=\count176
File: xkeyval.tex 2014/12/03 v2.7a key=value parser (HA)
))
\xargs@max=\count177
\xargs@toksa=\toks50
\xargs@toksb=\toks51
)
(/usr/local/texlive/2018/texmf-dist/tex/latex/stmaryrd/stmaryrd.sty
Package: stmaryrd 1994/03/03 St Mary's Road symbol package
\symstmry=\mathgroup9
LaTeX Font Info:    Overwriting symbol font `stmry' in version `bold'
(Font)                  U/stmry/m/n --> U/stmry/b/n on input line 89.
)
(/usr/local/texlive/2018/texmf-dist/tex/generic/pgf/frontendlayer/tikz/librarie
s/tikzlibraryarrows.code.tex
File: tikzlibraryarrows.code.tex 2008/01/09 v3.0.1a (rcs-revision 1.1)

(/usr/local/texlive/2018/texmf-dist/tex/generic/pgf/libraries/pgflibraryarrows.
code.tex
File: pgflibraryarrows.code.tex 2013/09/23 v3.0.1a (rcs-revision 1.16)
\arrowsize=\dimen263
))
(/usr/local/texlive/2018/texmf-dist/tex/generic/pgf/frontendlayer/tikz/librarie
s/tikzlibraryshapes.code.tex
File: tikzlibraryshapes.code.tex 2008/01/09 v3.0.1a (rcs-revision 1.1)

(/usr/local/texlive/2018/texmf-dist/tex/generic/pgf/frontendlayer/tikz/librarie
s/tikzlibraryshapes.geometric.code.tex
File: tikzlibraryshapes.geometric.code.tex 2008/01/09 v3.0.1a (rcs-revision 1.1
)

(/usr/local/texlive/2018/texmf-dist/tex/generic/pgf/libraries/shapes/pgflibrary
shapes.geometric.code.tex
File: pgflibraryshapes.geometric.code.tex 2008/06/26 v3.0.1a (rcs-revision 1.1)

))
(/usr/local/texlive/2018/texmf-dist/tex/generic/pgf/frontendlayer/tikz/librarie
s/tikzlibraryshapes.misc.code.tex
File: tikzlibraryshapes.misc.code.tex 2008/01/09 v3.0.1a (rcs-revision 1.1)

(/usr/local/texlive/2018/texmf-dist/tex/generic/pgf/libraries/shapes/pgflibrary
shapes.misc.code.tex
File: pgflibraryshapes.misc.code.tex 2013/07/18 v3.0.1a (rcs-revision 1.5)
))
(/usr/local/texlive/2018/texmf-dist/tex/generic/pgf/frontendlayer/tikz/librarie
s/tikzlibraryshapes.symbols.code.tex
File: tikzlibraryshapes.symbols.code.tex 2008/01/09 v3.0.1a (rcs-revision 1.1)

(/usr/local/texlive/2018/texmf-dist/tex/generic/pgf/libraries/shapes/pgflibrary
shapes.symbols.code.tex
File: pgflibraryshapes.symbols.code.tex 2013/09/11 v3.0.1a (rcs-revision 1.6)
))
(/usr/local/texlive/2018/texmf-dist/tex/generic/pgf/frontendlayer/tikz/librarie
s/tikzlibraryshapes.arrows.code.tex
File: tikzlibraryshapes.arrows.code.tex 2008/01/09 v3.0.1a (rcs-revision 1.1)

(/usr/local/texlive/2018/texmf-dist/tex/generic/pgf/libraries/shapes/pgflibrary
shapes.arrows.code.tex
File: pgflibraryshapes.arrows.code.tex 2008/06/26 v3.0.1a (rcs-revision 1.1)
))
(/usr/local/texlive/2018/texmf-dist/tex/generic/pgf/frontendlayer/tikz/librarie
s/tikzlibraryshapes.callouts.code.tex
(/usr/local/texlive/2018/texmf-dist/tex/generic/pgf/libraries/shapes/pgflibrary
shapes.callouts.code.tex))
(/usr/local/texlive/2018/texmf-dist/tex/generic/pgf/frontendlayer/tikz/librarie
s/tikzlibraryshapes.multipart.code.tex
File: tikzlibraryshapes.multipart.code.tex 2008/01/09 v3.0.1a (rcs-revision 1.1
)

(/usr/local/texlive/2018/texmf-dist/tex/generic/pgf/libraries/shapes/pgflibrary
shapes.multipart.code.tex
File: pgflibraryshapes.multipart.code.tex 2010/01/07 v3.0.1a (rcs-revision 1.2)

\pgfnodepartlowerbox=\box70
\pgfnodeparttwobox=\box71
\pgfnodepartthreebox=\box72
\pgfnodepartfourbox=\box73
\pgfnodeparttwentybox=\box74
\pgfnodepartnineteenbox=\box75
\pgfnodeparteighteenbox=\box76
\pgfnodepartseventeenbox=\box77
\pgfnodepartsixteenbox=\box78
\pgfnodepartfifteenbox=\box79
\pgfnodepartfourteenbox=\box80
\pgfnodepartthirteenbox=\box81
\pgfnodeparttwelvebox=\box82
\pgfnodepartelevenbox=\box83
\pgfnodeparttenbox=\box84
\pgfnodepartninebox=\box85
\pgfnodeparteightbox=\box86
\pgfnodepartsevenbox=\box87
\pgfnodepartsixbox=\box88
\pgfnodepartfivebox=\box89
)))
(/usr/local/texlive/2018/texmf-dist/tex/generic/pgf/frontendlayer/tikz/librarie
s/tikzlibrarycalc.code.tex
File: tikzlibrarycalc.code.tex 2013/07/15 v3.0.1a (rcs-revision 1.9)
)
(/usr/local/texlive/2018/texmf-dist/tex/latex/tikzmark/tikzlibrarytikzmark.code
.tex)
(/usr/local/texlive/2018/texmf-dist/tex/generic/pgf/frontendlayer/tikz/librarie
s/tikzlibrarybackgrounds.code.tex
File: tikzlibrarybackgrounds.code.tex 2013/07/18 v3.0.1a (rcs-revision 1.3)
\pgf@layerbox@background=\box90
\pgf@layerboxsaved@background=\box91
)
(/usr/local/texlive/2018/texmf-dist/tex/generic/pgf/frontendlayer/tikz/librarie
s/tikzlibrarymatrix.code.tex
File: tikzlibrarymatrix.code.tex 2013/07/12 v3.0.1a (rcs-revision 1.4)
)
(/usr/local/texlive/2018/texmf-dist/tex/generic/pgf/frontendlayer/tikz/librarie
s/tikzlibrarydecorations.markings.code.tex
(/usr/local/texlive/2018/texmf-dist/tex/generic/pgf/libraries/decorations/pgfli
brarydecorations.markings.code.tex))
(/usr/local/texlive/2018/texmf-dist/tex/generic/pgfplots/libs/tikzlibrarypgfplo
ts.fillbetween.code.tex
(/usr/local/texlive/2018/texmf-dist/tex/generic/pgfplots/pgfcontrib/tikzlibrary
fillbetween.code.tex
(/usr/local/texlive/2018/texmf-dist/tex/generic/pgf/frontendlayer/tikz/librarie
s/tikzlibraryintersections.code.tex
(/usr/local/texlive/2018/texmf-dist/tex/generic/pgf/libraries/pgflibraryinterse
ctions.code.tex
\pgf@intersect@solutions=\count178
))
(/usr/local/texlive/2018/texmf-dist/tex/generic/pgfplots/pgfcontrib/tikzlibrary
decorations.softclip.code.tex
(/usr/local/texlive/2018/texmf-dist/tex/generic/pgfplots/pgfcontrib/pgflibraryf
illbetween.code.tex
(/usr/local/texlive/2018/texmf-dist/tex/generic/pgfplots/oldpgfcompatib/pgfplot
soldpgfsupp_pgflibraryintersections.code.tex
\pgf@intersect@solutions=\count179
))))
(/usr/local/texlive/2018/texmf-dist/tex/generic/pgfplots/libs/tikzlibrarypgfplo
ts.decorations.softclip.code.tex))
(/usr/local/texlive/2018/texmf-dist/tex/latex/relsize/relsize.sty
Package: relsize 2013/03/29 ver 4.1
)
(./shortcuts_OPT.sty) (./main.aux)
\openout1 = `main.aux'.

LaTeX Font Info:    Checking defaults for OML/cmm/m/it on input line 83.
LaTeX Font Info:    ... okay on input line 83.
LaTeX Font Info:    Checking defaults for T1/cmr/m/n on input line 83.
LaTeX Font Info:    ... okay on input line 83.
LaTeX Font Info:    Checking defaults for OT1/cmr/m/n on input line 83.
LaTeX Font Info:    ... okay on input line 83.
LaTeX Font Info:    Checking defaults for OMS/cmsy/m/n on input line 83.
LaTeX Font Info:    ... okay on input line 83.
LaTeX Font Info:    Checking defaults for OMX/cmex/m/n on input line 83.
LaTeX Font Info:    ... okay on input line 83.
LaTeX Font Info:    Checking defaults for U/cmr/m/n on input line 83.
LaTeX Font Info:    ... okay on input line 83.
LaTeX Font Info:    Checking defaults for PD1/pdf/m/n on input line 83.
LaTeX Font Info:    ... okay on input line 83.

*geometry* driver: auto-detecting
*geometry* detected driver: pdftex
*geometry* verbose mode - [ preamble ] result:
* driver: pdftex
* paper: <default>
* layout: <same size as paper>
* layoutoffset:(h,v)=(0.0pt,0.0pt)
* modes: 
* h-part:(L,W,R)=(72.26999pt, 469.75502pt, 72.26999pt)
* v-part:(T,H,B)=(72.26999pt, 650.43001pt, 72.26999pt)
* \paperwidth=614.295pt
* \paperheight=794.96999pt
* \textwidth=469.75502pt
* \textheight=650.43001pt
* \oddsidemargin=0.0pt
* \evensidemargin=0.0pt
* \topmargin=-37.0pt
* \headheight=12.0pt
* \headsep=25.0pt
* \topskip=10.0pt
* \footskip=30.0pt
* \marginparwidth=65.0pt
* \marginparsep=11.0pt
* \columnsep=10.0pt
* \skip\footins=9.0pt plus 4.0pt minus 2.0pt
* \hoffset=0.0pt
* \voffset=0.0pt
* \mag=1000
* \@twocolumnfalse
* \@twosidefalse
* \@mparswitchfalse
* \@reversemarginfalse
* (1in=72.27pt=25.4mm, 1cm=28.453pt)

\AtBeginShipoutBox=\box92
Package hyperref Info: Link coloring ON on input line 83.
(/usr/local/texlive/2018/texmf-dist/tex/latex/hyperref/nameref.sty
Package: nameref 2016/05/21 v2.44 Cross-referencing by name of section

(/usr/local/texlive/2018/texmf-dist/tex/generic/oberdiek/gettitlestring.sty
Package: gettitlestring 2016/05/16 v1.5 Cleanup title references (HO)
)
\c@section@level=\count180
)
LaTeX Info: Redefining \ref on input line 83.
LaTeX Info: Redefining \pageref on input line 83.
LaTeX Info: Redefining \nameref on input line 83.

(./main.out) (./main.out)
\@outlinefile=\write4
\openout4 = `main.out'.

Package caption Info: Begin \AtBeginDocument code.
Package caption Info: subfigure package is loaded.
Package caption Info: End \AtBeginDocument code.

(/usr/local/texlive/2018/texmf-dist/tex/context/base/mkii/supp-pdf.mkii
[Loading MPS to PDF converter (version 2006.09.02).]
\scratchcounter=\count181
\scratchdimen=\dimen264
\scratchbox=\box93
\nofMPsegments=\count182
\nofMParguments=\count183
\everyMPshowfont=\toks52
\MPscratchCnt=\count184
\MPscratchDim=\dimen265
\MPnumerator=\count185
\makeMPintoPDFobject=\count186
\everyMPtoPDFconversion=\toks53
) (/usr/local/texlive/2018/texmf-dist/tex/latex/oberdiek/epstopdf-base.sty
Package: epstopdf-base 2016/05/15 v2.6 Base part for package epstopdf

(/usr/local/texlive/2018/texmf-dist/tex/latex/oberdiek/grfext.sty
Package: grfext 2016/05/16 v1.2 Manage graphics extensions (HO)
)
Package epstopdf-base Info: Redefining graphics rule for `.eps' on input line 4
38.
Package grfext Info: Graphics extension search list:
(grfext)             [.pdf,.png,.jpg,.mps,.jpeg,.jbig2,.jb2,.PDF,.PNG,.JPG,.JPE
G,.JBIG2,.JB2,.eps]
(grfext)             \AppendGraphicsExtensions on input line 456.

(/usr/local/texlive/2018/texmf-dist/tex/latex/latexconfig/epstopdf-sys.cfg
File: epstopdf-sys.cfg 2010/07/13 v1.3 Configuration of (r)epstopdf for TeX Liv
e
))
ABD: EveryShipout initializing macros
Package pgfplots notification 'compat/show suggested version=true': you might b
enefit from \pgfplotsset{compat=1.16} (current compat level: 1.3).

LaTeX Font Info:    Try loading font information for U+msa on input line 99.
(/usr/local/texlive/2018/texmf-dist/tex/latex/amsfonts/umsa.fd
File: umsa.fd 2013/01/14 v3.01 AMS symbols A
)
LaTeX Font Info:    Try loading font information for U+msb on input line 99.

(/usr/local/texlive/2018/texmf-dist/tex/latex/amsfonts/umsb.fd
File: umsb.fd 2013/01/14 v3.01 AMS symbols B
)
LaTeX Font Info:    Try loading font information for U+stmry on input line 99.

(/usr/local/texlive/2018/texmf-dist/tex/latex/stmaryrd/Ustmry.fd) [1

{/usr/local/texlive/2018/texmf-var/fonts/map/pdftex/updmap/pdftex.map}]
LaTeX Font Info:    Try loading font information for OMS+cmr on input line 139.


(/usr/local/texlive/2018/texmf-dist/tex/latex/base/omscmr.fd
File: omscmr.fd 2014/09/29 v2.5h Standard LaTeX font definitions
)
LaTeX Font Info:    Font shape `OMS/cmr/m/n' in size <10> not available
(Font)              Font shape `OMS/cmsy/m/n' tried instead on input line 139.
 [2]
Package hyperref Info: bookmark level for unknown algorithm defaults to 0 on in
put line 200.


LaTeX Font Warning: Font shape `OT1/cmr/bx/sc' undefined
(Font)              using `OT1/cmr/bx/n' instead on input line 226.

[3pdfTeX warning (ext4): destination with the same identifier (name{equation.2.
1}) has been already used, duplicate ignored

\AtBegShi@Output ...ipout \box \AtBeginShipoutBox 
                                                  \fi \fi 
l.238 
      ]

pdfTeX warning: /Library/TeX/texbin/pdflatex (file ./plots/plot.pdf): PDF inclu
sion: found PDF version <1.7>, but at most version <1.5> allowed
<plots/plot.pdf, id=225, 780.51598pt x 325.215pt>
File: plots/plot.pdf Graphic file (type pdf)
<use plots/plot.pdf>
Package pdftex.def Info: plots/plot.pdf  used on input line 264.
(pdftex.def)             Requested size: 238.49121pt x 99.37155pt.

Overfull \hbox (3.61371pt too wide) in paragraph at lines 264--265
 [][] 
 []


Overfull \hbox (2.2222pt too wide) in paragraph at lines 241--270
$[]$  $[]$
 []

[4 <./plots/plot.pdf>] [5pdfTeX warning (ext4): destination with the same ident
ifier (name{equation.4.1}) has been already used, duplicate ignored

\AtBegShi@Output ...ipout \box \AtBeginShipoutBox 
                                                  \fi \fi 
l.365 \end{assumption}
                      pdfTeX warning (ext4): destination with the same identifi
er (name{equation.4.1}) has been already used, duplicate ignored

\AtBegShi@Output ...ipout \box \AtBeginShipoutBox 
                                                  \fi \fi 
l.365 \end{assumption}
                      ]

pdfTeX warning: /Library/TeX/texbin/pdflatex (file ./plots/plot_prediction.pdf)
: PDF inclusion: found PDF version <1.7>, but at most version <1.5> allowed
<plots/plot_prediction.pdf, id=296, 722.7pt x 397.485pt>
File: plots/plot_prediction.pdf Graphic file (type pdf)
<use plots/plot_prediction.pdf>
Package pdftex.def Info: plots/plot_prediction.pdf  used on input line 378.
(pdftex.def)             Requested size: 238.49121pt x 131.17044pt.
LaTeX Font Info:    Calculating math sizes for size <9.5> on input line 406.

LaTeX Font Warning: Font shape `OT1/cmr/m/n' in size <9.5> not available
(Font)              size <9> substituted on input line 406.


LaTeX Font Warning: Font shape `OML/cmm/m/it' in size <9.5> not available
(Font)              size <9> substituted on input line 406.


LaTeX Font Warning: Font shape `OMS/cmsy/m/n' in size <9.5> not available
(Font)              size <9> substituted on input line 406.


LaTeX Font Warning: Font shape `OT1/cmss/m/n' in size <9.5> not available
(Font)              size <9> substituted on input line 406.


LaTeX Font Warning: Font shape `OT1/cmr/bx/n' in size <9.5> not available
(Font)              size <9> substituted on input line 406.


LaTeX Font Warning: Font shape `OML/cmm/b/it' in size <9.5> not available
(Font)              size <9> substituted on input line 406.


LaTeX Font Warning: Font shape `OMS/cmsy/b/n' in size <9.5> not available
(Font)              size <9> substituted on input line 406.


LaTeX Font Warning: Font shape `U/stmry/m/n' in size <9.5> not available
(Font)              size <9> substituted on input line 406.

[6 <./plots/plot_prediction.pdf>] [7pdfTeX warning (ext4): destination with the
 same identifier (name{equation.4.4}) has been already used, duplicate ignored

\AtBegShi@Output ...ipout \box \AtBeginShipoutBox 
                                                  \fi \fi 
l.487 \section
              {Numerical Experiments}\label{sec:numerical}] [8]
Package epstopdf Info: Source file: <simulation/fig2/M_rand_train_loss_no1.eps>

(epstopdf)                    date: 2020-06-06 18:19:21
(epstopdf)                    size: 70491 bytes
(epstopdf)             Output file: <simulation/fig2/M_rand_train_loss_no1-eps-
converted-to.pdf>
(epstopdf)                    date: 2020-06-06 18:19:21
(epstopdf)                    size: 30894 bytes
(epstopdf)             Command: <repstopdf --outfile=simulation/fig2/M_rand_tra
in_loss_no1-eps-converted-to.pdf simulation/fig2/M_rand_train_loss_no1.eps>
(epstopdf)             \includegraphics on input line 639.
Package epstopdf Info: Output file is already uptodate.
<simulation/fig2/M_rand_train_loss_no1-eps-converted-to.pdf, id=428, 421.575pt 
x 316.18124pt>
File: simulation/fig2/M_rand_train_loss_no1-eps-converted-to.pdf Graphic file (
type pdf)
<use simulation/fig2/M_rand_train_loss_no1-eps-converted-to.pdf>
Package pdftex.def Info: simulation/fig2/M_rand_train_loss_no1-eps-converted-to
.pdf  used on input line 639.
(pdftex.def)             Requested size: 151.76744pt x 113.82515pt.
Package epstopdf Info: Source file: <simulation/fig2/M_image_train_loss_no1.eps
>
(epstopdf)                    date: 2020-06-06 18:19:21
(epstopdf)                    size: 70468 bytes
(epstopdf)             Output file: <simulation/fig2/M_image_train_loss_no1-eps
-converted-to.pdf>
(epstopdf)                    date: 2020-06-06 18:19:21
(epstopdf)                    size: 30990 bytes
(epstopdf)             Command: <repstopdf --outfile=simulation/fig2/M_image_tr
ain_loss_no1-eps-converted-to.pdf simulation/fig2/M_image_train_loss_no1.eps>
(epstopdf)             \includegraphics on input line 639.
Package epstopdf Info: Output file is already uptodate.
<simulation/fig2/M_image_train_loss_no1-eps-converted-to.pdf, id=429, 421.575pt
 x 316.18124pt>
File: simulation/fig2/M_image_train_loss_no1-eps-converted-to.pdf Graphic file 
(type pdf)
<use simulation/fig2/M_image_train_loss_no1-eps-converted-to.pdf>
Package pdftex.def Info: simulation/fig2/M_image_train_loss_no1-eps-converted-t
o.pdf  used on input line 639.
(pdftex.def)             Requested size: 151.76744pt x 113.82515pt.
Package epstopdf Info: Source file: <simulation/fig2/cifar_cnn_train_loss_no1.e
ps>
(epstopdf)                    date: 2020-06-06 18:19:21
(epstopdf)                    size: 50198 bytes
(epstopdf)             Output file: <simulation/fig2/cifar_cnn_train_loss_no1-e
ps-converted-to.pdf>
(epstopdf)                    date: 2020-06-06 18:19:21
(epstopdf)                    size: 22808 bytes
(epstopdf)             Command: <repstopdf --outfile=simulation/fig2/cifar_cnn_
train_loss_no1-eps-converted-to.pdf simulation/fig2/cifar_cnn_train_loss_no1.ep
s>
(epstopdf)             \includegraphics on input line 639.
Package epstopdf Info: Output file is already uptodate.
<simulation/fig2/cifar_cnn_train_loss_no1-eps-converted-to.pdf, id=430, 421.575
pt x 316.18124pt>
File: simulation/fig2/cifar_cnn_train_loss_no1-eps-converted-to.pdf Graphic fil
e (type pdf)
<use simulation/fig2/cifar_cnn_train_loss_no1-eps-converted-to.pdf>
Package pdftex.def Info: simulation/fig2/cifar_cnn_train_loss_no1-eps-converted
-to.pdf  used on input line 639.
(pdftex.def)             Requested size: 151.76744pt x 113.82515pt.
Package epstopdf Info: Source file: <simulation/fig2/imdb_lstm_train_loss_no1.e
ps>
(epstopdf)                    date: 2020-06-06 18:19:21
(epstopdf)                    size: 48462 bytes
(epstopdf)             Output file: <simulation/fig2/imdb_lstm_train_loss_no1-e
ps-converted-to.pdf>
(epstopdf)                    date: 2020-06-06 18:19:21
(epstopdf)                    size: 21931 bytes
(epstopdf)             Command: <repstopdf --outfile=simulation/fig2/imdb_lstm_
train_loss_no1-eps-converted-to.pdf simulation/fig2/imdb_lstm_train_loss_no1.ep
s>
(epstopdf)             \includegraphics on input line 645.
Package epstopdf Info: Output file is already uptodate.
<simulation/fig2/imdb_lstm_train_loss_no1-eps-converted-to.pdf, id=431, 421.575
pt x 316.18124pt>
File: simulation/fig2/imdb_lstm_train_loss_no1-eps-converted-to.pdf Graphic fil
e (type pdf)
<use simulation/fig2/imdb_lstm_train_loss_no1-eps-converted-to.pdf>
Package pdftex.def Info: simulation/fig2/imdb_lstm_train_loss_no1-eps-converted
-to.pdf  used on input line 645.
(pdftex.def)             Requested size: 151.76744pt x 113.82515pt.
Package epstopdf Info: Source file: <simulation/fig2/cifar10_resnet_train_loss.
eps>
(epstopdf)                    date: 2020-06-06 18:19:21
(epstopdf)                    size: 47444 bytes
(epstopdf)             Output file: <simulation/fig2/cifar10_resnet_train_loss-
eps-converted-to.pdf>
(epstopdf)                    date: 2020-06-06 18:19:21
(epstopdf)                    size: 22616 bytes
(epstopdf)             Command: <repstopdf --outfile=simulation/fig2/cifar10_re
snet_train_loss-eps-converted-to.pdf simulation/fig2/cifar10_resnet_train_loss.
eps>
(epstopdf)             \includegraphics on input line 645.
Package epstopdf Info: Output file is already uptodate.
<simulation/fig2/cifar10_resnet_train_loss-eps-converted-to.pdf, id=432, 421.57
5pt x 316.18124pt>
File: simulation/fig2/cifar10_resnet_train_loss-eps-converted-to.pdf Graphic fi
le (type pdf)
<use simulation/fig2/cifar10_resnet_train_loss-eps-converted-to.pdf>
Package pdftex.def Info: simulation/fig2/cifar10_resnet_train_loss-eps-converte
d-to.pdf  used on input line 645.
(pdftex.def)             Requested size: 151.76744pt x 113.82515pt.
Package epstopdf Info: Source file: <simulation/fig2/cifar100_resnet_train_loss
.eps>
(epstopdf)                    date: 2020-06-06 18:19:21
(epstopdf)                    size: 48679 bytes
(epstopdf)             Output file: <simulation/fig2/cifar100_resnet_train_loss
-eps-converted-to.pdf>
(epstopdf)                    date: 2020-06-06 18:19:21
(epstopdf)                    size: 22605 bytes
(epstopdf)             Command: <repstopdf --outfile=simulation/fig2/cifar100_r
esnet_train_loss-eps-converted-to.pdf simulation/fig2/cifar100_resnet_train_los
s.eps>
(epstopdf)             \includegraphics on input line 645.
Package epstopdf Info: Output file is already uptodate.
<simulation/fig2/cifar100_resnet_train_loss-eps-converted-to.pdf, id=433, 421.5
75pt x 316.18124pt>
File: simulation/fig2/cifar100_resnet_train_loss-eps-converted-to.pdf Graphic f
ile (type pdf)
<use simulation/fig2/cifar100_resnet_train_loss-eps-converted-to.pdf>
Package pdftex.def Info: simulation/fig2/cifar100_resnet_train_loss-eps-convert
ed-to.pdf  used on input line 645.
(pdftex.def)             Requested size: 151.76744pt x 113.82515pt.
 [9 <./simulation/fig2/M_rand_train_loss_no1-eps-converted-to.pdf> <./simulatio
n/fig2/M_image_train_loss_no1-eps-converted-to.pdf> <./simulation/fig2/cifar_cn
n_train_loss_no1-eps-converted-to.pdf> <./simulation/fig2/imdb_lstm_train_loss_
no1-eps-converted-to.pdf> <./simulation/fig2/cifar10_resnet_train_loss-eps-conv
erted-to.pdf> <./simulation/fig2/cifar100_resnet_train_loss-eps-converted-to.pd
f>]
Package epstopdf Info: Source file: <new_figure/new_mnist_img_figure/mnist_img_
train_loss_disz_2.eps>
(epstopdf)                    date: 2020-06-06 18:19:21
(epstopdf)                    size: 45231 bytes
(epstopdf)             Output file: <new_figure/new_mnist_img_figure/mnist_img_
train_loss_disz_2-eps-converted-to.pdf>
(epstopdf)                    date: 2020-06-06 18:19:21
(epstopdf)                    size: 21656 bytes
(epstopdf)             Command: <repstopdf --outfile=new_figure/new_mnist_img_f
igure/mnist_img_train_loss_disz_2-eps-converted-to.pdf new_figure/new_mnist_img
_figure/mnist_img_train_loss_disz_2.eps>
(epstopdf)             \includegraphics on input line 664.
Package epstopdf Info: Output file is already uptodate.
<new_figure/new_mnist_img_figure/mnist_img_train_loss_disz_2-eps-converted-to.p
df, id=493, 421.575pt x 316.18124pt>
File: new_figure/new_mnist_img_figure/mnist_img_train_loss_disz_2-eps-converted
-to.pdf Graphic file (type pdf)
<use new_figure/new_mnist_img_figure/mnist_img_train_loss_disz_2-eps-converted-
to.pdf>
Package pdftex.def Info: new_figure/new_mnist_img_figure/mnist_img_train_loss_d
isz_2-eps-converted-to.pdf  used on input line 664.
(pdftex.def)             Requested size: 151.76744pt x 113.82515pt.
Package epstopdf Info: Source file: <new_figure/new_mnist_img_figure/mnist_img_
train_acc_disz_2.eps>
(epstopdf)                    date: 2020-06-06 18:19:21
(epstopdf)                    size: 45671 bytes
(epstopdf)             Output file: <new_figure/new_mnist_img_figure/mnist_img_
train_acc_disz_2-eps-converted-to.pdf>
(epstopdf)                    date: 2020-06-06 18:19:21
(epstopdf)                    size: 22129 bytes
(epstopdf)             Command: <repstopdf --outfile=new_figure/new_mnist_img_f
igure/mnist_img_train_acc_disz_2-eps-converted-to.pdf new_figure/new_mnist_img_
figure/mnist_img_train_acc_disz_2.eps>
(epstopdf)             \includegraphics on input line 664.
Package epstopdf Info: Output file is already uptodate.
<new_figure/new_mnist_img_figure/mnist_img_train_acc_disz_2-eps-converted-to.pd
f, id=494, 421.575pt x 316.18124pt>
File: new_figure/new_mnist_img_figure/mnist_img_train_acc_disz_2-eps-converted-
to.pdf Graphic file (type pdf)
<use new_figure/new_mnist_img_figure/mnist_img_train_acc_disz_2-eps-converted-t
o.pdf>
Package pdftex.def Info: new_figure/new_mnist_img_figure/mnist_img_train_acc_di
sz_2-eps-converted-to.pdf  used on input line 664.
(pdftex.def)             Requested size: 151.76744pt x 113.82515pt.
Package epstopdf Info: Source file: <new_figure/mnist_img_test_loss_disz.eps>
(epstopdf)                    date: 2020-06-06 18:19:21
(epstopdf)                    size: 69735 bytes
(epstopdf)             Output file: <new_figure/mnist_img_test_loss_disz-eps-co
nverted-to.pdf>
(epstopdf)                    date: 2020-06-06 18:19:21
(epstopdf)                    size: 68426 bytes
(epstopdf)             Command: <repstopdf --outfile=new_figure/mnist_img_test_
loss_disz-eps-converted-to.pdf new_figure/mnist_img_test_loss_disz.eps>
(epstopdf)             \includegraphics on input line 664.
Package epstopdf Info: Output file is already uptodate.
<new_figure/mnist_img_test_loss_disz-eps-converted-to.pdf, id=495, 421.575pt x 
316.18124pt>
File: new_figure/mnist_img_test_loss_disz-eps-converted-to.pdf Graphic file (ty
pe pdf)
<use new_figure/mnist_img_test_loss_disz-eps-converted-to.pdf>
Package pdftex.def Info: new_figure/mnist_img_test_loss_disz-eps-converted-to.p
df  used on input line 664.
(pdftex.def)             Requested size: 151.76744pt x 113.82515pt.
Package epstopdf Info: Source file: <new_figure/mnist_img_test_acc_disz.eps>
(epstopdf)                    date: 2020-06-06 18:19:21
(epstopdf)                    size: 48966 bytes
(epstopdf)             Output file: <new_figure/mnist_img_test_acc_disz-eps-con
verted-to.pdf>
(epstopdf)                    date: 2020-06-06 18:19:21
(epstopdf)                    size: 22498 bytes
(epstopdf)             Command: <repstopdf --outfile=new_figure/mnist_img_test_
acc_disz-eps-converted-to.pdf new_figure/mnist_img_test_acc_disz.eps>
(epstopdf)             \includegraphics on input line 670.
Package epstopdf Info: Output file is already uptodate.
<new_figure/mnist_img_test_acc_disz-eps-converted-to.pdf, id=496, 421.575pt x 3
16.18124pt>
File: new_figure/mnist_img_test_acc_disz-eps-converted-to.pdf Graphic file (typ
e pdf)
<use new_figure/mnist_img_test_acc_disz-eps-converted-to.pdf>
Package pdftex.def Info: new_figure/mnist_img_test_acc_disz-eps-converted-to.pd
f  used on input line 670.
(pdftex.def)             Requested size: 151.76744pt x 113.82515pt.
Package epstopdf Info: Source file: <new_figure/cifar10_train_loss_disz.eps>
(epstopdf)                    date: 2020-06-06 18:19:21
(epstopdf)                    size: 49413 bytes
(epstopdf)             Output file: <new_figure/cifar10_train_loss_disz-eps-con
verted-to.pdf>
(epstopdf)                    date: 2020-06-06 18:19:21
(epstopdf)                    size: 23151 bytes
(epstopdf)             Command: <repstopdf --outfile=new_figure/cifar10_train_l
oss_disz-eps-converted-to.pdf new_figure/cifar10_train_loss_disz.eps>
(epstopdf)             \includegraphics on input line 670.
Package epstopdf Info: Output file is already uptodate.
<new_figure/cifar10_train_loss_disz-eps-converted-to.pdf, id=497, 421.575pt x 3
16.18124pt>
File: new_figure/cifar10_train_loss_disz-eps-converted-to.pdf Graphic file (typ
e pdf)
<use new_figure/cifar10_train_loss_disz-eps-converted-to.pdf>
Package pdftex.def Info: new_figure/cifar10_train_loss_disz-eps-converted-to.pd
f  used on input line 670.
(pdftex.def)             Requested size: 151.76744pt x 113.82515pt.
Package epstopdf Info: Source file: <new_figure/cifar10_train_acc_disz.eps>
(epstopdf)                    date: 2020-06-06 18:19:21
(epstopdf)                    size: 49353 bytes
(epstopdf)             Output file: <new_figure/cifar10_train_acc_disz-eps-conv
erted-to.pdf>
(epstopdf)                    date: 2020-06-06 18:19:21
(epstopdf)                    size: 23599 bytes
(epstopdf)             Command: <repstopdf --outfile=new_figure/cifar10_train_a
cc_disz-eps-converted-to.pdf new_figure/cifar10_train_acc_disz.eps>
(epstopdf)             \includegraphics on input line 670.
Package epstopdf Info: Output file is already uptodate.
<new_figure/cifar10_train_acc_disz-eps-converted-to.pdf, id=498, 421.575pt x 31
6.18124pt>
File: new_figure/cifar10_train_acc_disz-eps-converted-to.pdf Graphic file (type
 pdf)
<use new_figure/cifar10_train_acc_disz-eps-converted-to.pdf>
Package pdftex.def Info: new_figure/cifar10_train_acc_disz-eps-converted-to.pdf
  used on input line 670.
(pdftex.def)             Requested size: 151.76744pt x 113.82515pt.
Package epstopdf Info: Source file: <new_figure/cifar10_test_loss_disz.eps>
(epstopdf)                    date: 2020-06-06 18:19:21
(epstopdf)                    size: 94009 bytes
(epstopdf)             Output file: <new_figure/cifar10_test_loss_disz-eps-conv
erted-to.pdf>
(epstopdf)                    date: 2020-06-06 18:19:21
(epstopdf)                    size: 92661 bytes
(epstopdf)             Command: <repstopdf --outfile=new_figure/cifar10_test_lo
ss_disz-eps-converted-to.pdf new_figure/cifar10_test_loss_disz.eps>
(epstopdf)             \includegraphics on input line 676.
Package epstopdf Info: Output file is already uptodate.
<new_figure/cifar10_test_loss_disz-eps-converted-to.pdf, id=499, 421.575pt x 31
6.18124pt>
File: new_figure/cifar10_test_loss_disz-eps-converted-to.pdf Graphic file (type
 pdf)
<use new_figure/cifar10_test_loss_disz-eps-converted-to.pdf>
Package pdftex.def Info: new_figure/cifar10_test_loss_disz-eps-converted-to.pdf
  used on input line 676.
(pdftex.def)             Requested size: 151.76744pt x 113.82515pt.
Package epstopdf Info: Source file: <new_figure/cifar10_test_acc_disz.eps>
(epstopdf)                    date: 2020-06-06 18:19:21
(epstopdf)                    size: 49397 bytes
(epstopdf)             Output file: <new_figure/cifar10_test_acc_disz-eps-conve
rted-to.pdf>
(epstopdf)                    date: 2020-06-06 18:19:21
(epstopdf)                    size: 23935 bytes
(epstopdf)             Command: <repstopdf --outfile=new_figure/cifar10_test_ac
c_disz-eps-converted-to.pdf new_figure/cifar10_test_acc_disz.eps>
(epstopdf)             \includegraphics on input line 676.
Package epstopdf Info: Output file is already uptodate.
<new_figure/cifar10_test_acc_disz-eps-converted-to.pdf, id=500, 421.575pt x 316
.18124pt>
File: new_figure/cifar10_test_acc_disz-eps-converted-to.pdf Graphic file (type 
pdf)
<use new_figure/cifar10_test_acc_disz-eps-converted-to.pdf>
Package pdftex.def Info: new_figure/cifar10_test_acc_disz-eps-converted-to.pdf 
 used on input line 676.
(pdftex.def)             Requested size: 151.76744pt x 113.82515pt.
Package epstopdf Info: Source file: <new_figure/cifar100_train_loss_disz.eps>
(epstopdf)                    date: 2020-06-06 18:19:21
(epstopdf)                    size: 49635 bytes
(epstopdf)             Output file: <new_figure/cifar100_train_loss_disz-eps-co
nverted-to.pdf>
(epstopdf)                    date: 2020-06-06 18:19:21
(epstopdf)                    size: 23121 bytes
(epstopdf)             Command: <repstopdf --outfile=new_figure/cifar100_train_
loss_disz-eps-converted-to.pdf new_figure/cifar100_train_loss_disz.eps>
(epstopdf)             \includegraphics on input line 676.
Package epstopdf Info: Output file is already uptodate.
<new_figure/cifar100_train_loss_disz-eps-converted-to.pdf, id=501, 421.575pt x 
316.18124pt>
File: new_figure/cifar100_train_loss_disz-eps-converted-to.pdf Graphic file (ty
pe pdf)
<use new_figure/cifar100_train_loss_disz-eps-converted-to.pdf>
Package pdftex.def Info: new_figure/cifar100_train_loss_disz-eps-converted-to.p
df  used on input line 676.
(pdftex.def)             Requested size: 151.76744pt x 113.82515pt.
Package epstopdf Info: Source file: <new_figure/cifar100_train_acc_disz.eps>
(epstopdf)                    date: 2020-06-06 18:19:21
(epstopdf)                    size: 50190 bytes
(epstopdf)             Output file: <new_figure/cifar100_train_acc_disz-eps-con
verted-to.pdf>
(epstopdf)                    date: 2020-06-06 18:19:21
(epstopdf)                    size: 23485 bytes
(epstopdf)             Command: <repstopdf --outfile=new_figure/cifar100_train_
acc_disz-eps-converted-to.pdf new_figure/cifar100_train_acc_disz.eps>
(epstopdf)             \includegraphics on input line 681.
Package epstopdf Info: Output file is already uptodate.
<new_figure/cifar100_train_acc_disz-eps-converted-to.pdf, id=502, 421.575pt x 3
16.18124pt>
File: new_figure/cifar100_train_acc_disz-eps-converted-to.pdf Graphic file (typ
e pdf)
<use new_figure/cifar100_train_acc_disz-eps-converted-to.pdf>
Package pdftex.def Info: new_figure/cifar100_train_acc_disz-eps-converted-to.pd
f  used on input line 681.
(pdftex.def)             Requested size: 151.76744pt x 113.82515pt.
Package epstopdf Info: Source file: <new_figure/cifar100_test_loss_disz.eps>
(epstopdf)                    date: 2020-06-06 18:19:21
(epstopdf)                    size: 48935 bytes
(epstopdf)             Output file: <new_figure/cifar100_test_loss_disz-eps-con
verted-to.pdf>
(epstopdf)                    date: 2020-06-06 18:19:21
(epstopdf)                    size: 22862 bytes
(epstopdf)             Command: <repstopdf --outfile=new_figure/cifar100_test_l
oss_disz-eps-converted-to.pdf new_figure/cifar100_test_loss_disz.eps>
(epstopdf)             \includegraphics on input line 681.
Package epstopdf Info: Output file is already uptodate.
<new_figure/cifar100_test_loss_disz-eps-converted-to.pdf, id=503, 421.575pt x 3
16.18124pt>
File: new_figure/cifar100_test_loss_disz-eps-converted-to.pdf Graphic file (typ
e pdf)
<use new_figure/cifar100_test_loss_disz-eps-converted-to.pdf>
Package pdftex.def Info: new_figure/cifar100_test_loss_disz-eps-converted-to.pd
f  used on input line 681.
(pdftex.def)             Requested size: 151.76744pt x 113.82515pt.
Package epstopdf Info: Source file: <new_figure/cifar100_test_acc_disz.eps>
(epstopdf)                    date: 2020-06-06 18:19:21
(epstopdf)                    size: 49692 bytes
(epstopdf)             Output file: <new_figure/cifar100_test_acc_disz-eps-conv
erted-to.pdf>
(epstopdf)                    date: 2020-06-06 18:19:21
(epstopdf)                    size: 23517 bytes
(epstopdf)             Command: <repstopdf --outfile=new_figure/cifar100_test_a
cc_disz-eps-converted-to.pdf new_figure/cifar100_test_acc_disz.eps>
(epstopdf)             \includegraphics on input line 681.
Package epstopdf Info: Output file is already uptodate.
<new_figure/cifar100_test_acc_disz-eps-converted-to.pdf, id=504, 421.575pt x 31
6.18124pt>
File: new_figure/cifar100_test_acc_disz-eps-converted-to.pdf Graphic file (type
 pdf)
<use new_figure/cifar100_test_acc_disz-eps-converted-to.pdf>
Package pdftex.def Info: new_figure/cifar100_test_acc_disz-eps-converted-to.pdf
  used on input line 681.
(pdftex.def)             Requested size: 151.76744pt x 113.82515pt.
 [10 <./new_figure/new_mnist_img_figure/mnist_img_train_loss_disz_2-eps-convert
ed-to.pdf> <./new_figure/new_mnist_img_figure/mnist_img_train_acc_disz_2-eps-co
nverted-to.pdf> <./new_figure/mnist_img_test_loss_disz-eps-converted-to.pdf> <.
/new_figure/mnist_img_test_acc_disz-eps-converted-to.pdf> <./new_figure/cifar10
_train_loss_disz-eps-converted-to.pdf> <./new_figure/cifar10_train_acc_disz-eps
-converted-to.pdf> <./new_figure/cifar10_test_loss_disz-eps-converted-to.pdf> <
./new_figure/cifar10_test_acc_disz-eps-converted-to.pdf> <./new_figure/cifar100
_train_loss_disz-eps-converted-to.pdf> <./new_figure/cifar100_train_acc_disz-ep
s-converted-to.pdf> <./new_figure/cifar100_test_loss_disz-eps-converted-to.pdf>
 <./new_figure/cifar100_test_acc_disz-eps-converted-to.pdf>]

Package hyperref Warning: Token not allowed in a PDF string (PDFDocEncoding):
(hyperref)                removing `math shift' on input line 690.


Package hyperref Warning: Token not allowed in a PDF string (PDFDocEncoding):
(hyperref)                removing `math shift' on input line 690.

Package epstopdf Info: Source file: <new_figure/new_mnist_img_figure/mnist_img_
train_loss_r3510_2.eps>
(epstopdf)                    date: 2020-06-06 18:19:21
(epstopdf)                    size: 56418 bytes
(epstopdf)             Output file: <new_figure/new_mnist_img_figure/mnist_img_
train_loss_r3510_2-eps-converted-to.pdf>
(epstopdf)                    date: 2020-06-06 18:19:21
(epstopdf)                    size: 30506 bytes
(epstopdf)             Command: <repstopdf --outfile=new_figure/new_mnist_img_f
igure/mnist_img_train_loss_r3510_2-eps-converted-to.pdf new_figure/new_mnist_im
g_figure/mnist_img_train_loss_r3510_2.eps>
(epstopdf)             \includegraphics on input line 707.
Package epstopdf Info: Output file is already uptodate.
<new_figure/new_mnist_img_figure/mnist_img_train_loss_r3510_2-eps-converted-to.
pdf, id=599, 421.575pt x 316.18124pt>
File: new_figure/new_mnist_img_figure/mnist_img_train_loss_r3510_2-eps-converte
d-to.pdf Graphic file (type pdf)
<use new_figure/new_mnist_img_figure/mnist_img_train_loss_r3510_2-eps-converted
-to.pdf>
Package pdftex.def Info: new_figure/new_mnist_img_figure/mnist_img_train_loss_r
3510_2-eps-converted-to.pdf  used on input line 707.
(pdftex.def)             Requested size: 151.76744pt x 113.82515pt.
Package epstopdf Info: Source file: <new_figure/cifar10_train_loss_r3510.eps>
(epstopdf)                    date: 2020-06-06 18:19:21
(epstopdf)                    size: 60897 bytes
(epstopdf)             Output file: <new_figure/cifar10_train_loss_r3510-eps-co
nverted-to.pdf>
(epstopdf)                    date: 2020-06-06 18:19:21
(epstopdf)                    size: 32490 bytes
(epstopdf)             Command: <repstopdf --outfile=new_figure/cifar10_train_l
oss_r3510-eps-converted-to.pdf new_figure/cifar10_train_loss_r3510.eps>
(epstopdf)             \includegraphics on input line 707.
Package epstopdf Info: Output file is already uptodate.
<new_figure/cifar10_train_loss_r3510-eps-converted-to.pdf, id=600, 421.575pt x 
316.18124pt>
File: new_figure/cifar10_train_loss_r3510-eps-converted-to.pdf Graphic file (ty
pe pdf)
<use new_figure/cifar10_train_loss_r3510-eps-converted-to.pdf>
Package pdftex.def Info: new_figure/cifar10_train_loss_r3510-eps-converted-to.p
df  used on input line 707.
(pdftex.def)             Requested size: 151.76744pt x 113.82515pt.
[11 <./new_figure/new_mnist_img_figure/mnist_img_train_loss_r3510_2-eps-convert
ed-to.pdf> <./new_figure/cifar10_train_loss_r3510-eps-converted-to.pdf>]
(./main.bbl [12

] [13]) [14]
Package epstopdf Info: Source file: <simulation/fig/fig1_left.eps>
(epstopdf)                    date: 2020-06-06 18:19:21
(epstopdf)                    size: 26296 bytes
(epstopdf)             Output file: <simulation/fig/fig1_left-eps-converted-to.
pdf>
(epstopdf)                    date: 2020-06-06 18:19:21
(epstopdf)                    size: 8350 bytes
(epstopdf)             Command: <repstopdf --outfile=simulation/fig/fig1_left-e
ps-converted-to.pdf simulation/fig/fig1_left.eps>
(epstopdf)             \includegraphics on input line 770.
Package epstopdf Info: Output file is already uptodate.
<simulation/fig/fig1_left-eps-converted-to.pdf, id=640, 421.575pt x 316.18124pt
>
File: simulation/fig/fig1_left-eps-converted-to.pdf Graphic file (type pdf)
<use simulation/fig/fig1_left-eps-converted-to.pdf>
Package pdftex.def Info: simulation/fig/fig1_left-eps-converted-to.pdf  used on
 input line 770.
(pdftex.def)             Requested size: 122.85876pt x 92.1437pt.
Package epstopdf Info: Source file: <simulation/fig/fig1_right.eps>
(epstopdf)                    date: 2020-06-06 18:19:21
(epstopdf)                    size: 21667 bytes
(epstopdf)             Output file: <simulation/fig/fig1_right-eps-converted-to
.pdf>
(epstopdf)                    date: 2020-06-06 18:19:21
(epstopdf)                    size: 7549 bytes
(epstopdf)             Command: <repstopdf --outfile=simulation/fig/fig1_right-
eps-converted-to.pdf simulation/fig/fig1_right.eps>
(epstopdf)             \includegraphics on input line 770.
Package epstopdf Info: Output file is already uptodate.
<simulation/fig/fig1_right-eps-converted-to.pdf, id=641, 421.575pt x 316.18124p
t>
File: simulation/fig/fig1_right-eps-converted-to.pdf Graphic file (type pdf)
<use simulation/fig/fig1_right-eps-converted-to.pdf>
Package pdftex.def Info: simulation/fig/fig1_right-eps-converted-to.pdf  used o
n input line 770.
(pdftex.def)             Requested size: 122.85876pt x 92.1437pt.
Package epstopdf Info: Source file: <simulation/fig/fig2_left.eps>
(epstopdf)                    date: 2020-06-06 18:19:21
(epstopdf)                    size: 31784 bytes
(epstopdf)             Output file: <simulation/fig/fig2_left-eps-converted-to.
pdf>
(epstopdf)                    date: 2020-06-06 18:19:21
(epstopdf)                    size: 9208 bytes
(epstopdf)             Command: <repstopdf --outfile=simulation/fig/fig2_left-e
ps-converted-to.pdf simulation/fig/fig2_left.eps>
(epstopdf)             \includegraphics on input line 770.
Package epstopdf Info: Output file is already uptodate.
<simulation/fig/fig2_left-eps-converted-to.pdf, id=642, 421.575pt x 316.18124pt
>
File: simulation/fig/fig2_left-eps-converted-to.pdf Graphic file (type pdf)
<use simulation/fig/fig2_left-eps-converted-to.pdf>
Package pdftex.def Info: simulation/fig/fig2_left-eps-converted-to.pdf  used on
 input line 770.
(pdftex.def)             Requested size: 122.85876pt x 92.1437pt.
Package epstopdf Info: Source file: <simulation/fig/fig2_right.eps>
(epstopdf)                    date: 2020-06-06 18:19:21
(epstopdf)                    size: 24890 bytes
(epstopdf)             Output file: <simulation/fig/fig2_right-eps-converted-to
.pdf>
(epstopdf)                    date: 2020-06-06 18:19:21
(epstopdf)                    size: 7612 bytes
(epstopdf)             Command: <repstopdf --outfile=simulation/fig/fig2_right-
eps-converted-to.pdf simulation/fig/fig2_right.eps>
(epstopdf)             \includegraphics on input line 770.
Package epstopdf Info: Output file is already uptodate.
<simulation/fig/fig2_right-eps-converted-to.pdf, id=643, 421.575pt x 316.18124p
t>
File: simulation/fig/fig2_right-eps-converted-to.pdf Graphic file (type pdf)
<use simulation/fig/fig2_right-eps-converted-to.pdf>
Package pdftex.def Info: simulation/fig/fig2_right-eps-converted-to.pdf  used o
n input line 770.
(pdftex.def)             Requested size: 122.85876pt x 92.1437pt.

Overfull \hbox (14.42458pt too wide) in paragraph at lines 770--771
 [] 
 []

[15

 <./simulation/fig/fig1_left-eps-converted-to.pdf> <./simulation/fig/fig1_right
-eps-converted-to.pdf> <./simulation/fig/fig2_left-eps-converted-to.pdf> <./sim
ulation/fig/fig2_right-eps-converted-to.pdf>] [16pdfTeX warning (ext4): destina
tion with the same identifier (name{equation.B.6}) has been already used, dupli
cate ignored

\AtBegShi@Output ...ipout \box \AtBeginShipoutBox 
                                                  \fi \fi 
l.876 \end{equation}
                    pdfTeX warning (ext4): destination with the same identifier
 (name{equation.B.6}) has been already used, duplicate ignored

\AtBegShi@Output ...ipout \box \AtBeginShipoutBox 
                                                  \fi \fi 
l.876 \end{equation}
                    ] [17pdfTeX warning (ext4): destination with the same ident
ifier (name{equation.B.12}) has been already used, duplicate ignored

\AtBegShi@Output ...ipout \box \AtBeginShipoutBox 
                                                  \fi \fi 
l.936 \end{align*}
                  pdfTeX warning (ext4): destination with the same identifier (
name{equation.C.15}) has been already used, duplicate ignored

\AtBegShi@Output ...ipout \box \AtBeginShipoutBox 
                                                  \fi \fi 
l.936 \end{align*}
                  ] [18pdfTeX warning (ext4): destination with the same identif
ier (name{equation.D.16}) has been already used, duplicate ignored

\AtBegShi@Output ...ipout \box \AtBeginShipoutBox 
                                                  \fi \fi 
l.986 \eeq
          pdfTeX warning (ext4): destination with the same identifier (name{equ
ation.D.16}) has been already used, duplicate ignored

\AtBegShi@Output ...ipout \box \AtBeginShipoutBox 
                                                  \fi \fi 
l.986 \eeq
          ]pdfTeX warning (ext4): destination with the same identifier (name{eq
uation.D.16}) has been already used, duplicate ignored
<to be read again> 
                   \relax 
l.991 \beq
          \notagpdfTeX warning (ext4): destination with the same identifier (na
me{equation.D.16}) has been already used, duplicate ignored
<to be read again> 
                   \relax 
l.1001 \beq
           \notagpdfTeX warning (ext4): destination with the same identifier (n
ame{equation.D.16}) has been already used, duplicate ignored
<to be read again> 
                   \relax 
l.1010 \beq
           \notagpdfTeX warning (ext4): destination with the same identifier (n
ame{equation.D.16}) has been already used, duplicate ignored
<to be read again> 
                   \relax 
l.1031 \beq
           \notagpdfTeX warning (ext4): destination with the same identifier (n
ame{equation.D.16}) has been already used, duplicate ignored
<to be read again> 
                   \relax 
l.1037 \beq
           \notag [19pdfTeX warning (ext4): destination with the same identifie
r (name{equation.D.16}) has been already used, duplicate ignored

\AtBegShi@Output ...ipout \box \AtBeginShipoutBox 
                                                  \fi \fi 
l.1082 \eeq
           ] [20pdfTeX warning (ext4): destination with the same identifier (na
me{equation.E.16}) has been already used, duplicate ignored

\AtBegShi@Output ...ipout \box \AtBeginShipoutBox 
                                                  \fi \fi 
l.1157  \eeq
            pdfTeX warning (ext4): destination with the same identifier (name{e
quation.E.17}) has been already used, duplicate ignored

\AtBegShi@Output ...ipout \box \AtBeginShipoutBox 
                                                  \fi \fi 
l.1157  \eeq
            ] [21pdfTeX warning (ext4): destination with the same identifier (n
ame{equation.E.22}) has been already used, duplicate ignored

\AtBegShi@Output ...ipout \box \AtBeginShipoutBox 
                                                  \fi \fi 
l.1214 \eeq
           pdfTeX warning (ext4): destination with the same identifier (name{eq
uation.E.23}) has been already used, duplicate ignored

\AtBegShi@Output ...ipout \box \AtBeginShipoutBox 
                                                  \fi \fi 
l.1214 \eeq
           ]pdfTeX warning (ext4): destination with the same identifier (name{e
quation.E.25}) has been already used, duplicate ignored
<to be read again> 
                   \relax 
l.1217 \beq
           \label{eq:bound1} [22pdfTeX warning (ext4): destination with the sam
e identifier (name{equation.E.25}) has been already used, duplicate ignored

\AtBegShi@Output ...ipout \box \AtBeginShipoutBox 
                                                  \fi \fi 
l.1272 \eeq
           pdfTeX warning (ext4): destination with the same identifier (name{eq
uation.E.26}) has been already used, duplicate ignored

\AtBegShi@Output ...ipout \box \AtBeginShipoutBox 
                                                  \fi \fi 
l.1272 \eeq
           pdfTeX warning (ext4): destination with the same identifier (name{eq
uation.E.26}) has been already used, duplicate ignored

\AtBegShi@Output ...ipout \box \AtBeginShipoutBox 
                                                  \fi \fi 
l.1272 \eeq
           ]pdfTeX warning (ext4): destination with the same identifier (name{e
quation.E.26}) has been already used, duplicate ignored
<to be read again> 
                   \relax 
l.1274 \beq
           \notagpdfTeX warning (ext4): destination with the same identifier (n
ame{equation.E.26}) has been already used, duplicate ignored
<to be read again> 
                   \relax 
l.1282 \beq
           \notagpdfTeX warning (ext4): destination with the same identifier (n
ame{equation.E.26}) has been already used, duplicate ignored
<to be read again> 
                   \relax 
l.1286 \beq
           \notagpdfTeX warning (ext4): destination with the same identifier (n
ame{equation.E.26}) has been already used, duplicate ignored
<to be read again> 
                   \relax 
l.1292 \beq
            \notag [23pdfTeX warning (ext4): destination with the same identifi
er (name{equation.E.26}) has been already used, duplicate ignored

\AtBegShi@Output ...ipout \box \AtBeginShipoutBox 
                                                  \fi \fi 
l.1301 \newpage
               ] [24pdfTeX warning (ext4): destination with the same identifier
 (name{equation.F.28}) has been already used, duplicate ignored

\AtBegShi@Output ...ipout \box \AtBeginShipoutBox 
                                                  \fi \fi 
l.1380 N
        ow that we have shown this boundedness property for the last layer $...
pdfTeX warning (ext4): destination with the same identifier (name{equation.F.28
}) has been already used, duplicate ignored

\AtBegShi@Output ...ipout \box \AtBeginShipoutBox 
                                                  \fi \fi 
l.1380 N
        ow that we have shown this boundedness property for the last layer $...
] [25]
Package atveryend Info: Empty hook `BeforeClearDocument' on input line 1403.
Package atveryend Info: Empty hook `AfterLastShipout' on input line 1403.
 (./main.aux)
Package atveryend Info: Executing hook `AtVeryEndDocument' on input line 1403.
Package atveryend Info: Executing hook `AtEndAfterFileList' on input line 1403.

Package rerunfilecheck Info: File `main.out' has not changed.
(rerunfilecheck)             Checksum: 25291ED824AAAAB66194BD3A85D5846E;1307.


LaTeX Font Warning: Size substitutions with differences
(Font)              up to 0.5pt have occurred.


LaTeX Font Warning: Some font shapes were not available, defaults substituted.

Package atveryend Info: Empty hook `AtVeryVeryEnd' on input line 1403.
 ) 
Here is how much of TeX's memory you used:
 34799 strings out of 492649
 829758 string characters out of 6129622
 1120113 words of memory out of 5000000
 37843 multiletter control sequences out of 15000+600000
 27453 words of font info for 104 fonts, out of 8000000 for 9000
 1141 hyphenation exceptions out of 8191
 62i,23n,96p,1102b,777s stack positions out of 5000i,500n,10000p,200000b,80000s
</usr/local/texlive/2018/texmf-dist/fonts/type1/public/amsfonts/cm/cmbx10.pfb
></usr/local/texlive/2018/texmf-dist/fonts/type1/public/amsfonts/cm/cmbx12.pfb>
</usr/local/texlive/2018/texmf-dist/fonts/type1/public/amsfonts/cm/cmbx9.pfb></
usr/local/texlive/2018/texmf-dist/fonts/type1/public/amsfonts/cm/cmcsc10.pfb></
usr/local/texlive/2018/texmf-dist/fonts/type1/public/amsfonts/cm/cmex10.pfb></u
sr/local/texlive/2018/texmf-dist/fonts/type1/public/amsfonts/cm/cmmi10.pfb></us
r/local/texlive/2018/texmf-dist/fonts/type1/public/amsfonts/cm/cmmi12.pfb></usr
/local/texlive/2018/texmf-dist/fonts/type1/public/amsfonts/cm/cmmi5.pfb></usr/l
ocal/texlive/2018/texmf-dist/fonts/type1/public/amsfonts/cm/cmmi6.pfb></usr/loc
al/texlive/2018/texmf-dist/fonts/type1/public/amsfonts/cm/cmmi7.pfb></usr/local
/texlive/2018/texmf-dist/fonts/type1/public/amsfonts/cm/cmmi8.pfb></usr/local/t
exlive/2018/texmf-dist/fonts/type1/public/amsfonts/cm/cmmi9.pfb></usr/local/tex
live/2018/texmf-dist/fonts/type1/public/amsfonts/cm/cmr10.pfb></usr/local/texli
ve/2018/texmf-dist/fonts/type1/public/amsfonts/cm/cmr12.pfb></usr/local/texlive
/2018/texmf-dist/fonts/type1/public/amsfonts/cm/cmr17.pfb></usr/local/texlive/2
018/texmf-dist/fonts/type1/public/amsfonts/cm/cmr5.pfb></usr/local/texlive/2018
/texmf-dist/fonts/type1/public/amsfonts/cm/cmr6.pfb></usr/local/texlive/2018/te
xmf-dist/fonts/type1/public/amsfonts/cm/cmr7.pfb></usr/local/texlive/2018/texmf
-dist/fonts/type1/public/amsfonts/cm/cmr8.pfb></usr/local/texlive/2018/texmf-di
st/fonts/type1/public/amsfonts/cm/cmr9.pfb></usr/local/texlive/2018/texmf-dist/
fonts/type1/public/amsfonts/cm/cmss10.pfb></usr/local/texlive/2018/texmf-dist/f
onts/type1/public/amsfonts/cm/cmss8.pfb></usr/local/texlive/2018/texmf-dist/fon
ts/type1/public/amsfonts/cm/cmss9.pfb></usr/local/texlive/2018/texmf-dist/fonts
/type1/public/amsfonts/cm/cmsy10.pfb></usr/local/texlive/2018/texmf-dist/fonts/
type1/public/amsfonts/cm/cmsy5.pfb></usr/local/texlive/2018/texmf-dist/fonts/ty
pe1/public/amsfonts/cm/cmsy6.pfb></usr/local/texlive/2018/texmf-dist/fonts/type
1/public/amsfonts/cm/cmsy7.pfb></usr/local/texlive/2018/texmf-dist/fonts/type1/
public/amsfonts/cm/cmsy8.pfb></usr/local/texlive/2018/texmf-dist/fonts/type1/pu
blic/amsfonts/cm/cmsy9.pfb></usr/local/texlive/2018/texmf-dist/fonts/type1/publ
ic/amsfonts/cm/cmti10.pfb></usr/local/texlive/2018/texmf-dist/fonts/type1/publi
c/amsfonts/cm/cmti8.pfb></usr/local/texlive/2018/texmf-dist/fonts/type1/public/
amsfonts/cm/cmtt10.pfb></usr/local/texlive/2018/texmf-dist/fonts/type1/public/a
msfonts/symbols/msam10.pfb></usr/local/texlive/2018/texmf-dist/fonts/type1/publ
ic/amsfonts/symbols/msbm10.pfb>
Output written on main.pdf (25 pages, 1147849 bytes).
PDF statistics:
 972 PDF objects out of 1000 (max. 8388607)
 825 compressed objects within 9 object streams
 187 named destinations out of 1000 (max. 500000)
 303 words of extra memory for PDF output out of 10000 (max. 10000000)

