This is pdfTeX, Version 3.14159265-2.6-1.40.19 (TeX Live 2018) (preloaded format=pdflatex 2018.7.23)  16 MAY 2021 14:03
entering extended mode
 restricted \write18 enabled.
 file:line:error style messages enabled.
 %&-line parsing enabled.
**main.tex
(./main.tex
LaTeX2e <2018-04-01> patch level 2
Babel <3.18> and hyphenation patterns for 84 language(s) loaded.
(/usr/local/texlive/2018/texmf-dist/tex/latex/base/article.cls
Document Class: article 2014/09/29 v1.4h Standard LaTeX document class
(/usr/local/texlive/2018/texmf-dist/tex/latex/base/size11.clo
File: size11.clo 2014/09/29 v1.4h Standard LaTeX file (size option)
)
\c@part=\count80
\c@section=\count81
\c@subsection=\count82
\c@subsubsection=\count83
\c@paragraph=\count84
\c@subparagraph=\count85
\c@figure=\count86
\c@table=\count87
\abovecaptionskip=\skip41
\belowcaptionskip=\skip42
\bibindent=\dimen102
)
(/usr/local/texlive/2018/texmf-dist/tex/latex/tools/bm.sty
Package: bm 2017/01/16 v1.2c Bold Symbol Support (DPC/FMi)
\symboldoperators=\mathgroup4
\symboldletters=\mathgroup5
\symboldsymbols=\mathgroup6
LaTeX Font Info:    Redeclaring math alphabet \mathbf on input line 141.
LaTeX Info: Redefining \bm on input line 207.
)
(/usr/local/texlive/2018/texmf-dist/tex/latex/amsmath/amsmath.sty
Package: amsmath 2017/09/02 v2.17a AMS math features
\@mathmargin=\skip43

For additional information on amsmath, use the `?' option.
(/usr/local/texlive/2018/texmf-dist/tex/latex/amsmath/amstext.sty
Package: amstext 2000/06/29 v2.01 AMS text

(/usr/local/texlive/2018/texmf-dist/tex/latex/amsmath/amsgen.sty
File: amsgen.sty 1999/11/30 v2.0 generic functions
\@emptytoks=\toks14
\ex@=\dimen103
))
(/usr/local/texlive/2018/texmf-dist/tex/latex/amsmath/amsbsy.sty
Package: amsbsy 1999/11/29 v1.2d Bold Symbols
LaTeX Info: Redefining \boldsymbol on input line 28.
\pmbraise@=\dimen104
)
(/usr/local/texlive/2018/texmf-dist/tex/latex/amsmath/amsopn.sty
Package: amsopn 2016/03/08 v2.02 operator names
)
\inf@bad=\count88
LaTeX Info: Redefining \frac on input line 213.
\uproot@=\count89
\leftroot@=\count90
LaTeX Info: Redefining \overline on input line 375.
\classnum@=\count91
\DOTSCASE@=\count92
LaTeX Info: Redefining \ldots on input line 472.
LaTeX Info: Redefining \dots on input line 475.
LaTeX Info: Redefining \cdots on input line 596.
\Mathstrutbox@=\box26
\strutbox@=\box27
\big@size=\dimen105
LaTeX Font Info:    Redeclaring font encoding OML on input line 712.
LaTeX Font Info:    Redeclaring font encoding OMS on input line 713.
\macc@depth=\count93
\c@MaxMatrixCols=\count94
\dotsspace@=\muskip10
\c@parentequation=\count95
\dspbrk@lvl=\count96
\tag@help=\toks15
\row@=\count97
\column@=\count98
\maxfields@=\count99
\andhelp@=\toks16
\eqnshift@=\dimen106
\alignsep@=\dimen107
\tagshift@=\dimen108
\tagwidth@=\dimen109
\totwidth@=\dimen110
\lineht@=\dimen111
\@envbody=\toks17
\multlinegap=\skip44
\multlinetaggap=\skip45
\mathdisplay@stack=\toks18
LaTeX Info: Redefining \[ on input line 2817.
LaTeX Info: Redefining \] on input line 2818.
)
(/usr/local/texlive/2018/texmf-dist/tex/latex/amscls/amsthm.sty
Package: amsthm 2017/10/31 v2.20.4
\thm@style=\toks19
\thm@bodyfont=\toks20
\thm@headfont=\toks21
\thm@notefont=\toks22
\thm@headpunct=\toks23
\thm@preskip=\skip46
\thm@postskip=\skip47
\thm@headsep=\skip48
\dth@everypar=\toks24
)
(/usr/local/texlive/2018/texmf-dist/tex/latex/amsfonts/amssymb.sty
Package: amssymb 2013/01/14 v3.01 AMS font symbols

(/usr/local/texlive/2018/texmf-dist/tex/latex/amsfonts/amsfonts.sty
Package: amsfonts 2013/01/14 v3.01 Basic AMSFonts support
\symAMSa=\mathgroup7
\symAMSb=\mathgroup8
LaTeX Font Info:    Overwriting math alphabet `\mathfrak' in version `bold'
(Font)                  U/euf/m/n --> U/euf/b/n on input line 106.
))
(/usr/local/texlive/2018/texmf-dist/tex/latex/tools/multicol.sty
Package: multicol 2018/04/01 v1.8r multicolumn formatting (FMi)
\c@tracingmulticols=\count100
\mult@box=\box28
\multicol@leftmargin=\dimen112
\c@unbalance=\count101
\c@collectmore=\count102
\doublecol@number=\count103
\multicoltolerance=\count104
\multicolpretolerance=\count105
\full@width=\dimen113
\page@free=\dimen114
\premulticols=\dimen115
\postmulticols=\dimen116
\multicolsep=\skip49
\multicolbaselineskip=\skip50
\partial@page=\box29
\last@line=\box30
\maxbalancingoverflow=\dimen117
\mult@rightbox=\box31
\mult@grightbox=\box32
\mult@gfirstbox=\box33
\mult@firstbox=\box34
\@tempa=\box35
\@tempa=\box36
\@tempa=\box37
\@tempa=\box38
\@tempa=\box39
\@tempa=\box40
\@tempa=\box41
\@tempa=\box42
\@tempa=\box43
\@tempa=\box44
\@tempa=\box45
\@tempa=\box46
\@tempa=\box47
\@tempa=\box48
\@tempa=\box49
\@tempa=\box50
\@tempa=\box51
\c@columnbadness=\count106
\c@finalcolumnbadness=\count107
\last@try=\dimen118
\multicolovershoot=\dimen119
\multicolundershoot=\dimen120
\mult@nat@firstbox=\box52
\colbreak@box=\box53
\mc@col@check@num=\count108
)
(./algorithmic.sty
Package: algorithmic 

Document Style `algorithmic' - environment
(/usr/local/texlive/2018/texmf-dist/tex/latex/base/ifthen.sty
Package: ifthen 2014/09/29 v1.1c Standard LaTeX ifthen package (DPC)
)
(/usr/local/texlive/2018/texmf-dist/tex/latex/tools/calc.sty
Package: calc 2017/05/25 v4.3 Infix arithmetic (KKT,FJ)
\calc@Acount=\count109
\calc@Bcount=\count110
\calc@Adimen=\dimen121
\calc@Bdimen=\dimen122
\calc@Askip=\skip51
\calc@Bskip=\skip52
LaTeX Info: Redefining \setlength on input line 80.
LaTeX Info: Redefining \addtolength on input line 81.
\calc@Ccount=\count111
\calc@Cskip=\skip53
)
\c@ALC@line=\count112
\c@ALC@rem=\count113
\ALC@tlm=\skip54
) (./algorithm.sty
Package: algorithm 
Document Style `algorithm' - floating environment
(/usr/local/texlive/2018/texmf-dist/tex/latex/float/float.sty
Package: float 2001/11/08 v1.3d Float enhancements (AL)
\c@float@type=\count114
\float@exts=\toks25
\float@box=\box54
\@float@everytoks=\toks26
\@floatcapt=\box55
)
\@float@every@algorithm=\toks27
\c@algorithm=\count115
)
(/usr/local/texlive/2018/texmf-dist/tex/latex/enumitem/enumitem.sty
Package: enumitem 2011/09/28 v3.5.2 Customized lists
\enitkv@toks@=\toks28
\labelindent=\skip55
\enit@outerparindent=\dimen123
\enit@toks=\toks29
\enit@inbox=\box56
\enitdp@description=\count116
)
(/usr/local/texlive/2018/texmf-dist/tex/latex/subfigure/subfigure.sty
Package: subfigure 2002/03/15 v2.1.5 subfigure package
\subfigtopskip=\skip56
\subfigcapskip=\skip57
\subfigcaptopadj=\dimen124
\subfigbottomskip=\skip58
\subfigcapmargin=\dimen125
\subfiglabelskip=\skip59
\c@subfigure=\count117
\c@lofdepth=\count118
\c@subtable=\count119
\c@lotdepth=\count120

****************************************
* Local config file subfigure.cfg used *
****************************************
(/usr/local/texlive/2018/texmf-dist/tex/latex/subfigure/subfigure.cfg)
\subfig@top=\skip60
\subfig@bottom=\skip61
)
(/usr/local/texlive/2018/texmf-dist/tex/latex/xargs/xargs.sty
Package: xargs 2008/03/22 v1.1  extended macro definitions  (mpg)

(/usr/local/texlive/2018/texmf-dist/tex/latex/xkeyval/xkeyval.sty
Package: xkeyval 2014/12/03 v2.7a package option processing (HA)

(/usr/local/texlive/2018/texmf-dist/tex/generic/xkeyval/xkeyval.tex
(/usr/local/texlive/2018/texmf-dist/tex/generic/xkeyval/xkvutils.tex
\XKV@toks=\toks30
\XKV@tempa@toks=\toks31

(/usr/local/texlive/2018/texmf-dist/tex/generic/xkeyval/keyval.tex))
\XKV@depth=\count121
File: xkeyval.tex 2014/12/03 v2.7a key=value parser (HA)
))
\xargs@max=\count122
\xargs@toksa=\toks32
\xargs@toksb=\toks33
)
(/usr/local/texlive/2018/texmf-dist/tex/latex/stmaryrd/stmaryrd.sty
Package: stmaryrd 1994/03/03 St Mary's Road symbol package
\symstmry=\mathgroup9
LaTeX Font Info:    Overwriting symbol font `stmry' in version `bold'
(Font)                  U/stmry/m/n --> U/stmry/b/n on input line 89.
)
(/usr/local/texlive/2018/texmf-dist/tex/latex/natbib/natbib.sty
Package: natbib 2010/09/13 8.31b (PWD, AO)
\bibhang=\skip62
\bibsep=\skip63
LaTeX Info: Redefining \cite on input line 694.
\c@NAT@ctr=\count123
)
(/usr/local/texlive/2018/texmf-dist/tex/latex/comment/comment.sty
\CommentStream=\write3

Excluding comment 'comment')
(/usr/local/texlive/2018/texmf-dist/tex/latex/microtype/microtype.sty
Package: microtype 2018/01/14 v2.7a Micro-typographical refinements (RS)
\MT@toks=\toks34
\MT@count=\count124
LaTeX Info: Redefining \textls on input line 793.
\MT@outer@kern=\dimen126
LaTeX Info: Redefining \textmicrotypecontext on input line 1339.
\MT@listname@count=\count125

(/usr/local/texlive/2018/texmf-dist/tex/latex/microtype/microtype-pdftex.def
File: microtype-pdftex.def 2018/01/14 v2.7a Definitions specific to pdftex (RS)

LaTeX Info: Redefining \lsstyle on input line 913.
LaTeX Info: Redefining \lslig on input line 913.
\MT@outer@space=\skip64
)
Package microtype Info: Loading configuration file microtype.cfg.

(/usr/local/texlive/2018/texmf-dist/tex/latex/microtype/microtype.cfg
File: microtype.cfg 2018/01/14 v2.7a microtype main configuration file (RS)
))
(/usr/local/texlive/2018/texmf-dist/tex/latex/booktabs/booktabs.sty
Package: booktabs 2016/04/27 v1.618033 publication quality tables
\heavyrulewidth=\dimen127
\lightrulewidth=\dimen128
\cmidrulewidth=\dimen129
\belowrulesep=\dimen130
\belowbottomsep=\dimen131
\aboverulesep=\dimen132
\abovetopsep=\dimen133
\cmidrulesep=\dimen134
\cmidrulekern=\dimen135
\defaultaddspace=\dimen136
\@cmidla=\count126
\@cmidlb=\count127
\@aboverulesep=\dimen137
\@belowrulesep=\dimen138
\@thisruleclass=\count128
\@lastruleclass=\count129
\@thisrulewidth=\dimen139
)
(/usr/local/texlive/2018/texmf-dist/tex/latex/multirow/multirow.sty
Package: multirow 2016/11/25 v2.2 Span multiple rows of a table
\multirow@colwidth=\skip65
\multirow@cntb=\count130
\multirow@dima=\skip66
\bigstrutjot=\dimen140
)
(/usr/local/texlive/2018/texmf-dist/tex/latex/makecell/makecell.sty
Package: makecell 2009/08/03 V0.1e Managing of Tab Column Heads and Cells

(/usr/local/texlive/2018/texmf-dist/tex/latex/tools/array.sty
Package: array 2018/04/07 v2.4g Tabular extension package (FMi)
\col@sep=\dimen141
\ar@mcellbox=\box57
\extrarowheight=\dimen142
\NC@list=\toks35
\extratabsurround=\skip67
\backup@length=\skip68
\ar@cellbox=\box58
)
\rotheadsize=\dimen143
\c@nlinenum=\count131
\TeXr@lab=\toks36
)
(/usr/local/texlive/2018/texmf-dist/tex/latex/psnfss/pifont.sty
Package: pifont 2005/04/12 PSNFSS-v9.2a Pi font support (SPQR) 
LaTeX Font Info:    Try loading font information for U+pzd on input line 63.

(/usr/local/texlive/2018/texmf-dist/tex/latex/psnfss/upzd.fd
File: upzd.fd 2001/06/04 font definitions for U/pzd.
)
LaTeX Font Info:    Try loading font information for U+psy on input line 64.

(/usr/local/texlive/2018/texmf-dist/tex/latex/psnfss/upsy.fd
File: upsy.fd 2001/06/04 font definitions for U/psy.
))
(/usr/local/texlive/2018/texmf-dist/tex/latex/mathtools/mathtools.sty
Package: mathtools 2018/01/08 v1.21 mathematical typesetting tools

(/usr/local/texlive/2018/texmf-dist/tex/latex/mathtools/mhsetup.sty
Package: mhsetup 2017/03/31 v1.3 programming setup (MH)
)
LaTeX Info: Thecontrolsequence`\('isalreadyrobust on input line 129.
LaTeX Info: Thecontrolsequence`\)'isalreadyrobust on input line 129.
LaTeX Info: Thecontrolsequence`\['isalreadyrobust on input line 129.
LaTeX Info: Thecontrolsequence`\]'isalreadyrobust on input line 129.
\g_MT_multlinerow_int=\count132
\l_MT_multwidth_dim=\dimen144
\origjot=\skip69
\l_MT_shortvdotswithinadjustabove_dim=\dimen145
\l_MT_shortvdotswithinadjustbelow_dim=\dimen146
\l_MT_above_intertext_sep=\dimen147
\l_MT_below_intertext_sep=\dimen148
\l_MT_above_shortintertext_sep=\dimen149
\l_MT_below_shortintertext_sep=\dimen150
)
(/usr/local/texlive/2018/texmf-dist/tex/latex/preprint/balance.sty
Package: balance 1999/02/23 4.3 (PWD)
\oldvsize=\dimen151
)
(/usr/local/texlive/2018/texmf-dist/tex/latex/xcolor/xcolor.sty
Package: xcolor 2016/05/11 v2.12 LaTeX color extensions (UK)

(/usr/local/texlive/2018/texmf-dist/tex/latex/graphics-cfg/color.cfg
File: color.cfg 2016/01/02 v1.6 sample color configuration
)
Package xcolor Info: Driver file: pdftex.def on input line 225.

(/usr/local/texlive/2018/texmf-dist/tex/latex/graphics-def/pdftex.def
File: pdftex.def 2018/01/08 v1.0l Graphics/color driver for pdftex
)
Package xcolor Info: Model `cmy' substituted by `cmy0' on input line 1348.
Package xcolor Info: Model `hsb' substituted by `rgb' on input line 1352.
Package xcolor Info: Model `RGB' extended on input line 1364.
Package xcolor Info: Model `HTML' substituted by `rgb' on input line 1366.
Package xcolor Info: Model `Hsb' substituted by `hsb' on input line 1367.
Package xcolor Info: Model `tHsb' substituted by `hsb' on input line 1368.
Package xcolor Info: Model `HSB' substituted by `hsb' on input line 1369.
Package xcolor Info: Model `Gray' substituted by `gray' on input line 1370.
Package xcolor Info: Model `wave' substituted by `hsb' on input line 1371.
)
(./neurips_2021.sty
Package: neurips_2021 2021/03/31 NeurIPS 2021 submission/camera-ready style fil
e

(/usr/local/texlive/2018/texmf-dist/tex/latex/environ/environ.sty
Package: environ 2014/05/04 v0.3 A new way to define environments

(/usr/local/texlive/2018/texmf-dist/tex/latex/trimspaces/trimspaces.sty
Package: trimspaces 2009/09/17 v1.1 Trim spaces around a token list
))
(/usr/local/texlive/2018/texmf-dist/tex/latex/lineno/lineno.sty
Package: lineno 2005/11/02 line numbers on paragraphs v4.41
\linenopenalty=\count133
\output=\toks37
\linenoprevgraf=\count134
\linenumbersep=\dimen152
\linenumberwidth=\dimen153
\c@linenumber=\count135
\c@pagewiselinenumber=\count136
\c@LN@truepage=\count137
\c@internallinenumber=\count138
\c@internallinenumbers=\count139
\quotelinenumbersep=\dimen154
\bframerule=\dimen155
\bframesep=\dimen156
\bframebox=\box59
LaTeX Info: Redefining \\ on input line 3056.
)
(/usr/local/texlive/2018/texmf-dist/tex/latex/geometry/geometry.sty
Package: geometry 2018/03/24 v5.7 Page Geometry

(/usr/local/texlive/2018/texmf-dist/tex/generic/oberdiek/ifpdf.sty
Package: ifpdf 2017/03/15 v3.2 Provides the ifpdf switch
)
(/usr/local/texlive/2018/texmf-dist/tex/generic/oberdiek/ifvtex.sty
Package: ifvtex 2016/05/16 v1.6 Detect VTeX and its facilities (HO)
Package ifvtex Info: VTeX not detected.
)
(/usr/local/texlive/2018/texmf-dist/tex/generic/ifxetex/ifxetex.sty
Package: ifxetex 2010/09/12 v0.6 Provides ifxetex conditional
)
\Gm@cnth=\count140
\Gm@cntv=\count141
\c@Gm@tempcnt=\count142
\Gm@bindingoffset=\dimen157
\Gm@wd@mp=\dimen158
\Gm@odd@mp=\dimen159
\Gm@even@mp=\dimen160
\Gm@layoutwidth=\dimen161
\Gm@layoutheight=\dimen162
\Gm@layouthoffset=\dimen163
\Gm@layoutvoffset=\dimen164
\Gm@dimlist=\toks38
)
\@neuripsabovecaptionskip=\skip70
\@neuripsbelowcaptionskip=\skip71
)
\c@theorem=\count143
\c@lemma=\count144
\c@remark=\count145
\c@assumption=\count146
\c@proposition=\count147
\c@property=\count148
\c@corollary=\count149
\c@definition=\count150

(./main.aux)
\openout1 = `main.aux'.

LaTeX Font Info:    Checking defaults for OML/cmm/m/it on input line 95.
LaTeX Font Info:    ... okay on input line 95.
LaTeX Font Info:    Checking defaults for T1/cmr/m/n on input line 95.
LaTeX Font Info:    ... okay on input line 95.
LaTeX Font Info:    Checking defaults for OT1/cmr/m/n on input line 95.
LaTeX Font Info:    ... okay on input line 95.
LaTeX Font Info:    Checking defaults for OMS/cmsy/m/n on input line 95.
LaTeX Font Info:    ... okay on input line 95.
LaTeX Font Info:    Checking defaults for OMX/cmex/m/n on input line 95.
LaTeX Font Info:    ... okay on input line 95.
LaTeX Font Info:    Checking defaults for U/cmr/m/n on input line 95.
LaTeX Font Info:    ... okay on input line 95.
LaTeX Font Info:    Try loading font information for OT1+ptm on input line 95.
 (/usr/local/texlive/2018/texmf-dist/tex/latex/psnfss/ot1ptm.fd
File: ot1ptm.fd 2001/06/04 font definitions for OT1/ptm.
)
LaTeX Info: Redefining \microtypecontext on input line 95.
Package microtype Info: Generating PDF output.
Package microtype Info: Character protrusion enabled (level 2).
Package microtype Info: Using default protrusion set `alltext'.
Package microtype Info: Automatic font expansion enabled (level 2),
(microtype)             stretch: 20, shrink: 20, step: 1, non-selected.
Package microtype Info: Using default expansion set `basictext'.
Package microtype Info: No adjustment of tracking.
Package microtype Info: No adjustment of interword spacing.
Package microtype Info: No adjustment of character kerning.

(/usr/local/texlive/2018/texmf-dist/tex/latex/microtype/mt-ptm.cfg
File: mt-ptm.cfg 2006/04/20 v1.7 microtype config. file: Times (RS)
)
(/usr/local/texlive/2018/texmf-dist/tex/latex/graphics/graphicx.sty
Package: graphicx 2017/06/01 v1.1a Enhanced LaTeX Graphics (DPC,SPQR)

(/usr/local/texlive/2018/texmf-dist/tex/latex/graphics/graphics.sty
Package: graphics 2017/06/25 v1.2c Standard LaTeX Graphics (DPC,SPQR)

(/usr/local/texlive/2018/texmf-dist/tex/latex/graphics/trig.sty
Package: trig 2016/01/03 v1.10 sin cos tan (DPC)
)
(/usr/local/texlive/2018/texmf-dist/tex/latex/graphics-cfg/graphics.cfg
File: graphics.cfg 2016/06/04 v1.11 sample graphics configuration
)
Package graphics Info: Driver file: pdftex.def on input line 99.
)
\Gin@req@height=\dimen165
\Gin@req@width=\dimen166
)
(/usr/local/texlive/2018/texmf-dist/tex/context/base/mkii/supp-pdf.mkii
[Loading MPS to PDF converter (version 2006.09.02).]
\scratchcounter=\count151
\scratchdimen=\dimen167
\scratchbox=\box60
\nofMPsegments=\count152
\nofMParguments=\count153
\everyMPshowfont=\toks39
\MPscratchCnt=\count154
\MPscratchDim=\dimen168
\MPnumerator=\count155
\makeMPintoPDFobject=\count156
\everyMPtoPDFconversion=\toks40
) (/usr/local/texlive/2018/texmf-dist/tex/latex/oberdiek/epstopdf-base.sty
Package: epstopdf-base 2016/05/15 v2.6 Base part for package epstopdf

(/usr/local/texlive/2018/texmf-dist/tex/generic/oberdiek/infwarerr.sty
Package: infwarerr 2016/05/16 v1.4 Providing info/warning/error messages (HO)
)
(/usr/local/texlive/2018/texmf-dist/tex/latex/oberdiek/grfext.sty
Package: grfext 2016/05/16 v1.2 Manage graphics extensions (HO)

(/usr/local/texlive/2018/texmf-dist/tex/generic/oberdiek/kvdefinekeys.sty
Package: kvdefinekeys 2016/05/16 v1.4 Define keys (HO)

(/usr/local/texlive/2018/texmf-dist/tex/generic/oberdiek/ltxcmds.sty
Package: ltxcmds 2016/05/16 v1.23 LaTeX kernel commands for general use (HO)
)))
(/usr/local/texlive/2018/texmf-dist/tex/latex/oberdiek/kvoptions.sty
Package: kvoptions 2016/05/16 v3.12 Key value format for package options (HO)

(/usr/local/texlive/2018/texmf-dist/tex/generic/oberdiek/kvsetkeys.sty
Package: kvsetkeys 2016/05/16 v1.17 Key value parser (HO)

(/usr/local/texlive/2018/texmf-dist/tex/generic/oberdiek/etexcmds.sty
Package: etexcmds 2016/05/16 v1.6 Avoid name clashes with e-TeX commands (HO)

(/usr/local/texlive/2018/texmf-dist/tex/generic/oberdiek/ifluatex.sty
Package: ifluatex 2016/05/16 v1.4 Provides the ifluatex switch (HO)
Package ifluatex Info: LuaTeX not detected.
)
Package etexcmds Info: Could not find \expanded.
(etexcmds)             That can mean that you are not using pdfTeX 1.50 or
(etexcmds)             that some package has redefined \expanded.
(etexcmds)             In the latter case, load this package earlier.
)))
(/usr/local/texlive/2018/texmf-dist/tex/generic/oberdiek/pdftexcmds.sty
Package: pdftexcmds 2018/01/30 v0.27 Utility functions of pdfTeX for LuaTeX (HO
)
Package pdftexcmds Info: LuaTeX not detected.
Package pdftexcmds Info: \pdf@primitive is available.
Package pdftexcmds Info: \pdf@ifprimitive is available.
Package pdftexcmds Info: \pdfdraftmode found.
)
Package epstopdf-base Info: Redefining graphics rule for `.eps' on input line 4
38.
Package grfext Info: Graphics extension search list:
(grfext)             [.pdf,.png,.jpg,.mps,.jpeg,.jbig2,.jb2,.PDF,.PNG,.JPG,.JPE
G,.JBIG2,.JB2,.eps]
(grfext)             \AppendGraphicsExtensions on input line 456.

(/usr/local/texlive/2018/texmf-dist/tex/latex/latexconfig/epstopdf-sys.cfg
File: epstopdf-sys.cfg 2010/07/13 v1.3 Configuration of (r)epstopdf for TeX Liv
e
))
*geometry* driver: auto-detecting
*geometry* detected driver: pdftex
*geometry* verbose mode - [ preamble ] result:
* driver: pdftex
* paper: letterpaper
* layout: <same size as paper>
* layoutoffset:(h,v)=(0.0pt,0.0pt)
* modes: 
* h-part:(L,W,R)=(92.14519pt, 430.00462pt, 92.14519pt)
* v-part:(T,H,B)=(95.39737pt, 556.47656pt, 143.09605pt)
* \paperwidth=614.295pt
* \paperheight=794.96999pt
* \textwidth=430.00462pt
* \textheight=556.47656pt
* \oddsidemargin=19.8752pt
* \evensidemargin=19.8752pt
* \topmargin=-13.87262pt
* \headheight=12.0pt
* \headsep=25.0pt
* \topskip=11.0pt
* \footskip=30.0pt
* \marginparwidth=59.0pt
* \marginparsep=10.0pt
* \columnsep=10.0pt
* \skip\footins=9.0pt plus 4.0pt minus 2.0pt
* \hoffset=0.0pt
* \voffset=0.0pt
* \mag=1000
* \@twocolumnfalse
* \@twosidefalse
* \@mparswitchfalse
* \@reversemarginfalse
* (1in=72.27pt=25.4mm, 1cm=28.453pt)

*geometry* verbose mode - [ newgeometry ] result:
* driver: pdftex
* paper: letterpaper
* layout: <same size as paper>
* layoutoffset:(h,v)=(0.0pt,0.0pt)
* modes: 
* h-part:(L,W,R)=(108.405pt, 397.48499pt, 108.40501pt)
* v-part:(T,H,B)=(72.26999pt, 650.43pt, 72.27pt)
* \paperwidth=614.295pt
* \paperheight=794.96999pt
* \textwidth=397.48499pt
* \textheight=650.43pt
* \oddsidemargin=36.13501pt
* \evensidemargin=36.13501pt
* \topmargin=-37.0pt
* \headheight=12.0pt
* \headsep=25.0pt
* \topskip=11.0pt
* \footskip=30.0pt
* \marginparwidth=59.0pt
* \marginparsep=10.0pt
* \columnsep=10.0pt
* \skip\footins=9.0pt plus 4.0pt minus 2.0pt
* \hoffset=0.0pt
* \voffset=0.0pt
* \mag=1000
* \@twocolumnfalse
* \@twosidefalse
* \@mparswitchfalse
* \@reversemarginfalse
* (1in=72.27pt=25.4mm, 1cm=28.453pt)

LaTeX Font Info:    Font shape `OT1/ptm/bx/n' in size <17.28> not available
(Font)              Font shape `OT1/ptm/b/n' tried instead on input line 126.
LaTeX Font Info:    Font shape `OT1/cmtt/bx/n' in size <17.28> not available
(Font)              Font shape `OT1/cmtt/m/n' tried instead on input line 126.
Package microtype Info: Loading generic protrusion settings for font family
(microtype)             `cmtt' (encoding: OT1).
(microtype)             For optimal results, create family-specific settings.
(microtype)             See the microtype manual for details.
(/usr/local/texlive/2018/texmf-dist/tex/latex/microtype/mt-cmr.cfg
File: mt-cmr.cfg 2013/05/19 v2.2 microtype config. file: Computer Modern Roman 
(RS)
)
LaTeX Font Info:    Try loading font information for U+msa on input line 126.

(/usr/local/texlive/2018/texmf-dist/tex/latex/amsfonts/umsa.fd
File: umsa.fd 2013/01/14 v3.01 AMS symbols A
)
(/usr/local/texlive/2018/texmf-dist/tex/latex/microtype/mt-msa.cfg
File: mt-msa.cfg 2006/02/04 v1.1 microtype config. file: AMS symbols (a) (RS)
)
LaTeX Font Info:    Try loading font information for U+msb on input line 126.

(/usr/local/texlive/2018/texmf-dist/tex/latex/amsfonts/umsb.fd
File: umsb.fd 2013/01/14 v3.01 AMS symbols B
)
(/usr/local/texlive/2018/texmf-dist/tex/latex/microtype/mt-msb.cfg
File: mt-msb.cfg 2005/06/01 v1.0 microtype config. file: AMS symbols (b) (RS)
)
LaTeX Font Info:    Try loading font information for U+stmry on input line 126.


(/usr/local/texlive/2018/texmf-dist/tex/latex/stmaryrd/Ustmry.fd)
LaTeX Font Info:    Font shape `OT1/ptm/bx/n' in size <10> not available
(Font)              Font shape `OT1/ptm/b/n' tried instead on input line 126.
LaTeX Font Info:    Font shape `OT1/ptm/bx/n' in size <12> not available
(Font)              Font shape `OT1/ptm/b/n' tried instead on input line 129.
LaTeX Font Info:    Try loading font information for OT1+phv on input line 131.


(/usr/local/texlive/2018/texmf-dist/tex/latex/psnfss/ot1phv.fd
File: ot1phv.fd 2001/06/04 scalable font definitions for OT1/phv.
)
Package microtype Info: Loading generic protrusion settings for font family
(microtype)             `phv' (encoding: OT1).
(microtype)             For optimal results, create family-specific settings.
(microtype)             See the microtype manual for details.


LaTeX Font Warning: Font shape `U/stmry/b/n' undefined
(Font)              using `U/stmry/m/n' instead on input line 141.

[1


{/usr/local/texlive/2018/texmf-var/fonts/map/pdftex/updmap/pdftex.map}]
LaTeX Font Info:    Try loading font information for OMS+ptm on input line 189.


(/usr/local/texlive/2018/texmf-dist/tex/latex/psnfss/omsptm.fd
File: omsptm.fd 
)
LaTeX Font Info:    Font shape `OMS/ptm/m/n' in size <10> not available
(Font)              Font shape `OMS/cmsy/m/n' tried instead on input line 189.
 [2] [3]
LaTeX Font Info:    Font shape `OT1/cmtt/bx/n' in size <12> not available
(Font)              Font shape `OT1/cmtt/m/n' tried instead on input line 350.

[4] [5]
LaTeX Font Info:    Font shape `OT1/cmtt/bx/n' in size <10> not available
(Font)              Font shape `OT1/cmtt/m/n' tried instead on input line 555.
 [6]
LaTeX Font Info:    Font shape `OT1/ptm/bx/it' in size <10> not available
(Font)              Font shape `OT1/ptm/b/it' tried instead on input line 568.
 [7] [8]
Package epstopdf Info: Source file: <MNIST_figures/local1_sketch20_iid1_train_l
oss.eps>
(epstopdf)                    date: 2021-02-02 23:10:34
(epstopdf)                    size: 21349 bytes
(epstopdf)             Output file: <MNIST_figures/local1_sketch20_iid1_train_l
oss-eps-converted-to.pdf>
(epstopdf)                    date: 2021-02-03 00:10:59
(epstopdf)                    size: 9583 bytes
(epstopdf)             Command: <repstopdf --outfile=MNIST_figures/local1_sketc
h20_iid1_train_loss-eps-converted-to.pdf MNIST_figures/local1_sketch20_iid1_tra
in_loss.eps>
(epstopdf)             \includegraphics on input line 854.
Package epstopdf Info: Output file is already uptodate.
<MNIST_figures/local1_sketch20_iid1_train_loss-eps-converted-to.pdf, id=63, 421
.575pt x 316.18124pt>
File: MNIST_figures/local1_sketch20_iid1_train_loss-eps-converted-to.pdf Graphi
c file (type pdf)
<use MNIST_figures/local1_sketch20_iid1_train_loss-eps-converted-to.pdf>
Package pdftex.def Info: MNIST_figures/local1_sketch20_iid1_train_loss-eps-conv
erted-to.pdf  used on input line 854.
(pdftex.def)             Requested size: 108.405pt x 81.303pt.
Package epstopdf Info: Source file: <MNIST_figures/local1_sketch20_iid1_test_ac
c.eps>
(epstopdf)                    date: 2021-02-02 23:10:34
(epstopdf)                    size: 18373 bytes
(epstopdf)             Output file: <MNIST_figures/local1_sketch20_iid1_test_ac
c-eps-converted-to.pdf>
(epstopdf)                    date: 2021-02-03 00:11:00
(epstopdf)                    size: 9950 bytes
(epstopdf)             Command: <repstopdf --outfile=MNIST_figures/local1_sketc
h20_iid1_test_acc-eps-converted-to.pdf MNIST_figures/local1_sketch20_iid1_test_
acc.eps>
(epstopdf)             \includegraphics on input line 854.
Package epstopdf Info: Output file is already uptodate.
<MNIST_figures/local1_sketch20_iid1_test_acc-eps-converted-to.pdf, id=64, 421.5
75pt x 316.18124pt>
File: MNIST_figures/local1_sketch20_iid1_test_acc-eps-converted-to.pdf Graphic 
file (type pdf)
<use MNIST_figures/local1_sketch20_iid1_test_acc-eps-converted-to.pdf>
Package pdftex.def Info: MNIST_figures/local1_sketch20_iid1_test_acc-eps-conver
ted-to.pdf  used on input line 854.
(pdftex.def)             Requested size: 108.405pt x 81.303pt.
Package epstopdf Info: Source file: <MNIST_figures/local5_sketch20_iid1_train_l
oss.eps>
(epstopdf)                    date: 2021-02-02 23:10:34
(epstopdf)                    size: 22311 bytes
(epstopdf)             Output file: <MNIST_figures/local5_sketch20_iid1_train_l
oss-eps-converted-to.pdf>
(epstopdf)                    date: 2021-02-03 00:11:00
(epstopdf)                    size: 9703 bytes
(epstopdf)             Command: <repstopdf --outfile=MNIST_figures/local5_sketc
h20_iid1_train_loss-eps-converted-to.pdf MNIST_figures/local5_sketch20_iid1_tra
in_loss.eps>
(epstopdf)             \includegraphics on input line 854.
Package epstopdf Info: Output file is already uptodate.
<MNIST_figures/local5_sketch20_iid1_train_loss-eps-converted-to.pdf, id=65, 421
.575pt x 316.18124pt>
File: MNIST_figures/local5_sketch20_iid1_train_loss-eps-converted-to.pdf Graphi
c file (type pdf)
<use MNIST_figures/local5_sketch20_iid1_train_loss-eps-converted-to.pdf>
Package pdftex.def Info: MNIST_figures/local5_sketch20_iid1_train_loss-eps-conv
erted-to.pdf  used on input line 854.
(pdftex.def)             Requested size: 108.405pt x 81.303pt.
Package epstopdf Info: Source file: <MNIST_figures/local5_sketch20_iid1_test_ac
c.eps>
(epstopdf)                    date: 2021-02-02 23:10:34
(epstopdf)                    size: 18759 bytes
(epstopdf)             Output file: <MNIST_figures/local5_sketch20_iid1_test_ac
c-eps-converted-to.pdf>
(epstopdf)                    date: 2021-02-03 00:11:01
(epstopdf)                    size: 10006 bytes
(epstopdf)             Command: <repstopdf --outfile=MNIST_figures/local5_sketc
h20_iid1_test_acc-eps-converted-to.pdf MNIST_figures/local5_sketch20_iid1_test_
acc.eps>
(epstopdf)             \includegraphics on input line 854.
Package epstopdf Info: Output file is already uptodate.
<MNIST_figures/local5_sketch20_iid1_test_acc-eps-converted-to.pdf, id=66, 421.5
75pt x 316.18124pt>
File: MNIST_figures/local5_sketch20_iid1_test_acc-eps-converted-to.pdf Graphic 
file (type pdf)
<use MNIST_figures/local5_sketch20_iid1_test_acc-eps-converted-to.pdf>
Package pdftex.def Info: MNIST_figures/local5_sketch20_iid1_test_acc-eps-conver
ted-to.pdf  used on input line 854.
(pdftex.def)             Requested size: 108.405pt x 81.303pt.
Package epstopdf Info: Source file: <MNIST_figures/local1_sketch50_iid1_train_l
oss.eps>
(epstopdf)                    date: 2021-02-02 23:10:34
(epstopdf)                    size: 21360 bytes
(epstopdf)             Output file: <MNIST_figures/local1_sketch50_iid1_train_l
oss-eps-converted-to.pdf>
(epstopdf)                    date: 2021-02-03 00:11:01
(epstopdf)                    size: 9543 bytes
(epstopdf)             Command: <repstopdf --outfile=MNIST_figures/local1_sketc
h50_iid1_train_loss-eps-converted-to.pdf MNIST_figures/local1_sketch50_iid1_tra
in_loss.eps>
(epstopdf)             \includegraphics on input line 860.
Package epstopdf Info: Output file is already uptodate.
<MNIST_figures/local1_sketch50_iid1_train_loss-eps-converted-to.pdf, id=67, 421
.575pt x 316.18124pt>
File: MNIST_figures/local1_sketch50_iid1_train_loss-eps-converted-to.pdf Graphi
c file (type pdf)
<use MNIST_figures/local1_sketch50_iid1_train_loss-eps-converted-to.pdf>
Package pdftex.def Info: MNIST_figures/local1_sketch50_iid1_train_loss-eps-conv
erted-to.pdf  used on input line 860.
(pdftex.def)             Requested size: 108.405pt x 81.303pt.
Package epstopdf Info: Source file: <MNIST_figures/local1_sketch50_iid1_test_ac
c.eps>
(epstopdf)                    date: 2021-02-02 23:10:34
(epstopdf)                    size: 18772 bytes
(epstopdf)             Output file: <MNIST_figures/local1_sketch50_iid1_test_ac
c-eps-converted-to.pdf>
(epstopdf)                    date: 2021-02-03 00:11:02
(epstopdf)                    size: 10007 bytes
(epstopdf)             Command: <repstopdf --outfile=MNIST_figures/local1_sketc
h50_iid1_test_acc-eps-converted-to.pdf MNIST_figures/local1_sketch50_iid1_test_
acc.eps>
(epstopdf)             \includegraphics on input line 860.
Package epstopdf Info: Output file is already uptodate.
<MNIST_figures/local1_sketch50_iid1_test_acc-eps-converted-to.pdf, id=68, 421.5
75pt x 316.18124pt>
File: MNIST_figures/local1_sketch50_iid1_test_acc-eps-converted-to.pdf Graphic 
file (type pdf)
<use MNIST_figures/local1_sketch50_iid1_test_acc-eps-converted-to.pdf>
Package pdftex.def Info: MNIST_figures/local1_sketch50_iid1_test_acc-eps-conver
ted-to.pdf  used on input line 860.
(pdftex.def)             Requested size: 108.405pt x 81.303pt.
Package epstopdf Info: Source file: <MNIST_figures/local5_sketch50_iid1_train_l
oss.eps>
(epstopdf)                    date: 2021-02-02 23:10:34
(epstopdf)                    size: 22332 bytes
(epstopdf)             Output file: <MNIST_figures/local5_sketch50_iid1_train_l
oss-eps-converted-to.pdf>
(epstopdf)                    date: 2021-02-03 00:11:02
(epstopdf)                    size: 9600 bytes
(epstopdf)             Command: <repstopdf --outfile=MNIST_figures/local5_sketc
h50_iid1_train_loss-eps-converted-to.pdf MNIST_figures/local5_sketch50_iid1_tra
in_loss.eps>
(epstopdf)             \includegraphics on input line 860.
Package epstopdf Info: Output file is already uptodate.
<MNIST_figures/local5_sketch50_iid1_train_loss-eps-converted-to.pdf, id=69, 421
.575pt x 316.18124pt>
File: MNIST_figures/local5_sketch50_iid1_train_loss-eps-converted-to.pdf Graphi
c file (type pdf)
<use MNIST_figures/local5_sketch50_iid1_train_loss-eps-converted-to.pdf>
Package pdftex.def Info: MNIST_figures/local5_sketch50_iid1_train_loss-eps-conv
erted-to.pdf  used on input line 860.
(pdftex.def)             Requested size: 108.405pt x 81.303pt.
Package epstopdf Info: Source file: <MNIST_figures/local5_sketch50_iid1_test_ac
c.eps>
(epstopdf)                    date: 2021-02-02 23:10:34
(epstopdf)                    size: 18339 bytes
(epstopdf)             Output file: <MNIST_figures/local5_sketch50_iid1_test_ac
c-eps-converted-to.pdf>
(epstopdf)                    date: 2021-02-03 00:11:03
(epstopdf)                    size: 9852 bytes
(epstopdf)             Command: <repstopdf --outfile=MNIST_figures/local5_sketc
h50_iid1_test_acc-eps-converted-to.pdf MNIST_figures/local5_sketch50_iid1_test_
acc.eps>
(epstopdf)             \includegraphics on input line 860.
Package epstopdf Info: Output file is already uptodate.
<MNIST_figures/local5_sketch50_iid1_test_acc-eps-converted-to.pdf, id=70, 421.5
75pt x 316.18124pt>
File: MNIST_figures/local5_sketch50_iid1_test_acc-eps-converted-to.pdf Graphic 
file (type pdf)
<use MNIST_figures/local5_sketch50_iid1_test_acc-eps-converted-to.pdf>
Package pdftex.def Info: MNIST_figures/local5_sketch50_iid1_test_acc-eps-conver
ted-to.pdf  used on input line 860.
(pdftex.def)             Requested size: 108.405pt x 81.303pt.

Overfull \hbox (26.56349pt too wide) in paragraph at lines 854--861
 [] 
 []


Overfull \hbox (22.95087pt too wide) in paragraph at lines 854--861
 [] 
 []


Underfull \vbox (badness 10000) has occurred while \output is active []

 [9]
Package epstopdf Info: Source file: <MNIST_figures/local1_sketch20_iid0_train_l
oss.eps>
(epstopdf)                    date: 2021-02-02 23:10:34
(epstopdf)                    size: 22918 bytes
(epstopdf)             Output file: <MNIST_figures/local1_sketch20_iid0_train_l
oss-eps-converted-to.pdf>
(epstopdf)                    date: 2021-02-03 00:11:03
(epstopdf)                    size: 10661 bytes
(epstopdf)             Command: <repstopdf --outfile=MNIST_figures/local1_sketc
h20_iid0_train_loss-eps-converted-to.pdf MNIST_figures/local1_sketch20_iid0_tra
in_loss.eps>
(epstopdf)             \includegraphics on input line 886.
Package epstopdf Info: Output file is already uptodate.
<MNIST_figures/local1_sketch20_iid0_train_loss-eps-converted-to.pdf, id=74, 421
.575pt x 316.18124pt>
File: MNIST_figures/local1_sketch20_iid0_train_loss-eps-converted-to.pdf Graphi
c file (type pdf)
<use MNIST_figures/local1_sketch20_iid0_train_loss-eps-converted-to.pdf>
Package pdftex.def Info: MNIST_figures/local1_sketch20_iid0_train_loss-eps-conv
erted-to.pdf  used on input line 886.
(pdftex.def)             Requested size: 108.405pt x 81.303pt.
Package epstopdf Info: Source file: <MNIST_figures/local1_sketch20_iid0_test_ac
c.eps>
(epstopdf)                    date: 2021-02-02 23:10:34
(epstopdf)                    size: 91340 bytes
(epstopdf)             Output file: <MNIST_figures/local1_sketch20_iid0_test_ac
c-eps-converted-to.pdf>
(epstopdf)                    date: 2021-02-03 00:11:04
(epstopdf)                    size: 88598 bytes
(epstopdf)             Command: <repstopdf --outfile=MNIST_figures/local1_sketc
h20_iid0_test_acc-eps-converted-to.pdf MNIST_figures/local1_sketch20_iid0_test_
acc.eps>
(epstopdf)             \includegraphics on input line 886.
Package epstopdf Info: Output file is already uptodate.
<MNIST_figures/local1_sketch20_iid0_test_acc-eps-converted-to.pdf, id=75, 421.5
75pt x 316.18124pt>
File: MNIST_figures/local1_sketch20_iid0_test_acc-eps-converted-to.pdf Graphic 
file (type pdf)
<use MNIST_figures/local1_sketch20_iid0_test_acc-eps-converted-to.pdf>
Package pdftex.def Info: MNIST_figures/local1_sketch20_iid0_test_acc-eps-conver
ted-to.pdf  used on input line 886.
(pdftex.def)             Requested size: 108.405pt x 81.303pt.
Package epstopdf Info: Source file: <MNIST_figures/local5_sketch20_iid0_train_l
oss.eps>
(epstopdf)                    date: 2021-02-02 23:10:34
(epstopdf)                    size: 24044 bytes
(epstopdf)             Output file: <MNIST_figures/local5_sketch20_iid0_train_l
oss-eps-converted-to.pdf>
(epstopdf)                    date: 2021-02-03 00:11:04
(epstopdf)                    size: 10811 bytes
(epstopdf)             Command: <repstopdf --outfile=MNIST_figures/local5_sketc
h20_iid0_train_loss-eps-converted-to.pdf MNIST_figures/local5_sketch20_iid0_tra
in_loss.eps>
(epstopdf)             \includegraphics on input line 886.
Package epstopdf Info: Output file is already uptodate.
<MNIST_figures/local5_sketch20_iid0_train_loss-eps-converted-to.pdf, id=76, 421
.575pt x 316.18124pt>
File: MNIST_figures/local5_sketch20_iid0_train_loss-eps-converted-to.pdf Graphi
c file (type pdf)
<use MNIST_figures/local5_sketch20_iid0_train_loss-eps-converted-to.pdf>
Package pdftex.def Info: MNIST_figures/local5_sketch20_iid0_train_loss-eps-conv
erted-to.pdf  used on input line 886.
(pdftex.def)             Requested size: 108.405pt x 81.303pt.
Package epstopdf Info: Source file: <MNIST_figures/local5_sketch20_iid0_test_ac
c.eps>
(epstopdf)                    date: 2021-02-02 23:10:34
(epstopdf)                    size: 92049 bytes
(epstopdf)             Output file: <MNIST_figures/local5_sketch20_iid0_test_ac
c-eps-converted-to.pdf>
(epstopdf)                    date: 2021-02-03 00:11:05
(epstopdf)                    size: 89545 bytes
(epstopdf)             Command: <repstopdf --outfile=MNIST_figures/local5_sketc
h20_iid0_test_acc-eps-converted-to.pdf MNIST_figures/local5_sketch20_iid0_test_
acc.eps>
(epstopdf)             \includegraphics on input line 886.
Package epstopdf Info: Output file is already uptodate.
<MNIST_figures/local5_sketch20_iid0_test_acc-eps-converted-to.pdf, id=77, 421.5
75pt x 316.18124pt>
File: MNIST_figures/local5_sketch20_iid0_test_acc-eps-converted-to.pdf Graphic 
file (type pdf)
<use MNIST_figures/local5_sketch20_iid0_test_acc-eps-converted-to.pdf>
Package pdftex.def Info: MNIST_figures/local5_sketch20_iid0_test_acc-eps-conver
ted-to.pdf  used on input line 886.
(pdftex.def)             Requested size: 108.405pt x 81.303pt.
Package epstopdf Info: Source file: <MNIST_figures/local1_sketch50_iid0_train_l
oss.eps>
(epstopdf)                    date: 2021-02-02 23:10:34
(epstopdf)                    size: 23266 bytes
(epstopdf)             Output file: <MNIST_figures/local1_sketch50_iid0_train_l
oss-eps-converted-to.pdf>
(epstopdf)                    date: 2021-02-03 00:11:05
(epstopdf)                    size: 10654 bytes
(epstopdf)             Command: <repstopdf --outfile=MNIST_figures/local1_sketc
h50_iid0_train_loss-eps-converted-to.pdf MNIST_figures/local1_sketch50_iid0_tra
in_loss.eps>
(epstopdf)             \includegraphics on input line 892.
Package epstopdf Info: Output file is already uptodate.
<MNIST_figures/local1_sketch50_iid0_train_loss-eps-converted-to.pdf, id=78, 421
.575pt x 316.18124pt>
File: MNIST_figures/local1_sketch50_iid0_train_loss-eps-converted-to.pdf Graphi
c file (type pdf)
<use MNIST_figures/local1_sketch50_iid0_train_loss-eps-converted-to.pdf>
Package pdftex.def Info: MNIST_figures/local1_sketch50_iid0_train_loss-eps-conv
erted-to.pdf  used on input line 892.
(pdftex.def)             Requested size: 108.405pt x 81.303pt.
Package epstopdf Info: Source file: <MNIST_figures/local1_sketch50_iid0_test_ac
c.eps>
(epstopdf)                    date: 2021-02-02 23:10:34
(epstopdf)                    size: 87854 bytes
(epstopdf)             Output file: <MNIST_figures/local1_sketch50_iid0_test_ac
c-eps-converted-to.pdf>
(epstopdf)                    date: 2021-02-03 00:11:06
(epstopdf)                    size: 85457 bytes
(epstopdf)             Command: <repstopdf --outfile=MNIST_figures/local1_sketc
h50_iid0_test_acc-eps-converted-to.pdf MNIST_figures/local1_sketch50_iid0_test_
acc.eps>
(epstopdf)             \includegraphics on input line 892.
Package epstopdf Info: Output file is already uptodate.
<MNIST_figures/local1_sketch50_iid0_test_acc-eps-converted-to.pdf, id=79, 421.5
75pt x 316.18124pt>
File: MNIST_figures/local1_sketch50_iid0_test_acc-eps-converted-to.pdf Graphic 
file (type pdf)
<use MNIST_figures/local1_sketch50_iid0_test_acc-eps-converted-to.pdf>
Package pdftex.def Info: MNIST_figures/local1_sketch50_iid0_test_acc-eps-conver
ted-to.pdf  used on input line 892.
(pdftex.def)             Requested size: 108.405pt x 81.303pt.
Package epstopdf Info: Source file: <MNIST_figures/local5_sketch50_iid0_train_l
oss.eps>
(epstopdf)                    date: 2021-02-02 23:10:34
(epstopdf)                    size: 24412 bytes
(epstopdf)             Output file: <MNIST_figures/local5_sketch50_iid0_train_l
oss-eps-converted-to.pdf>
(epstopdf)                    date: 2021-02-03 00:11:06
(epstopdf)                    size: 10732 bytes
(epstopdf)             Command: <repstopdf --outfile=MNIST_figures/local5_sketc
h50_iid0_train_loss-eps-converted-to.pdf MNIST_figures/local5_sketch50_iid0_tra
in_loss.eps>
(epstopdf)             \includegraphics on input line 892.
Package epstopdf Info: Output file is already uptodate.
<MNIST_figures/local5_sketch50_iid0_train_loss-eps-converted-to.pdf, id=80, 421
.575pt x 316.18124pt>
File: MNIST_figures/local5_sketch50_iid0_train_loss-eps-converted-to.pdf Graphi
c file (type pdf)
<use MNIST_figures/local5_sketch50_iid0_train_loss-eps-converted-to.pdf>
Package pdftex.def Info: MNIST_figures/local5_sketch50_iid0_train_loss-eps-conv
erted-to.pdf  used on input line 892.
(pdftex.def)             Requested size: 108.405pt x 81.303pt.
Package epstopdf Info: Source file: <MNIST_figures/local5_sketch50_iid0_test_ac
c.eps>
(epstopdf)                    date: 2021-02-02 23:10:34
(epstopdf)                    size: 89279 bytes
(epstopdf)             Output file: <MNIST_figures/local5_sketch50_iid0_test_ac
c-eps-converted-to.pdf>
(epstopdf)                    date: 2021-02-03 00:11:07
(epstopdf)                    size: 86292 bytes
(epstopdf)             Command: <repstopdf --outfile=MNIST_figures/local5_sketc
h50_iid0_test_acc-eps-converted-to.pdf MNIST_figures/local5_sketch50_iid0_test_
acc.eps>
(epstopdf)             \includegraphics on input line 892.
Package epstopdf Info: Output file is already uptodate.
<MNIST_figures/local5_sketch50_iid0_test_acc-eps-converted-to.pdf, id=81, 421.5
75pt x 316.18124pt>
File: MNIST_figures/local5_sketch50_iid0_test_acc-eps-converted-to.pdf Graphic 
file (type pdf)
<use MNIST_figures/local5_sketch50_iid0_test_acc-eps-converted-to.pdf>
Package pdftex.def Info: MNIST_figures/local5_sketch50_iid0_test_acc-eps-conver
ted-to.pdf  used on input line 892.
(pdftex.def)             Requested size: 108.405pt x 81.303pt.

Overfull \hbox (29.06349pt too wide) in paragraph at lines 886--893
 [] 
 []


Overfull \hbox (22.95087pt too wide) in paragraph at lines 886--893
 [] 
 []

[10 <./MNIST_figures/local1_sketch20_iid1_train_loss-eps-converted-to.pdf> <./M
NIST_figures/local1_sketch20_iid1_test_acc-eps-converted-to.pdf> <./MNIST_figur
es/local5_sketch20_iid1_train_loss-eps-converted-to.pdf> <./MNIST_figures/local
5_sketch20_iid1_test_acc-eps-converted-to.pdf> <./MNIST_figures/local1_sketch50
_iid1_train_loss-eps-converted-to.pdf> <./MNIST_figures/local1_sketch50_iid1_te
st_acc-eps-converted-to.pdf> <./MNIST_figures/local5_sketch50_iid1_train_loss-e
ps-converted-to.pdf> <./MNIST_figures/local5_sketch50_iid1_test_acc-eps-convert
ed-to.pdf> <./MNIST_figures/local1_sketch20_iid0_train_loss-eps-converted-to.pd
f> <./MNIST_figures/local1_sketch20_iid0_test_acc-eps-converted-to.pdf> <./MNIS
T_figures/local5_sketch20_iid0_train_loss-eps-converted-to.pdf> <./MNIST_figure
s/local5_sketch20_iid0_test_acc-eps-converted-to.pdf> <./MNIST_figures/local1_s
ketch50_iid0_train_loss-eps-converted-to.pdf> <./MNIST_figures/local1_sketch50_
iid0_test_acc-eps-converted-to.pdf> <./MNIST_figures/local5_sketch50_iid0_train
_loss-eps-converted-to.pdf> <./MNIST_figures/local5_sketch50_iid0_test_acc-eps-
converted-to.pdf>] [11] (./main.bbl [12

] [13]) [14] [15

] [16]
Underfull \vbox (badness 10000) has occurred while \output is active []

 [17]
Missing character: There is no Ã in font cmr7!
Missing character: There is no Ä in font cmr7!
Missing character: There is no Ã in font cmr7!
Missing character: There is no Ä in font cmr7!

[18]
Overfull \hbox (18.82318pt too wide) detected at line 1222
[]
 []

[19]
Overfull \hbox (36.14737pt too wide) detected at line 1247
[]
 []

[20] [21] [22]
Overfull \hbox (12.49974pt too wide) detected at line 1427
[]
 []

[23] [24]
Overfull \hbox (19.77821pt too wide) detected at line 1505
[]
 []

[25]
LaTeX Font Info:    Font shape `OMS/ptm/m/it' in size <10> not available
(Font)              Font shape `OMS/cmsy/m/n' tried instead on input line 1555.

 [26] [27]
Package epstopdf Info: Source file: <MNIST_figures/local1_sketch20_iid1_train_l
oss.eps>
(epstopdf)                    date: 2021-02-02 23:10:34
(epstopdf)                    size: 21349 bytes
(epstopdf)             Output file: <MNIST_figures/local1_sketch20_iid1_train_l
oss-eps-converted-to.pdf>
(epstopdf)                    date: 2021-02-03 00:10:59
(epstopdf)                    size: 9583 bytes
(epstopdf)             Command: <repstopdf --outfile=MNIST_figures/local1_sketc
h20_iid1_train_loss-eps-converted-to.pdf MNIST_figures/local1_sketch20_iid1_tra
in_loss.eps>
(epstopdf)             \includegraphics on input line 1632.
Package epstopdf Info: Output file is already uptodate.
File: MNIST_figures/local1_sketch20_iid1_train_loss-eps-converted-to.pdf Graphi
c file (type pdf)
<use MNIST_figures/local1_sketch20_iid1_train_loss-eps-converted-to.pdf>
Package pdftex.def Info: MNIST_figures/local1_sketch20_iid1_train_loss-eps-conv
erted-to.pdf  used on input line 1632.
(pdftex.def)             Requested size: 158.99377pt x 119.24792pt.
Package epstopdf Info: Source file: <MNIST_figures/local2_sketch20_iid1_train_l
oss.eps>
(epstopdf)                    date: 2021-02-02 23:10:34
(epstopdf)                    size: 21092 bytes
(epstopdf)             Output file: <MNIST_figures/local2_sketch20_iid1_train_l
oss-eps-converted-to.pdf>
(epstopdf)                    date: 2021-02-03 00:11:08
(epstopdf)                    size: 9268 bytes
(epstopdf)             Command: <repstopdf --outfile=MNIST_figures/local2_sketc
h20_iid1_train_loss-eps-converted-to.pdf MNIST_figures/local2_sketch20_iid1_tra
in_loss.eps>
(epstopdf)             \includegraphics on input line 1632.
Package epstopdf Info: Output file is already uptodate.
<MNIST_figures/local2_sketch20_iid1_train_loss-eps-converted-to.pdf, id=266, 42
1.575pt x 316.18124pt>
File: MNIST_figures/local2_sketch20_iid1_train_loss-eps-converted-to.pdf Graphi
c file (type pdf)
<use MNIST_figures/local2_sketch20_iid1_train_loss-eps-converted-to.pdf>
Package pdftex.def Info: MNIST_figures/local2_sketch20_iid1_train_loss-eps-conv
erted-to.pdf  used on input line 1632.
(pdftex.def)             Requested size: 158.99377pt x 119.24792pt.
Package epstopdf Info: Source file: <MNIST_figures/local5_sketch20_iid1_train_l
oss.eps>
(epstopdf)                    date: 2021-02-02 23:10:34
(epstopdf)                    size: 22311 bytes
(epstopdf)             Output file: <MNIST_figures/local5_sketch20_iid1_train_l
oss-eps-converted-to.pdf>
(epstopdf)                    date: 2021-02-03 00:11:00
(epstopdf)                    size: 9703 bytes
(epstopdf)             Command: <repstopdf --outfile=MNIST_figures/local5_sketc
h20_iid1_train_loss-eps-converted-to.pdf MNIST_figures/local5_sketch20_iid1_tra
in_loss.eps>
(epstopdf)             \includegraphics on input line 1632.
Package epstopdf Info: Output file is already uptodate.
File: MNIST_figures/local5_sketch20_iid1_train_loss-eps-converted-to.pdf Graphi
c file (type pdf)
<use MNIST_figures/local5_sketch20_iid1_train_loss-eps-converted-to.pdf>
Package pdftex.def Info: MNIST_figures/local5_sketch20_iid1_train_loss-eps-conv
erted-to.pdf  used on input line 1632.
(pdftex.def)             Requested size: 158.99377pt x 119.24792pt.

Overfull \hbox (84.49634pt too wide) in paragraph at lines 1632--1633
 [] 
 []

Package epstopdf Info: Source file: <MNIST_figures/local1_sketch20_iid1_test_ac
c.eps>
(epstopdf)                    date: 2021-02-02 23:10:34
(epstopdf)                    size: 18373 bytes
(epstopdf)             Output file: <MNIST_figures/local1_sketch20_iid1_test_ac
c-eps-converted-to.pdf>
(epstopdf)                    date: 2021-02-03 00:11:00
(epstopdf)                    size: 9950 bytes
(epstopdf)             Command: <repstopdf --outfile=MNIST_figures/local1_sketc
h20_iid1_test_acc-eps-converted-to.pdf MNIST_figures/local1_sketch20_iid1_test_
acc.eps>
(epstopdf)             \includegraphics on input line 1638.
Package epstopdf Info: Output file is already uptodate.
File: MNIST_figures/local1_sketch20_iid1_test_acc-eps-converted-to.pdf Graphic 
file (type pdf)
<use MNIST_figures/local1_sketch20_iid1_test_acc-eps-converted-to.pdf>
Package pdftex.def Info: MNIST_figures/local1_sketch20_iid1_test_acc-eps-conver
ted-to.pdf  used on input line 1638.
(pdftex.def)             Requested size: 158.99377pt x 119.24792pt.
Package epstopdf Info: Source file: <MNIST_figures/local2_sketch20_iid1_test_ac
c.eps>
(epstopdf)                    date: 2021-02-02 23:10:34
(epstopdf)                    size: 17773 bytes
(epstopdf)             Output file: <MNIST_figures/local2_sketch20_iid1_test_ac
c-eps-converted-to.pdf>
(epstopdf)                    date: 2021-02-03 00:11:08
(epstopdf)                    size: 9565 bytes
(epstopdf)             Command: <repstopdf --outfile=MNIST_figures/local2_sketc
h20_iid1_test_acc-eps-converted-to.pdf MNIST_figures/local2_sketch20_iid1_test_
acc.eps>
(epstopdf)             \includegraphics on input line 1638.
Package epstopdf Info: Output file is already uptodate.
<MNIST_figures/local2_sketch20_iid1_test_acc-eps-converted-to.pdf, id=267, 421.
575pt x 316.18124pt>
File: MNIST_figures/local2_sketch20_iid1_test_acc-eps-converted-to.pdf Graphic 
file (type pdf)
<use MNIST_figures/local2_sketch20_iid1_test_acc-eps-converted-to.pdf>
Package pdftex.def Info: MNIST_figures/local2_sketch20_iid1_test_acc-eps-conver
ted-to.pdf  used on input line 1638.
(pdftex.def)             Requested size: 158.99377pt x 119.24792pt.
Package epstopdf Info: Source file: <MNIST_figures/local5_sketch20_iid1_test_ac
c.eps>
(epstopdf)                    date: 2021-02-02 23:10:34
(epstopdf)                    size: 18759 bytes
(epstopdf)             Output file: <MNIST_figures/local5_sketch20_iid1_test_ac
c-eps-converted-to.pdf>
(epstopdf)                    date: 2021-02-03 00:11:01
(epstopdf)                    size: 10006 bytes
(epstopdf)             Command: <repstopdf --outfile=MNIST_figures/local5_sketc
h20_iid1_test_acc-eps-converted-to.pdf MNIST_figures/local5_sketch20_iid1_test_
acc.eps>
(epstopdf)             \includegraphics on input line 1638.
Package epstopdf Info: Output file is already uptodate.
File: MNIST_figures/local5_sketch20_iid1_test_acc-eps-converted-to.pdf Graphic 
file (type pdf)
<use MNIST_figures/local5_sketch20_iid1_test_acc-eps-converted-to.pdf>
Package pdftex.def Info: MNIST_figures/local5_sketch20_iid1_test_acc-eps-conver
ted-to.pdf  used on input line 1638.
(pdftex.def)             Requested size: 158.99377pt x 119.24792pt.
Package epstopdf Info: Source file: <MNIST_figures/local1_sketch50_iid1_train_l
oss.eps>
(epstopdf)                    date: 2021-02-02 23:10:34
(epstopdf)                    size: 21360 bytes
(epstopdf)             Output file: <MNIST_figures/local1_sketch50_iid1_train_l
oss-eps-converted-to.pdf>
(epstopdf)                    date: 2021-02-03 00:11:01
(epstopdf)                    size: 9543 bytes
(epstopdf)             Command: <repstopdf --outfile=MNIST_figures/local1_sketc
h50_iid1_train_loss-eps-converted-to.pdf MNIST_figures/local1_sketch50_iid1_tra
in_loss.eps>
(epstopdf)             \includegraphics on input line 1642.
Package epstopdf Info: Output file is already uptodate.
File: MNIST_figures/local1_sketch50_iid1_train_loss-eps-converted-to.pdf Graphi
c file (type pdf)
<use MNIST_figures/local1_sketch50_iid1_train_loss-eps-converted-to.pdf>
Package pdftex.def Info: MNIST_figures/local1_sketch50_iid1_train_loss-eps-conv
erted-to.pdf  used on input line 1642.
(pdftex.def)             Requested size: 158.99377pt x 119.24792pt.
Package epstopdf Info: Source file: <MNIST_figures/local2_sketch50_iid1_train_l
oss.eps>
(epstopdf)                    date: 2021-02-02 23:10:34
(epstopdf)                    size: 21082 bytes
(epstopdf)             Output file: <MNIST_figures/local2_sketch50_iid1_train_l
oss-eps-converted-to.pdf>
(epstopdf)                    date: 2021-02-03 00:11:08
(epstopdf)                    size: 9292 bytes
(epstopdf)             Command: <repstopdf --outfile=MNIST_figures/local2_sketc
h50_iid1_train_loss-eps-converted-to.pdf MNIST_figures/local2_sketch50_iid1_tra
in_loss.eps>
(epstopdf)             \includegraphics on input line 1642.
Package epstopdf Info: Output file is already uptodate.
<MNIST_figures/local2_sketch50_iid1_train_loss-eps-converted-to.pdf, id=268, 42
1.575pt x 316.18124pt>
File: MNIST_figures/local2_sketch50_iid1_train_loss-eps-converted-to.pdf Graphi
c file (type pdf)
<use MNIST_figures/local2_sketch50_iid1_train_loss-eps-converted-to.pdf>
Package pdftex.def Info: MNIST_figures/local2_sketch50_iid1_train_loss-eps-conv
erted-to.pdf  used on input line 1642.
(pdftex.def)             Requested size: 158.99377pt x 119.24792pt.
Package epstopdf Info: Source file: <MNIST_figures/local5_sketch50_iid1_train_l
oss.eps>
(epstopdf)                    date: 2021-02-02 23:10:34
(epstopdf)                    size: 22332 bytes
(epstopdf)             Output file: <MNIST_figures/local5_sketch50_iid1_train_l
oss-eps-converted-to.pdf>
(epstopdf)                    date: 2021-02-03 00:11:02
(epstopdf)                    size: 9600 bytes
(epstopdf)             Command: <repstopdf --outfile=MNIST_figures/local5_sketc
h50_iid1_train_loss-eps-converted-to.pdf MNIST_figures/local5_sketch50_iid1_tra
in_loss.eps>
(epstopdf)             \includegraphics on input line 1642.
Package epstopdf Info: Output file is already uptodate.
File: MNIST_figures/local5_sketch50_iid1_train_loss-eps-converted-to.pdf Graphi
c file (type pdf)
<use MNIST_figures/local5_sketch50_iid1_train_loss-eps-converted-to.pdf>
Package pdftex.def Info: MNIST_figures/local5_sketch50_iid1_train_loss-eps-conv
erted-to.pdf  used on input line 1642.
(pdftex.def)             Requested size: 158.99377pt x 119.24792pt.
Package epstopdf Info: Source file: <MNIST_figures/local1_sketch50_iid1_test_ac
c.eps>
(epstopdf)                    date: 2021-02-02 23:10:34
(epstopdf)                    size: 18772 bytes
(epstopdf)             Output file: <MNIST_figures/local1_sketch50_iid1_test_ac
c-eps-converted-to.pdf>
(epstopdf)                    date: 2021-02-03 00:11:02
(epstopdf)                    size: 10007 bytes
(epstopdf)             Command: <repstopdf --outfile=MNIST_figures/local1_sketc
h50_iid1_test_acc-eps-converted-to.pdf MNIST_figures/local1_sketch50_iid1_test_
acc.eps>
(epstopdf)             \includegraphics on input line 1647.
Package epstopdf Info: Output file is already uptodate.
File: MNIST_figures/local1_sketch50_iid1_test_acc-eps-converted-to.pdf Graphic 
file (type pdf)
<use MNIST_figures/local1_sketch50_iid1_test_acc-eps-converted-to.pdf>
Package pdftex.def Info: MNIST_figures/local1_sketch50_iid1_test_acc-eps-conver
ted-to.pdf  used on input line 1647.
(pdftex.def)             Requested size: 158.99377pt x 119.24792pt.
Package epstopdf Info: Source file: <MNIST_figures/local2_sketch50_iid1_test_ac
c.eps>
(epstopdf)                    date: 2021-02-02 23:10:34
(epstopdf)                    size: 17790 bytes
(epstopdf)             Output file: <MNIST_figures/local2_sketch50_iid1_test_ac
c-eps-converted-to.pdf>
(epstopdf)                    date: 2021-02-03 00:11:09
(epstopdf)                    size: 9569 bytes
(epstopdf)             Command: <repstopdf --outfile=MNIST_figures/local2_sketc
h50_iid1_test_acc-eps-converted-to.pdf MNIST_figures/local2_sketch50_iid1_test_
acc.eps>
(epstopdf)             \includegraphics on input line 1647.
Package epstopdf Info: Output file is already uptodate.
<MNIST_figures/local2_sketch50_iid1_test_acc-eps-converted-to.pdf, id=269, 421.
575pt x 316.18124pt>
File: MNIST_figures/local2_sketch50_iid1_test_acc-eps-converted-to.pdf Graphic 
file (type pdf)
<use MNIST_figures/local2_sketch50_iid1_test_acc-eps-converted-to.pdf>
Package pdftex.def Info: MNIST_figures/local2_sketch50_iid1_test_acc-eps-conver
ted-to.pdf  used on input line 1647.
(pdftex.def)             Requested size: 158.99377pt x 119.24792pt.
Package epstopdf Info: Source file: <MNIST_figures/local5_sketch50_iid1_test_ac
c.eps>
(epstopdf)                    date: 2021-02-02 23:10:34
(epstopdf)                    size: 18339 bytes
(epstopdf)             Output file: <MNIST_figures/local5_sketch50_iid1_test_ac
c-eps-converted-to.pdf>
(epstopdf)                    date: 2021-02-03 00:11:03
(epstopdf)                    size: 9852 bytes
(epstopdf)             Command: <repstopdf --outfile=MNIST_figures/local5_sketc
h50_iid1_test_acc-eps-converted-to.pdf MNIST_figures/local5_sketch50_iid1_test_
acc.eps>
(epstopdf)             \includegraphics on input line 1647.
Package epstopdf Info: Output file is already uptodate.
File: MNIST_figures/local5_sketch50_iid1_test_acc-eps-converted-to.pdf Graphic 
file (type pdf)
<use MNIST_figures/local5_sketch50_iid1_test_acc-eps-converted-to.pdf>
Package pdftex.def Info: MNIST_figures/local5_sketch50_iid1_test_acc-eps-conver
ted-to.pdf  used on input line 1647.
(pdftex.def)             Requested size: 158.99377pt x 119.24792pt.

Overfull \hbox (84.49634pt too wide) in paragraph at lines 1638--1648
 [][] 
 []


Overfull \hbox (81.99634pt too wide) in paragraph at lines 1638--1648
 [] 
 []


Overfull \hbox (84.49634pt too wide) in paragraph at lines 1638--1648
 [] 
 []

[28 <./MNIST_figures/local2_sketch20_iid1_train_loss-eps-converted-to.pdf> <./M
NIST_figures/local2_sketch20_iid1_test_acc-eps-converted-to.pdf> <./MNIST_figur
es/local2_sketch50_iid1_train_loss-eps-converted-to.pdf> <./MNIST_figures/local
2_sketch50_iid1_test_acc-eps-converted-to.pdf>]
Package epstopdf Info: Source file: <MNIST_figures/local1_sketch20_iid0_train_l
oss.eps>
(epstopdf)                    date: 2021-02-02 23:10:34
(epstopdf)                    size: 22918 bytes
(epstopdf)             Output file: <MNIST_figures/local1_sketch20_iid0_train_l
oss-eps-converted-to.pdf>
(epstopdf)                    date: 2021-02-03 00:11:03
(epstopdf)                    size: 10661 bytes
(epstopdf)             Command: <repstopdf --outfile=MNIST_figures/local1_sketc
h20_iid0_train_loss-eps-converted-to.pdf MNIST_figures/local1_sketch20_iid0_tra
in_loss.eps>
(epstopdf)             \includegraphics on input line 1662.
Package epstopdf Info: Output file is already uptodate.
File: MNIST_figures/local1_sketch20_iid0_train_loss-eps-converted-to.pdf Graphi
c file (type pdf)
<use MNIST_figures/local1_sketch20_iid0_train_loss-eps-converted-to.pdf>
Package pdftex.def Info: MNIST_figures/local1_sketch20_iid0_train_loss-eps-conv
erted-to.pdf  used on input line 1662.
(pdftex.def)             Requested size: 158.99377pt x 119.24792pt.
Package epstopdf Info: Source file: <MNIST_figures/local2_sketch20_iid0_train_l
oss.eps>
(epstopdf)                    date: 2021-02-02 23:10:34
(epstopdf)                    size: 21426 bytes
(epstopdf)             Output file: <MNIST_figures/local2_sketch20_iid0_train_l
oss-eps-converted-to.pdf>
(epstopdf)                    date: 2021-02-03 00:11:09
(epstopdf)                    size: 9954 bytes
(epstopdf)             Command: <repstopdf --outfile=MNIST_figures/local2_sketc
h20_iid0_train_loss-eps-converted-to.pdf MNIST_figures/local2_sketch20_iid0_tra
in_loss.eps>
(epstopdf)             \includegraphics on input line 1662.
Package epstopdf Info: Output file is already uptodate.
<MNIST_figures/local2_sketch20_iid0_train_loss-eps-converted-to.pdf, id=305, 42
1.575pt x 316.18124pt>
File: MNIST_figures/local2_sketch20_iid0_train_loss-eps-converted-to.pdf Graphi
c file (type pdf)
<use MNIST_figures/local2_sketch20_iid0_train_loss-eps-converted-to.pdf>
Package pdftex.def Info: MNIST_figures/local2_sketch20_iid0_train_loss-eps-conv
erted-to.pdf  used on input line 1662.
(pdftex.def)             Requested size: 158.99377pt x 119.24792pt.
Package epstopdf Info: Source file: <MNIST_figures/local5_sketch20_iid0_train_l
oss.eps>
(epstopdf)                    date: 2021-02-02 23:10:34
(epstopdf)                    size: 24044 bytes
(epstopdf)             Output file: <MNIST_figures/local5_sketch20_iid0_train_l
oss-eps-converted-to.pdf>
(epstopdf)                    date: 2021-02-03 00:11:04
(epstopdf)                    size: 10811 bytes
(epstopdf)             Command: <repstopdf --outfile=MNIST_figures/local5_sketc
h20_iid0_train_loss-eps-converted-to.pdf MNIST_figures/local5_sketch20_iid0_tra
in_loss.eps>
(epstopdf)             \includegraphics on input line 1662.
Package epstopdf Info: Output file is already uptodate.
File: MNIST_figures/local5_sketch20_iid0_train_loss-eps-converted-to.pdf Graphi
c file (type pdf)
<use MNIST_figures/local5_sketch20_iid0_train_loss-eps-converted-to.pdf>
Package pdftex.def Info: MNIST_figures/local5_sketch20_iid0_train_loss-eps-conv
erted-to.pdf  used on input line 1662.
(pdftex.def)             Requested size: 158.99377pt x 119.24792pt.

Overfull \hbox (81.99634pt too wide) in paragraph at lines 1662--1663
 [] 
 []

Package epstopdf Info: Source file: <MNIST_figures/local1_sketch20_iid0_test_ac
c.eps>
(epstopdf)                    date: 2021-02-02 23:10:34
(epstopdf)                    size: 91340 bytes
(epstopdf)             Output file: <MNIST_figures/local1_sketch20_iid0_test_ac
c-eps-converted-to.pdf>
(epstopdf)                    date: 2021-02-03 00:11:04
(epstopdf)                    size: 88598 bytes
(epstopdf)             Command: <repstopdf --outfile=MNIST_figures/local1_sketc
h20_iid0_test_acc-eps-converted-to.pdf MNIST_figures/local1_sketch20_iid0_test_
acc.eps>
(epstopdf)             \includegraphics on input line 1668.
Package epstopdf Info: Output file is already uptodate.
File: MNIST_figures/local1_sketch20_iid0_test_acc-eps-converted-to.pdf Graphic 
file (type pdf)
<use MNIST_figures/local1_sketch20_iid0_test_acc-eps-converted-to.pdf>
Package pdftex.def Info: MNIST_figures/local1_sketch20_iid0_test_acc-eps-conver
ted-to.pdf  used on input line 1668.
(pdftex.def)             Requested size: 158.99377pt x 119.24792pt.
Package epstopdf Info: Source file: <MNIST_figures/local2_sketch20_iid0_test_ac
c.eps>
(epstopdf)                    date: 2021-02-02 23:10:34
(epstopdf)                    size: 70984 bytes
(epstopdf)             Output file: <MNIST_figures/local2_sketch20_iid0_test_ac
c-eps-converted-to.pdf>
(epstopdf)                    date: 2021-02-03 00:11:10
(epstopdf)                    size: 68247 bytes
(epstopdf)             Command: <repstopdf --outfile=MNIST_figures/local2_sketc
h20_iid0_test_acc-eps-converted-to.pdf MNIST_figures/local2_sketch20_iid0_test_
acc.eps>
(epstopdf)             \includegraphics on input line 1668.
Package epstopdf Info: Output file is already uptodate.
<MNIST_figures/local2_sketch20_iid0_test_acc-eps-converted-to.pdf, id=306, 421.
575pt x 316.18124pt>
File: MNIST_figures/local2_sketch20_iid0_test_acc-eps-converted-to.pdf Graphic 
file (type pdf)
<use MNIST_figures/local2_sketch20_iid0_test_acc-eps-converted-to.pdf>
Package pdftex.def Info: MNIST_figures/local2_sketch20_iid0_test_acc-eps-conver
ted-to.pdf  used on input line 1668.
(pdftex.def)             Requested size: 158.99377pt x 119.24792pt.
Package epstopdf Info: Source file: <MNIST_figures/local5_sketch20_iid0_test_ac
c.eps>
(epstopdf)                    date: 2021-02-02 23:10:34
(epstopdf)                    size: 92049 bytes
(epstopdf)             Output file: <MNIST_figures/local5_sketch20_iid0_test_ac
c-eps-converted-to.pdf>
(epstopdf)                    date: 2021-02-03 00:11:05
(epstopdf)                    size: 89545 bytes
(epstopdf)             Command: <repstopdf --outfile=MNIST_figures/local5_sketc
h20_iid0_test_acc-eps-converted-to.pdf MNIST_figures/local5_sketch20_iid0_test_
acc.eps>
(epstopdf)             \includegraphics on input line 1668.
Package epstopdf Info: Output file is already uptodate.
File: MNIST_figures/local5_sketch20_iid0_test_acc-eps-converted-to.pdf Graphic 
file (type pdf)
<use MNIST_figures/local5_sketch20_iid0_test_acc-eps-converted-to.pdf>
Package pdftex.def Info: MNIST_figures/local5_sketch20_iid0_test_acc-eps-conver
ted-to.pdf  used on input line 1668.
(pdftex.def)             Requested size: 158.99377pt x 119.24792pt.

Overfull \hbox (86.99634pt too wide) in paragraph at lines 1668--1669
 [][] 
 []

Package epstopdf Info: Source file: <MNIST_figures/local1_sketch50_iid0_train_l
oss.eps>
(epstopdf)                    date: 2021-02-02 23:10:34
(epstopdf)                    size: 23266 bytes
(epstopdf)             Output file: <MNIST_figures/local1_sketch50_iid0_train_l
oss-eps-converted-to.pdf>
(epstopdf)                    date: 2021-02-03 00:11:05
(epstopdf)                    size: 10654 bytes
(epstopdf)             Command: <repstopdf --outfile=MNIST_figures/local1_sketc
h50_iid0_train_loss-eps-converted-to.pdf MNIST_figures/local1_sketch50_iid0_tra
in_loss.eps>
(epstopdf)             \includegraphics on input line 1673.
Package epstopdf Info: Output file is already uptodate.
File: MNIST_figures/local1_sketch50_iid0_train_loss-eps-converted-to.pdf Graphi
c file (type pdf)
<use MNIST_figures/local1_sketch50_iid0_train_loss-eps-converted-to.pdf>
Package pdftex.def Info: MNIST_figures/local1_sketch50_iid0_train_loss-eps-conv
erted-to.pdf  used on input line 1673.
(pdftex.def)             Requested size: 158.99377pt x 119.24792pt.
Package epstopdf Info: Source file: <MNIST_figures/local2_sketch50_iid0_train_l
oss.eps>
(epstopdf)                    date: 2021-02-02 23:10:34
(epstopdf)                    size: 21437 bytes
(epstopdf)             Output file: <MNIST_figures/local2_sketch50_iid0_train_l
oss-eps-converted-to.pdf>
(epstopdf)                    date: 2021-02-03 00:11:10
(epstopdf)                    size: 9993 bytes
(epstopdf)             Command: <repstopdf --outfile=MNIST_figures/local2_sketc
h50_iid0_train_loss-eps-converted-to.pdf MNIST_figures/local2_sketch50_iid0_tra
in_loss.eps>
(epstopdf)             \includegraphics on input line 1673.
Package epstopdf Info: Output file is already uptodate.
<MNIST_figures/local2_sketch50_iid0_train_loss-eps-converted-to.pdf, id=307, 42
1.575pt x 316.18124pt>
File: MNIST_figures/local2_sketch50_iid0_train_loss-eps-converted-to.pdf Graphi
c file (type pdf)
<use MNIST_figures/local2_sketch50_iid0_train_loss-eps-converted-to.pdf>
Package pdftex.def Info: MNIST_figures/local2_sketch50_iid0_train_loss-eps-conv
erted-to.pdf  used on input line 1673.
(pdftex.def)             Requested size: 158.99377pt x 119.24792pt.
Package epstopdf Info: Source file: <MNIST_figures/local5_sketch50_iid0_train_l
oss.eps>
(epstopdf)                    date: 2021-02-02 23:10:34
(epstopdf)                    size: 24412 bytes
(epstopdf)             Output file: <MNIST_figures/local5_sketch50_iid0_train_l
oss-eps-converted-to.pdf>
(epstopdf)                    date: 2021-02-03 00:11:06
(epstopdf)                    size: 10732 bytes
(epstopdf)             Command: <repstopdf --outfile=MNIST_figures/local5_sketc
h50_iid0_train_loss-eps-converted-to.pdf MNIST_figures/local5_sketch50_iid0_tra
in_loss.eps>
(epstopdf)             \includegraphics on input line 1673.
Package epstopdf Info: Output file is already uptodate.
File: MNIST_figures/local5_sketch50_iid0_train_loss-eps-converted-to.pdf Graphi
c file (type pdf)
<use MNIST_figures/local5_sketch50_iid0_train_loss-eps-converted-to.pdf>
Package pdftex.def Info: MNIST_figures/local5_sketch50_iid0_train_loss-eps-conv
erted-to.pdf  used on input line 1673.
(pdftex.def)             Requested size: 158.99377pt x 119.24792pt.

Overfull \hbox (79.49634pt too wide) in paragraph at lines 1673--1674
 [][] 
 []

Package epstopdf Info: Source file: <MNIST_figures/local1_sketch50_iid0_test_ac
c.eps>
(epstopdf)                    date: 2021-02-02 23:10:34
(epstopdf)                    size: 87854 bytes
(epstopdf)             Output file: <MNIST_figures/local1_sketch50_iid0_test_ac
c-eps-converted-to.pdf>
(epstopdf)                    date: 2021-02-03 00:11:06
(epstopdf)                    size: 85457 bytes
(epstopdf)             Command: <repstopdf --outfile=MNIST_figures/local1_sketc
h50_iid0_test_acc-eps-converted-to.pdf MNIST_figures/local1_sketch50_iid0_test_
acc.eps>
(epstopdf)             \includegraphics on input line 1679.
Package epstopdf Info: Output file is already uptodate.
File: MNIST_figures/local1_sketch50_iid0_test_acc-eps-converted-to.pdf Graphic 
file (type pdf)
<use MNIST_figures/local1_sketch50_iid0_test_acc-eps-converted-to.pdf>
Package pdftex.def Info: MNIST_figures/local1_sketch50_iid0_test_acc-eps-conver
ted-to.pdf  used on input line 1679.
(pdftex.def)             Requested size: 158.99377pt x 119.24792pt.
Package epstopdf Info: Source file: <MNIST_figures/local2_sketch50_iid0_test_ac
c.eps>
(epstopdf)                    date: 2021-02-02 23:10:34
(epstopdf)                    size: 69958 bytes
(epstopdf)             Output file: <MNIST_figures/local2_sketch50_iid0_test_ac
c-eps-converted-to.pdf>
(epstopdf)                    date: 2021-02-03 00:11:11
(epstopdf)                    size: 67325 bytes
(epstopdf)             Command: <repstopdf --outfile=MNIST_figures/local2_sketc
h50_iid0_test_acc-eps-converted-to.pdf MNIST_figures/local2_sketch50_iid0_test_
acc.eps>
(epstopdf)             \includegraphics on input line 1679.
Package epstopdf Info: Output file is already uptodate.
<MNIST_figures/local2_sketch50_iid0_test_acc-eps-converted-to.pdf, id=308, 421.
575pt x 316.18124pt>
File: MNIST_figures/local2_sketch50_iid0_test_acc-eps-converted-to.pdf Graphic 
file (type pdf)
<use MNIST_figures/local2_sketch50_iid0_test_acc-eps-converted-to.pdf>
Package pdftex.def Info: MNIST_figures/local2_sketch50_iid0_test_acc-eps-conver
ted-to.pdf  used on input line 1679.
(pdftex.def)             Requested size: 158.99377pt x 119.24792pt.
Package epstopdf Info: Source file: <MNIST_figures/local5_sketch50_iid0_test_ac
c.eps>
(epstopdf)                    date: 2021-02-02 23:10:34
(epstopdf)                    size: 89279 bytes
(epstopdf)             Output file: <MNIST_figures/local5_sketch50_iid0_test_ac
c-eps-converted-to.pdf>
(epstopdf)                    date: 2021-02-03 00:11:07
(epstopdf)                    size: 86292 bytes
(epstopdf)             Command: <repstopdf --outfile=MNIST_figures/local5_sketc
h50_iid0_test_acc-eps-converted-to.pdf MNIST_figures/local5_sketch50_iid0_test_
acc.eps>
(epstopdf)             \includegraphics on input line 1679.
Package epstopdf Info: Output file is already uptodate.
File: MNIST_figures/local5_sketch50_iid0_test_acc-eps-converted-to.pdf Graphic 
file (type pdf)
<use MNIST_figures/local5_sketch50_iid0_test_acc-eps-converted-to.pdf>
Package pdftex.def Info: MNIST_figures/local5_sketch50_iid0_test_acc-eps-conver
ted-to.pdf  used on input line 1679.
(pdftex.def)             Requested size: 158.99377pt x 119.24792pt.

Overfull \hbox (84.49634pt too wide) in paragraph at lines 1679--1680
 [][] 
 []

[29 <./MNIST_figures/local2_sketch20_iid0_train_loss-eps-converted-to.pdf> <./M
NIST_figures/local2_sketch20_iid0_test_acc-eps-converted-to.pdf> <./MNIST_figur
es/local2_sketch50_iid0_train_loss-eps-converted-to.pdf> <./MNIST_figures/local
2_sketch50_iid0_test_acc-eps-converted-to.pdf>]
Package epstopdf Info: Source file: <CIFAR_figures/cifar_local1_sketch20_iid1_t
est_acc.eps>
(epstopdf)                    date: 2021-02-02 23:10:36
(epstopdf)                    size: 75002 bytes
(epstopdf)             Output file: <CIFAR_figures/cifar_local1_sketch20_iid1_t
est_acc-eps-converted-to.pdf>
(epstopdf)                    date: 2021-02-03 00:11:12
(epstopdf)                    size: 74321 bytes
(epstopdf)             Command: <repstopdf --outfile=CIFAR_figures/cifar_local1
_sketch20_iid1_test_acc-eps-converted-to.pdf CIFAR_figures/cifar_local1_sketch2
0_iid1_test_acc.eps>
(epstopdf)             \includegraphics on input line 1699.
Package epstopdf Info: Output file is already uptodate.
<CIFAR_figures/cifar_local1_sketch20_iid1_test_acc-eps-converted-to.pdf, id=340
, 421.575pt x 316.18124pt>
File: CIFAR_figures/cifar_local1_sketch20_iid1_test_acc-eps-converted-to.pdf Gr
aphic file (type pdf)
<use CIFAR_figures/cifar_local1_sketch20_iid1_test_acc-eps-converted-to.pdf>
Package pdftex.def Info: CIFAR_figures/cifar_local1_sketch20_iid1_test_acc-eps-
converted-to.pdf  used on input line 1699.
(pdftex.def)             Requested size: 216.81pt x 162.61081pt.
Package epstopdf Info: Source file: <CIFAR_figures/cifar_local5_sketch20_iid1_t
est_acc.eps>
(epstopdf)                    date: 2021-02-02 23:10:36
(epstopdf)                    size: 67957 bytes
(epstopdf)             Output file: <CIFAR_figures/cifar_local5_sketch20_iid1_t
est_acc-eps-converted-to.pdf>
(epstopdf)                    date: 2021-02-03 00:11:12
(epstopdf)                    size: 66819 bytes
(epstopdf)             Command: <repstopdf --outfile=CIFAR_figures/cifar_local5
_sketch20_iid1_test_acc-eps-converted-to.pdf CIFAR_figures/cifar_local5_sketch2
0_iid1_test_acc.eps>
(epstopdf)             \includegraphics on input line 1699.
Package epstopdf Info: Output file is already uptodate.
<CIFAR_figures/cifar_local5_sketch20_iid1_test_acc-eps-converted-to.pdf, id=341
, 421.575pt x 316.18124pt>
File: CIFAR_figures/cifar_local5_sketch20_iid1_test_acc-eps-converted-to.pdf Gr
aphic file (type pdf)
<use CIFAR_figures/cifar_local5_sketch20_iid1_test_acc-eps-converted-to.pdf>
Package pdftex.def Info: CIFAR_figures/cifar_local5_sketch20_iid1_test_acc-eps-
converted-to.pdf  used on input line 1699.
(pdftex.def)             Requested size: 216.81pt x 162.61081pt.
Package epstopdf Info: Source file: <CIFAR_figures/cifar_local1_sketch50_iid1_t
est_acc.eps>
(epstopdf)                    date: 2021-02-02 23:10:36
(epstopdf)                    size: 75602 bytes
(epstopdf)             Output file: <CIFAR_figures/cifar_local1_sketch50_iid1_t
est_acc-eps-converted-to.pdf>
(epstopdf)                    date: 2021-02-03 00:11:13
(epstopdf)                    size: 74625 bytes
(epstopdf)             Command: <repstopdf --outfile=CIFAR_figures/cifar_local1
_sketch50_iid1_test_acc-eps-converted-to.pdf CIFAR_figures/cifar_local1_sketch5
0_iid1_test_acc.eps>
(epstopdf)             \includegraphics on input line 1703.
Package epstopdf Info: Output file is already uptodate.
<CIFAR_figures/cifar_local1_sketch50_iid1_test_acc-eps-converted-to.pdf, id=342
, 421.575pt x 316.18124pt>
File: CIFAR_figures/cifar_local1_sketch50_iid1_test_acc-eps-converted-to.pdf Gr
aphic file (type pdf)
<use CIFAR_figures/cifar_local1_sketch50_iid1_test_acc-eps-converted-to.pdf>
Package pdftex.def Info: CIFAR_figures/cifar_local1_sketch50_iid1_test_acc-eps-
converted-to.pdf  used on input line 1703.
(pdftex.def)             Requested size: 216.81pt x 162.61081pt.
Package epstopdf Info: Source file: <CIFAR_figures/cifar_local5_sketch50_iid1_t
est_acc.eps>
(epstopdf)                    date: 2021-02-02 23:10:34
(epstopdf)                    size: 69034 bytes
(epstopdf)             Output file: <CIFAR_figures/cifar_local5_sketch50_iid1_t
est_acc-eps-converted-to.pdf>
(epstopdf)                    date: 2021-02-03 00:11:13
(epstopdf)                    size: 68331 bytes
(epstopdf)             Command: <repstopdf --outfile=CIFAR_figures/cifar_local5
_sketch50_iid1_test_acc-eps-converted-to.pdf CIFAR_figures/cifar_local5_sketch5
0_iid1_test_acc.eps>
(epstopdf)             \includegraphics on input line 1703.
Package epstopdf Info: Output file is already uptodate.
<CIFAR_figures/cifar_local5_sketch50_iid1_test_acc-eps-converted-to.pdf, id=343
, 421.575pt x 316.18124pt>
File: CIFAR_figures/cifar_local5_sketch50_iid1_test_acc-eps-converted-to.pdf Gr
aphic file (type pdf)
<use CIFAR_figures/cifar_local5_sketch50_iid1_test_acc-eps-converted-to.pdf>
Package pdftex.def Info: CIFAR_figures/cifar_local5_sketch50_iid1_test_acc-eps-
converted-to.pdf  used on input line 1703.
(pdftex.def)             Requested size: 216.81pt x 162.61081pt.

Overfull \hbox (41.13501pt too wide) in paragraph at lines 1699--1704
 [] 
 []


Overfull \hbox (41.13501pt too wide) in paragraph at lines 1699--1704
 [] 
 []

Package epstopdf Info: Source file: <CIFAR_figures/cifar_local1_sketch20_iid0_t
est_acc.eps>
(epstopdf)                    date: 2021-02-02 23:10:34
(epstopdf)                    size: 24662 bytes
(epstopdf)             Output file: <CIFAR_figures/cifar_local1_sketch20_iid0_t
est_acc-eps-converted-to.pdf>
(epstopdf)                    date: 2021-02-03 00:11:14
(epstopdf)                    size: 12111 bytes
(epstopdf)             Command: <repstopdf --outfile=CIFAR_figures/cifar_local1
_sketch20_iid0_test_acc-eps-converted-to.pdf CIFAR_figures/cifar_local1_sketch2
0_iid0_test_acc.eps>
(epstopdf)             \includegraphics on input line 1716.
Package epstopdf Info: Output file is already uptodate.
<CIFAR_figures/cifar_local1_sketch20_iid0_test_acc-eps-converted-to.pdf, id=344
, 421.575pt x 316.18124pt>
File: CIFAR_figures/cifar_local1_sketch20_iid0_test_acc-eps-converted-to.pdf Gr
aphic file (type pdf)
<use CIFAR_figures/cifar_local1_sketch20_iid0_test_acc-eps-converted-to.pdf>
Package pdftex.def Info: CIFAR_figures/cifar_local1_sketch20_iid0_test_acc-eps-
converted-to.pdf  used on input line 1716.
(pdftex.def)             Requested size: 216.81pt x 162.61081pt.
Package epstopdf Info: Source file: <CIFAR_figures/cifar_local5_sketch20_iid0_t
est_acc.eps>
(epstopdf)                    date: 2021-02-02 23:10:36
(epstopdf)                    size: 75591 bytes
(epstopdf)             Output file: <CIFAR_figures/cifar_local5_sketch20_iid0_t
est_acc-eps-converted-to.pdf>
(epstopdf)                    date: 2021-02-03 00:11:14
(epstopdf)                    size: 73354 bytes
(epstopdf)             Command: <repstopdf --outfile=CIFAR_figures/cifar_local5
_sketch20_iid0_test_acc-eps-converted-to.pdf CIFAR_figures/cifar_local5_sketch2
0_iid0_test_acc.eps>
(epstopdf)             \includegraphics on input line 1716.
Package epstopdf Info: Output file is already uptodate.
<CIFAR_figures/cifar_local5_sketch20_iid0_test_acc-eps-converted-to.pdf, id=345
, 421.575pt x 316.18124pt>
File: CIFAR_figures/cifar_local5_sketch20_iid0_test_acc-eps-converted-to.pdf Gr
aphic file (type pdf)
<use CIFAR_figures/cifar_local5_sketch20_iid0_test_acc-eps-converted-to.pdf>
Package pdftex.def Info: CIFAR_figures/cifar_local5_sketch20_iid0_test_acc-eps-
converted-to.pdf  used on input line 1716.
(pdftex.def)             Requested size: 216.81pt x 162.61081pt.
Package epstopdf Info: Source file: <CIFAR_figures/cifar_local1_sketch50_iid0_t
est_acc.eps>
(epstopdf)                    date: 2021-02-02 23:10:36
(epstopdf)                    size: 24666 bytes
(epstopdf)             Output file: <CIFAR_figures/cifar_local1_sketch50_iid0_t
est_acc-eps-converted-to.pdf>
(epstopdf)                    date: 2021-02-03 00:11:15
(epstopdf)                    size: 11993 bytes
(epstopdf)             Command: <repstopdf --outfile=CIFAR_figures/cifar_local1
_sketch50_iid0_test_acc-eps-converted-to.pdf CIFAR_figures/cifar_local1_sketch5
0_iid0_test_acc.eps>
(epstopdf)             \includegraphics on input line 1720.
Package epstopdf Info: Output file is already uptodate.
<CIFAR_figures/cifar_local1_sketch50_iid0_test_acc-eps-converted-to.pdf, id=346
, 421.575pt x 316.18124pt>
File: CIFAR_figures/cifar_local1_sketch50_iid0_test_acc-eps-converted-to.pdf Gr
aphic file (type pdf)
<use CIFAR_figures/cifar_local1_sketch50_iid0_test_acc-eps-converted-to.pdf>
Package pdftex.def Info: CIFAR_figures/cifar_local1_sketch50_iid0_test_acc-eps-
converted-to.pdf  used on input line 1720.
(pdftex.def)             Requested size: 216.81pt x 162.61081pt.
Package epstopdf Info: Source file: <CIFAR_figures/cifar_local5_sketch50_iid0_t
est_acc.eps>
(epstopdf)                    date: 2021-02-02 23:10:36
(epstopdf)                    size: 76656 bytes
(epstopdf)             Output file: <CIFAR_figures/cifar_local5_sketch50_iid0_t
est_acc-eps-converted-to.pdf>
(epstopdf)                    date: 2021-02-03 00:11:15
(epstopdf)                    size: 74985 bytes
(epstopdf)             Command: <repstopdf --outfile=CIFAR_figures/cifar_local5
_sketch50_iid0_test_acc-eps-converted-to.pdf CIFAR_figures/cifar_local5_sketch5
0_iid0_test_acc.eps>
(epstopdf)             \includegraphics on input line 1720.
Package epstopdf Info: Output file is already uptodate.
<CIFAR_figures/cifar_local5_sketch50_iid0_test_acc-eps-converted-to.pdf, id=347
, 421.575pt x 316.18124pt>
File: CIFAR_figures/cifar_local5_sketch50_iid0_test_acc-eps-converted-to.pdf Gr
aphic file (type pdf)
<use CIFAR_figures/cifar_local5_sketch50_iid0_test_acc-eps-converted-to.pdf>
Package pdftex.def Info: CIFAR_figures/cifar_local5_sketch50_iid0_test_acc-eps-
converted-to.pdf  used on input line 1720.
(pdftex.def)             Requested size: 216.81pt x 162.61081pt.

Overfull \hbox (41.13501pt too wide) in paragraph at lines 1716--1721
 [] 
 []


Overfull \hbox (41.13501pt too wide) in paragraph at lines 1716--1721
 [] 
 []


LaTeX Warning: `h' float specifier changed to `ht'.

[30 <./CIFAR_figures/cifar_local1_sketch20_iid1_test_acc-eps-converted-to.pdf> 
<./CIFAR_figures/cifar_local5_sketch20_iid1_test_acc-eps-converted-to.pdf> <./C
IFAR_figures/cifar_local1_sketch50_iid1_test_acc-eps-converted-to.pdf> <./CIFAR
_figures/cifar_local5_sketch50_iid1_test_acc-eps-converted-to.pdf>] [31 <./CIFA
R_figures/cifar_local1_sketch20_iid0_test_acc-eps-converted-to.pdf> <./CIFAR_fi
gures/cifar_local5_sketch20_iid0_test_acc-eps-converted-to.pdf> <./CIFAR_figure
s/cifar_local1_sketch50_iid0_test_acc-eps-converted-to.pdf> <./CIFAR_figures/ci
far_local5_sketch50_iid0_test_acc-eps-converted-to.pdf>] (./main.aux)

LaTeX Font Warning: Some font shapes were not available, defaults substituted.

 ) 
Here is how much of TeX's memory you used:
 8845 strings out of 492649
 138652 string characters out of 6129622
 276082 words of memory out of 5000000
 12248 multiletter control sequences out of 15000+600000
 46777 words of font info for 229 fonts, out of 8000000 for 9000
 1141 hyphenation exceptions out of 8191
 41i,27n,54p,1726b,432s stack positions out of 5000i,500n,10000p,200000b,80000s
{/usr/local/texlive/2018/texmf-dist/fonts/enc/dvips/base/8r.enc}</usr/local/t
exlive/2018/texmf-dist/fonts/type1/public/amsfonts/cm/cmbsy10.pfb></usr/local/t
exlive/2018/texmf-dist/fonts/type1/public/amsfonts/cmextra/cmbsy5.pfb></usr/loc
al/texlive/2018/texmf-dist/fonts/type1/public/amsfonts/cmextra/cmbsy7.pfb></usr
/local/texlive/2018/texmf-dist/fonts/type1/public/amsfonts/cm/cmbx10.pfb></usr/
local/texlive/2018/texmf-dist/fonts/type1/public/amsfonts/cm/cmbx5.pfb></usr/lo
cal/texlive/2018/texmf-dist/fonts/type1/public/amsfonts/cm/cmbx7.pfb></usr/loca
l/texlive/2018/texmf-dist/fonts/type1/public/amsfonts/cm/cmbx9.pfb></usr/local/
texlive/2018/texmf-dist/fonts/type1/public/amsfonts/cm/cmex10.pfb></usr/local/t
exlive/2018/texmf-dist/fonts/type1/public/amsfonts/cmextra/cmex7.pfb></usr/loca
l/texlive/2018/texmf-dist/fonts/type1/public/amsfonts/cmextra/cmex9.pfb></usr/l
ocal/texlive/2018/texmf-dist/fonts/type1/public/amsfonts/cm/cmitt10.pfb></usr/l
ocal/texlive/2018/texmf-dist/fonts/type1/public/amsfonts/cm/cmmi10.pfb></usr/lo
cal/texlive/2018/texmf-dist/fonts/type1/public/amsfonts/cm/cmmi5.pfb></usr/loca
l/texlive/2018/texmf-dist/fonts/type1/public/amsfonts/cm/cmmi6.pfb></usr/local/
texlive/2018/texmf-dist/fonts/type1/public/amsfonts/cm/cmmi7.pfb></usr/local/te
xlive/2018/texmf-dist/fonts/type1/public/amsfonts/cm/cmmi9.pfb></usr/local/texl
ive/2018/texmf-dist/fonts/type1/public/amsfonts/cm/cmmib10.pfb></usr/local/texl
ive/2018/texmf-dist/fonts/type1/public/amsfonts/cmextra/cmmib5.pfb></usr/local/
texlive/2018/texmf-dist/fonts/type1/public/amsfonts/cmextra/cmmib7.pfb></usr/lo
cal/texlive/2018/texmf-dist/fonts/type1/public/amsfonts/cm/cmr10.pfb></usr/loca
l/texlive/2018/texmf-dist/fonts/type1/public/amsfonts/cm/cmr5.pfb></usr/local/t
exlive/2018/texmf-dist/fonts/type1/public/amsfonts/cm/cmr6.pfb></usr/local/texl
ive/2018/texmf-dist/fonts/type1/public/amsfonts/cm/cmr7.pfb></usr/local/texlive
/2018/texmf-dist/fonts/type1/public/amsfonts/cm/cmr9.pfb></usr/local/texlive/20
18/texmf-dist/fonts/type1/public/amsfonts/cm/cmsy10.pfb></usr/local/texlive/201
8/texmf-dist/fonts/type1/public/amsfonts/cm/cmsy5.pfb></usr/local/texlive/2018/
texmf-dist/fonts/type1/public/amsfonts/cm/cmsy6.pfb></usr/local/texlive/2018/te
xmf-dist/fonts/type1/public/amsfonts/cm/cmsy7.pfb></usr/local/texlive/2018/texm
f-dist/fonts/type1/public/amsfonts/cm/cmsy9.pfb></usr/local/texlive/2018/texmf-
dist/fonts/type1/public/amsfonts/cm/cmtt10.pfb></usr/local/texlive/2018/texmf-d
ist/fonts/type1/public/amsfonts/cm/cmtt12.pfb></usr/local/texlive/2018/texmf-di
st/fonts/type1/public/amsfonts/cm/cmtt9.pfb></usr/local/texlive/2018/texmf-dist
/fonts/type1/public/amsfonts/symbols/msam10.pfb></usr/local/texlive/2018/texmf-
dist/fonts/type1/public/amsfonts/symbols/msbm10.pfb></usr/local/texlive/2018/te
xmf-dist/fonts/type1/public/amsfonts/symbols/msbm7.pfb></usr/local/texlive/2018
/texmf-dist/fonts/type1/urw/helvetic/uhvr8a.pfb></usr/local/texlive/2018/texmf-
dist/fonts/type1/urw/times/utmb8a.pfb></usr/local/texlive/2018/texmf-dist/fonts
/type1/urw/times/utmbi8a.pfb></usr/local/texlive/2018/texmf-dist/fonts/type1/ur
w/times/utmr8a.pfb></usr/local/texlive/2018/texmf-dist/fonts/type1/urw/times/ut
mri8a.pfb></usr/local/texlive/2018/texmf-dist/fonts/type1/urw/zapfding/uzdr.pfb
>
Output written on main.pdf (31 pages, 1532280 bytes).
PDF statistics:
 536 PDF objects out of 1000 (max. 8388607)
 338 compressed objects within 4 object streams
 0 named destinations out of 1000 (max. 500000)
 30369 words of extra memory for PDF output out of 35830 (max. 10000000)

