\BOOKMARK [1][-]{section.1}{Introduction}{}% 1
\BOOKMARK [1][-]{section.2}{Preliminaries}{}% 2
\BOOKMARK [1][-]{section.3}{OPT-AMSGrad Algorithm}{}% 3
\BOOKMARK [1][-]{section.4}{Global Convergence of OPT-AMSGrad}{}% 4
\BOOKMARK [2][-]{subsection.4.1}{Convex Regret Analysis}{section.4}% 5
\BOOKMARK [2][-]{subsection.4.2}{Nonconvex Analysis \(Finite-Time Upper Bound\)}{section.4}% 6
\BOOKMARK [1][-]{section.5}{Numerical Experiments}{}% 7
\BOOKMARK [2][-]{subsection.5.1}{Gradient Estimation}{section.5}% 8
\BOOKMARK [2][-]{subsection.5.2}{Classification Experiments}{section.5}% 9
\BOOKMARK [2][-]{subsection.5.3}{Choice of parameter r}{section.5}% 10
\BOOKMARK [2][-]{subsection.5.4}{Some Remarks on the Experiments}{section.5}% 11
\BOOKMARK [1][-]{section.6}{Conclusion}{}% 12
\BOOKMARK [1][-]{appendix.A}{Proof of Theorem 1}{}% 13
\BOOKMARK [1][-]{appendix.B}{Proof of Corollary 1}{}% 14
\BOOKMARK [1][-]{appendix.C}{Proofs of Auxiliary Lemmas}{}% 15
\BOOKMARK [2][-]{subsection.C.1}{Proof of Lemma ??}{appendix.C}% 16
\BOOKMARK [2][-]{subsection.C.2}{Proof of Lemma ?? }{appendix.C}% 17
\BOOKMARK [2][-]{subsection.C.3}{Proof of Lemma ?? }{appendix.C}% 18
\BOOKMARK [1][-]{appendix.D}{Proof of Theorem 2}{}% 19
\BOOKMARK [1][-]{appendix.E}{Proof of Lemma 1 \(Boundedness of the iterates\)}{}% 20
\BOOKMARK [1][-]{appendix.F}{Comparison to some related methods}{}% 21
\BOOKMARK [1][-]{appendix.G}{Additional Remarks and Runs on the Gradient Prediction Process}{}% 22
