\BOOKMARK [1][-]{section.1}{Introduction}{}% 1
\BOOKMARK [1][-]{section.2}{Incremental Minimization of Finite Sum Nonconvex Functions}{}% 2
\BOOKMARK [1][-]{section.3}{Convergence Analysis}{}% 3
\BOOKMARK [1][-]{section.4}{Numerical Experiments}{}% 4
\BOOKMARK [2][-]{subsection.4.1}{Binary logistic regression with missing values}{section.4}% 5
\BOOKMARK [2][-]{subsection.4.2}{Training Bayesian CNN using MISSO}{section.4}% 6
\BOOKMARK [1][-]{section.5}{Conclusion}{}% 7
\BOOKMARK [1][-]{appendix.A}{Proofs of the Theoretical Results}{}% 8
\BOOKMARK [2][-]{subsection.A.1}{Proof of Theorem 1}{appendix.A}% 9
\BOOKMARK [2][-]{subsection.A.2}{Proof of Theorem 2}{appendix.A}% 10
\BOOKMARK [2][-]{subsection.A.3}{Proof of Lemma 1}{appendix.A}% 11
\BOOKMARK [1][-]{appendix.B}{Practical Details for the Binary Logistic Regression on the Traumabase}{}% 12
\BOOKMARK [2][-]{subsection.B.1}{Traumabase dataset quantitative variables}{appendix.B}% 13
\BOOKMARK [2][-]{subsection.B.2}{Metropolis-Hastings algorithm}{appendix.B}% 14
\BOOKMARK [2][-]{subsection.B.3}{MISSO Update}{appendix.B}% 15
\BOOKMARK [2][-]{subsection.B.4}{Wall clock time}{appendix.B}% 16
\BOOKMARK [2][-]{subsection.B.5}{Plots against the epochs elapsed}{appendix.B}% 17
\BOOKMARK [1][-]{appendix.C}{Practical Details for the Incremental Variational Inference}{}% 18
\BOOKMARK [2][-]{subsection.C.1}{Neural Networks Architecture}{appendix.C}% 19
\BOOKMARK [2][-]{subsection.C.2}{Algorithms updates}{appendix.C}% 20
\BOOKMARK [2][-]{subsection.C.3}{Wall clock time}{appendix.C}% 21
\BOOKMARK [2][-]{subsection.C.4}{Plots against the epochs elapsed}{appendix.C}% 22
