This is pdfTeX, Version 3.14159265-2.6-1.40.19 (TeX Live 2018) (preloaded format=pdflatex 2018.7.23)  2 OCT 2020 15:40
entering extended mode
 restricted \write18 enabled.
 file:line:error style messages enabled.
 %&-line parsing enabled.
**mainvfg.tex
(./mainvfg.tex
LaTeX2e <2018-04-01> patch level 2
Babel <3.18> and hyphenation patterns for 84 language(s) loaded.
(/usr/local/texlive/2018/texmf-dist/tex/latex/base/article.cls
Document Class: article 2014/09/29 v1.4h Standard LaTeX document class
(/usr/local/texlive/2018/texmf-dist/tex/latex/base/size10.clo
File: size10.clo 2014/09/29 v1.4h Standard LaTeX file (size option)
)
\c@part=\count80
\c@section=\count81
\c@subsection=\count82
\c@subsubsection=\count83
\c@paragraph=\count84
\c@subparagraph=\count85
\c@figure=\count86
\c@table=\count87
\abovecaptionskip=\skip41
\belowcaptionskip=\skip42
\bibindent=\dimen102
)
(./aistats2021.sty
Package: aistats2021 2020/08/23 AISTATS2021 submission/camera-ready style file

(/usr/local/texlive/2018/texmf-dist/tex/latex/amsmath/amsmath.sty
Package: amsmath 2017/09/02 v2.17a AMS math features
\@mathmargin=\skip43

For additional information on amsmath, use the `?' option.
(/usr/local/texlive/2018/texmf-dist/tex/latex/amsmath/amstext.sty
Package: amstext 2000/06/29 v2.01 AMS text

(/usr/local/texlive/2018/texmf-dist/tex/latex/amsmath/amsgen.sty
File: amsgen.sty 1999/11/30 v2.0 generic functions
\@emptytoks=\toks14
\ex@=\dimen103
))
(/usr/local/texlive/2018/texmf-dist/tex/latex/amsmath/amsbsy.sty
Package: amsbsy 1999/11/29 v1.2d Bold Symbols
\pmbraise@=\dimen104
)
(/usr/local/texlive/2018/texmf-dist/tex/latex/amsmath/amsopn.sty
Package: amsopn 2016/03/08 v2.02 operator names
)
\inf@bad=\count88
LaTeX Info: Redefining \frac on input line 213.
\uproot@=\count89
\leftroot@=\count90
LaTeX Info: Redefining \overline on input line 375.
\classnum@=\count91
\DOTSCASE@=\count92
LaTeX Info: Redefining \ldots on input line 472.
LaTeX Info: Redefining \dots on input line 475.
LaTeX Info: Redefining \cdots on input line 596.
\Mathstrutbox@=\box26
\strutbox@=\box27
\big@size=\dimen105
LaTeX Font Info:    Redeclaring font encoding OML on input line 712.
LaTeX Font Info:    Redeclaring font encoding OMS on input line 713.
\macc@depth=\count93
\c@MaxMatrixCols=\count94
\dotsspace@=\muskip10
\c@parentequation=\count95
\dspbrk@lvl=\count96
\tag@help=\toks15
\row@=\count97
\column@=\count98
\maxfields@=\count99
\andhelp@=\toks16
\eqnshift@=\dimen106
\alignsep@=\dimen107
\tagshift@=\dimen108
\tagwidth@=\dimen109
\totwidth@=\dimen110
\lineht@=\dimen111
\@envbody=\toks17
\multlinegap=\skip44
\multlinetaggap=\skip45
\mathdisplay@stack=\toks18
LaTeX Info: Redefining \[ on input line 2817.
LaTeX Info: Redefining \] on input line 2818.
)
\titlebox=\skip46

(./fancyhdr.sty
\fancy@headwidth=\skip47
\f@ncyO@elh=\skip48
\f@ncyO@erh=\skip49
\f@ncyO@olh=\skip50
\f@ncyO@orh=\skip51
\f@ncyO@elf=\skip52
\f@ncyO@erf=\skip53
\f@ncyO@olf=\skip54
\f@ncyO@orf=\skip55
)
\titrun=\box28
\autrun=\box29
)
(/usr/local/texlive/2018/texmf-dist/tex/latex/amsfonts/amssymb.sty
Package: amssymb 2013/01/14 v3.01 AMS font symbols

(/usr/local/texlive/2018/texmf-dist/tex/latex/amsfonts/amsfonts.sty
Package: amsfonts 2013/01/14 v3.01 Basic AMSFonts support
\symAMSa=\mathgroup4
\symAMSb=\mathgroup5
LaTeX Font Info:    Overwriting math alphabet `\mathfrak' in version `bold'
(Font)                  U/euf/m/n --> U/euf/b/n on input line 106.
))
(/usr/local/texlive/2018/texmf-dist/tex/latex/booktabs/booktabs.sty
Package: booktabs 2016/04/27 v1.618033 publication quality tables
\heavyrulewidth=\dimen112
\lightrulewidth=\dimen113
\cmidrulewidth=\dimen114
\belowrulesep=\dimen115
\belowbottomsep=\dimen116
\aboverulesep=\dimen117
\abovetopsep=\dimen118
\cmidrulesep=\dimen119
\cmidrulekern=\dimen120
\defaultaddspace=\dimen121
\@cmidla=\count100
\@cmidlb=\count101
\@aboverulesep=\dimen122
\@belowrulesep=\dimen123
\@thisruleclass=\count102
\@lastruleclass=\count103
\@thisrulewidth=\dimen124
)
(/usr/local/texlive/2018/texmf-dist/tex/latex/units/nicefrac.sty
Package: nicefrac 1998/08/04 v0.9b Nice fractions
\L@UnitsRaiseDisplaystyle=\skip56
\L@UnitsRaiseTextstyle=\skip57
\L@UnitsRaiseScriptstyle=\skip58

(/usr/local/texlive/2018/texmf-dist/tex/latex/base/ifthen.sty
Package: ifthen 2014/09/29 v1.1c Standard LaTeX ifthen package (DPC)
))
(/usr/local/texlive/2018/texmf-dist/tex/latex/microtype/microtype.sty
Package: microtype 2018/01/14 v2.7a Micro-typographical refinements (RS)

(/usr/local/texlive/2018/texmf-dist/tex/latex/graphics/keyval.sty
Package: keyval 2014/10/28 v1.15 key=value parser (DPC)
\KV@toks@=\toks19
)
\MT@toks=\toks20
\MT@count=\count104
LaTeX Info: Redefining \textls on input line 793.
\MT@outer@kern=\dimen125
LaTeX Info: Redefining \textmicrotypecontext on input line 1339.
\MT@listname@count=\count105

(/usr/local/texlive/2018/texmf-dist/tex/latex/microtype/microtype-pdftex.def
File: microtype-pdftex.def 2018/01/14 v2.7a Definitions specific to pdftex (RS)

LaTeX Info: Redefining \lsstyle on input line 913.
LaTeX Info: Redefining \lslig on input line 913.
\MT@outer@space=\skip59
)
Package microtype Info: Loading configuration file microtype.cfg.

(/usr/local/texlive/2018/texmf-dist/tex/latex/microtype/microtype.cfg
File: microtype.cfg 2018/01/14 v2.7a microtype main configuration file (RS)
))
(/usr/local/texlive/2018/texmf-dist/tex/latex/graphics/graphicx.sty
Package: graphicx 2017/06/01 v1.1a Enhanced LaTeX Graphics (DPC,SPQR)

(/usr/local/texlive/2018/texmf-dist/tex/latex/graphics/graphics.sty
Package: graphics 2017/06/25 v1.2c Standard LaTeX Graphics (DPC,SPQR)

(/usr/local/texlive/2018/texmf-dist/tex/latex/graphics/trig.sty
Package: trig 2016/01/03 v1.10 sin cos tan (DPC)
)
(/usr/local/texlive/2018/texmf-dist/tex/latex/graphics-cfg/graphics.cfg
File: graphics.cfg 2016/06/04 v1.11 sample graphics configuration
)
Package graphics Info: Driver file: pdftex.def on input line 99.

(/usr/local/texlive/2018/texmf-dist/tex/latex/graphics-def/pdftex.def
File: pdftex.def 2018/01/08 v1.0l Graphics/color driver for pdftex
))
\Gin@req@height=\dimen126
\Gin@req@width=\dimen127
)
(/usr/local/texlive/2018/texmf-dist/tex/latex/graphics/epsfig.sty
Package: epsfig 2017/06/25 v1.7b (e)psfig emulation (SPQR)
\epsfxsize=\dimen128
\epsfysize=\dimen129
)
(/usr/local/texlive/2018/texmf-dist/tex/latex/algorithms/algorithm.sty
Package: algorithm 2009/08/24 v0.1 Document Style `algorithm' - floating enviro
nment

(/usr/local/texlive/2018/texmf-dist/tex/latex/float/float.sty
Package: float 2001/11/08 v1.3d Float enhancements (AL)
\c@float@type=\count106
\float@exts=\toks21
\float@box=\box30
\@float@everytoks=\toks22
\@floatcapt=\box31
)
\@float@every@algorithm=\toks23
\c@algorithm=\count107
)
(/usr/local/texlive/2018/texmf-dist/tex/latex/algorithms/algorithmic.sty
Package: algorithmic 2009/08/24 v0.1 Document Style `algorithmic'
\c@ALC@unique=\count108
\c@ALC@line=\count109
\c@ALC@rem=\count110
\c@ALC@depth=\count111
\ALC@tlm=\skip60
\algorithmicindent=\skip61
)
(/usr/local/texlive/2018/texmf-dist/tex/latex/wrapfig/wrapfig.sty
\wrapoverhang=\dimen130
\WF@size=\dimen131
\c@WF@wrappedlines=\count112
\WF@box=\box32
\WF@everypar=\toks24
Package: wrapfig 2003/01/31  v 3.6
)
(/usr/local/texlive/2018/texmf-dist/tex/latex/amscls/amsthm.sty
Package: amsthm 2017/10/31 v2.20.4
\thm@style=\toks25
\thm@bodyfont=\toks26
\thm@headfont=\toks27
\thm@notefont=\toks28
\thm@headpunct=\toks29
\thm@preskip=\skip62
\thm@postskip=\skip63
\thm@headsep=\skip64
\dth@everypar=\toks30
)
(/usr/local/texlive/2018/texmf-dist/tex/latex/preprint/balance.sty
Package: balance 1999/02/23 4.3 (PWD)
\oldvsize=\dimen132
)
(/usr/local/texlive/2018/texmf-dist/tex/latex/mathtools/mathtools.sty
Package: mathtools 2018/01/08 v1.21 mathematical typesetting tools

(/usr/local/texlive/2018/texmf-dist/tex/latex/tools/calc.sty
Package: calc 2017/05/25 v4.3 Infix arithmetic (KKT,FJ)
\calc@Acount=\count113
\calc@Bcount=\count114
\calc@Adimen=\dimen133
\calc@Bdimen=\dimen134
\calc@Askip=\skip65
\calc@Bskip=\skip66
LaTeX Info: Redefining \setlength on input line 80.
LaTeX Info: Redefining \addtolength on input line 81.
\calc@Ccount=\count115
\calc@Cskip=\skip67
)
(/usr/local/texlive/2018/texmf-dist/tex/latex/mathtools/mhsetup.sty
Package: mhsetup 2017/03/31 v1.3 programming setup (MH)
)
LaTeX Info: Thecontrolsequence`\('isalreadyrobust on input line 129.
LaTeX Info: Thecontrolsequence`\)'isalreadyrobust on input line 129.
LaTeX Info: Thecontrolsequence`\['isalreadyrobust on input line 129.
LaTeX Info: Thecontrolsequence`\]'isalreadyrobust on input line 129.
\g_MT_multlinerow_int=\count116
\l_MT_multwidth_dim=\dimen135
\origjot=\skip68
\l_MT_shortvdotswithinadjustabove_dim=\dimen136
\l_MT_shortvdotswithinadjustbelow_dim=\dimen137
\l_MT_above_intertext_sep=\dimen138
\l_MT_below_intertext_sep=\dimen139
\l_MT_above_shortintertext_sep=\dimen140
\l_MT_below_shortintertext_sep=\dimen141
)
(/usr/local/texlive/2018/texmf-dist/tex/latex/extarrows/extarrows.sty
Package: extarrows 2008/05/15 v1.0b Some extensible arrows
)
(/usr/local/texlive/2018/texmf-dist/tex/latex/url/url.sty
\Urlmuskip=\muskip11
Package: url 2013/09/16  ver 3.4  Verb mode for urls, etc.
)
(/usr/local/texlive/2018/texmf-dist/tex/latex/xcolor/xcolor.sty
Package: xcolor 2016/05/11 v2.12 LaTeX color extensions (UK)

(/usr/local/texlive/2018/texmf-dist/tex/latex/graphics-cfg/color.cfg
File: color.cfg 2016/01/02 v1.6 sample color configuration
)
Package xcolor Info: Driver file: pdftex.def on input line 225.
Package xcolor Info: Model `cmy' substituted by `cmy0' on input line 1348.
Package xcolor Info: Model `hsb' substituted by `rgb' on input line 1352.
Package xcolor Info: Model `RGB' extended on input line 1364.
Package xcolor Info: Model `HTML' substituted by `rgb' on input line 1366.
Package xcolor Info: Model `Hsb' substituted by `hsb' on input line 1367.
Package xcolor Info: Model `tHsb' substituted by `hsb' on input line 1368.
Package xcolor Info: Model `HSB' substituted by `hsb' on input line 1369.
Package xcolor Info: Model `Gray' substituted by `gray' on input line 1370.
Package xcolor Info: Model `wave' substituted by `hsb' on input line 1371.
)
(/usr/local/texlive/2018/texmf-dist/tex/latex/caption/caption.sty
Package: caption 2016/02/21 v3.3-144 Customizing captions (AR)

(/usr/local/texlive/2018/texmf-dist/tex/latex/caption/caption3.sty
Package: caption3 2016/05/22 v1.7-166 caption3 kernel (AR)
Package caption3 Info: TeX engine: e-TeX on input line 67.
\captionmargin=\dimen142
\captionmargin@=\dimen143
\captionwidth=\dimen144
\caption@tempdima=\dimen145
\caption@indent=\dimen146
\caption@parindent=\dimen147
\caption@hangindent=\dimen148
)
\c@ContinuedFloat=\count117
Package caption Info: float package is loaded.
Package caption Info: wrapfig package is loaded.
)
(/usr/local/texlive/2018/texmf-dist/tex/latex/hyperref/hyperref.sty
Package: hyperref 2018/02/06 v6.86b Hypertext links for LaTeX

(/usr/local/texlive/2018/texmf-dist/tex/generic/oberdiek/hobsub-hyperref.sty
Package: hobsub-hyperref 2016/05/16 v1.14 Bundle oberdiek, subset hyperref (HO)


(/usr/local/texlive/2018/texmf-dist/tex/generic/oberdiek/hobsub-generic.sty
Package: hobsub-generic 2016/05/16 v1.14 Bundle oberdiek, subset generic (HO)
Package: hobsub 2016/05/16 v1.14 Construct package bundles (HO)
Package: infwarerr 2016/05/16 v1.4 Providing info/warning/error messages (HO)
Package: ltxcmds 2016/05/16 v1.23 LaTeX kernel commands for general use (HO)
Package: ifluatex 2016/05/16 v1.4 Provides the ifluatex switch (HO)
Package ifluatex Info: LuaTeX not detected.
Package: ifvtex 2016/05/16 v1.6 Detect VTeX and its facilities (HO)
Package ifvtex Info: VTeX not detected.
Package: intcalc 2016/05/16 v1.2 Expandable calculations with integers (HO)
Package: ifpdf 2017/03/15 v3.2 Provides the ifpdf switch
Package: etexcmds 2016/05/16 v1.6 Avoid name clashes with e-TeX commands (HO)
Package etexcmds Info: Could not find \expanded.
(etexcmds)             That can mean that you are not using pdfTeX 1.50 or
(etexcmds)             that some package has redefined \expanded.
(etexcmds)             In the latter case, load this package earlier.
Package: kvsetkeys 2016/05/16 v1.17 Key value parser (HO)
Package: kvdefinekeys 2016/05/16 v1.4 Define keys (HO)
Package: pdftexcmds 2018/01/30 v0.27 Utility functions of pdfTeX for LuaTeX (HO
)
Package pdftexcmds Info: LuaTeX not detected.
Package pdftexcmds Info: \pdf@primitive is available.
Package pdftexcmds Info: \pdf@ifprimitive is available.
Package pdftexcmds Info: \pdfdraftmode found.
Package: pdfescape 2016/05/16 v1.14 Implements pdfTeX's escape features (HO)
Package: bigintcalc 2016/05/16 v1.4 Expandable calculations on big integers (HO
)
Package: bitset 2016/05/16 v1.2 Handle bit-vector datatype (HO)
Package: uniquecounter 2016/05/16 v1.3 Provide unlimited unique counter (HO)
)
Package hobsub Info: Skipping package `hobsub' (already loaded).
Package: letltxmacro 2016/05/16 v1.5 Let assignment for LaTeX macros (HO)
Package: hopatch 2016/05/16 v1.3 Wrapper for package hooks (HO)
Package: xcolor-patch 2016/05/16 xcolor patch
Package: atveryend 2016/05/16 v1.9 Hooks at the very end of document (HO)
Package atveryend Info: \enddocument detected (standard20110627).
Package: atbegshi 2016/06/09 v1.18 At begin shipout hook (HO)
Package: refcount 2016/05/16 v3.5 Data extraction from label references (HO)
Package: hycolor 2016/05/16 v1.8 Color options for hyperref/bookmark (HO)
)
(/usr/local/texlive/2018/texmf-dist/tex/generic/ifxetex/ifxetex.sty
Package: ifxetex 2010/09/12 v0.6 Provides ifxetex conditional
)
(/usr/local/texlive/2018/texmf-dist/tex/latex/oberdiek/auxhook.sty
Package: auxhook 2016/05/16 v1.4 Hooks for auxiliary files (HO)
)
(/usr/local/texlive/2018/texmf-dist/tex/latex/oberdiek/kvoptions.sty
Package: kvoptions 2016/05/16 v3.12 Key value format for package options (HO)
)
\@linkdim=\dimen149
\Hy@linkcounter=\count118
\Hy@pagecounter=\count119

(/usr/local/texlive/2018/texmf-dist/tex/latex/hyperref/pd1enc.def
File: pd1enc.def 2018/02/06 v6.86b Hyperref: PDFDocEncoding definition (HO)
Now handling font encoding PD1 ...
... no UTF-8 mapping file for font encoding PD1
)
\Hy@SavedSpaceFactor=\count120

(/usr/local/texlive/2018/texmf-dist/tex/latex/latexconfig/hyperref.cfg
File: hyperref.cfg 2002/06/06 v1.2 hyperref configuration of TeXLive
)
Package hyperref Info: Option `colorlinks' set `true' on input line 4383.
Package hyperref Info: Hyper figures OFF on input line 4509.
Package hyperref Info: Link nesting OFF on input line 4514.
Package hyperref Info: Hyper index ON on input line 4517.
Package hyperref Info: Plain pages OFF on input line 4524.
Package hyperref Info: Backreferencing OFF on input line 4529.
Package hyperref Info: Implicit mode ON; LaTeX internals redefined.
Package hyperref Info: Bookmarks ON on input line 4762.
\c@Hy@tempcnt=\count121
LaTeX Info: Redefining \url on input line 5115.
\XeTeXLinkMargin=\dimen150
\Fld@menulength=\count122
\Field@Width=\dimen151
\Fld@charsize=\dimen152
Package hyperref Info: Hyper figures OFF on input line 6369.
Package hyperref Info: Link nesting OFF on input line 6374.
Package hyperref Info: Hyper index ON on input line 6377.
Package hyperref Info: backreferencing OFF on input line 6384.
Package hyperref Info: Link coloring ON on input line 6387.
Package hyperref Info: Link coloring with OCG OFF on input line 6394.
Package hyperref Info: PDF/A mode OFF on input line 6399.
LaTeX Info: Redefining \ref on input line 6439.
LaTeX Info: Redefining \pageref on input line 6443.
\Hy@abspage=\count123
\c@Item=\count124
\c@Hfootnote=\count125
)
Package hyperref Info: Driver (autodetected): hpdftex.

(/usr/local/texlive/2018/texmf-dist/tex/latex/hyperref/hpdftex.def
File: hpdftex.def 2018/02/06 v6.86b Hyperref driver for pdfTeX
\Fld@listcount=\count126
\c@bookmark@seq@number=\count127

(/usr/local/texlive/2018/texmf-dist/tex/latex/oberdiek/rerunfilecheck.sty
Package: rerunfilecheck 2016/05/16 v1.8 Rerun checks for auxiliary files (HO)
Package uniquecounter Info: New unique counter `rerunfilecheck' on input line 2
82.
)
\Hy@SectionHShift=\skip69
)
\c@lemma=\count128
\c@remark=\count129
\c@definition=\count130
\c@theorem=\count131

(./math_commands.tex (/usr/local/texlive/2018/texmf-dist/tex/latex/tools/bm.sty
Package: bm 2017/01/16 v1.2c Bold Symbol Support (DPC/FMi)
\symboldoperators=\mathgroup6
\symboldletters=\mathgroup7
\symboldsymbols=\mathgroup8
LaTeX Font Info:    Redeclaring math alphabet \mathbf on input line 141.
LaTeX Info: Redefining \bm on input line 207.
)
LaTeX Font Info:    Overwriting math alphabet `\mathsfit' in version `bold'
(Font)                  OT1/cmss/m/sl --> OT1/cmss/bx/n on input line 314.
) (./mainvfg.aux)
\openout1 = `mainvfg.aux'.

LaTeX Font Info:    Checking defaults for OML/cmm/m/it on input line 52.
LaTeX Font Info:    ... okay on input line 52.
LaTeX Font Info:    Checking defaults for T1/cmr/m/n on input line 52.
LaTeX Font Info:    ... okay on input line 52.
LaTeX Font Info:    Checking defaults for OT1/cmr/m/n on input line 52.
LaTeX Font Info:    ... okay on input line 52.
LaTeX Font Info:    Checking defaults for OMS/cmsy/m/n on input line 52.
LaTeX Font Info:    ... okay on input line 52.
LaTeX Font Info:    Checking defaults for OMX/cmex/m/n on input line 52.
LaTeX Font Info:    ... okay on input line 52.
LaTeX Font Info:    Checking defaults for U/cmr/m/n on input line 52.
LaTeX Font Info:    ... okay on input line 52.
LaTeX Font Info:    Checking defaults for PD1/pdf/m/n on input line 52.
LaTeX Font Info:    ... okay on input line 52.
LaTeX Info: Redefining \microtypecontext on input line 52.
Package microtype Info: Generating PDF output.
Package microtype Info: Character protrusion enabled (level 2).
Package microtype Info: Using default protrusion set `alltext'.
Package microtype Info: Automatic font expansion enabled (level 2),
(microtype)             stretch: 20, shrink: 20, step: 1, non-selected.
Package microtype Info: Using default expansion set `basictext'.
Package microtype Info: No adjustment of tracking.
Package microtype Info: No adjustment of interword spacing.
Package microtype Info: No adjustment of character kerning.

(/usr/local/texlive/2018/texmf-dist/tex/latex/microtype/mt-cmr.cfg
File: mt-cmr.cfg 2013/05/19 v2.2 microtype config. file: Computer Modern Roman 
(RS)
)
(/usr/local/texlive/2018/texmf-dist/tex/context/base/mkii/supp-pdf.mkii
[Loading MPS to PDF converter (version 2006.09.02).]
\scratchcounter=\count132
\scratchdimen=\dimen153
\scratchbox=\box33
\nofMPsegments=\count133
\nofMParguments=\count134
\everyMPshowfont=\toks31
\MPscratchCnt=\count135
\MPscratchDim=\dimen154
\MPnumerator=\count136
\makeMPintoPDFobject=\count137
\everyMPtoPDFconversion=\toks32
) (/usr/local/texlive/2018/texmf-dist/tex/latex/oberdiek/epstopdf-base.sty
Package: epstopdf-base 2016/05/15 v2.6 Base part for package epstopdf

(/usr/local/texlive/2018/texmf-dist/tex/latex/oberdiek/grfext.sty
Package: grfext 2016/05/16 v1.2 Manage graphics extensions (HO)
)
Package epstopdf-base Info: Redefining graphics rule for `.eps' on input line 4
38.
Package grfext Info: Graphics extension search list:
(grfext)             [.pdf,.png,.jpg,.mps,.jpeg,.jbig2,.jb2,.PDF,.PNG,.JPG,.JPE
G,.JBIG2,.JB2,.eps]
(grfext)             \AppendGraphicsExtensions on input line 456.

(/usr/local/texlive/2018/texmf-dist/tex/latex/latexconfig/epstopdf-sys.cfg
File: epstopdf-sys.cfg 2010/07/13 v1.3 Configuration of (r)epstopdf for TeX Liv
e
))
Package caption Info: Begin \AtBeginDocument code.
Package caption Info: hyperref package is loaded.
Package caption Info: End \AtBeginDocument code.
\AtBeginShipoutBox=\box34
Package hyperref Info: Link coloring ON on input line 52.

(/usr/local/texlive/2018/texmf-dist/tex/latex/hyperref/nameref.sty
Package: nameref 2016/05/21 v2.44 Cross-referencing by name of section

(/usr/local/texlive/2018/texmf-dist/tex/generic/oberdiek/gettitlestring.sty
Package: gettitlestring 2016/05/16 v1.5 Cleanup title references (HO)
)
\c@section@level=\count138
)
LaTeX Info: Redefining \ref on input line 52.
LaTeX Info: Redefining \pageref on input line 52.
LaTeX Info: Redefining \nameref on input line 52.

(./mainvfg.out) (./mainvfg.out)
\@outlinefile=\write3
\openout3 = `mainvfg.out'.

LaTeX Font Info:    Try loading font information for U+msa on input line 74.

(/usr/local/texlive/2018/texmf-dist/tex/latex/amsfonts/umsa.fd
File: umsa.fd 2013/01/14 v3.01 AMS symbols A
)
(/usr/local/texlive/2018/texmf-dist/tex/latex/microtype/mt-msa.cfg
File: mt-msa.cfg 2006/02/04 v1.1 microtype config. file: AMS symbols (a) (RS)
)
LaTeX Font Info:    Try loading font information for U+msb on input line 74.

(/usr/local/texlive/2018/texmf-dist/tex/latex/amsfonts/umsb.fd
File: umsb.fd 2013/01/14 v3.01 AMS symbols B
)
(/usr/local/texlive/2018/texmf-dist/tex/latex/microtype/mt-msb.cfg
File: mt-msb.cfg 2005/06/01 v1.0 microtype config. file: AMS symbols (b) (RS)
)
Overfull \hbox (5.1225pt too wide) in paragraph at lines 76--76
 [] 
 []


Underfull \vbox (badness 10000) has occurred while \output is active []

 [1{/usr/local/texlive/2018/texmf-var/fonts/map/pdftex/updmap/pdftex.map}



]
LaTeX Font Info:    Try loading font information for OMS+cmr on input line 111.


(/usr/local/texlive/2018/texmf-dist/tex/latex/base/omscmr.fd
File: omscmr.fd 2014/09/29 v2.5h Standard LaTeX font definitions
)
LaTeX Font Info:    Font shape `OMS/cmr/m/n' in size <10> not available
(Font)              Font shape `OMS/cmsy/m/n' tried instead on input line 111.

Overfull \hbox (64.83464pt too wide) detected at line 145
[]
 []


Overfull \hbox (73.62227pt too wide) detected at line 161
[]
 []

[2]
Overfull \hbox (72.74931pt too wide) detected at line 200
[]
 []


Overfull \hbox (142.15182pt too wide) detected at line 205
[]
 []



pdfTeX warning: /Library/TeX/texbin/pdflatex (file ./fig/node.pdf): PDF inclusi
on: found PDF version <1.6>, but at most version <1.5> allowed
<fig/node.pdf, id=138, 595.90028pt x 263.36592pt>
File: fig/node.pdf Graphic file (type pdf)
<use fig/node.pdf>
Package pdftex.def Info: fig/node.pdf  used on input line 218.
(pdftex.def)             Requested size: 341.47424pt x 150.92384pt.

Overfull \hbox (135.8798pt too wide) in paragraph at lines 225--232
[]\OT1/cmr/m/n/10 (-20) As
 []


Overfull \hbox (151.11871pt too wide) in paragraph at lines 225--232
\OT1/cmr/m/n/10 (-20) shown
 []


Overfull \hbox (132.83092pt too wide) in paragraph at lines 225--232
\OT1/cmr/m/n/10 (-20) in
 []


Overfull \hbox (140.28038pt too wide) in paragraph at lines 225--232
\OT1/cmr/m/n/10 (-20) Fig-
 []


Overfull \hbox (147.02147pt too wide) in paragraph at lines 225--232
\OT1/cmr/m/n/10 (-20) ure [][]1[][]-
 []


Overfull \hbox (149.73488pt too wide) in paragraph at lines 225--232
\OT1/cmr/m/n/10 (-20) (Left),
 []


Overfull \hbox (129.56424pt too wide) in paragraph at lines 225--232
\OT1/cmr/m/n/10 (-20) a
 []


Overfull \hbox (145.0865pt too wide) in paragraph at lines 225--232
\OT1/cmr/m/n/10 (-20) node
 []


Overfull \hbox (132.83092pt too wide) in paragraph at lines 225--232
\OT1/cmr/m/n/10 (-20) in
 []


Overfull \hbox (129.56424pt too wide) in paragraph at lines 225--232
\OT1/cmr/m/n/10 (-20) a
 []


Overfull \hbox (143.40536pt too wide) in paragraph at lines 225--232
\OT1/cmr/m/n/10 (-20) flow-
 []


Overfull \hbox (149.1915pt too wide) in paragraph at lines 225--232
\OT1/cmr/m/n/10 (-20) graph
 []


Overfull \hbox (139.36426pt too wide) in paragraph at lines 225--232
\OT1/cmr/m/n/10 (-20) can
 []


Overfull \hbox (143.98093pt too wide) in paragraph at lines 225--232
\OT1/cmr/m/n/10 (-20) have
 []


Overfull \hbox (142.31648pt too wide) in paragraph at lines 225--232
\OT1/cmr/m/n/10 (-20) mul-
 []


Overfull \hbox (132.79425pt too wide) in paragraph at lines 225--232
\OT1/cmr/m/n/10 (-20) ti-
 []


Overfull \hbox (137.18648pt too wide) in paragraph at lines 225--232
\OT1/cmr/m/n/10 (-20) ple
 []


Overfull \hbox (108.94527pt too wide) detected at line 236
[]
 []


Overfull \hbox (359.54173pt too wide) in paragraph at lines 236--236
[] 
 []

[3 <./fig/node.pdf>]
<fig/node_aggre_avg.png, id=173, 313.17pt x 304.0158pt>
File: fig/node_aggre_avg.png Graphic file (type png)
<use fig/node_aggre_avg.png>
Package pdftex.def Info: fig/node_aggre_avg.png  used on input line 241.
(pdftex.def)             Requested size: 121.95561pt x 118.38939pt.

Underfull \hbox (badness 5847) in paragraph at lines 248--250
\OT1/cmr/m/n/10 (+20) or a DAG model,
 []


Underfull \hbox (badness 10000) in paragraph at lines 248--250
\OT1/cmr/m/n/10 (+20) to $\OML/cmm/m/it/10 k$ \OT1/cmr/m/n/10 (+20) sec-tions o
f
 []


Underfull \hbox (badness 10000) in paragraph at lines 248--250
\OT1/cmr/m/n/10 (+20) the in-put sam-ple
 []


Underfull \hbox (badness 2970) in paragraph at lines 248--250
\OT1/cmr/bx/n/10 x \OT1/cmr/m/n/10 (+20) = [\OT1/cmr/bx/n/10 x[]\OML/cmm/m/it/1
0 ; :::; \OT1/cmr/bx/n/10 x[]\OT1/cmr/m/n/10 (+20) ]$,
 []


Underfull \hbox (badness 10000) in paragraph at lines 248--250
\OT1/cmr/m/n/10 (+20) then the hid-den
 []


Underfull \hbox (badness 10000) in paragraph at lines 248--250
\OT1/cmr/m/n/10 (+20) with for-ward and
 []


Underfull \hbox (badness 10000) in paragraph at lines 248--250
\OT1/cmr/m/n/10 (+20) back-ward mes-sage
 []


Overfull \hbox (71.89342pt too wide) detected at line 264
[]
 []


Overfull \hbox (85.2858pt too wide) detected at line 270
\OT1/cmr/bx/n/10 h[] \OT1/cmr/m/n/10 = \OT1/cmr/bx/n/10 f[]\OT1/cmr/m/n/10 (\OT
1/cmr/bx/n/10 x[]\OT1/cmr/m/n/10 )\OML/cmm/m/it/10 ;  [] \OT1/cmr/m/n/10 = \OT1
/cmr/bx/n/10 h[] \OT1/cmr/m/n/10 = [] [] \OT1/cmr/bx/n/10 h[]\OML/cmm/m/it/10 ;
  [] [] \OT1/cmr/m/n/10 = []\OML/cmm/m/it/10 ;  t \OT1/cmr/m/n/10 = 1\OML/cmm/m
/it/10 ; :::; k :
 []


Overfull \hbox (166.08763pt too wide) detected at line 276
[]
 []


Underfull \vbox (badness 10000) has occurred while \output is active []

<fig/two_layer_infer.png, id=184, 284.7438pt x 235.6002pt>
File: fig/two_layer_infer.png Graphic file (type png)
<use fig/two_layer_infer.png>
Package pdftex.def Info: fig/two_layer_infer.png  used on input line 293.
(pdftex.def)             Requested size: 117.0768pt x 96.86992pt.
<fig/dag_infer.png, id=185, 383.9946pt x 357.9774pt>
File: fig/dag_infer.png Graphic file (type png)
<use fig/dag_infer.png>
Package pdftex.def Info: fig/dag_infer.png  used on input line 295.
(pdftex.def)             Requested size: 146.34824pt x 136.43156pt.

Overfull \hbox (100.99344pt too wide) in paragraph at lines 301--309
[]\OT1/cmr/m/n/10 (-20) Given
 []


Overfull \hbox (80.78647pt too wide) in paragraph at lines 301--309
\OT1/cmr/m/n/10 (-20) a
 []


Overfull \hbox (106.40263pt too wide) in paragraph at lines 301--309
\OT1/cmr/m/n/10 (-20) trained
 []


Overfull \hbox (96.66621pt too wide) in paragraph at lines 301--309
\OT1/cmr/m/n/10 (-20) VFG
 []


Overfull \hbox (103.08542pt too wide) in paragraph at lines 301--309
\OT1/cmr/m/n/10 (-20) model,
 []


Overfull \hbox (86.68202pt too wide) in paragraph at lines 301--309
\OT1/cmr/m/n/10 (-20) we
 []


Overfull \hbox (90.58649pt too wide) in paragraph at lines 301--309
\OT1/cmr/m/n/10 (-20) can
 []


Overfull \hbox (85.64981pt too wide) in paragraph at lines 301--309
\OT1/cmr/m/n/10 (-20) in-
 []


Overfull \hbox (86.87482pt too wide) in paragraph at lines 301--309
\OT1/cmr/m/n/10 (-20) fer
 []


Overfull \hbox (89.4976pt too wide) in paragraph at lines 301--309
\OT1/cmr/m/n/10 (-20) the
 []


Overfull \hbox (96.62984pt too wide) in paragraph at lines 301--309
\OT1/cmr/m/n/10 (-20) state
 []


Overfull \hbox (83.78093pt too wide) in paragraph at lines 301--309
\OT1/cmr/m/n/10 (-20) of
 []


Overfull \hbox (42.58835pt too wide) detected at line 313
[]
 []

[4 <./fig/node_aggre_avg.png> <./fig/two_layer_infer.png> <./fig/dag_infer.png>
]
Overfull \hbox (69.09047pt too wide) detected at line 319
[]
 []

Package hyperref Info: bookmark level for unknown algorithm defaults to 0 on in
put line 339.

Underfull \vbox (badness 10000) has occurred while \output is active []


Overfull \hbox (13.54059pt too wide) detected at line 397
[][]\OML/cmm/m/it/10 p[]\OT1/cmr/m/n/10 (\OT1/cmr/bx/n/10 h[]\OMS/cmsy/m/n/10 j
\OT1/cmr/bx/n/10 u\OT1/cmr/m/n/10 ) = ^^E[][][][] [] \OML/cmm/m/it/10 T[]\OT1/c
mr/m/n/10 (\OML/cmm/m/it/10 h[]\OT1/cmr/m/n/10 )\OML/cmm/m/it/10 ^^U[]\OT1/cmr/
m/n/10 (\OT1/cmr/bx/n/10 u\OT1/cmr/m/n/10 )[]\OML/cmm/m/it/10 :
 []

[5]
Package epstopdf Info: Source file: <fig/sim_elbo.eps>
(epstopdf)                    date: 2020-09-30 13:12:30
(epstopdf)                    size: 123153 bytes
(epstopdf)             Output file: <fig/sim_elbo-eps-converted-to.pdf>
(epstopdf)                    date: 2020-09-30 15:12:48
(epstopdf)                    size: 31227 bytes
(epstopdf)             Command: <repstopdf --outfile=fig/sim_elbo-eps-converted
-to.pdf fig/sim_elbo.eps>
(epstopdf)             \includegraphics on input line 457.
Package epstopdf Info: Output file is already uptodate.
<fig/sim_elbo-eps-converted-to.pdf, id=242, 523.9575pt x 416.55624pt>
File: fig/sim_elbo-eps-converted-to.pdf Graphic file (type pdf)
<use fig/sim_elbo-eps-converted-to.pdf>
Package pdftex.def Info: fig/sim_elbo-eps-converted-to.pdf  used on input line 
457.
(pdftex.def)             Requested size: 151.76744pt x 120.65837pt.


Package caption Warning: The option `hypcap=true' will be ignored for this
(caption)                particular \caption on input line 458.
See the caption package documentation for explanation.


Package caption Warning: The option `hypcap=true' will be ignored for this
(caption)                particular \caption on input line 481.
See the caption package documentation for explanation.


Overfull \hbox (252.94499pt too wide) in paragraph at lines 454--484
[]$[]$ 
 []


Package caption Warning: The option `hypcap=true' will be ignored for this
(caption)                particular \caption on input line 553.
See the caption package documentation for explanation.


Overfull \hbox (4.15819pt too wide) in paragraph at lines 535--555
[][] 
 []


Underfull \vbox (badness 10000) has occurred while \output is active []

 [6 <./fig/sim_elbo-eps-converted-to.pdf>] [7

] (./mainvfg.bbl
Underfull \hbox (badness 1742) in paragraph at lines 80--83
\OT1/cmr/m/n/10 (+20) encoding vari-a-tional bayes.  \OT1/cmr/m/it/10 (+20) arX
iv preprint
 []


Underfull \hbox (badness 10000) in paragraph at lines 109--113
[]\OT1/cmr/m/n/10 (+20) George Pa-pa-makar-ios, Eric Nal-is-nick,
 []


Underfull \hbox (badness 2990) in paragraph at lines 109--113
\OT1/cmr/m/n/10 (+20) Danilo Jimenez Rezende, Shakir Mo-hamed,
 []

[8

])
Underfull \hbox (badness 10000) in paragraph at lines 589--590

 []

<fig/tree_direct.png, id=271, 524.6802pt x 273.6624pt>
File: fig/tree_direct.png Graphic file (type png)
<use fig/tree_direct.png>
Package pdftex.def Info: fig/tree_direct.png  used on input line 601.
(pdftex.def)             Requested size: 166.2212pt x 86.69684pt.

Overfull \hbox (4.33746pt too wide) detected at line 625
[]
 []


Underfull \hbox (badness 1874) in paragraph at lines 634--634
[]\OT1/cmr/m/n/10 (+20) Reconstruction of the
 []


Underfull \hbox (badness 1874) in paragraph at lines 634--634
[]\OT1/cmr/m/n/10 (+20) Reconstruction of the
 []


Overfull \hbox (6.2772pt too wide) detected at line 634
[]
 []

[9 <./fig/tree_direct.png>]
Overfull \hbox (78.1852pt too wide) detected at line 641
[]
 []


Overfull \hbox (17.59866pt too wide) detected at line 655
[]
 []


Underfull \vbox (badness 10000) has occurred while \output is active []


Overfull \hbox (54.8202pt too wide) detected at line 660
[]
 []


Overfull \hbox (55.86256pt too wide) detected at line 665
[]
 []


Overfull \hbox (92.94035pt too wide) detected at line 672
[]
 []


Overfull \hbox (37.9983pt too wide) detected at line 678
[]
 []


Overfull \hbox (35.6189pt too wide) detected at line 686
[]
 []


Overfull \hbox (140.48102pt too wide) detected at line 694
[]
 []

[10]
Overfull \hbox (142.14764pt too wide) detected at line 699
[]
 []


Underfull \hbox (badness 1874) in paragraph at lines 709--709
[]\OT1/cmr/m/n/10 (+20) Reconstruction of the
 []


Underfull \hbox (badness 1874) in paragraph at lines 709--709
[]\OT1/cmr/m/n/10 (+20) Reconstruction of the
 []


Overfull \hbox (74.66881pt too wide) detected at line 709
[]
 []

<fig/dag.png, id=306, 456.2646pt x 335.8146pt>
File: fig/dag.png Graphic file (type png)
<use fig/dag.png>
Package pdftex.def Info: fig/dag.png  used on input line 713.
(pdftex.def)             Requested size: 166.2212pt x 122.34328pt.
LaTeX Font Info:    Font shape `OMS/cmr/m/n' in size <9> not available
(Font)              Font shape `OMS/cmsy/m/n' tried instead on input line 714.

Overfull \hbox (51.29826pt too wide) detected at line 722
[]
 []


Overfull \hbox (83.09933pt too wide) detected at line 728
[]
 []


Overfull \hbox (157.90865pt too wide) detected at line 734
[]
 []


Overfull \hbox (106.34119pt too wide) detected at line 739
[]
 []

<fig/tree_message.png, id=310, 551.661pt x 316.0608pt>
File: fig/tree_message.png Graphic file (type png)
<use fig/tree_message.png>
Package pdftex.def Info: fig/tree_message.png  used on input line 754.
(pdftex.def)             Requested size: 243.91124pt x 139.74236pt.

Overfull \hbox (44.25497pt too wide) detected at line 764
[]
 []

[11 <./fig/dag.png>]
Overfull \hbox (110.09018pt too wide) detected at line 793
[]
 []


Overfull \hbox (170.46785pt too wide) detected at line 797
[]
 []


Overfull \hbox (27.47923pt too wide) detected at line 802
[]
 []


Overfull \hbox (132.17674pt too wide) detected at line 807
[]
 []

Package atveryend Info: Empty hook `BeforeClearDocument' on input line 826.
[12 <./fig/tree_message.png>]
Package atveryend Info: Empty hook `AfterLastShipout' on input line 826.
 (./mainvfg.aux)
Package atveryend Info: Executing hook `AtVeryEndDocument' on input line 826.
Package atveryend Info: Executing hook `AtEndAfterFileList' on input line 826.
Package rerunfilecheck Info: File `mainvfg.out' has not changed.
(rerunfilecheck)             Checksum: 64BCF8EC07306C21FE6DAFF0E0C022CB;706.
Package atveryend Info: Empty hook `AtVeryVeryEnd' on input line 826.
 ) 
Here is how much of TeX's memory you used:
 11121 strings out of 492649
 163758 string characters out of 6129622
 321408 words of memory out of 5000000
 14584 multiletter control sequences out of 15000+600000
 20384 words of font info for 126 fonts, out of 8000000 for 9000
 1141 hyphenation exceptions out of 8191
 39i,19n,45p,923b,712s stack positions out of 5000i,500n,10000p,200000b,80000s
</usr/local/texlive/2018/texmf-dist/fonts/type1/public/amsfonts/cm/cmbx10.pfb
></usr/local/texlive/2018/texmf-dist/fonts/type1/public/amsfonts/cm/cmbx12.pfb>
</usr/local/texlive/2018/texmf-dist/fonts/type1/public/amsfonts/cm/cmbx5.pfb></
usr/local/texlive/2018/texmf-dist/fonts/type1/public/amsfonts/cm/cmbx7.pfb></us
r/local/texlive/2018/texmf-dist/fonts/type1/public/amsfonts/cm/cmbx9.pfb></usr/
local/texlive/2018/texmf-dist/fonts/type1/public/amsfonts/cm/cmcsc10.pfb></usr/
local/texlive/2018/texmf-dist/fonts/type1/public/amsfonts/cm/cmex10.pfb></usr/l
ocal/texlive/2018/texmf-dist/fonts/type1/public/amsfonts/cmextra/cmex7.pfb></us
r/local/texlive/2018/texmf-dist/fonts/type1/public/amsfonts/cm/cmmi10.pfb></usr
/local/texlive/2018/texmf-dist/fonts/type1/public/amsfonts/cm/cmmi5.pfb></usr/l
ocal/texlive/2018/texmf-dist/fonts/type1/public/amsfonts/cm/cmmi6.pfb></usr/loc
al/texlive/2018/texmf-dist/fonts/type1/public/amsfonts/cm/cmmi7.pfb></usr/local
/texlive/2018/texmf-dist/fonts/type1/public/amsfonts/cm/cmmi9.pfb></usr/local/t
exlive/2018/texmf-dist/fonts/type1/public/amsfonts/cm/cmr10.pfb></usr/local/tex
live/2018/texmf-dist/fonts/type1/public/amsfonts/cm/cmr5.pfb></usr/local/texliv
e/2018/texmf-dist/fonts/type1/public/amsfonts/cm/cmr6.pfb></usr/local/texlive/2
018/texmf-dist/fonts/type1/public/amsfonts/cm/cmr7.pfb></usr/local/texlive/2018
/texmf-dist/fonts/type1/public/amsfonts/cm/cmr9.pfb></usr/local/texlive/2018/te
xmf-dist/fonts/type1/public/amsfonts/cm/cmsy10.pfb></usr/local/texlive/2018/tex
mf-dist/fonts/type1/public/amsfonts/cm/cmsy5.pfb></usr/local/texlive/2018/texmf
-dist/fonts/type1/public/amsfonts/cm/cmsy7.pfb></usr/local/texlive/2018/texmf-d
ist/fonts/type1/public/amsfonts/cm/cmsy9.pfb></usr/local/texlive/2018/texmf-dis
t/fonts/type1/public/amsfonts/cm/cmti10.pfb></usr/local/texlive/2018/texmf-dist
/fonts/type1/public/amsfonts/symbols/msam10.pfb></usr/local/texlive/2018/texmf-
dist/fonts/type1/public/amsfonts/symbols/msbm10.pfb></usr/local/texlive/2018/te
xmf-dist/fonts/type1/public/amsfonts/symbols/msbm7.pfb>
Output written on mainvfg.pdf (12 pages, 677373 bytes).
PDF statistics:
 445 PDF objects out of 1000 (max. 8388607)
 378 compressed objects within 4 object streams
 109 named destinations out of 1000 (max. 500000)
 17537 words of extra memory for PDF output out of 20736 (max. 10000000)

