This is pdfTeX, Version 3.14159265-2.6-1.40.19 (TeX Live 2018) (preloaded format=pdflatex 2018.7.23)  14 MAY 2021 15:44
entering extended mode
 restricted \write18 enabled.
 file:line:error style messages enabled.
 %&-line parsing enabled.
**main.tex
(./main.tex
LaTeX2e <2018-04-01> patch level 2
Babel <3.18> and hyphenation patterns for 84 language(s) loaded.
(./IEEEtran.cls
Document Class: IEEEtran 2015/08/26 V1.8b by Michael Shell
-- See the "IEEEtran_HOWTO" manual for usage information.
-- http://www.michaelshell.org/tex/ieeetran/
\@IEEEtrantmpdimenA=\dimen102
\@IEEEtrantmpdimenB=\dimen103
\@IEEEtrantmpdimenC=\dimen104
\@IEEEtrantmpcountA=\count80
\@IEEEtrantmpcountB=\count81
\@IEEEtrantmpcountC=\count82
\@IEEEtrantmptoksA=\toks14
LaTeX Font Info:    Try loading font information for OT1+ptm on input line 503.

(/usr/local/texlive/2018/texmf-dist/tex/latex/psnfss/ot1ptm.fd
File: ot1ptm.fd 2001/06/04 font definitions for OT1/ptm.
)
-- Using 8.5in x 11in (letter) paper.
-- Using PDF output.
\@IEEEnormalsizeunitybaselineskip=\dimen105
-- This is a 10 point document.
\CLASSINFOnormalsizebaselineskip=\dimen106
\CLASSINFOnormalsizeunitybaselineskip=\dimen107
\IEEEnormaljot=\dimen108
LaTeX Font Info:    Font shape `OT1/ptm/bx/n' in size <5> not available
(Font)              Font shape `OT1/ptm/b/n' tried instead on input line 1090.
LaTeX Font Info:    Font shape `OT1/ptm/bx/it' in size <5> not available
(Font)              Font shape `OT1/ptm/b/it' tried instead on input line 1090.

LaTeX Font Info:    Font shape `OT1/ptm/bx/n' in size <7> not available
(Font)              Font shape `OT1/ptm/b/n' tried instead on input line 1090.
LaTeX Font Info:    Font shape `OT1/ptm/bx/it' in size <7> not available
(Font)              Font shape `OT1/ptm/b/it' tried instead on input line 1090.

LaTeX Font Info:    Font shape `OT1/ptm/bx/n' in size <8> not available
(Font)              Font shape `OT1/ptm/b/n' tried instead on input line 1090.
LaTeX Font Info:    Font shape `OT1/ptm/bx/it' in size <8> not available
(Font)              Font shape `OT1/ptm/b/it' tried instead on input line 1090.

LaTeX Font Info:    Font shape `OT1/ptm/bx/n' in size <9> not available
(Font)              Font shape `OT1/ptm/b/n' tried instead on input line 1090.
LaTeX Font Info:    Font shape `OT1/ptm/bx/it' in size <9> not available
(Font)              Font shape `OT1/ptm/b/it' tried instead on input line 1090.

LaTeX Font Info:    Font shape `OT1/ptm/bx/n' in size <10> not available
(Font)              Font shape `OT1/ptm/b/n' tried instead on input line 1090.
LaTeX Font Info:    Font shape `OT1/ptm/bx/it' in size <10> not available
(Font)              Font shape `OT1/ptm/b/it' tried instead on input line 1090.

LaTeX Font Info:    Font shape `OT1/ptm/bx/n' in size <11> not available
(Font)              Font shape `OT1/ptm/b/n' tried instead on input line 1090.
LaTeX Font Info:    Font shape `OT1/ptm/bx/it' in size <11> not available
(Font)              Font shape `OT1/ptm/b/it' tried instead on input line 1090.

LaTeX Font Info:    Font shape `OT1/ptm/bx/n' in size <12> not available
(Font)              Font shape `OT1/ptm/b/n' tried instead on input line 1090.
LaTeX Font Info:    Font shape `OT1/ptm/bx/it' in size <12> not available
(Font)              Font shape `OT1/ptm/b/it' tried instead on input line 1090.

LaTeX Font Info:    Font shape `OT1/ptm/bx/n' in size <17> not available
(Font)              Font shape `OT1/ptm/b/n' tried instead on input line 1090.
LaTeX Font Info:    Font shape `OT1/ptm/bx/it' in size <17> not available
(Font)              Font shape `OT1/ptm/b/it' tried instead on input line 1090.

LaTeX Font Info:    Font shape `OT1/ptm/bx/n' in size <20> not available
(Font)              Font shape `OT1/ptm/b/n' tried instead on input line 1090.
LaTeX Font Info:    Font shape `OT1/ptm/bx/it' in size <20> not available
(Font)              Font shape `OT1/ptm/b/it' tried instead on input line 1090.

LaTeX Font Info:    Font shape `OT1/ptm/bx/n' in size <24> not available
(Font)              Font shape `OT1/ptm/b/n' tried instead on input line 1090.
LaTeX Font Info:    Font shape `OT1/ptm/bx/it' in size <24> not available
(Font)              Font shape `OT1/ptm/b/it' tried instead on input line 1090.

\IEEEquantizedlength=\dimen109
\IEEEquantizedlengthdiff=\dimen110
\IEEEquantizedtextheightdiff=\dimen111
\IEEEilabelindentA=\dimen112
\IEEEilabelindentB=\dimen113
\IEEEilabelindent=\dimen114
\IEEEelabelindent=\dimen115
\IEEEdlabelindent=\dimen116
\IEEElabelindent=\dimen117
\IEEEiednormlabelsep=\dimen118
\IEEEiedmathlabelsep=\dimen119
\IEEEiedtopsep=\skip41
\c@section=\count83
\c@subsection=\count84
\c@subsubsection=\count85
\c@paragraph=\count86
\c@IEEEsubequation=\count87
\abovecaptionskip=\skip42
\belowcaptionskip=\skip43
\c@figure=\count88
\c@table=\count89
\@IEEEeqnnumcols=\count90
\@IEEEeqncolcnt=\count91
\@IEEEsubeqnnumrollback=\count92
\@IEEEquantizeheightA=\dimen120
\@IEEEquantizeheightB=\dimen121
\@IEEEquantizeheightC=\dimen122
\@IEEEquantizeprevdepth=\dimen123
\@IEEEquantizemultiple=\count93
\@IEEEquantizeboxA=\box26
\@IEEEtmpitemindent=\dimen124
\IEEEPARstartletwidth=\dimen125
\c@IEEEbiography=\count94
\@IEEEtranrubishbin=\box27
) (/usr/local/texlive/2018/texmf-dist/tex/latex/base/inputenc.sty
Package: inputenc 2018/04/06 v1.3b Input encoding file
\inpenc@prehook=\toks15
\inpenc@posthook=\toks16
)
(/usr/local/texlive/2018/texmf-dist/tex/latex/base/fontenc.sty
Package: fontenc 2017/04/05 v2.0i Standard LaTeX package

(/usr/local/texlive/2018/texmf-dist/tex/latex/base/t1enc.def
File: t1enc.def 2017/04/05 v2.0i Standard LaTeX file
LaTeX Font Info:    Redeclaring font encoding T1 on input line 48.
)
LaTeX Font Info:    Try loading font information for T1+ptm on input line 105.

(/usr/local/texlive/2018/texmf-dist/tex/latex/psnfss/t1ptm.fd
File: t1ptm.fd 2001/06/04 font definitions for T1/ptm.
))
(/usr/local/texlive/2018/texmf-dist/tex/latex/url/url.sty
\Urlmuskip=\muskip10
Package: url 2013/09/16  ver 3.4  Verb mode for urls, etc.
)
(/usr/local/texlive/2018/texmf-dist/tex/latex/base/ifthen.sty
Package: ifthen 2014/09/29 v1.1c Standard LaTeX ifthen package (DPC)
)
(/usr/local/texlive/2018/texmf-dist/tex/latex/cite/cite.sty
LaTeX Info: Redefining \cite on input line 302.
LaTeX Info: Redefining \nocite on input line 332.
Package: cite 2015/02/27  v 5.5
)
(/usr/local/texlive/2018/texmf-dist/tex/latex/amsmath/amsmath.sty
Package: amsmath 2017/09/02 v2.17a AMS math features
\@mathmargin=\skip44

For additional information on amsmath, use the `?' option.
(/usr/local/texlive/2018/texmf-dist/tex/latex/amsmath/amstext.sty
Package: amstext 2000/06/29 v2.01 AMS text

(/usr/local/texlive/2018/texmf-dist/tex/latex/amsmath/amsgen.sty
File: amsgen.sty 1999/11/30 v2.0 generic functions
\@emptytoks=\toks17
\ex@=\dimen126
))
(/usr/local/texlive/2018/texmf-dist/tex/latex/amsmath/amsbsy.sty
Package: amsbsy 1999/11/29 v1.2d Bold Symbols
\pmbraise@=\dimen127
)
(/usr/local/texlive/2018/texmf-dist/tex/latex/amsmath/amsopn.sty
Package: amsopn 2016/03/08 v2.02 operator names
)
\inf@bad=\count95
LaTeX Info: Redefining \frac on input line 213.
\uproot@=\count96
\leftroot@=\count97
LaTeX Info: Redefining \overline on input line 375.
\classnum@=\count98
\DOTSCASE@=\count99
LaTeX Info: Redefining \ldots on input line 472.
LaTeX Info: Redefining \dots on input line 475.
LaTeX Info: Redefining \cdots on input line 596.
\Mathstrutbox@=\box28
\strutbox@=\box29
\big@size=\dimen128
LaTeX Font Info:    Redeclaring font encoding OML on input line 712.
LaTeX Font Info:    Redeclaring font encoding OMS on input line 713.
\macc@depth=\count100
\c@MaxMatrixCols=\count101
\dotsspace@=\muskip11
\c@parentequation=\count102
\dspbrk@lvl=\count103
\tag@help=\toks18
\row@=\count104
\column@=\count105
\maxfields@=\count106
\andhelp@=\toks19
\eqnshift@=\dimen129
\alignsep@=\dimen130
\tagshift@=\dimen131
\tagwidth@=\dimen132
\totwidth@=\dimen133
\lineht@=\dimen134
\@envbody=\toks20
\multlinegap=\skip45
\multlinetaggap=\skip46
\mathdisplay@stack=\toks21
LaTeX Info: Redefining \[ on input line 2817.
LaTeX Info: Redefining \] on input line 2818.
)
(/usr/local/texlive/2018/texmf-dist/tex/latex/jknapltx/mathrsfs.sty
Package: mathrsfs 1996/01/01 Math RSFS package v1.0 (jk)
\symrsfs=\mathgroup4
)
(/usr/local/texlive/2018/texmf-dist/tex/latex/amsfonts/amssymb.sty
Package: amssymb 2013/01/14 v3.01 AMS font symbols

(/usr/local/texlive/2018/texmf-dist/tex/latex/amsfonts/amsfonts.sty
Package: amsfonts 2013/01/14 v3.01 Basic AMSFonts support
\symAMSa=\mathgroup5
\symAMSb=\mathgroup6
LaTeX Font Info:    Overwriting math alphabet `\mathfrak' in version `bold'
(Font)                  U/euf/m/n --> U/euf/b/n on input line 106.
))
(/usr/local/texlive/2018/texmf-dist/tex/latex/graphics/graphicx.sty
Package: graphicx 2017/06/01 v1.1a Enhanced LaTeX Graphics (DPC,SPQR)

(/usr/local/texlive/2018/texmf-dist/tex/latex/graphics/keyval.sty
Package: keyval 2014/10/28 v1.15 key=value parser (DPC)
\KV@toks@=\toks22
)
(/usr/local/texlive/2018/texmf-dist/tex/latex/graphics/graphics.sty
Package: graphics 2017/06/25 v1.2c Standard LaTeX Graphics (DPC,SPQR)

(/usr/local/texlive/2018/texmf-dist/tex/latex/graphics/trig.sty
Package: trig 2016/01/03 v1.10 sin cos tan (DPC)
)
(/usr/local/texlive/2018/texmf-dist/tex/latex/graphics-cfg/graphics.cfg
File: graphics.cfg 2016/06/04 v1.11 sample graphics configuration
)
Package graphics Info: Driver file: pdftex.def on input line 99.

(/usr/local/texlive/2018/texmf-dist/tex/latex/graphics-def/pdftex.def
File: pdftex.def 2018/01/08 v1.0l Graphics/color driver for pdftex
))
\Gin@req@height=\dimen135
\Gin@req@width=\dimen136
)
(/usr/local/texlive/2018/texmf-dist/tex/latex/oberdiek/epstopdf.sty
Package: epstopdf 2016/05/15 v2.6 Conversion with epstopdf on the fly (HO)

(/usr/local/texlive/2018/texmf-dist/tex/latex/oberdiek/epstopdf-base.sty
Package: epstopdf-base 2016/05/15 v2.6 Base part for package epstopdf

(/usr/local/texlive/2018/texmf-dist/tex/generic/oberdiek/infwarerr.sty
Package: infwarerr 2016/05/16 v1.4 Providing info/warning/error messages (HO)
)
(/usr/local/texlive/2018/texmf-dist/tex/latex/oberdiek/grfext.sty
Package: grfext 2016/05/16 v1.2 Manage graphics extensions (HO)

(/usr/local/texlive/2018/texmf-dist/tex/generic/oberdiek/kvdefinekeys.sty
Package: kvdefinekeys 2016/05/16 v1.4 Define keys (HO)

(/usr/local/texlive/2018/texmf-dist/tex/generic/oberdiek/ltxcmds.sty
Package: ltxcmds 2016/05/16 v1.23 LaTeX kernel commands for general use (HO)
)))
(/usr/local/texlive/2018/texmf-dist/tex/latex/oberdiek/kvoptions.sty
Package: kvoptions 2016/05/16 v3.12 Key value format for package options (HO)

(/usr/local/texlive/2018/texmf-dist/tex/generic/oberdiek/kvsetkeys.sty
Package: kvsetkeys 2016/05/16 v1.17 Key value parser (HO)

(/usr/local/texlive/2018/texmf-dist/tex/generic/oberdiek/etexcmds.sty
Package: etexcmds 2016/05/16 v1.6 Avoid name clashes with e-TeX commands (HO)

(/usr/local/texlive/2018/texmf-dist/tex/generic/oberdiek/ifluatex.sty
Package: ifluatex 2016/05/16 v1.4 Provides the ifluatex switch (HO)
Package ifluatex Info: LuaTeX not detected.
)
Package etexcmds Info: Could not find \expanded.
(etexcmds)             That can mean that you are not using pdfTeX 1.50 or
(etexcmds)             that some package has redefined \expanded.
(etexcmds)             In the latter case, load this package earlier.
)))
(/usr/local/texlive/2018/texmf-dist/tex/generic/oberdiek/pdftexcmds.sty
Package: pdftexcmds 2018/01/30 v0.27 Utility functions of pdfTeX for LuaTeX (HO
)

(/usr/local/texlive/2018/texmf-dist/tex/generic/oberdiek/ifpdf.sty
Package: ifpdf 2017/03/15 v3.2 Provides the ifpdf switch
)
Package pdftexcmds Info: LuaTeX not detected.
Package pdftexcmds Info: \pdf@primitive is available.
Package pdftexcmds Info: \pdf@ifprimitive is available.
Package pdftexcmds Info: \pdfdraftmode found.
)
Package epstopdf-base Info: Redefining graphics rule for `.eps' on input line 4
38.
Package grfext Info: Graphics extension search list:
(grfext)             [.pdf,.png,.jpg,.mps,.jpeg,.jbig2,.jb2,.PDF,.PNG,.JPG,.JPE
G,.JBIG2,.JB2,.eps]
(grfext)             \AppendGraphicsExtensions on input line 456.

(/usr/local/texlive/2018/texmf-dist/tex/latex/latexconfig/epstopdf-sys.cfg
File: epstopdf-sys.cfg 2010/07/13 v1.3 Configuration of (r)epstopdf for TeX Liv
e
)))
(/usr/local/texlive/2018/texmf-dist/tex/latex/subfigure/subfigure.sty
Package: subfigure 2002/03/15 v2.1.5 subfigure package
\subfigtopskip=\skip47
\subfigcapskip=\skip48
\subfigcaptopadj=\dimen137
\subfigbottomskip=\skip49
\subfigcapmargin=\dimen138
\subfiglabelskip=\skip50
\c@subfigure=\count107
\c@lofdepth=\count108
\c@subtable=\count109
\c@lotdepth=\count110

****************************************
* Local config file subfigure.cfg used *
****************************************
(/usr/local/texlive/2018/texmf-dist/tex/latex/subfigure/subfigure.cfg)
\subfig@top=\skip51
\subfig@bottom=\skip52
)
(/usr/local/texlive/2018/texmf-dist/tex/latex/stmaryrd/stmaryrd.sty
Package: stmaryrd 1994/03/03 St Mary's Road symbol package
\symstmry=\mathgroup7
LaTeX Font Info:    Overwriting symbol font `stmry' in version `bold'
(Font)                  U/stmry/m/n --> U/stmry/b/n on input line 89.
)
(/usr/local/texlive/2018/texmf-dist/tex/latex/graphics/color.sty
Package: color 2016/07/10 v1.1e Standard LaTeX Color (DPC)

(/usr/local/texlive/2018/texmf-dist/tex/latex/graphics-cfg/color.cfg
File: color.cfg 2016/01/02 v1.6 sample color configuration
)
Package color Info: Driver file: pdftex.def on input line 147.
)
(/usr/local/texlive/2018/texmf-dist/tex/latex/tools/verbatim.sty
Package: verbatim 2014/10/28 v1.5q LaTeX2e package for verbatim enhancements
\every@verbatim=\toks23
\verbatim@line=\toks24
\verbatim@in@stream=\read1
)
(/usr/local/texlive/2018/texmf-dist/tex/latex/mdframed/mdframed.sty
Package: mdframed 2013/07/01 1.9b: mdframed

(/usr/local/texlive/2018/texmf-dist/tex/latex/l3packages/xparse/xparse.sty
(/usr/local/texlive/2018/texmf-dist/tex/latex/l3kernel/expl3.sty
Package: expl3 2018/03/05 L3 programming layer (loader) 

(/usr/local/texlive/2018/texmf-dist/tex/latex/l3kernel/expl3-code.tex
Package: expl3 2018/03/05 L3 programming layer (code)
\c_max_int=\count111
\l_tmpa_int=\count112
\l_tmpb_int=\count113
\g_tmpa_int=\count114
\g_tmpb_int=\count115
\g__intarray_font_int=\count116
\g__prg_map_int=\count117
\c_log_iow=\count118
\l_iow_line_count_int=\count119
\l__iow_line_target_int=\count120
\l__iow_one_indent_int=\count121
\l__iow_indent_int=\count122
\c_zero_dim=\dimen139
\c_max_dim=\dimen140
\l_tmpa_dim=\dimen141
\l_tmpb_dim=\dimen142
\g_tmpa_dim=\dimen143
\g_tmpb_dim=\dimen144
\c_zero_skip=\skip53
\c_max_skip=\skip54
\l_tmpa_skip=\skip55
\l_tmpb_skip=\skip56
\g_tmpa_skip=\skip57
\g_tmpb_skip=\skip58
\c_zero_muskip=\muskip12
\c_max_muskip=\muskip13
\l_tmpa_muskip=\muskip14
\l_tmpb_muskip=\muskip15
\g_tmpa_muskip=\muskip16
\g_tmpb_muskip=\muskip17
\l_keys_choice_int=\count123
\c__fp_leading_shift_int=\count124
\c__fp_middle_shift_int=\count125
\c__fp_trailing_shift_int=\count126
\c__fp_big_leading_shift_int=\count127
\c__fp_big_middle_shift_int=\count128
\c__fp_big_trailing_shift_int=\count129
\c__fp_Bigg_leading_shift_int=\count130
\c__fp_Bigg_middle_shift_int=\count131
\c__fp_Bigg_trailing_shift_int=\count132
\c__fp_rand_size_int=\count133
\c__fp_rand_four_int=\count134
\c__fp_rand_eight_int=\count135
\l__sort_length_int=\count136
\l__sort_min_int=\count137
\l__sort_top_int=\count138
\l__sort_max_int=\count139
\l__sort_true_max_int=\count140
\l__sort_block_int=\count141
\l__sort_begin_int=\count142
\l__sort_end_int=\count143
\l__sort_A_int=\count144
\l__sort_B_int=\count145
\l__sort_C_int=\count146
\l__tl_build_start_index_int=\count147
\l__tl_build_index_int=\count148
\l__tl_analysis_normal_int=\count149
\l__tl_analysis_index_int=\count150
\l__tl_analysis_nesting_int=\count151
\l__tl_analysis_type_int=\count152
\l__regex_internal_a_int=\count153
\l__regex_internal_b_int=\count154
\l__regex_internal_c_int=\count155
\l__regex_balance_int=\count156
\l__regex_group_level_int=\count157
\l__regex_mode_int=\count158
\c__regex_cs_in_class_mode_int=\count159
\c__regex_cs_mode_int=\count160
\l__regex_catcodes_int=\count161
\l__regex_default_catcodes_int=\count162
\c__regex_catcode_D_int=\count163
\c__regex_catcode_S_int=\count164
\c__regex_catcode_L_int=\count165
\c__regex_catcode_O_int=\count166
\c__regex_catcode_A_int=\count167
\c__regex_all_catcodes_int=\count168
\l__regex_show_lines_int=\count169
\l__regex_min_state_int=\count170
\l__regex_max_state_int=\count171
\l__regex_left_state_int=\count172
\l__regex_right_state_int=\count173
\l__regex_capturing_group_int=\count174
\l__regex_min_pos_int=\count175
\l__regex_max_pos_int=\count176
\l__regex_curr_pos_int=\count177
\l__regex_start_pos_int=\count178
\l__regex_success_pos_int=\count179
\l__regex_curr_char_int=\count180
\l__regex_curr_catcode_int=\count181
\l__regex_last_char_int=\count182
\l__regex_case_changed_char_int=\count183
\l__regex_curr_state_int=\count184
\l__regex_step_int=\count185
\l__regex_min_active_int=\count186
\l__regex_max_active_int=\count187
\l__regex_replacement_csnames_int=\count188
\l__regex_match_count_int=\count189
\l__regex_min_submatch_int=\count190
\l__regex_submatch_int=\count191
\l__regex_zeroth_submatch_int=\count192
\g__regex_trace_regex_int=\count193
\c_empty_box=\box30
\l_tmpa_box=\box31
\l_tmpb_box=\box32
\g_tmpa_box=\box33
\g_tmpb_box=\box34
\l__box_top_dim=\dimen145
\l__box_bottom_dim=\dimen146
\l__box_left_dim=\dimen147
\l__box_right_dim=\dimen148
\l__box_top_new_dim=\dimen149
\l__box_bottom_new_dim=\dimen150
\l__box_left_new_dim=\dimen151
\l__box_right_new_dim=\dimen152
\l__box_internal_box=\box35
\l__coffin_internal_box=\box36
\l__coffin_internal_dim=\dimen153
\l__coffin_offset_x_dim=\dimen154
\l__coffin_offset_y_dim=\dimen155
\l__coffin_x_dim=\dimen156
\l__coffin_y_dim=\dimen157
\l__coffin_x_prime_dim=\dimen158
\l__coffin_y_prime_dim=\dimen159
\c_empty_coffin=\box37
\l__coffin_aligned_coffin=\box38
\l__coffin_aligned_internal_coffin=\box39
\l_tmpa_coffin=\box40
\l_tmpb_coffin=\box41
\l__coffin_display_coffin=\box42
\l__coffin_display_coord_coffin=\box43
\l__coffin_display_pole_coffin=\box44
\l__coffin_display_offset_dim=\dimen160
\l__coffin_display_x_dim=\dimen161
\l__coffin_display_y_dim=\dimen162
\l__coffin_bounding_shift_dim=\dimen163
\l__coffin_left_corner_dim=\dimen164
\l__coffin_right_corner_dim=\dimen165
\l__coffin_bottom_corner_dim=\dimen166
\l__coffin_top_corner_dim=\dimen167
\l__coffin_scaled_total_height_dim=\dimen168
\l__coffin_scaled_width_dim=\dimen169
)
(/usr/local/texlive/2018/texmf-dist/tex/latex/l3kernel/l3pdfmode.def
File: l3pdfmode.def 2017/03/18 v L3 Experimental driver: PDF mode
\l__driver_color_stack_int=\count194
))
Package: xparse 2018/02/21 L3 Experimental document command parser
\l__xparse_current_arg_int=\count195
\g__xparse_grabber_int=\count196
\l__xparse_m_args_int=\count197
\l__xparse_mandatory_args_int=\count198
\l__xparse_v_nesting_int=\count199
)
(/usr/local/texlive/2018/texmf-dist/tex/latex/etoolbox/etoolbox.sty
Package: etoolbox 2018/02/11 v2.5e e-TeX tools for LaTeX (JAW)
\etb@tempcnta=\count266
)
(/usr/local/texlive/2018/texmf-dist/tex/latex/oberdiek/zref-abspage.sty
Package: zref-abspage 2016/05/21 v2.26 Module abspage for zref (HO)

(/usr/local/texlive/2018/texmf-dist/tex/latex/oberdiek/zref-base.sty
Package: zref-base 2016/05/21 v2.26 Module base for zref (HO)

(/usr/local/texlive/2018/texmf-dist/tex/latex/oberdiek/auxhook.sty
Package: auxhook 2016/05/16 v1.4 Hooks for auxiliary files (HO)
)
Package zref Info: New property list: main on input line 759.
Package zref Info: New property: default on input line 760.
Package zref Info: New property: page on input line 761.
)
(/usr/local/texlive/2018/texmf-dist/tex/generic/oberdiek/atbegshi.sty
Package: atbegshi 2016/06/09 v1.18 At begin shipout hook (HO)
)
\c@abspage=\count267
Package zref Info: New property: abspage on input line 62.
)
(/usr/local/texlive/2018/texmf-dist/tex/latex/needspace/needspace.sty
Package: needspace 2010/09/12 v1.3d reserve vertical space
)
\mdf@templength=\skip59
\c@mdf@globalstyle@cnt=\count268
\mdf@skipabove@length=\skip60
\mdf@skipbelow@length=\skip61
\mdf@leftmargin@length=\skip62
\mdf@rightmargin@length=\skip63
\mdf@innerleftmargin@length=\skip64
\mdf@innerrightmargin@length=\skip65
\mdf@innertopmargin@length=\skip66
\mdf@innerbottommargin@length=\skip67
\mdf@splittopskip@length=\skip68
\mdf@splitbottomskip@length=\skip69
\mdf@outermargin@length=\skip70
\mdf@innermargin@length=\skip71
\mdf@linewidth@length=\skip72
\mdf@innerlinewidth@length=\skip73
\mdf@middlelinewidth@length=\skip74
\mdf@outerlinewidth@length=\skip75
\mdf@roundcorner@length=\skip76
\mdf@footenotedistance@length=\skip77
\mdf@userdefinedwidth@length=\skip78
\mdf@needspace@length=\skip79
\mdf@frametitleaboveskip@length=\skip80
\mdf@frametitlebelowskip@length=\skip81
\mdf@frametitlerulewidth@length=\skip82
\mdf@frametitleleftmargin@length=\skip83
\mdf@frametitlerightmargin@length=\skip84
\mdf@shadowsize@length=\skip85
\mdf@extratopheight@length=\skip86
\mdf@subtitleabovelinewidth@length=\skip87
\mdf@subtitlebelowlinewidth@length=\skip88
\mdf@subtitleaboveskip@length=\skip89
\mdf@subtitlebelowskip@length=\skip90
\mdf@subtitleinneraboveskip@length=\skip91
\mdf@subtitleinnerbelowskip@length=\skip92
\mdf@subsubtitleabovelinewidth@length=\skip93
\mdf@subsubtitlebelowlinewidth@length=\skip94
\mdf@subsubtitleaboveskip@length=\skip95
\mdf@subsubtitlebelowskip@length=\skip96
\mdf@subsubtitleinneraboveskip@length=\skip97
\mdf@subsubtitleinnerbelowskip@length=\skip98

(/usr/local/texlive/2018/texmf-dist/tex/latex/mdframed/md-frame-0.mdf
File: md-frame-0.mdf 2013/07/01\ 1.9b: md-frame-0
)
\mdf@frametitlebox=\box45
\mdf@footnotebox=\box46
\mdf@splitbox@one=\box47
\mdf@splitbox@two=\box48
\mdf@splitbox@save=\box49
\mdfsplitboxwidth=\skip99
\mdfsplitboxtotalwidth=\skip100
\mdfsplitboxheight=\skip101
\mdfsplitboxdepth=\skip102
\mdfsplitboxtotalheight=\skip103
\mdfframetitleboxwidth=\skip104
\mdfframetitleboxtotalwidth=\skip105
\mdfframetitleboxheight=\skip106
\mdfframetitleboxdepth=\skip107
\mdfframetitleboxtotalheight=\skip108
\mdffootnoteboxwidth=\skip109
\mdffootnoteboxtotalwidth=\skip110
\mdffootnoteboxheight=\skip111
\mdffootnoteboxdepth=\skip112
\mdffootnoteboxtotalheight=\skip113
\mdftotallinewidth=\skip114
\mdfboundingboxwidth=\skip115
\mdfboundingboxtotalwidth=\skip116
\mdfboundingboxheight=\skip117
\mdfboundingboxdepth=\skip118
\mdfboundingboxtotalheight=\skip119
\mdf@freevspace@length=\skip120
\mdf@horizontalwidthofbox@length=\skip121
\mdf@verticalmarginwhole@length=\skip122
\mdf@horizontalspaceofbox=\skip123
\mdfsubtitleheight=\skip124
\mdfsubsubtitleheight=\skip125
\c@mdfcountframes=\count269

****** mdframed patching \endmdf@trivlist

****** -- success******

.................................................
. LaTeX info: "xparse/define-command"
. 
. Defining command \newmdtheoremenv with sig. 'O{} m o m o ' on line 601.
.................................................
.................................................
. LaTeX info: "xparse/define-command"
. 
. Defining command \mdtheorem with sig. ' O{} m o m o ' on line 701.
.................................................
\mdf@envdepth=\count270
\c@mdf@env@i=\count271
\c@mdf@env@ii=\count272
\c@mdf@zref@counter=\count273
Package zref Info: New property: mdf@pagevalue on input line 895.
)
\c@theo=\count274
\c@lem=\count275
\c@theorem=\count276
\c@prop=\count277
\c@coro=\count278
\c@lemma=\count279
\c@remark=\count280
\c@definition=\count281
\c@example=\count282

(./main.aux)
\openout1 = `main.aux'.

LaTeX Font Info:    Checking defaults for OML/cmm/m/it on input line 164.
LaTeX Font Info:    ... okay on input line 164.
LaTeX Font Info:    Checking defaults for T1/cmr/m/n on input line 164.
LaTeX Font Info:    ... okay on input line 164.
LaTeX Font Info:    Checking defaults for OT1/cmr/m/n on input line 164.
LaTeX Font Info:    ... okay on input line 164.
LaTeX Font Info:    Checking defaults for OMS/cmsy/m/n on input line 164.
LaTeX Font Info:    ... okay on input line 164.
LaTeX Font Info:    Checking defaults for OMX/cmex/m/n on input line 164.
LaTeX Font Info:    ... okay on input line 164.
LaTeX Font Info:    Checking defaults for U/cmr/m/n on input line 164.
LaTeX Font Info:    ... okay on input line 164.
LaTeX Font Info:    Font shape `T1/ptm/bx/n' in size <5> not available
(Font)              Font shape `T1/ptm/b/n' tried instead on input line 164.
LaTeX Font Info:    Font shape `T1/ptm/bx/it' in size <5> not available
(Font)              Font shape `T1/ptm/b/it' tried instead on input line 164.
LaTeX Font Info:    Font shape `T1/ptm/bx/n' in size <7> not available
(Font)              Font shape `T1/ptm/b/n' tried instead on input line 164.
LaTeX Font Info:    Font shape `T1/ptm/bx/it' in size <7> not available
(Font)              Font shape `T1/ptm/b/it' tried instead on input line 164.
LaTeX Font Info:    Font shape `T1/ptm/bx/n' in size <8> not available
(Font)              Font shape `T1/ptm/b/n' tried instead on input line 164.
LaTeX Font Info:    Font shape `T1/ptm/bx/it' in size <8> not available
(Font)              Font shape `T1/ptm/b/it' tried instead on input line 164.
LaTeX Font Info:    Font shape `T1/ptm/bx/n' in size <9> not available
(Font)              Font shape `T1/ptm/b/n' tried instead on input line 164.
LaTeX Font Info:    Font shape `T1/ptm/bx/it' in size <9> not available
(Font)              Font shape `T1/ptm/b/it' tried instead on input line 164.
LaTeX Font Info:    Font shape `T1/ptm/bx/n' in size <10> not available
(Font)              Font shape `T1/ptm/b/n' tried instead on input line 164.
LaTeX Font Info:    Font shape `T1/ptm/bx/it' in size <10> not available
(Font)              Font shape `T1/ptm/b/it' tried instead on input line 164.
LaTeX Font Info:    Font shape `T1/ptm/bx/n' in size <11> not available
(Font)              Font shape `T1/ptm/b/n' tried instead on input line 164.
LaTeX Font Info:    Font shape `T1/ptm/bx/it' in size <11> not available
(Font)              Font shape `T1/ptm/b/it' tried instead on input line 164.
LaTeX Font Info:    Font shape `T1/ptm/bx/n' in size <12> not available
(Font)              Font shape `T1/ptm/b/n' tried instead on input line 164.
LaTeX Font Info:    Font shape `T1/ptm/bx/it' in size <12> not available
(Font)              Font shape `T1/ptm/b/it' tried instead on input line 164.
LaTeX Font Info:    Font shape `T1/ptm/bx/n' in size <17> not available
(Font)              Font shape `T1/ptm/b/n' tried instead on input line 164.
LaTeX Font Info:    Font shape `T1/ptm/bx/it' in size <17> not available
(Font)              Font shape `T1/ptm/b/it' tried instead on input line 164.
LaTeX Font Info:    Font shape `T1/ptm/bx/n' in size <20> not available
(Font)              Font shape `T1/ptm/b/n' tried instead on input line 164.
LaTeX Font Info:    Font shape `T1/ptm/bx/it' in size <20> not available
(Font)              Font shape `T1/ptm/b/it' tried instead on input line 164.
LaTeX Font Info:    Font shape `T1/ptm/bx/n' in size <24> not available
(Font)              Font shape `T1/ptm/b/n' tried instead on input line 164.
LaTeX Font Info:    Font shape `T1/ptm/bx/it' in size <24> not available
(Font)              Font shape `T1/ptm/b/it' tried instead on input line 164.

-- Lines per column: 55 (exact).
(/usr/local/texlive/2018/texmf-dist/tex/context/base/mkii/supp-pdf.mkii
[Loading MPS to PDF converter (version 2006.09.02).]
\scratchcounter=\count283
\scratchdimen=\dimen170
\scratchbox=\box50
\nofMPsegments=\count284
\nofMParguments=\count285
\everyMPshowfont=\toks25
\MPscratchCnt=\count286
\MPscratchDim=\dimen171
\MPnumerator=\count287
\makeMPintoPDFobject=\count288
\everyMPtoPDFconversion=\toks26
)
\AtBeginShipoutBox=\box51
LaTeX Font Info:    Try loading font information for U+rsfs on input line 197.
 (/usr/local/texlive/2018/texmf-dist/tex/latex/jknapltx/ursfs.fd
File: ursfs.fd 1998/03/24 rsfs font definition file (jk)
)
LaTeX Font Info:    Try loading font information for U+msa on input line 197.

(/usr/local/texlive/2018/texmf-dist/tex/latex/amsfonts/umsa.fd
File: umsa.fd 2013/01/14 v3.01 AMS symbols A
)
LaTeX Font Info:    Try loading font information for U+msb on input line 197.

(/usr/local/texlive/2018/texmf-dist/tex/latex/amsfonts/umsb.fd
File: umsb.fd 2013/01/14 v3.01 AMS symbols B
)
LaTeX Font Info:    Try loading font information for U+stmry on input line 197.


(/usr/local/texlive/2018/texmf-dist/tex/latex/stmaryrd/Ustmry.fd) [1{/usr/local
/texlive/2018/texmf-var/fonts/map/pdftex/updmap/pdftex.map}


] [2] [3] [4]
[5] (./main.bbl
Underfull \hbox (badness 1910) in paragraph at lines 53--55
[]\T1/ptm/m/n/8 P. Li, ``Sev-eral tun-able gmm ker-nels,'' \T1/ptm/m/it/8 arXiv
 preprint
 []

)

** Conference Paper **
Before submitting the final camera ready copy, remember to:

 1. Manually equalize the lengths of two columns on the last page
 of your paper;

 2. Ensure that any PostScript and/or PDF output post-processing
 uses only Type 1 fonts and that every step in the generation
 process uses the appropriate paper size.

[6


] (./main.aux) ) 
Here is how much of TeX's memory you used:
 13705 strings out of 492649
 254639 string characters out of 6129622
 318981 words of memory out of 5000000
 17430 multiletter control sequences out of 15000+600000
 644820 words of font info for 155 fonts, out of 8000000 for 9000
 1141 hyphenation exceptions out of 8191
 42i,13n,33p,10393b,275s stack positions out of 5000i,500n,10000p,200000b,80000s
{/usr/local/texlive/2018/texmf-dist/fonts/enc/dvips/base/8r.enc
}</usr/local/texlive/2018/texmf-dist/fonts/type1/public/amsfonts/cm/cmbx10.pfb>
</usr/local/texlive/2018/texmf-dist/fonts/type1/public/amsfonts/cm/cmex10.pfb><
/usr/local/texlive/2018/texmf-dist/fonts/type1/public/amsfonts/cm/cmmi10.pfb></
usr/local/texlive/2018/texmf-dist/fonts/type1/public/amsfonts/cm/cmmi5.pfb></us
r/local/texlive/2018/texmf-dist/fonts/type1/public/amsfonts/cm/cmmi7.pfb></usr/
local/texlive/2018/texmf-dist/fonts/type1/public/amsfonts/cm/cmmi9.pfb></usr/lo
cal/texlive/2018/texmf-dist/fonts/type1/public/amsfonts/cm/cmr10.pfb></usr/loca
l/texlive/2018/texmf-dist/fonts/type1/public/amsfonts/cm/cmr5.pfb></usr/local/t
exlive/2018/texmf-dist/fonts/type1/public/amsfonts/cm/cmr7.pfb></usr/local/texl
ive/2018/texmf-dist/fonts/type1/public/amsfonts/cm/cmsy10.pfb></usr/local/texli
ve/2018/texmf-dist/fonts/type1/public/amsfonts/cm/cmsy7.pfb></usr/local/texlive
/2018/texmf-dist/fonts/type1/public/amsfonts/symbols/msam10.pfb></usr/local/tex
live/2018/texmf-dist/fonts/type1/public/amsfonts/symbols/msbm10.pfb></usr/local
/texlive/2018/texmf-dist/fonts/type1/urw/times/utmb8a.pfb></usr/local/texlive/2
018/texmf-dist/fonts/type1/urw/times/utmbi8a.pfb></usr/local/texlive/2018/texmf
-dist/fonts/type1/urw/times/utmr8a.pfb></usr/local/texlive/2018/texmf-dist/font
s/type1/urw/times/utmri8a.pfb>
Output written on main.pdf (6 pages, 205774 bytes).
PDF statistics:
 92 PDF objects out of 1000 (max. 8388607)
 66 compressed objects within 1 object stream
 0 named destinations out of 1000 (max. 500000)
 1 words of extra memory for PDF output out of 10000 (max. 10000000)

