This is pdfTeX, Version 3.14159265-2.6-1.40.19 (TeX Live 2018) (preloaded format=pdflatex 2018.7.23)  6 OCT 2021 10:20
entering extended mode
 restricted \write18 enabled.
 file:line:error style messages enabled.
 %&-line parsing enabled.
**main.tex
(./main.tex
LaTeX2e <2018-04-01> patch level 2
Babel <3.18> and hyphenation patterns for 84 language(s) loaded.
(/usr/local/texlive/2018/texmf-dist/tex/latex/base/article.cls
Document Class: article 2014/09/29 v1.4h Standard LaTeX document class
(/usr/local/texlive/2018/texmf-dist/tex/latex/base/size10.clo
File: size10.clo 2014/09/29 v1.4h Standard LaTeX file (size option)
)
\c@part=\count80
\c@section=\count81
\c@subsection=\count82
\c@subsubsection=\count83
\c@paragraph=\count84
\c@subparagraph=\count85
\c@figure=\count86
\c@table=\count87
\abovecaptionskip=\skip41
\belowcaptionskip=\skip42
\bibindent=\dimen102
)
(./aistats2022.sty
Package: aistats2022 2021/06/25 AISTATS2022 submission/camera-ready style file

(/usr/local/texlive/2018/texmf-dist/tex/latex/amsmath/amsmath.sty
Package: amsmath 2017/09/02 v2.17a AMS math features
\@mathmargin=\skip43

For additional information on amsmath, use the `?' option.
(/usr/local/texlive/2018/texmf-dist/tex/latex/amsmath/amstext.sty
Package: amstext 2000/06/29 v2.01 AMS text

(/usr/local/texlive/2018/texmf-dist/tex/latex/amsmath/amsgen.sty
File: amsgen.sty 1999/11/30 v2.0 generic functions
\@emptytoks=\toks14
\ex@=\dimen103
))
(/usr/local/texlive/2018/texmf-dist/tex/latex/amsmath/amsbsy.sty
Package: amsbsy 1999/11/29 v1.2d Bold Symbols
\pmbraise@=\dimen104
)
(/usr/local/texlive/2018/texmf-dist/tex/latex/amsmath/amsopn.sty
Package: amsopn 2016/03/08 v2.02 operator names
)
\inf@bad=\count88
LaTeX Info: Redefining \frac on input line 213.
\uproot@=\count89
\leftroot@=\count90
LaTeX Info: Redefining \overline on input line 375.
\classnum@=\count91
\DOTSCASE@=\count92
LaTeX Info: Redefining \ldots on input line 472.
LaTeX Info: Redefining \dots on input line 475.
LaTeX Info: Redefining \cdots on input line 596.
\Mathstrutbox@=\box26
\strutbox@=\box27
\big@size=\dimen105
LaTeX Font Info:    Redeclaring font encoding OML on input line 712.
LaTeX Font Info:    Redeclaring font encoding OMS on input line 713.
\macc@depth=\count93
\c@MaxMatrixCols=\count94
\dotsspace@=\muskip10
\c@parentequation=\count95
\dspbrk@lvl=\count96
\tag@help=\toks15
\row@=\count97
\column@=\count98
\maxfields@=\count99
\andhelp@=\toks16
\eqnshift@=\dimen106
\alignsep@=\dimen107
\tagshift@=\dimen108
\tagwidth@=\dimen109
\totwidth@=\dimen110
\lineht@=\dimen111
\@envbody=\toks17
\multlinegap=\skip44
\multlinetaggap=\skip45
\mathdisplay@stack=\toks18
LaTeX Info: Redefining \[ on input line 2817.
LaTeX Info: Redefining \] on input line 2818.
)
\titlebox=\skip46

(./fancyhdr.sty
\fancy@headwidth=\skip47
\f@ncyO@elh=\skip48
\f@ncyO@erh=\skip49
\f@ncyO@olh=\skip50
\f@ncyO@orh=\skip51
\f@ncyO@elf=\skip52
\f@ncyO@erf=\skip53
\f@ncyO@olf=\skip54
\f@ncyO@orf=\skip55
)
\titrun=\box28
\autrun=\box29
)
(/usr/local/texlive/2018/texmf-dist/tex/latex/base/inputenc.sty
Package: inputenc 2018/04/06 v1.3b Input encoding file
\inpenc@prehook=\toks19
\inpenc@posthook=\toks20
)
(/usr/local/texlive/2018/texmf-dist/tex/latex/base/fontenc.sty
Package: fontenc 2017/04/05 v2.0i Standard LaTeX package

(/usr/local/texlive/2018/texmf-dist/tex/latex/base/t1enc.def
File: t1enc.def 2017/04/05 v2.0i Standard LaTeX file
LaTeX Font Info:    Redeclaring font encoding T1 on input line 48.
))
(/usr/local/texlive/2018/texmf-dist/tex/latex/url/url.sty
\Urlmuskip=\muskip11
Package: url 2013/09/16  ver 3.4  Verb mode for urls, etc.
)
(/usr/local/texlive/2018/texmf-dist/tex/latex/booktabs/booktabs.sty
Package: booktabs 2016/04/27 v1.618033 publication quality tables
\heavyrulewidth=\dimen112
\lightrulewidth=\dimen113
\cmidrulewidth=\dimen114
\belowrulesep=\dimen115
\belowbottomsep=\dimen116
\aboverulesep=\dimen117
\abovetopsep=\dimen118
\cmidrulesep=\dimen119
\cmidrulekern=\dimen120
\defaultaddspace=\dimen121
\@cmidla=\count100
\@cmidlb=\count101
\@aboverulesep=\dimen122
\@belowrulesep=\dimen123
\@thisruleclass=\count102
\@lastruleclass=\count103
\@thisrulewidth=\dimen124
)
(/usr/local/texlive/2018/texmf-dist/tex/latex/amsfonts/amsfonts.sty
Package: amsfonts 2013/01/14 v3.01 Basic AMSFonts support
\symAMSa=\mathgroup4
\symAMSb=\mathgroup5
LaTeX Font Info:    Overwriting math alphabet `\mathfrak' in version `bold'
(Font)                  U/euf/m/n --> U/euf/b/n on input line 106.
)
(/usr/local/texlive/2018/texmf-dist/tex/latex/units/nicefrac.sty
Package: nicefrac 1998/08/04 v0.9b Nice fractions
\L@UnitsRaiseDisplaystyle=\skip56
\L@UnitsRaiseTextstyle=\skip57
\L@UnitsRaiseScriptstyle=\skip58

(/usr/local/texlive/2018/texmf-dist/tex/latex/base/ifthen.sty
Package: ifthen 2014/09/29 v1.1c Standard LaTeX ifthen package (DPC)
))
(/usr/local/texlive/2018/texmf-dist/tex/latex/microtype/microtype.sty
Package: microtype 2018/01/14 v2.7a Micro-typographical refinements (RS)

(/usr/local/texlive/2018/texmf-dist/tex/latex/graphics/keyval.sty
Package: keyval 2014/10/28 v1.15 key=value parser (DPC)
\KV@toks@=\toks21
)
\MT@toks=\toks22
\MT@count=\count104
LaTeX Info: Redefining \textls on input line 793.
\MT@outer@kern=\dimen125
LaTeX Info: Redefining \textmicrotypecontext on input line 1339.
\MT@listname@count=\count105

(/usr/local/texlive/2018/texmf-dist/tex/latex/microtype/microtype-pdftex.def
File: microtype-pdftex.def 2018/01/14 v2.7a Definitions specific to pdftex (RS)

LaTeX Info: Redefining \lsstyle on input line 913.
LaTeX Info: Redefining \lslig on input line 913.
\MT@outer@space=\skip59
)
Package microtype Info: Loading configuration file microtype.cfg.

(/usr/local/texlive/2018/texmf-dist/tex/latex/microtype/microtype.cfg
File: microtype.cfg 2018/01/14 v2.7a microtype main configuration file (RS)
))
(/usr/local/texlive/2018/texmf-dist/tex/latex/xcolor/xcolor.sty
Package: xcolor 2016/05/11 v2.12 LaTeX color extensions (UK)

(/usr/local/texlive/2018/texmf-dist/tex/latex/graphics-cfg/color.cfg
File: color.cfg 2016/01/02 v1.6 sample color configuration
)
Package xcolor Info: Driver file: pdftex.def on input line 225.

(/usr/local/texlive/2018/texmf-dist/tex/latex/graphics-def/pdftex.def
File: pdftex.def 2018/01/08 v1.0l Graphics/color driver for pdftex
)
Package xcolor Info: Model `cmy' substituted by `cmy0' on input line 1348.
Package xcolor Info: Model `hsb' substituted by `rgb' on input line 1352.
Package xcolor Info: Model `RGB' extended on input line 1364.
Package xcolor Info: Model `HTML' substituted by `rgb' on input line 1366.
Package xcolor Info: Model `Hsb' substituted by `hsb' on input line 1367.
Package xcolor Info: Model `tHsb' substituted by `hsb' on input line 1368.
Package xcolor Info: Model `HSB' substituted by `hsb' on input line 1369.
Package xcolor Info: Model `Gray' substituted by `gray' on input line 1370.
Package xcolor Info: Model `wave' substituted by `hsb' on input line 1371.
)
(/usr/local/texlive/2018/texmf-dist/tex/latex/graphics/graphicx.sty
Package: graphicx 2017/06/01 v1.1a Enhanced LaTeX Graphics (DPC,SPQR)

(/usr/local/texlive/2018/texmf-dist/tex/latex/graphics/graphics.sty
Package: graphics 2017/06/25 v1.2c Standard LaTeX Graphics (DPC,SPQR)

(/usr/local/texlive/2018/texmf-dist/tex/latex/graphics/trig.sty
Package: trig 2016/01/03 v1.10 sin cos tan (DPC)
)
(/usr/local/texlive/2018/texmf-dist/tex/latex/graphics-cfg/graphics.cfg
File: graphics.cfg 2016/06/04 v1.11 sample graphics configuration
)
Package graphics Info: Driver file: pdftex.def on input line 99.
)
\Gin@req@height=\dimen126
\Gin@req@width=\dimen127
)
(/usr/local/texlive/2018/texmf-dist/tex/latex/subfigure/subfigure.sty
Package: subfigure 2002/03/15 v2.1.5 subfigure package
\subfigtopskip=\skip60
\subfigcapskip=\skip61
\subfigcaptopadj=\dimen128
\subfigbottomskip=\skip62
\subfigcapmargin=\dimen129
\subfiglabelskip=\skip63
\c@subfigure=\count106
\c@lofdepth=\count107
\c@subtable=\count108
\c@lotdepth=\count109

****************************************
* Local config file subfigure.cfg used *
****************************************
(/usr/local/texlive/2018/texmf-dist/tex/latex/subfigure/subfigure.cfg)
\subfig@top=\skip64
\subfig@bottom=\skip65
)
(/usr/local/texlive/2018/texmf-dist/tex/latex/amsfonts/amssymb.sty
Package: amssymb 2013/01/14 v3.01 AMS font symbols
)
(/usr/local/texlive/2018/texmf-dist/tex/latex/graphics/epsfig.sty
Package: epsfig 2017/06/25 v1.7b (e)psfig emulation (SPQR)
\epsfxsize=\dimen130
\epsfysize=\dimen131
)
(/usr/local/texlive/2018/texmf-dist/tex/latex/algorithms/algorithm.sty
Package: algorithm 2009/08/24 v0.1 Document Style `algorithm' - floating enviro
nment

(/usr/local/texlive/2018/texmf-dist/tex/latex/float/float.sty
Package: float 2001/11/08 v1.3d Float enhancements (AL)
\c@float@type=\count110
\float@exts=\toks23
\float@box=\box30
\@float@everytoks=\toks24
\@floatcapt=\box31
)
\@float@every@algorithm=\toks25
\c@algorithm=\count111
)
(/usr/local/texlive/2018/texmf-dist/tex/latex/algorithms/algorithmic.sty
Package: algorithmic 2009/08/24 v0.1 Document Style `algorithmic'
\c@ALC@unique=\count112
\c@ALC@line=\count113
\c@ALC@rem=\count114
\c@ALC@depth=\count115
\ALC@tlm=\skip66
\algorithmicindent=\skip67
)
(/usr/local/texlive/2018/texmf-dist/tex/latex/wrapfig/wrapfig.sty
\wrapoverhang=\dimen132
\WF@size=\dimen133
\c@WF@wrappedlines=\count116
\WF@box=\box32
\WF@everypar=\toks26
Package: wrapfig 2003/01/31  v 3.6
)
(/usr/local/texlive/2018/texmf-dist/tex/latex/amscls/amsthm.sty
Package: amsthm 2017/10/31 v2.20.4
\thm@style=\toks27
\thm@bodyfont=\toks28
\thm@headfont=\toks29
\thm@notefont=\toks30
\thm@headpunct=\toks31
\thm@preskip=\skip68
\thm@postskip=\skip69
\thm@headsep=\skip70
\dth@everypar=\toks32
)
(/usr/local/texlive/2018/texmf-dist/tex/latex/preprint/balance.sty
Package: balance 1999/02/23 4.3 (PWD)
\oldvsize=\dimen134
)
(/usr/local/texlive/2018/texmf-dist/tex/latex/mathtools/mathtools.sty
Package: mathtools 2018/01/08 v1.21 mathematical typesetting tools

(/usr/local/texlive/2018/texmf-dist/tex/latex/tools/calc.sty
Package: calc 2017/05/25 v4.3 Infix arithmetic (KKT,FJ)
\calc@Acount=\count117
\calc@Bcount=\count118
\calc@Adimen=\dimen135
\calc@Bdimen=\dimen136
\calc@Askip=\skip71
\calc@Bskip=\skip72
LaTeX Info: Redefining \setlength on input line 80.
LaTeX Info: Redefining \addtolength on input line 81.
\calc@Ccount=\count119
\calc@Cskip=\skip73
)
(/usr/local/texlive/2018/texmf-dist/tex/latex/mathtools/mhsetup.sty
Package: mhsetup 2017/03/31 v1.3 programming setup (MH)
)
LaTeX Info: Thecontrolsequence`\('isalreadyrobust on input line 129.
LaTeX Info: Thecontrolsequence`\)'isalreadyrobust on input line 129.
LaTeX Info: Thecontrolsequence`\['isalreadyrobust on input line 129.
LaTeX Info: Thecontrolsequence`\]'isalreadyrobust on input line 129.
\g_MT_multlinerow_int=\count120
\l_MT_multwidth_dim=\dimen137
\origjot=\skip74
\l_MT_shortvdotswithinadjustabove_dim=\dimen138
\l_MT_shortvdotswithinadjustbelow_dim=\dimen139
\l_MT_above_intertext_sep=\dimen140
\l_MT_below_intertext_sep=\dimen141
\l_MT_above_shortintertext_sep=\dimen142
\l_MT_below_shortintertext_sep=\dimen143
)
(/usr/local/texlive/2018/texmf-dist/tex/latex/extarrows/extarrows.sty
Package: extarrows 2008/05/15 v1.0b Some extensible arrows
)
(/usr/local/texlive/2018/texmf-dist/tex/latex/caption/caption.sty
Package: caption 2016/02/21 v3.3-144 Customizing captions (AR)

(/usr/local/texlive/2018/texmf-dist/tex/latex/caption/caption3.sty
Package: caption3 2016/05/22 v1.7-166 caption3 kernel (AR)
Package caption3 Info: TeX engine: e-TeX on input line 67.
\captionmargin=\dimen144
\captionmargin@=\dimen145
\captionwidth=\dimen146
\caption@tempdima=\dimen147
\caption@indent=\dimen148
\caption@parindent=\dimen149
\caption@hangindent=\dimen150
)
\c@ContinuedFloat=\count121
Package caption Info: float package is loaded.
Package caption Info: subfigure package is loaded.
Package caption Info: wrapfig package is loaded.
)
(/usr/local/texlive/2018/texmf-dist/tex/latex/hyperref/hyperref.sty
Package: hyperref 2018/02/06 v6.86b Hypertext links for LaTeX

(/usr/local/texlive/2018/texmf-dist/tex/generic/oberdiek/hobsub-hyperref.sty
Package: hobsub-hyperref 2016/05/16 v1.14 Bundle oberdiek, subset hyperref (HO)


(/usr/local/texlive/2018/texmf-dist/tex/generic/oberdiek/hobsub-generic.sty
Package: hobsub-generic 2016/05/16 v1.14 Bundle oberdiek, subset generic (HO)
Package: hobsub 2016/05/16 v1.14 Construct package bundles (HO)
Package: infwarerr 2016/05/16 v1.4 Providing info/warning/error messages (HO)
Package: ltxcmds 2016/05/16 v1.23 LaTeX kernel commands for general use (HO)
Package: ifluatex 2016/05/16 v1.4 Provides the ifluatex switch (HO)
Package ifluatex Info: LuaTeX not detected.
Package: ifvtex 2016/05/16 v1.6 Detect VTeX and its facilities (HO)
Package ifvtex Info: VTeX not detected.
Package: intcalc 2016/05/16 v1.2 Expandable calculations with integers (HO)
Package: ifpdf 2017/03/15 v3.2 Provides the ifpdf switch
Package: etexcmds 2016/05/16 v1.6 Avoid name clashes with e-TeX commands (HO)
Package etexcmds Info: Could not find \expanded.
(etexcmds)             That can mean that you are not using pdfTeX 1.50 or
(etexcmds)             that some package has redefined \expanded.
(etexcmds)             In the latter case, load this package earlier.
Package: kvsetkeys 2016/05/16 v1.17 Key value parser (HO)
Package: kvdefinekeys 2016/05/16 v1.4 Define keys (HO)
Package: pdftexcmds 2018/01/30 v0.27 Utility functions of pdfTeX for LuaTeX (HO
)
Package pdftexcmds Info: LuaTeX not detected.
Package pdftexcmds Info: \pdf@primitive is available.
Package pdftexcmds Info: \pdf@ifprimitive is available.
Package pdftexcmds Info: \pdfdraftmode found.
Package: pdfescape 2016/05/16 v1.14 Implements pdfTeX's escape features (HO)
Package: bigintcalc 2016/05/16 v1.4 Expandable calculations on big integers (HO
)
Package: bitset 2016/05/16 v1.2 Handle bit-vector datatype (HO)
Package: uniquecounter 2016/05/16 v1.3 Provide unlimited unique counter (HO)
)
Package hobsub Info: Skipping package `hobsub' (already loaded).
Package: letltxmacro 2016/05/16 v1.5 Let assignment for LaTeX macros (HO)
Package: hopatch 2016/05/16 v1.3 Wrapper for package hooks (HO)
Package: xcolor-patch 2016/05/16 xcolor patch
Package: atveryend 2016/05/16 v1.9 Hooks at the very end of document (HO)
Package atveryend Info: \enddocument detected (standard20110627).
Package: atbegshi 2016/06/09 v1.18 At begin shipout hook (HO)
Package: refcount 2016/05/16 v3.5 Data extraction from label references (HO)
Package: hycolor 2016/05/16 v1.8 Color options for hyperref/bookmark (HO)
)
(/usr/local/texlive/2018/texmf-dist/tex/generic/ifxetex/ifxetex.sty
Package: ifxetex 2010/09/12 v0.6 Provides ifxetex conditional
)
(/usr/local/texlive/2018/texmf-dist/tex/latex/oberdiek/auxhook.sty
Package: auxhook 2016/05/16 v1.4 Hooks for auxiliary files (HO)
)
(/usr/local/texlive/2018/texmf-dist/tex/latex/oberdiek/kvoptions.sty
Package: kvoptions 2016/05/16 v3.12 Key value format for package options (HO)
)
\@linkdim=\dimen151
\Hy@linkcounter=\count122
\Hy@pagecounter=\count123

(/usr/local/texlive/2018/texmf-dist/tex/latex/hyperref/pd1enc.def
File: pd1enc.def 2018/02/06 v6.86b Hyperref: PDFDocEncoding definition (HO)
Now handling font encoding PD1 ...
... no UTF-8 mapping file for font encoding PD1
)
\Hy@SavedSpaceFactor=\count124

(/usr/local/texlive/2018/texmf-dist/tex/latex/latexconfig/hyperref.cfg
File: hyperref.cfg 2002/06/06 v1.2 hyperref configuration of TeXLive
)
Package hyperref Info: Option `colorlinks' set `true' on input line 4383.
Package hyperref Info: Hyper figures OFF on input line 4509.
Package hyperref Info: Link nesting OFF on input line 4514.
Package hyperref Info: Hyper index ON on input line 4517.
Package hyperref Info: Plain pages OFF on input line 4524.
Package hyperref Info: Backreferencing OFF on input line 4529.
Package hyperref Info: Implicit mode ON; LaTeX internals redefined.
Package hyperref Info: Bookmarks ON on input line 4762.
\c@Hy@tempcnt=\count125
LaTeX Info: Redefining \url on input line 5115.
\XeTeXLinkMargin=\dimen152
\Fld@menulength=\count126
\Field@Width=\dimen153
\Fld@charsize=\dimen154
Package hyperref Info: Hyper figures OFF on input line 6369.
Package hyperref Info: Link nesting OFF on input line 6374.
Package hyperref Info: Hyper index ON on input line 6377.
Package hyperref Info: backreferencing OFF on input line 6384.
Package hyperref Info: Link coloring ON on input line 6387.
Package hyperref Info: Link coloring with OCG OFF on input line 6394.
Package hyperref Info: PDF/A mode OFF on input line 6399.
LaTeX Info: Redefining \ref on input line 6439.
LaTeX Info: Redefining \pageref on input line 6443.
\Hy@abspage=\count127
\c@Item=\count128
\c@Hfootnote=\count129
)
Package hyperref Info: Driver (autodetected): hpdftex.

(/usr/local/texlive/2018/texmf-dist/tex/latex/hyperref/hpdftex.def
File: hpdftex.def 2018/02/06 v6.86b Hyperref driver for pdfTeX
\Fld@listcount=\count130
\c@bookmark@seq@number=\count131

(/usr/local/texlive/2018/texmf-dist/tex/latex/oberdiek/rerunfilecheck.sty
Package: rerunfilecheck 2016/05/16 v1.8 Rerun checks for auxiliary files (HO)
Package uniquecounter Info: New unique counter `rerunfilecheck' on input line 2
82.
)
\Hy@SectionHShift=\skip75
)
(/usr/local/texlive/2018/texmf-dist/tex/latex/multirow/multirow.sty
Package: multirow 2016/11/25 v2.2 Span multiple rows of a table
\multirow@colwidth=\skip76
\multirow@cntb=\count132
\multirow@dima=\skip77
\bigstrutjot=\dimen155
)
\c@lemma=\count133
\c@remark=\count134
\c@definition=\count135
\c@theorem=\count136

(./math_commands.tex (/usr/local/texlive/2018/texmf-dist/tex/latex/tools/bm.sty
Package: bm 2017/01/16 v1.2c Bold Symbol Support (DPC/FMi)
\symboldoperators=\mathgroup6
\symboldletters=\mathgroup7
\symboldsymbols=\mathgroup8
LaTeX Font Info:    Redeclaring math alphabet \mathbf on input line 141.
LaTeX Info: Redefining \bm on input line 207.
)
LaTeX Font Info:    Overwriting math alphabet `\mathsfit' in version `bold'
(Font)                  T1/cmss/m/sl --> T1/cmss/bx/n on input line 314.
) (./main.aux)
\openout1 = `main.aux'.

LaTeX Font Info:    Checking defaults for OML/cmm/m/it on input line 75.
LaTeX Font Info:    ... okay on input line 75.
LaTeX Font Info:    Checking defaults for T1/cmr/m/n on input line 75.
LaTeX Font Info:    ... okay on input line 75.
LaTeX Font Info:    Checking defaults for OT1/cmr/m/n on input line 75.
LaTeX Font Info:    ... okay on input line 75.
LaTeX Font Info:    Checking defaults for OMS/cmsy/m/n on input line 75.
LaTeX Font Info:    ... okay on input line 75.
LaTeX Font Info:    Checking defaults for OMX/cmex/m/n on input line 75.
LaTeX Font Info:    ... okay on input line 75.
LaTeX Font Info:    Checking defaults for U/cmr/m/n on input line 75.
LaTeX Font Info:    ... okay on input line 75.
LaTeX Font Info:    Checking defaults for PD1/pdf/m/n on input line 75.
LaTeX Font Info:    ... okay on input line 75.
LaTeX Info: Redefining \microtypecontext on input line 75.
Package microtype Info: Generating PDF output.
Package microtype Info: Character protrusion enabled (level 2).
Package microtype Info: Using default protrusion set `alltext'.
Package microtype Info: Automatic font expansion enabled (level 2),
(microtype)             stretch: 20, shrink: 20, step: 1, non-selected.
Package microtype Info: Using default expansion set `basictext'.
Package microtype Info: No adjustment of tracking.
Package microtype Info: No adjustment of interword spacing.
Package microtype Info: No adjustment of character kerning.

(/usr/local/texlive/2018/texmf-dist/tex/latex/microtype/mt-cmr.cfg
File: mt-cmr.cfg 2013/05/19 v2.2 microtype config. file: Computer Modern Roman 
(RS)
)
(/usr/local/texlive/2018/texmf-dist/tex/context/base/mkii/supp-pdf.mkii
[Loading MPS to PDF converter (version 2006.09.02).]
\scratchcounter=\count137
\scratchdimen=\dimen156
\scratchbox=\box33
\nofMPsegments=\count138
\nofMParguments=\count139
\everyMPshowfont=\toks33
\MPscratchCnt=\count140
\MPscratchDim=\dimen157
\MPnumerator=\count141
\makeMPintoPDFobject=\count142
\everyMPtoPDFconversion=\toks34
) (/usr/local/texlive/2018/texmf-dist/tex/latex/oberdiek/epstopdf-base.sty
Package: epstopdf-base 2016/05/15 v2.6 Base part for package epstopdf

(/usr/local/texlive/2018/texmf-dist/tex/latex/oberdiek/grfext.sty
Package: grfext 2016/05/16 v1.2 Manage graphics extensions (HO)
)
Package epstopdf-base Info: Redefining graphics rule for `.eps' on input line 4
38.
Package grfext Info: Graphics extension search list:
(grfext)             [.pdf,.png,.jpg,.mps,.jpeg,.jbig2,.jb2,.PDF,.PNG,.JPG,.JPE
G,.JBIG2,.JB2,.eps]
(grfext)             \AppendGraphicsExtensions on input line 456.

(/usr/local/texlive/2018/texmf-dist/tex/latex/latexconfig/epstopdf-sys.cfg
File: epstopdf-sys.cfg 2010/07/13 v1.3 Configuration of (r)epstopdf for TeX Liv
e
))
Package caption Info: Begin \AtBeginDocument code.
Package caption Info: hyperref package is loaded.
Package caption Info: End \AtBeginDocument code.
\AtBeginShipoutBox=\box34
Package hyperref Info: Link coloring ON on input line 75.

(/usr/local/texlive/2018/texmf-dist/tex/latex/hyperref/nameref.sty
Package: nameref 2016/05/21 v2.44 Cross-referencing by name of section

(/usr/local/texlive/2018/texmf-dist/tex/generic/oberdiek/gettitlestring.sty
Package: gettitlestring 2016/05/16 v1.5 Cleanup title references (HO)
)
\c@section@level=\count143
)
LaTeX Info: Redefining \ref on input line 75.
LaTeX Info: Redefining \pageref on input line 75.
LaTeX Info: Redefining \nameref on input line 75.

(./main.out) (./main.out)
\@outlinefile=\write3
\openout3 = `main.out'.

LaTeX Font Info:    Try loading font information for U+msa on input line 83.

(/usr/local/texlive/2018/texmf-dist/tex/latex/amsfonts/umsa.fd
File: umsa.fd 2013/01/14 v3.01 AMS symbols A
)
(/usr/local/texlive/2018/texmf-dist/tex/latex/microtype/mt-msa.cfg
File: mt-msa.cfg 2006/02/04 v1.1 microtype config. file: AMS symbols (a) (RS)
)
LaTeX Font Info:    Try loading font information for U+msb on input line 83.

(/usr/local/texlive/2018/texmf-dist/tex/latex/amsfonts/umsb.fd
File: umsb.fd 2013/01/14 v3.01 AMS symbols B
)
(/usr/local/texlive/2018/texmf-dist/tex/latex/microtype/mt-msb.cfg
File: mt-msb.cfg 2005/06/01 v1.0 microtype config. file: AMS symbols (b) (RS)
)
Overfull \hbox (5.1225pt too wide) in paragraph at lines 86--86
 [] 
 []

LaTeX Font Info:    Try loading font information for OMS+cmr on input line 125.

(/usr/local/texlive/2018/texmf-dist/tex/latex/base/omscmr.fd
File: omscmr.fd 2014/09/29 v2.5h Standard LaTeX font definitions
)
LaTeX Font Info:    Font shape `OMS/cmr/m/n' in size <10> not available
(Font)              Font shape `OMS/cmsy/m/n' tried instead on input line 125.
 [1{/usr/local/texlive/2018/texmf-var/fonts/map/pdftex/updmap/pdftex.map}



]
Underfull \hbox (badness 1708) in paragraph at lines 135--136
[]\T1/cmr/bx/n/10 Representation Learn-ing: \T1/cmr/m/n/10 (+20) We specif-i-ca
lly
 []

[2]
<fig/tree_node.png, id=238, 765.5802pt x 317.988pt>
File: fig/tree_node.png Graphic file (type png)
<use fig/tree_node.png>
Package pdftex.def Info: fig/tree_node.png  used on input line 215.
(pdftex.def)             Requested size: 234.8775pt x 97.5563pt.

Underfull \hbox (badness 1052) in paragraph at lines 233--236
\T1/cmr/m/n/10 (+20) where $\OT1/cmr/bx/n/10 h \OT1/cmr/m/n/10 (+20) = \OMS/cms
y/m/n/10 f\OT1/cmr/bx/n/10 h[]\OML/cmm/m/it/10 ; []  ; \OT1/cmr/bx/n/10 h[]\OMS
/cmsy/m/n/10 g$ \T1/cmr/m/n/10 (+20) de-notes the set of la-
 []


Overfull \hbox (12.34349pt too wide) detected at line 248
[]
 []


Underfull \vbox (badness 5302) has occurred while \output is active []

 [3 <./fig/tree_node.png>]
<fig/tree_node_message.png, id=264, 365.2044pt x 287.6346pt>
File: fig/tree_node_message.png Graphic file (type png)
<use fig/tree_node_message.png>
Package pdftex.def Info: fig/tree_node_message.png  used on input line 268.
(pdftex.def)             Requested size: 115.63243pt x 91.0706pt.

Underfull \hbox (badness 10000) in paragraph at lines 263--275
\T1/cmr/m/n/10 (+20) Here $[][] \OT1/cmr/m/n/10 (+20) = \U/msb/m/n/10 E[][] [] 
\OML/cmm/m/it/10 q\OT1/cmr/m/n/10 (+20) (\OT1/cmr/bx/n/10 h[]\OMS/cmsy/m/n/10 j
\OT1/cmr/bx/n/10 h[]\OT1/cmr/m/n/10 (+20) ) \OMS/cmsy/m/n/10 ^^@
 []


Overfull \hbox (27.59575pt too wide) detected at line 291
[]
 []


Overfull \hbox (124.87329pt too wide) detected at line 295
[]
 []

<fig/aggre_node.png, id=278, 292.9344pt x 344.9688pt>
File: fig/aggre_node.png Graphic file (type png)
<use fig/aggre_node.png>
Package pdftex.def Info: fig/aggre_node.png  used on input line 306.
(pdftex.def)             Requested size: 86.72377pt x 102.1281pt.
<fig/aggre_model.png, id=279, 294.8616pt x 325.215pt>
File: fig/aggre_model.png Graphic file (type png)
<use fig/aggre_model.png>
Package pdftex.def Info: fig/aggre_model.png  used on input line 307.
(pdftex.def)             Requested size: 86.72377pt x 95.64977pt.

Underfull \vbox (badness 10000) has occurred while \output is active []

 [4 <./fig/tree_node_message.png>]
Overfull \hbox (102.04922pt too wide) detected at line 329
[]
 []


Overfull \hbox (61.94664pt too wide) detected at line 337
[]
 []

Package hyperref Info: bookmark level for unknown algorithm defaults to 0 on in
put line 351.
[5 <./fig/aggre_node.png> <./fig/aggre_model.png>]
<fig/two_layer_infer.png, id=335, 294.8616pt x 329.0694pt>
File: fig/two_layer_infer.png Graphic file (type png)
<use fig/two_layer_infer.png>
Package pdftex.def Info: fig/two_layer_infer.png  used on input line 389.
(pdftex.def)             Requested size: 75.1625pt x 83.87894pt.
<fig/tree_infer.png, id=336, 461.5644pt x 271.7352pt>
File: fig/tree_infer.png Graphic file (type png)
<use fig/tree_infer.png>
Package pdftex.def Info: fig/tree_infer.png  used on input line 391.
(pdftex.def)             Requested size: 145.6229pt x 85.7297pt.

Overfull \hbox (25.08725pt too wide) detected at line 420
[]
 []

[6 <./fig/two_layer_infer.png> <./fig/tree_infer.png>]
Overfull \hbox (70.7571pt too wide) detected at line 476
[]
 []

Package epstopdf Info: Source file: <fig/sim_box_t.eps>
(epstopdf)                    date: 2021-06-29 10:24:50
(epstopdf)                    size: 15862 bytes
(epstopdf)             Output file: <fig/sim_box_t-eps-converted-to.pdf>
(epstopdf)                    date: 2021-06-29 10:24:50
(epstopdf)                    size: 6075 bytes
(epstopdf)             Command: <repstopdf --outfile=fig/sim_box_t-eps-converte
d-to.pdf fig/sim_box_t.eps>
(epstopdf)             \includegraphics on input line 494.
Package epstopdf Info: Output file is already uptodate.
<fig/sim_box_t-eps-converted-to.pdf, id=384, 562.1pt x 421.575pt>
File: fig/sim_box_t-eps-converted-to.pdf Graphic file (type pdf)
<use fig/sim_box_t-eps-converted-to.pdf>
Package pdftex.def Info: fig/sim_box_t-eps-converted-to.pdf  used on input line
 494.
(pdftex.def)             Requested size: 219.51863pt x 164.63872pt.

Underfull \vbox (badness 10000) has occurred while \output is active []

 [7 <./fig/sim_box_t-eps-converted-to.pdf>]
Overfull \hbox (29.46988pt too wide) in paragraph at lines 528--528
[]|\T1/cmr/bx/n/9 Model|  
 []


Package caption Warning: The option `hypcap=true' will be ignored for this
(caption)                particular \caption on input line 541.
See the caption package documentation for explanation.


Overfull \hbox (241.33629pt too wide) in paragraph at lines 526--541
 [] 
 []

<fig/reconst_Y.png, id=408, 242.9075pt x 62.2325pt>
File: fig/reconst_Y.png Graphic file (type png)
<use fig/reconst_Y.png>
Package pdftex.def Info: fig/reconst_Y.png  used on input line 552.
(pdftex.def)             Requested size: 243.91124pt x 62.48967pt.

Overfull \hbox (9.03374pt too wide) in paragraph at lines 552--554
 [][] 
 []

<fig/tree_mnist.png, id=413, 369.0588pt x 331.9602pt>
File: fig/tree_mnist.png Graphic file (type png)
<use fig/tree_mnist.png>
Package pdftex.def Info: fig/tree_mnist.png  used on input line 570.
(pdftex.def)             Requested size: 121.95561pt x 109.69409pt.
Package epstopdf Info: Source file: <fig/z_Y.eps>
(epstopdf)                    date: 2021-06-29 10:24:50
(epstopdf)                    size: 147496 bytes
(epstopdf)             Output file: <fig/z_Y-eps-converted-to.pdf>
(epstopdf)                    date: 2021-06-29 10:24:50
(epstopdf)                    size: 136403 bytes
(epstopdf)             Command: <repstopdf --outfile=fig/z_Y-eps-converted-to.p
df fig/z_Y.eps>
(epstopdf)             \includegraphics on input line 576.
Package epstopdf Info: Output file is already uptodate.
<fig/z_Y-eps-converted-to.pdf, id=414, 473.77pt x 395.4775pt>
File: fig/z_Y-eps-converted-to.pdf Graphic file (type pdf)
<use fig/z_Y-eps-converted-to.pdf>
Package pdftex.def Info: fig/z_Y-eps-converted-to.pdf  used on input line 576.
(pdftex.def)             Requested size: 121.95561pt x 101.8019pt.
(./main.bbl
Underfull \vbox (badness 2359) has occurred while \output is active []

 [8 <./fig/reconst_Y.png (PNG copy)> <./fig/tree_mnist.png> <./fig/z_Y-eps-conv
erted-to.pdf>]
Underfull \hbox (badness 1331) in paragraph at lines 93--97
[]\T1/cmr/m/n/10 (+20) D. P. Kingma, T. Sal-i-mans, R. Joze-fow-icz,
 []

[9]
Underfull \hbox (badness 1831) in paragraph at lines 169--174
\T1/cmr/m/n/10 (+20) en-tan-gle-ment by non-lin-ear ica with gen-eral
 []

) [10

]
Package epstopdf Info: Source file: <fig/z_no_Y_2.eps>
(epstopdf)                    date: 2021-06-29 10:24:50
(epstopdf)                    size: 147561 bytes
(epstopdf)             Output file: <fig/z_no_Y_2-eps-converted-to.pdf>
(epstopdf)                    date: 2021-06-29 10:24:50
(epstopdf)                    size: 137540 bytes
(epstopdf)             Command: <repstopdf --outfile=fig/z_no_Y_2-eps-converted
-to.pdf fig/z_no_Y_2.eps>
(epstopdf)             \includegraphics on input line 674.
Package epstopdf Info: Output file is already uptodate.
<fig/z_no_Y_2-eps-converted-to.pdf, id=463, 473.77pt x 395.4775pt>
File: fig/z_no_Y_2-eps-converted-to.pdf Graphic file (type pdf)
<use fig/z_no_Y_2-eps-converted-to.pdf>
Package pdftex.def Info: fig/z_no_Y_2-eps-converted-to.pdf  used on input line 
674.
(pdftex.def)             Requested size: 292.69647pt x 244.33661pt.

Underfull \vbox (badness 10000) has occurred while \output is active []

 [11

]
<fig/perturb_dim_6.png, id=471, 242.9075pt x 242.9075pt>
File: fig/perturb_dim_6.png Graphic file (type png)
<use fig/perturb_dim_6.png>
Package pdftex.def Info: fig/perturb_dim_6.png  used on input line 694.
(pdftex.def)             Requested size: 144.54pt x 144.53731pt.
<fig/perturb_dim_19.png, id=472, 242.9075pt x 242.9075pt>
File: fig/perturb_dim_19.png Graphic file (type png)
<use fig/perturb_dim_19.png>
Package pdftex.def Info: fig/perturb_dim_19.png  used on input line 694.
(pdftex.def)             Requested size: 144.54pt x 144.53731pt.
<fig/perturb_dim_60.png, id=473, 242.9075pt x 242.9075pt>
File: fig/perturb_dim_60.png Graphic file (type png)
<use fig/perturb_dim_60.png>
Package pdftex.def Info: fig/perturb_dim_60.png  used on input line 694.
(pdftex.def)             Requested size: 144.54pt x 144.53731pt.
<fig/perturb_dim_92.png, id=474, 242.9075pt x 242.9075pt>
File: fig/perturb_dim_92.png Graphic file (type png)
<use fig/perturb_dim_92.png>
Package pdftex.def Info: fig/perturb_dim_92.png  used on input line 708.
(pdftex.def)             Requested size: 144.54pt x 144.53731pt.
<fig/perturb_dim_119.png, id=475, 242.9075pt x 242.9075pt>
File: fig/perturb_dim_119.png Graphic file (type png)
<use fig/perturb_dim_119.png>
Package pdftex.def Info: fig/perturb_dim_119.png  used on input line 708.
(pdftex.def)             Requested size: 144.54pt x 144.53731pt.
<fig/perturb_dim_157.png, id=476, 242.9075pt x 242.9075pt>
File: fig/perturb_dim_157.png Graphic file (type png)
<use fig/perturb_dim_157.png>
Package pdftex.def Info: fig/perturb_dim_157.png  used on input line 708.
(pdftex.def)             Requested size: 144.54pt x 144.53731pt.

Underfull \vbox (badness 10000) has occurred while \output is active []

 [12 <./fig/z_no_Y_2-eps-converted-to.pdf>] [13 <./fig/perturb_dim_6.png (PNG c
opy)> <./fig/perturb_dim_19.png (PNG copy)> <./fig/perturb_dim_60.png (PNG copy
)> <./fig/perturb_dim_92.png (PNG copy)> <./fig/perturb_dim_119.png (PNG copy)>
 <./fig/perturb_dim_157.png (PNG copy)>]
<fig/tree_message2.png, id=510, 457.2282pt x 365.2044pt>
File: fig/tree_message2.png Graphic file (type png)
<use fig/tree_message2.png>
Package pdftex.def Info: fig/tree_message2.png  used on input line 738.
(pdftex.def)             Requested size: 195.126pt x 155.85344pt.
 [14 <./fig/tree_message2.png>]

Package hyperref Warning: Token not allowed in a PDF string (PDFDocEncoding):
(hyperref)                removing `math shift' on input line 774.


Package hyperref Warning: Token not allowed in a PDF string (PDFDocEncoding):
(hyperref)                removing `math shift' on input line 774.

<fig/dag_aggr.png, id=526, 368.0952pt x 398.4486pt>
File: fig/dag_aggr.png Graphic file (type png)
<use fig/dag_aggr.png>
Package pdftex.def Info: fig/dag_aggr.png  used on input line 826.
(pdftex.def)             Requested size: 112.19708pt x 121.44456pt.

Underfull \vbox (badness 1194) has occurred while \output is active []

 [15]
[16 <./fig/dag_aggr.png>]
<fig/tree_vfg.png, id=556, 459.6372pt x 467.346pt>
File: fig/tree_vfg.png Graphic file (type png)
<use fig/tree_vfg.png>
Package pdftex.def Info: fig/tree_vfg.png  used on input line 908.
(pdftex.def)             Requested size: 130.08621pt x 132.26794pt.
 [17 <./fig/tree_vfg.png>] [18]
<fig/dag.png, id=595, 456.2646pt x 335.8146pt>
File: fig/dag.png Graphic file (type png)
<use fig/dag.png>
Package pdftex.def Info: fig/dag.png  used on input line 1002.
(pdftex.def)             Requested size: 166.2212pt x 122.34328pt.

Underfull \hbox (badness 1874) in paragraph at lines 1014--1014
[]\T1/cmr/m/n/10 (+20) Reconstruction of the
 []


Underfull \hbox (badness 1874) in paragraph at lines 1014--1014
[]\T1/cmr/m/n/10 (+20) Reconstruction of the
 []

[19 <./fig/dag.png>] [20]
Package atveryend Info: Empty hook `BeforeClearDocument' on input line 1152.
 [21] [22]
Package atveryend Info: Empty hook `AfterLastShipout' on input line 1152.
 (./main.aux)
Package atveryend Info: Executing hook `AtVeryEndDocument' on input line 1152.
Package atveryend Info: Executing hook `AtEndAfterFileList' on input line 1152.

Package rerunfilecheck Info: File `main.out' has not changed.
(rerunfilecheck)             Checksum: 5D85088477B3598286B2249BF78479EB;2450.


LaTeX Warning: Label(s) may have changed. Rerun to get cross-references right.

Package atveryend Info: Empty hook `AtVeryVeryEnd' on input line 1152.
 ) 
Here is how much of TeX's memory you used:
 11806 strings out of 492649
 174300 string characters out of 6129622
 323778 words of memory out of 5000000
 15078 multiletter control sequences out of 15000+600000
 32987 words of font info for 166 fonts, out of 8000000 for 9000
 1141 hyphenation exceptions out of 8191
 39i,19n,45p,781b,720s stack positions out of 5000i,500n,10000p,200000b,80000s
{/usr/local/texlive/2018/texmf-dist/fonts/enc/dvips/cm-super/cm-super-t1.enc}
</usr/local/texlive/2018/texmf-dist/fonts/type1/public/amsfonts/cm/cmbx10.pfb><
/usr/local/texlive/2018/texmf-dist/fonts/type1/public/amsfonts/cm/cmbx5.pfb></u
sr/local/texlive/2018/texmf-dist/fonts/type1/public/amsfonts/cm/cmbx6.pfb></usr
/local/texlive/2018/texmf-dist/fonts/type1/public/amsfonts/cm/cmbx7.pfb></usr/l
ocal/texlive/2018/texmf-dist/fonts/type1/public/amsfonts/cm/cmbx9.pfb></usr/loc
al/texlive/2018/texmf-dist/fonts/type1/public/amsfonts/cm/cmex10.pfb></usr/loca
l/texlive/2018/texmf-dist/fonts/type1/public/amsfonts/cmextra/cmex7.pfb></usr/l
ocal/texlive/2018/texmf-dist/fonts/type1/public/amsfonts/cmextra/cmex9.pfb></us
r/local/texlive/2018/texmf-dist/fonts/type1/public/amsfonts/cm/cmmi10.pfb></usr
/local/texlive/2018/texmf-dist/fonts/type1/public/amsfonts/cm/cmmi5.pfb></usr/l
ocal/texlive/2018/texmf-dist/fonts/type1/public/amsfonts/cm/cmmi6.pfb></usr/loc
al/texlive/2018/texmf-dist/fonts/type1/public/amsfonts/cm/cmmi7.pfb></usr/local
/texlive/2018/texmf-dist/fonts/type1/public/amsfonts/cm/cmmi9.pfb></usr/local/t
exlive/2018/texmf-dist/fonts/type1/public/amsfonts/cm/cmr10.pfb></usr/local/tex
live/2018/texmf-dist/fonts/type1/public/amsfonts/cm/cmr5.pfb></usr/local/texliv
e/2018/texmf-dist/fonts/type1/public/amsfonts/cm/cmr6.pfb></usr/local/texlive/2
018/texmf-dist/fonts/type1/public/amsfonts/cm/cmr7.pfb></usr/local/texlive/2018
/texmf-dist/fonts/type1/public/amsfonts/cm/cmr9.pfb></usr/local/texlive/2018/te
xmf-dist/fonts/type1/public/amsfonts/cm/cmsy10.pfb></usr/local/texlive/2018/tex
mf-dist/fonts/type1/public/amsfonts/cm/cmsy5.pfb></usr/local/texlive/2018/texmf
-dist/fonts/type1/public/amsfonts/cm/cmsy6.pfb></usr/local/texlive/2018/texmf-d
ist/fonts/type1/public/amsfonts/cm/cmsy7.pfb></usr/local/texlive/2018/texmf-dis
t/fonts/type1/public/amsfonts/cm/cmsy9.pfb></usr/local/texlive/2018/texmf-dist/
fonts/type1/public/amsfonts/symbols/msam10.pfb></usr/local/texlive/2018/texmf-d
ist/fonts/type1/public/amsfonts/symbols/msam7.pfb></usr/local/texlive/2018/texm
f-dist/fonts/type1/public/amsfonts/symbols/msbm10.pfb></usr/local/texlive/2018/
texmf-dist/fonts/type1/public/amsfonts/symbols/msbm7.pfb></usr/local/texlive/20
18/texmf-dist/fonts/type1/public/cm-super/sfbx0700.pfb></usr/local/texlive/2018
/texmf-dist/fonts/type1/public/cm-super/sfbx0900.pfb></usr/local/texlive/2018/t
exmf-dist/fonts/type1/public/cm-super/sfbx1000.pfb></usr/local/texlive/2018/tex
mf-dist/fonts/type1/public/cm-super/sfbx1200.pfb></usr/local/texlive/2018/texmf
-dist/fonts/type1/public/cm-super/sfbx1440.pfb></usr/local/texlive/2018/texmf-d
ist/fonts/type1/public/cm-super/sfbx1728.pfb></usr/local/texlive/2018/texmf-dis
t/fonts/type1/public/cm-super/sfcc1000.pfb></usr/local/texlive/2018/texmf-dist/
fonts/type1/public/cm-super/sfrm0600.pfb></usr/local/texlive/2018/texmf-dist/fo
nts/type1/public/cm-super/sfrm0900.pfb></usr/local/texlive/2018/texmf-dist/font
s/type1/public/cm-super/sfrm1000.pfb></usr/local/texlive/2018/texmf-dist/fonts/
type1/public/cm-super/sfti1000.pfb>
Output written on main.pdf (22 pages, 1508558 bytes).
PDF statistics:
 801 PDF objects out of 1000 (max. 8388607)
 695 compressed objects within 7 object streams
 193 named destinations out of 1000 (max. 500000)
 24954 words of extra memory for PDF output out of 29859 (max. 10000000)

