\BOOKMARK [1][-]{section.0.1}{Introduction}{}% 1
\BOOKMARK [1][-]{section.0.2}{Incremental Minimization of Finite Sum Nonconvex Functions}{}% 2
\BOOKMARK [1][-]{section.0.3}{Convergence Analysis}{}% 3
\BOOKMARK [1][-]{section.0.4}{Numerical Experiments}{}% 4
\BOOKMARK [2][-]{subsection.0.4.1}{Binary logistic regression with missing values}{section.0.4}% 5
\BOOKMARK [2][-]{subsection.0.4.2}{Training Bayesian CNN using MISSO}{section.0.4}% 6
\BOOKMARK [1][-]{section.0.5}{Conclusion}{}% 7
\BOOKMARK [1][-]{section.0.A}{Proofs of the Theoretical Results}{}% 8
\BOOKMARK [2][-]{subsection.0.A.1}{Proof of Theorem 1}{section.0.A}% 9
\BOOKMARK [2][-]{subsection.0.A.2}{Proof of Theorem 2}{section.0.A}% 10
\BOOKMARK [2][-]{subsection.0.A.3}{Proof of Lemma 1}{section.0.A}% 11
\BOOKMARK [1][-]{section.0.B}{Practical Details for the Binary Logistic Regression on the Traumabase}{}% 12
\BOOKMARK [2][-]{subsection.0.B.1}{Traumabase dataset quantitative variables}{section.0.B}% 13
\BOOKMARK [2][-]{subsection.0.B.2}{Metropolis-Hastings algorithm}{section.0.B}% 14
\BOOKMARK [2][-]{subsection.0.B.3}{MISSO Update}{section.0.B}% 15
\BOOKMARK [2][-]{subsection.0.B.4}{Wall clock time}{section.0.B}% 16
\BOOKMARK [2][-]{subsection.0.B.5}{Plots against the epochs elapsed}{section.0.B}% 17
\BOOKMARK [1][-]{section.0.C}{Practical Details for the Incremental Variational Inference}{}% 18
\BOOKMARK [2][-]{subsection.0.C.1}{Neural Networks Architecture}{section.0.C}% 19
\BOOKMARK [2][-]{subsection.0.C.2}{Algorithms updates}{section.0.C}% 20
\BOOKMARK [2][-]{subsection.0.C.3}{Plots against the epochs elapsed}{section.0.C}% 21
\BOOKMARK [2][-]{subsection.0.C.4}{Wallclock time}{section.0.C}% 22
