This is pdfTeX, Version 3.14159265-2.6-1.40.19 (TeX Live 2018) (preloaded format=pdflatex 2018.7.23)  1 OCT 2020 16:25
entering extended mode
 restricted \write18 enabled.
 file:line:error style messages enabled.
 %&-line parsing enabled.
**mainsketch.tex
(./mainsketch.tex
LaTeX2e <2018-04-01> patch level 2
Babel <3.18> and hyphenation patterns for 84 language(s) loaded.
(/usr/local/texlive/2018/texmf-dist/tex/latex/base/article.cls
Document Class: article 2014/09/29 v1.4h Standard LaTeX document class
(/usr/local/texlive/2018/texmf-dist/tex/latex/base/size10.clo
File: size10.clo 2014/09/29 v1.4h Standard LaTeX file (size option)
)
\c@part=\count80
\c@section=\count81
\c@subsection=\count82
\c@subsubsection=\count83
\c@paragraph=\count84
\c@subparagraph=\count85
\c@figure=\count86
\c@table=\count87
\abovecaptionskip=\skip41
\belowcaptionskip=\skip42
\bibindent=\dimen102
)
(./aistats2021.sty
Package: aistats2021 2020/08/23 AISTATS2021 submission/camera-ready style file

(/usr/local/texlive/2018/texmf-dist/tex/latex/amsmath/amsmath.sty
Package: amsmath 2017/09/02 v2.17a AMS math features
\@mathmargin=\skip43

For additional information on amsmath, use the `?' option.
(/usr/local/texlive/2018/texmf-dist/tex/latex/amsmath/amstext.sty
Package: amstext 2000/06/29 v2.01 AMS text

(/usr/local/texlive/2018/texmf-dist/tex/latex/amsmath/amsgen.sty
File: amsgen.sty 1999/11/30 v2.0 generic functions
\@emptytoks=\toks14
\ex@=\dimen103
))
(/usr/local/texlive/2018/texmf-dist/tex/latex/amsmath/amsbsy.sty
Package: amsbsy 1999/11/29 v1.2d Bold Symbols
\pmbraise@=\dimen104
)
(/usr/local/texlive/2018/texmf-dist/tex/latex/amsmath/amsopn.sty
Package: amsopn 2016/03/08 v2.02 operator names
)
\inf@bad=\count88
LaTeX Info: Redefining \frac on input line 213.
\uproot@=\count89
\leftroot@=\count90
LaTeX Info: Redefining \overline on input line 375.
\classnum@=\count91
\DOTSCASE@=\count92
LaTeX Info: Redefining \ldots on input line 472.
LaTeX Info: Redefining \dots on input line 475.
LaTeX Info: Redefining \cdots on input line 596.
\Mathstrutbox@=\box26
\strutbox@=\box27
\big@size=\dimen105
LaTeX Font Info:    Redeclaring font encoding OML on input line 712.
LaTeX Font Info:    Redeclaring font encoding OMS on input line 713.
\macc@depth=\count93
\c@MaxMatrixCols=\count94
\dotsspace@=\muskip10
\c@parentequation=\count95
\dspbrk@lvl=\count96
\tag@help=\toks15
\row@=\count97
\column@=\count98
\maxfields@=\count99
\andhelp@=\toks16
\eqnshift@=\dimen106
\alignsep@=\dimen107
\tagshift@=\dimen108
\tagwidth@=\dimen109
\totwidth@=\dimen110
\lineht@=\dimen111
\@envbody=\toks17
\multlinegap=\skip44
\multlinetaggap=\skip45
\mathdisplay@stack=\toks18
LaTeX Info: Redefining \[ on input line 2817.
LaTeX Info: Redefining \] on input line 2818.
)
\titlebox=\skip46

(./fancyhdr.sty
\fancy@headwidth=\skip47
\f@ncyO@elh=\skip48
\f@ncyO@erh=\skip49
\f@ncyO@olh=\skip50
\f@ncyO@orh=\skip51
\f@ncyO@elf=\skip52
\f@ncyO@erf=\skip53
\f@ncyO@olf=\skip54
\f@ncyO@orf=\skip55
)
\titrun=\box28
\autrun=\box29
)
(/usr/local/texlive/2018/texmf-dist/tex/latex/booktabs/booktabs.sty
Package: booktabs 2016/04/27 v1.618033 publication quality tables
\heavyrulewidth=\dimen112
\lightrulewidth=\dimen113
\cmidrulewidth=\dimen114
\belowrulesep=\dimen115
\belowbottomsep=\dimen116
\aboverulesep=\dimen117
\abovetopsep=\dimen118
\cmidrulesep=\dimen119
\cmidrulekern=\dimen120
\defaultaddspace=\dimen121
\@cmidla=\count100
\@cmidlb=\count101
\@aboverulesep=\dimen122
\@belowrulesep=\dimen123
\@thisruleclass=\count102
\@lastruleclass=\count103
\@thisrulewidth=\dimen124
)
(/usr/local/texlive/2018/texmf-dist/tex/latex/amsfonts/amsfonts.sty
Package: amsfonts 2013/01/14 v3.01 Basic AMSFonts support
\symAMSa=\mathgroup4
\symAMSb=\mathgroup5
LaTeX Font Info:    Overwriting math alphabet `\mathfrak' in version `bold'
(Font)                  U/euf/m/n --> U/euf/b/n on input line 106.
)
(/usr/local/texlive/2018/texmf-dist/tex/latex/graphics/graphicx.sty
Package: graphicx 2017/06/01 v1.1a Enhanced LaTeX Graphics (DPC,SPQR)

(/usr/local/texlive/2018/texmf-dist/tex/latex/graphics/keyval.sty
Package: keyval 2014/10/28 v1.15 key=value parser (DPC)
\KV@toks@=\toks19
)
(/usr/local/texlive/2018/texmf-dist/tex/latex/graphics/graphics.sty
Package: graphics 2017/06/25 v1.2c Standard LaTeX Graphics (DPC,SPQR)

(/usr/local/texlive/2018/texmf-dist/tex/latex/graphics/trig.sty
Package: trig 2016/01/03 v1.10 sin cos tan (DPC)
)
(/usr/local/texlive/2018/texmf-dist/tex/latex/graphics-cfg/graphics.cfg
File: graphics.cfg 2016/06/04 v1.11 sample graphics configuration
)
Package graphics Info: Driver file: pdftex.def on input line 99.

(/usr/local/texlive/2018/texmf-dist/tex/latex/graphics-def/pdftex.def
File: pdftex.def 2018/01/08 v1.0l Graphics/color driver for pdftex
))
\Gin@req@height=\dimen125
\Gin@req@width=\dimen126
)
(/usr/local/texlive/2018/texmf-dist/tex/latex/amscls/amsthm.sty
Package: amsthm 2017/10/31 v2.20.4
\thm@style=\toks20
\thm@bodyfont=\toks21
\thm@headfont=\toks22
\thm@notefont=\toks23
\thm@headpunct=\toks24
\thm@preskip=\skip56
\thm@postskip=\skip57
\thm@headsep=\skip58
\dth@everypar=\toks25
)
(/usr/local/texlive/2018/texmf-dist/tex/latex/amsfonts/amssymb.sty
Package: amssymb 2013/01/14 v3.01 AMS font symbols
)
(/usr/local/texlive/2018/texmf-dist/tex/latex/multirow/multirow.sty
Package: multirow 2016/11/25 v2.2 Span multiple rows of a table
\multirow@colwidth=\skip59
\multirow@cntb=\count104
\multirow@dima=\skip60
\bigstrutjot=\dimen127
)
(/usr/local/texlive/2018/texmf-dist/tex/latex/makecell/makecell.sty
Package: makecell 2009/08/03 V0.1e Managing of Tab Column Heads and Cells

(/usr/local/texlive/2018/texmf-dist/tex/latex/tools/array.sty
Package: array 2018/04/07 v2.4g Tabular extension package (FMi)
\col@sep=\dimen128
\ar@mcellbox=\box30
\extrarowheight=\dimen129
\NC@list=\toks26
\extratabsurround=\skip61
\backup@length=\skip62
\ar@cellbox=\box31
)
\rotheadsize=\dimen130
\c@nlinenum=\count105
\TeXr@lab=\toks27
)
(/usr/local/texlive/2018/texmf-dist/tex/latex/algorithmicx/algpseudocode.sty
Package: algpseudocode 

(/usr/local/texlive/2018/texmf-dist/tex/latex/base/ifthen.sty
Package: ifthen 2014/09/29 v1.1c Standard LaTeX ifthen package (DPC)
)
(/usr/local/texlive/2018/texmf-dist/tex/latex/algorithmicx/algorithmicx.sty
Package: algorithmicx 2005/04/27 v1.2 Algorithmicx

Document Style algorithmicx 1.2 - a greatly improved `algorithmic' style
\c@ALG@line=\count106
\c@ALG@rem=\count107
\c@ALG@nested=\count108
\ALG@tlm=\skip63
\ALG@thistlm=\skip64
\c@ALG@Lnr=\count109
\c@ALG@blocknr=\count110
\c@ALG@storecount=\count111
\c@ALG@tmpcounter=\count112
\ALG@tmplength=\skip65
)
Document Style - pseudocode environments for use with the `algorithmicx' style
) (/usr/local/texlive/2018/texmf-dist/tex/latex/algorithms/algorithm.sty
Package: algorithm 2009/08/24 v0.1 Document Style `algorithm' - floating enviro
nment

(/usr/local/texlive/2018/texmf-dist/tex/latex/float/float.sty
Package: float 2001/11/08 v1.3d Float enhancements (AL)
\c@float@type=\count113
\float@exts=\toks28
\float@box=\box32
\@float@everytoks=\toks29
\@floatcapt=\box33
)
\@float@every@algorithm=\toks30
\c@algorithm=\count114
)
(/usr/local/texlive/2018/texmf-dist/tex/latex/hyperref/hyperref.sty
Package: hyperref 2018/02/06 v6.86b Hypertext links for LaTeX

(/usr/local/texlive/2018/texmf-dist/tex/generic/oberdiek/hobsub-hyperref.sty
Package: hobsub-hyperref 2016/05/16 v1.14 Bundle oberdiek, subset hyperref (HO)


(/usr/local/texlive/2018/texmf-dist/tex/generic/oberdiek/hobsub-generic.sty
Package: hobsub-generic 2016/05/16 v1.14 Bundle oberdiek, subset generic (HO)
Package: hobsub 2016/05/16 v1.14 Construct package bundles (HO)
Package: infwarerr 2016/05/16 v1.4 Providing info/warning/error messages (HO)
Package: ltxcmds 2016/05/16 v1.23 LaTeX kernel commands for general use (HO)
Package: ifluatex 2016/05/16 v1.4 Provides the ifluatex switch (HO)
Package ifluatex Info: LuaTeX not detected.
Package: ifvtex 2016/05/16 v1.6 Detect VTeX and its facilities (HO)
Package ifvtex Info: VTeX not detected.
Package: intcalc 2016/05/16 v1.2 Expandable calculations with integers (HO)
Package: ifpdf 2017/03/15 v3.2 Provides the ifpdf switch
Package: etexcmds 2016/05/16 v1.6 Avoid name clashes with e-TeX commands (HO)
Package etexcmds Info: Could not find \expanded.
(etexcmds)             That can mean that you are not using pdfTeX 1.50 or
(etexcmds)             that some package has redefined \expanded.
(etexcmds)             In the latter case, load this package earlier.
Package: kvsetkeys 2016/05/16 v1.17 Key value parser (HO)
Package: kvdefinekeys 2016/05/16 v1.4 Define keys (HO)
Package: pdftexcmds 2018/01/30 v0.27 Utility functions of pdfTeX for LuaTeX (HO
)
Package pdftexcmds Info: LuaTeX not detected.
Package pdftexcmds Info: \pdf@primitive is available.
Package pdftexcmds Info: \pdf@ifprimitive is available.
Package pdftexcmds Info: \pdfdraftmode found.
Package: pdfescape 2016/05/16 v1.14 Implements pdfTeX's escape features (HO)
Package: bigintcalc 2016/05/16 v1.4 Expandable calculations on big integers (HO
)
Package: bitset 2016/05/16 v1.2 Handle bit-vector datatype (HO)
Package: uniquecounter 2016/05/16 v1.3 Provide unlimited unique counter (HO)
)
Package hobsub Info: Skipping package `hobsub' (already loaded).
Package: letltxmacro 2016/05/16 v1.5 Let assignment for LaTeX macros (HO)
Package: hopatch 2016/05/16 v1.3 Wrapper for package hooks (HO)
Package: xcolor-patch 2016/05/16 xcolor patch
Package: atveryend 2016/05/16 v1.9 Hooks at the very end of document (HO)
Package atveryend Info: \enddocument detected (standard20110627).
Package: atbegshi 2016/06/09 v1.18 At begin shipout hook (HO)
Package: refcount 2016/05/16 v3.5 Data extraction from label references (HO)
Package: hycolor 2016/05/16 v1.8 Color options for hyperref/bookmark (HO)
)
(/usr/local/texlive/2018/texmf-dist/tex/generic/ifxetex/ifxetex.sty
Package: ifxetex 2010/09/12 v0.6 Provides ifxetex conditional
)
(/usr/local/texlive/2018/texmf-dist/tex/latex/oberdiek/auxhook.sty
Package: auxhook 2016/05/16 v1.4 Hooks for auxiliary files (HO)
)
(/usr/local/texlive/2018/texmf-dist/tex/latex/oberdiek/kvoptions.sty
Package: kvoptions 2016/05/16 v3.12 Key value format for package options (HO)
)
\@linkdim=\dimen131
\Hy@linkcounter=\count115
\Hy@pagecounter=\count116

(/usr/local/texlive/2018/texmf-dist/tex/latex/hyperref/pd1enc.def
File: pd1enc.def 2018/02/06 v6.86b Hyperref: PDFDocEncoding definition (HO)
Now handling font encoding PD1 ...
... no UTF-8 mapping file for font encoding PD1
)
\Hy@SavedSpaceFactor=\count117

(/usr/local/texlive/2018/texmf-dist/tex/latex/latexconfig/hyperref.cfg
File: hyperref.cfg 2002/06/06 v1.2 hyperref configuration of TeXLive
)
Package hyperref Info: Option `colorlinks' set `true' on input line 4383.
Package hyperref Info: Hyper figures OFF on input line 4509.
Package hyperref Info: Link nesting OFF on input line 4514.
Package hyperref Info: Hyper index ON on input line 4517.
Package hyperref Info: Plain pages OFF on input line 4524.
Package hyperref Info: Backreferencing OFF on input line 4529.
Package hyperref Info: Implicit mode ON; LaTeX internals redefined.
Package hyperref Info: Bookmarks ON on input line 4762.
\c@Hy@tempcnt=\count118

(/usr/local/texlive/2018/texmf-dist/tex/latex/url/url.sty
\Urlmuskip=\muskip11
Package: url 2013/09/16  ver 3.4  Verb mode for urls, etc.
)
LaTeX Info: Redefining \url on input line 5115.
\XeTeXLinkMargin=\dimen132
\Fld@menulength=\count119
\Field@Width=\dimen133
\Fld@charsize=\dimen134
Package hyperref Info: Hyper figures OFF on input line 6369.
Package hyperref Info: Link nesting OFF on input line 6374.
Package hyperref Info: Hyper index ON on input line 6377.
Package hyperref Info: backreferencing OFF on input line 6384.
Package hyperref Info: Link coloring ON on input line 6387.
Package hyperref Info: Link coloring with OCG OFF on input line 6394.
Package hyperref Info: PDF/A mode OFF on input line 6399.
LaTeX Info: Redefining \ref on input line 6439.
LaTeX Info: Redefining \pageref on input line 6443.
\Hy@abspage=\count120
\c@Item=\count121
\c@Hfootnote=\count122
)
Package hyperref Info: Driver (autodetected): hpdftex.

(/usr/local/texlive/2018/texmf-dist/tex/latex/hyperref/hpdftex.def
File: hpdftex.def 2018/02/06 v6.86b Hyperref driver for pdfTeX
\Fld@listcount=\count123
\c@bookmark@seq@number=\count124

(/usr/local/texlive/2018/texmf-dist/tex/latex/oberdiek/rerunfilecheck.sty
Package: rerunfilecheck 2016/05/16 v1.8 Rerun checks for auxiliary files (HO)
Package uniquecounter Info: New unique counter `rerunfilecheck' on input line 2
82.
)
\Hy@SectionHShift=\skip66
)
(/usr/local/texlive/2018/texmf-dist/tex/latex/caption/caption.sty
Package: caption 2016/02/21 v3.3-144 Customizing captions (AR)

(/usr/local/texlive/2018/texmf-dist/tex/latex/caption/caption3.sty
Package: caption3 2016/05/22 v1.7-166 caption3 kernel (AR)
Package caption3 Info: TeX engine: e-TeX on input line 67.
\captionmargin=\dimen135
\captionmargin@=\dimen136
\captionwidth=\dimen137
\caption@tempdima=\dimen138
\caption@indent=\dimen139
\caption@parindent=\dimen140
\caption@hangindent=\dimen141
)
\c@ContinuedFloat=\count125
Package caption Info: float package is loaded.
Package caption Info: hyperref package is loaded.
)
(/usr/local/texlive/2018/texmf-dist/tex/latex/geometry/geometry.sty
Package: geometry 2018/03/24 v5.7 Page Geometry
\Gm@cnth=\count126
\Gm@cntv=\count127
\c@Gm@tempcnt=\count128
\Gm@bindingoffset=\dimen142
\Gm@wd@mp=\dimen143
\Gm@odd@mp=\dimen144
\Gm@even@mp=\dimen145
\Gm@layoutwidth=\dimen146
\Gm@layoutheight=\dimen147
\Gm@layouthoffset=\dimen148
\Gm@layoutvoffset=\dimen149
\Gm@dimlist=\toks31
)
(/usr/local/texlive/2018/texmf-dist/tex/latex/subfigure/subfigure.sty
Package: subfigure 2002/03/15 v2.1.5 subfigure package
\subfigtopskip=\skip67
\subfigcapskip=\skip68
\subfigcaptopadj=\dimen150
\subfigbottomskip=\skip69
\subfigcapmargin=\dimen151
\subfiglabelskip=\skip70
\c@subfigure=\count129
\c@lofdepth=\count130
\c@subtable=\count131
\c@lotdepth=\count132

****************************************
* Local config file subfigure.cfg used *
****************************************
(/usr/local/texlive/2018/texmf-dist/tex/latex/subfigure/subfigure.cfg)
\subfig@top=\skip71
\subfig@bottom=\skip72
)
(/usr/local/texlive/2018/texmf-dist/tex/latex/psnfss/pifont.sty
Package: pifont 2005/04/12 PSNFSS-v9.2a Pi font support (SPQR) 
LaTeX Font Info:    Try loading font information for U+pzd on input line 63.

(/usr/local/texlive/2018/texmf-dist/tex/latex/psnfss/upzd.fd
File: upzd.fd 2001/06/04 font definitions for U/pzd.
)
LaTeX Font Info:    Try loading font information for U+psy on input line 64.

(/usr/local/texlive/2018/texmf-dist/tex/latex/psnfss/upsy.fd
File: upsy.fd 2001/06/04 font definitions for U/psy.
))
(/usr/local/texlive/2018/texmf-dist/tex/latex/mathtools/mathtools.sty
Package: mathtools 2018/01/08 v1.21 mathematical typesetting tools

(/usr/local/texlive/2018/texmf-dist/tex/latex/tools/calc.sty
Package: calc 2017/05/25 v4.3 Infix arithmetic (KKT,FJ)
\calc@Acount=\count133
\calc@Bcount=\count134
\calc@Adimen=\dimen152
\calc@Bdimen=\dimen153
\calc@Askip=\skip73
\calc@Bskip=\skip74
LaTeX Info: Redefining \setlength on input line 80.
LaTeX Info: Redefining \addtolength on input line 81.
\calc@Ccount=\count135
\calc@Cskip=\skip75
)
(/usr/local/texlive/2018/texmf-dist/tex/latex/mathtools/mhsetup.sty
Package: mhsetup 2017/03/31 v1.3 programming setup (MH)
)
LaTeX Info: Thecontrolsequence`\('isalreadyrobust on input line 129.
LaTeX Info: Thecontrolsequence`\)'isalreadyrobust on input line 129.
LaTeX Info: Thecontrolsequence`\['isalreadyrobust on input line 129.
LaTeX Info: Thecontrolsequence`\]'isalreadyrobust on input line 129.
\g_MT_multlinerow_int=\count136
\l_MT_multwidth_dim=\dimen154
\origjot=\skip76
\l_MT_shortvdotswithinadjustabove_dim=\dimen155
\l_MT_shortvdotswithinadjustbelow_dim=\dimen156
\l_MT_above_intertext_sep=\dimen157
\l_MT_below_intertext_sep=\dimen158
\l_MT_above_shortintertext_sep=\dimen159
\l_MT_below_shortintertext_sep=\dimen160
)
\c@theorem=\count137
\c@lemma=\count138
\c@remark=\count139
\c@assumption=\count140
\c@proposition=\count141
\c@property=\count142
\c@corollary=\count143
\c@definition=\count144

(./mainsketch.aux)
\openout1 = `mainsketch.aux'.

LaTeX Font Info:    Checking defaults for OML/cmm/m/it on input line 62.
LaTeX Font Info:    ... okay on input line 62.
LaTeX Font Info:    Checking defaults for T1/cmr/m/n on input line 62.
LaTeX Font Info:    ... okay on input line 62.
LaTeX Font Info:    Checking defaults for OT1/cmr/m/n on input line 62.
LaTeX Font Info:    ... okay on input line 62.
LaTeX Font Info:    Checking defaults for OMS/cmsy/m/n on input line 62.
LaTeX Font Info:    ... okay on input line 62.
LaTeX Font Info:    Checking defaults for OMX/cmex/m/n on input line 62.
LaTeX Font Info:    ... okay on input line 62.
LaTeX Font Info:    Checking defaults for U/cmr/m/n on input line 62.
LaTeX Font Info:    ... okay on input line 62.
LaTeX Font Info:    Checking defaults for PD1/pdf/m/n on input line 62.
LaTeX Font Info:    ... okay on input line 62.

(/usr/local/texlive/2018/texmf-dist/tex/context/base/mkii/supp-pdf.mkii
[Loading MPS to PDF converter (version 2006.09.02).]
\scratchcounter=\count145
\scratchdimen=\dimen161
\scratchbox=\box34
\nofMPsegments=\count146
\nofMParguments=\count147
\everyMPshowfont=\toks32
\MPscratchCnt=\count148
\MPscratchDim=\dimen162
\MPnumerator=\count149
\makeMPintoPDFobject=\count150
\everyMPtoPDFconversion=\toks33
) (/usr/local/texlive/2018/texmf-dist/tex/latex/oberdiek/epstopdf-base.sty
Package: epstopdf-base 2016/05/15 v2.6 Base part for package epstopdf

(/usr/local/texlive/2018/texmf-dist/tex/latex/oberdiek/grfext.sty
Package: grfext 2016/05/16 v1.2 Manage graphics extensions (HO)
)
Package epstopdf-base Info: Redefining graphics rule for `.eps' on input line 4
38.
Package grfext Info: Graphics extension search list:
(grfext)             [.pdf,.png,.jpg,.mps,.jpeg,.jbig2,.jb2,.PDF,.PNG,.JPG,.JPE
G,.JBIG2,.JB2,.eps]
(grfext)             \AppendGraphicsExtensions on input line 456.

(/usr/local/texlive/2018/texmf-dist/tex/latex/latexconfig/epstopdf-sys.cfg
File: epstopdf-sys.cfg 2010/07/13 v1.3 Configuration of (r)epstopdf for TeX Liv
e
))
\AtBeginShipoutBox=\box35

(/usr/local/texlive/2018/texmf-dist/tex/latex/graphics/color.sty
Package: color 2016/07/10 v1.1e Standard LaTeX Color (DPC)

(/usr/local/texlive/2018/texmf-dist/tex/latex/graphics-cfg/color.cfg
File: color.cfg 2016/01/02 v1.6 sample color configuration
)
Package color Info: Driver file: pdftex.def on input line 147.
)
Package hyperref Info: Link coloring ON on input line 62.

(/usr/local/texlive/2018/texmf-dist/tex/latex/hyperref/nameref.sty
Package: nameref 2016/05/21 v2.44 Cross-referencing by name of section

(/usr/local/texlive/2018/texmf-dist/tex/generic/oberdiek/gettitlestring.sty
Package: gettitlestring 2016/05/16 v1.5 Cleanup title references (HO)
)
\c@section@level=\count151
)
LaTeX Info: Redefining \ref on input line 62.
LaTeX Info: Redefining \pageref on input line 62.
LaTeX Info: Redefining \nameref on input line 62.

(./mainsketch.out) (./mainsketch.out)
\@outlinefile=\write3
\openout3 = `mainsketch.out'.

Package caption Info: Begin \AtBeginDocument code.
Package caption Info: subfigure package is loaded.
Package caption Info: End \AtBeginDocument code.

*geometry* driver: auto-detecting
*geometry* detected driver: pdftex
*geometry* verbose mode - [ preamble ] result:
* driver: pdftex
* paper: <default>
* layout: <same size as paper>
* layoutoffset:(h,v)=(0.0pt,0.0pt)
* modes: twoside 
* h-part:(L,W,R)=(72.26999pt, 469.75502pt, 72.26999pt)
* v-part:(T,H,B)=(72.26999pt, 650.43001pt, 72.26999pt)
* \paperwidth=614.295pt
* \paperheight=794.96999pt
* \textwidth=469.75502pt
* \textheight=650.43001pt
* \oddsidemargin=0.0pt
* \evensidemargin=0.0pt
* \topmargin=-25.0pt
* \headheight=10.0pt
* \headsep=15.0pt
* \topskip=10.0pt
* \footskip=0.0pt
* \marginparwidth=121.0pt
* \marginparsep=11.0pt
* \columnsep=18.06749pt
* \skip\footins=9.0pt plus 4.0pt minus 2.0pt
* \hoffset=0.0pt
* \voffset=0.0pt
* \mag=1000
* \@twocolumntrue
* \@twosidetrue
* \@mparswitchtrue
* \@reversemarginfalse
* (1in=72.27pt=25.4mm, 1cm=28.453pt)

LaTeX Font Info:    Font shape `OT1/cmtt/bx/n' in size <20.74> not available
(Font)              Font shape `OT1/cmtt/m/n' tried instead on input line 84.
LaTeX Font Info:    Try loading font information for U+msa on input line 84.
(/usr/local/texlive/2018/texmf-dist/tex/latex/amsfonts/umsa.fd
File: umsa.fd 2013/01/14 v3.01 AMS symbols A
)
LaTeX Font Info:    Try loading font information for U+msb on input line 84.

(/usr/local/texlive/2018/texmf-dist/tex/latex/amsfonts/umsb.fd
File: umsb.fd 2013/01/14 v3.01 AMS symbols B
)
Overfull \hbox (14.15623pt too wide) in paragraph at lines 86--86
 [] 
 []


Underfull \hbox (badness 1173) in paragraph at lines 87--91
[]\OT1/cmr/m/n/10 Communication com-plex-ity and pri-vacy
 []


Underfull \vbox (badness 10000) has occurred while \output is active []

 [1{/usr/local/texlive/2018/texmf-var/fonts/map/pdftex/updmap/pdftex.map}



]
LaTeX Font Info:    Try loading font information for OMS+cmr on input line 128.


(/usr/local/texlive/2018/texmf-dist/tex/latex/base/omscmr.fd
File: omscmr.fd 2014/09/29 v2.5h Standard LaTeX font definitions
)
LaTeX Font Info:    Font shape `OMS/cmr/m/n' in size <10> not available
(Font)              Font shape `OMS/cmsy/m/n' tried instead on input line 128.

Underfull \vbox (badness 10000) has occurred while \output is active []


Underfull \hbox (badness 10000) in paragraph at lines 130--132
[]\OT1/cmr/m/n/10 We de-velop a gen-eral al-go-rithm for
 []


Underfull \hbox (badness 10000) in paragraph at lines 130--132
\OT1/cmr/m/n/10 communication-efficient and pri-vacy pre-
 []


Underfull \hbox (badness 5064) in paragraph at lines 130--132
\OT1/cmr/m/n/10 com-pres-sion al-go-rithm. Those meth-ods,
 []

[2]
Underfull \vbox (badness 10000) has occurred while \output is active []

Package hyperref Info: bookmark level for unknown algorithm defaults to 0 on in
put line 192.

Underfull \hbox (badness 1406) in paragraph at lines 194--195
[]\OT1/cmr/bx/n/10 In-puts: $[] \OMS/cmsy/m/n/10 2 \U/msb/m/n/10 R[]\OML/cmm/m/
it/10 ; t; k; \OT1/cmr/bx/n/10 S[]\OML/cmm/m/it/10 ; h[]\OT1/cmr/m/n/10 (1 \OMS
/cmsy/m/n/10 ^^T \OML/cmm/m/it/10 i \OMS/cmsy/m/n/10 ^^T
 []

[3]
Underfull \hbox (badness 1102) in paragraph at lines 233--234
[]\OT1/cmr/bx/n/10 In-puts: $[] \OMS/cmsy/m/n/10 2 \U/msb/m/n/10 R[]\OML/cmm/m/
it/10 ; t; m; \OT1/cmr/bx/n/10 S[]\OML/cmm/m/it/10 ; h[]\OT1/cmr/m/n/10 (1 \OMS
/cmsy/m/n/10 ^^T \OML/cmm/m/it/10 i \OMS/cmsy/m/n/10 ^^T
 []


Underfull \hbox (badness 10000) in paragraph at lines 285--286
[][]\OT1/cmr/bx/n/10 Theorem 1 \OT1/cmr/m/n/10 ($\OML/cmm/m/it/10 ^^O\OMS/cmsy/
m/n/10 ^^@$ \OT1/cmr/m/n/10 dif-fer-en-tial pri-vacy of
 []


Underfull \hbox (badness 10000) in paragraph at lines 285--286
\OT1/cmr/m/n/10 count sketch, [[]])\OT1/cmr/bx/n/10 . []\OT1/cmr/m/it/10 For a 
sketch-ing al-go-
 []


Underfull \hbox (badness 1460) in paragraph at lines 285--286
\OT1/cmr/m/it/10 rithm $\OMS/cmsy/m/n/10 O$ \OT1/cmr/m/it/10 us-ing Count Sketc
h $\OT1/cmr/bx/n/10 S[]$ \OT1/cmr/m/it/10 with $\OML/cmm/m/it/10 t$ \OT1/cmr/m/
it/10 ar-
 []


Underfull \hbox (badness 1803) in paragraph at lines 285--286
\OT1/cmr/m/it/10 rays of $\OML/cmm/m/it/10 m$ \OT1/cmr/m/it/10 bins, for any in
-put vec-tor $\OML/cmm/m/it/10 S$ \OT1/cmr/m/it/10 with
 []


Underfull \hbox (badness 3354) in paragraph at lines 285--286
\OT1/cmr/m/it/10 length $\OML/cmm/m/it/10 l$ \OT1/cmr/m/it/10 sat-is-fy-ing As-
sump-tion [][]1[][], $\OMS/cmsy/m/n/10 O$ \OT1/cmr/m/it/10 achieves
 []


Underfull \hbox (badness 10000) in paragraph at lines 285--286
\OML/cmm/m/it/10 t: [] [] \OMS/cmsy/m/n/10 ^^@$\OT1/cmr/m/it/10 differential
 []

[4]
Underfull \hbox (badness 2564) in paragraph at lines 327--328
[][]\OT1/cmr/bx/n/10 Lemma 2 \OT1/cmr/m/n/10 ([[]])\OT1/cmr/bx/n/10 . []\OT1/cm
tt/m/it/10 HEAVYMIX\OT1/cmr/m/it/10 , with sketch size
 []


Underfull \vbox (badness 1303) has occurred while \output is active []


Underfull \hbox (badness 1102) in paragraph at lines 349--350
[]\OT1/cmr/bx/n/10 In-puts: $[] \OMS/cmsy/m/n/10 2 \U/msb/m/n/10 R[]\OML/cmm/m/
it/10 ; t; m; \OT1/cmr/bx/n/10 S[]\OML/cmm/m/it/10 ; h[]\OT1/cmr/m/n/10 (1 \OMS
/cmsy/m/n/10 ^^T \OML/cmm/m/it/10 i \OMS/cmsy/m/n/10 ^^T
 []

LaTeX Font Info:    Font shape `OT1/cmtt/bx/n' in size <10> not available
(Font)              Font shape `OT1/cmtt/m/n' tried instead on input line 350.

Underfull \hbox (badness 10000) in paragraph at lines 352--354
[]\OT1/cmr/bx/n/10 Out-put: $[] [] \OT1/cmr/m/n/10 +
 []


Underfull \hbox (badness 1062) in paragraph at lines 378--381
\OT1/cmr/m/n/10 to com-press com-mu-ni-ca-tion. The main dif-fer-
 []

[5]
Underfull \hbox (badness 10000) in paragraph at lines 383--384
\OT1/cmr/m/n/10 where $[] \U/msa/m/n/10 , \OMS/cmsy/m/n/10 r\OML/cmm/m/it/10 f[
]\OT1/cmr/m/n/10 ([][]\OML/cmm/m/it/10 ; \OT1/cmr/m/n/10 ^^D[]) \U/msa/m/n/10 ,

 []


Underfull \hbox (badness 10000) in paragraph at lines 383--384
[] [][] \OMS/cmsy/m/n/10 r\OML/cmm/m/it/10 L[]\OT1/cmr/m/n/10 ([][]\OML/cmm/m/i
t/10 ; ^^X\OT1/cmr/m/n/10 )$ is a stochas-tic gra-
 []


Underfull \hbox (badness 7221) in paragraph at lines 383--384
\OT1/cmr/m/n/10 di-ent of $\OML/cmm/m/it/10 f[]$ \OT1/cmr/m/n/10 eval-u-ated us
-ing the mini-batch
 []


Underfull \hbox (badness 1082) in paragraph at lines 383--384
\OT1/cmr/m/n/10 ^^D[] = \OMS/cmsy/m/n/10 f\OML/cmm/m/it/10 ^^X[]; [] ; ^^X[]\OM
S/cmsy/m/n/10 g$ \OT1/cmr/m/n/10 of size $\OML/cmm/m/it/10 b[]$ \OT1/cmr/m/n/10
 and $\OML/cmm/m/it/10 ^^Q$ \OT1/cmr/m/n/10 is
 []


Overfull \hbox (67.04875pt too wide) detected at line 384
\OT1/cmr/bx/n/10 S[] \U/msa/m/n/10 , \OT1/cmr/bx/n/10 S[] [] \OT1/cmr/m/n/10 = 
\OT1/cmr/bx/n/10 S[] [] \OT1/cmr/m/n/10 = \OML/cmm/m/it/10 ^^Q\OT1/cmr/bx/n/10 
S[] []  \OML/cmm/m/it/10 ;
 []


Underfull \hbox (badness 10000) in paragraph at lines 422--423
[]$   $\OT1/cmr/m/n/10 Device $\OML/cmm/m/it/10 j$ \OT1/cmr/m/n/10 sends $\OT1/
cmr/bx/n/10 S[] \U/msa/m/n/10 ,
 []


Underfull \vbox (badness 10000) has occurred while \output is active []

 [6]
Underfull \hbox (badness 1515) in paragraph at lines 443--446
\OT1/cmr/m/n/10 based on sketch-ing. This al-go-rithm uses the
 []


Underfull \hbox (badness 10000) in paragraph at lines 443--446
\OT1/cmr/bx/n/10 c[] \OMS/cmsy/m/n/10 ^^@ [] []$
 []


Underfull \hbox (badness 3271) in paragraph at lines 443--446
\OT1/cmr/m/n/10 puted and stored at de-vice $\OML/cmm/m/it/10 j$ \OT1/cmr/m/n/1
0 from pre-vi-ous
 []


Underfull \hbox (badness 4013) in paragraph at lines 443--446
\OT1/cmtt/m/n/10 FedSKETCHGATE\OT1/cmr/m/n/10 , the server needs to com-pute
 []


Underfull \hbox (badness 5022) in paragraph at lines 443--446
[]$ \OT1/cmr/m/n/10 us-ing []. Then, de-vice $\OML/cmm/m/it/10 j$ \OT1/cmr/m/n/
10 com-putes
 []


Underfull \hbox (badness 10000) in paragraph at lines 454--455
[]$  $ \OT1/cmr/m/n/10 Set $\OT1/cmr/bx/n/10 c[] \OT1/cmr/m/n/10 = \OT1/cmr/bx/
n/10 c[] \OMS/cmsy/m/n/10 ^^@
 []


Underfull \hbox (badness 10000) in paragraph at lines 467--468
[]$   $\OT1/cmr/m/n/10 Device $\OML/cmm/m/it/10 j$ \OT1/cmr/m/n/10 sends $\OT1/
cmr/bx/n/10 S[] \U/msa/m/n/10 ,
 []


Underfull \hbox (badness 10000) in paragraph at lines 472--473
[]$   $ \OT1/cmr/m/n/10 De-vice $\OML/cmm/m/it/10 j$ \OT1/cmr/m/n/10 com-putes 
$\OT1/cmr/bx/n/10 ^^H[] \U/msa/m/n/10 ,
 []

[7]
LaTeX Font Info:    Font shape `OMS/cmr/m/it' in size <10> not available
(Font)              Font shape `OMS/cmsy/m/n' tried instead on input line 518.

Underfull \hbox (badness 10000) in paragraph at lines 522--524
[]\OT1/cmr/m/it/10 For \OT1/cmtt/m/it/10 FedSKETCH-HEAPRIX \OT1/cmr/m/it/10 al-
go-
 []


Underfull \hbox (badness 10000) in paragraph at lines 522--524
\OT1/cmr/m/it/10 rithm, by choos-ing step-sizes as
 []


Underfull \hbox (badness 1946) in paragraph at lines 522--524
\OML/cmm/m/it/10 ^^Q \OT1/cmr/m/n/10 = [][]$ \OT1/cmr/m/it/10 and $\OML/cmm/m/i
t/10 ^^M \OMS/cmsy/m/n/10 ^^U \OML/cmm/m/it/10 k$\OT1/cmr/m/it/10 ,
 []


Underfull \hbox (badness 10000) in paragraph at lines 522--524
\OT1/cmr/m/it/10 the se-quence of it-er-ates sat-is-fies
 []


Underfull \hbox (badness 3189) in paragraph at lines 522--524
[] [][] [][] \OMS/cmsy/m/n/10 ^^T \OML/cmm/m/it/10 ^^O$ \OT1/cmr/m/it/10 if we 
set
 []


Underfull \hbox (badness 10000) in paragraph at lines 528--530
[]\OT1/cmr/m/it/10 For \OT1/cmtt/m/it/10 FedSKETCH-PRIVIX \OT1/cmr/m/it/10 al-g
o-rithm, by
 []


Underfull \hbox (badness 2310) in paragraph at lines 528--530
\OT1/cmr/m/it/10 set $\OML/cmm/m/it/10 R \OT1/cmr/m/n/10 = \OML/cmm/m/it/10 O [
]$ \OT1/cmr/m/it/10 and
 []


Underfull \hbox (badness 10000) in paragraph at lines 531--534
[]\OT1/cmr/m/it/10 For \OT1/cmtt/m/it/10 FedSKETCH-HEAPRIX \OT1/cmr/m/it/10 al-
go-rithm by
 []


Overfull \hbox (4.7614pt too wide) detected at line 553
[]
 []

[8]
Underfull \hbox (badness 3199) in paragraph at lines 569--570
[][]\OT1/cmr/bx/n/10 Remark 6. []\OT1/cmr/m/it/10 It is wor-thy to note that mo
st
 []


Underfull \hbox (badness 1838) in paragraph at lines 569--570
\OT1/cmr/m/it/10 with quan-ti-za-tion or com-pres-sion only con-sider
 []


Overfull \hbox (23.3877pt too wide) detected at line 579
[]
 []


Overfull \hbox (27.02937pt too wide) detected at line 583
[]
 []


Overfull \hbox (23.12654pt too wide) detected at line 591
[]
 []


LaTeX Warning: `h' float specifier changed to `ht'.


Underfull \hbox (badness 2538) in paragraph at lines 665--667
[]\OT1/cmr/m/it/10 For \OT1/cmtt/m/it/10 FedSKETCHGATE-HEAPRIX \OT1/cmr/m/it/10
 al-go-rithm,
 []

[9]
Underfull \hbox (badness 4036) in paragraph at lines 684--687
[]\OT1/cmr/m/it/10 For the \OT1/cmtt/m/it/10 FedSKETCHGATE-HEAPRIX \OT1/cmr/m/i
t/10 al-go-
 []


Underfull \hbox (badness 2726) in paragraph at lines 684--687
\OT1/cmr/m/it/10 rithm, by choos-ing step-sizes as $\OML/cmm/m/it/10 ^^Q \OT1/c
mr/m/n/10 =
 []


Package hyperref Warning: Token not allowed in a PDF string (PDFDocEncoding):
(hyperref)                removing `\@ifnextchar' on input line 753.


Package hyperref Warning: Token not allowed in a PDF string (PDFDocEncoding):
(hyperref)                removing `\@ifnextchar' on input line 753.


Package hyperref Warning: Token not allowed in a PDF string (PDFDocEncoding):
(hyperref)                removing `\@ifnextchar' on input line 753.


Underfull \vbox (badness 2221) has occurred while \output is active []


Underfull \hbox (badness 4060) in paragraph at lines 759--761
\OT1/cmr/m/n/10 gra-di-ents en-coun-tered dur-ing the op-ti-miza-tion
 []


Underfull \hbox (badness 10000) in paragraph at lines 759--761
\OML/cmm/m/it/10 O []$
 []


Underfull \hbox (badness 1609) in paragraph at lines 759--761
\OT1/cmr/m/n/10 with-out any ex-tra as-sump-tions, our re-sults in
 []


Underfull \hbox (badness 10000) in paragraph at lines 759--761

 []


Underfull \vbox (badness 10000) has occurred while \output is active []

 [10]
Underfull \hbox (badness 6493) in paragraph at lines 773--779
[]\OT1/cmr/m/n/10 Four meth-ods are com-pared in our ex-per-i-
 []

[11] [12

]
Package epstopdf Info: Source file: <MNIST_figures/local1_sketch20_iid1_train_l
oss.eps>
(epstopdf)                    date: 2020-08-04 07:11:02
(epstopdf)                    size: 21389 bytes
(epstopdf)             Output file: <MNIST_figures/local1_sketch20_iid1_train_l
oss-eps-converted-to.pdf>
(epstopdf)                    date: 2020-08-04 09:13:17
(epstopdf)                    size: 9517 bytes
(epstopdf)             Command: <repstopdf --outfile=MNIST_figures/local1_sketc
h20_iid1_train_loss-eps-converted-to.pdf MNIST_figures/local1_sketch20_iid1_tra
in_loss.eps>
(epstopdf)             \includegraphics on input line 793.
Package epstopdf Info: Output file is already uptodate.
<MNIST_figures/local1_sketch20_iid1_train_loss-eps-converted-to.pdf, id=467, 42
1.575pt x 316.18124pt>
File: MNIST_figures/local1_sketch20_iid1_train_loss-eps-converted-to.pdf Graphi
c file (type pdf)
<use MNIST_figures/local1_sketch20_iid1_train_loss-eps-converted-to.pdf>
Package pdftex.def Info: MNIST_figures/local1_sketch20_iid1_train_loss-eps-conv
erted-to.pdf  used on input line 793.
(pdftex.def)             Requested size: 151.76744pt x 113.82515pt.
Package epstopdf Info: Source file: <MNIST_figures/local2_sketch20_iid1_train_l
oss.eps>
(epstopdf)                    date: 2020-08-04 07:11:00
(epstopdf)                    size: 21092 bytes
(epstopdf)             Output file: <MNIST_figures/local2_sketch20_iid1_train_l
oss-eps-converted-to.pdf>
(epstopdf)                    date: 2020-08-04 09:13:19
(epstopdf)                    size: 9268 bytes
(epstopdf)             Command: <repstopdf --outfile=MNIST_figures/local2_sketc
h20_iid1_train_loss-eps-converted-to.pdf MNIST_figures/local2_sketch20_iid1_tra
in_loss.eps>
(epstopdf)             \includegraphics on input line 793.
Package epstopdf Info: Output file is already uptodate.
<MNIST_figures/local2_sketch20_iid1_train_loss-eps-converted-to.pdf, id=468, 42
1.575pt x 316.18124pt>
File: MNIST_figures/local2_sketch20_iid1_train_loss-eps-converted-to.pdf Graphi
c file (type pdf)
<use MNIST_figures/local2_sketch20_iid1_train_loss-eps-converted-to.pdf>
Package pdftex.def Info: MNIST_figures/local2_sketch20_iid1_train_loss-eps-conv
erted-to.pdf  used on input line 793.
(pdftex.def)             Requested size: 151.76744pt x 113.82515pt.
Package epstopdf Info: Source file: <MNIST_figures/local5_sketch20_iid1_train_l
oss.eps>
(epstopdf)                    date: 2020-08-04 07:11:02
(epstopdf)                    size: 21282 bytes
(epstopdf)             Output file: <MNIST_figures/local5_sketch20_iid1_train_l
oss-eps-converted-to.pdf>
(epstopdf)                    date: 2020-08-04 09:13:21
(epstopdf)                    size: 9285 bytes
(epstopdf)             Command: <repstopdf --outfile=MNIST_figures/local5_sketc
h20_iid1_train_loss-eps-converted-to.pdf MNIST_figures/local5_sketch20_iid1_tra
in_loss.eps>
(epstopdf)             \includegraphics on input line 793.
Package epstopdf Info: Output file is already uptodate.
<MNIST_figures/local5_sketch20_iid1_train_loss-eps-converted-to.pdf, id=469, 42
1.575pt x 316.18124pt>
File: MNIST_figures/local5_sketch20_iid1_train_loss-eps-converted-to.pdf Graphi
c file (type pdf)
<use MNIST_figures/local5_sketch20_iid1_train_loss-eps-converted-to.pdf>
Package pdftex.def Info: MNIST_figures/local5_sketch20_iid1_train_loss-eps-conv
erted-to.pdf  used on input line 793.
(pdftex.def)             Requested size: 151.76744pt x 113.82515pt.
Package epstopdf Info: Source file: <MNIST_figures/local1_sketch20_iid1_test_ac
c.eps>
(epstopdf)                    date: 2020-08-04 07:11:02
(epstopdf)                    size: 18812 bytes
(epstopdf)             Output file: <MNIST_figures/local1_sketch20_iid1_test_ac
c-eps-converted-to.pdf>
(epstopdf)                    date: 2020-08-04 09:13:18
(epstopdf)                    size: 9974 bytes
(epstopdf)             Command: <repstopdf --outfile=MNIST_figures/local1_sketc
h20_iid1_test_acc-eps-converted-to.pdf MNIST_figures/local1_sketch20_iid1_test_
acc.eps>
(epstopdf)             \includegraphics on input line 798.
Package epstopdf Info: Output file is already uptodate.
<MNIST_figures/local1_sketch20_iid1_test_acc-eps-converted-to.pdf, id=470, 421.
575pt x 316.18124pt>
File: MNIST_figures/local1_sketch20_iid1_test_acc-eps-converted-to.pdf Graphic 
file (type pdf)
<use MNIST_figures/local1_sketch20_iid1_test_acc-eps-converted-to.pdf>
Package pdftex.def Info: MNIST_figures/local1_sketch20_iid1_test_acc-eps-conver
ted-to.pdf  used on input line 798.
(pdftex.def)             Requested size: 151.76744pt x 113.82515pt.
Package epstopdf Info: Source file: <MNIST_figures/local2_sketch20_iid1_test_ac
c.eps>
(epstopdf)                    date: 2020-08-04 07:11:00
(epstopdf)                    size: 17773 bytes
(epstopdf)             Output file: <MNIST_figures/local2_sketch20_iid1_test_ac
c-eps-converted-to.pdf>
(epstopdf)                    date: 2020-08-04 09:13:20
(epstopdf)                    size: 9565 bytes
(epstopdf)             Command: <repstopdf --outfile=MNIST_figures/local2_sketc
h20_iid1_test_acc-eps-converted-to.pdf MNIST_figures/local2_sketch20_iid1_test_
acc.eps>
(epstopdf)             \includegraphics on input line 798.
Package epstopdf Info: Output file is already uptodate.
<MNIST_figures/local2_sketch20_iid1_test_acc-eps-converted-to.pdf, id=471, 421.
575pt x 316.18124pt>
File: MNIST_figures/local2_sketch20_iid1_test_acc-eps-converted-to.pdf Graphic 
file (type pdf)
<use MNIST_figures/local2_sketch20_iid1_test_acc-eps-converted-to.pdf>
Package pdftex.def Info: MNIST_figures/local2_sketch20_iid1_test_acc-eps-conver
ted-to.pdf  used on input line 798.
(pdftex.def)             Requested size: 151.76744pt x 113.82515pt.
Package epstopdf Info: Source file: <MNIST_figures/local5_sketch20_iid1_test_ac
c.eps>
(epstopdf)                    date: 2020-08-04 07:11:00
(epstopdf)                    size: 61161 bytes
(epstopdf)             Output file: <MNIST_figures/local5_sketch20_iid1_test_ac
c-eps-converted-to.pdf>
(epstopdf)                    date: 2020-08-04 09:13:21
(epstopdf)                    size: 96937 bytes
(epstopdf)             Command: <repstopdf --outfile=MNIST_figures/local5_sketc
h20_iid1_test_acc-eps-converted-to.pdf MNIST_figures/local5_sketch20_iid1_test_
acc.eps>
(epstopdf)             \includegraphics on input line 798.
Package epstopdf Info: Output file is already uptodate.
<MNIST_figures/local5_sketch20_iid1_test_acc-eps-converted-to.pdf, id=472, 421.
575pt x 316.18124pt>
File: MNIST_figures/local5_sketch20_iid1_test_acc-eps-converted-to.pdf Graphic 
file (type pdf)
<use MNIST_figures/local5_sketch20_iid1_test_acc-eps-converted-to.pdf>
Package pdftex.def Info: MNIST_figures/local5_sketch20_iid1_test_acc-eps-conver
ted-to.pdf  used on input line 798.
(pdftex.def)             Requested size: 151.76744pt x 113.82515pt.
Package epstopdf Info: Source file: <MNIST_figures/local1_sketch50_iid1_train_l
oss.eps>
(epstopdf)                    date: 2020-08-04 07:11:00
(epstopdf)                    size: 21408 bytes
(epstopdf)             Output file: <MNIST_figures/local1_sketch50_iid1_train_l
oss-eps-converted-to.pdf>
(epstopdf)                    date: 2020-08-04 09:13:18
(epstopdf)                    size: 9455 bytes
(epstopdf)             Command: <repstopdf --outfile=MNIST_figures/local1_sketc
h50_iid1_train_loss-eps-converted-to.pdf MNIST_figures/local1_sketch50_iid1_tra
in_loss.eps>
(epstopdf)             \includegraphics on input line 802.
Package epstopdf Info: Output file is already uptodate.
<MNIST_figures/local1_sketch50_iid1_train_loss-eps-converted-to.pdf, id=473, 42
1.575pt x 316.18124pt>
File: MNIST_figures/local1_sketch50_iid1_train_loss-eps-converted-to.pdf Graphi
c file (type pdf)
<use MNIST_figures/local1_sketch50_iid1_train_loss-eps-converted-to.pdf>
Package pdftex.def Info: MNIST_figures/local1_sketch50_iid1_train_loss-eps-conv
erted-to.pdf  used on input line 802.
(pdftex.def)             Requested size: 151.76744pt x 113.82515pt.
Package epstopdf Info: Source file: <MNIST_figures/local2_sketch50_iid1_train_l
oss.eps>
(epstopdf)                    date: 2020-08-04 07:11:00
(epstopdf)                    size: 21082 bytes
(epstopdf)             Output file: <MNIST_figures/local2_sketch50_iid1_train_l
oss-eps-converted-to.pdf>
(epstopdf)                    date: 2020-08-04 09:13:20
(epstopdf)                    size: 9292 bytes
(epstopdf)             Command: <repstopdf --outfile=MNIST_figures/local2_sketc
h50_iid1_train_loss-eps-converted-to.pdf MNIST_figures/local2_sketch50_iid1_tra
in_loss.eps>
(epstopdf)             \includegraphics on input line 802.
Package epstopdf Info: Output file is already uptodate.
<MNIST_figures/local2_sketch50_iid1_train_loss-eps-converted-to.pdf, id=474, 42
1.575pt x 316.18124pt>
File: MNIST_figures/local2_sketch50_iid1_train_loss-eps-converted-to.pdf Graphi
c file (type pdf)
<use MNIST_figures/local2_sketch50_iid1_train_loss-eps-converted-to.pdf>
Package pdftex.def Info: MNIST_figures/local2_sketch50_iid1_train_loss-eps-conv
erted-to.pdf  used on input line 802.
(pdftex.def)             Requested size: 151.76744pt x 113.82515pt.
Package epstopdf Info: Source file: <MNIST_figures/local5_sketch50_iid1_train_l
oss.eps>
(epstopdf)                    date: 2020-08-04 07:11:02
(epstopdf)                    size: 21408 bytes
(epstopdf)             Output file: <MNIST_figures/local5_sketch50_iid1_train_l
oss-eps-converted-to.pdf>
(epstopdf)                    date: 2020-08-04 09:13:22
(epstopdf)                    size: 9234 bytes
(epstopdf)             Command: <repstopdf --outfile=MNIST_figures/local5_sketc
h50_iid1_train_loss-eps-converted-to.pdf MNIST_figures/local5_sketch50_iid1_tra
in_loss.eps>
(epstopdf)             \includegraphics on input line 802.
Package epstopdf Info: Output file is already uptodate.
<MNIST_figures/local5_sketch50_iid1_train_loss-eps-converted-to.pdf, id=475, 42
1.575pt x 316.18124pt>
File: MNIST_figures/local5_sketch50_iid1_train_loss-eps-converted-to.pdf Graphi
c file (type pdf)
<use MNIST_figures/local5_sketch50_iid1_train_loss-eps-converted-to.pdf>
Package pdftex.def Info: MNIST_figures/local5_sketch50_iid1_train_loss-eps-conv
erted-to.pdf  used on input line 802.
(pdftex.def)             Requested size: 151.76744pt x 113.82515pt.
Package epstopdf Info: Source file: <MNIST_figures/local1_sketch50_iid1_test_ac
c.eps>
(epstopdf)                    date: 2020-08-04 07:11:00
(epstopdf)                    size: 18404 bytes
(epstopdf)             Output file: <MNIST_figures/local1_sketch50_iid1_test_ac
c-eps-converted-to.pdf>
(epstopdf)                    date: 2020-08-04 09:13:19
(epstopdf)                    size: 9784 bytes
(epstopdf)             Command: <repstopdf --outfile=MNIST_figures/local1_sketc
h50_iid1_test_acc-eps-converted-to.pdf MNIST_figures/local1_sketch50_iid1_test_
acc.eps>
(epstopdf)             \includegraphics on input line 807.
Package epstopdf Info: Output file is already uptodate.
<MNIST_figures/local1_sketch50_iid1_test_acc-eps-converted-to.pdf, id=476, 421.
575pt x 316.18124pt>
File: MNIST_figures/local1_sketch50_iid1_test_acc-eps-converted-to.pdf Graphic 
file (type pdf)
<use MNIST_figures/local1_sketch50_iid1_test_acc-eps-converted-to.pdf>
Package pdftex.def Info: MNIST_figures/local1_sketch50_iid1_test_acc-eps-conver
ted-to.pdf  used on input line 807.
(pdftex.def)             Requested size: 151.76744pt x 113.82515pt.
Package epstopdf Info: Source file: <MNIST_figures/local2_sketch50_iid1_test_ac
c.eps>
(epstopdf)                    date: 2020-08-04 07:11:00
(epstopdf)                    size: 17790 bytes
(epstopdf)             Output file: <MNIST_figures/local2_sketch50_iid1_test_ac
c-eps-converted-to.pdf>
(epstopdf)                    date: 2020-08-04 09:13:21
(epstopdf)                    size: 9569 bytes
(epstopdf)             Command: <repstopdf --outfile=MNIST_figures/local2_sketc
h50_iid1_test_acc-eps-converted-to.pdf MNIST_figures/local2_sketch50_iid1_test_
acc.eps>
(epstopdf)             \includegraphics on input line 807.
Package epstopdf Info: Output file is already uptodate.
<MNIST_figures/local2_sketch50_iid1_test_acc-eps-converted-to.pdf, id=477, 421.
575pt x 316.18124pt>
File: MNIST_figures/local2_sketch50_iid1_test_acc-eps-converted-to.pdf Graphic 
file (type pdf)
<use MNIST_figures/local2_sketch50_iid1_test_acc-eps-converted-to.pdf>
Package pdftex.def Info: MNIST_figures/local2_sketch50_iid1_test_acc-eps-conver
ted-to.pdf  used on input line 807.
(pdftex.def)             Requested size: 151.76744pt x 113.82515pt.
Package epstopdf Info: Source file: <MNIST_figures/local5_sketch50_iid1_test_ac
c.eps>
(epstopdf)                    date: 2020-08-04 07:11:02
(epstopdf)                    size: 18171 bytes
(epstopdf)             Output file: <MNIST_figures/local5_sketch50_iid1_test_ac
c-eps-converted-to.pdf>
(epstopdf)                    date: 2020-08-04 09:13:22
(epstopdf)                    size: 9508 bytes
(epstopdf)             Command: <repstopdf --outfile=MNIST_figures/local5_sketc
h50_iid1_test_acc-eps-converted-to.pdf MNIST_figures/local5_sketch50_iid1_test_
acc.eps>
(epstopdf)             \includegraphics on input line 807.
Package epstopdf Info: Output file is already uptodate.
<MNIST_figures/local5_sketch50_iid1_test_acc-eps-converted-to.pdf, id=478, 421.
575pt x 316.18124pt>
File: MNIST_figures/local5_sketch50_iid1_test_acc-eps-converted-to.pdf Graphic 
file (type pdf)
<use MNIST_figures/local5_sketch50_iid1_test_acc-eps-converted-to.pdf>
Package pdftex.def Info: MNIST_figures/local5_sketch50_iid1_test_acc-eps-conver
ted-to.pdf  used on input line 807.
(pdftex.def)             Requested size: 151.76744pt x 113.82515pt.

Overfull \hbox (220.551pt too wide) in paragraph at lines 793--808
 [] 
 []


Overfull \hbox (220.551pt too wide) in paragraph at lines 793--808
 [] 
 []


Overfull \hbox (220.551pt too wide) in paragraph at lines 793--808
 [] 
 []


Overfull \hbox (220.551pt too wide) in paragraph at lines 793--808
 [] 
 []


Underfull \vbox (badness 6708) has occurred while \output is active []

Package epstopdf Info: Source file: <MNIST_figures/local1_sketch20_iid0_train_l
oss.eps>
(epstopdf)                    date: 2020-08-04 07:11:02
(epstopdf)                    size: 22510 bytes
(epstopdf)             Output file: <MNIST_figures/local1_sketch20_iid0_train_l
oss-eps-converted-to.pdf>
(epstopdf)                    date: 2020-08-04 09:13:23
(epstopdf)                    size: 10393 bytes
(epstopdf)             Command: <repstopdf --outfile=MNIST_figures/local1_sketc
h20_iid0_train_loss-eps-converted-to.pdf MNIST_figures/local1_sketch20_iid0_tra
in_loss.eps>
(epstopdf)             \includegraphics on input line 826.
Package epstopdf Info: Output file is already uptodate.
<MNIST_figures/local1_sketch20_iid0_train_loss-eps-converted-to.pdf, id=481, 42
1.575pt x 316.18124pt>
File: MNIST_figures/local1_sketch20_iid0_train_loss-eps-converted-to.pdf Graphi
c file (type pdf)
<use MNIST_figures/local1_sketch20_iid0_train_loss-eps-converted-to.pdf>
Package pdftex.def Info: MNIST_figures/local1_sketch20_iid0_train_loss-eps-conv
erted-to.pdf  used on input line 826.
(pdftex.def)             Requested size: 151.76744pt x 113.82515pt.
Package epstopdf Info: Source file: <MNIST_figures/local2_sketch20_iid0_train_l
oss.eps>
(epstopdf)                    date: 2020-08-04 07:11:02
(epstopdf)                    size: 21426 bytes
(epstopdf)             Output file: <MNIST_figures/local2_sketch20_iid0_train_l
oss-eps-converted-to.pdf>
(epstopdf)                    date: 2020-08-04 09:13:25
(epstopdf)                    size: 9954 bytes
(epstopdf)             Command: <repstopdf --outfile=MNIST_figures/local2_sketc
h20_iid0_train_loss-eps-converted-to.pdf MNIST_figures/local2_sketch20_iid0_tra
in_loss.eps>
(epstopdf)             \includegraphics on input line 826.
Package epstopdf Info: Output file is already uptodate.
<MNIST_figures/local2_sketch20_iid0_train_loss-eps-converted-to.pdf, id=482, 42
1.575pt x 316.18124pt>
File: MNIST_figures/local2_sketch20_iid0_train_loss-eps-converted-to.pdf Graphi
c file (type pdf)
<use MNIST_figures/local2_sketch20_iid0_train_loss-eps-converted-to.pdf>
Package pdftex.def Info: MNIST_figures/local2_sketch20_iid0_train_loss-eps-conv
erted-to.pdf  used on input line 826.
(pdftex.def)             Requested size: 151.76744pt x 113.82515pt.
Package epstopdf Info: Source file: <MNIST_figures/local5_sketch20_iid0_train_l
oss.eps>
(epstopdf)                    date: 2020-08-04 07:11:02
(epstopdf)                    size: 22444 bytes
(epstopdf)             Output file: <MNIST_figures/local5_sketch20_iid0_train_l
oss-eps-converted-to.pdf>
(epstopdf)                    date: 2020-08-04 09:13:27
(epstopdf)                    size: 10151 bytes
(epstopdf)             Command: <repstopdf --outfile=MNIST_figures/local5_sketc
h20_iid0_train_loss-eps-converted-to.pdf MNIST_figures/local5_sketch20_iid0_tra
in_loss.eps>
(epstopdf)             \includegraphics on input line 826.
Package epstopdf Info: Output file is already uptodate.
<MNIST_figures/local5_sketch20_iid0_train_loss-eps-converted-to.pdf, id=483, 42
1.575pt x 316.18124pt>
File: MNIST_figures/local5_sketch20_iid0_train_loss-eps-converted-to.pdf Graphi
c file (type pdf)
<use MNIST_figures/local5_sketch20_iid0_train_loss-eps-converted-to.pdf>
Package pdftex.def Info: MNIST_figures/local5_sketch20_iid0_train_loss-eps-conv
erted-to.pdf  used on input line 826.
(pdftex.def)             Requested size: 151.76744pt x 113.82515pt.
Package epstopdf Info: Source file: <MNIST_figures/local1_sketch20_iid0_test_ac
c.eps>
(epstopdf)                    date: 2020-08-04 07:11:02
(epstopdf)                    size: 82887 bytes
(epstopdf)             Output file: <MNIST_figures/local1_sketch20_iid0_test_ac
c-eps-converted-to.pdf>
(epstopdf)                    date: 2020-08-04 09:13:23
(epstopdf)                    size: 79622 bytes
(epstopdf)             Command: <repstopdf --outfile=MNIST_figures/local1_sketc
h20_iid0_test_acc-eps-converted-to.pdf MNIST_figures/local1_sketch20_iid0_test_
acc.eps>
(epstopdf)             \includegraphics on input line 831.
Package epstopdf Info: Output file is already uptodate.
<MNIST_figures/local1_sketch20_iid0_test_acc-eps-converted-to.pdf, id=484, 421.
575pt x 316.18124pt>
File: MNIST_figures/local1_sketch20_iid0_test_acc-eps-converted-to.pdf Graphic 
file (type pdf)
<use MNIST_figures/local1_sketch20_iid0_test_acc-eps-converted-to.pdf>
Package pdftex.def Info: MNIST_figures/local1_sketch20_iid0_test_acc-eps-conver
ted-to.pdf  used on input line 831.
(pdftex.def)             Requested size: 151.76744pt x 113.82515pt.
Package epstopdf Info: Source file: <MNIST_figures/local2_sketch20_iid0_test_ac
c.eps>
(epstopdf)                    date: 2020-08-04 07:11:02
(epstopdf)                    size: 70984 bytes
(epstopdf)             Output file: <MNIST_figures/local2_sketch20_iid0_test_ac
c-eps-converted-to.pdf>
(epstopdf)                    date: 2020-08-04 09:13:25
(epstopdf)                    size: 68247 bytes
(epstopdf)             Command: <repstopdf --outfile=MNIST_figures/local2_sketc
h20_iid0_test_acc-eps-converted-to.pdf MNIST_figures/local2_sketch20_iid0_test_
acc.eps>
(epstopdf)             \includegraphics on input line 831.
Package epstopdf Info: Output file is already uptodate.
<MNIST_figures/local2_sketch20_iid0_test_acc-eps-converted-to.pdf, id=485, 421.
575pt x 316.18124pt>
File: MNIST_figures/local2_sketch20_iid0_test_acc-eps-converted-to.pdf Graphic 
file (type pdf)
<use MNIST_figures/local2_sketch20_iid0_test_acc-eps-converted-to.pdf>
Package pdftex.def Info: MNIST_figures/local2_sketch20_iid0_test_acc-eps-conver
ted-to.pdf  used on input line 831.
(pdftex.def)             Requested size: 151.76744pt x 113.82515pt.
Package epstopdf Info: Source file: <MNIST_figures/local5_sketch20_iid0_test_ac
c.eps>
(epstopdf)                    date: 2020-08-04 07:11:02
(epstopdf)                    size: 74131 bytes
(epstopdf)             Output file: <MNIST_figures/local5_sketch20_iid0_test_ac
c-eps-converted-to.pdf>
(epstopdf)                    date: 2020-08-04 09:13:27
(epstopdf)                    size: 71241 bytes
(epstopdf)             Command: <repstopdf --outfile=MNIST_figures/local5_sketc
h20_iid0_test_acc-eps-converted-to.pdf MNIST_figures/local5_sketch20_iid0_test_
acc.eps>
(epstopdf)             \includegraphics on input line 831.
Package epstopdf Info: Output file is already uptodate.
<MNIST_figures/local5_sketch20_iid0_test_acc-eps-converted-to.pdf, id=486, 421.
575pt x 316.18124pt>
File: MNIST_figures/local5_sketch20_iid0_test_acc-eps-converted-to.pdf Graphic 
file (type pdf)
<use MNIST_figures/local5_sketch20_iid0_test_acc-eps-converted-to.pdf>
Package pdftex.def Info: MNIST_figures/local5_sketch20_iid0_test_acc-eps-conver
ted-to.pdf  used on input line 831.
(pdftex.def)             Requested size: 151.76744pt x 113.82515pt.
Package epstopdf Info: Source file: <MNIST_figures/local1_sketch50_iid0_train_l
oss.eps>
(epstopdf)                    date: 2020-08-04 07:11:02
(epstopdf)                    size: 22856 bytes
(epstopdf)             Output file: <MNIST_figures/local1_sketch50_iid0_train_l
oss-eps-converted-to.pdf>
(epstopdf)                    date: 2020-08-04 09:13:24
(epstopdf)                    size: 10404 bytes
(epstopdf)             Command: <repstopdf --outfile=MNIST_figures/local1_sketc
h50_iid0_train_loss-eps-converted-to.pdf MNIST_figures/local1_sketch50_iid0_tra
in_loss.eps>
(epstopdf)             \includegraphics on input line 835.
Package epstopdf Info: Output file is already uptodate.
<MNIST_figures/local1_sketch50_iid0_train_loss-eps-converted-to.pdf, id=487, 42
1.575pt x 316.18124pt>
File: MNIST_figures/local1_sketch50_iid0_train_loss-eps-converted-to.pdf Graphi
c file (type pdf)
<use MNIST_figures/local1_sketch50_iid0_train_loss-eps-converted-to.pdf>
Package pdftex.def Info: MNIST_figures/local1_sketch50_iid0_train_loss-eps-conv
erted-to.pdf  used on input line 835.
(pdftex.def)             Requested size: 151.76744pt x 113.82515pt.
Package epstopdf Info: Source file: <MNIST_figures/local2_sketch50_iid0_train_l
oss.eps>
(epstopdf)                    date: 2020-08-04 07:11:02
(epstopdf)                    size: 21437 bytes
(epstopdf)             Output file: <MNIST_figures/local2_sketch50_iid0_train_l
oss-eps-converted-to.pdf>
(epstopdf)                    date: 2020-08-04 09:13:26
(epstopdf)                    size: 9993 bytes
(epstopdf)             Command: <repstopdf --outfile=MNIST_figures/local2_sketc
h50_iid0_train_loss-eps-converted-to.pdf MNIST_figures/local2_sketch50_iid0_tra
in_loss.eps>
(epstopdf)             \includegraphics on input line 835.
Package epstopdf Info: Output file is already uptodate.
<MNIST_figures/local2_sketch50_iid0_train_loss-eps-converted-to.pdf, id=488, 42
1.575pt x 316.18124pt>
File: MNIST_figures/local2_sketch50_iid0_train_loss-eps-converted-to.pdf Graphi
c file (type pdf)
<use MNIST_figures/local2_sketch50_iid0_train_loss-eps-converted-to.pdf>
Package pdftex.def Info: MNIST_figures/local2_sketch50_iid0_train_loss-eps-conv
erted-to.pdf  used on input line 835.
(pdftex.def)             Requested size: 151.76744pt x 113.82515pt.
Package epstopdf Info: Source file: <MNIST_figures/local5_sketch50_iid0_train_l
oss.eps>
(epstopdf)                    date: 2020-08-04 07:11:02
(epstopdf)                    size: 22457 bytes
(epstopdf)             Output file: <MNIST_figures/local5_sketch50_iid0_train_l
oss-eps-converted-to.pdf>
(epstopdf)                    date: 2020-08-04 09:13:28
(epstopdf)                    size: 10028 bytes
(epstopdf)             Command: <repstopdf --outfile=MNIST_figures/local5_sketc
h50_iid0_train_loss-eps-converted-to.pdf MNIST_figures/local5_sketch50_iid0_tra
in_loss.eps>
(epstopdf)             \includegraphics on input line 835.
Package epstopdf Info: Output file is already uptodate.
<MNIST_figures/local5_sketch50_iid0_train_loss-eps-converted-to.pdf, id=489, 42
1.575pt x 316.18124pt>
File: MNIST_figures/local5_sketch50_iid0_train_loss-eps-converted-to.pdf Graphi
c file (type pdf)
<use MNIST_figures/local5_sketch50_iid0_train_loss-eps-converted-to.pdf>
Package pdftex.def Info: MNIST_figures/local5_sketch50_iid0_train_loss-eps-conv
erted-to.pdf  used on input line 835.
(pdftex.def)             Requested size: 151.76744pt x 113.82515pt.
Package epstopdf Info: Source file: <MNIST_figures/local1_sketch50_iid0_test_ac
c.eps>
(epstopdf)                    date: 2020-08-04 07:11:02
(epstopdf)                    size: 79875 bytes
(epstopdf)             Output file: <MNIST_figures/local1_sketch50_iid0_test_ac
c-eps-converted-to.pdf>
(epstopdf)                    date: 2020-08-04 09:13:24
(epstopdf)                    size: 77194 bytes
(epstopdf)             Command: <repstopdf --outfile=MNIST_figures/local1_sketc
h50_iid0_test_acc-eps-converted-to.pdf MNIST_figures/local1_sketch50_iid0_test_
acc.eps>
(epstopdf)             \includegraphics on input line 840.
Package epstopdf Info: Output file is already uptodate.
<MNIST_figures/local1_sketch50_iid0_test_acc-eps-converted-to.pdf, id=490, 421.
575pt x 316.18124pt>
File: MNIST_figures/local1_sketch50_iid0_test_acc-eps-converted-to.pdf Graphic 
file (type pdf)
<use MNIST_figures/local1_sketch50_iid0_test_acc-eps-converted-to.pdf>
Package pdftex.def Info: MNIST_figures/local1_sketch50_iid0_test_acc-eps-conver
ted-to.pdf  used on input line 840.
(pdftex.def)             Requested size: 151.76744pt x 113.82515pt.
Package epstopdf Info: Source file: <MNIST_figures/local2_sketch50_iid0_test_ac
c.eps>
(epstopdf)                    date: 2020-08-04 07:11:02
(epstopdf)                    size: 69958 bytes
(epstopdf)             Output file: <MNIST_figures/local2_sketch50_iid0_test_ac
c-eps-converted-to.pdf>
(epstopdf)                    date: 2020-08-04 09:13:26
(epstopdf)                    size: 67325 bytes
(epstopdf)             Command: <repstopdf --outfile=MNIST_figures/local2_sketc
h50_iid0_test_acc-eps-converted-to.pdf MNIST_figures/local2_sketch50_iid0_test_
acc.eps>
(epstopdf)             \includegraphics on input line 840.
Package epstopdf Info: Output file is already uptodate.
<MNIST_figures/local2_sketch50_iid0_test_acc-eps-converted-to.pdf, id=491, 421.
575pt x 316.18124pt>
File: MNIST_figures/local2_sketch50_iid0_test_acc-eps-converted-to.pdf Graphic 
file (type pdf)
<use MNIST_figures/local2_sketch50_iid0_test_acc-eps-converted-to.pdf>
Package pdftex.def Info: MNIST_figures/local2_sketch50_iid0_test_acc-eps-conver
ted-to.pdf  used on input line 840.
(pdftex.def)             Requested size: 151.76744pt x 113.82515pt.
Package epstopdf Info: Source file: <MNIST_figures/local5_sketch50_iid0_test_ac
c.eps>
(epstopdf)                    date: 2020-08-04 07:11:02
(epstopdf)                    size: 70617 bytes
(epstopdf)             Output file: <MNIST_figures/local5_sketch50_iid0_test_ac
c-eps-converted-to.pdf>
(epstopdf)                    date: 2020-08-04 09:13:28
(epstopdf)                    size: 68422 bytes
(epstopdf)             Command: <repstopdf --outfile=MNIST_figures/local5_sketc
h50_iid0_test_acc-eps-converted-to.pdf MNIST_figures/local5_sketch50_iid0_test_
acc.eps>
(epstopdf)             \includegraphics on input line 840.
Package epstopdf Info: Output file is already uptodate.
<MNIST_figures/local5_sketch50_iid0_test_acc-eps-converted-to.pdf, id=492, 421.
575pt x 316.18124pt>
File: MNIST_figures/local5_sketch50_iid0_test_acc-eps-converted-to.pdf Graphic 
file (type pdf)
<use MNIST_figures/local5_sketch50_iid0_test_acc-eps-converted-to.pdf>
Package pdftex.def Info: MNIST_figures/local5_sketch50_iid0_test_acc-eps-conver
ted-to.pdf  used on input line 840.
(pdftex.def)             Requested size: 151.76744pt x 113.82515pt.

Overfull \hbox (220.551pt too wide) in paragraph at lines 826--841
 [] 
 []


Overfull \hbox (220.551pt too wide) in paragraph at lines 826--841
 [] 
 []


Overfull \hbox (220.551pt too wide) in paragraph at lines 826--841
 [] 
 []


Overfull \hbox (220.551pt too wide) in paragraph at lines 826--841
 [] 
 []


LaTeX Warning: `h' float specifier changed to `ht'.


Underfull \vbox (badness 10000) has occurred while \output is active []

 [13

 <./MNIST_figures/local1_sketch20_iid1_train_loss-eps-converted-to.pdf> <./MNIS
T_figures/local2_sketch20_iid1_train_loss-eps-converted-to.pdf> <./MNIST_figure
s/local5_sketch20_iid1_train_loss-eps-converted-to.pdf> <./MNIST_figures/local1
_sketch20_iid1_test_acc-eps-converted-to.pdf> <./MNIST_figures/local2_sketch20_
iid1_test_acc-eps-converted-to.pdf> <./MNIST_figures/local5_sketch20_iid1_test_
acc-eps-converted-to.pdf> <./MNIST_figures/local1_sketch50_iid1_train_loss-eps-
converted-to.pdf> <./MNIST_figures/local2_sketch50_iid1_train_loss-eps-converte
d-to.pdf> <./MNIST_figures/local5_sketch50_iid1_train_loss-eps-converted-to.pdf
> <./MNIST_figures/local1_sketch50_iid1_test_acc-eps-converted-to.pdf> <./MNIST
_figures/local2_sketch50_iid1_test_acc-eps-converted-to.pdf> <./MNIST_figures/l
ocal5_sketch50_iid1_test_acc-eps-converted-to.pdf>]
Underfull \hbox (badness 2772) in paragraph at lines 858--862
\OT1/cmr/m/n/10 In this pa-per, we in-tro-duced \OT1/cmtt/m/n/10 FedSKETCH \OT1
/cmr/m/n/10 and
 []

(./mainsketch.bbl
Underfull \hbox (badness 1043) in paragraph at lines 4--9
\OT1/cmr/m/n/10 ota Tomioka, and Mi-lan Vo-jnovic.  Qsgd:
 []


Underfull \hbox (badness 1540) in paragraph at lines 25--31
\OT1/cmr/m/n/10 Az-iz-zade-nesheli, and An-i-mashree Anand-ku-
 []


Underfull \hbox (badness 1092) in paragraph at lines 25--31
\OT1/cmr/m/it/10 (ICML)\OT1/cmr/m/n/10 , pages 559--568, Stock-holmsm^^?assan,
 []


Underfull \hbox (badness 1881) in paragraph at lines 76--80
[]\OT1/cmr/m/n/10 Robin C Geyer, Tas-silo Klein, and Moin
 []

[14]
Underfull \hbox (badness 3068) in paragraph at lines 93--99
\OT1/cmr/m/n/10 mani, Mehrdad Mah-davi, and Viveck R.
 []


Underfull \hbox (badness 1270) in paragraph at lines 107--110
\OT1/cmr/m/n/10 ods in fed-er-ated learn-ing.  \OT1/cmr/m/it/10 arXiv preprint
 []


Underfull \hbox (badness 6808) in paragraph at lines 119--124
[]\OT1/cmr/m/n/10 Samuel Horv^^Sath, Dmitry Ko-valev, Kon-
 []


Underfull \hbox (badness 1701) in paragraph at lines 126--130
[]\OT1/cmr/m/n/10 Samuel Horv^^Sath and Pe-ter Richt^^Sarik.  A
 []


Underfull \hbox (badness 8019) in paragraph at lines 126--130
\OT1/cmr/m/n/10 bet-ter al-ter-na-tive to er-ror feed-back for
 []


Underfull \hbox (badness 2401) in paragraph at lines 126--130
\OT1/cmr/m/n/10 communication-efficient dis-tributed learn-ing.
 []


Underfull \hbox (badness 1259) in paragraph at lines 132--137
\OT1/cmr/m/n/10 Arora.  Communication-efficient dis-tributed
 []


Underfull \hbox (badness 4846) in paragraph at lines 139--145
[]\OT1/cmr/m/n/10 Hamed Karimi, Julie Nu-tini, and Mark
 []


Underfull \hbox (badness 1102) in paragraph at lines 139--145
\OT1/cmr/m/it/10 Knowl-edge Dis-cov-ery in Databases (ECML-
 []


Underfull \hbox (badness 7415) in paragraph at lines 147--152
[]\OT1/cmr/m/n/10 Sai Pra-neeth Karim-ireddy, Satyen Kale,
 []


Underfull \hbox (badness 1924) in paragraph at lines 147--152
\OT1/cmr/m/n/10 device fed-er-ated learn-ing.  \OT1/cmr/m/it/10 arXiv preprint
 []


Underfull \hbox (badness 1424) in paragraph at lines 154--159
\OT1/cmr/m/n/10 Pe-ter Richt^^Sarik.  Tighter the-ory for lo-cal
 []


Underfull \hbox (badness 1292) in paragraph at lines 183--188
\OT1/cmr/m/n/10 Hastie.  One sketch for all: The-ory and
 []

[15]
Underfull \hbox (badness 1502) in paragraph at lines 208--212
[]\OT1/cmr/m/n/10 Xiang Li, Kaix-uan Huang, Wen-hao Yang,
 []


Underfull \hbox (badness 2229) in paragraph at lines 214--218
[]\OT1/cmr/m/n/10 Xianfeng Liang, Shuheng Shen, Jingchang
 []


Underfull \hbox (badness 2027) in paragraph at lines 214--218
\OT1/cmr/m/n/10 Liu, Zhen Pan, En-hong Chen, and Yifei
 []


Underfull \hbox (badness 1242) in paragraph at lines 214--218
\OT1/cmr/m/n/10 com-mu-ni-ca-tion com-plex-ity.  \OT1/cmr/m/it/10 arXiv preprin
t
 []


Underfull \hbox (badness 10000) in paragraph at lines 260--264
[]\OT1/cmr/m/n/10 Constantin Philip-penko and Aymeric
 []


Underfull \hbox (badness 1009) in paragraph at lines 260--264
\OT1/cmr/m/n/10 learn-ing.  \OT1/cmr/m/it/10 arXiv preprint arXiv:2006.14591\OT
1/cmr/m/n/10 ,
 []


Underfull \hbox (badness 2409) in paragraph at lines 266--270
\OT1/cmr/m/n/10 Kone^^Tcn^^Ry, San-jiv Ku-mar, and H Bren-dan
 []


Underfull \hbox (badness 7064) in paragraph at lines 272--279
[]\OT1/cmr/m/n/10 Amirhossein Rei-sizadeh, Aryan Mokhtari,
 []


Underfull \hbox (badness 2351) in paragraph at lines 286--291
\OT1/cmr/m/n/10 Ul-lah, Nikita Ivkin, Ion Sto-ica, Vladimir
 []


Underfull \hbox (badness 2486) in paragraph at lines 286--291
\OT1/cmr/m/n/10 Braver-man, Joseph Gon-za-lez, and Ra-man
 []

[16]
Underfull \hbox (badness 4531) in paragraph at lines 337--341
\OT1/cmr/m/n/10 dis-tributed op-ti-miza-tion.  \OT1/cmr/m/it/10 arXiv preprint
 []


Underfull \hbox (badness 4048) in paragraph at lines 357--360
[]\OT1/cmr/m/n/10 Jian Zhang, Christo-pher De Sa, Ioan-nis
 []

)
Underfull \hbox (badness 10000) in paragraph at lines 874--875

 []


Overfull \hbox (24.65263pt too wide) detected at line 884
[]
 []


Overfull \hbox (122.3076pt too wide) detected at line 902
[]
 []

Missing character: There is no  in font cmr7!
Missing character: There is no  in font cmr7!
Missing character: There is no  in font cmr7!
Missing character: There is no  in font cmr7!

Overfull \hbox (96.23178pt too wide) detected at line 925
[]
 []


Underfull \vbox (badness 10000) has occurred while \output is active []

 [17]
Underfull \vbox (badness 4819) has occurred while \output is active []


Overfull \hbox (115.9592pt too wide) detected at line 948
[]
 []


Overfull \hbox (121.70302pt too wide) detected at line 957
[]
 []


Overfull \hbox (207.78859pt too wide) detected at line 966
[]
 []

[18]
Overfull \hbox (113.84148pt too wide) detected at line 980
[]
 []


Overfull \hbox (132.23692pt too wide) detected at line 1008
[]
 []


Underfull \vbox (badness 10000) has occurred while \output is active []


Overfull \hbox (94.87823pt too wide) detected at line 1022
[]
 []

[19]
Overfull \hbox (124.127pt too wide) detected at line 1039
[]
 []


Overfull \hbox (26.65314pt too wide) detected at line 1041
[] \U/msa/m/n/10 , [] [] \OT1/cmr/bx/n/10 S [] \OT1/cmr/m/n/10 = [] [] \OT1/cmr
/bx/n/10 S [] \OML/cmm/m/it/10 :
 []


Overfull \hbox (121.0755pt too wide) detected at line 1048
[]
 []


Overfull \hbox (23.941pt too wide) detected at line 1058
[]
 []


Overfull \hbox (134.41322pt too wide) detected at line 1064
[]
 []


Underfull \hbox (badness 1194) in paragraph at lines 1064--1066
\OT1/cmr/m/n/10 We pro-ceed to use Lemma [][]4[][], Lemma [][]5[][], and
 []


Overfull \hbox (168.50777pt too wide) detected at line 1075
[]
 []


Underfull \vbox (badness 2503) has occurred while \output is active []


Overfull \hbox (94.87823pt too wide) detected at line 1083
[]
 []


Overfull \hbox (152.40695pt too wide) detected at line 1092
[]
 []

[20]
Underfull \hbox (badness 10000) in paragraph at lines 1105--1106
[]\OT1/cmr/m/it/10 So based on Eq. ([][]23[][]), if we set $\OML/cmm/m/it/10 ^^
Q \OT1/cmr/m/n/10 =
 []


Overfull \hbox (4.95425pt too wide) in paragraph at lines 1108--1110
\OT1/cmr/m/it/10 We note that $\OML/cmm/m/it/10 ^^M[] [][] \OT1/cmr/m/n/10 =
 []


Overfull \hbox (57.56212pt too wide) detected at line 1123
[]
 []


Underfull \hbox (badness 6510) in paragraph at lines 1137--1138
[][]\OT1/cmr/bx/n/10 Theorem 6 \OT1/cmr/m/n/10 (PL or strongly con-vex)\OT1/cmr
/bx/n/10 . []\OT1/cmr/m/it/10 For
 []


Overfull \hbox (184.14096pt too wide) detected at line 1146
[]
 []


Overfull \hbox (151.06482pt too wide) detected at line 1159
[]
 []


Overfull \hbox (166.12492pt too wide) detected at line 1163
[]
 []


Overfull \hbox (85.83765pt too wide) detected at line 1170
[]
 []


Overfull \hbox (122.04674pt too wide) detected at line 1184
[]
 []


Underfull \vbox (badness 1454) has occurred while \output is active []

 [21]
Underfull \hbox (badness 2856) in paragraph at lines 1192--1193
[][]\OT1/cmr/bx/n/10 Theorem 7 \OT1/cmr/m/n/10 (Con-vex)\OT1/cmr/bx/n/10 . []\O
T1/cmr/m/it/10 For a gen-eral con-vex
 []


Overfull \hbox (138.92607pt too wide) detected at line 1201
[]
 []


Overfull \hbox (83.44202pt too wide) detected at line 1212
[]
 []


Overfull \hbox (127.00482pt too wide) detected at line 1219
[]
 []


Overfull \hbox (191.41943pt too wide) detected at line 1224
[]
 []

[22]
Underfull \hbox (badness 2626) in paragraph at lines 1252--1254
[]\OT1/cmr/bx/it/10 Convex: \OT1/cmr/m/it/10 By choos-ing step-sizes as $\OML/c
mm/m/it/10 ^^Q \OT1/cmr/m/n/10 =
 []

[23]
Underfull \hbox (badness 2626) in paragraph at lines 1283--1285
[]\OT1/cmr/bx/it/10 Convex: \OT1/cmr/m/it/10 By choos-ing step-sizes as $\OML/c
mm/m/it/10 ^^Q \OT1/cmr/m/n/10 =
 []

Package atveryend Info: Empty hook `BeforeClearDocument' on input line 1298.
[24 <./MNIST_figures/local1_sketch20_iid0_train_loss-eps-converted-to.pdf> <./M
NIST_figures/local2_sketch20_iid0_train_loss-eps-converted-to.pdf> <./MNIST_fig
ures/local5_sketch20_iid0_train_loss-eps-converted-to.pdf> <./MNIST_figures/loc
al1_sketch20_iid0_test_acc-eps-converted-to.pdf> <./MNIST_figures/local2_sketch
20_iid0_test_acc-eps-converted-to.pdf> <./MNIST_figures/local5_sketch20_iid0_te
st_acc-eps-converted-to.pdf> <./MNIST_figures/local1_sketch50_iid0_train_loss-e
ps-converted-to.pdf> <./MNIST_figures/local2_sketch50_iid0_train_loss-eps-conve
rted-to.pdf> <./MNIST_figures/local5_sketch50_iid0_train_loss-eps-converted-to.
pdf> <./MNIST_figures/local1_sketch50_iid0_test_acc-eps-converted-to.pdf> <./MN
IST_figures/local2_sketch50_iid0_test_acc-eps-converted-to.pdf> <./MNIST_figure
s/local5_sketch50_iid0_test_acc-eps-converted-to.pdf>]
Package atveryend Info: Empty hook `AfterLastShipout' on input line 1298.
 (./mainsketch.aux)
Package atveryend Info: Executing hook `AtVeryEndDocument' on input line 1298.
Package atveryend Info: Executing hook `AtEndAfterFileList' on input line 1298.

Package rerunfilecheck Info: File `mainsketch.out' has not changed.
(rerunfilecheck)             Checksum: 19392184CA4A6426D259784B207CB22C;1881.
Package atveryend Info: Empty hook `AtVeryVeryEnd' on input line 1298.
 ) 
Here is how much of TeX's memory you used:
 9851 strings out of 492649
 152925 string characters out of 6129622
 294919 words of memory out of 5000000
 13368 multiletter control sequences out of 15000+600000
 17632 words of font info for 66 fonts, out of 8000000 for 9000
 1141 hyphenation exceptions out of 8191
 36i,27n,45p,3182b,532s stack positions out of 5000i,500n,10000p,200000b,80000s
</usr/local/texlive/2018/texmf-dist/fonts/type1/public/amsfonts/cm/cmbsy10.pf
b></usr/local/texlive/2018/texmf-dist/fonts/type1/public/amsfonts/cmextra/cmbsy
5.pfb></usr/local/texlive/2018/texmf-dist/fonts/type1/public/amsfonts/cmextra/c
mbsy7.pfb></usr/local/texlive/2018/texmf-dist/fonts/type1/public/amsfonts/cm/cm
bx10.pfb></usr/local/texlive/2018/texmf-dist/fonts/type1/public/amsfonts/cm/cmb
x12.pfb></usr/local/texlive/2018/texmf-dist/fonts/type1/public/amsfonts/cm/cmbx
5.pfb></usr/local/texlive/2018/texmf-dist/fonts/type1/public/amsfonts/cm/cmbx7.
pfb></usr/local/texlive/2018/texmf-dist/fonts/type1/public/amsfonts/cm/cmbx9.pf
b></usr/local/texlive/2018/texmf-dist/fonts/type1/public/amsfonts/cm/cmbxti10.p
fb></usr/local/texlive/2018/texmf-dist/fonts/type1/public/amsfonts/cm/cmex10.pf
b></usr/local/texlive/2018/texmf-dist/fonts/type1/public/amsfonts/cmextra/cmex7
.pfb></usr/local/texlive/2018/texmf-dist/fonts/type1/public/amsfonts/cm/cmitt10
.pfb></usr/local/texlive/2018/texmf-dist/fonts/type1/public/amsfonts/cm/cmmi10.
pfb></usr/local/texlive/2018/texmf-dist/fonts/type1/public/amsfonts/cm/cmmi5.pf
b></usr/local/texlive/2018/texmf-dist/fonts/type1/public/amsfonts/cm/cmmi7.pfb>
</usr/local/texlive/2018/texmf-dist/fonts/type1/public/amsfonts/cm/cmmi9.pfb></
usr/local/texlive/2018/texmf-dist/fonts/type1/public/amsfonts/cm/cmmib10.pfb></
usr/local/texlive/2018/texmf-dist/fonts/type1/public/amsfonts/cmextra/cmmib5.pf
b></usr/local/texlive/2018/texmf-dist/fonts/type1/public/amsfonts/cmextra/cmmib
7.pfb></usr/local/texlive/2018/texmf-dist/fonts/type1/public/amsfonts/cm/cmr10.
pfb></usr/local/texlive/2018/texmf-dist/fonts/type1/public/amsfonts/cm/cmr5.pfb
></usr/local/texlive/2018/texmf-dist/fonts/type1/public/amsfonts/cm/cmr7.pfb></
usr/local/texlive/2018/texmf-dist/fonts/type1/public/amsfonts/cm/cmr9.pfb></usr
/local/texlive/2018/texmf-dist/fonts/type1/public/amsfonts/cm/cmsy10.pfb></usr/
local/texlive/2018/texmf-dist/fonts/type1/public/amsfonts/cm/cmsy5.pfb></usr/lo
cal/texlive/2018/texmf-dist/fonts/type1/public/amsfonts/cm/cmsy7.pfb></usr/loca
l/texlive/2018/texmf-dist/fonts/type1/public/amsfonts/cm/cmti10.pfb></usr/local
/texlive/2018/texmf-dist/fonts/type1/public/amsfonts/cm/cmtt10.pfb></usr/local/
texlive/2018/texmf-dist/fonts/type1/public/amsfonts/cm/cmtt12.pfb></usr/local/t
exlive/2018/texmf-dist/fonts/type1/public/amsfonts/symbols/msam10.pfb></usr/loc
al/texlive/2018/texmf-dist/fonts/type1/public/amsfonts/symbols/msbm10.pfb></usr
/local/texlive/2018/texmf-dist/fonts/type1/public/amsfonts/symbols/msbm7.pfb></
usr/local/texlive/2018/texmf-dist/fonts/type1/urw/zapfding/uzdr.pfb>
Output written on mainsketch.pdf (24 pages, 1124280 bytes).
PDF statistics:
 986 PDF objects out of 1000 (max. 8388607)
 830 compressed objects within 9 object streams
 189 named destinations out of 1000 (max. 500000)
 321 words of extra memory for PDF output out of 10000 (max. 10000000)

