\BOOKMARK [1][-]{section.1}{Introduction}{}% 1
\BOOKMARK [1][-]{section.2}{Compressions using Count Sketch}{}% 2
\BOOKMARK [2][-]{subsection.2.1}{Sketching based Unbiased Compressor}{section.2}% 3
\BOOKMARK [2][-]{subsection.2.2}{Sketching based Biased Compressor}{section.2}% 4
\BOOKMARK [2][-]{subsection.2.3}{Sketching based Induced Compressor}{section.2}% 5
\BOOKMARK [1][-]{section.3}{Algorithms for Homogeneous and Heterogeneous Settings}{}% 6
\BOOKMARK [2][-]{subsection.3.1}{Homogeneous Setting}{section.3}% 7
\BOOKMARK [2][-]{subsection.3.2}{Heterogeneous Setting}{section.3}% 8
\BOOKMARK [1][-]{section.4}{Convergence Analysis}{}% 9
\BOOKMARK [2][-]{subsection.4.1}{Convergence of FEDSKETCH }{section.4}% 10
\BOOKMARK [2][-]{subsection.4.2}{Convergence of FedSKETCHGATE}{section.4}% 11
\BOOKMARK [2][-]{subsection.4.3}{Comparison with Prior Methods}{section.4}% 12
\BOOKMARK [1][-]{section.5}{Numerical Applications}{}% 13
\BOOKMARK [1][-]{section.6}{Conclusion}{}% 14
\BOOKMARK [1][-]{appendix.A}{Various known algorithms}{}% 15
\BOOKMARK [1][-]{appendix.B}{Comparison with philippenko2020artemis.}{}% 16
\BOOKMARK [1][-]{appendix.C}{Results for the Homogeneous Setting}{}% 17
\BOOKMARK [2][-]{subsection.C.1}{Main result for the non-convex setting}{appendix.C}% 18
\BOOKMARK [2][-]{subsection.C.2}{Main result for the PL/Strongly convex setting}{appendix.C}% 19
\BOOKMARK [2][-]{subsection.C.3}{Main result for the general convex setting}{appendix.C}% 20
\BOOKMARK [1][-]{appendix.D}{Proof of Main Theorems}{}% 21
\BOOKMARK [2][-]{subsection.D.1}{Proof of Theorem 1}{appendix.D}% 22
\BOOKMARK [2][-]{subsection.D.2}{Proof of Theorem 2}{appendix.D}% 23
\BOOKMARK [1][-]{appendix.E}{Additional Plots for the Numerical Experiments}{}% 24
\BOOKMARK [2][-]{subsection.E.1}{Homogeneous setting}{appendix.E}% 25
\BOOKMARK [2][-]{subsection.E.2}{Heterogeneous setting}{appendix.E}% 26
