\BOOKMARK [1][-]{section.1}{Introduction}{}% 1
\BOOKMARK [1][-]{section.2}{Incremental Minimization of Finite Sum Nonconvex Functions}{}% 2
\BOOKMARK [1][-]{section.3}{Convergence Analysis}{}% 3
\BOOKMARK [1][-]{section.4}{Numerical Experiments}{}% 4
\BOOKMARK [2][-]{subsection.4.1}{Binary logistic regression with missing values}{section.4}% 5
\BOOKMARK [2][-]{subsection.4.2}{Training Bayesian CNN using MISSO}{section.4}% 6
\BOOKMARK [1][-]{section.5}{Conclusion}{}% 7
\BOOKMARK [1][-]{section.6}{Broader Impact Statement}{}% 8
\BOOKMARK [1][-]{appendix.A}{Proof of Theorem 1}{}% 9
\BOOKMARK [1][-]{appendix.B}{Proof of Theorem 2}{}% 10
\BOOKMARK [1][-]{appendix.C}{Proof of Lemma 1}{}% 11
\BOOKMARK [1][-]{appendix.D}{Details about the Numerical Experiments}{}% 12
\BOOKMARK [2][-]{subsection.D.1}{Binary Logistic Regression on the Traumabase}{appendix.D}% 13
\BOOKMARK [3][-]{subsubsection.D.1.1}{Traumabase quantitative variables}{subsection.D.1}% 14
\BOOKMARK [3][-]{subsubsection.D.1.2}{Metropolis-Hastings algorithm}{subsection.D.1}% 15
\BOOKMARK [3][-]{subsubsection.D.1.3}{MISSO Update}{subsection.D.1}% 16
\BOOKMARK [2][-]{subsection.D.2}{Incremental Variational Inference}{appendix.D}% 17
\BOOKMARK [3][-]{subsubsection.D.2.1}{Bayesian LeNet-5 Architecture}{subsection.D.2}% 18
\BOOKMARK [3][-]{subsubsection.D.2.2}{Bayesian ResNet-18 Architecture}{subsection.D.2}% 19
\BOOKMARK [3][-]{subsubsection.D.2.3}{Algorithms updates}{subsection.D.2}% 20
