This is pdfTeX, Version 3.14159265-2.6-1.40.19 (TeX Live 2018) (preloaded format=pdflatex 2018.7.23)  3 AUG 2020 08:55
entering extended mode
 restricted \write18 enabled.
 file:line:error style messages enabled.
 %&-line parsing enabled.
**main2.tex
(./main2.tex
LaTeX2e <2018-04-01> patch level 2
Babel <3.18> and hyphenation patterns for 84 language(s) loaded.
(/usr/local/texlive/2018/texmf-dist/tex/latex/base/article.cls
Document Class: article 2014/09/29 v1.4h Standard LaTeX document class
(/usr/local/texlive/2018/texmf-dist/tex/latex/base/size10.clo
File: size10.clo 2014/09/29 v1.4h Standard LaTeX file (size option)
)
\c@part=\count80
\c@section=\count81
\c@subsection=\count82
\c@subsubsection=\count83
\c@paragraph=\count84
\c@subparagraph=\count85
\c@figure=\count86
\c@table=\count87
\abovecaptionskip=\skip41
\belowcaptionskip=\skip42
\bibindent=\dimen102
)
(/usr/local/texlive/2018/texmf-dist/tex/latex/geometry/geometry.sty
Package: geometry 2018/03/24 v5.7 Page Geometry

(/usr/local/texlive/2018/texmf-dist/tex/latex/graphics/keyval.sty
Package: keyval 2014/10/28 v1.15 key=value parser (DPC)
\KV@toks@=\toks14
)
(/usr/local/texlive/2018/texmf-dist/tex/generic/oberdiek/ifpdf.sty
Package: ifpdf 2017/03/15 v3.2 Provides the ifpdf switch
)
(/usr/local/texlive/2018/texmf-dist/tex/generic/oberdiek/ifvtex.sty
Package: ifvtex 2016/05/16 v1.6 Detect VTeX and its facilities (HO)
Package ifvtex Info: VTeX not detected.
)
(/usr/local/texlive/2018/texmf-dist/tex/generic/ifxetex/ifxetex.sty
Package: ifxetex 2010/09/12 v0.6 Provides ifxetex conditional
)
\Gm@cnth=\count88
\Gm@cntv=\count89
\c@Gm@tempcnt=\count90
\Gm@bindingoffset=\dimen103
\Gm@wd@mp=\dimen104
\Gm@odd@mp=\dimen105
\Gm@even@mp=\dimen106
\Gm@layoutwidth=\dimen107
\Gm@layoutheight=\dimen108
\Gm@layouthoffset=\dimen109
\Gm@layoutvoffset=\dimen110
\Gm@dimlist=\toks15
)
(/usr/local/texlive/2018/texmf-dist/tex/latex/graphics/graphicx.sty
Package: graphicx 2017/06/01 v1.1a Enhanced LaTeX Graphics (DPC,SPQR)

(/usr/local/texlive/2018/texmf-dist/tex/latex/graphics/graphics.sty
Package: graphics 2017/06/25 v1.2c Standard LaTeX Graphics (DPC,SPQR)

(/usr/local/texlive/2018/texmf-dist/tex/latex/graphics/trig.sty
Package: trig 2016/01/03 v1.10 sin cos tan (DPC)
)
(/usr/local/texlive/2018/texmf-dist/tex/latex/graphics-cfg/graphics.cfg
File: graphics.cfg 2016/06/04 v1.11 sample graphics configuration
)
Package graphics Info: Driver file: pdftex.def on input line 99.

(/usr/local/texlive/2018/texmf-dist/tex/latex/graphics-def/pdftex.def
File: pdftex.def 2018/01/08 v1.0l Graphics/color driver for pdftex
))
\Gin@req@height=\dimen111
\Gin@req@width=\dimen112
)
(/usr/local/texlive/2018/texmf-dist/tex/latex/base/inputenc.sty
Package: inputenc 2018/04/06 v1.3b Input encoding file
\inpenc@prehook=\toks16
\inpenc@posthook=\toks17
)
(/usr/local/texlive/2018/texmf-dist/tex/latex/base/fontenc.sty
Package: fontenc 2017/04/05 v2.0i Standard LaTeX package

(/usr/local/texlive/2018/texmf-dist/tex/latex/base/t1enc.def
File: t1enc.def 2017/04/05 v2.0i Standard LaTeX file
LaTeX Font Info:    Redeclaring font encoding T1 on input line 48.
))
(/usr/local/texlive/2018/texmf-dist/tex/latex/url/url.sty
\Urlmuskip=\muskip10
Package: url 2013/09/16  ver 3.4  Verb mode for urls, etc.
)
(/usr/local/texlive/2018/texmf-dist/tex/latex/booktabs/booktabs.sty
Package: booktabs 2016/04/27 v1.618033 publication quality tables
\heavyrulewidth=\dimen113
\lightrulewidth=\dimen114
\cmidrulewidth=\dimen115
\belowrulesep=\dimen116
\belowbottomsep=\dimen117
\aboverulesep=\dimen118
\abovetopsep=\dimen119
\cmidrulesep=\dimen120
\cmidrulekern=\dimen121
\defaultaddspace=\dimen122
\@cmidla=\count91
\@cmidlb=\count92
\@aboverulesep=\dimen123
\@belowrulesep=\dimen124
\@thisruleclass=\count93
\@lastruleclass=\count94
\@thisrulewidth=\dimen125
)
(/usr/local/texlive/2018/texmf-dist/tex/latex/amsfonts/amsfonts.sty
Package: amsfonts 2013/01/14 v3.01 Basic AMSFonts support
\@emptytoks=\toks18
\symAMSa=\mathgroup4
\symAMSb=\mathgroup5
LaTeX Font Info:    Overwriting math alphabet `\mathfrak' in version `bold'
(Font)                  U/euf/m/n --> U/euf/b/n on input line 106.
)
(/usr/local/texlive/2018/texmf-dist/tex/latex/units/nicefrac.sty
Package: nicefrac 1998/08/04 v0.9b Nice fractions
\L@UnitsRaiseDisplaystyle=\skip43
\L@UnitsRaiseTextstyle=\skip44
\L@UnitsRaiseScriptstyle=\skip45

(/usr/local/texlive/2018/texmf-dist/tex/latex/base/ifthen.sty
Package: ifthen 2014/09/29 v1.1c Standard LaTeX ifthen package (DPC)
))
(/usr/local/texlive/2018/texmf-dist/tex/latex/microtype/microtype.sty
Package: microtype 2018/01/14 v2.7a Micro-typographical refinements (RS)
\MT@toks=\toks19
\MT@count=\count95
LaTeX Info: Redefining \textls on input line 793.
\MT@outer@kern=\dimen126
LaTeX Info: Redefining \textmicrotypecontext on input line 1339.
\MT@listname@count=\count96

(/usr/local/texlive/2018/texmf-dist/tex/latex/microtype/microtype-pdftex.def
File: microtype-pdftex.def 2018/01/14 v2.7a Definitions specific to pdftex (RS)

LaTeX Info: Redefining \lsstyle on input line 913.
LaTeX Info: Redefining \lslig on input line 913.
\MT@outer@space=\skip46
)
Package microtype Info: Loading configuration file microtype.cfg.

(/usr/local/texlive/2018/texmf-dist/tex/latex/microtype/microtype.cfg
File: microtype.cfg 2018/01/14 v2.7a microtype main configuration file (RS)
))
\tindent=\skip47

(/usr/local/texlive/2018/texmf-dist/tex/latex/amsmath/amsmath.sty
Package: amsmath 2017/09/02 v2.17a AMS math features
\@mathmargin=\skip48

For additional information on amsmath, use the `?' option.
(/usr/local/texlive/2018/texmf-dist/tex/latex/amsmath/amstext.sty
Package: amstext 2000/06/29 v2.01 AMS text

(/usr/local/texlive/2018/texmf-dist/tex/latex/amsmath/amsgen.sty
File: amsgen.sty 1999/11/30 v2.0 generic functions
\@emptytoks=\toks20
\ex@=\dimen127
))
(/usr/local/texlive/2018/texmf-dist/tex/latex/amsmath/amsbsy.sty
Package: amsbsy 1999/11/29 v1.2d Bold Symbols
\pmbraise@=\dimen128
)
(/usr/local/texlive/2018/texmf-dist/tex/latex/amsmath/amsopn.sty
Package: amsopn 2016/03/08 v2.02 operator names
)
\inf@bad=\count97
LaTeX Info: Redefining \frac on input line 213.
\uproot@=\count98
\leftroot@=\count99
LaTeX Info: Redefining \overline on input line 375.
\classnum@=\count100
\DOTSCASE@=\count101
LaTeX Info: Redefining \ldots on input line 472.
LaTeX Info: Redefining \dots on input line 475.
LaTeX Info: Redefining \cdots on input line 596.
\Mathstrutbox@=\box26
\strutbox@=\box27
\big@size=\dimen129
LaTeX Font Info:    Redeclaring font encoding OML on input line 712.
LaTeX Font Info:    Redeclaring font encoding OMS on input line 713.
\macc@depth=\count102
\c@MaxMatrixCols=\count103
\dotsspace@=\muskip11
\c@parentequation=\count104
\dspbrk@lvl=\count105
\tag@help=\toks21
\row@=\count106
\column@=\count107
\maxfields@=\count108
\andhelp@=\toks22
\eqnshift@=\dimen130
\alignsep@=\dimen131
\tagshift@=\dimen132
\tagwidth@=\dimen133
\totwidth@=\dimen134
\lineht@=\dimen135
\@envbody=\toks23
\multlinegap=\skip49
\multlinetaggap=\skip50
\mathdisplay@stack=\toks24
LaTeX Info: Redefining \[ on input line 2817.
LaTeX Info: Redefining \] on input line 2818.
)
(/usr/local/texlive/2018/texmf-dist/tex/latex/amsfonts/amssymb.sty
Package: amssymb 2013/01/14 v3.01 AMS font symbols
)
(/usr/local/texlive/2018/texmf-dist/tex/latex/tools/bm.sty
Package: bm 2017/01/16 v1.2c Bold Symbol Support (DPC/FMi)
\symboldoperators=\mathgroup6
\symboldletters=\mathgroup7
\symboldsymbols=\mathgroup8
LaTeX Font Info:    Redeclaring math alphabet \mathbf on input line 141.
LaTeX Info: Redefining \bm on input line 207.
)
(/usr/local/texlive/2018/texmf-dist/tex/latex/amscls/amsthm.sty
Package: amsthm 2017/10/31 v2.20.4
\thm@style=\toks25
\thm@bodyfont=\toks26
\thm@headfont=\toks27
\thm@notefont=\toks28
\thm@headpunct=\toks29
\thm@preskip=\skip51
\thm@postskip=\skip52
\thm@headsep=\skip53
\dth@everypar=\toks30
)
(/usr/local/texlive/2018/texmf-dist/tex/latex/bbm-macros/bbm.sty
Package: bbm 1999/03/15 V 1.2 provides fonts for set symbols - TH
LaTeX Font Info:    Overwriting math alphabet `\mathbbm' in version `bold'
(Font)                  U/bbm/m/n --> U/bbm/bx/n on input line 33.
LaTeX Font Info:    Overwriting math alphabet `\mathbbmss' in version `bold'
(Font)                  U/bbmss/m/n --> U/bbmss/bx/n on input line 35.
)
(/usr/local/texlive/2018/texmf-dist/tex/latex/hyperref/hyperref.sty
Package: hyperref 2018/02/06 v6.86b Hypertext links for LaTeX

(/usr/local/texlive/2018/texmf-dist/tex/generic/oberdiek/hobsub-hyperref.sty
Package: hobsub-hyperref 2016/05/16 v1.14 Bundle oberdiek, subset hyperref (HO)


(/usr/local/texlive/2018/texmf-dist/tex/generic/oberdiek/hobsub-generic.sty
Package: hobsub-generic 2016/05/16 v1.14 Bundle oberdiek, subset generic (HO)
Package: hobsub 2016/05/16 v1.14 Construct package bundles (HO)
Package: infwarerr 2016/05/16 v1.4 Providing info/warning/error messages (HO)
Package: ltxcmds 2016/05/16 v1.23 LaTeX kernel commands for general use (HO)
Package: ifluatex 2016/05/16 v1.4 Provides the ifluatex switch (HO)
Package ifluatex Info: LuaTeX not detected.
Package hobsub Info: Skipping package `ifvtex' (already loaded).
Package: intcalc 2016/05/16 v1.2 Expandable calculations with integers (HO)
Package hobsub Info: Skipping package `ifpdf' (already loaded).
Package: etexcmds 2016/05/16 v1.6 Avoid name clashes with e-TeX commands (HO)
Package etexcmds Info: Could not find \expanded.
(etexcmds)             That can mean that you are not using pdfTeX 1.50 or
(etexcmds)             that some package has redefined \expanded.
(etexcmds)             In the latter case, load this package earlier.
Package: kvsetkeys 2016/05/16 v1.17 Key value parser (HO)
Package: kvdefinekeys 2016/05/16 v1.4 Define keys (HO)
Package: pdftexcmds 2018/01/30 v0.27 Utility functions of pdfTeX for LuaTeX (HO
)
Package pdftexcmds Info: LuaTeX not detected.
Package pdftexcmds Info: \pdf@primitive is available.
Package pdftexcmds Info: \pdf@ifprimitive is available.
Package pdftexcmds Info: \pdfdraftmode found.
Package: pdfescape 2016/05/16 v1.14 Implements pdfTeX's escape features (HO)
Package: bigintcalc 2016/05/16 v1.4 Expandable calculations on big integers (HO
)
Package: bitset 2016/05/16 v1.2 Handle bit-vector datatype (HO)
Package: uniquecounter 2016/05/16 v1.3 Provide unlimited unique counter (HO)
)
Package hobsub Info: Skipping package `hobsub' (already loaded).
Package: letltxmacro 2016/05/16 v1.5 Let assignment for LaTeX macros (HO)
Package: hopatch 2016/05/16 v1.3 Wrapper for package hooks (HO)
Package: xcolor-patch 2016/05/16 xcolor patch
Package: atveryend 2016/05/16 v1.9 Hooks at the very end of document (HO)
Package atveryend Info: \enddocument detected (standard20110627).
Package: atbegshi 2016/06/09 v1.18 At begin shipout hook (HO)
Package: refcount 2016/05/16 v3.5 Data extraction from label references (HO)
Package: hycolor 2016/05/16 v1.8 Color options for hyperref/bookmark (HO)
)
(/usr/local/texlive/2018/texmf-dist/tex/latex/oberdiek/auxhook.sty
Package: auxhook 2016/05/16 v1.4 Hooks for auxiliary files (HO)
)
(/usr/local/texlive/2018/texmf-dist/tex/latex/oberdiek/kvoptions.sty
Package: kvoptions 2016/05/16 v3.12 Key value format for package options (HO)
)
\@linkdim=\dimen136
\Hy@linkcounter=\count109
\Hy@pagecounter=\count110

(/usr/local/texlive/2018/texmf-dist/tex/latex/hyperref/pd1enc.def
File: pd1enc.def 2018/02/06 v6.86b Hyperref: PDFDocEncoding definition (HO)
Now handling font encoding PD1 ...
... no UTF-8 mapping file for font encoding PD1
)
\Hy@SavedSpaceFactor=\count111

(/usr/local/texlive/2018/texmf-dist/tex/latex/latexconfig/hyperref.cfg
File: hyperref.cfg 2002/06/06 v1.2 hyperref configuration of TeXLive
)
Package hyperref Info: Option `colorlinks' set `true' on input line 4383.
Package hyperref Info: Hyper figures OFF on input line 4509.
Package hyperref Info: Link nesting OFF on input line 4514.
Package hyperref Info: Hyper index ON on input line 4517.
Package hyperref Info: Plain pages OFF on input line 4524.
Package hyperref Info: Backreferencing OFF on input line 4529.
Package hyperref Info: Implicit mode ON; LaTeX internals redefined.
Package hyperref Info: Bookmarks ON on input line 4762.
\c@Hy@tempcnt=\count112
LaTeX Info: Redefining \url on input line 5115.
\XeTeXLinkMargin=\dimen137
\Fld@menulength=\count113
\Field@Width=\dimen138
\Fld@charsize=\dimen139
Package hyperref Info: Hyper figures OFF on input line 6369.
Package hyperref Info: Link nesting OFF on input line 6374.
Package hyperref Info: Hyper index ON on input line 6377.
Package hyperref Info: backreferencing OFF on input line 6384.
Package hyperref Info: Link coloring ON on input line 6387.
Package hyperref Info: Link coloring with OCG OFF on input line 6394.
Package hyperref Info: PDF/A mode OFF on input line 6399.
LaTeX Info: Redefining \ref on input line 6439.
LaTeX Info: Redefining \pageref on input line 6443.
\Hy@abspage=\count114
\c@Item=\count115
\c@Hfootnote=\count116
)
Package hyperref Info: Driver (autodetected): hpdftex.

(/usr/local/texlive/2018/texmf-dist/tex/latex/hyperref/hpdftex.def
File: hpdftex.def 2018/02/06 v6.86b Hyperref driver for pdfTeX
\Fld@listcount=\count117
\c@bookmark@seq@number=\count118

(/usr/local/texlive/2018/texmf-dist/tex/latex/oberdiek/rerunfilecheck.sty
Package: rerunfilecheck 2016/05/16 v1.8 Rerun checks for auxiliary files (HO)
Package uniquecounter Info: New unique counter `rerunfilecheck' on input line 2
82.
)
\Hy@SectionHShift=\skip54
)
(/usr/local/texlive/2018/texmf-dist/tex/latex/algorithms/algorithm.sty
Package: algorithm 2009/08/24 v0.1 Document Style `algorithm' - floating enviro
nment

(/usr/local/texlive/2018/texmf-dist/tex/latex/float/float.sty
Package: float 2001/11/08 v1.3d Float enhancements (AL)
\c@float@type=\count119
\float@exts=\toks31
\float@box=\box28
\@float@everytoks=\toks32
\@floatcapt=\box29
)
\@float@every@algorithm=\toks33
\c@algorithm=\count120
)
(/usr/local/texlive/2018/texmf-dist/tex/latex/algorithms/algorithmic.sty
Package: algorithmic 2009/08/24 v0.1 Document Style `algorithmic'
\c@ALC@unique=\count121
\c@ALC@line=\count122
\c@ALC@rem=\count123
\c@ALC@depth=\count124
\ALC@tlm=\skip55
\algorithmicindent=\skip56
)
\c@theorem=\count125
\c@corollary=\count126
\c@property=\count127
\c@assumption=\count128
\c@definition=\count129
\c@lemma=\count130
\c@remark=\count131

(./main2.aux)
\openout1 = `main2.aux'.

LaTeX Font Info:    Checking defaults for OML/cmm/m/it on input line 35.
LaTeX Font Info:    ... okay on input line 35.
LaTeX Font Info:    Checking defaults for T1/cmr/m/n on input line 35.
LaTeX Font Info:    ... okay on input line 35.
LaTeX Font Info:    Checking defaults for OT1/cmr/m/n on input line 35.
LaTeX Font Info:    ... okay on input line 35.
LaTeX Font Info:    Checking defaults for OMS/cmsy/m/n on input line 35.
LaTeX Font Info:    ... okay on input line 35.
LaTeX Font Info:    Checking defaults for OMX/cmex/m/n on input line 35.
LaTeX Font Info:    ... okay on input line 35.
LaTeX Font Info:    Checking defaults for U/cmr/m/n on input line 35.
LaTeX Font Info:    ... okay on input line 35.
LaTeX Font Info:    Checking defaults for PD1/pdf/m/n on input line 35.
LaTeX Font Info:    ... okay on input line 35.

*geometry* driver: auto-detecting
*geometry* detected driver: pdftex
*geometry* verbose mode - [ preamble ] result:
* driver: pdftex
* paper: <default>
* layout: <same size as paper>
* layoutoffset:(h,v)=(0.0pt,0.0pt)
* modes: 
* h-part:(L,W,R)=(72.26999pt, 469.75502pt, 72.26999pt)
* v-part:(T,H,B)=(72.26999pt, 650.43001pt, 72.26999pt)
* \paperwidth=614.295pt
* \paperheight=794.96999pt
* \textwidth=469.75502pt
* \textheight=650.43001pt
* \oddsidemargin=0.0pt
* \evensidemargin=0.0pt
* \topmargin=-37.0pt
* \headheight=12.0pt
* \headsep=25.0pt
* \topskip=10.0pt
* \footskip=30.0pt
* \marginparwidth=65.0pt
* \marginparsep=11.0pt
* \columnsep=10.0pt
* \skip\footins=9.0pt plus 4.0pt minus 2.0pt
* \hoffset=0.0pt
* \voffset=0.0pt
* \mag=1000
* \@twocolumnfalse
* \@twosidefalse
* \@mparswitchfalse
* \@reversemarginfalse
* (1in=72.27pt=25.4mm, 1cm=28.453pt)

(/usr/local/texlive/2018/texmf-dist/tex/context/base/mkii/supp-pdf.mkii
[Loading MPS to PDF converter (version 2006.09.02).]
\scratchcounter=\count132
\scratchdimen=\dimen140
\scratchbox=\box30
\nofMPsegments=\count133
\nofMParguments=\count134
\everyMPshowfont=\toks34
\MPscratchCnt=\count135
\MPscratchDim=\dimen141
\MPnumerator=\count136
\makeMPintoPDFobject=\count137
\everyMPtoPDFconversion=\toks35
) (/usr/local/texlive/2018/texmf-dist/tex/latex/oberdiek/epstopdf-base.sty
Package: epstopdf-base 2016/05/15 v2.6 Base part for package epstopdf

(/usr/local/texlive/2018/texmf-dist/tex/latex/oberdiek/grfext.sty
Package: grfext 2016/05/16 v1.2 Manage graphics extensions (HO)
)
Package epstopdf-base Info: Redefining graphics rule for `.eps' on input line 4
38.
Package grfext Info: Graphics extension search list:
(grfext)             [.pdf,.png,.jpg,.mps,.jpeg,.jbig2,.jb2,.PDF,.PNG,.JPG,.JPE
G,.JBIG2,.JB2,.eps]
(grfext)             \AppendGraphicsExtensions on input line 456.

(/usr/local/texlive/2018/texmf-dist/tex/latex/latexconfig/epstopdf-sys.cfg
File: epstopdf-sys.cfg 2010/07/13 v1.3 Configuration of (r)epstopdf for TeX Liv
e
))
LaTeX Info: Redefining \microtypecontext on input line 35.
Package microtype Info: Generating PDF output.
Package microtype Info: Character protrusion enabled (level 2).
Package microtype Info: Using default protrusion set `alltext'.
Package microtype Info: Automatic font expansion enabled (level 2),
(microtype)             stretch: 20, shrink: 20, step: 1, non-selected.
Package microtype Info: Using default expansion set `basictext'.
Package microtype Info: No adjustment of tracking.
Package microtype Info: No adjustment of interword spacing.
Package microtype Info: No adjustment of character kerning.

(/usr/local/texlive/2018/texmf-dist/tex/latex/microtype/mt-cmr.cfg
File: mt-cmr.cfg 2013/05/19 v2.2 microtype config. file: Computer Modern Roman 
(RS)
)
\AtBeginShipoutBox=\box31

(/usr/local/texlive/2018/texmf-dist/tex/latex/graphics/color.sty
Package: color 2016/07/10 v1.1e Standard LaTeX Color (DPC)

(/usr/local/texlive/2018/texmf-dist/tex/latex/graphics-cfg/color.cfg
File: color.cfg 2016/01/02 v1.6 sample color configuration
)
Package color Info: Driver file: pdftex.def on input line 147.
)
Package hyperref Info: Link coloring ON on input line 35.

(/usr/local/texlive/2018/texmf-dist/tex/latex/hyperref/nameref.sty
Package: nameref 2016/05/21 v2.44 Cross-referencing by name of section

(/usr/local/texlive/2018/texmf-dist/tex/generic/oberdiek/gettitlestring.sty
Package: gettitlestring 2016/05/16 v1.5 Cleanup title references (HO)
)
\c@section@level=\count138
)
LaTeX Info: Redefining \ref on input line 35.
LaTeX Info: Redefining \pageref on input line 35.
LaTeX Info: Redefining \nameref on input line 35.

(./main2.out) (./main2.out)
\@outlinefile=\write3
\openout3 = `main2.out'.

LaTeX Font Info:    Try loading font information for U+msa on input line 42.

(/usr/local/texlive/2018/texmf-dist/tex/latex/amsfonts/umsa.fd
File: umsa.fd 2013/01/14 v3.01 AMS symbols A
)
(/usr/local/texlive/2018/texmf-dist/tex/latex/microtype/mt-msa.cfg
File: mt-msa.cfg 2006/02/04 v1.1 microtype config. file: AMS symbols (a) (RS)
)
LaTeX Font Info:    Try loading font information for U+msb on input line 42.

(/usr/local/texlive/2018/texmf-dist/tex/latex/amsfonts/umsb.fd
File: umsb.fd 2013/01/14 v3.01 AMS symbols B
)
(/usr/local/texlive/2018/texmf-dist/tex/latex/microtype/mt-msb.cfg
File: mt-msb.cfg 2005/06/01 v1.0 microtype config. file: AMS symbols (b) (RS)
)
LaTeX Font Info:    Try loading font information for T1+cmtt on input line 44.

(/usr/local/texlive/2018/texmf-dist/tex/latex/base/t1cmtt.fd
File: t1cmtt.fd 2014/09/29 v2.5h Standard LaTeX font definitions
)
Package microtype Info: Loading generic protrusion settings for font family
(microtype)             `cmtt' (encoding: T1).
(microtype)             For optimal results, create family-specific settings.
(microtype)             See the microtype manual for details.
 [1

{/usr/local/texlive/2018/texmf-var/fonts/map/pdftex/updmap/pdftex.map}]
LaTeX Font Info:    Try loading font information for OMS+cmr on input line 72.

(/usr/local/texlive/2018/texmf-dist/tex/latex/base/omscmr.fd
File: omscmr.fd 2014/09/29 v2.5h Standard LaTeX font definitions
)
LaTeX Font Info:    Font shape `OMS/cmr/m/n' in size <10> not available
(Font)              Font shape `OMS/cmsy/m/n' tried instead on input line 72.
 [2]

LaTeX Warning: Citation `DBLP:journals/tcs/CharikarCF04' on page 3 undefined on
 input line 108.

Package hyperref Info: bookmark level for unknown algorithm defaults to 0 on in
put line 110.
[3] [4]
LaTeX Font Info:    Font shape `T1/cmtt/bx/n' in size <10> not available
(Font)              Font shape `T1/cmtt/m/n' tried instead on input line 246.
 [5] [6] [7]
LaTeX Font Info:    Font shape `T1/cmtt/bx/n' in size <12> not available
(Font)              Font shape `T1/cmtt/m/n' tried instead on input line 383.
LaTeX Font Info:    Font shape `OMS/cmr/m/it' in size <10> not available
(Font)              Font shape `OMS/cmsy/m/n' tried instead on input line 396.
 [8] [9] [10] (./Experiments.tex

LaTeX Warning: Citation `li2018federated' on page 11 undefined on input line 5.


Package epstopdf Info: Source file: <MNIST_figures/local1_sketch20_iid1_train_l
oss.eps>
(epstopdf)                    date: 2020-08-03 06:53:32
(epstopdf)                    size: 21389 bytes
(epstopdf)             Output file: <MNIST_figures/local1_sketch20_iid1_train_l
oss-eps-converted-to.pdf>
(epstopdf)             Command: <repstopdf --outfile=MNIST_figures/local1_sketc
h20_iid1_train_loss-eps-converted-to.pdf MNIST_figures/local1_sketch20_iid1_tra
in_loss.eps>
(epstopdf)             \includegraphics on input line 13.
runsystem(repstopdf --outfile=MNIST_figures/local1_sketch20_iid1_train_loss-eps
-converted-to.pdf MNIST_figures/local1_sketch20_iid1_train_loss.eps)...executed
 safely (allowed).

Package epstopdf Info: Result file: <MNIST_figures/local1_sketch20_iid1_train_l
oss-eps-converted-to.pdf>
(epstopdf)                    date: 2020-08-03 08:55:24
(epstopdf)                    size: 9517 bytes.
<MNIST_figures/local1_sketch20_iid1_train_loss-eps-converted-to.pdf, id=341, 42
1.575pt x 316.18124pt>
File: MNIST_figures/local1_sketch20_iid1_train_loss-eps-converted-to.pdf Graphi
c file (type pdf)
<use MNIST_figures/local1_sketch20_iid1_train_loss-eps-converted-to.pdf>
Package pdftex.def Info: MNIST_figures/local1_sketch20_iid1_train_loss-eps-conv
erted-to.pdf  used on input line 13.
(pdftex.def)             Requested size: 216.81pt x 162.61081pt.
Package epstopdf Info: Source file: <MNIST_figures/local1_sketch20_iid1_test_ac
c.eps>
(epstopdf)                    date: 2020-08-03 06:53:32
(epstopdf)                    size: 18812 bytes
(epstopdf)             Output file: <MNIST_figures/local1_sketch20_iid1_test_ac
c-eps-converted-to.pdf>
(epstopdf)             Command: <repstopdf --outfile=MNIST_figures/local1_sketc
h20_iid1_test_acc-eps-converted-to.pdf MNIST_figures/local1_sketch20_iid1_test_
acc.eps>
(epstopdf)             \includegraphics on input line 13.
runsystem(repstopdf --outfile=MNIST_figures/local1_sketch20_iid1_test_acc-eps-c
onverted-to.pdf MNIST_figures/local1_sketch20_iid1_test_acc.eps)...executed saf
ely (allowed).

Package epstopdf Info: Result file: <MNIST_figures/local1_sketch20_iid1_test_ac
c-eps-converted-to.pdf>
(epstopdf)                    date: 2020-08-03 08:55:25
(epstopdf)                    size: 9974 bytes.
<MNIST_figures/local1_sketch20_iid1_test_acc-eps-converted-to.pdf, id=342, 421.
575pt x 316.18124pt>
File: MNIST_figures/local1_sketch20_iid1_test_acc-eps-converted-to.pdf Graphic 
file (type pdf)
<use MNIST_figures/local1_sketch20_iid1_test_acc-eps-converted-to.pdf>
Package pdftex.def Info: MNIST_figures/local1_sketch20_iid1_test_acc-eps-conver
ted-to.pdf  used on input line 13.
(pdftex.def)             Requested size: 216.81pt x 162.61081pt.
Package epstopdf Info: Source file: <MNIST_figures/local1_sketch50_iid1_train_l
oss.eps>
(epstopdf)                    date: 2020-08-03 06:53:32
(epstopdf)                    size: 21408 bytes
(epstopdf)             Output file: <MNIST_figures/local1_sketch50_iid1_train_l
oss-eps-converted-to.pdf>
(epstopdf)             Command: <repstopdf --outfile=MNIST_figures/local1_sketc
h50_iid1_train_loss-eps-converted-to.pdf MNIST_figures/local1_sketch50_iid1_tra
in_loss.eps>
(epstopdf)             \includegraphics on input line 17.
runsystem(repstopdf --outfile=MNIST_figures/local1_sketch50_iid1_train_loss-eps
-converted-to.pdf MNIST_figures/local1_sketch50_iid1_train_loss.eps)...executed
 safely (allowed).

Package epstopdf Info: Result file: <MNIST_figures/local1_sketch50_iid1_train_l
oss-eps-converted-to.pdf>
(epstopdf)                    date: 2020-08-03 08:55:25
(epstopdf)                    size: 9455 bytes.
<MNIST_figures/local1_sketch50_iid1_train_loss-eps-converted-to.pdf, id=343, 42
1.575pt x 316.18124pt>
File: MNIST_figures/local1_sketch50_iid1_train_loss-eps-converted-to.pdf Graphi
c file (type pdf)
<use MNIST_figures/local1_sketch50_iid1_train_loss-eps-converted-to.pdf>
Package pdftex.def Info: MNIST_figures/local1_sketch50_iid1_train_loss-eps-conv
erted-to.pdf  used on input line 17.
(pdftex.def)             Requested size: 216.81pt x 162.61081pt.
Package epstopdf Info: Source file: <MNIST_figures/local1_sketch50_iid1_test_ac
c.eps>
(epstopdf)                    date: 2020-08-03 06:53:32
(epstopdf)                    size: 18404 bytes
(epstopdf)             Output file: <MNIST_figures/local1_sketch50_iid1_test_ac
c-eps-converted-to.pdf>
(epstopdf)             Command: <repstopdf --outfile=MNIST_figures/local1_sketc
h50_iid1_test_acc-eps-converted-to.pdf MNIST_figures/local1_sketch50_iid1_test_
acc.eps>
(epstopdf)             \includegraphics on input line 17.
runsystem(repstopdf --outfile=MNIST_figures/local1_sketch50_iid1_test_acc-eps-c
onverted-to.pdf MNIST_figures/local1_sketch50_iid1_test_acc.eps)...executed saf
ely (allowed).

Package epstopdf Info: Result file: <MNIST_figures/local1_sketch50_iid1_test_ac
c-eps-converted-to.pdf>
(epstopdf)                    date: 2020-08-03 08:55:26
(epstopdf)                    size: 9784 bytes.
<MNIST_figures/local1_sketch50_iid1_test_acc-eps-converted-to.pdf, id=344, 421.
575pt x 316.18124pt>
File: MNIST_figures/local1_sketch50_iid1_test_acc-eps-converted-to.pdf Graphic 
file (type pdf)
<use MNIST_figures/local1_sketch50_iid1_test_acc-eps-converted-to.pdf>
Package pdftex.def Info: MNIST_figures/local1_sketch50_iid1_test_acc-eps-conver
ted-to.pdf  used on input line 17.
(pdftex.def)             Requested size: 216.81pt x 162.61081pt.

LaTeX Warning: `h' float specifier changed to `ht'.

Package epstopdf Info: Source file: <MNIST_figures/local2_sketch20_iid1_train_l
oss.eps>
(epstopdf)                    date: 2020-08-03 06:53:32
(epstopdf)                    size: 21092 bytes
(epstopdf)             Output file: <MNIST_figures/local2_sketch20_iid1_train_l
oss-eps-converted-to.pdf>
(epstopdf)             Command: <repstopdf --outfile=MNIST_figures/local2_sketc
h20_iid1_train_loss-eps-converted-to.pdf MNIST_figures/local2_sketch20_iid1_tra
in_loss.eps>
(epstopdf)             \includegraphics on input line 29.
runsystem(repstopdf --outfile=MNIST_figures/local2_sketch20_iid1_train_loss-eps
-converted-to.pdf MNIST_figures/local2_sketch20_iid1_train_loss.eps)...executed
 safely (allowed).

Package epstopdf Info: Result file: <MNIST_figures/local2_sketch20_iid1_train_l
oss-eps-converted-to.pdf>
(epstopdf)                    date: 2020-08-03 08:55:26
(epstopdf)                    size: 9268 bytes.
<MNIST_figures/local2_sketch20_iid1_train_loss-eps-converted-to.pdf, id=345, 42
1.575pt x 316.18124pt>
File: MNIST_figures/local2_sketch20_iid1_train_loss-eps-converted-to.pdf Graphi
c file (type pdf)
<use MNIST_figures/local2_sketch20_iid1_train_loss-eps-converted-to.pdf>
Package pdftex.def Info: MNIST_figures/local2_sketch20_iid1_train_loss-eps-conv
erted-to.pdf  used on input line 29.
(pdftex.def)             Requested size: 115.63243pt x 86.72093pt.
Package epstopdf Info: Source file: <MNIST_figures/local2_sketch20_iid1_test_ac
c.eps>
(epstopdf)                    date: 2020-08-03 06:53:32
(epstopdf)                    size: 17773 bytes
(epstopdf)             Output file: <MNIST_figures/local2_sketch20_iid1_test_ac
c-eps-converted-to.pdf>
(epstopdf)             Command: <repstopdf --outfile=MNIST_figures/local2_sketc
h20_iid1_test_acc-eps-converted-to.pdf MNIST_figures/local2_sketch20_iid1_test_
acc.eps>
(epstopdf)             \includegraphics on input line 29.
runsystem(repstopdf --outfile=MNIST_figures/local2_sketch20_iid1_test_acc-eps-c
onverted-to.pdf MNIST_figures/local2_sketch20_iid1_test_acc.eps)...executed saf
ely (allowed).

Package epstopdf Info: Result file: <MNIST_figures/local2_sketch20_iid1_test_ac
c-eps-converted-to.pdf>
(epstopdf)                    date: 2020-08-03 08:55:27
(epstopdf)                    size: 9565 bytes.
<MNIST_figures/local2_sketch20_iid1_test_acc-eps-converted-to.pdf, id=346, 421.
575pt x 316.18124pt>
File: MNIST_figures/local2_sketch20_iid1_test_acc-eps-converted-to.pdf Graphic 
file (type pdf)
<use MNIST_figures/local2_sketch20_iid1_test_acc-eps-converted-to.pdf>
Package pdftex.def Info: MNIST_figures/local2_sketch20_iid1_test_acc-eps-conver
ted-to.pdf  used on input line 29.
(pdftex.def)             Requested size: 115.63243pt x 86.72093pt.
Package epstopdf Info: Source file: <MNIST_figures/local2_sketch50_iid1_train_l
oss.eps>
(epstopdf)                    date: 2020-08-03 06:53:32
(epstopdf)                    size: 21082 bytes
(epstopdf)             Output file: <MNIST_figures/local2_sketch50_iid1_train_l
oss-eps-converted-to.pdf>
(epstopdf)             Command: <repstopdf --outfile=MNIST_figures/local2_sketc
h50_iid1_train_loss-eps-converted-to.pdf MNIST_figures/local2_sketch50_iid1_tra
in_loss.eps>
(epstopdf)             \includegraphics on input line 29.
runsystem(repstopdf --outfile=MNIST_figures/local2_sketch50_iid1_train_loss-eps
-converted-to.pdf MNIST_figures/local2_sketch50_iid1_train_loss.eps)...executed
 safely (allowed).

Package epstopdf Info: Result file: <MNIST_figures/local2_sketch50_iid1_train_l
oss-eps-converted-to.pdf>
(epstopdf)                    date: 2020-08-03 08:55:27
(epstopdf)                    size: 9292 bytes.
<MNIST_figures/local2_sketch50_iid1_train_loss-eps-converted-to.pdf, id=347, 42
1.575pt x 316.18124pt>
File: MNIST_figures/local2_sketch50_iid1_train_loss-eps-converted-to.pdf Graphi
c file (type pdf)
<use MNIST_figures/local2_sketch50_iid1_train_loss-eps-converted-to.pdf>
Package pdftex.def Info: MNIST_figures/local2_sketch50_iid1_train_loss-eps-conv
erted-to.pdf  used on input line 29.
(pdftex.def)             Requested size: 115.63243pt x 86.72093pt.
Package epstopdf Info: Source file: <MNIST_figures/local2_sketch50_iid1_test_ac
c.eps>
(epstopdf)                    date: 2020-08-03 06:53:32
(epstopdf)                    size: 17790 bytes
(epstopdf)             Output file: <MNIST_figures/local2_sketch50_iid1_test_ac
c-eps-converted-to.pdf>
(epstopdf)             Command: <repstopdf --outfile=MNIST_figures/local2_sketc
h50_iid1_test_acc-eps-converted-to.pdf MNIST_figures/local2_sketch50_iid1_test_
acc.eps>
(epstopdf)             \includegraphics on input line 29.
runsystem(repstopdf --outfile=MNIST_figures/local2_sketch50_iid1_test_acc-eps-c
onverted-to.pdf MNIST_figures/local2_sketch50_iid1_test_acc.eps)...executed saf
ely (allowed).

Package epstopdf Info: Result file: <MNIST_figures/local2_sketch50_iid1_test_ac
c-eps-converted-to.pdf>
(epstopdf)                    date: 2020-08-03 08:55:27
(epstopdf)                    size: 9569 bytes.
<MNIST_figures/local2_sketch50_iid1_test_acc-eps-converted-to.pdf, id=348, 421.
575pt x 316.18124pt>
File: MNIST_figures/local2_sketch50_iid1_test_acc-eps-converted-to.pdf Graphic 
file (type pdf)
<use MNIST_figures/local2_sketch50_iid1_test_acc-eps-converted-to.pdf>
Package pdftex.def Info: MNIST_figures/local2_sketch50_iid1_test_acc-eps-conver
ted-to.pdf  used on input line 29.
(pdftex.def)             Requested size: 115.63243pt x 86.72093pt.

Overfull \hbox (9.4373pt too wide) in paragraph at lines 29--30
 [] 
 []

Package epstopdf Info: Source file: <MNIST_figures/local5_sketch20_iid1_train_l
oss.eps>
(epstopdf)                    date: 2020-08-03 06:53:32
(epstopdf)                    size: 21282 bytes
(epstopdf)             Output file: <MNIST_figures/local5_sketch20_iid1_train_l
oss-eps-converted-to.pdf>
(epstopdf)             Command: <repstopdf --outfile=MNIST_figures/local5_sketc
h20_iid1_train_loss-eps-converted-to.pdf MNIST_figures/local5_sketch20_iid1_tra
in_loss.eps>
(epstopdf)             \includegraphics on input line 35.
runsystem(repstopdf --outfile=MNIST_figures/local5_sketch20_iid1_train_loss-eps
-converted-to.pdf MNIST_figures/local5_sketch20_iid1_train_loss.eps)...executed
 safely (allowed).

Package epstopdf Info: Result file: <MNIST_figures/local5_sketch20_iid1_train_l
oss-eps-converted-to.pdf>
(epstopdf)                    date: 2020-08-03 08:55:28
(epstopdf)                    size: 9285 bytes.
<MNIST_figures/local5_sketch20_iid1_train_loss-eps-converted-to.pdf, id=349, 42
1.575pt x 316.18124pt>
File: MNIST_figures/local5_sketch20_iid1_train_loss-eps-converted-to.pdf Graphi
c file (type pdf)
<use MNIST_figures/local5_sketch20_iid1_train_loss-eps-converted-to.pdf>
Package pdftex.def Info: MNIST_figures/local5_sketch20_iid1_train_loss-eps-conv
erted-to.pdf  used on input line 35.
(pdftex.def)             Requested size: 115.63243pt x 86.72093pt.
Package epstopdf Info: Source file: <MNIST_figures/local5_sketch20_iid1_test_ac
c.eps>
(epstopdf)                    date: 2020-08-03 06:53:32
(epstopdf)                    size: 61161 bytes
(epstopdf)             Output file: <MNIST_figures/local5_sketch20_iid1_test_ac
c-eps-converted-to.pdf>
(epstopdf)             Command: <repstopdf --outfile=MNIST_figures/local5_sketc
h20_iid1_test_acc-eps-converted-to.pdf MNIST_figures/local5_sketch20_iid1_test_
acc.eps>
(epstopdf)             \includegraphics on input line 35.
runsystem(repstopdf --outfile=MNIST_figures/local5_sketch20_iid1_test_acc-eps-c
onverted-to.pdf MNIST_figures/local5_sketch20_iid1_test_acc.eps)...executed saf
ely (allowed).

Package epstopdf Info: Result file: <MNIST_figures/local5_sketch20_iid1_test_ac
c-eps-converted-to.pdf>
(epstopdf)                    date: 2020-08-03 08:55:28
(epstopdf)                    size: 96937 bytes.
<MNIST_figures/local5_sketch20_iid1_test_acc-eps-converted-to.pdf, id=350, 421.
575pt x 316.18124pt>
File: MNIST_figures/local5_sketch20_iid1_test_acc-eps-converted-to.pdf Graphic 
file (type pdf)
<use MNIST_figures/local5_sketch20_iid1_test_acc-eps-converted-to.pdf>
Package pdftex.def Info: MNIST_figures/local5_sketch20_iid1_test_acc-eps-conver
ted-to.pdf  used on input line 35.
(pdftex.def)             Requested size: 115.63243pt x 86.72093pt.
Package epstopdf Info: Source file: <MNIST_figures/local5_sketch50_iid1_train_l
oss.eps>
(epstopdf)                    date: 2020-08-03 06:53:32
(epstopdf)                    size: 21408 bytes
(epstopdf)             Output file: <MNIST_figures/local5_sketch50_iid1_train_l
oss-eps-converted-to.pdf>
(epstopdf)             Command: <repstopdf --outfile=MNIST_figures/local5_sketc
h50_iid1_train_loss-eps-converted-to.pdf MNIST_figures/local5_sketch50_iid1_tra
in_loss.eps>
(epstopdf)             \includegraphics on input line 35.
runsystem(repstopdf --outfile=MNIST_figures/local5_sketch50_iid1_train_loss-eps
-converted-to.pdf MNIST_figures/local5_sketch50_iid1_train_loss.eps)...executed
 safely (allowed).

Package epstopdf Info: Result file: <MNIST_figures/local5_sketch50_iid1_train_l
oss-eps-converted-to.pdf>
(epstopdf)                    date: 2020-08-03 08:55:29
(epstopdf)                    size: 9234 bytes.
<MNIST_figures/local5_sketch50_iid1_train_loss-eps-converted-to.pdf, id=351, 42
1.575pt x 316.18124pt>
File: MNIST_figures/local5_sketch50_iid1_train_loss-eps-converted-to.pdf Graphi
c file (type pdf)
<use MNIST_figures/local5_sketch50_iid1_train_loss-eps-converted-to.pdf>
Package pdftex.def Info: MNIST_figures/local5_sketch50_iid1_train_loss-eps-conv
erted-to.pdf  used on input line 35.
(pdftex.def)             Requested size: 115.63243pt x 86.72093pt.
Package epstopdf Info: Source file: <MNIST_figures/local5_sketch50_iid1_test_ac
c.eps>
(epstopdf)                    date: 2020-08-03 06:53:32
(epstopdf)                    size: 18171 bytes
(epstopdf)             Output file: <MNIST_figures/local5_sketch50_iid1_test_ac
c-eps-converted-to.pdf>
(epstopdf)             Command: <repstopdf --outfile=MNIST_figures/local5_sketc
h50_iid1_test_acc-eps-converted-to.pdf MNIST_figures/local5_sketch50_iid1_test_
acc.eps>
(epstopdf)             \includegraphics on input line 35.
runsystem(repstopdf --outfile=MNIST_figures/local5_sketch50_iid1_test_acc-eps-c
onverted-to.pdf MNIST_figures/local5_sketch50_iid1_test_acc.eps)...executed saf
ely (allowed).

Package epstopdf Info: Result file: <MNIST_figures/local5_sketch50_iid1_test_ac
c-eps-converted-to.pdf>
(epstopdf)                    date: 2020-08-03 08:55:29
(epstopdf)                    size: 9508 bytes.
<MNIST_figures/local5_sketch50_iid1_test_acc-eps-converted-to.pdf, id=352, 421.
575pt x 316.18124pt>
File: MNIST_figures/local5_sketch50_iid1_test_acc-eps-converted-to.pdf Graphic 
file (type pdf)
<use MNIST_figures/local5_sketch50_iid1_test_acc-eps-converted-to.pdf>
Package pdftex.def Info: MNIST_figures/local5_sketch50_iid1_test_acc-eps-conver
ted-to.pdf  used on input line 35.
(pdftex.def)             Requested size: 115.63243pt x 86.72093pt.

Overfull \hbox (9.4373pt too wide) in paragraph at lines 35--36
 [][] 
 []


LaTeX Warning: `h' float specifier changed to `ht'.


LaTeX Warning: Reference `fig:MNIST-tau1' on page 11 undefined on input line 42
.


LaTeX Warning: Reference `fig:MNIST-tau2,tau5' on page 11 undefined on input li
ne 44.

) [11] (./main2.bbl [12pdfTeX warning (ext4): destination with the same identif
ier (name{figure.1}) has been already used, duplicate ignored

\AtBegShi@Output ...ipout \box \AtBeginShipoutBox 
                                                  \fi \fi 
l.41 
      <./MNIST_figures/local1_sketch20_iid1_train_loss-eps-converted-to.pdf> <.
/MNIST_figures/local1_sketch20_iid1_test_acc-eps-converted-to.pdf> <./MNIST_fig
ures/local1_sketch50_iid1_train_loss-eps-converted-to.pdf> <./MNIST_figures/loc
al1_sketch50_iid1_test_acc-eps-converted-to.pdf>]) [13pdfTeX warning (ext4): de
stination with the same identifier (name{figure.2}) has been already used, dupl
icate ignored

\AtBegShi@Output ...ipout \box \AtBeginShipoutBox 
                                                  \fi \fi 
l.532 \newpage
               <./MNIST_figures/local2_sketch20_iid1_train_loss-eps-converted-t
o.pdf> <./MNIST_figures/local2_sketch20_iid1_test_acc-eps-converted-to.pdf> <./
MNIST_figures/local2_sketch50_iid1_train_loss-eps-converted-to.pdf> <./MNIST_fi
gures/local2_sketch50_iid1_test_acc-eps-converted-to.pdf> <./MNIST_figures/loca
l5_sketch20_iid1_train_loss-eps-converted-to.pdf> <./MNIST_figures/local5_sketc
h20_iid1_test_acc-eps-converted-to.pdf> <./MNIST_figures/local5_sketch50_iid1_t
rain_loss-eps-converted-to.pdf> <./MNIST_figures/local5_sketch50_iid1_test_acc-
eps-converted-to.pdf>] [14]
Package atveryend Info: Empty hook `BeforeClearDocument' on input line 737.
 [15]
Package atveryend Info: Empty hook `AfterLastShipout' on input line 737.
 (./main2.aux)
Package atveryend Info: Executing hook `AtVeryEndDocument' on input line 737.
Package atveryend Info: Executing hook `AtEndAfterFileList' on input line 737.


Package rerunfilecheck Warning: File `main2.out' has changed.
(rerunfilecheck)                Rerun to get outlines right
(rerunfilecheck)                or use package `bookmark'.

Package rerunfilecheck Info: Checksums for `main2.out':
(rerunfilecheck)             Before: DE5725ABFCAC7D51D8679D4C8B23B338;1104
(rerunfilecheck)             After:  E0EB0487999DD7381E53EEB9C3AAE53A;1209.

LaTeX Warning: There were undefined references.


LaTeX Warning: Label(s) may have changed. Rerun to get cross-references right.

Package atveryend Info: Empty hook `AtVeryVeryEnd' on input line 737.
 ) 
Here is how much of TeX's memory you used:
 9292 strings out of 492649
 141413 string characters out of 6129622
 279589 words of memory out of 5000000
 12639 multiletter control sequences out of 15000+600000
 38798 words of font info for 176 fonts, out of 8000000 for 9000
 1141 hyphenation exceptions out of 8191
 31i,14n,38p,1140b,537s stack positions out of 5000i,500n,10000p,200000b,80000s
{/usr/local/texlive/2018/texmf-dist/fonts/enc/dvips/cm-super/cm-super-t1.enc}
</usr/local/texlive/2018/texmf-dist/fonts/type1/public/amsfonts/cm/cmbx10.pfb><
/usr/local/texlive/2018/texmf-dist/fonts/type1/public/amsfonts/cm/cmbx7.pfb></u
sr/local/texlive/2018/texmf-dist/fonts/type1/public/amsfonts/cm/cmex10.pfb></us
r/local/texlive/2018/texmf-dist/fonts/type1/public/amsfonts/cmextra/cmex7.pfb><
/usr/local/texlive/2018/texmf-dist/fonts/type1/public/amsfonts/cm/cmmi10.pfb></
usr/local/texlive/2018/texmf-dist/fonts/type1/public/amsfonts/cm/cmmi5.pfb></us
r/local/texlive/2018/texmf-dist/fonts/type1/public/amsfonts/cm/cmmi7.pfb></usr/
local/texlive/2018/texmf-dist/fonts/type1/public/amsfonts/cm/cmmib10.pfb></usr/
local/texlive/2018/texmf-dist/fonts/type1/public/amsfonts/cmextra/cmmib7.pfb></
usr/local/texlive/2018/texmf-dist/fonts/type1/public/amsfonts/cm/cmr10.pfb></us
r/local/texlive/2018/texmf-dist/fonts/type1/public/amsfonts/cm/cmr5.pfb></usr/l
ocal/texlive/2018/texmf-dist/fonts/type1/public/amsfonts/cm/cmr7.pfb></usr/loca
l/texlive/2018/texmf-dist/fonts/type1/public/amsfonts/cm/cmsy10.pfb></usr/local
/texlive/2018/texmf-dist/fonts/type1/public/amsfonts/cm/cmsy5.pfb></usr/local/t
exlive/2018/texmf-dist/fonts/type1/public/amsfonts/cm/cmsy7.pfb></usr/local/tex
live/2018/texmf-dist/fonts/type1/public/amsfonts/symbols/msam10.pfb></usr/local
/texlive/2018/texmf-dist/fonts/type1/public/amsfonts/symbols/msbm10.pfb></usr/l
ocal/texlive/2018/texmf-dist/fonts/type1/public/amsfonts/symbols/msbm7.pfb></us
r/local/texlive/2018/texmf-dist/fonts/type1/public/cm-super/sfbi1000.pfb></usr/
local/texlive/2018/texmf-dist/fonts/type1/public/cm-super/sfbx0900.pfb></usr/lo
cal/texlive/2018/texmf-dist/fonts/type1/public/cm-super/sfbx1000.pfb></usr/loca
l/texlive/2018/texmf-dist/fonts/type1/public/cm-super/sfbx1200.pfb></usr/local/
texlive/2018/texmf-dist/fonts/type1/public/cm-super/sfbx1440.pfb></usr/local/te
xlive/2018/texmf-dist/fonts/type1/public/cm-super/sfcc1000.pfb></usr/local/texl
ive/2018/texmf-dist/fonts/type1/public/cm-super/sfit1000.pfb></usr/local/texliv
e/2018/texmf-dist/fonts/type1/public/cm-super/sfrm0800.pfb></usr/local/texlive/
2018/texmf-dist/fonts/type1/public/cm-super/sfrm0900.pfb></usr/local/texlive/20
18/texmf-dist/fonts/type1/public/cm-super/sfrm1000.pfb></usr/local/texlive/2018
/texmf-dist/fonts/type1/public/cm-super/sfrm1200.pfb></usr/local/texlive/2018/t
exmf-dist/fonts/type1/public/cm-super/sfrm1728.pfb></usr/local/texlive/2018/tex
mf-dist/fonts/type1/public/cm-super/sfti1000.pfb></usr/local/texlive/2018/texmf
-dist/fonts/type1/public/cm-super/sftt0900.pfb></usr/local/texlive/2018/texmf-d
ist/fonts/type1/public/cm-super/sftt1000.pfb></usr/local/texlive/2018/texmf-dis
t/fonts/type1/public/cm-super/sftt1200.pfb>
Output written on main2.pdf (15 pages, 704534 bytes).
PDF statistics:
 649 PDF objects out of 1000 (max. 8388607)
 554 compressed objects within 6 object streams
 166 named destinations out of 1000 (max. 500000)
 33981 words of extra memory for PDF output out of 35830 (max. 10000000)

