This is pdfTeX, Version 3.14159265-2.6-1.40.19 (TeX Live 2018) (preloaded format=pdflatex 2018.7.23)  29 NOV 2021 10:23
entering extended mode
 restricted \write18 enabled.
 file:line:error style messages enabled.
 %&-line parsing enabled.
**arxiv_v2.tex
(./arxiv_v2.tex
LaTeX2e <2018-04-01> patch level 2
Babel <3.18> and hyphenation patterns for 84 language(s) loaded.
(/usr/local/texlive/2018/texmf-dist/tex/latex/base/article.cls
Document Class: article 2014/09/29 v1.4h Standard LaTeX document class
(/usr/local/texlive/2018/texmf-dist/tex/latex/base/size11.clo
File: size11.clo 2014/09/29 v1.4h Standard LaTeX file (size option)
)
\c@part=\count80
\c@section=\count81
\c@subsection=\count82
\c@subsubsection=\count83
\c@paragraph=\count84
\c@subparagraph=\count85
\c@figure=\count86
\c@table=\count87
\abovecaptionskip=\skip41
\belowcaptionskip=\skip42
\bibindent=\dimen102
)
(/usr/local/texlive/2018/texmf-dist/tex/latex/booktabs/booktabs.sty
Package: booktabs 2016/04/27 v1.618033 publication quality tables
\heavyrulewidth=\dimen103
\lightrulewidth=\dimen104
\cmidrulewidth=\dimen105
\belowrulesep=\dimen106
\belowbottomsep=\dimen107
\aboverulesep=\dimen108
\abovetopsep=\dimen109
\cmidrulesep=\dimen110
\cmidrulekern=\dimen111
\defaultaddspace=\dimen112
\@cmidla=\count88
\@cmidlb=\count89
\@aboverulesep=\dimen113
\@belowrulesep=\dimen114
\@thisruleclass=\count90
\@lastruleclass=\count91
\@thisrulewidth=\dimen115
)
(/usr/local/texlive/2018/texmf-dist/tex/latex/amsfonts/amsfonts.sty
Package: amsfonts 2013/01/14 v3.01 Basic AMSFonts support
\@emptytoks=\toks14
\symAMSa=\mathgroup4
\symAMSb=\mathgroup5
LaTeX Font Info:    Overwriting math alphabet `\mathfrak' in version `bold'
(Font)                  U/euf/m/n --> U/euf/b/n on input line 106.
)
(/usr/local/texlive/2018/texmf-dist/tex/latex/amsmath/amsmath.sty
Package: amsmath 2017/09/02 v2.17a AMS math features
\@mathmargin=\skip43

For additional information on amsmath, use the `?' option.
(/usr/local/texlive/2018/texmf-dist/tex/latex/amsmath/amstext.sty
Package: amstext 2000/06/29 v2.01 AMS text

(/usr/local/texlive/2018/texmf-dist/tex/latex/amsmath/amsgen.sty
File: amsgen.sty 1999/11/30 v2.0 generic functions
\@emptytoks=\toks15
\ex@=\dimen116
))
(/usr/local/texlive/2018/texmf-dist/tex/latex/amsmath/amsbsy.sty
Package: amsbsy 1999/11/29 v1.2d Bold Symbols
\pmbraise@=\dimen117
)
(/usr/local/texlive/2018/texmf-dist/tex/latex/amsmath/amsopn.sty
Package: amsopn 2016/03/08 v2.02 operator names
)
\inf@bad=\count92
LaTeX Info: Redefining \frac on input line 213.
\uproot@=\count93
\leftroot@=\count94
LaTeX Info: Redefining \overline on input line 375.
\classnum@=\count95
\DOTSCASE@=\count96
LaTeX Info: Redefining \ldots on input line 472.
LaTeX Info: Redefining \dots on input line 475.
LaTeX Info: Redefining \cdots on input line 596.
\Mathstrutbox@=\box26
\strutbox@=\box27
\big@size=\dimen118
LaTeX Font Info:    Redeclaring font encoding OML on input line 712.
LaTeX Font Info:    Redeclaring font encoding OMS on input line 713.
\macc@depth=\count97
\c@MaxMatrixCols=\count98
\dotsspace@=\muskip10
\c@parentequation=\count99
\dspbrk@lvl=\count100
\tag@help=\toks16
\row@=\count101
\column@=\count102
\maxfields@=\count103
\andhelp@=\toks17
\eqnshift@=\dimen119
\alignsep@=\dimen120
\tagshift@=\dimen121
\tagwidth@=\dimen122
\totwidth@=\dimen123
\lineht@=\dimen124
\@envbody=\toks18
\multlinegap=\skip44
\multlinetaggap=\skip45
\mathdisplay@stack=\toks19
LaTeX Info: Redefining \[ on input line 2817.
LaTeX Info: Redefining \] on input line 2818.
)
(/usr/local/texlive/2018/texmf-dist/tex/latex/graphics/graphicx.sty
Package: graphicx 2017/06/01 v1.1a Enhanced LaTeX Graphics (DPC,SPQR)

(/usr/local/texlive/2018/texmf-dist/tex/latex/graphics/keyval.sty
Package: keyval 2014/10/28 v1.15 key=value parser (DPC)
\KV@toks@=\toks20
)
(/usr/local/texlive/2018/texmf-dist/tex/latex/graphics/graphics.sty
Package: graphics 2017/06/25 v1.2c Standard LaTeX Graphics (DPC,SPQR)

(/usr/local/texlive/2018/texmf-dist/tex/latex/graphics/trig.sty
Package: trig 2016/01/03 v1.10 sin cos tan (DPC)
)
(/usr/local/texlive/2018/texmf-dist/tex/latex/graphics-cfg/graphics.cfg
File: graphics.cfg 2016/06/04 v1.11 sample graphics configuration
)
Package graphics Info: Driver file: pdftex.def on input line 99.

(/usr/local/texlive/2018/texmf-dist/tex/latex/graphics-def/pdftex.def
File: pdftex.def 2018/01/08 v1.0l Graphics/color driver for pdftex
))
\Gin@req@height=\dimen125
\Gin@req@width=\dimen126
)
(/usr/local/texlive/2018/texmf-dist/tex/latex/amscls/amsthm.sty
Package: amsthm 2017/10/31 v2.20.4
\thm@style=\toks21
\thm@bodyfont=\toks22
\thm@headfont=\toks23
\thm@notefont=\toks24
\thm@headpunct=\toks25
\thm@preskip=\skip46
\thm@postskip=\skip47
\thm@headsep=\skip48
\dth@everypar=\toks26
)
(/usr/local/texlive/2018/texmf-dist/tex/latex/amsfonts/amssymb.sty
Package: amssymb 2013/01/14 v3.01 AMS font symbols
)
(/usr/local/texlive/2018/texmf-dist/tex/latex/multirow/multirow.sty
Package: multirow 2016/11/25 v2.2 Span multiple rows of a table
\multirow@colwidth=\skip49
\multirow@cntb=\count104
\multirow@dima=\skip50
\bigstrutjot=\dimen127
)
(/usr/local/texlive/2018/texmf-dist/tex/latex/makecell/makecell.sty
Package: makecell 2009/08/03 V0.1e Managing of Tab Column Heads and Cells

(/usr/local/texlive/2018/texmf-dist/tex/latex/tools/array.sty
Package: array 2018/04/07 v2.4g Tabular extension package (FMi)
\col@sep=\dimen128
\ar@mcellbox=\box28
\extrarowheight=\dimen129
\NC@list=\toks27
\extratabsurround=\skip51
\backup@length=\skip52
\ar@cellbox=\box29
)
\rotheadsize=\dimen130
\c@nlinenum=\count105
\TeXr@lab=\toks28
)
(/usr/local/texlive/2018/texmf-dist/tex/latex/algorithmicx/algpseudocode.sty
Package: algpseudocode 

(/usr/local/texlive/2018/texmf-dist/tex/latex/base/ifthen.sty
Package: ifthen 2014/09/29 v1.1c Standard LaTeX ifthen package (DPC)
)
(/usr/local/texlive/2018/texmf-dist/tex/latex/algorithmicx/algorithmicx.sty
Package: algorithmicx 2005/04/27 v1.2 Algorithmicx

Document Style algorithmicx 1.2 - a greatly improved `algorithmic' style
\c@ALG@line=\count106
\c@ALG@rem=\count107
\c@ALG@nested=\count108
\ALG@tlm=\skip53
\ALG@thistlm=\skip54
\c@ALG@Lnr=\count109
\c@ALG@blocknr=\count110
\c@ALG@storecount=\count111
\c@ALG@tmpcounter=\count112
\ALG@tmplength=\skip55
)
Document Style - pseudocode environments for use with the `algorithmicx' style
) (./algorithm.sty
Package: algorithm 

Document Style `algorithm' - floating environment
(/usr/local/texlive/2018/texmf-dist/tex/latex/float/float.sty
Package: float 2001/11/08 v1.3d Float enhancements (AL)
\c@float@type=\count113
\float@exts=\toks29
\float@box=\box30
\@float@everytoks=\toks30
\@floatcapt=\box31
)
\@float@every@algorithm=\toks31
\c@algorithm=\count114
)
(/usr/local/texlive/2018/texmf-dist/tex/latex/natbib/natbib.sty
Package: natbib 2010/09/13 8.31b (PWD, AO)
\bibhang=\skip56
\bibsep=\skip57
LaTeX Info: Redefining \cite on input line 694.
\c@NAT@ctr=\count115
)
(/usr/local/texlive/2018/texmf-dist/tex/latex/hyperref/hyperref.sty
Package: hyperref 2018/02/06 v6.86b Hypertext links for LaTeX

(/usr/local/texlive/2018/texmf-dist/tex/generic/oberdiek/hobsub-hyperref.sty
Package: hobsub-hyperref 2016/05/16 v1.14 Bundle oberdiek, subset hyperref (HO)


(/usr/local/texlive/2018/texmf-dist/tex/generic/oberdiek/hobsub-generic.sty
Package: hobsub-generic 2016/05/16 v1.14 Bundle oberdiek, subset generic (HO)
Package: hobsub 2016/05/16 v1.14 Construct package bundles (HO)
Package: infwarerr 2016/05/16 v1.4 Providing info/warning/error messages (HO)
Package: ltxcmds 2016/05/16 v1.23 LaTeX kernel commands for general use (HO)
Package: ifluatex 2016/05/16 v1.4 Provides the ifluatex switch (HO)
Package ifluatex Info: LuaTeX not detected.
Package: ifvtex 2016/05/16 v1.6 Detect VTeX and its facilities (HO)
Package ifvtex Info: VTeX not detected.
Package: intcalc 2016/05/16 v1.2 Expandable calculations with integers (HO)
Package: ifpdf 2017/03/15 v3.2 Provides the ifpdf switch
Package: etexcmds 2016/05/16 v1.6 Avoid name clashes with e-TeX commands (HO)
Package etexcmds Info: Could not find \expanded.
(etexcmds)             That can mean that you are not using pdfTeX 1.50 or
(etexcmds)             that some package has redefined \expanded.
(etexcmds)             In the latter case, load this package earlier.
Package: kvsetkeys 2016/05/16 v1.17 Key value parser (HO)
Package: kvdefinekeys 2016/05/16 v1.4 Define keys (HO)
Package: pdftexcmds 2018/01/30 v0.27 Utility functions of pdfTeX for LuaTeX (HO
)
Package pdftexcmds Info: LuaTeX not detected.
Package pdftexcmds Info: \pdf@primitive is available.
Package pdftexcmds Info: \pdf@ifprimitive is available.
Package pdftexcmds Info: \pdfdraftmode found.
Package: pdfescape 2016/05/16 v1.14 Implements pdfTeX's escape features (HO)
Package: bigintcalc 2016/05/16 v1.4 Expandable calculations on big integers (HO
)
Package: bitset 2016/05/16 v1.2 Handle bit-vector datatype (HO)
Package: uniquecounter 2016/05/16 v1.3 Provide unlimited unique counter (HO)
)
Package hobsub Info: Skipping package `hobsub' (already loaded).
Package: letltxmacro 2016/05/16 v1.5 Let assignment for LaTeX macros (HO)
Package: hopatch 2016/05/16 v1.3 Wrapper for package hooks (HO)
Package: xcolor-patch 2016/05/16 xcolor patch
Package: atveryend 2016/05/16 v1.9 Hooks at the very end of document (HO)
Package atveryend Info: \enddocument detected (standard20110627).
Package: atbegshi 2016/06/09 v1.18 At begin shipout hook (HO)
Package: refcount 2016/05/16 v3.5 Data extraction from label references (HO)
Package: hycolor 2016/05/16 v1.8 Color options for hyperref/bookmark (HO)
)
(/usr/local/texlive/2018/texmf-dist/tex/generic/ifxetex/ifxetex.sty
Package: ifxetex 2010/09/12 v0.6 Provides ifxetex conditional
)
(/usr/local/texlive/2018/texmf-dist/tex/latex/oberdiek/auxhook.sty
Package: auxhook 2016/05/16 v1.4 Hooks for auxiliary files (HO)
)
(/usr/local/texlive/2018/texmf-dist/tex/latex/oberdiek/kvoptions.sty
Package: kvoptions 2016/05/16 v3.12 Key value format for package options (HO)
)
\@linkdim=\dimen131
\Hy@linkcounter=\count116
\Hy@pagecounter=\count117

(/usr/local/texlive/2018/texmf-dist/tex/latex/hyperref/pd1enc.def
File: pd1enc.def 2018/02/06 v6.86b Hyperref: PDFDocEncoding definition (HO)
Now handling font encoding PD1 ...
... no UTF-8 mapping file for font encoding PD1
)
\Hy@SavedSpaceFactor=\count118

(/usr/local/texlive/2018/texmf-dist/tex/latex/latexconfig/hyperref.cfg
File: hyperref.cfg 2002/06/06 v1.2 hyperref configuration of TeXLive
)
Package hyperref Info: Option `colorlinks' set `true' on input line 4383.
Package hyperref Info: Hyper figures OFF on input line 4509.
Package hyperref Info: Link nesting OFF on input line 4514.
Package hyperref Info: Hyper index ON on input line 4517.
Package hyperref Info: Plain pages OFF on input line 4524.
Package hyperref Info: Backreferencing OFF on input line 4529.
Package hyperref Info: Implicit mode ON; LaTeX internals redefined.
Package hyperref Info: Bookmarks ON on input line 4762.
\c@Hy@tempcnt=\count119

(/usr/local/texlive/2018/texmf-dist/tex/latex/url/url.sty
\Urlmuskip=\muskip11
Package: url 2013/09/16  ver 3.4  Verb mode for urls, etc.
)
LaTeX Info: Redefining \url on input line 5115.
\XeTeXLinkMargin=\dimen132
\Fld@menulength=\count120
\Field@Width=\dimen133
\Fld@charsize=\dimen134
Package hyperref Info: Hyper figures OFF on input line 6369.
Package hyperref Info: Link nesting OFF on input line 6374.
Package hyperref Info: Hyper index ON on input line 6377.
Package hyperref Info: backreferencing OFF on input line 6384.
Package hyperref Info: Link coloring ON on input line 6387.
Package hyperref Info: Link coloring with OCG OFF on input line 6394.
Package hyperref Info: PDF/A mode OFF on input line 6399.
LaTeX Info: Redefining \ref on input line 6439.
LaTeX Info: Redefining \pageref on input line 6443.
\Hy@abspage=\count121
\c@Item=\count122
\c@Hfootnote=\count123
)
Package hyperref Info: Driver (autodetected): hpdftex.

(/usr/local/texlive/2018/texmf-dist/tex/latex/hyperref/hpdftex.def
File: hpdftex.def 2018/02/06 v6.86b Hyperref driver for pdfTeX
\Fld@listcount=\count124
\c@bookmark@seq@number=\count125

(/usr/local/texlive/2018/texmf-dist/tex/latex/oberdiek/rerunfilecheck.sty
Package: rerunfilecheck 2016/05/16 v1.8 Rerun checks for auxiliary files (HO)
Package uniquecounter Info: New unique counter `rerunfilecheck' on input line 2
82.
)
\Hy@SectionHShift=\skip58
)
(/usr/local/texlive/2018/texmf-dist/tex/latex/geometry/geometry.sty
Package: geometry 2018/03/24 v5.7 Page Geometry
\Gm@cnth=\count126
\Gm@cntv=\count127
\c@Gm@tempcnt=\count128
\Gm@bindingoffset=\dimen135
\Gm@wd@mp=\dimen136
\Gm@odd@mp=\dimen137
\Gm@even@mp=\dimen138
\Gm@layoutwidth=\dimen139
\Gm@layoutheight=\dimen140
\Gm@layouthoffset=\dimen141
\Gm@layoutvoffset=\dimen142
\Gm@dimlist=\toks32
)
(/usr/local/texlive/2018/texmf-dist/tex/latex/subfigure/subfigure.sty
Package: subfigure 2002/03/15 v2.1.5 subfigure package
\subfigtopskip=\skip59
\subfigcapskip=\skip60
\subfigcaptopadj=\dimen143
\subfigbottomskip=\skip61
\subfigcapmargin=\dimen144
\subfiglabelskip=\skip62
\c@subfigure=\count129
\c@lofdepth=\count130
\c@subtable=\count131
\c@lotdepth=\count132

****************************************
* Local config file subfigure.cfg used *
****************************************
(/usr/local/texlive/2018/texmf-dist/tex/latex/subfigure/subfigure.cfg)
\subfig@top=\skip63
\subfig@bottom=\skip64
)
(/usr/local/texlive/2018/texmf-dist/tex/latex/psnfss/pifont.sty
Package: pifont 2005/04/12 PSNFSS-v9.2a Pi font support (SPQR) 
LaTeX Font Info:    Try loading font information for U+pzd on input line 63.

(/usr/local/texlive/2018/texmf-dist/tex/latex/psnfss/upzd.fd
File: upzd.fd 2001/06/04 font definitions for U/pzd.
)
LaTeX Font Info:    Try loading font information for U+psy on input line 64.

(/usr/local/texlive/2018/texmf-dist/tex/latex/psnfss/upsy.fd
File: upsy.fd 2001/06/04 font definitions for U/psy.
))
(/usr/local/texlive/2018/texmf-dist/tex/latex/mathtools/mathtools.sty
Package: mathtools 2018/01/08 v1.21 mathematical typesetting tools

(/usr/local/texlive/2018/texmf-dist/tex/latex/tools/calc.sty
Package: calc 2017/05/25 v4.3 Infix arithmetic (KKT,FJ)
\calc@Acount=\count133
\calc@Bcount=\count134
\calc@Adimen=\dimen145
\calc@Bdimen=\dimen146
\calc@Askip=\skip65
\calc@Bskip=\skip66
LaTeX Info: Redefining \setlength on input line 80.
LaTeX Info: Redefining \addtolength on input line 81.
\calc@Ccount=\count135
\calc@Cskip=\skip67
)
(/usr/local/texlive/2018/texmf-dist/tex/latex/mathtools/mhsetup.sty
Package: mhsetup 2017/03/31 v1.3 programming setup (MH)
)
LaTeX Info: Thecontrolsequence`\('isalreadyrobust on input line 129.
LaTeX Info: Thecontrolsequence`\)'isalreadyrobust on input line 129.
LaTeX Info: Thecontrolsequence`\['isalreadyrobust on input line 129.
LaTeX Info: Thecontrolsequence`\]'isalreadyrobust on input line 129.
\g_MT_multlinerow_int=\count136
\l_MT_multwidth_dim=\dimen147
\origjot=\skip68
\l_MT_shortvdotswithinadjustabove_dim=\dimen148
\l_MT_shortvdotswithinadjustbelow_dim=\dimen149
\l_MT_above_intertext_sep=\dimen150
\l_MT_below_intertext_sep=\dimen151
\l_MT_above_shortintertext_sep=\dimen152
\l_MT_below_shortintertext_sep=\dimen153
)
(/usr/local/texlive/2018/texmf-dist/tex/latex/stmaryrd/stmaryrd.sty
Package: stmaryrd 1994/03/03 St Mary's Road symbol package
\symstmry=\mathgroup6
LaTeX Font Info:    Overwriting symbol font `stmry' in version `bold'
(Font)                  U/stmry/m/n --> U/stmry/b/n on input line 89.
)
(/usr/local/texlive/2018/texmf-dist/tex/latex/base/fontenc.sty
Package: fontenc 2017/04/05 v2.0i Standard LaTeX package

(/usr/local/texlive/2018/texmf-dist/tex/latex/base/t1enc.def
File: t1enc.def 2017/04/05 v2.0i Standard LaTeX file
LaTeX Font Info:    Redeclaring font encoding T1 on input line 48.
))
\c@Fact=\count137
\c@Lemma=\count138
\c@Prop=\count139
\c@Theorem=\count140
\c@Def=\count141
\c@Corollary=\count142
\c@Conjecture=\count143
\c@Property=\count144
\c@Observation=\count145
\c@Exa=\count146
\c@assumption=\count147
\c@Remark=\count148
 (./arxiv_v2.aux)
\openout1 = `arxiv_v2.aux'.

LaTeX Font Info:    Checking defaults for OML/cmm/m/it on input line 70.
LaTeX Font Info:    ... okay on input line 70.
LaTeX Font Info:    Checking defaults for T1/cmr/m/n on input line 70.
LaTeX Font Info:    ... okay on input line 70.
LaTeX Font Info:    Checking defaults for OT1/cmr/m/n on input line 70.
LaTeX Font Info:    ... okay on input line 70.
LaTeX Font Info:    Checking defaults for OMS/cmsy/m/n on input line 70.
LaTeX Font Info:    ... okay on input line 70.
LaTeX Font Info:    Checking defaults for OMX/cmex/m/n on input line 70.
LaTeX Font Info:    ... okay on input line 70.
LaTeX Font Info:    Checking defaults for U/cmr/m/n on input line 70.
LaTeX Font Info:    ... okay on input line 70.
LaTeX Font Info:    Checking defaults for PD1/pdf/m/n on input line 70.
LaTeX Font Info:    ... okay on input line 70.
(/usr/local/texlive/2018/texmf-dist/tex/context/base/mkii/supp-pdf.mkii
[Loading MPS to PDF converter (version 2006.09.02).]
\scratchcounter=\count149
\scratchdimen=\dimen154
\scratchbox=\box32
\nofMPsegments=\count150
\nofMParguments=\count151
\everyMPshowfont=\toks33
\MPscratchCnt=\count152
\MPscratchDim=\dimen155
\MPnumerator=\count153
\makeMPintoPDFobject=\count154
\everyMPtoPDFconversion=\toks34
) (/usr/local/texlive/2018/texmf-dist/tex/latex/oberdiek/epstopdf-base.sty
Package: epstopdf-base 2016/05/15 v2.6 Base part for package epstopdf

(/usr/local/texlive/2018/texmf-dist/tex/latex/oberdiek/grfext.sty
Package: grfext 2016/05/16 v1.2 Manage graphics extensions (HO)
)
Package epstopdf-base Info: Redefining graphics rule for `.eps' on input line 4
38.
Package grfext Info: Graphics extension search list:
(grfext)             [.pdf,.png,.jpg,.mps,.jpeg,.jbig2,.jb2,.PDF,.PNG,.JPG,.JPE
G,.JBIG2,.JB2,.eps]
(grfext)             \AppendGraphicsExtensions on input line 456.

(/usr/local/texlive/2018/texmf-dist/tex/latex/latexconfig/epstopdf-sys.cfg
File: epstopdf-sys.cfg 2010/07/13 v1.3 Configuration of (r)epstopdf for TeX Liv
e
))
\AtBeginShipoutBox=\box33

(/usr/local/texlive/2018/texmf-dist/tex/latex/graphics/color.sty
Package: color 2016/07/10 v1.1e Standard LaTeX Color (DPC)

(/usr/local/texlive/2018/texmf-dist/tex/latex/graphics-cfg/color.cfg
File: color.cfg 2016/01/02 v1.6 sample color configuration
)
Package color Info: Driver file: pdftex.def on input line 147.
)
Package hyperref Info: Link coloring ON on input line 70.

(/usr/local/texlive/2018/texmf-dist/tex/latex/hyperref/nameref.sty
Package: nameref 2016/05/21 v2.44 Cross-referencing by name of section

(/usr/local/texlive/2018/texmf-dist/tex/generic/oberdiek/gettitlestring.sty
Package: gettitlestring 2016/05/16 v1.5 Cleanup title references (HO)
)
\c@section@level=\count155
)
LaTeX Info: Redefining \ref on input line 70.
LaTeX Info: Redefining \pageref on input line 70.
LaTeX Info: Redefining \nameref on input line 70.

(./arxiv_v2.out) (./arxiv_v2.out)
\@outlinefile=\write3
\openout3 = `arxiv_v2.out'.


*geometry* driver: auto-detecting
*geometry* detected driver: pdftex
*geometry* verbose mode - [ preamble ] result:
* driver: pdftex
* paper: <default>
* layout: <same size as paper>
* layoutoffset:(h,v)=(0.0pt,0.0pt)
* modes: 
* h-part:(L,W,R)=(72.26999pt, 469.75502pt, 72.26999pt)
* v-part:(T,H,B)=(72.26999pt, 650.43001pt, 72.26999pt)
* \paperwidth=614.295pt
* \paperheight=794.96999pt
* \textwidth=469.75502pt
* \textheight=650.43001pt
* \oddsidemargin=0.0pt
* \evensidemargin=0.0pt
* \topmargin=-37.0pt
* \headheight=12.0pt
* \headsep=25.0pt
* \topskip=11.0pt
* \footskip=30.0pt
* \marginparwidth=59.0pt
* \marginparsep=10.0pt
* \columnsep=10.0pt
* \skip\footins=10.0pt plus 4.0pt minus 2.0pt
* \hoffset=0.0pt
* \voffset=0.0pt
* \mag=1000
* \@twocolumnfalse
* \@twosidefalse
* \@mparswitchfalse
* \@reversemarginfalse
* (1in=72.27pt=25.4mm, 1cm=28.453pt)

LaTeX Font Info:    Try loading font information for U+msa on input line 85.
(/usr/local/texlive/2018/texmf-dist/tex/latex/amsfonts/umsa.fd
File: umsa.fd 2013/01/14 v3.01 AMS symbols A
)
LaTeX Font Info:    Try loading font information for U+msb on input line 85.

(/usr/local/texlive/2018/texmf-dist/tex/latex/amsfonts/umsb.fd
File: umsb.fd 2013/01/14 v3.01 AMS symbols B
)
LaTeX Font Info:    Try loading font information for U+stmry on input line 85.

(/usr/local/texlive/2018/texmf-dist/tex/latex/stmaryrd/Ustmry.fd)
LaTeX Font Info:    Try loading font information for T1+cmtt on input line 85.

(/usr/local/texlive/2018/texmf-dist/tex/latex/base/t1cmtt.fd
File: t1cmtt.fd 2014/09/29 v2.5h Standard LaTeX font definitions
) [1

{/usr/local/texlive/2018/texmf-var/fonts/map/pdftex/updmap/pdftex.map}] [2]
LaTeX Font Info:    Try loading font information for OMS+cmr on input line 122.


(/usr/local/texlive/2018/texmf-dist/tex/latex/base/omscmr.fd
File: omscmr.fd 2014/09/29 v2.5h Standard LaTeX font definitions
)
LaTeX Font Info:    Font shape `OMS/cmr/m/n' in size <10.95> not available
(Font)              Font shape `OMS/cmsy/m/n' tried instead on input line 122.
 [3] [4]
Package hyperref Info: bookmark level for unknown algorithm defaults to 0 on in
put line 195.
 [5]

pdfTeX warning: /Library/TeX/texbin/pdflatex (file ./new_figure/plot1.pdf): PDF
 inclusion: found PDF version <1.7>, but at most version <1.5> allowed
<new_figure/plot1.pdf, id=241, 867.24pt x 520.34402pt>
File: new_figure/plot1.pdf Graphic file (type pdf)
<use new_figure/plot1.pdf>
Package pdftex.def Info: new_figure/plot1.pdf  used on input line 232.
(pdftex.def)             Requested size: 375.80544pt x 225.48238pt.
[6 <./new_figure/plot1.pdf>] [7pdfTeX warning (ext4): destination with the same
 identifier (name{equation.4.3}) has been already used, duplicate ignored

\AtBegShi@Output ...ipout \box \AtBeginShipoutBox 
                                                  \fi \fi 
l.305 \beq
           \label{bound1multiple}]pdfTeX warning (ext4): destination with the s
ame identifier (name{equation.4.3}) has been already used, duplicate ignored
<to be read again> 
                   \relax 
l.305 \beq
           \label{bound1multiple}pdfTeX warning (ext4): destination with the sa
me identifier (name{equation.4.3}) has been already used, duplicate ignored
<to be read again> 
                   \relax 
l.305 \beq
           \label{bound1multiple}pdfTeX warning (ext4): destination with the sa
me identifier (name{equation.4.3}) has been already used, duplicate ignored
<to be read again> 
                   \relax 
l.305 \beq
           \label{bound1multiple}pdfTeX warning (ext4): destination with the sa
me identifier (name{equation.4.3}) has been already used, duplicate ignored
<to be read again> 
                   \relax 
l.305 \beq
           \label{bound1multiple} [8] [9]
Overfull \hbox (9.92465pt too wide) in paragraph at lines 408--409
\T1/cmr/bx/n/10.95 Settings. \T1/cmr/m/n/10.95 In our ex-per-i-ment, we will ev
al-u-ate three fed-er-ated learn-ing al-go-rithms: 1) Fed-SGD [][]McMa-
 []


Overfull \hbox (1.25098pt too wide) in paragraph at lines 414--416
\T1/cmr/bx/n/10.95 Datasets and mod-els. \T1/cmr/m/n/10.95 We run our ex-per-i-
ments on three pop-u-lar bench-mark datasets: MNIST ([][]Le-
 []

[10]
<new_fmnist_mnist_fig/mnist_testerror_mlp_ep1_iid1_reddi.pdf, id=393, 421.575pt
 x 316.18124pt>
File: new_fmnist_mnist_fig/mnist_testerror_mlp_ep1_iid1_reddi.pdf Graphic file 
(type pdf)
<use new_fmnist_mnist_fig/mnist_testerror_mlp_ep1_iid1_reddi.pdf>
Package pdftex.def Info: new_fmnist_mnist_fig/mnist_testerror_mlp_ep1_iid1_redd
i.pdf  used on input line 430.
(pdftex.def)             Requested size: 164.41711pt x 123.315pt.
<new_fmnist_mnist_fig/mnist_testerror_cnn_ep1_iid1_reddi.pdf, id=394, 421.575pt
 x 316.18124pt>
File: new_fmnist_mnist_fig/mnist_testerror_cnn_ep1_iid1_reddi.pdf Graphic file 
(type pdf)
<use new_fmnist_mnist_fig/mnist_testerror_cnn_ep1_iid1_reddi.pdf>
Package pdftex.def Info: new_fmnist_mnist_fig/mnist_testerror_cnn_ep1_iid1_redd
i.pdf  used on input line 430.
(pdftex.def)             Requested size: 164.41711pt x 123.315pt.
<new_fmnist_mnist_fig/fmnist_testerror_cnn_ep1_iid1_reddi.pdf, id=395, 421.575p
t x 316.18124pt>
File: new_fmnist_mnist_fig/fmnist_testerror_cnn_ep1_iid1_reddi.pdf Graphic file
 (type pdf)
<use new_fmnist_mnist_fig/fmnist_testerror_cnn_ep1_iid1_reddi.pdf>
Package pdftex.def Info: new_fmnist_mnist_fig/fmnist_testerror_cnn_ep1_iid1_red
di.pdf  used on input line 430.
(pdftex.def)             Requested size: 164.41711pt x 123.315pt.

Overfull \hbox (16.33618pt too wide) in paragraph at lines 430--431
 [] 
 []

<new_fmnist_mnist_fig/mnist_testerror_mlp_ep1_iid0_reddi.pdf, id=399, 421.575pt
 x 316.18124pt>
File: new_fmnist_mnist_fig/mnist_testerror_mlp_ep1_iid0_reddi.pdf Graphic file 
(type pdf)
<use new_fmnist_mnist_fig/mnist_testerror_mlp_ep1_iid0_reddi.pdf>
Package pdftex.def Info: new_fmnist_mnist_fig/mnist_testerror_mlp_ep1_iid0_redd
i.pdf  used on input line 458.
(pdftex.def)             Requested size: 164.41711pt x 123.315pt.
<new_fmnist_mnist_fig/mnist_testerror_cnn_ep1_iid0_reddi.pdf, id=400, 421.575pt
 x 316.18124pt>
File: new_fmnist_mnist_fig/mnist_testerror_cnn_ep1_iid0_reddi.pdf Graphic file 
(type pdf)
<use new_fmnist_mnist_fig/mnist_testerror_cnn_ep1_iid0_reddi.pdf>
Package pdftex.def Info: new_fmnist_mnist_fig/mnist_testerror_cnn_ep1_iid0_redd
i.pdf  used on input line 458.
(pdftex.def)             Requested size: 164.41711pt x 123.315pt.
<new_fmnist_mnist_fig/fmnist_testerror_cnn_ep1_iid0_reddi.pdf, id=401, 421.575p
t x 316.18124pt>
File: new_fmnist_mnist_fig/fmnist_testerror_cnn_ep1_iid0_reddi.pdf Graphic file
 (type pdf)
<use new_fmnist_mnist_fig/fmnist_testerror_cnn_ep1_iid0_reddi.pdf>
Package pdftex.def Info: new_fmnist_mnist_fig/fmnist_testerror_cnn_ep1_iid0_red
di.pdf  used on input line 458.
(pdftex.def)             Requested size: 164.41711pt x 123.315pt.
<new_fmnist_mnist_fig/mnist_testerror_mlp_ep3_iid0_reddi.pdf, id=402, 421.575pt
 x 316.18124pt>
File: new_fmnist_mnist_fig/mnist_testerror_mlp_ep3_iid0_reddi.pdf Graphic file 
(type pdf)
<use new_fmnist_mnist_fig/mnist_testerror_mlp_ep3_iid0_reddi.pdf>
Package pdftex.def Info: new_fmnist_mnist_fig/mnist_testerror_mlp_ep3_iid0_redd
i.pdf  used on input line 463.
(pdftex.def)             Requested size: 164.41711pt x 123.315pt.
<new_fmnist_mnist_fig/mnist_testerror_cnn_ep3_iid0_reddi.pdf, id=403, 421.575pt
 x 316.18124pt>
File: new_fmnist_mnist_fig/mnist_testerror_cnn_ep3_iid0_reddi.pdf Graphic file 
(type pdf)
<use new_fmnist_mnist_fig/mnist_testerror_cnn_ep3_iid0_reddi.pdf>
Package pdftex.def Info: new_fmnist_mnist_fig/mnist_testerror_cnn_ep3_iid0_redd
i.pdf  used on input line 463.
(pdftex.def)             Requested size: 164.41711pt x 123.315pt.
<new_fmnist_mnist_fig/fmnist_testerror_cnn_ep3_iid0_reddi.pdf, id=404, 421.575p
t x 316.18124pt>
File: new_fmnist_mnist_fig/fmnist_testerror_cnn_ep3_iid0_reddi.pdf Graphic file
 (type pdf)
<use new_fmnist_mnist_fig/fmnist_testerror_cnn_ep3_iid0_reddi.pdf>
Package pdftex.def Info: new_fmnist_mnist_fig/fmnist_testerror_cnn_ep3_iid0_red
di.pdf  used on input line 463.
(pdftex.def)             Requested size: 164.41711pt x 123.315pt.

Overfull \hbox (16.33618pt too wide) in paragraph at lines 458--468
 [] 
 []


Overfull \hbox (16.33618pt too wide) in paragraph at lines 458--468
 [] 
 []

[11 <./new_fmnist_mnist_fig/mnist_testerror_mlp_ep1_iid1_reddi.pdf> <./new_fmni
st_mnist_fig/mnist_testerror_cnn_ep1_iid1_reddi.pdf> <./new_fmnist_mnist_fig/fm
nist_testerror_cnn_ep1_iid1_reddi.pdf>]
<new_fmnist_mnist_fig/cifar_testerror_resnet18_ep1_client2_iid0_reddi.pdf, id=4
62, 421.575pt x 316.18124pt>
File: new_fmnist_mnist_fig/cifar_testerror_resnet18_ep1_client2_iid0_reddi.pdf 
Graphic file (type pdf)
<use new_fmnist_mnist_fig/cifar_testerror_resnet18_ep1_client2_iid0_reddi.pdf>
Package pdftex.def Info: new_fmnist_mnist_fig/cifar_testerror_resnet18_ep1_clie
nt2_iid0_reddi.pdf  used on input line 549.
(pdftex.def)             Requested size: 187.89914pt x 140.92455pt.
<new_fmnist_mnist_fig/tinyimagenet_testerror_resnet18_ep1_client2_iid0_reddi.pd
f, id=463, 421.575pt x 316.18124pt>
File: new_fmnist_mnist_fig/tinyimagenet_testerror_resnet18_ep1_client2_iid0_red
di.pdf Graphic file (type pdf)
<use new_fmnist_mnist_fig/tinyimagenet_testerror_resnet18_ep1_client2_iid0_redd
i.pdf>
Package pdftex.def Info: new_fmnist_mnist_fig/tinyimagenet_testerror_resnet18_e
p1_client2_iid0_reddi.pdf  used on input line 549.
(pdftex.def)             Requested size: 187.89914pt x 140.92455pt.

Underfull \hbox (badness 3354) in paragraph at lines 553--553
[]\T1/cmr/m/n/10.95 Figure 4: []\T1/cmr/bx/n/10.95 non-i.i.d. data set-ting. \T
1/cmr/m/n/10.95 Test ac-cu-racy on CIFAR-10+Resnet-18 and
 []

[12 <./new_fmnist_mnist_fig/mnist_testerror_mlp_ep1_iid0_reddi.pdf> <./new_fmni
st_mnist_fig/mnist_testerror_cnn_ep1_iid0_reddi.pdf> <./new_fmnist_mnist_fig/fm
nist_testerror_cnn_ep1_iid0_reddi.pdf> <./new_fmnist_mnist_fig/mnist_testerror_
mlp_ep3_iid0_reddi.pdf> <./new_fmnist_mnist_fig/mnist_testerror_cnn_ep3_iid0_re
ddi.pdf> <./new_fmnist_mnist_fig/fmnist_testerror_cnn_ep3_iid0_reddi.pdf>]
[13 <./new_fmnist_mnist_fig/cifar_testerror_resnet18_ep1_client2_iid0_reddi.pdf
> <./new_fmnist_mnist_fig/tinyimagenet_testerror_resnet18_ep1_client2_iid0_redd
i.pdf>]
Underfull \hbox (badness 10000) in paragraph at lines 572--573

 []

[14pdfTeX warning (ext4): destination with the same identifier (name{equation.A
.5}) has been already used, duplicate ignored

\AtBegShi@Output ...ipout \box \AtBeginShipoutBox 
                                                  \fi \fi 
l.641 \end{Lemma*}
                  pdfTeX warning (ext4): destination with the same identifier (
name{equation.A.5}) has been already used, duplicate ignored

\AtBegShi@Output ...ipout \box \AtBeginShipoutBox 
                                                  \fi \fi 
l.641 \end{Lemma*}
                  ]pdfTeX warning (ext4): destination with the same identifier 
(name{equation.A.5}) has been already used, duplicate ignored
<to be read again> 
                   \relax 
l.645 \beq
          \notagpdfTeX warning (ext4): destination with the same identifier (na
me{equation.A.5}) has been already used, duplicate ignored
<to be read again> 
                   \relax 
l.645 \beq
          \notagpdfTeX warning (ext4): destination with the same identifier (na
me{equation.A.5}) has been already used, duplicate ignored
<to be read again> 
                   \relax 
l.645 \beq
          \notagpdfTeX warning (ext4): destination with the same identifier (na
me{equation.A.5}) has been already used, duplicate ignored
<to be read again> 
                   \relax 
l.645 \beq
          \notagpdfTeX warning (ext4): destination with the same identifier (na
me{equation.A.5}) has been already used, duplicate ignored
<to be read again> 
                   \relax 
l.653 \beq
          \notagpdfTeX warning (ext4): destination with the same identifier (na
me{equation.A.5}) has been already used, duplicate ignored
<to be read again> 
                   \relax 
l.653 \beq
          \notagpdfTeX warning (ext4): destination with the same identifier (na
me{equation.A.5}) has been already used, duplicate ignored
<to be read again> 
                   \relax 
l.653 \beq
          \notagpdfTeX warning (ext4): destination with the same identifier (na
me{equation.A.5}) has been already used, duplicate ignored
<to be read again> 
                   \relax 
l.653 \beq
          \notagpdfTeX warning (ext4): destination with the same identifier (na
me{equation.A.5}) has been already used, duplicate ignored
<to be read again> 
                   \relax 
l.673 \beq
           \notagpdfTeX warning (ext4): destination with the same identifier (n
ame{equation.A.5}) has been already used, duplicate ignored
<to be read again> 
                   \relax 
l.673 \beq
           \notagpdfTeX warning (ext4): destination with the same identifier (n
ame{equation.A.5}) has been already used, duplicate ignored
<to be read again> 
                   \relax 
l.673 \beq
           \notagpdfTeX warning (ext4): destination with the same identifier (n
ame{equation.A.5}) has been already used, duplicate ignored
<to be read again> 
                   \relax 
l.673 \beq
           \notagpdfTeX warning (ext4): destination with the same identifier (n
ame{equation.A.5}) has been already used, duplicate ignored
<to be read again> 
                   \relax 
l.690 \end{align}
                  [15pdfTeX warning (ext4): destination with the same identifie
r (name{equation.A.5}) has been already used, duplicate ignored

\AtBegShi@Output ...ipout \box \AtBeginShipoutBox 
                                                  \fi \fi 
l.690 \end{align}
                 ] [16] [17]
Overfull \hbox (5.9533pt too wide) detected at line 784
[]
 []

[18]
Overfull \hbox (4.15103pt too wide) detected at line 817
[]
 []

[19] (./arxiv_v2.bbl
Underfull \hbox (badness 1389) in paragraph at lines 10--15
[]\T1/cmr/m/n/10.95 Dan Al-is-tarh, Dem-jan Gru-bic, Jerry Li, Ry-ota Tomioka, 
and Mi-lan Vo-jnovic.  QSGD:
 []

[20] [21])
Package atveryend Info: Empty hook `BeforeClearDocument' on input line 836.
 [22]
Package atveryend Info: Empty hook `AfterLastShipout' on input line 836.
 (./arxiv_v2.aux)
Package atveryend Info: Executing hook `AtVeryEndDocument' on input line 836.
Package atveryend Info: Executing hook `AtEndAfterFileList' on input line 836.
Package rerunfilecheck Info: File `arxiv_v2.out' has not changed.
(rerunfilecheck)             Checksum: 963FECC70ABD2998434B1294E066BC6B;1091.


LaTeX Warning: Label(s) may have changed. Rerun to get cross-references right.

Package atveryend Info: Empty hook `AtVeryVeryEnd' on input line 836.
 ) 
Here is how much of TeX's memory you used:
 9220 strings out of 492649
 134561 string characters out of 6129622
 244520 words of memory out of 5000000
 12818 multiletter control sequences out of 15000+600000
 28756 words of font info for 70 fonts, out of 8000000 for 9000
 1141 hyphenation exceptions out of 8191
 28i,19n,28p,1759b,480s stack positions out of 5000i,500n,10000p,200000b,80000s
{/usr/local/texlive/2018/texmf-dist/fonts/enc/dvips/cm-super/cm-super-t1.enc}
</usr/local/texlive/2018/texmf-dist/fonts/type1/public/amsfonts/cm/cmex10.pfb><
/usr/local/texlive/2018/texmf-dist/fonts/type1/public/amsfonts/cm/cmmi10.pfb></
usr/local/texlive/2018/texmf-dist/fonts/type1/public/amsfonts/cm/cmmi6.pfb></us
r/local/texlive/2018/texmf-dist/fonts/type1/public/amsfonts/cm/cmmi8.pfb></usr/
local/texlive/2018/texmf-dist/fonts/type1/public/amsfonts/cm/cmr10.pfb></usr/lo
cal/texlive/2018/texmf-dist/fonts/type1/public/amsfonts/cm/cmr6.pfb></usr/local
/texlive/2018/texmf-dist/fonts/type1/public/amsfonts/cm/cmr8.pfb></usr/local/te
xlive/2018/texmf-dist/fonts/type1/public/amsfonts/cm/cmss10.pfb></usr/local/tex
live/2018/texmf-dist/fonts/type1/public/amsfonts/cm/cmss8.pfb></usr/local/texli
ve/2018/texmf-dist/fonts/type1/public/amsfonts/cm/cmsy10.pfb></usr/local/texliv
e/2018/texmf-dist/fonts/type1/public/amsfonts/cm/cmsy8.pfb></usr/local/texlive/
2018/texmf-dist/fonts/type1/public/amsfonts/symbols/msam10.pfb></usr/local/texl
ive/2018/texmf-dist/fonts/type1/public/amsfonts/symbols/msbm10.pfb></usr/local/
texlive/2018/texmf-dist/fonts/type1/public/cm-super/sfbi1095.pfb></usr/local/te
xlive/2018/texmf-dist/fonts/type1/public/cm-super/sfbx1000.pfb></usr/local/texl
ive/2018/texmf-dist/fonts/type1/public/cm-super/sfbx1095.pfb></usr/local/texliv
e/2018/texmf-dist/fonts/type1/public/cm-super/sfbx1200.pfb></usr/local/texlive/
2018/texmf-dist/fonts/type1/public/cm-super/sfbx1440.pfb></usr/local/texlive/20
18/texmf-dist/fonts/type1/public/cm-super/sfbx1728.pfb></usr/local/texlive/2018
/texmf-dist/fonts/type1/public/cm-super/sfcc1000.pfb></usr/local/texlive/2018/t
exmf-dist/fonts/type1/public/cm-super/sfcc1095.pfb></usr/local/texlive/2018/tex
mf-dist/fonts/type1/public/cm-super/sfrm0900.pfb></usr/local/texlive/2018/texmf
-dist/fonts/type1/public/cm-super/sfrm1000.pfb></usr/local/texlive/2018/texmf-d
ist/fonts/type1/public/cm-super/sfrm1095.pfb></usr/local/texlive/2018/texmf-dis
t/fonts/type1/public/cm-super/sfrm1200.pfb></usr/local/texlive/2018/texmf-dist/
fonts/type1/public/cm-super/sfti1000.pfb></usr/local/texlive/2018/texmf-dist/fo
nts/type1/public/cm-super/sfti1095.pfb></usr/local/texlive/2018/texmf-dist/font
s/type1/public/cm-super/sftt1200.pfb></usr/local/texlive/2018/texmf-dist/fonts/
type1/public/cm-super/sfxc1095.pfb></usr/local/texlive/2018/texmf-dist/fonts/ty
pe1/public/cm-super/sfxc1200.pfb></usr/local/texlive/2018/texmf-dist/fonts/type
1/public/cm-super/sfxc1440.pfb></usr/local/texlive/2018/texmf-dist/fonts/type1/
public/cm-super/sfxc1728.pfb></usr/local/texlive/2018/texmf-dist/fonts/type1/pu
blic/stmaryrd/stmary10.pfb>
Output written on arxiv_v2.pdf (22 pages, 751810 bytes).
PDF statistics:
 799 PDF objects out of 1000 (max. 8388607)
 706 compressed objects within 8 object streams
 105 named destinations out of 1000 (max. 500000)
 189 words of extra memory for PDF output out of 10000 (max. 10000000)

