This is pdfTeX, Version 3.14159265-2.6-1.40.19 (TeX Live 2018) (preloaded format=pdflatex 2018.7.23)  13 OCT 2020 09:51
entering extended mode
 restricted \write18 enabled.
 file:line:error style messages enabled.
 %&-line parsing enabled.
**main.tex
(./main.tex
LaTeX2e <2018-04-01> patch level 2
Babel <3.18> and hyphenation patterns for 84 language(s) loaded.
(/usr/local/texlive/2018/texmf-dist/tex/latex/jmlr/jmlr.cls
Document Class: jmlr 2017/08/01 v1.24 (NLCT) Journal of Machine Learning Resear
ch
(/usr/local/texlive/2018/texmf-dist/tex/latex/xkeyval/xkeyval.sty
Package: xkeyval 2014/12/03 v2.7a package option processing (HA)

(/usr/local/texlive/2018/texmf-dist/tex/generic/xkeyval/xkeyval.tex
(/usr/local/texlive/2018/texmf-dist/tex/generic/xkeyval/xkvutils.tex
\XKV@toks=\toks14
\XKV@tempa@toks=\toks15

(/usr/local/texlive/2018/texmf-dist/tex/generic/xkeyval/keyval.tex))
\XKV@depth=\count80
File: xkeyval.tex 2014/12/03 v2.7a key=value parser (HA)
))
(/usr/local/texlive/2018/texmf-dist/tex/latex/tools/calc.sty
Package: calc 2017/05/25 v4.3 Infix arithmetic (KKT,FJ)
\calc@Acount=\count81
\calc@Bcount=\count82
\calc@Adimen=\dimen102
\calc@Bdimen=\dimen103
\calc@Askip=\skip41
\calc@Bskip=\skip42
LaTeX Info: Redefining \setlength on input line 80.
LaTeX Info: Redefining \addtolength on input line 81.
\calc@Ccount=\count83
\calc@Cskip=\skip43
)
(/usr/local/texlive/2018/texmf-dist/tex/latex/etoolbox/etoolbox.sty
Package: etoolbox 2018/02/11 v2.5e e-TeX tools for LaTeX (JAW)
\etb@tempcnta=\count84
)
(/usr/local/texlive/2018/texmf-dist/tex/latex/base/article.cls
Document Class: article 2014/09/29 v1.4h Standard LaTeX document class
(/usr/local/texlive/2018/texmf-dist/tex/latex/base/size11.clo
File: size11.clo 2014/09/29 v1.4h Standard LaTeX file (size option)
)
\c@part=\count85
\c@section=\count86
\c@subsection=\count87
\c@subsubsection=\count88
\c@paragraph=\count89
\c@subparagraph=\count90
\c@figure=\count91
\c@table=\count92
\abovecaptionskip=\skip44
\belowcaptionskip=\skip45
\bibindent=\dimen104
)
(/usr/local/texlive/2018/texmf-dist/tex/latex/amsmath/amsmath.sty
Package: amsmath 2017/09/02 v2.17a AMS math features
\@mathmargin=\skip46

For additional information on amsmath, use the `?' option.
(/usr/local/texlive/2018/texmf-dist/tex/latex/amsmath/amstext.sty
Package: amstext 2000/06/29 v2.01 AMS text

(/usr/local/texlive/2018/texmf-dist/tex/latex/amsmath/amsgen.sty
File: amsgen.sty 1999/11/30 v2.0 generic functions
\@emptytoks=\toks16
\ex@=\dimen105
))
(/usr/local/texlive/2018/texmf-dist/tex/latex/amsmath/amsbsy.sty
Package: amsbsy 1999/11/29 v1.2d Bold Symbols
\pmbraise@=\dimen106
)
(/usr/local/texlive/2018/texmf-dist/tex/latex/amsmath/amsopn.sty
Package: amsopn 2016/03/08 v2.02 operator names
)
\inf@bad=\count93
LaTeX Info: Redefining \frac on input line 213.
\uproot@=\count94
\leftroot@=\count95
LaTeX Info: Redefining \overline on input line 375.
\classnum@=\count96
\DOTSCASE@=\count97
LaTeX Info: Redefining \ldots on input line 472.
LaTeX Info: Redefining \dots on input line 475.
LaTeX Info: Redefining \cdots on input line 596.
\Mathstrutbox@=\box26
\strutbox@=\box27
\big@size=\dimen107
LaTeX Font Info:    Redeclaring font encoding OML on input line 712.
LaTeX Font Info:    Redeclaring font encoding OMS on input line 713.
\macc@depth=\count98
\c@MaxMatrixCols=\count99
\dotsspace@=\muskip10
\c@parentequation=\count100
\dspbrk@lvl=\count101
\tag@help=\toks17
\row@=\count102
\column@=\count103
\maxfields@=\count104
\andhelp@=\toks18
\eqnshift@=\dimen108
\alignsep@=\dimen109
\tagshift@=\dimen110
\tagwidth@=\dimen111
\totwidth@=\dimen112
\lineht@=\dimen113
\@envbody=\toks19
\multlinegap=\skip47
\multlinetaggap=\skip48
\mathdisplay@stack=\toks20
LaTeX Info: Redefining \[ on input line 2817.
LaTeX Info: Redefining \] on input line 2818.
)
(/usr/local/texlive/2018/texmf-dist/tex/latex/amsfonts/amssymb.sty
Package: amssymb 2013/01/14 v3.01 AMS font symbols

(/usr/local/texlive/2018/texmf-dist/tex/latex/amsfonts/amsfonts.sty
Package: amsfonts 2013/01/14 v3.01 Basic AMSFonts support
\symAMSa=\mathgroup4
\symAMSb=\mathgroup5
LaTeX Font Info:    Overwriting math alphabet `\mathfrak' in version `bold'
(Font)                  U/euf/m/n --> U/euf/b/n on input line 106.
))
(/usr/local/texlive/2018/texmf-dist/tex/latex/natbib/natbib.sty
Package: natbib 2010/09/13 8.31b (PWD, AO)
\bibhang=\skip49
\bibsep=\skip50
LaTeX Info: Redefining \cite on input line 694.
\c@NAT@ctr=\count105
)
(/usr/local/texlive/2018/texmf-dist/tex/latex/graphics/graphicx.sty
Package: graphicx 2017/06/01 v1.1a Enhanced LaTeX Graphics (DPC,SPQR)

(/usr/local/texlive/2018/texmf-dist/tex/latex/graphics/graphics.sty
Package: graphics 2017/06/25 v1.2c Standard LaTeX Graphics (DPC,SPQR)

(/usr/local/texlive/2018/texmf-dist/tex/latex/graphics/trig.sty
Package: trig 2016/01/03 v1.10 sin cos tan (DPC)
)
(/usr/local/texlive/2018/texmf-dist/tex/latex/graphics-cfg/graphics.cfg
File: graphics.cfg 2016/06/04 v1.11 sample graphics configuration
)
Package graphics Info: Driver file: pdftex.def on input line 99.

(/usr/local/texlive/2018/texmf-dist/tex/latex/graphics-def/pdftex.def
File: pdftex.def 2018/01/08 v1.0l Graphics/color driver for pdftex
))
\Gin@req@height=\dimen114
\Gin@req@width=\dimen115
)
(/usr/local/texlive/2018/texmf-dist/tex/latex/url/url.sty
\Urlmuskip=\muskip11
Package: url 2013/09/16  ver 3.4  Verb mode for urls, etc.
)
(/usr/local/texlive/2018/texmf-dist/tex/latex/xcolor/xcolor.sty
Package: xcolor 2016/05/11 v2.12 LaTeX color extensions (UK)

(/usr/local/texlive/2018/texmf-dist/tex/latex/graphics-cfg/color.cfg
File: color.cfg 2016/01/02 v1.6 sample color configuration
)
Package xcolor Info: Driver file: pdftex.def on input line 225.
Package xcolor Info: Model `cmy' substituted by `cmy0' on input line 1348.
Package xcolor Info: Model `hsb' substituted by `rgb' on input line 1352.
Package xcolor Info: Model `RGB' extended on input line 1364.
Package xcolor Info: Model `HTML' substituted by `rgb' on input line 1366.
Package xcolor Info: Model `Hsb' substituted by `hsb' on input line 1367.
Package xcolor Info: Model `tHsb' substituted by `hsb' on input line 1368.
Package xcolor Info: Model `HSB' substituted by `hsb' on input line 1369.
Package xcolor Info: Model `Gray' substituted by `gray' on input line 1370.
Package xcolor Info: Model `wave' substituted by `hsb' on input line 1371.

(/usr/local/texlive/2018/texmf-dist/tex/latex/xcolor/x11nam.def
File: x11nam.def 2016/05/11 v2.12 Predefined colors according to Unix/X11 (UK)
))
(/usr/local/texlive/2018/texmf-dist/tex/latex/algorithm2e/algorithm2e.sty
Package: algorithm2e 2017/07/18 v5.2 algorithms environments
\c@AlgoLine=\count106

(/usr/local/texlive/2018/texmf-dist/tex/latex/base/ifthen.sty
Package: ifthen 2014/09/29 v1.1c Standard LaTeX ifthen package (DPC)
)
\algocf@hangindent=\skip51

(/usr/local/texlive/2018/texmf-dist/tex/latex/ifoddpage/ifoddpage.sty
Package: ifoddpage 2016/04/23 v1.1 Conditionals for odd/even page detection
\c@checkoddpage=\count107
)
(/usr/local/texlive/2018/texmf-dist/tex/latex/tools/xspace.sty
Package: xspace 2014/10/28 v1.13 Space after command names (DPC,MH)
)
(/usr/local/texlive/2018/texmf-dist/tex/latex/relsize/relsize.sty
Package: relsize 2013/03/29 ver 4.1
)
\skiptotal=\skip52
\skiplinenumber=\skip53
\skiprule=\skip54
\skiphlne=\skip55
\skiptext=\skip56
\skiplength=\skip57
\algomargin=\skip58
\skipalgocfslide=\skip59
\algowidth=\dimen116
\inoutsize=\dimen117
\inoutindent=\dimen118
\interspacetitleruled=\dimen119
\interspacealgoruled=\dimen120
\interspacetitleboxruled=\dimen121
\algocf@ruledwidth=\skip60
\algocf@inoutbox=\box28
\algocf@inputbox=\box29
\AlCapSkip=\skip61
\AlCapHSkip=\skip62
\algoskipindent=\skip63
\algocf@nlbox=\box30
\algocf@hangingbox=\box31
\algocf@untilbox=\box32
\algocf@skipuntil=\skip64
\algocf@capbox=\box33
\algocf@lcaptionbox=\skip65
\algoheightruledefault=\skip66
\algoheightrule=\skip67
\algotitleheightruledefault=\skip68
\algotitleheightrule=\skip69
\c@algocfline=\count108
\c@algocfproc=\count109
\c@algocf=\count110
\algocf@algoframe=\box34
\algocf@algobox=\box35
)
(/usr/local/texlive/2018/texmf-dist/tex/latex/jmlr/jmlrutils.sty
Package: jmlrutils 2017/08/01
\c@subfigure=\count111
\@subfloatcapbox=\box36
\@subfloatcontsbox=\box37
\c@subtable=\count112
\c@example=\count113
\c@theorem=\count114
)
(/usr/local/texlive/2018/texmf-dist/tex/latex/hyperref/hyperref.sty
Package: hyperref 2018/02/06 v6.86b Hypertext links for LaTeX

(/usr/local/texlive/2018/texmf-dist/tex/generic/oberdiek/hobsub-hyperref.sty
Package: hobsub-hyperref 2016/05/16 v1.14 Bundle oberdiek, subset hyperref (HO)


(/usr/local/texlive/2018/texmf-dist/tex/generic/oberdiek/hobsub-generic.sty
Package: hobsub-generic 2016/05/16 v1.14 Bundle oberdiek, subset generic (HO)
Package: hobsub 2016/05/16 v1.14 Construct package bundles (HO)
Package: infwarerr 2016/05/16 v1.4 Providing info/warning/error messages (HO)
Package: ltxcmds 2016/05/16 v1.23 LaTeX kernel commands for general use (HO)
Package: ifluatex 2016/05/16 v1.4 Provides the ifluatex switch (HO)
Package ifluatex Info: LuaTeX not detected.
Package: ifvtex 2016/05/16 v1.6 Detect VTeX and its facilities (HO)
Package ifvtex Info: VTeX not detected.
Package: intcalc 2016/05/16 v1.2 Expandable calculations with integers (HO)
Package: ifpdf 2017/03/15 v3.2 Provides the ifpdf switch
Package: etexcmds 2016/05/16 v1.6 Avoid name clashes with e-TeX commands (HO)
Package etexcmds Info: Could not find \expanded.
(etexcmds)             That can mean that you are not using pdfTeX 1.50 or
(etexcmds)             that some package has redefined \expanded.
(etexcmds)             In the latter case, load this package earlier.
Package: kvsetkeys 2016/05/16 v1.17 Key value parser (HO)
Package: kvdefinekeys 2016/05/16 v1.4 Define keys (HO)
Package: pdftexcmds 2018/01/30 v0.27 Utility functions of pdfTeX for LuaTeX (HO
)
Package pdftexcmds Info: LuaTeX not detected.
Package pdftexcmds Info: \pdf@primitive is available.
Package pdftexcmds Info: \pdf@ifprimitive is available.
Package pdftexcmds Info: \pdfdraftmode found.
Package: pdfescape 2016/05/16 v1.14 Implements pdfTeX's escape features (HO)
Package: bigintcalc 2016/05/16 v1.4 Expandable calculations on big integers (HO
)
Package: bitset 2016/05/16 v1.2 Handle bit-vector datatype (HO)
Package: uniquecounter 2016/05/16 v1.3 Provide unlimited unique counter (HO)
)
Package hobsub Info: Skipping package `hobsub' (already loaded).
Package: letltxmacro 2016/05/16 v1.5 Let assignment for LaTeX macros (HO)
Package: hopatch 2016/05/16 v1.3 Wrapper for package hooks (HO)
Package: xcolor-patch 2016/05/16 xcolor patch
Package: atveryend 2016/05/16 v1.9 Hooks at the very end of document (HO)
Package: atbegshi 2016/06/09 v1.18 At begin shipout hook (HO)
Package: refcount 2016/05/16 v3.5 Data extraction from label references (HO)
Package: hycolor 2016/05/16 v1.8 Color options for hyperref/bookmark (HO)
)
(/usr/local/texlive/2018/texmf-dist/tex/generic/ifxetex/ifxetex.sty
Package: ifxetex 2010/09/12 v0.6 Provides ifxetex conditional
)
(/usr/local/texlive/2018/texmf-dist/tex/latex/oberdiek/auxhook.sty
Package: auxhook 2016/05/16 v1.4 Hooks for auxiliary files (HO)
)
(/usr/local/texlive/2018/texmf-dist/tex/latex/oberdiek/kvoptions.sty
Package: kvoptions 2016/05/16 v3.12 Key value format for package options (HO)
)
\@linkdim=\dimen122
\Hy@linkcounter=\count115
\Hy@pagecounter=\count116

(/usr/local/texlive/2018/texmf-dist/tex/latex/hyperref/pd1enc.def
File: pd1enc.def 2018/02/06 v6.86b Hyperref: PDFDocEncoding definition (HO)
Now handling font encoding PD1 ...
... no UTF-8 mapping file for font encoding PD1
)
\Hy@SavedSpaceFactor=\count117

(/usr/local/texlive/2018/texmf-dist/tex/latex/latexconfig/hyperref.cfg
File: hyperref.cfg 2002/06/06 v1.2 hyperref configuration of TeXLive
)
Package hyperref Info: Hyper figures OFF on input line 4509.
Package hyperref Info: Link nesting OFF on input line 4514.
Package hyperref Info: Hyper index ON on input line 4517.
Package hyperref Info: Plain pages OFF on input line 4524.
Package hyperref Info: Backreferencing OFF on input line 4529.
Package hyperref Info: Implicit mode ON; LaTeX internals redefined.
Package hyperref Info: Bookmarks ON on input line 4762.
\c@Hy@tempcnt=\count118
LaTeX Info: Redefining \url on input line 5115.
\XeTeXLinkMargin=\dimen123
\Fld@menulength=\count119
\Field@Width=\dimen124
\Fld@charsize=\dimen125
Package hyperref Info: Hyper figures OFF on input line 6369.
Package hyperref Info: Link nesting OFF on input line 6374.
Package hyperref Info: Hyper index ON on input line 6377.
Package hyperref Info: backreferencing OFF on input line 6384.
Package hyperref Info: Link coloring OFF on input line 6389.
Package hyperref Info: Link coloring with OCG OFF on input line 6394.
Package hyperref Info: PDF/A mode OFF on input line 6399.
LaTeX Info: Redefining \ref on input line 6439.
LaTeX Info: Redefining \pageref on input line 6443.
\Hy@abspage=\count120
\c@Item=\count121
\c@Hfootnote=\count122
)
Package hyperref Info: Driver (autodetected): hpdftex.

(/usr/local/texlive/2018/texmf-dist/tex/latex/hyperref/hpdftex.def
File: hpdftex.def 2018/02/06 v6.86b Hyperref driver for pdfTeX
\Fld@listcount=\count123
\c@bookmark@seq@number=\count124

(/usr/local/texlive/2018/texmf-dist/tex/latex/oberdiek/rerunfilecheck.sty
Package: rerunfilecheck 2016/05/16 v1.8 Rerun checks for auxiliary files (HO)
Package uniquecounter Info: New unique counter `rerunfilecheck' on input line 2
82.
)
\Hy@SectionHShift=\skip70
)
(/usr/local/texlive/2018/texmf-dist/tex/latex/hyperref/nameref.sty
Package: nameref 2016/05/21 v2.44 Cross-referencing by name of section

(/usr/local/texlive/2018/texmf-dist/tex/generic/oberdiek/gettitlestring.sty
Package: gettitlestring 2016/05/16 v1.5 Cleanup title references (HO)
)
\c@section@level=\count125
)
Package hyperref Info: Option `colorlinks' set `true' on input line 164.
Package hyperref Info: Option `linktocpage' set `true' on input line 164.
Package hyperref Info: Option `plainpages' set `false' on input line 164.
\aftertitskip=\skip71
\beforetitskip=\skip72
\interauthorskip=\skip73
\aftermaketitskip=\skip74
\jmlrlength=\skip75
\jmlrbox=\box38
\c@chapter=\count126
\postchapterskip=\skip76
\prechapterskip=\skip77
)
(/usr/local/texlive/2018/texmf-dist/tex/latex/booktabs/booktabs.sty
Package: booktabs 2016/04/27 v1.618033 publication quality tables
\heavyrulewidth=\dimen126
\lightrulewidth=\dimen127
\cmidrulewidth=\dimen128
\belowrulesep=\dimen129
\belowbottomsep=\dimen130
\aboverulesep=\dimen131
\abovetopsep=\dimen132
\cmidrulesep=\dimen133
\cmidrulekern=\dimen134
\defaultaddspace=\dimen135
\@cmidla=\count127
\@cmidlb=\count128
\@aboverulesep=\dimen136
\@belowrulesep=\dimen137
\@thisruleclass=\count129
\@lastruleclass=\count130
\@thisrulewidth=\dimen138
)
(/usr/local/texlive/2018/texmf-dist/tex/latex/tools/bm.sty
Package: bm 2017/01/16 v1.2c Bold Symbol Support (DPC/FMi)
\symboldoperators=\mathgroup6
\symboldletters=\mathgroup7
\symboldsymbols=\mathgroup8
LaTeX Font Info:    Redeclaring math alphabet \mathbf on input line 141.
LaTeX Info: Redefining \bm on input line 207.
)
(/usr/local/texlive/2018/texmf-dist/tex/latex/algorithms/algorithmic.sty
Package: algorithmic 2009/08/24 v0.1 Document Style `algorithmic'
\c@ALC@unique=\count131
\c@ALC@line=\count132
\c@ALC@rem=\count133
\c@ALC@depth=\count134
\ALC@tlm=\skip78
\algorithmicindent=\skip79
)
(/usr/local/texlive/2018/texmf-dist/tex/latex/algorithms/algorithm.sty
Package: algorithm 2009/08/24 v0.1 Document Style `algorithm' - floating enviro
nment

(/usr/local/texlive/2018/texmf-dist/tex/latex/float/float.sty
Package: float 2001/11/08 v1.3d Float enhancements (AL)
\c@float@type=\count135
\float@exts=\toks21
\float@box=\box39
\@float@everytoks=\toks22
\@floatcapt=\box40
)
\@float@every@algorithm=\toks23
\c@algorithm=\count136
)
(/usr/local/texlive/2018/texmf-dist/tex/latex/xargs/xargs.sty
Package: xargs 2008/03/22 v1.1  extended macro definitions  (mpg)
\xargs@max=\count137
\xargs@toksa=\toks24
\xargs@toksb=\toks25
)
(./shortcuts_OPT.sty) (./main.aux)
\openout1 = `main.aux'.

LaTeX Font Info:    Checking defaults for OML/cmm/m/it on input line 30.
LaTeX Font Info:    ... okay on input line 30.
LaTeX Font Info:    Checking defaults for T1/cmr/m/n on input line 30.
LaTeX Font Info:    ... okay on input line 30.
LaTeX Font Info:    Checking defaults for OT1/cmr/m/n on input line 30.
LaTeX Font Info:    ... okay on input line 30.
LaTeX Font Info:    Checking defaults for OMS/cmsy/m/n on input line 30.
LaTeX Font Info:    ... okay on input line 30.
LaTeX Font Info:    Checking defaults for OMX/cmex/m/n on input line 30.
LaTeX Font Info:    ... okay on input line 30.
LaTeX Font Info:    Checking defaults for U/cmr/m/n on input line 30.
LaTeX Font Info:    ... okay on input line 30.
LaTeX Font Info:    Checking defaults for PD1/pdf/m/n on input line 30.
LaTeX Font Info:    ... okay on input line 30.

(/usr/local/texlive/2018/texmf-dist/tex/context/base/mkii/supp-pdf.mkii
[Loading MPS to PDF converter (version 2006.09.02).]
\scratchcounter=\count138
\scratchdimen=\dimen139
\scratchbox=\box41
\nofMPsegments=\count139
\nofMParguments=\count140
\everyMPshowfont=\toks26
\MPscratchCnt=\count141
\MPscratchDim=\dimen140
\MPnumerator=\count142
\makeMPintoPDFobject=\count143
\everyMPtoPDFconversion=\toks27
) (/usr/local/texlive/2018/texmf-dist/tex/latex/oberdiek/epstopdf-base.sty
Package: epstopdf-base 2016/05/15 v2.6 Base part for package epstopdf

(/usr/local/texlive/2018/texmf-dist/tex/latex/oberdiek/grfext.sty
Package: grfext 2016/05/16 v1.2 Manage graphics extensions (HO)
)
Package epstopdf-base Info: Redefining graphics rule for `.eps' on input line 4
38.
Package grfext Info: Graphics extension search list:
(grfext)             [.pdf,.png,.jpg,.mps,.jpeg,.jbig2,.jb2,.PDF,.PNG,.JPG,.JPE
G,.JBIG2,.JB2,.eps]
(grfext)             \AppendGraphicsExtensions on input line 456.

(/usr/local/texlive/2018/texmf-dist/tex/latex/latexconfig/epstopdf-sys.cfg
File: epstopdf-sys.cfg 2010/07/13 v1.3 Configuration of (r)epstopdf for TeX Liv
e
))
\AtBeginShipoutBox=\box42
Package hyperref Info: Link coloring ON on input line 30.
LaTeX Info: Redefining \ref on input line 30.
LaTeX Info: Redefining \pageref on input line 30.
LaTeX Info: Redefining \nameref on input line 30.

(./main.out) (./main.out)
\@outlinefile=\write3
\openout3 = `main.out'.

LaTeX Font Info:    Try loading font information for OMS+cmr on input line 32.

(/usr/local/texlive/2018/texmf-dist/tex/latex/base/omscmr.fd
File: omscmr.fd 2014/09/29 v2.5h Standard LaTeX font definitions
)
LaTeX Font Info:    Font shape `OMS/cmr/m/n' in size <8> not available
(Font)              Font shape `OMS/cmsy/m/n' tried instead on input line 32.
 [1{/usr/local/texlive/2018/texmf-var/fonts/map/pdftex/updmap/pdftex.map}

]
LaTeX Font Info:    Font shape `OMS/cmr/m/n' in size <10.95> not available
(Font)              Font shape `OMS/cmsy/m/n' tried instead on input line 52.
LaTeX Font Info:    Try loading font information for U+msa on input line 64.

(/usr/local/texlive/2018/texmf-dist/tex/latex/amsfonts/umsa.fd
File: umsa.fd 2013/01/14 v3.01 AMS symbols A
)
LaTeX Font Info:    Try loading font information for U+msb on input line 64.

(/usr/local/texlive/2018/texmf-dist/tex/latex/amsfonts/umsb.fd
File: umsb.fd 2013/01/14 v3.01 AMS symbols B
) [2]

Class jmlr Warning: Obsolete command \rm detected on input line 109.

[3]
Package hyperref Info: bookmark level for unknown algorithm defaults to 0 on in
put line 167.
 [4]
Overfull \hbox (5.13718pt too wide) in paragraph at lines 189--192
[]\OT1/cmr/bx/n/10.95 MISO ([][]Mairal[][], [][]2015[][]): \OT1/cmr/m/n/10.95 A
n-other im-por-tant method in-vok-ing vari-ance re-duc-tion through
 []

[5]pdfTeX warning (ext4): destination with the same identifier (name{equation.0
.3.5}) has been already used, duplicate ignored
<to be read again> 
                   \relax 
l.205 \begin{equation}
                      \label{eq:lowrankcov}pdfTeX warning (ext4): destination w
ith the same identifier (name{equation.0.3.5}) has been already used, duplicate
 ignored
<to be read again> 
                   \relax 
l.205 \begin{equation}
                      \label{eq:lowrankcov}pdfTeX warning (ext4): destination w
ith the same identifier (name{equation.0.3.5}) has been already used, duplicate
 ignored
<to be read again> 
                   \relax 
l.205 \begin{equation}
                      \label{eq:lowrankcov}pdfTeX warning (ext4): destination w
ith the same identifier (name{equation.0.3.5}) has been already used, duplicate
 ignored
<to be read again> 
                   \relax 
l.205 \begin{equation}
                      \label{eq:lowrankcov}
Underfull \hbox (badness 1448) in paragraph at lines 229--230
[] []\OT1/cmr/m/n/10.95 Update the vec-tor of pa-ram-e-ter es-ti-mates call-ing
 Al-go-rithm [][]1[][]: $(\OML/cmm/m/it/10.95 ^^V[]; \OT1/cmr/m/n/10.95 ^^F[]) 
=
 []

[6] [7]
Package epstopdf Info: Source file: <newfigs/trainlossmnist.eps>
(epstopdf)                    date: 2020-09-28 17:27:13
(epstopdf)                    size: 20748 bytes
(epstopdf)             Output file: <newfigs/trainlossmnist-eps-converted-to.pd
f>
(epstopdf)                    date: 2020-09-28 17:32:35
(epstopdf)                    size: 7431 bytes
(epstopdf)             Command: <repstopdf --outfile=newfigs/trainlossmnist-eps
-converted-to.pdf newfigs/trainlossmnist.eps>
(epstopdf)             \includegraphics on input line 282.
Package epstopdf Info: Output file is already uptodate.
<newfigs/trainlossmnist-eps-converted-to.pdf, id=291, 421.575pt x 316.18124pt>
File: newfigs/trainlossmnist-eps-converted-to.pdf Graphic file (type pdf)
<use newfigs/trainlossmnist-eps-converted-to.pdf>
Package pdftex.def Info: newfigs/trainlossmnist-eps-converted-to.pdf  used on i
nput line 282.
(pdftex.def)             Requested size: 143.09538pt x 107.32169pt.
Package epstopdf Info: Source file: <newfigs/trainaccmnist.eps>
(epstopdf)                    date: 2020-09-28 17:27:04
(epstopdf)                    size: 21715 bytes
(epstopdf)             Output file: <newfigs/trainaccmnist-eps-converted-to.pdf
>
(epstopdf)                    date: 2020-09-28 17:32:35
(epstopdf)                    size: 7676 bytes
(epstopdf)             Command: <repstopdf --outfile=newfigs/trainaccmnist-eps-
converted-to.pdf newfigs/trainaccmnist.eps>
(epstopdf)             \includegraphics on input line 282.
Package epstopdf Info: Output file is already uptodate.
<newfigs/trainaccmnist-eps-converted-to.pdf, id=292, 421.575pt x 316.18124pt>
File: newfigs/trainaccmnist-eps-converted-to.pdf Graphic file (type pdf)
<use newfigs/trainaccmnist-eps-converted-to.pdf>
Package pdftex.def Info: newfigs/trainaccmnist-eps-converted-to.pdf  used on in
put line 282.
(pdftex.def)             Requested size: 143.09538pt x 107.32169pt.
Package epstopdf Info: Source file: <newfigs/testlossmnist.eps>
(epstopdf)                    date: 2020-09-28 17:27:07
(epstopdf)                    size: 23451 bytes
(epstopdf)             Output file: <newfigs/testlossmnist-eps-converted-to.pdf
>
(epstopdf)                    date: 2020-09-28 17:32:36
(epstopdf)                    size: 7376 bytes
(epstopdf)             Command: <repstopdf --outfile=newfigs/testlossmnist-eps-
converted-to.pdf newfigs/testlossmnist.eps>
(epstopdf)             \includegraphics on input line 282.
Package epstopdf Info: Output file is already uptodate.
<newfigs/testlossmnist-eps-converted-to.pdf, id=293, 421.575pt x 316.18124pt>
File: newfigs/testlossmnist-eps-converted-to.pdf Graphic file (type pdf)
<use newfigs/testlossmnist-eps-converted-to.pdf>
Package pdftex.def Info: newfigs/testlossmnist-eps-converted-to.pdf  used on in
put line 282.
(pdftex.def)             Requested size: 143.09538pt x 107.32169pt.
Package epstopdf Info: Source file: <newfigs/testaccmnist.eps>
(epstopdf)                    date: 2020-09-28 17:27:10
(epstopdf)                    size: 21485 bytes
(epstopdf)             Output file: <newfigs/testaccmnist-eps-converted-to.pdf>

(epstopdf)                    date: 2020-09-28 17:32:36
(epstopdf)                    size: 7382 bytes
(epstopdf)             Command: <repstopdf --outfile=newfigs/testaccmnist-eps-c
onverted-to.pdf newfigs/testaccmnist.eps>
(epstopdf)             \includegraphics on input line 287.
Package epstopdf Info: Output file is already uptodate.
<newfigs/testaccmnist-eps-converted-to.pdf, id=294, 421.575pt x 316.18124pt>
File: newfigs/testaccmnist-eps-converted-to.pdf Graphic file (type pdf)
<use newfigs/testaccmnist-eps-converted-to.pdf>
Package pdftex.def Info: newfigs/testaccmnist-eps-converted-to.pdf  used on inp
ut line 287.
(pdftex.def)             Requested size: 143.09538pt x 107.32169pt.
Package epstopdf Info: Source file: <newfigs/trainlosscifar.eps>
(epstopdf)                    date: 2020-09-28 17:27:12
(epstopdf)                    size: 22414 bytes
(epstopdf)             Output file: <newfigs/trainlosscifar-eps-converted-to.pd
f>
(epstopdf)                    date: 2020-09-28 17:32:37
(epstopdf)                    size: 7930 bytes
(epstopdf)             Command: <repstopdf --outfile=newfigs/trainlosscifar-eps
-converted-to.pdf newfigs/trainlosscifar.eps>
(epstopdf)             \includegraphics on input line 287.
Package epstopdf Info: Output file is already uptodate.
<newfigs/trainlosscifar-eps-converted-to.pdf, id=295, 421.575pt x 316.18124pt>
File: newfigs/trainlosscifar-eps-converted-to.pdf Graphic file (type pdf)
<use newfigs/trainlosscifar-eps-converted-to.pdf>
Package pdftex.def Info: newfigs/trainlosscifar-eps-converted-to.pdf  used on i
nput line 287.
(pdftex.def)             Requested size: 143.09538pt x 107.32169pt.
Package epstopdf Info: Source file: <newfigs/trainacccifar.eps>
(epstopdf)                    date: 2020-09-28 17:27:08
(epstopdf)                    size: 21604 bytes
(epstopdf)             Output file: <newfigs/trainacccifar-eps-converted-to.pdf
>
(epstopdf)                    date: 2020-09-28 17:32:37
(epstopdf)                    size: 7830 bytes
(epstopdf)             Command: <repstopdf --outfile=newfigs/trainacccifar-eps-
converted-to.pdf newfigs/trainacccifar.eps>
(epstopdf)             \includegraphics on input line 287.
Package epstopdf Info: Output file is already uptodate.
<newfigs/trainacccifar-eps-converted-to.pdf, id=296, 421.575pt x 316.18124pt>
File: newfigs/trainacccifar-eps-converted-to.pdf Graphic file (type pdf)
<use newfigs/trainacccifar-eps-converted-to.pdf>
Package pdftex.def Info: newfigs/trainacccifar-eps-converted-to.pdf  used on in
put line 287.
(pdftex.def)             Requested size: 143.09538pt x 107.32169pt.
Package epstopdf Info: Source file: <newfigs/testlosscifar.eps>
(epstopdf)                    date: 2020-09-28 17:27:06
(epstopdf)                    size: 24324 bytes
(epstopdf)             Output file: <newfigs/testlosscifar-eps-converted-to.pdf
>
(epstopdf)                    date: 2020-09-28 17:32:38
(epstopdf)                    size: 8247 bytes
(epstopdf)             Command: <repstopdf --outfile=newfigs/testlosscifar-eps-
converted-to.pdf newfigs/testlosscifar.eps>
(epstopdf)             \includegraphics on input line 291.
Package epstopdf Info: Output file is already uptodate.
<newfigs/testlosscifar-eps-converted-to.pdf, id=297, 421.575pt x 316.18124pt>
File: newfigs/testlosscifar-eps-converted-to.pdf Graphic file (type pdf)
<use newfigs/testlosscifar-eps-converted-to.pdf>
Package pdftex.def Info: newfigs/testlosscifar-eps-converted-to.pdf  used on in
put line 291.
(pdftex.def)             Requested size: 143.09538pt x 107.32169pt.
Package epstopdf Info: Source file: <newfigs/testacccifar.eps>
(epstopdf)                    date: 2020-09-28 17:27:03
(epstopdf)                    size: 24779 bytes
(epstopdf)             Output file: <newfigs/testacccifar-eps-converted-to.pdf>

(epstopdf)                    date: 2020-09-28 17:32:38
(epstopdf)                    size: 8007 bytes
(epstopdf)             Command: <repstopdf --outfile=newfigs/testacccifar-eps-c
onverted-to.pdf newfigs/testacccifar.eps>
(epstopdf)             \includegraphics on input line 291.
Package epstopdf Info: Output file is already uptodate.
<newfigs/testacccifar-eps-converted-to.pdf, id=298, 421.575pt x 316.18124pt>
File: newfigs/testacccifar-eps-converted-to.pdf Graphic file (type pdf)
<use newfigs/testacccifar-eps-converted-to.pdf>
Package pdftex.def Info: newfigs/testacccifar-eps-converted-to.pdf  used on inp
ut line 291.
(pdftex.def)             Requested size: 143.09538pt x 107.32169pt.

Overfull \hbox (10.26613pt too wide) in paragraph at lines 282--292
[][]
 []


Overfull \hbox (10.26613pt too wide) in paragraph at lines 282--292
[]
 []

(./main.bbl [8pdfTeX warning (ext4): destination with the same identifier (name
{figure.1}) has been already used, duplicate ignored

\AtBegShi@Output ...ipout \box \AtBeginShipoutBox 
                                                  \fi \fi 
l.15   Wierstra]{blundell2015weight}
                                     <./newfigs/trainlossmnist-eps-converted-to
.pdf> <./newfigs/trainaccmnist-eps-converted-to.pdf> <./newfigs/testlossmnist-e
ps-converted-to.pdf> <./newfigs/testaccmnist-eps-converted-to.pdf> <./newfigs/t
rainlosscifar-eps-converted-to.pdf> <./newfigs/trainacccifar-eps-converted-to.p
df> <./newfigs/testlosscifar-eps-converted-to.pdf> <./newfigs/testacccifar-eps-
converted-to.pdf>] [9] [10]
Underfull \hbox (badness 1072) in paragraph at lines 225--229
\OT1/cmr/m/n/10.95 fi-cient pseudo-independent weight per-tur-ba-tions on mini-
batches.  \OT1/cmr/m/it/10.95 arXiv preprint
 []

)
Package atveryend Info: Empty hook `BeforeClearDocument' on input line 315.
 [11]
Package atveryend Info: Empty hook `AfterLastShipout' on input line 315.
 (./main.aux)
Package atveryend Info: Executing hook `AtVeryEndDocument' on input line 315.
Package atveryend Info: Executing hook `AtEndAfterFileList' on input line 315.
Package rerunfilecheck Info: File `main.out' has not changed.
(rerunfilecheck)             Checksum: 9D47174A2DCF45E5804B262D8555C4AF;724.
 ) 
Here is how much of TeX's memory you used:
 9990 strings out of 492649
 142949 string characters out of 6129622
 281839 words of memory out of 5000000
 13638 multiletter control sequences out of 15000+600000
 15536 words of font info for 56 fonts, out of 8000000 for 9000
 1141 hyphenation exceptions out of 8191
 36i,19n,37p,1014b,574s stack positions out of 5000i,500n,10000p,200000b,80000s
</usr/local/texlive/2018/texmf-dist/fonts/type1/public/amsfonts/cm/cmbx10.pfb
></usr/local/texlive/2018/texmf-dist/fonts/type1/public/amsfonts/cm/cmbx12.pfb>
</usr/local/texlive/2018/texmf-dist/fonts/type1/public/amsfonts/cm/cmcsc10.pfb>
</usr/local/texlive/2018/texmf-dist/fonts/type1/public/amsfonts/cm/cmex10.pfb><
/usr/local/texlive/2018/texmf-dist/fonts/type1/public/amsfonts/cm/cmmi10.pfb></
usr/local/texlive/2018/texmf-dist/fonts/type1/public/amsfonts/cm/cmmi6.pfb></us
r/local/texlive/2018/texmf-dist/fonts/type1/public/amsfonts/cm/cmmi8.pfb></usr/
local/texlive/2018/texmf-dist/fonts/type1/public/amsfonts/cm/cmmib10.pfb></usr/
local/texlive/2018/texmf-dist/fonts/type1/public/amsfonts/cmextra/cmmib8.pfb></
usr/local/texlive/2018/texmf-dist/fonts/type1/public/amsfonts/cm/cmr10.pfb></us
r/local/texlive/2018/texmf-dist/fonts/type1/public/amsfonts/cm/cmr8.pfb></usr/l
ocal/texlive/2018/texmf-dist/fonts/type1/public/amsfonts/cm/cmr9.pfb></usr/loca
l/texlive/2018/texmf-dist/fonts/type1/public/amsfonts/cm/cmss8.pfb></usr/local/
texlive/2018/texmf-dist/fonts/type1/public/amsfonts/cm/cmsy10.pfb></usr/local/t
exlive/2018/texmf-dist/fonts/type1/public/amsfonts/cm/cmsy8.pfb></usr/local/tex
live/2018/texmf-dist/fonts/type1/public/amsfonts/cm/cmti10.pfb></usr/local/texl
ive/2018/texmf-dist/fonts/type1/public/amsfonts/cm/cmtt10.pfb></usr/local/texli
ve/2018/texmf-dist/fonts/type1/public/amsfonts/symbols/msbm10.pfb>
Output written on main.pdf (11 pages, 296535 bytes).
PDF statistics:
 440 PDF objects out of 1000 (max. 8388607)
 389 compressed objects within 4 object streams
 84 named destinations out of 1000 (max. 500000)
 113 words of extra memory for PDF output out of 10000 (max. 10000000)

