This is pdfTeX, Version 3.14159265-2.6-1.40.19 (TeX Live 2018) (preloaded format=pdflatex 2018.7.23)  7 MAR 2021 23:51
entering extended mode
 restricted \write18 enabled.
 file:line:error style messages enabled.
 %&-line parsing enabled.
**main.tex
(./main.tex
LaTeX2e <2018-04-01> patch level 2
Babel <3.18> and hyphenation patterns for 84 language(s) loaded.
(/usr/local/texlive/2018/texmf-dist/tex/latex/base/article.cls
Document Class: article 2014/09/29 v1.4h Standard LaTeX document class
(/usr/local/texlive/2018/texmf-dist/tex/latex/base/size10.clo
File: size10.clo 2014/09/29 v1.4h Standard LaTeX file (size option)
)
\c@part=\count80
\c@section=\count81
\c@subsection=\count82
\c@subsubsection=\count83
\c@paragraph=\count84
\c@subparagraph=\count85
\c@figure=\count86
\c@table=\count87
\abovecaptionskip=\skip41
\belowcaptionskip=\skip42
\bibindent=\dimen102
)
(/usr/local/texlive/2018/texmf-dist/tex/latex/geometry/geometry.sty
Package: geometry 2018/03/24 v5.7 Page Geometry

(/usr/local/texlive/2018/texmf-dist/tex/latex/graphics/keyval.sty
Package: keyval 2014/10/28 v1.15 key=value parser (DPC)
\KV@toks@=\toks14
)
(/usr/local/texlive/2018/texmf-dist/tex/generic/oberdiek/ifpdf.sty
Package: ifpdf 2017/03/15 v3.2 Provides the ifpdf switch
)
(/usr/local/texlive/2018/texmf-dist/tex/generic/oberdiek/ifvtex.sty
Package: ifvtex 2016/05/16 v1.6 Detect VTeX and its facilities (HO)
Package ifvtex Info: VTeX not detected.
)
(/usr/local/texlive/2018/texmf-dist/tex/generic/ifxetex/ifxetex.sty
Package: ifxetex 2010/09/12 v0.6 Provides ifxetex conditional
)
\Gm@cnth=\count88
\Gm@cntv=\count89
\c@Gm@tempcnt=\count90
\Gm@bindingoffset=\dimen103
\Gm@wd@mp=\dimen104
\Gm@odd@mp=\dimen105
\Gm@even@mp=\dimen106
\Gm@layoutwidth=\dimen107
\Gm@layoutheight=\dimen108
\Gm@layouthoffset=\dimen109
\Gm@layoutvoffset=\dimen110
\Gm@dimlist=\toks15
)
(/usr/local/texlive/2018/texmf-dist/tex/latex/hyperref/hyperref.sty
Package: hyperref 2018/02/06 v6.86b Hypertext links for LaTeX

(/usr/local/texlive/2018/texmf-dist/tex/generic/oberdiek/hobsub-hyperref.sty
Package: hobsub-hyperref 2016/05/16 v1.14 Bundle oberdiek, subset hyperref (HO)


(/usr/local/texlive/2018/texmf-dist/tex/generic/oberdiek/hobsub-generic.sty
Package: hobsub-generic 2016/05/16 v1.14 Bundle oberdiek, subset generic (HO)
Package: hobsub 2016/05/16 v1.14 Construct package bundles (HO)
Package: infwarerr 2016/05/16 v1.4 Providing info/warning/error messages (HO)
Package: ltxcmds 2016/05/16 v1.23 LaTeX kernel commands for general use (HO)
Package: ifluatex 2016/05/16 v1.4 Provides the ifluatex switch (HO)
Package ifluatex Info: LuaTeX not detected.
Package hobsub Info: Skipping package `ifvtex' (already loaded).
Package: intcalc 2016/05/16 v1.2 Expandable calculations with integers (HO)
Package hobsub Info: Skipping package `ifpdf' (already loaded).
Package: etexcmds 2016/05/16 v1.6 Avoid name clashes with e-TeX commands (HO)
Package etexcmds Info: Could not find \expanded.
(etexcmds)             That can mean that you are not using pdfTeX 1.50 or
(etexcmds)             that some package has redefined \expanded.
(etexcmds)             In the latter case, load this package earlier.
Package: kvsetkeys 2016/05/16 v1.17 Key value parser (HO)
Package: kvdefinekeys 2016/05/16 v1.4 Define keys (HO)
Package: pdftexcmds 2018/01/30 v0.27 Utility functions of pdfTeX for LuaTeX (HO
)
Package pdftexcmds Info: LuaTeX not detected.
Package pdftexcmds Info: \pdf@primitive is available.
Package pdftexcmds Info: \pdf@ifprimitive is available.
Package pdftexcmds Info: \pdfdraftmode found.
Package: pdfescape 2016/05/16 v1.14 Implements pdfTeX's escape features (HO)
Package: bigintcalc 2016/05/16 v1.4 Expandable calculations on big integers (HO
)
Package: bitset 2016/05/16 v1.2 Handle bit-vector datatype (HO)
Package: uniquecounter 2016/05/16 v1.3 Provide unlimited unique counter (HO)
)
Package hobsub Info: Skipping package `hobsub' (already loaded).
Package: letltxmacro 2016/05/16 v1.5 Let assignment for LaTeX macros (HO)
Package: hopatch 2016/05/16 v1.3 Wrapper for package hooks (HO)
Package: xcolor-patch 2016/05/16 xcolor patch
Package: atveryend 2016/05/16 v1.9 Hooks at the very end of document (HO)
Package atveryend Info: \enddocument detected (standard20110627).
Package: atbegshi 2016/06/09 v1.18 At begin shipout hook (HO)
Package: refcount 2016/05/16 v3.5 Data extraction from label references (HO)
Package: hycolor 2016/05/16 v1.8 Color options for hyperref/bookmark (HO)
)
(/usr/local/texlive/2018/texmf-dist/tex/latex/oberdiek/auxhook.sty
Package: auxhook 2016/05/16 v1.4 Hooks for auxiliary files (HO)
)
(/usr/local/texlive/2018/texmf-dist/tex/latex/oberdiek/kvoptions.sty
Package: kvoptions 2016/05/16 v3.12 Key value format for package options (HO)
)
\@linkdim=\dimen111
\Hy@linkcounter=\count91
\Hy@pagecounter=\count92

(/usr/local/texlive/2018/texmf-dist/tex/latex/hyperref/pd1enc.def
File: pd1enc.def 2018/02/06 v6.86b Hyperref: PDFDocEncoding definition (HO)
Now handling font encoding PD1 ...
... no UTF-8 mapping file for font encoding PD1
)
\Hy@SavedSpaceFactor=\count93

(/usr/local/texlive/2018/texmf-dist/tex/latex/latexconfig/hyperref.cfg
File: hyperref.cfg 2002/06/06 v1.2 hyperref configuration of TeXLive
)
Package hyperref Info: Option `colorlinks' set `true' on input line 4383.
Package hyperref Info: Hyper figures OFF on input line 4509.
Package hyperref Info: Link nesting OFF on input line 4514.
Package hyperref Info: Hyper index ON on input line 4517.
Package hyperref Info: Plain pages OFF on input line 4524.
Package hyperref Info: Backreferencing OFF on input line 4529.
Package hyperref Info: Implicit mode ON; LaTeX internals redefined.
Package hyperref Info: Bookmarks ON on input line 4762.
\c@Hy@tempcnt=\count94

(/usr/local/texlive/2018/texmf-dist/tex/latex/url/url.sty
\Urlmuskip=\muskip10
Package: url 2013/09/16  ver 3.4  Verb mode for urls, etc.
)
LaTeX Info: Redefining \url on input line 5115.
\XeTeXLinkMargin=\dimen112
\Fld@menulength=\count95
\Field@Width=\dimen113
\Fld@charsize=\dimen114
Package hyperref Info: Hyper figures OFF on input line 6369.
Package hyperref Info: Link nesting OFF on input line 6374.
Package hyperref Info: Hyper index ON on input line 6377.
Package hyperref Info: backreferencing OFF on input line 6384.
Package hyperref Info: Link coloring ON on input line 6387.
Package hyperref Info: Link coloring with OCG OFF on input line 6394.
Package hyperref Info: PDF/A mode OFF on input line 6399.
LaTeX Info: Redefining \ref on input line 6439.
LaTeX Info: Redefining \pageref on input line 6443.
\Hy@abspage=\count96
\c@Item=\count97
\c@Hfootnote=\count98
)
Package hyperref Info: Driver (autodetected): hpdftex.

(/usr/local/texlive/2018/texmf-dist/tex/latex/hyperref/hpdftex.def
File: hpdftex.def 2018/02/06 v6.86b Hyperref driver for pdfTeX
\Fld@listcount=\count99
\c@bookmark@seq@number=\count100

(/usr/local/texlive/2018/texmf-dist/tex/latex/oberdiek/rerunfilecheck.sty
Package: rerunfilecheck 2016/05/16 v1.8 Rerun checks for auxiliary files (HO)
Package uniquecounter Info: New unique counter `rerunfilecheck' on input line 2
82.
)
\Hy@SectionHShift=\skip43
)
(/usr/local/texlive/2018/texmf-dist/tex/latex/tools/bm.sty
Package: bm 2017/01/16 v1.2c Bold Symbol Support (DPC/FMi)
\symboldoperators=\mathgroup4
\symboldletters=\mathgroup5
\symboldsymbols=\mathgroup6
LaTeX Font Info:    Redeclaring math alphabet \mathbf on input line 141.
LaTeX Info: Redefining \bm on input line 207.
)
(/usr/local/texlive/2018/texmf-dist/tex/latex/amsmath/amsmath.sty
Package: amsmath 2017/09/02 v2.17a AMS math features
\@mathmargin=\skip44

For additional information on amsmath, use the `?' option.
(/usr/local/texlive/2018/texmf-dist/tex/latex/amsmath/amstext.sty
Package: amstext 2000/06/29 v2.01 AMS text

(/usr/local/texlive/2018/texmf-dist/tex/latex/amsmath/amsgen.sty
File: amsgen.sty 1999/11/30 v2.0 generic functions
\@emptytoks=\toks16
\ex@=\dimen115
))
(/usr/local/texlive/2018/texmf-dist/tex/latex/amsmath/amsbsy.sty
Package: amsbsy 1999/11/29 v1.2d Bold Symbols
LaTeX Info: Redefining \boldsymbol on input line 28.
\pmbraise@=\dimen116
)
(/usr/local/texlive/2018/texmf-dist/tex/latex/amsmath/amsopn.sty
Package: amsopn 2016/03/08 v2.02 operator names
)
\inf@bad=\count101
LaTeX Info: Redefining \frac on input line 213.
\uproot@=\count102
\leftroot@=\count103
LaTeX Info: Redefining \overline on input line 375.
\classnum@=\count104
\DOTSCASE@=\count105
LaTeX Info: Redefining \ldots on input line 472.
LaTeX Info: Redefining \dots on input line 475.
LaTeX Info: Redefining \cdots on input line 596.
\Mathstrutbox@=\box26
\strutbox@=\box27
\big@size=\dimen117
LaTeX Font Info:    Redeclaring font encoding OML on input line 712.
LaTeX Font Info:    Redeclaring font encoding OMS on input line 713.
\macc@depth=\count106
\c@MaxMatrixCols=\count107
\dotsspace@=\muskip11
\c@parentequation=\count108
\dspbrk@lvl=\count109
\tag@help=\toks17
\row@=\count110
\column@=\count111
\maxfields@=\count112
\andhelp@=\toks18
\eqnshift@=\dimen118
\alignsep@=\dimen119
\tagshift@=\dimen120
\tagwidth@=\dimen121
\totwidth@=\dimen122
\lineht@=\dimen123
\@envbody=\toks19
\multlinegap=\skip45
\multlinetaggap=\skip46
\mathdisplay@stack=\toks20
LaTeX Info: Redefining \[ on input line 2817.
LaTeX Info: Redefining \] on input line 2818.
)
(/usr/local/texlive/2018/texmf-dist/tex/latex/amscls/amsthm.sty
Package: amsthm 2017/10/31 v2.20.4
\thm@style=\toks21
\thm@bodyfont=\toks22
\thm@headfont=\toks23
\thm@notefont=\toks24
\thm@headpunct=\toks25
\thm@preskip=\skip47
\thm@postskip=\skip48
\thm@headsep=\skip49
\dth@everypar=\toks26
)
(/usr/local/texlive/2018/texmf-dist/tex/latex/amsfonts/amssymb.sty
Package: amssymb 2013/01/14 v3.01 AMS font symbols

(/usr/local/texlive/2018/texmf-dist/tex/latex/amsfonts/amsfonts.sty
Package: amsfonts 2013/01/14 v3.01 Basic AMSFonts support
\symAMSa=\mathgroup7
\symAMSb=\mathgroup8
LaTeX Font Info:    Overwriting math alphabet `\mathfrak' in version `bold'
(Font)                  U/euf/m/n --> U/euf/b/n on input line 106.
))
(/usr/local/texlive/2018/texmf-dist/tex/latex/tools/multicol.sty
Package: multicol 2018/04/01 v1.8r multicolumn formatting (FMi)
\c@tracingmulticols=\count113
\mult@box=\box28
\multicol@leftmargin=\dimen124
\c@unbalance=\count114
\c@collectmore=\count115
\doublecol@number=\count116
\multicoltolerance=\count117
\multicolpretolerance=\count118
\full@width=\dimen125
\page@free=\dimen126
\premulticols=\dimen127
\postmulticols=\dimen128
\multicolsep=\skip50
\multicolbaselineskip=\skip51
\partial@page=\box29
\last@line=\box30
\maxbalancingoverflow=\dimen129
\mult@rightbox=\box31
\mult@grightbox=\box32
\mult@gfirstbox=\box33
\mult@firstbox=\box34
\@tempa=\box35
\@tempa=\box36
\@tempa=\box37
\@tempa=\box38
\@tempa=\box39
\@tempa=\box40
\@tempa=\box41
\@tempa=\box42
\@tempa=\box43
\@tempa=\box44
\@tempa=\box45
\@tempa=\box46
\@tempa=\box47
\@tempa=\box48
\@tempa=\box49
\@tempa=\box50
\@tempa=\box51
\c@columnbadness=\count119
\c@finalcolumnbadness=\count120
\last@try=\dimen130
\multicolovershoot=\dimen131
\multicolundershoot=\dimen132
\mult@nat@firstbox=\box52
\colbreak@box=\box53
\mc@col@check@num=\count121
)
(/usr/local/texlive/2018/texmf-dist/tex/latex/algorithms/algorithmic.sty
Package: algorithmic 2009/08/24 v0.1 Document Style `algorithmic'

(/usr/local/texlive/2018/texmf-dist/tex/latex/base/ifthen.sty
Package: ifthen 2014/09/29 v1.1c Standard LaTeX ifthen package (DPC)
)
\c@ALC@unique=\count122
\c@ALC@line=\count123
\c@ALC@rem=\count124
\c@ALC@depth=\count125
\ALC@tlm=\skip52
\algorithmicindent=\skip53
)
(/usr/local/texlive/2018/texmf-dist/tex/latex/algorithms/algorithm.sty
Package: algorithm 2009/08/24 v0.1 Document Style `algorithm' - floating enviro
nment

(/usr/local/texlive/2018/texmf-dist/tex/latex/float/float.sty
Package: float 2001/11/08 v1.3d Float enhancements (AL)
\c@float@type=\count126
\float@exts=\toks27
\float@box=\box54
\@float@everytoks=\toks28
\@floatcapt=\box55
)
\@float@every@algorithm=\toks29
\c@algorithm=\count127
)
(/usr/local/texlive/2018/texmf-dist/tex/latex/enumitem/enumitem.sty
Package: enumitem 2011/09/28 v3.5.2 Customized lists
\labelindent=\skip54
\enit@outerparindent=\dimen133
\enit@toks=\toks30
\enit@inbox=\box56
\enitdp@description=\count128
)
(/usr/local/texlive/2018/texmf-dist/tex/latex/graphics/graphicx.sty
Package: graphicx 2017/06/01 v1.1a Enhanced LaTeX Graphics (DPC,SPQR)

(/usr/local/texlive/2018/texmf-dist/tex/latex/graphics/graphics.sty
Package: graphics 2017/06/25 v1.2c Standard LaTeX Graphics (DPC,SPQR)

(/usr/local/texlive/2018/texmf-dist/tex/latex/graphics/trig.sty
Package: trig 2016/01/03 v1.10 sin cos tan (DPC)
)
(/usr/local/texlive/2018/texmf-dist/tex/latex/graphics-cfg/graphics.cfg
File: graphics.cfg 2016/06/04 v1.11 sample graphics configuration
)
Package graphics Info: Driver file: pdftex.def on input line 99.

(/usr/local/texlive/2018/texmf-dist/tex/latex/graphics-def/pdftex.def
File: pdftex.def 2018/01/08 v1.0l Graphics/color driver for pdftex
))
\Gin@req@height=\dimen134
\Gin@req@width=\dimen135
)
(/usr/local/texlive/2018/texmf-dist/tex/latex/subfigure/subfigure.sty
Package: subfigure 2002/03/15 v2.1.5 subfigure package
\subfigtopskip=\skip55
\subfigcapskip=\skip56
\subfigcaptopadj=\dimen136
\subfigbottomskip=\skip57
\subfigcapmargin=\dimen137
\subfiglabelskip=\skip58
\c@subfigure=\count129
\c@lofdepth=\count130
\c@subtable=\count131
\c@lotdepth=\count132

****************************************
* Local config file subfigure.cfg used *
****************************************
(/usr/local/texlive/2018/texmf-dist/tex/latex/subfigure/subfigure.cfg)
\subfig@top=\skip59
\subfig@bottom=\skip60
)
(/usr/local/texlive/2018/texmf-dist/tex/latex/xargs/xargs.sty
Package: xargs 2008/03/22 v1.1  extended macro definitions  (mpg)

(/usr/local/texlive/2018/texmf-dist/tex/latex/xkeyval/xkeyval.sty
Package: xkeyval 2014/12/03 v2.7a package option processing (HA)

(/usr/local/texlive/2018/texmf-dist/tex/generic/xkeyval/xkeyval.tex
(/usr/local/texlive/2018/texmf-dist/tex/generic/xkeyval/xkvutils.tex
\XKV@toks=\toks31
\XKV@tempa@toks=\toks32
)
\XKV@depth=\count133
File: xkeyval.tex 2014/12/03 v2.7a key=value parser (HA)
))
\xargs@max=\count134
\xargs@toksa=\toks33
\xargs@toksb=\toks34
)
(/usr/local/texlive/2018/texmf-dist/tex/latex/natbib/natbib.sty
Package: natbib 2010/09/13 8.31b (PWD, AO)
\bibhang=\skip61
\bibsep=\skip62
LaTeX Info: Redefining \cite on input line 694.
\c@NAT@ctr=\count135
)
(/usr/local/texlive/2018/texmf-dist/tex/latex/stmaryrd/stmaryrd.sty
Package: stmaryrd 1994/03/03 St Mary's Road symbol package
\symstmry=\mathgroup9
LaTeX Font Info:    Overwriting symbol font `stmry' in version `bold'
(Font)                  U/stmry/m/n --> U/stmry/b/n on input line 89.
)
(/usr/local/texlive/2018/texmf-dist/tex/latex/mdframed/mdframed.sty
Package: mdframed 2013/07/01 1.9b: mdframed

(/usr/local/texlive/2018/texmf-dist/tex/latex/l3packages/xparse/xparse.sty
(/usr/local/texlive/2018/texmf-dist/tex/latex/l3kernel/expl3.sty
Package: expl3 2018/03/05 L3 programming layer (loader) 

(/usr/local/texlive/2018/texmf-dist/tex/latex/l3kernel/expl3-code.tex
Package: expl3 2018/03/05 L3 programming layer (code)
\c_max_int=\count136
\l_tmpa_int=\count137
\l_tmpb_int=\count138
\g_tmpa_int=\count139
\g_tmpb_int=\count140
\g__intarray_font_int=\count141
\g__prg_map_int=\count142
\c_log_iow=\count143
\l_iow_line_count_int=\count144
\l__iow_line_target_int=\count145
\l__iow_one_indent_int=\count146
\l__iow_indent_int=\count147
\c_zero_dim=\dimen138
\c_max_dim=\dimen139
\l_tmpa_dim=\dimen140
\l_tmpb_dim=\dimen141
\g_tmpa_dim=\dimen142
\g_tmpb_dim=\dimen143
\c_zero_skip=\skip63
\c_max_skip=\skip64
\l_tmpa_skip=\skip65
\l_tmpb_skip=\skip66
\g_tmpa_skip=\skip67
\g_tmpb_skip=\skip68
\c_zero_muskip=\muskip12
\c_max_muskip=\muskip13
\l_tmpa_muskip=\muskip14
\l_tmpb_muskip=\muskip15
\g_tmpa_muskip=\muskip16
\g_tmpb_muskip=\muskip17
\l_keys_choice_int=\count148
\c__fp_leading_shift_int=\count149
\c__fp_middle_shift_int=\count150
\c__fp_trailing_shift_int=\count151
\c__fp_big_leading_shift_int=\count152
\c__fp_big_middle_shift_int=\count153
\c__fp_big_trailing_shift_int=\count154
\c__fp_Bigg_leading_shift_int=\count155
\c__fp_Bigg_middle_shift_int=\count156
\c__fp_Bigg_trailing_shift_int=\count157
\c__fp_rand_size_int=\count158
\c__fp_rand_four_int=\count159
\c__fp_rand_eight_int=\count160
\l__sort_length_int=\count161
\l__sort_min_int=\count162
\l__sort_top_int=\count163
\l__sort_max_int=\count164
\l__sort_true_max_int=\count165
\l__sort_block_int=\count166
\l__sort_begin_int=\count167
\l__sort_end_int=\count168
\l__sort_A_int=\count169
\l__sort_B_int=\count170
\l__sort_C_int=\count171
\l__tl_build_start_index_int=\count172
\l__tl_build_index_int=\count173
\l__tl_analysis_normal_int=\count174
\l__tl_analysis_index_int=\count175
\l__tl_analysis_nesting_int=\count176
\l__tl_analysis_type_int=\count177
\l__regex_internal_a_int=\count178
\l__regex_internal_b_int=\count179
\l__regex_internal_c_int=\count180
\l__regex_balance_int=\count181
\l__regex_group_level_int=\count182
\l__regex_mode_int=\count183
\c__regex_cs_in_class_mode_int=\count184
\c__regex_cs_mode_int=\count185
\l__regex_catcodes_int=\count186
\l__regex_default_catcodes_int=\count187
\c__regex_catcode_D_int=\count188
\c__regex_catcode_S_int=\count189
\c__regex_catcode_L_int=\count190
\c__regex_catcode_O_int=\count191
\c__regex_catcode_A_int=\count192
\c__regex_all_catcodes_int=\count193
\l__regex_show_lines_int=\count194
\l__regex_min_state_int=\count195
\l__regex_max_state_int=\count196
\l__regex_left_state_int=\count197
\l__regex_right_state_int=\count198
\l__regex_capturing_group_int=\count199
\l__regex_min_pos_int=\count266
\l__regex_max_pos_int=\count267
\l__regex_curr_pos_int=\count268
\l__regex_start_pos_int=\count269
\l__regex_success_pos_int=\count270
\l__regex_curr_char_int=\count271
\l__regex_curr_catcode_int=\count272
\l__regex_last_char_int=\count273
\l__regex_case_changed_char_int=\count274
\l__regex_curr_state_int=\count275
\l__regex_step_int=\count276
\l__regex_min_active_int=\count277
\l__regex_max_active_int=\count278
\l__regex_replacement_csnames_int=\count279
\l__regex_match_count_int=\count280
\l__regex_min_submatch_int=\count281
\l__regex_submatch_int=\count282
\l__regex_zeroth_submatch_int=\count283
\g__regex_trace_regex_int=\count284
\c_empty_box=\box57
\l_tmpa_box=\box58
\l_tmpb_box=\box59
\g_tmpa_box=\box60
\g_tmpb_box=\box61
\l__box_top_dim=\dimen144
\l__box_bottom_dim=\dimen145
\l__box_left_dim=\dimen146
\l__box_right_dim=\dimen147
\l__box_top_new_dim=\dimen148
\l__box_bottom_new_dim=\dimen149
\l__box_left_new_dim=\dimen150
\l__box_right_new_dim=\dimen151
\l__box_internal_box=\box62
\l__coffin_internal_box=\box63
\l__coffin_internal_dim=\dimen152
\l__coffin_offset_x_dim=\dimen153
\l__coffin_offset_y_dim=\dimen154
\l__coffin_x_dim=\dimen155
\l__coffin_y_dim=\dimen156
\l__coffin_x_prime_dim=\dimen157
\l__coffin_y_prime_dim=\dimen158
\c_empty_coffin=\box64
\l__coffin_aligned_coffin=\box65
\l__coffin_aligned_internal_coffin=\box66
\l_tmpa_coffin=\box67
\l_tmpb_coffin=\box68
\l__coffin_display_coffin=\box69
\l__coffin_display_coord_coffin=\box70
\l__coffin_display_pole_coffin=\box71
\l__coffin_display_offset_dim=\dimen159
\l__coffin_display_x_dim=\dimen160
\l__coffin_display_y_dim=\dimen161
\l__coffin_bounding_shift_dim=\dimen162
\l__coffin_left_corner_dim=\dimen163
\l__coffin_right_corner_dim=\dimen164
\l__coffin_bottom_corner_dim=\dimen165
\l__coffin_top_corner_dim=\dimen166
\l__coffin_scaled_total_height_dim=\dimen167
\l__coffin_scaled_width_dim=\dimen168
)
(/usr/local/texlive/2018/texmf-dist/tex/latex/l3kernel/l3pdfmode.def
File: l3pdfmode.def 2017/03/18 v L3 Experimental driver: PDF mode
\l__driver_color_stack_int=\count285
))
Package: xparse 2018/02/21 L3 Experimental document command parser
\l__xparse_current_arg_int=\count286
\g__xparse_grabber_int=\count287
\l__xparse_m_args_int=\count288
\l__xparse_mandatory_args_int=\count289
\l__xparse_v_nesting_int=\count290
)
(/usr/local/texlive/2018/texmf-dist/tex/latex/etoolbox/etoolbox.sty
Package: etoolbox 2018/02/11 v2.5e e-TeX tools for LaTeX (JAW)
\etb@tempcnta=\count291
)
(/usr/local/texlive/2018/texmf-dist/tex/latex/oberdiek/zref-abspage.sty
Package: zref-abspage 2016/05/21 v2.26 Module abspage for zref (HO)

(/usr/local/texlive/2018/texmf-dist/tex/latex/oberdiek/zref-base.sty
Package: zref-base 2016/05/21 v2.26 Module base for zref (HO)
Package zref Info: New property list: main on input line 759.
Package zref Info: New property: default on input line 760.
Package zref Info: New property: page on input line 761.
)
\c@abspage=\count292
Package zref Info: New property: abspage on input line 62.
)
(/usr/local/texlive/2018/texmf-dist/tex/latex/needspace/needspace.sty
Package: needspace 2010/09/12 v1.3d reserve vertical space
)
(/usr/local/texlive/2018/texmf-dist/tex/latex/graphics/color.sty
Package: color 2016/07/10 v1.1e Standard LaTeX Color (DPC)

(/usr/local/texlive/2018/texmf-dist/tex/latex/graphics-cfg/color.cfg
File: color.cfg 2016/01/02 v1.6 sample color configuration
)
Package color Info: Driver file: pdftex.def on input line 147.
)
\mdf@templength=\skip69
\c@mdf@globalstyle@cnt=\count293
\mdf@skipabove@length=\skip70
\mdf@skipbelow@length=\skip71
\mdf@leftmargin@length=\skip72
\mdf@rightmargin@length=\skip73
\mdf@innerleftmargin@length=\skip74
\mdf@innerrightmargin@length=\skip75
\mdf@innertopmargin@length=\skip76
\mdf@innerbottommargin@length=\skip77
\mdf@splittopskip@length=\skip78
\mdf@splitbottomskip@length=\skip79
\mdf@outermargin@length=\skip80
\mdf@innermargin@length=\skip81
\mdf@linewidth@length=\skip82
\mdf@innerlinewidth@length=\skip83
\mdf@middlelinewidth@length=\skip84
\mdf@outerlinewidth@length=\skip85
\mdf@roundcorner@length=\skip86
\mdf@footenotedistance@length=\skip87
\mdf@userdefinedwidth@length=\skip88
\mdf@needspace@length=\skip89
\mdf@frametitleaboveskip@length=\skip90
\mdf@frametitlebelowskip@length=\skip91
\mdf@frametitlerulewidth@length=\skip92
\mdf@frametitleleftmargin@length=\skip93
\mdf@frametitlerightmargin@length=\skip94
\mdf@shadowsize@length=\skip95
\mdf@extratopheight@length=\skip96
\mdf@subtitleabovelinewidth@length=\skip97
\mdf@subtitlebelowlinewidth@length=\skip98
\mdf@subtitleaboveskip@length=\skip99
\mdf@subtitlebelowskip@length=\skip100
\mdf@subtitleinneraboveskip@length=\skip101
\mdf@subtitleinnerbelowskip@length=\skip102
\mdf@subsubtitleabovelinewidth@length=\skip103
\mdf@subsubtitlebelowlinewidth@length=\skip104
\mdf@subsubtitleaboveskip@length=\skip105
\mdf@subsubtitlebelowskip@length=\skip106
\mdf@subsubtitleinneraboveskip@length=\skip107
\mdf@subsubtitleinnerbelowskip@length=\skip108

(/usr/local/texlive/2018/texmf-dist/tex/latex/mdframed/md-frame-0.mdf
File: md-frame-0.mdf 2013/07/01\ 1.9b: md-frame-0
)
\mdf@frametitlebox=\box72
\mdf@footnotebox=\box73
\mdf@splitbox@one=\box74
\mdf@splitbox@two=\box75
\mdf@splitbox@save=\box76
\mdfsplitboxwidth=\skip109
\mdfsplitboxtotalwidth=\skip110
\mdfsplitboxheight=\skip111
\mdfsplitboxdepth=\skip112
\mdfsplitboxtotalheight=\skip113
\mdfframetitleboxwidth=\skip114
\mdfframetitleboxtotalwidth=\skip115
\mdfframetitleboxheight=\skip116
\mdfframetitleboxdepth=\skip117
\mdfframetitleboxtotalheight=\skip118
\mdffootnoteboxwidth=\skip119
\mdffootnoteboxtotalwidth=\skip120
\mdffootnoteboxheight=\skip121
\mdffootnoteboxdepth=\skip122
\mdffootnoteboxtotalheight=\skip123
\mdftotallinewidth=\skip124
\mdfboundingboxwidth=\skip125
\mdfboundingboxtotalwidth=\skip126
\mdfboundingboxheight=\skip127
\mdfboundingboxdepth=\skip128
\mdfboundingboxtotalheight=\skip129
\mdf@freevspace@length=\skip130
\mdf@horizontalwidthofbox@length=\skip131
\mdf@verticalmarginwhole@length=\skip132
\mdf@horizontalspaceofbox=\skip133
\mdfsubtitleheight=\skip134
\mdfsubsubtitleheight=\skip135
\c@mdfcountframes=\count294

****** mdframed patching \endmdf@trivlist

****** -- success******

.................................................
. LaTeX info: "xparse/define-command"
. 
. Defining command \newmdtheoremenv with sig. 'O{} m o m o ' on line 601.
.................................................
.................................................
. LaTeX info: "xparse/define-command"
. 
. Defining command \mdtheorem with sig. ' O{} m o m o ' on line 701.
.................................................
\mdf@envdepth=\count295
\c@mdf@env@i=\count296
\c@mdf@env@ii=\count297
\c@mdf@zref@counter=\count298
Package zref Info: New property: mdf@pagevalue on input line 895.
)
\c@theo=\count299
\c@lemm=\count300
\c@coro=\count301

(./shortcuts.tex
\c@Fact=\count302
\c@Lemma=\count303
\c@Prop=\count304
\c@Theorem=\count305
\c@Def=\count306
\c@Corollary=\count307
\c@Conjecture=\count308
\c@Property=\count309
\c@Observation=\count310
\c@Exa=\count311
\c@assumption=\count312
\c@Remark=\count313
) (./main.aux)
\openout1 = `main.aux'.

LaTeX Font Info:    Checking defaults for OML/cmm/m/it on input line 19.
LaTeX Font Info:    ... okay on input line 19.
LaTeX Font Info:    Checking defaults for T1/cmr/m/n on input line 19.
LaTeX Font Info:    ... okay on input line 19.
LaTeX Font Info:    Checking defaults for OT1/cmr/m/n on input line 19.
LaTeX Font Info:    ... okay on input line 19.
LaTeX Font Info:    Checking defaults for OMS/cmsy/m/n on input line 19.
LaTeX Font Info:    ... okay on input line 19.
LaTeX Font Info:    Checking defaults for OMX/cmex/m/n on input line 19.
LaTeX Font Info:    ... okay on input line 19.
LaTeX Font Info:    Checking defaults for U/cmr/m/n on input line 19.
LaTeX Font Info:    ... okay on input line 19.
LaTeX Font Info:    Checking defaults for PD1/pdf/m/n on input line 19.
LaTeX Font Info:    ... okay on input line 19.

*geometry* driver: auto-detecting
*geometry* detected driver: pdftex
*geometry* verbose mode - [ preamble ] result:
* driver: pdftex
* paper: <default>
* layout: <same size as paper>
* layoutoffset:(h,v)=(0.0pt,0.0pt)
* modes: 
* h-part:(L,W,R)=(72.26999pt, 469.75502pt, 72.26999pt)
* v-part:(T,H,B)=(72.26999pt, 650.43001pt, 72.26999pt)
* \paperwidth=614.295pt
* \paperheight=794.96999pt
* \textwidth=469.75502pt
* \textheight=650.43001pt
* \oddsidemargin=0.0pt
* \evensidemargin=0.0pt
* \topmargin=-37.0pt
* \headheight=12.0pt
* \headsep=25.0pt
* \topskip=10.0pt
* \footskip=30.0pt
* \marginparwidth=65.0pt
* \marginparsep=11.0pt
* \columnsep=10.0pt
* \skip\footins=9.0pt plus 4.0pt minus 2.0pt
* \hoffset=0.0pt
* \voffset=0.0pt
* \mag=1000
* \@twocolumnfalse
* \@twosidefalse
* \@mparswitchfalse
* \@reversemarginfalse
* (1in=72.27pt=25.4mm, 1cm=28.453pt)

\AtBeginShipoutBox=\box77
Package hyperref Info: Link coloring ON on input line 19.
(/usr/local/texlive/2018/texmf-dist/tex/latex/hyperref/nameref.sty
Package: nameref 2016/05/21 v2.44 Cross-referencing by name of section

(/usr/local/texlive/2018/texmf-dist/tex/generic/oberdiek/gettitlestring.sty
Package: gettitlestring 2016/05/16 v1.5 Cleanup title references (HO)
)
\c@section@level=\count314
)
LaTeX Info: Redefining \ref on input line 19.
LaTeX Info: Redefining \pageref on input line 19.
LaTeX Info: Redefining \nameref on input line 19.

(./main.out) (./main.out)
\@outlinefile=\write3
\openout3 = `main.out'.


(/usr/local/texlive/2018/texmf-dist/tex/context/base/mkii/supp-pdf.mkii
[Loading MPS to PDF converter (version 2006.09.02).]
\scratchcounter=\count315
\scratchdimen=\dimen169
\scratchbox=\box78
\nofMPsegments=\count316
\nofMParguments=\count317
\everyMPshowfont=\toks35
\MPscratchCnt=\count318
\MPscratchDim=\dimen170
\MPnumerator=\count319
\makeMPintoPDFobject=\count320
\everyMPtoPDFconversion=\toks36
) (/usr/local/texlive/2018/texmf-dist/tex/latex/oberdiek/epstopdf-base.sty
Package: epstopdf-base 2016/05/15 v2.6 Base part for package epstopdf

(/usr/local/texlive/2018/texmf-dist/tex/latex/oberdiek/grfext.sty
Package: grfext 2016/05/16 v1.2 Manage graphics extensions (HO)
)
Package epstopdf-base Info: Redefining graphics rule for `.eps' on input line 4
38.
Package grfext Info: Graphics extension search list:
(grfext)             [.pdf,.png,.jpg,.mps,.jpeg,.jbig2,.jb2,.PDF,.PNG,.JPG,.JPE
G,.JBIG2,.JB2,.eps]
(grfext)             \AppendGraphicsExtensions on input line 456.

(/usr/local/texlive/2018/texmf-dist/tex/latex/latexconfig/epstopdf-sys.cfg
File: epstopdf-sys.cfg 2010/07/13 v1.3 Configuration of (r)epstopdf for TeX Liv
e
))
LaTeX Font Info:    Try loading font information for U+msa on input line 33.

(/usr/local/texlive/2018/texmf-dist/tex/latex/amsfonts/umsa.fd
File: umsa.fd 2013/01/14 v3.01 AMS symbols A
)
LaTeX Font Info:    Try loading font information for U+msb on input line 33.

(/usr/local/texlive/2018/texmf-dist/tex/latex/amsfonts/umsb.fd
File: umsb.fd 2013/01/14 v3.01 AMS symbols B
)
LaTeX Font Info:    Try loading font information for U+stmry on input line 33.

(/usr/local/texlive/2018/texmf-dist/tex/latex/stmaryrd/Ustmry.fd) [1

{/usr/local/texlive/2018/texmf-var/fonts/map/pdftex/updmap/pdftex.map}]
LaTeX Font Info:    Try loading font information for OMS+cmr on input line 84.

(/usr/local/texlive/2018/texmf-dist/tex/latex/base/omscmr.fd
File: omscmr.fd 2014/09/29 v2.5h Standard LaTeX font definitions
)
LaTeX Font Info:    Font shape `OMS/cmr/m/n' in size <10> not available
(Font)              Font shape `OMS/cmsy/m/n' tried instead on input line 84.
 [2] [3]
Package hyperref Info: bookmark level for unknown algorithm defaults to 0 on in
put line 163.


LaTeX Font Warning: Font shape `OT1/cmr/bx/sc' undefined
(Font)              using `OT1/cmr/bx/n' instead on input line 192.

[4] [5]
Package mdframed Info: mdframed detected package amsthm 
 changed the theorem header of amsthm
(mdframed)              on input line 279.
 [6]
Overfull \hbox (15.3561pt too wide) detected at line 357
[]
 []

[7] [8] [9]
Package mdframed Info: mdframed detected package amsthm 
 changed the theorem header of amsthm
(mdframed)              on input line 496.
Package mdframed Info: mdframed detected package amsthm 
 changed the theorem header of amsthm
(mdframed)              on input line 508.
 [10]
<figs/rings.png, id=381, 1038.88126pt x 362.35374pt>
File: figs/rings.png Graphic file (type png)
<use figs/rings.png>
Package pdftex.def Info: figs/rings.png  used on input line 524.
(pdftex.def)             Requested size: 375.80544pt x 131.07756pt.
<figs/flowerslangevin.png, id=383, 343.2825pt x 343.2825pt>
File: figs/flowerslangevin.png Graphic file (type png)
<use figs/flowerslangevin.png>
Package pdftex.def Info: figs/flowerslangevin.png  used on input line 538.
(pdftex.def)             Requested size: 144.54pt x 144.53908pt.
<figs/flowersanila.png, id=384, 343.2825pt x 343.2825pt>
File: figs/flowersanila.png Graphic file (type png)
<use figs/flowersanila.png>
Package pdftex.def Info: figs/flowersanila.png  used on input line 538.
(pdftex.def)             Requested size: 144.54pt x 144.53908pt.
<figs/cifarlangevin.png, id=385, 275.0275pt x 275.0275pt>
File: figs/cifarlangevin.png Graphic file (type png)
<use figs/cifarlangevin.png>
Package pdftex.def Info: figs/cifarlangevin.png  used on input line 554.
(pdftex.def)             Requested size: 144.54pt x 144.54266pt.
File: figs/cifarlangevin.png Graphic file (type png)
<use figs/cifarlangevin.png>
Package pdftex.def Info: figs/cifarlangevin.png  used on input line 554.
(pdftex.def)             Requested size: 144.54pt x 144.54266pt.
 [11

pdfTeX warning (ext4): destination with the same identifier (name{figure.1}) ha
s been already used, duplicate ignored

\AtBegShi@Output ...ipout \box \AtBeginShipoutBox 
                                                  \fi \fi 
l.560 
      pdfTeX warning (ext4): destination with the same identifier (name{figure.
2}) has been already used, duplicate ignored

\AtBegShi@Output ...ipout \box \AtBeginShipoutBox 
                                                  \fi \fi 
l.560 
       <./figs/rings.png> <./figs/flowerslangevin.png (PNG copy)> <./figs/flowe
rsanila.png (PNG copy)>] [12pdfTeX warning (ext4): destination with the same id
entifier (name{figure.3}) has been already used, duplicate ignored

\AtBegShi@Output ...ipout \box \AtBeginShipoutBox 
                                                  \fi \fi 
l.570 \newpage
               <./figs/cifarlangevin.png (PNG copy)>] (./main.bbl [13]
Underfull \hbox (badness 1286) in paragraph at lines 161--164
[]\OT1/cmr/m/n/10 Yang Song and Diederik P Kingma.  How to train your energy-ba
sed mod-els.  \OT1/cmr/m/it/10 arXiv preprint
 []

)
Package atveryend Info: Empty hook `BeforeClearDocument' on input line 576.
 [14]
Package atveryend Info: Empty hook `AfterLastShipout' on input line 576.
 (./main.aux)
Package atveryend Info: Executing hook `AtVeryEndDocument' on input line 576.
Package atveryend Info: Executing hook `AtEndAfterFileList' on input line 576.
Package rerunfilecheck Info: File `main.out' has not changed.
(rerunfilecheck)             Checksum: F699E5323F71619AF5EC51D28A00D7FA;833.


LaTeX Font Warning: Some font shapes were not available, defaults substituted.

Package atveryend Info: Empty hook `AtVeryVeryEnd' on input line 576.
 ) 
Here is how much of TeX's memory you used:
 17899 strings out of 492649
 314303 string characters out of 6129622
 420453 words of memory out of 5000000
 21453 multiletter control sequences out of 15000+600000
 548337 words of font info for 88 fonts, out of 8000000 for 9000
 1141 hyphenation exceptions out of 8191
 39i,11n,37p,10393b,539s stack positions out of 5000i,500n,10000p,200000b,80000s
</usr/local/texlive/2018/texmf-dist/fonts/type1/public/amsfonts/cm/cmbx10.pfb
></usr/local/texlive/2018/texmf-dist/fonts/type1/public/amsfonts/cm/cmbx12.pfb>
</usr/local/texlive/2018/texmf-dist/fonts/type1/public/amsfonts/cm/cmbx7.pfb></
usr/local/texlive/2018/texmf-dist/fonts/type1/public/amsfonts/cm/cmbx9.pfb></us
r/local/texlive/2018/texmf-dist/fonts/type1/public/amsfonts/cm/cmcsc10.pfb></us
r/local/texlive/2018/texmf-dist/fonts/type1/public/amsfonts/cm/cmex10.pfb></usr
/local/texlive/2018/texmf-dist/fonts/type1/public/amsfonts/cm/cmmi10.pfb></usr/
local/texlive/2018/texmf-dist/fonts/type1/public/amsfonts/cm/cmmi5.pfb></usr/lo
cal/texlive/2018/texmf-dist/fonts/type1/public/amsfonts/cm/cmmi7.pfb></usr/loca
l/texlive/2018/texmf-dist/fonts/type1/public/amsfonts/cm/cmr10.pfb></usr/local/
texlive/2018/texmf-dist/fonts/type1/public/amsfonts/cm/cmr12.pfb></usr/local/te
xlive/2018/texmf-dist/fonts/type1/public/amsfonts/cm/cmr17.pfb></usr/local/texl
ive/2018/texmf-dist/fonts/type1/public/amsfonts/cm/cmr5.pfb></usr/local/texlive
/2018/texmf-dist/fonts/type1/public/amsfonts/cm/cmr7.pfb></usr/local/texlive/20
18/texmf-dist/fonts/type1/public/amsfonts/cm/cmr8.pfb></usr/local/texlive/2018/
texmf-dist/fonts/type1/public/amsfonts/cm/cmr9.pfb></usr/local/texlive/2018/tex
mf-dist/fonts/type1/public/amsfonts/cm/cmss10.pfb></usr/local/texlive/2018/texm
f-dist/fonts/type1/public/amsfonts/cm/cmsy10.pfb></usr/local/texlive/2018/texmf
-dist/fonts/type1/public/amsfonts/cm/cmsy5.pfb></usr/local/texlive/2018/texmf-d
ist/fonts/type1/public/amsfonts/cm/cmsy7.pfb></usr/local/texlive/2018/texmf-dis
t/fonts/type1/public/amsfonts/cm/cmti10.pfb></usr/local/texlive/2018/texmf-dist
/fonts/type1/public/amsfonts/symbols/msbm10.pfb>
Output written on main.pdf (14 pages, 1246710 bytes).
PDF statistics:
 508 PDF objects out of 1000 (max. 8388607)
 460 compressed objects within 5 object streams
 128 named destinations out of 1000 (max. 500000)
 117 words of extra memory for PDF output out of 10000 (max. 10000000)

