This is pdfTeX, Version 3.14159265-2.6-1.40.19 (TeX Live 2018) (preloaded format=pdflatex 2018.7.23)  10 OCT 2020 14:05
entering extended mode
 restricted \write18 enabled.
 file:line:error style messages enabled.
 %&-line parsing enabled.
**mainsketch.tex
(./mainsketch.tex
LaTeX2e <2018-04-01> patch level 2
Babel <3.18> and hyphenation patterns for 84 language(s) loaded.
(/usr/local/texlive/2018/texmf-dist/tex/latex/base/article.cls
Document Class: article 2014/09/29 v1.4h Standard LaTeX document class
(/usr/local/texlive/2018/texmf-dist/tex/latex/base/size10.clo
File: size10.clo 2014/09/29 v1.4h Standard LaTeX file (size option)
)
\c@part=\count80
\c@section=\count81
\c@subsection=\count82
\c@subsubsection=\count83
\c@paragraph=\count84
\c@subparagraph=\count85
\c@figure=\count86
\c@table=\count87
\abovecaptionskip=\skip41
\belowcaptionskip=\skip42
\bibindent=\dimen102
)
(./aistats2021.sty
Package: aistats2021 2020/08/23 AISTATS2021 submission/camera-ready style file

(/usr/local/texlive/2018/texmf-dist/tex/latex/amsmath/amsmath.sty
Package: amsmath 2017/09/02 v2.17a AMS math features
\@mathmargin=\skip43

For additional information on amsmath, use the `?' option.
(/usr/local/texlive/2018/texmf-dist/tex/latex/amsmath/amstext.sty
Package: amstext 2000/06/29 v2.01 AMS text

(/usr/local/texlive/2018/texmf-dist/tex/latex/amsmath/amsgen.sty
File: amsgen.sty 1999/11/30 v2.0 generic functions
\@emptytoks=\toks14
\ex@=\dimen103
))
(/usr/local/texlive/2018/texmf-dist/tex/latex/amsmath/amsbsy.sty
Package: amsbsy 1999/11/29 v1.2d Bold Symbols
\pmbraise@=\dimen104
)
(/usr/local/texlive/2018/texmf-dist/tex/latex/amsmath/amsopn.sty
Package: amsopn 2016/03/08 v2.02 operator names
)
\inf@bad=\count88
LaTeX Info: Redefining \frac on input line 213.
\uproot@=\count89
\leftroot@=\count90
LaTeX Info: Redefining \overline on input line 375.
\classnum@=\count91
\DOTSCASE@=\count92
LaTeX Info: Redefining \ldots on input line 472.
LaTeX Info: Redefining \dots on input line 475.
LaTeX Info: Redefining \cdots on input line 596.
\Mathstrutbox@=\box26
\strutbox@=\box27
\big@size=\dimen105
LaTeX Font Info:    Redeclaring font encoding OML on input line 712.
LaTeX Font Info:    Redeclaring font encoding OMS on input line 713.
\macc@depth=\count93
\c@MaxMatrixCols=\count94
\dotsspace@=\muskip10
\c@parentequation=\count95
\dspbrk@lvl=\count96
\tag@help=\toks15
\row@=\count97
\column@=\count98
\maxfields@=\count99
\andhelp@=\toks16
\eqnshift@=\dimen106
\alignsep@=\dimen107
\tagshift@=\dimen108
\tagwidth@=\dimen109
\totwidth@=\dimen110
\lineht@=\dimen111
\@envbody=\toks17
\multlinegap=\skip44
\multlinetaggap=\skip45
\mathdisplay@stack=\toks18
LaTeX Info: Redefining \[ on input line 2817.
LaTeX Info: Redefining \] on input line 2818.
)
\titlebox=\skip46

(./fancyhdr.sty
\fancy@headwidth=\skip47
\f@ncyO@elh=\skip48
\f@ncyO@erh=\skip49
\f@ncyO@olh=\skip50
\f@ncyO@orh=\skip51
\f@ncyO@elf=\skip52
\f@ncyO@erf=\skip53
\f@ncyO@olf=\skip54
\f@ncyO@orf=\skip55
)
\titrun=\box28
\autrun=\box29
)
(/usr/local/texlive/2018/texmf-dist/tex/latex/natbib/natbib.sty
Package: natbib 2010/09/13 8.31b (PWD, AO)
\bibhang=\skip56
\bibsep=\skip57
LaTeX Info: Redefining \cite on input line 694.
\c@NAT@ctr=\count100
)
(/usr/local/texlive/2018/texmf-dist/tex/latex/booktabs/booktabs.sty
Package: booktabs 2016/04/27 v1.618033 publication quality tables
\heavyrulewidth=\dimen112
\lightrulewidth=\dimen113
\cmidrulewidth=\dimen114
\belowrulesep=\dimen115
\belowbottomsep=\dimen116
\aboverulesep=\dimen117
\abovetopsep=\dimen118
\cmidrulesep=\dimen119
\cmidrulekern=\dimen120
\defaultaddspace=\dimen121
\@cmidla=\count101
\@cmidlb=\count102
\@aboverulesep=\dimen122
\@belowrulesep=\dimen123
\@thisruleclass=\count103
\@lastruleclass=\count104
\@thisrulewidth=\dimen124
)
(/usr/local/texlive/2018/texmf-dist/tex/latex/amsfonts/amsfonts.sty
Package: amsfonts 2013/01/14 v3.01 Basic AMSFonts support
\symAMSa=\mathgroup4
\symAMSb=\mathgroup5
LaTeX Font Info:    Overwriting math alphabet `\mathfrak' in version `bold'
(Font)                  U/euf/m/n --> U/euf/b/n on input line 106.
)
(/usr/local/texlive/2018/texmf-dist/tex/latex/graphics/graphicx.sty
Package: graphicx 2017/06/01 v1.1a Enhanced LaTeX Graphics (DPC,SPQR)

(/usr/local/texlive/2018/texmf-dist/tex/latex/graphics/keyval.sty
Package: keyval 2014/10/28 v1.15 key=value parser (DPC)
\KV@toks@=\toks19
)
(/usr/local/texlive/2018/texmf-dist/tex/latex/graphics/graphics.sty
Package: graphics 2017/06/25 v1.2c Standard LaTeX Graphics (DPC,SPQR)

(/usr/local/texlive/2018/texmf-dist/tex/latex/graphics/trig.sty
Package: trig 2016/01/03 v1.10 sin cos tan (DPC)
)
(/usr/local/texlive/2018/texmf-dist/tex/latex/graphics-cfg/graphics.cfg
File: graphics.cfg 2016/06/04 v1.11 sample graphics configuration
)
Package graphics Info: Driver file: pdftex.def on input line 99.

(/usr/local/texlive/2018/texmf-dist/tex/latex/graphics-def/pdftex.def
File: pdftex.def 2018/01/08 v1.0l Graphics/color driver for pdftex
))
\Gin@req@height=\dimen125
\Gin@req@width=\dimen126
)
(/usr/local/texlive/2018/texmf-dist/tex/latex/amscls/amsthm.sty
Package: amsthm 2017/10/31 v2.20.4
\thm@style=\toks20
\thm@bodyfont=\toks21
\thm@headfont=\toks22
\thm@notefont=\toks23
\thm@headpunct=\toks24
\thm@preskip=\skip58
\thm@postskip=\skip59
\thm@headsep=\skip60
\dth@everypar=\toks25
)
(/usr/local/texlive/2018/texmf-dist/tex/latex/amsfonts/amssymb.sty
Package: amssymb 2013/01/14 v3.01 AMS font symbols
)
(/usr/local/texlive/2018/texmf-dist/tex/latex/multirow/multirow.sty
Package: multirow 2016/11/25 v2.2 Span multiple rows of a table
\multirow@colwidth=\skip61
\multirow@cntb=\count105
\multirow@dima=\skip62
\bigstrutjot=\dimen127
)
(/usr/local/texlive/2018/texmf-dist/tex/latex/makecell/makecell.sty
Package: makecell 2009/08/03 V0.1e Managing of Tab Column Heads and Cells

(/usr/local/texlive/2018/texmf-dist/tex/latex/tools/array.sty
Package: array 2018/04/07 v2.4g Tabular extension package (FMi)
\col@sep=\dimen128
\ar@mcellbox=\box30
\extrarowheight=\dimen129
\NC@list=\toks26
\extratabsurround=\skip63
\backup@length=\skip64
\ar@cellbox=\box31
)
\rotheadsize=\dimen130
\c@nlinenum=\count106
\TeXr@lab=\toks27
)
(/usr/local/texlive/2018/texmf-dist/tex/latex/algorithmicx/algpseudocode.sty
Package: algpseudocode 

(/usr/local/texlive/2018/texmf-dist/tex/latex/base/ifthen.sty
Package: ifthen 2014/09/29 v1.1c Standard LaTeX ifthen package (DPC)
)
(/usr/local/texlive/2018/texmf-dist/tex/latex/algorithmicx/algorithmicx.sty
Package: algorithmicx 2005/04/27 v1.2 Algorithmicx

Document Style algorithmicx 1.2 - a greatly improved `algorithmic' style
\c@ALG@line=\count107
\c@ALG@rem=\count108
\c@ALG@nested=\count109
\ALG@tlm=\skip65
\ALG@thistlm=\skip66
\c@ALG@Lnr=\count110
\c@ALG@blocknr=\count111
\c@ALG@storecount=\count112
\c@ALG@tmpcounter=\count113
\ALG@tmplength=\skip67
)
Document Style - pseudocode environments for use with the `algorithmicx' style
) (/usr/local/texlive/2018/texmf-dist/tex/latex/algorithms/algorithm.sty
Package: algorithm 2009/08/24 v0.1 Document Style `algorithm' - floating enviro
nment

(/usr/local/texlive/2018/texmf-dist/tex/latex/float/float.sty
Package: float 2001/11/08 v1.3d Float enhancements (AL)
\c@float@type=\count114
\float@exts=\toks28
\float@box=\box32
\@float@everytoks=\toks29
\@floatcapt=\box33
)
\@float@every@algorithm=\toks30
\c@algorithm=\count115
)
(/usr/local/texlive/2018/texmf-dist/tex/latex/hyperref/hyperref.sty
Package: hyperref 2018/02/06 v6.86b Hypertext links for LaTeX

(/usr/local/texlive/2018/texmf-dist/tex/generic/oberdiek/hobsub-hyperref.sty
Package: hobsub-hyperref 2016/05/16 v1.14 Bundle oberdiek, subset hyperref (HO)


(/usr/local/texlive/2018/texmf-dist/tex/generic/oberdiek/hobsub-generic.sty
Package: hobsub-generic 2016/05/16 v1.14 Bundle oberdiek, subset generic (HO)
Package: hobsub 2016/05/16 v1.14 Construct package bundles (HO)
Package: infwarerr 2016/05/16 v1.4 Providing info/warning/error messages (HO)
Package: ltxcmds 2016/05/16 v1.23 LaTeX kernel commands for general use (HO)
Package: ifluatex 2016/05/16 v1.4 Provides the ifluatex switch (HO)
Package ifluatex Info: LuaTeX not detected.
Package: ifvtex 2016/05/16 v1.6 Detect VTeX and its facilities (HO)
Package ifvtex Info: VTeX not detected.
Package: intcalc 2016/05/16 v1.2 Expandable calculations with integers (HO)
Package: ifpdf 2017/03/15 v3.2 Provides the ifpdf switch
Package: etexcmds 2016/05/16 v1.6 Avoid name clashes with e-TeX commands (HO)
Package etexcmds Info: Could not find \expanded.
(etexcmds)             That can mean that you are not using pdfTeX 1.50 or
(etexcmds)             that some package has redefined \expanded.
(etexcmds)             In the latter case, load this package earlier.
Package: kvsetkeys 2016/05/16 v1.17 Key value parser (HO)
Package: kvdefinekeys 2016/05/16 v1.4 Define keys (HO)
Package: pdftexcmds 2018/01/30 v0.27 Utility functions of pdfTeX for LuaTeX (HO
)
Package pdftexcmds Info: LuaTeX not detected.
Package pdftexcmds Info: \pdf@primitive is available.
Package pdftexcmds Info: \pdf@ifprimitive is available.
Package pdftexcmds Info: \pdfdraftmode found.
Package: pdfescape 2016/05/16 v1.14 Implements pdfTeX's escape features (HO)
Package: bigintcalc 2016/05/16 v1.4 Expandable calculations on big integers (HO
)
Package: bitset 2016/05/16 v1.2 Handle bit-vector datatype (HO)
Package: uniquecounter 2016/05/16 v1.3 Provide unlimited unique counter (HO)
)
Package hobsub Info: Skipping package `hobsub' (already loaded).
Package: letltxmacro 2016/05/16 v1.5 Let assignment for LaTeX macros (HO)
Package: hopatch 2016/05/16 v1.3 Wrapper for package hooks (HO)
Package: xcolor-patch 2016/05/16 xcolor patch
Package: atveryend 2016/05/16 v1.9 Hooks at the very end of document (HO)
Package atveryend Info: \enddocument detected (standard20110627).
Package: atbegshi 2016/06/09 v1.18 At begin shipout hook (HO)
Package: refcount 2016/05/16 v3.5 Data extraction from label references (HO)
Package: hycolor 2016/05/16 v1.8 Color options for hyperref/bookmark (HO)
)
(/usr/local/texlive/2018/texmf-dist/tex/generic/ifxetex/ifxetex.sty
Package: ifxetex 2010/09/12 v0.6 Provides ifxetex conditional
)
(/usr/local/texlive/2018/texmf-dist/tex/latex/oberdiek/auxhook.sty
Package: auxhook 2016/05/16 v1.4 Hooks for auxiliary files (HO)
)
(/usr/local/texlive/2018/texmf-dist/tex/latex/oberdiek/kvoptions.sty
Package: kvoptions 2016/05/16 v3.12 Key value format for package options (HO)
)
\@linkdim=\dimen131
\Hy@linkcounter=\count116
\Hy@pagecounter=\count117

(/usr/local/texlive/2018/texmf-dist/tex/latex/hyperref/pd1enc.def
File: pd1enc.def 2018/02/06 v6.86b Hyperref: PDFDocEncoding definition (HO)
Now handling font encoding PD1 ...
... no UTF-8 mapping file for font encoding PD1
)
\Hy@SavedSpaceFactor=\count118

(/usr/local/texlive/2018/texmf-dist/tex/latex/latexconfig/hyperref.cfg
File: hyperref.cfg 2002/06/06 v1.2 hyperref configuration of TeXLive
)
Package hyperref Info: Option `colorlinks' set `true' on input line 4383.
Package hyperref Info: Hyper figures OFF on input line 4509.
Package hyperref Info: Link nesting OFF on input line 4514.
Package hyperref Info: Hyper index ON on input line 4517.
Package hyperref Info: Plain pages OFF on input line 4524.
Package hyperref Info: Backreferencing OFF on input line 4529.
Package hyperref Info: Implicit mode ON; LaTeX internals redefined.
Package hyperref Info: Bookmarks ON on input line 4762.
\c@Hy@tempcnt=\count119

(/usr/local/texlive/2018/texmf-dist/tex/latex/url/url.sty
\Urlmuskip=\muskip11
Package: url 2013/09/16  ver 3.4  Verb mode for urls, etc.
)
LaTeX Info: Redefining \url on input line 5115.
\XeTeXLinkMargin=\dimen132
\Fld@menulength=\count120
\Field@Width=\dimen133
\Fld@charsize=\dimen134
Package hyperref Info: Hyper figures OFF on input line 6369.
Package hyperref Info: Link nesting OFF on input line 6374.
Package hyperref Info: Hyper index ON on input line 6377.
Package hyperref Info: backreferencing OFF on input line 6384.
Package hyperref Info: Link coloring ON on input line 6387.
Package hyperref Info: Link coloring with OCG OFF on input line 6394.
Package hyperref Info: PDF/A mode OFF on input line 6399.
LaTeX Info: Redefining \ref on input line 6439.
LaTeX Info: Redefining \pageref on input line 6443.
\Hy@abspage=\count121
\c@Item=\count122
\c@Hfootnote=\count123
)
Package hyperref Info: Driver (autodetected): hpdftex.

(/usr/local/texlive/2018/texmf-dist/tex/latex/hyperref/hpdftex.def
File: hpdftex.def 2018/02/06 v6.86b Hyperref driver for pdfTeX
\Fld@listcount=\count124
\c@bookmark@seq@number=\count125

(/usr/local/texlive/2018/texmf-dist/tex/latex/oberdiek/rerunfilecheck.sty
Package: rerunfilecheck 2016/05/16 v1.8 Rerun checks for auxiliary files (HO)
Package uniquecounter Info: New unique counter `rerunfilecheck' on input line 2
82.
)
\Hy@SectionHShift=\skip68
)
(/usr/local/texlive/2018/texmf-dist/tex/latex/caption/caption.sty
Package: caption 2016/02/21 v3.3-144 Customizing captions (AR)

(/usr/local/texlive/2018/texmf-dist/tex/latex/caption/caption3.sty
Package: caption3 2016/05/22 v1.7-166 caption3 kernel (AR)
Package caption3 Info: TeX engine: e-TeX on input line 67.
\captionmargin=\dimen135
\captionmargin@=\dimen136
\captionwidth=\dimen137
\caption@tempdima=\dimen138
\caption@indent=\dimen139
\caption@parindent=\dimen140
\caption@hangindent=\dimen141
)
\c@ContinuedFloat=\count126
Package caption Info: float package is loaded.
Package caption Info: hyperref package is loaded.
)
(/usr/local/texlive/2018/texmf-dist/tex/latex/geometry/geometry.sty
Package: geometry 2018/03/24 v5.7 Page Geometry
\Gm@cnth=\count127
\Gm@cntv=\count128
\c@Gm@tempcnt=\count129
\Gm@bindingoffset=\dimen142
\Gm@wd@mp=\dimen143
\Gm@odd@mp=\dimen144
\Gm@even@mp=\dimen145
\Gm@layoutwidth=\dimen146
\Gm@layoutheight=\dimen147
\Gm@layouthoffset=\dimen148
\Gm@layoutvoffset=\dimen149
\Gm@dimlist=\toks31
)
(/usr/local/texlive/2018/texmf-dist/tex/latex/subfigure/subfigure.sty
Package: subfigure 2002/03/15 v2.1.5 subfigure package
\subfigtopskip=\skip69
\subfigcapskip=\skip70
\subfigcaptopadj=\dimen150
\subfigbottomskip=\skip71
\subfigcapmargin=\dimen151
\subfiglabelskip=\skip72
\c@subfigure=\count130
\c@lofdepth=\count131
\c@subtable=\count132
\c@lotdepth=\count133

****************************************
* Local config file subfigure.cfg used *
****************************************
(/usr/local/texlive/2018/texmf-dist/tex/latex/subfigure/subfigure.cfg)
\subfig@top=\skip73
\subfig@bottom=\skip74
)
(/usr/local/texlive/2018/texmf-dist/tex/latex/psnfss/pifont.sty
Package: pifont 2005/04/12 PSNFSS-v9.2a Pi font support (SPQR) 
LaTeX Font Info:    Try loading font information for U+pzd on input line 63.

(/usr/local/texlive/2018/texmf-dist/tex/latex/psnfss/upzd.fd
File: upzd.fd 2001/06/04 font definitions for U/pzd.
)
LaTeX Font Info:    Try loading font information for U+psy on input line 64.

(/usr/local/texlive/2018/texmf-dist/tex/latex/psnfss/upsy.fd
File: upsy.fd 2001/06/04 font definitions for U/psy.
))
(/usr/local/texlive/2018/texmf-dist/tex/latex/mathtools/mathtools.sty
Package: mathtools 2018/01/08 v1.21 mathematical typesetting tools

(/usr/local/texlive/2018/texmf-dist/tex/latex/tools/calc.sty
Package: calc 2017/05/25 v4.3 Infix arithmetic (KKT,FJ)
\calc@Acount=\count134
\calc@Bcount=\count135
\calc@Adimen=\dimen152
\calc@Bdimen=\dimen153
\calc@Askip=\skip75
\calc@Bskip=\skip76
LaTeX Info: Redefining \setlength on input line 80.
LaTeX Info: Redefining \addtolength on input line 81.
\calc@Ccount=\count136
\calc@Cskip=\skip77
)
(/usr/local/texlive/2018/texmf-dist/tex/latex/mathtools/mhsetup.sty
Package: mhsetup 2017/03/31 v1.3 programming setup (MH)
)
LaTeX Info: Thecontrolsequence`\('isalreadyrobust on input line 129.
LaTeX Info: Thecontrolsequence`\)'isalreadyrobust on input line 129.
LaTeX Info: Thecontrolsequence`\['isalreadyrobust on input line 129.
LaTeX Info: Thecontrolsequence`\]'isalreadyrobust on input line 129.
\g_MT_multlinerow_int=\count137
\l_MT_multwidth_dim=\dimen154
\origjot=\skip78
\l_MT_shortvdotswithinadjustabove_dim=\dimen155
\l_MT_shortvdotswithinadjustbelow_dim=\dimen156
\l_MT_above_intertext_sep=\dimen157
\l_MT_below_intertext_sep=\dimen158
\l_MT_above_shortintertext_sep=\dimen159
\l_MT_below_shortintertext_sep=\dimen160
)
\c@theorem=\count138
\c@lemma=\count139
\c@remark=\count140
\c@assumption=\count141
\c@proposition=\count142
\c@property=\count143
\c@corollary=\count144
\c@definition=\count145

(./mainsketch.aux)
\openout1 = `mainsketch.aux'.

LaTeX Font Info:    Checking defaults for OML/cmm/m/it on input line 62.
LaTeX Font Info:    ... okay on input line 62.
LaTeX Font Info:    Checking defaults for T1/cmr/m/n on input line 62.
LaTeX Font Info:    ... okay on input line 62.
LaTeX Font Info:    Checking defaults for OT1/cmr/m/n on input line 62.
LaTeX Font Info:    ... okay on input line 62.
LaTeX Font Info:    Checking defaults for OMS/cmsy/m/n on input line 62.
LaTeX Font Info:    ... okay on input line 62.
LaTeX Font Info:    Checking defaults for OMX/cmex/m/n on input line 62.
LaTeX Font Info:    ... okay on input line 62.
LaTeX Font Info:    Checking defaults for U/cmr/m/n on input line 62.
LaTeX Font Info:    ... okay on input line 62.
LaTeX Font Info:    Checking defaults for PD1/pdf/m/n on input line 62.
LaTeX Font Info:    ... okay on input line 62.

(/usr/local/texlive/2018/texmf-dist/tex/context/base/mkii/supp-pdf.mkii
[Loading MPS to PDF converter (version 2006.09.02).]
\scratchcounter=\count146
\scratchdimen=\dimen161
\scratchbox=\box34
\nofMPsegments=\count147
\nofMParguments=\count148
\everyMPshowfont=\toks32
\MPscratchCnt=\count149
\MPscratchDim=\dimen162
\MPnumerator=\count150
\makeMPintoPDFobject=\count151
\everyMPtoPDFconversion=\toks33
) (/usr/local/texlive/2018/texmf-dist/tex/latex/oberdiek/epstopdf-base.sty
Package: epstopdf-base 2016/05/15 v2.6 Base part for package epstopdf

(/usr/local/texlive/2018/texmf-dist/tex/latex/oberdiek/grfext.sty
Package: grfext 2016/05/16 v1.2 Manage graphics extensions (HO)
)
Package epstopdf-base Info: Redefining graphics rule for `.eps' on input line 4
38.
Package grfext Info: Graphics extension search list:
(grfext)             [.pdf,.png,.jpg,.mps,.jpeg,.jbig2,.jb2,.PDF,.PNG,.JPG,.JPE
G,.JBIG2,.JB2,.eps]
(grfext)             \AppendGraphicsExtensions on input line 456.

(/usr/local/texlive/2018/texmf-dist/tex/latex/latexconfig/epstopdf-sys.cfg
File: epstopdf-sys.cfg 2010/07/13 v1.3 Configuration of (r)epstopdf for TeX Liv
e
))
\AtBeginShipoutBox=\box35

(/usr/local/texlive/2018/texmf-dist/tex/latex/graphics/color.sty
Package: color 2016/07/10 v1.1e Standard LaTeX Color (DPC)

(/usr/local/texlive/2018/texmf-dist/tex/latex/graphics-cfg/color.cfg
File: color.cfg 2016/01/02 v1.6 sample color configuration
)
Package color Info: Driver file: pdftex.def on input line 147.
)
Package hyperref Info: Link coloring ON on input line 62.

(/usr/local/texlive/2018/texmf-dist/tex/latex/hyperref/nameref.sty
Package: nameref 2016/05/21 v2.44 Cross-referencing by name of section

(/usr/local/texlive/2018/texmf-dist/tex/generic/oberdiek/gettitlestring.sty
Package: gettitlestring 2016/05/16 v1.5 Cleanup title references (HO)
)
\c@section@level=\count152
)
LaTeX Info: Redefining \ref on input line 62.
LaTeX Info: Redefining \pageref on input line 62.
LaTeX Info: Redefining \nameref on input line 62.

(./mainsketch.out) (./mainsketch.out)
\@outlinefile=\write3
\openout3 = `mainsketch.out'.

Package caption Info: Begin \AtBeginDocument code.
Package caption Info: subfigure package is loaded.
Package caption Info: End \AtBeginDocument code.

*geometry* driver: auto-detecting
*geometry* detected driver: pdftex
*geometry* verbose mode - [ preamble ] result:
* driver: pdftex
* paper: <default>
* layout: <same size as paper>
* layoutoffset:(h,v)=(0.0pt,0.0pt)
* modes: twoside 
* h-part:(L,W,R)=(72.26999pt, 469.75502pt, 72.26999pt)
* v-part:(T,H,B)=(72.26999pt, 650.43001pt, 72.26999pt)
* \paperwidth=614.295pt
* \paperheight=794.96999pt
* \textwidth=469.75502pt
* \textheight=650.43001pt
* \oddsidemargin=0.0pt
* \evensidemargin=0.0pt
* \topmargin=-25.0pt
* \headheight=10.0pt
* \headsep=15.0pt
* \topskip=10.0pt
* \footskip=0.0pt
* \marginparwidth=121.0pt
* \marginparsep=11.0pt
* \columnsep=18.06749pt
* \skip\footins=9.0pt plus 4.0pt minus 2.0pt
* \hoffset=0.0pt
* \voffset=0.0pt
* \mag=1000
* \@twocolumntrue
* \@twosidetrue
* \@mparswitchtrue
* \@reversemarginfalse
* (1in=72.27pt=25.4mm, 1cm=28.453pt)

LaTeX Font Info:    Font shape `OT1/cmtt/bx/n' in size <14.4> not available
(Font)              Font shape `OT1/cmtt/m/n' tried instead on input line 84.
LaTeX Font Info:    Try loading font information for U+msa on input line 84.
(/usr/local/texlive/2018/texmf-dist/tex/latex/amsfonts/umsa.fd
File: umsa.fd 2013/01/14 v3.01 AMS symbols A
)
LaTeX Font Info:    Try loading font information for U+msb on input line 84.

(/usr/local/texlive/2018/texmf-dist/tex/latex/amsfonts/umsb.fd
File: umsb.fd 2013/01/14 v3.01 AMS symbols B
)
Overfull \hbox (14.15623pt too wide) in paragraph at lines 86--86
 [] 
 []


Underfull \hbox (badness 1394) in paragraph at lines 87--93
\OT1/cmr/m/n/10 and \OT1/cmtt/m/n/10 FedSKETCHGATE\OT1/cmr/m/n/10 , to ad-dress
 jointly
 []


Underfull \vbox (badness 10000) has occurred while \output is active []

 [1{/usr/local/texlive/2018/texmf-var/fonts/map/pdftex/updmap/pdftex.map}



]
LaTeX Font Info:    Try loading font information for OMS+cmr on input line 151.


(/usr/local/texlive/2018/texmf-dist/tex/latex/base/omscmr.fd
File: omscmr.fd 2014/09/29 v2.5h Standard LaTeX font definitions
)
LaTeX Font Info:    Font shape `OMS/cmr/m/n' in size <10> not available
(Font)              Font shape `OMS/cmsy/m/n' tried instead on input line 151.

Underfull \hbox (badness 10000) in paragraph at lines 152--153
[]\OT1/cmr/m/n/10 We de-velop a gen-eral al-go-rithm for
 []


Underfull \hbox (badness 2111) in paragraph at lines 152--153
\OT1/cmr/m/n/10 FL based on \OT1/cmtt/m/n/10 HEAPRIX\OT1/cmr/m/n/10 , namely \O
T1/cmtt/m/n/10 FedSKETCH
 []


Underfull \hbox (badness 10000) in paragraph at lines 153--155
[]\OT1/cmr/m/n/10 We es-tab-lish non-asymptotic con-ver-gence
 []


Underfull \hbox (badness 1087) in paragraph at lines 153--155
\OT1/cmr/m/n/10 bounds for con-vex, Polyak-[]ojasiewicz and
 []

Package hyperref Info: bookmark level for unknown algorithm defaults to 0 on in
put line 195.

Underfull \hbox (badness 1406) in paragraph at lines 197--198
[]\OT1/cmr/bx/n/10 In-puts: $[] \OMS/cmsy/m/n/10 2 \U/msb/m/n/10 R[]\OML/cmm/m/
it/10 ; t; k; \OT1/cmr/bx/n/10 S[]\OML/cmm/m/it/10 ; h[]\OT1/cmr/m/n/10 (1 \OMS
/cmsy/m/n/10 ^^T \OML/cmm/m/it/10 i \OMS/cmsy/m/n/10 ^^T
 []

[2]
Underfull \hbox (badness 3068) in paragraph at lines 277--278
[][]\OT1/cmr/bx/n/10 Remark 2 \OT1/cmr/m/n/10 (Dif-fer-en-tial-pri-vacy prop-er
ty)\OT1/cmr/bx/n/10 . []\OT1/cmr/m/it/10 As
 []


Underfull \hbox (badness 10000) in paragraph at lines 346--353
[]\OT1/cmr/m/n/10 Following [[]], \OT1/cmtt/m/n/10 HEAVYMIX\OT1/cmr/m/n/10 , wi
th sketch size
 []


Underfull \hbox (badness 1521) in paragraph at lines 346--353
\OT1/cmtt/m/n/10 HEAVYMIX \OT1/cmr/m/n/10 does not re-quire a sec-ond round of
 []


Underfull \hbox (badness 1102) in paragraph at lines 375--376
[]\OT1/cmr/bx/n/10 In-puts: $[] \OMS/cmsy/m/n/10 2 \U/msb/m/n/10 R[]\OML/cmm/m/
it/10 ; t; m; \OT1/cmr/bx/n/10 S[]\OML/cmm/m/it/10 ; h[]\OT1/cmr/m/n/10 (1 \OMS
/cmsy/m/n/10 ^^T \OML/cmm/m/it/10 i \OMS/cmsy/m/n/10 ^^T
 []

LaTeX Font Info:    Font shape `OT1/cmtt/bx/n' in size <10> not available
(Font)              Font shape `OT1/cmtt/m/n' tried instead on input line 376.

Underfull \hbox (badness 10000) in paragraph at lines 378--380
[]\OT1/cmr/bx/n/10 Out-put: $[] [] \OT1/cmr/m/n/10 +
 []

LaTeX Font Info:    Font shape `OT1/cmtt/bx/n' in size <12> not available
(Font)              Font shape `OT1/cmtt/m/n' tried instead on input line 398.
[3]
Overfull \hbox (2.0791pt too wide) detected at line 451
\OT1/cmr/bx/n/9 ^^H[] \U/msa/m/n/9 , [] [] \OT1/cmr/m/n/9 + [] []
 []


Underfull \hbox (badness 2080) in paragraph at lines 461--462
\OT1/cmr/bx/n/10 S[] []$ \OT1/cmr/m/n/10 and broad-casts $[] \U/msa/m/n/10 ,
 []


Underfull \hbox (badness 1448) in paragraph at lines 530--532
[]\OT1/cmr/m/n/10 Server \OT1/cmr/bx/n/10 com-putes $S[] \OT1/cmr/m/n/10 = [] [
][] \OT1/cmr/bx/n/10 S[]$ \OT1/cmr/m/n/10 and
 []


Underfull \hbox (badness 1005) in paragraph at lines 534--535
[] \OT1/cmr/m/n/10 Sec-ond round of com-mu-ni-ca-tion to ob-tain
 []


Underfull \vbox (badness 5908) has occurred while \output is active []

 [4]
Underfull \hbox (badness 2635) in paragraph at lines 621--622
[]\OT1/cmr/m/it/10 In the \OT1/cmr/bx/it/10 non-convex \OT1/cmr/m/it/10 case, $
\OMS/cmsy/m/n/10 f[][]g[]$ \OT1/cmr/m/it/10 sat-is-fies
 []


Underfull \hbox (badness 10000) in paragraph at lines 650--651
[]\OT1/cmr/m/it/10 In the \OT1/cmr/bx/it/10 Con-vex \OT1/cmr/m/it/10 case, $\OM
S/cmsy/m/n/10 f[][]g[]$ \OT1/cmr/m/it/10 sat-is-fies
 []

[5pdfTeX warning (ext4): destination with the same identifier (name{equation.4.
2}) has been already used, duplicate ignored

\AtBegShi@Output ...ipout \box \AtBeginShipoutBox 
                                                  \fi \fi 
l.658 \end{equation}
                    pdfTeX warning (ext4): destination with the same identifier
 (name{equation.4.2}) has been already used, duplicate ignored

\AtBegShi@Output ...ipout \box \AtBeginShipoutBox 
                                                  \fi \fi 
l.658 \end{equation}
                    pdfTeX warning (ext4): destination with the same identifier
 (name{equation.4.2}) has been already used, duplicate ignored

\AtBegShi@Output ...ipout \box \AtBeginShipoutBox 
                                                  \fi \fi 
l.658 \end{equation}
                    ]pdfTeX warning (ext4): destination with the same identifie
r (name{equation.4.2}) has been already used, duplicate ignored
<to be read again> 
                   \relax 
l.660 \begin{equation}
                      \notagpdfTeX warning (ext4): destination with the same id
entifier (name{equation.4.2}) has been already used, duplicate ignored
<to be read again> 
                   \relax 
l.660 \begin{equation}
                      \notagpdfTeX warning (ext4): destination with the same id
entifier (name{equation.4.2}) has been already used, duplicate ignored
<to be read again> 
                   \relax 
l.660 \begin{equation}
                      \notagpdfTeX warning (ext4): destination with the same id
entifier (name{equation.4.2}) has been already used, duplicate ignored
<to be read again> 
                   \relax 
l.660 \begin{equation}
                      \notag
Overfull \hbox (1.77869pt too wide) detected at line 677
[]
 []


Underfull \hbox (badness 2486) in paragraph at lines 746--747
[]\OT1/cmr/m/it/10 In the \OT1/cmr/bx/it/10 non-convex \OT1/cmr/m/it/10 case, $
\OML/cmm/m/it/10 ^^Q \OT1/cmr/m/n/10 = [][]$\OT1/cmr/m/it/10 ,
 []

pdfTeX warning (ext4): destination with the same identifier (name{equation.4.2}
) has been already used, duplicate ignored
<to be read again> 
                   \relax 
l.749 \begin{equation}
                      \notagpdfTeX warning (ext4): destination with the same id
entifier (name{equation.4.2}) has been already used, duplicate ignored
<to be read again> 
                   \relax 
l.749 \begin{equation}
                      \notagpdfTeX warning (ext4): destination with the same id
entifier (name{equation.4.2}) has been already used, duplicate ignored
<to be read again> 
                   \relax 
l.749 \begin{equation}
                      \notagpdfTeX warning (ext4): destination with the same id
entifier (name{equation.4.2}) has been already used, duplicate ignored
<to be read again> 
                   \relax 
l.749 \begin{equation}
                      \notagpdfTeX warning (ext4): destination with the same id
entifier (name{equation.4.2}) has been already used, duplicate ignored
<to be read again> 
                   \relax 
l.753 \begin{equation}
                      \notagpdfTeX warning (ext4): destination with the same id
entifier (name{equation.4.2}) has been already used, duplicate ignored
<to be read again> 
                   \relax 
l.753 \begin{equation}
                      \notagpdfTeX warning (ext4): destination with the same id
entifier (name{equation.4.2}) has been already used, duplicate ignored
<to be read again> 
                   \relax 
l.753 \begin{equation}
                      \notagpdfTeX warning (ext4): destination with the same id
entifier (name{equation.4.2}) has been already used, duplicate ignored
<to be read again> 
                   \relax 
l.753 \begin{equation}
                      \notagpdfTeX warning (ext4): destination with the same id
entifier (name{equation.4.2}) has been already used, duplicate ignored
<to be read again> 
                   \relax 
l.761 \begin{equation}
                      \notagpdfTeX warning (ext4): destination with the same id
entifier (name{equation.4.2}) has been already used, duplicate ignored
<to be read again> 
                   \relax 
l.761 \begin{equation}
                      \notagpdfTeX warning (ext4): destination with the same id
entifier (name{equation.4.2}) has been already used, duplicate ignored
<to be read again> 
                   \relax 
l.761 \begin{equation}
                      \notagpdfTeX warning (ext4): destination with the same id
entifier (name{equation.4.2}) has been already used, duplicate ignored
<to be read again> 
                   \relax 
l.761 \begin{equation}
                      \notagpdfTeX warning (ext4): destination with the same id
entifier (name{equation.4.2}) has been already used, duplicate ignored
<to be read again> 
                   \relax 
l.765 \begin{equation}
                      \notagpdfTeX warning (ext4): destination with the same id
entifier (name{equation.4.2}) has been already used, duplicate ignored
<to be read again> 
                   \relax 
l.765 \begin{equation}
                      \notagpdfTeX warning (ext4): destination with the same id
entifier (name{equation.4.2}) has been already used, duplicate ignored
<to be read again> 
                   \relax 
l.765 \begin{equation}
                      \notagpdfTeX warning (ext4): destination with the same id
entifier (name{equation.4.2}) has been already used, duplicate ignored
<to be read again> 
                   \relax 
l.765 \begin{equation}
                      \notag
Underfull \hbox (badness 10000) in paragraph at lines 770--771
[]\OT1/cmr/m/it/10 In the \OT1/cmr/bx/it/10 con-vex \OT1/cmr/m/it/10 case, $\OM
S/cmsy/m/n/10 f[][]g[]$ \OT1/cmr/m/it/10 sat-is-fies
 []

pdfTeX warning (ext4): destination with the same identifier (name{equation.4.2}
) has been already used, duplicate ignored
<to be read again> 
                   \relax 
l.773 \begin{equation}
                      \notagpdfTeX warning (ext4): destination with the same id
entifier (name{equation.4.2}) has been already used, duplicate ignored
<to be read again> 
                   \relax 
l.773 \begin{equation}
                      \notagpdfTeX warning (ext4): destination with the same id
entifier (name{equation.4.2}) has been already used, duplicate ignored
<to be read again> 
                   \relax 
l.773 \begin{equation}
                      \notagpdfTeX warning (ext4): destination with the same id
entifier (name{equation.4.2}) has been already used, duplicate ignored
<to be read again> 
                   \relax 
l.773 \begin{equation}
                      \notag
Overfull \hbox (8.78488pt too wide) detected at line 775
[][]\OML/cmm/m/it/10 R \OT1/cmr/m/n/10 = \OML/cmm/m/it/10 O []  [] ^^\ \OT1/cmr
/m/n/10 = \OML/cmm/m/it/10 O []
 []

pdfTeX warning (ext4): destination with the same identifier (name{equation.4.2}
) has been already used, duplicate ignored
<to be read again> 
                   \relax 
l.777 \begin{equation}
                      \notagpdfTeX warning (ext4): destination with the same id
entifier (name{equation.4.2}) has been already used, duplicate ignored
<to be read again> 
                   \relax 
l.777 \begin{equation}
                      \notagpdfTeX warning (ext4): destination with the same id
entifier (name{equation.4.2}) has been already used, duplicate ignored
<to be read again> 
                   \relax 
l.777 \begin{equation}
                      \notagpdfTeX warning (ext4): destination with the same id
entifier (name{equation.4.2}) has been already used, duplicate ignored
<to be read again> 
                   \relax 
l.777 \begin{equation}
                      \notag
Underfull \hbox (badness 1571) in paragraph at lines 853--866
\OT1/cmr/m/n/10 when data dis-tri-bu-tion is highly het-ero-ge-neous
 []


Underfull \hbox (badness 10000) in paragraph at lines 853--866
\OML/cmm/m/it/10 O []$\OT1/cmr/m/n/10 .
 []


Underfull \hbox (badness 1609) in paragraph at lines 853--866
\OT1/cmr/m/n/10 with-out any ex-tra as-sump-tions, our re-sults in
 []


Underfull \hbox (badness 1748) in paragraph at lines 853--866
\OT1/cmr/m/n/10 the as-sump-tion of \OT1/cmr/m/it/10 Slid-ing Win-dow Heavy Hit
-
 []


Underfull \hbox (badness 1107) in paragraph at lines 853--866
\OT1/cmr/m/n/10 such as-sump-tion, the to-tal com-mu-ni-ca-tion cost
 []


Underfull \hbox (badness 1178) in paragraph at lines 853--866
\OT1/cmr/m/n/10 the con-ver-gence anal-y-sis for PL (thus strongly
 []


Underfull \hbox (badness 1320) in paragraph at lines 853--866
\OT1/cmr/m/n/10 con-vex case), gen-eral con-vex and gen-eral non-
 []

[6pdfTeX warning (ext4): destination with the same identifier (name{equation.4.
2}) has been already used, duplicate ignored

\AtBegShi@Output ...ipout \box \AtBeginShipoutBox 
                                                  \fi \fi 
l.866 
      ]
Underfull \vbox (badness 10000) has occurred while \output is active []


Underfull \hbox (badness 2495) in paragraph at lines 872--885
\OT1/cmr/m/n/10 of our pro-posed al-go-rithms. The model we
 []

Package epstopdf Info: Source file: <MNIST_figures/local1_sketch20_iid1_train_l
oss.eps>
(epstopdf)                    date: 2020-08-04 07:11:02
(epstopdf)                    size: 21389 bytes
(epstopdf)             Output file: <MNIST_figures/local1_sketch20_iid1_train_l
oss-eps-converted-to.pdf>
(epstopdf)                    date: 2020-08-04 09:13:17
(epstopdf)                    size: 9517 bytes
(epstopdf)             Command: <repstopdf --outfile=MNIST_figures/local1_sketc
h20_iid1_train_loss-eps-converted-to.pdf MNIST_figures/local1_sketch20_iid1_tra
in_loss.eps>
(epstopdf)             \includegraphics on input line 894.
Package epstopdf Info: Output file is already uptodate.
<MNIST_figures/local1_sketch20_iid1_train_loss-eps-converted-to.pdf, id=392, 42
1.575pt x 316.18124pt>
File: MNIST_figures/local1_sketch20_iid1_train_loss-eps-converted-to.pdf Graphi
c file (type pdf)
<use MNIST_figures/local1_sketch20_iid1_train_loss-eps-converted-to.pdf>
Package pdftex.def Info: MNIST_figures/local1_sketch20_iid1_train_loss-eps-conv
erted-to.pdf  used on input line 894.
(pdftex.def)             Requested size: 122.85876pt x 92.1437pt.
Package epstopdf Info: Source file: <MNIST_figures/local1_sketch20_iid1_test_ac
c.eps>
(epstopdf)                    date: 2020-08-04 07:11:02
(epstopdf)                    size: 18812 bytes
(epstopdf)             Output file: <MNIST_figures/local1_sketch20_iid1_test_ac
c-eps-converted-to.pdf>
(epstopdf)                    date: 2020-08-04 09:13:18
(epstopdf)                    size: 9974 bytes
(epstopdf)             Command: <repstopdf --outfile=MNIST_figures/local1_sketc
h20_iid1_test_acc-eps-converted-to.pdf MNIST_figures/local1_sketch20_iid1_test_
acc.eps>
(epstopdf)             \includegraphics on input line 894.
Package epstopdf Info: Output file is already uptodate.
<MNIST_figures/local1_sketch20_iid1_test_acc-eps-converted-to.pdf, id=393, 421.
575pt x 316.18124pt>
File: MNIST_figures/local1_sketch20_iid1_test_acc-eps-converted-to.pdf Graphic 
file (type pdf)
<use MNIST_figures/local1_sketch20_iid1_test_acc-eps-converted-to.pdf>
Package pdftex.def Info: MNIST_figures/local1_sketch20_iid1_test_acc-eps-conver
ted-to.pdf  used on input line 894.
(pdftex.def)             Requested size: 122.85876pt x 92.1437pt.
Package epstopdf Info: Source file: <MNIST_figures/local5_sketch20_iid1_train_l
oss.eps>
(epstopdf)                    date: 2020-08-04 07:11:02
(epstopdf)                    size: 21282 bytes
(epstopdf)             Output file: <MNIST_figures/local5_sketch20_iid1_train_l
oss-eps-converted-to.pdf>
(epstopdf)                    date: 2020-08-04 09:13:21
(epstopdf)                    size: 9285 bytes
(epstopdf)             Command: <repstopdf --outfile=MNIST_figures/local5_sketc
h20_iid1_train_loss-eps-converted-to.pdf MNIST_figures/local5_sketch20_iid1_tra
in_loss.eps>
(epstopdf)             \includegraphics on input line 898.
Package epstopdf Info: Output file is already uptodate.
<MNIST_figures/local5_sketch20_iid1_train_loss-eps-converted-to.pdf, id=394, 42
1.575pt x 316.18124pt>
File: MNIST_figures/local5_sketch20_iid1_train_loss-eps-converted-to.pdf Graphi
c file (type pdf)
<use MNIST_figures/local5_sketch20_iid1_train_loss-eps-converted-to.pdf>
Package pdftex.def Info: MNIST_figures/local5_sketch20_iid1_train_loss-eps-conv
erted-to.pdf  used on input line 898.
(pdftex.def)             Requested size: 122.85876pt x 92.1437pt.
Package epstopdf Info: Source file: <MNIST_figures/local5_sketch20_iid1_test_ac
c.eps>
(epstopdf)                    date: 2020-08-04 07:11:00
(epstopdf)                    size: 61161 bytes
(epstopdf)             Output file: <MNIST_figures/local5_sketch20_iid1_test_ac
c-eps-converted-to.pdf>
(epstopdf)                    date: 2020-08-04 09:13:21
(epstopdf)                    size: 96937 bytes
(epstopdf)             Command: <repstopdf --outfile=MNIST_figures/local5_sketc
h20_iid1_test_acc-eps-converted-to.pdf MNIST_figures/local5_sketch20_iid1_test_
acc.eps>
(epstopdf)             \includegraphics on input line 898.
Package epstopdf Info: Output file is already uptodate.
<MNIST_figures/local5_sketch20_iid1_test_acc-eps-converted-to.pdf, id=395, 421.
575pt x 316.18124pt>
File: MNIST_figures/local5_sketch20_iid1_test_acc-eps-converted-to.pdf Graphic 
file (type pdf)
<use MNIST_figures/local5_sketch20_iid1_test_acc-eps-converted-to.pdf>
Package pdftex.def Info: MNIST_figures/local5_sketch20_iid1_test_acc-eps-conver
ted-to.pdf  used on input line 898.
(pdftex.def)             Requested size: 122.85876pt x 92.1437pt.
Package epstopdf Info: Source file: <MNIST_figures/local1_sketch50_iid1_train_l
oss.eps>
(epstopdf)                    date: 2020-08-04 07:11:00
(epstopdf)                    size: 21408 bytes
(epstopdf)             Output file: <MNIST_figures/local1_sketch50_iid1_train_l
oss-eps-converted-to.pdf>
(epstopdf)                    date: 2020-08-04 09:13:18
(epstopdf)                    size: 9455 bytes
(epstopdf)             Command: <repstopdf --outfile=MNIST_figures/local1_sketc
h50_iid1_train_loss-eps-converted-to.pdf MNIST_figures/local1_sketch50_iid1_tra
in_loss.eps>
(epstopdf)             \includegraphics on input line 902.
Package epstopdf Info: Output file is already uptodate.
<MNIST_figures/local1_sketch50_iid1_train_loss-eps-converted-to.pdf, id=396, 42
1.575pt x 316.18124pt>
File: MNIST_figures/local1_sketch50_iid1_train_loss-eps-converted-to.pdf Graphi
c file (type pdf)
<use MNIST_figures/local1_sketch50_iid1_train_loss-eps-converted-to.pdf>
Package pdftex.def Info: MNIST_figures/local1_sketch50_iid1_train_loss-eps-conv
erted-to.pdf  used on input line 902.
(pdftex.def)             Requested size: 122.85876pt x 92.1437pt.
Package epstopdf Info: Source file: <MNIST_figures/local1_sketch50_iid1_test_ac
c.eps>
(epstopdf)                    date: 2020-08-04 07:11:00
(epstopdf)                    size: 18404 bytes
(epstopdf)             Output file: <MNIST_figures/local1_sketch50_iid1_test_ac
c-eps-converted-to.pdf>
(epstopdf)                    date: 2020-08-04 09:13:19
(epstopdf)                    size: 9784 bytes
(epstopdf)             Command: <repstopdf --outfile=MNIST_figures/local1_sketc
h50_iid1_test_acc-eps-converted-to.pdf MNIST_figures/local1_sketch50_iid1_test_
acc.eps>
(epstopdf)             \includegraphics on input line 902.
Package epstopdf Info: Output file is already uptodate.
<MNIST_figures/local1_sketch50_iid1_test_acc-eps-converted-to.pdf, id=397, 421.
575pt x 316.18124pt>
File: MNIST_figures/local1_sketch50_iid1_test_acc-eps-converted-to.pdf Graphic 
file (type pdf)
<use MNIST_figures/local1_sketch50_iid1_test_acc-eps-converted-to.pdf>
Package pdftex.def Info: MNIST_figures/local1_sketch50_iid1_test_acc-eps-conver
ted-to.pdf  used on input line 902.
(pdftex.def)             Requested size: 122.85876pt x 92.1437pt.
Package epstopdf Info: Source file: <MNIST_figures/local5_sketch50_iid1_train_l
oss.eps>
(epstopdf)                    date: 2020-08-04 07:11:02
(epstopdf)                    size: 21408 bytes
(epstopdf)             Output file: <MNIST_figures/local5_sketch50_iid1_train_l
oss-eps-converted-to.pdf>
(epstopdf)                    date: 2020-08-04 09:13:22
(epstopdf)                    size: 9234 bytes
(epstopdf)             Command: <repstopdf --outfile=MNIST_figures/local5_sketc
h50_iid1_train_loss-eps-converted-to.pdf MNIST_figures/local5_sketch50_iid1_tra
in_loss.eps>
(epstopdf)             \includegraphics on input line 906.
Package epstopdf Info: Output file is already uptodate.
<MNIST_figures/local5_sketch50_iid1_train_loss-eps-converted-to.pdf, id=398, 42
1.575pt x 316.18124pt>
File: MNIST_figures/local5_sketch50_iid1_train_loss-eps-converted-to.pdf Graphi
c file (type pdf)
<use MNIST_figures/local5_sketch50_iid1_train_loss-eps-converted-to.pdf>
Package pdftex.def Info: MNIST_figures/local5_sketch50_iid1_train_loss-eps-conv
erted-to.pdf  used on input line 906.
(pdftex.def)             Requested size: 122.85876pt x 92.1437pt.
Package epstopdf Info: Source file: <MNIST_figures/local5_sketch50_iid1_test_ac
c.eps>
(epstopdf)                    date: 2020-08-04 07:11:02
(epstopdf)                    size: 18171 bytes
(epstopdf)             Output file: <MNIST_figures/local5_sketch50_iid1_test_ac
c-eps-converted-to.pdf>
(epstopdf)                    date: 2020-08-04 09:13:22
(epstopdf)                    size: 9508 bytes
(epstopdf)             Command: <repstopdf --outfile=MNIST_figures/local5_sketc
h50_iid1_test_acc-eps-converted-to.pdf MNIST_figures/local5_sketch50_iid1_test_
acc.eps>
(epstopdf)             \includegraphics on input line 906.
Package epstopdf Info: Output file is already uptodate.
<MNIST_figures/local5_sketch50_iid1_test_acc-eps-converted-to.pdf, id=399, 421.
575pt x 316.18124pt>
File: MNIST_figures/local5_sketch50_iid1_test_acc-eps-converted-to.pdf Graphic 
file (type pdf)
<use MNIST_figures/local5_sketch50_iid1_test_acc-eps-converted-to.pdf>
Package pdftex.def Info: MNIST_figures/local5_sketch50_iid1_test_acc-eps-conver
ted-to.pdf  used on input line 906.
(pdftex.def)             Requested size: 122.85876pt x 92.1437pt.

Overfull \hbox (7.63287pt too wide) in paragraph at lines 894--907
 [] 
 []


Overfull \hbox (0.96622pt too wide) in paragraph at lines 894--907
 [] 
 []


Overfull \hbox (7.63287pt too wide) in paragraph at lines 894--907
 [] 
 []


Overfull \hbox (0.96622pt too wide) in paragraph at lines 894--907
 [] 
 []

[7]
Underfull \vbox (badness 10000) has occurred while \output is active []

Package epstopdf Info: Source file: <MNIST_figures/local1_sketch20_iid0_train_l
oss.eps>
(epstopdf)                    date: 2020-08-04 07:11:02
(epstopdf)                    size: 22510 bytes
(epstopdf)             Output file: <MNIST_figures/local1_sketch20_iid0_train_l
oss-eps-converted-to.pdf>
(epstopdf)                    date: 2020-08-04 09:13:23
(epstopdf)                    size: 10393 bytes
(epstopdf)             Command: <repstopdf --outfile=MNIST_figures/local1_sketc
h20_iid0_train_loss-eps-converted-to.pdf MNIST_figures/local1_sketch20_iid0_tra
in_loss.eps>
(epstopdf)             \includegraphics on input line 926.
Package epstopdf Info: Output file is already uptodate.
<MNIST_figures/local1_sketch20_iid0_train_loss-eps-converted-to.pdf, id=418, 42
1.575pt x 316.18124pt>
File: MNIST_figures/local1_sketch20_iid0_train_loss-eps-converted-to.pdf Graphi
c file (type pdf)
<use MNIST_figures/local1_sketch20_iid0_train_loss-eps-converted-to.pdf>
Package pdftex.def Info: MNIST_figures/local1_sketch20_iid0_train_loss-eps-conv
erted-to.pdf  used on input line 926.
(pdftex.def)             Requested size: 122.85876pt x 92.1437pt.
Package epstopdf Info: Source file: <MNIST_figures/local1_sketch20_iid0_test_ac
c.eps>
(epstopdf)                    date: 2020-08-04 07:11:02
(epstopdf)                    size: 82887 bytes
(epstopdf)             Output file: <MNIST_figures/local1_sketch20_iid0_test_ac
c-eps-converted-to.pdf>
(epstopdf)                    date: 2020-08-04 09:13:23
(epstopdf)                    size: 79622 bytes
(epstopdf)             Command: <repstopdf --outfile=MNIST_figures/local1_sketc
h20_iid0_test_acc-eps-converted-to.pdf MNIST_figures/local1_sketch20_iid0_test_
acc.eps>
(epstopdf)             \includegraphics on input line 926.
Package epstopdf Info: Output file is already uptodate.
<MNIST_figures/local1_sketch20_iid0_test_acc-eps-converted-to.pdf, id=419, 421.
575pt x 316.18124pt>
File: MNIST_figures/local1_sketch20_iid0_test_acc-eps-converted-to.pdf Graphic 
file (type pdf)
<use MNIST_figures/local1_sketch20_iid0_test_acc-eps-converted-to.pdf>
Package pdftex.def Info: MNIST_figures/local1_sketch20_iid0_test_acc-eps-conver
ted-to.pdf  used on input line 926.
(pdftex.def)             Requested size: 122.85876pt x 92.1437pt.
Package epstopdf Info: Source file: <MNIST_figures/local5_sketch20_iid0_train_l
oss.eps>
(epstopdf)                    date: 2020-08-04 07:11:02
(epstopdf)                    size: 22444 bytes
(epstopdf)             Output file: <MNIST_figures/local5_sketch20_iid0_train_l
oss-eps-converted-to.pdf>
(epstopdf)                    date: 2020-08-04 09:13:27
(epstopdf)                    size: 10151 bytes
(epstopdf)             Command: <repstopdf --outfile=MNIST_figures/local5_sketc
h20_iid0_train_loss-eps-converted-to.pdf MNIST_figures/local5_sketch20_iid0_tra
in_loss.eps>
(epstopdf)             \includegraphics on input line 930.
Package epstopdf Info: Output file is already uptodate.
<MNIST_figures/local5_sketch20_iid0_train_loss-eps-converted-to.pdf, id=420, 42
1.575pt x 316.18124pt>
File: MNIST_figures/local5_sketch20_iid0_train_loss-eps-converted-to.pdf Graphi
c file (type pdf)
<use MNIST_figures/local5_sketch20_iid0_train_loss-eps-converted-to.pdf>
Package pdftex.def Info: MNIST_figures/local5_sketch20_iid0_train_loss-eps-conv
erted-to.pdf  used on input line 930.
(pdftex.def)             Requested size: 122.85876pt x 92.1437pt.
Package epstopdf Info: Source file: <MNIST_figures/local5_sketch20_iid0_test_ac
c.eps>
(epstopdf)                    date: 2020-08-04 07:11:02
(epstopdf)                    size: 74131 bytes
(epstopdf)             Output file: <MNIST_figures/local5_sketch20_iid0_test_ac
c-eps-converted-to.pdf>
(epstopdf)                    date: 2020-08-04 09:13:27
(epstopdf)                    size: 71241 bytes
(epstopdf)             Command: <repstopdf --outfile=MNIST_figures/local5_sketc
h20_iid0_test_acc-eps-converted-to.pdf MNIST_figures/local5_sketch20_iid0_test_
acc.eps>
(epstopdf)             \includegraphics on input line 930.
Package epstopdf Info: Output file is already uptodate.
<MNIST_figures/local5_sketch20_iid0_test_acc-eps-converted-to.pdf, id=421, 421.
575pt x 316.18124pt>
File: MNIST_figures/local5_sketch20_iid0_test_acc-eps-converted-to.pdf Graphic 
file (type pdf)
<use MNIST_figures/local5_sketch20_iid0_test_acc-eps-converted-to.pdf>
Package pdftex.def Info: MNIST_figures/local5_sketch20_iid0_test_acc-eps-conver
ted-to.pdf  used on input line 930.
(pdftex.def)             Requested size: 122.85876pt x 92.1437pt.
Package epstopdf Info: Source file: <MNIST_figures/local1_sketch50_iid0_train_l
oss.eps>
(epstopdf)                    date: 2020-08-04 07:11:02
(epstopdf)                    size: 22856 bytes
(epstopdf)             Output file: <MNIST_figures/local1_sketch50_iid0_train_l
oss-eps-converted-to.pdf>
(epstopdf)                    date: 2020-08-04 09:13:24
(epstopdf)                    size: 10404 bytes
(epstopdf)             Command: <repstopdf --outfile=MNIST_figures/local1_sketc
h50_iid0_train_loss-eps-converted-to.pdf MNIST_figures/local1_sketch50_iid0_tra
in_loss.eps>
(epstopdf)             \includegraphics on input line 934.
Package epstopdf Info: Output file is already uptodate.
<MNIST_figures/local1_sketch50_iid0_train_loss-eps-converted-to.pdf, id=422, 42
1.575pt x 316.18124pt>
File: MNIST_figures/local1_sketch50_iid0_train_loss-eps-converted-to.pdf Graphi
c file (type pdf)
<use MNIST_figures/local1_sketch50_iid0_train_loss-eps-converted-to.pdf>
Package pdftex.def Info: MNIST_figures/local1_sketch50_iid0_train_loss-eps-conv
erted-to.pdf  used on input line 934.
(pdftex.def)             Requested size: 122.85876pt x 92.1437pt.
Package epstopdf Info: Source file: <MNIST_figures/local1_sketch50_iid0_test_ac
c.eps>
(epstopdf)                    date: 2020-08-04 07:11:02
(epstopdf)                    size: 79875 bytes
(epstopdf)             Output file: <MNIST_figures/local1_sketch50_iid0_test_ac
c-eps-converted-to.pdf>
(epstopdf)                    date: 2020-08-04 09:13:24
(epstopdf)                    size: 77194 bytes
(epstopdf)             Command: <repstopdf --outfile=MNIST_figures/local1_sketc
h50_iid0_test_acc-eps-converted-to.pdf MNIST_figures/local1_sketch50_iid0_test_
acc.eps>
(epstopdf)             \includegraphics on input line 934.
Package epstopdf Info: Output file is already uptodate.
<MNIST_figures/local1_sketch50_iid0_test_acc-eps-converted-to.pdf, id=423, 421.
575pt x 316.18124pt>
File: MNIST_figures/local1_sketch50_iid0_test_acc-eps-converted-to.pdf Graphic 
file (type pdf)
<use MNIST_figures/local1_sketch50_iid0_test_acc-eps-converted-to.pdf>
Package pdftex.def Info: MNIST_figures/local1_sketch50_iid0_test_acc-eps-conver
ted-to.pdf  used on input line 934.
(pdftex.def)             Requested size: 122.85876pt x 92.1437pt.
Package epstopdf Info: Source file: <MNIST_figures/local5_sketch50_iid0_train_l
oss.eps>
(epstopdf)                    date: 2020-08-04 07:11:02
(epstopdf)                    size: 22457 bytes
(epstopdf)             Output file: <MNIST_figures/local5_sketch50_iid0_train_l
oss-eps-converted-to.pdf>
(epstopdf)                    date: 2020-08-04 09:13:28
(epstopdf)                    size: 10028 bytes
(epstopdf)             Command: <repstopdf --outfile=MNIST_figures/local5_sketc
h50_iid0_train_loss-eps-converted-to.pdf MNIST_figures/local5_sketch50_iid0_tra
in_loss.eps>
(epstopdf)             \includegraphics on input line 938.
Package epstopdf Info: Output file is already uptodate.
<MNIST_figures/local5_sketch50_iid0_train_loss-eps-converted-to.pdf, id=424, 42
1.575pt x 316.18124pt>
File: MNIST_figures/local5_sketch50_iid0_train_loss-eps-converted-to.pdf Graphi
c file (type pdf)
<use MNIST_figures/local5_sketch50_iid0_train_loss-eps-converted-to.pdf>
Package pdftex.def Info: MNIST_figures/local5_sketch50_iid0_train_loss-eps-conv
erted-to.pdf  used on input line 938.
(pdftex.def)             Requested size: 122.85876pt x 92.1437pt.
Package epstopdf Info: Source file: <MNIST_figures/local5_sketch50_iid0_test_ac
c.eps>
(epstopdf)                    date: 2020-08-04 07:11:02
(epstopdf)                    size: 70617 bytes
(epstopdf)             Output file: <MNIST_figures/local5_sketch50_iid0_test_ac
c-eps-converted-to.pdf>
(epstopdf)                    date: 2020-08-04 09:13:28
(epstopdf)                    size: 68422 bytes
(epstopdf)             Command: <repstopdf --outfile=MNIST_figures/local5_sketc
h50_iid0_test_acc-eps-converted-to.pdf MNIST_figures/local5_sketch50_iid0_test_
acc.eps>
(epstopdf)             \includegraphics on input line 938.
Package epstopdf Info: Output file is already uptodate.
<MNIST_figures/local5_sketch50_iid0_test_acc-eps-converted-to.pdf, id=425, 421.
575pt x 316.18124pt>
File: MNIST_figures/local5_sketch50_iid0_test_acc-eps-converted-to.pdf Graphic 
file (type pdf)
<use MNIST_figures/local5_sketch50_iid0_test_acc-eps-converted-to.pdf>
Package pdftex.def Info: MNIST_figures/local5_sketch50_iid0_test_acc-eps-conver
ted-to.pdf  used on input line 938.
(pdftex.def)             Requested size: 122.85876pt x 92.1437pt.

Overfull \hbox (7.63287pt too wide) in paragraph at lines 926--939
 [] 
 []


Overfull \hbox (4.29955pt too wide) in paragraph at lines 926--939
 [] 
 []


Overfull \hbox (7.63287pt too wide) in paragraph at lines 926--939
 [] 
 []


Overfull \hbox (0.96622pt too wide) in paragraph at lines 926--939
 [] 
 []


Underfull \vbox (badness 10000) has occurred while \output is active []

 [8]
Underfull \hbox (badness 2772) in paragraph at lines 952--956
\OT1/cmr/m/n/10 In this pa-per, we in-tro-duced \OT1/cmtt/m/n/10 FedSKETCH \OT1
/cmr/m/n/10 and
 []


Underfull \vbox (badness 10000) has occurred while \output is active []


(./mainsketch.bbl
Underfull \hbox (badness 1043) in paragraph at lines 4--9
\OT1/cmr/m/n/10 ota Tomioka, and Mi-lan Vo-jnovic.  Qsgd:
 []

[9 <./MNIST_figures/local1_sketch20_iid1_train_loss-eps-converted-to.pdf> <./MN
IST_figures/local1_sketch20_iid1_test_acc-eps-converted-to.pdf> <./MNIST_figure
s/local5_sketch20_iid1_train_loss-eps-converted-to.pdf> <./MNIST_figures/local5
_sketch20_iid1_test_acc-eps-converted-to.pdf> <./MNIST_figures/local1_sketch50_
iid1_train_loss-eps-converted-to.pdf> <./MNIST_figures/local1_sketch50_iid1_tes
t_acc-eps-converted-to.pdf> <./MNIST_figures/local5_sketch50_iid1_train_loss-ep
s-converted-to.pdf> <./MNIST_figures/local5_sketch50_iid1_test_acc-eps-converte
d-to.pdf> <./MNIST_figures/local1_sketch20_iid0_train_loss-eps-converted-to.pdf
> <./MNIST_figures/local1_sketch20_iid0_test_acc-eps-converted-to.pdf> <./MNIST
_figures/local5_sketch20_iid0_train_loss-eps-converted-to.pdf> <./MNIST_figures
/local5_sketch20_iid0_test_acc-eps-converted-to.pdf> <./MNIST_figures/local1_sk
etch50_iid0_train_loss-eps-converted-to.pdf> <./MNIST_figures/local1_sketch50_i
id0_test_acc-eps-converted-to.pdf> <./MNIST_figures/local5_sketch50_iid0_train_
loss-eps-converted-to.pdf> <./MNIST_figures/local5_sketch50_iid0_test_acc-eps-c
onverted-to.pdf>]
Underfull \hbox (badness 1540) in paragraph at lines 25--31
\OT1/cmr/m/n/10 Az-iz-zade-nesheli, and An-i-mashree Anand-ku-
 []


Underfull \hbox (badness 1092) in paragraph at lines 25--31
\OT1/cmr/m/it/10 (ICML)\OT1/cmr/m/n/10 , pages 559--568, Stock-holmsm^^?assan,
 []


Underfull \hbox (badness 1881) in paragraph at lines 76--80
[]\OT1/cmr/m/n/10 Robin C Geyer, Tas-silo Klein, and Moin
 []


Underfull \hbox (badness 3068) in paragraph at lines 93--99
\OT1/cmr/m/n/10 mani, Mehrdad Mah-davi, and Viveck R.
 []


Underfull \hbox (badness 1270) in paragraph at lines 107--110
\OT1/cmr/m/n/10 ods in fed-er-ated learn-ing.  \OT1/cmr/m/it/10 arXiv preprint
 []


Underfull \hbox (badness 6808) in paragraph at lines 119--124
[]\OT1/cmr/m/n/10 Samuel Horv^^Sath, Dmitry Ko-valev, Kon-
 []

[10]
Underfull \hbox (badness 1701) in paragraph at lines 126--130
[]\OT1/cmr/m/n/10 Samuel Horv^^Sath and Pe-ter Richt^^Sarik.  A
 []


Underfull \hbox (badness 8019) in paragraph at lines 126--130
\OT1/cmr/m/n/10 bet-ter al-ter-na-tive to er-ror feed-back for
 []


Underfull \hbox (badness 2401) in paragraph at lines 126--130
\OT1/cmr/m/n/10 communication-efficient dis-tributed learn-ing.
 []


Underfull \hbox (badness 1259) in paragraph at lines 132--137
\OT1/cmr/m/n/10 Arora.  Communication-efficient dis-tributed
 []


Underfull \hbox (badness 4846) in paragraph at lines 139--145
[]\OT1/cmr/m/n/10 Hamed Karimi, Julie Nu-tini, and Mark
 []


Underfull \hbox (badness 1102) in paragraph at lines 139--145
\OT1/cmr/m/it/10 Knowl-edge Dis-cov-ery in Databases (ECML-
 []


Underfull \hbox (badness 7415) in paragraph at lines 147--152
[]\OT1/cmr/m/n/10 Sai Pra-neeth Karim-ireddy, Satyen Kale,
 []


Underfull \hbox (badness 1924) in paragraph at lines 147--152
\OT1/cmr/m/n/10 device fed-er-ated learn-ing.  \OT1/cmr/m/it/10 arXiv preprint
 []


Underfull \hbox (badness 1424) in paragraph at lines 154--159
\OT1/cmr/m/n/10 Pe-ter Richt^^Sarik.  Tighter the-ory for lo-cal
 []


Underfull \hbox (badness 1292) in paragraph at lines 183--188
\OT1/cmr/m/n/10 Hastie.  One sketch for all: The-ory and
 []


Underfull \hbox (badness 1502) in paragraph at lines 208--212
[]\OT1/cmr/m/n/10 Xiang Li, Kaix-uan Huang, Wen-hao Yang,
 []


Underfull \hbox (badness 2229) in paragraph at lines 214--218
[]\OT1/cmr/m/n/10 Xianfeng Liang, Shuheng Shen, Jingchang
 []


Underfull \hbox (badness 2027) in paragraph at lines 214--218
\OT1/cmr/m/n/10 Liu, Zhen Pan, En-hong Chen, and Yifei
 []


Underfull \hbox (badness 1242) in paragraph at lines 214--218
\OT1/cmr/m/n/10 com-mu-ni-ca-tion com-plex-ity.  \OT1/cmr/m/it/10 arXiv preprin
t
 []

[11]
Underfull \hbox (badness 10000) in paragraph at lines 260--264
[]\OT1/cmr/m/n/10 Constantin Philip-penko and Aymeric
 []


Underfull \hbox (badness 1009) in paragraph at lines 260--264
\OT1/cmr/m/n/10 learn-ing.  \OT1/cmr/m/it/10 arXiv preprint arXiv:2006.14591\OT
1/cmr/m/n/10 ,
 []


Underfull \hbox (badness 2409) in paragraph at lines 266--270
\OT1/cmr/m/n/10 Kone^^Tcn^^Ry, San-jiv Ku-mar, and H Bren-dan
 []


Underfull \hbox (badness 7064) in paragraph at lines 272--279
[]\OT1/cmr/m/n/10 Amirhossein Rei-sizadeh, Aryan Mokhtari,
 []


Underfull \hbox (badness 2351) in paragraph at lines 286--291
\OT1/cmr/m/n/10 Ul-lah, Nikita Ivkin, Ion Sto-ica, Vladimir
 []


Underfull \hbox (badness 2486) in paragraph at lines 286--291
\OT1/cmr/m/n/10 Braver-man, Joseph Gon-za-lez, and Ra-man
 []


Underfull \hbox (badness 4531) in paragraph at lines 337--341
\OT1/cmr/m/n/10 dis-tributed op-ti-miza-tion.  \OT1/cmr/m/it/10 arXiv preprint
 []


Underfull \hbox (badness 4048) in paragraph at lines 357--360
[]\OT1/cmr/m/n/10 Jian Zhang, Christo-pher De Sa, Ioan-nis
 []

) [12]
Underfull \hbox (badness 10000) in paragraph at lines 967--968

 []

[13

pdfTeX warning (ext4): destination with the same identifier (name{equation.A.3}
) has been already used, duplicate ignored

\AtBegShi@Output ...ipout \box \AtBeginShipoutBox 
                                                  \fi \fi 
l.1052 \end{align}
                  pdfTeX warning (ext4): destination with the same identifier (
name{equation.A.3}) has been already used, duplicate ignored

\AtBegShi@Output ...ipout \box \AtBeginShipoutBox 
                                                  \fi \fi 
l.1052 \end{align}
                  ] [14pdfTeX warning (ext4): destination with the same identif
ier (name{equation.A.4}) has been already used, duplicate ignored

\AtBegShi@Output ...ipout \box \AtBeginShipoutBox 
                                                  \fi \fi 
l.1126 
       ]
Missing character: There is no  in font cmr7!
Missing character: There is no  in font cmr7!
Missing character: There is no  in font cmr7!
Missing character: There is no  in font cmr7!

Underfull \vbox (badness 10000) has occurred while \output is active []

 [15]
[16] [17] [18] [19] [20] [21] [22]
Underfull \hbox (badness 2418) in paragraph at lines 1434--1435
[][]\OT1/cmr/bx/n/10 Theorem 8 \OT1/cmr/m/n/10 (Con-vex)\OT1/cmr/bx/n/10 . []\O
T1/cmr/m/it/10 For a gen-eral con-vex func-tion $\OML/cmm/m/it/10 f\OT1/cmr/m/n
/10 ([])$ \OT1/cmr/m/it/10 with op-ti-mal so-lu-tion $[][]$, us-ing
 []

[23]
LaTeX Font Info:    Font shape `OMS/cmr/m/it' in size <10> not available
(Font)              Font shape `OMS/cmsy/m/n' tried instead on input line 1489.

 [24]
Package epstopdf Info: Source file: <MNIST_figures/local1_sketch20_iid1_train_l
oss.eps>
(epstopdf)                    date: 2020-08-04 07:11:02
(epstopdf)                    size: 21389 bytes
(epstopdf)             Output file: <MNIST_figures/local1_sketch20_iid1_train_l
oss-eps-converted-to.pdf>
(epstopdf)                    date: 2020-08-04 09:13:17
(epstopdf)                    size: 9517 bytes
(epstopdf)             Command: <repstopdf --outfile=MNIST_figures/local1_sketc
h20_iid1_train_loss-eps-converted-to.pdf MNIST_figures/local1_sketch20_iid1_tra
in_loss.eps>
(epstopdf)             \includegraphics on input line 1549.
Package epstopdf Info: Output file is already uptodate.
File: MNIST_figures/local1_sketch20_iid1_train_loss-eps-converted-to.pdf Graphi
c file (type pdf)
<use MNIST_figures/local1_sketch20_iid1_train_loss-eps-converted-to.pdf>
Package pdftex.def Info: MNIST_figures/local1_sketch20_iid1_train_loss-eps-conv
erted-to.pdf  used on input line 1549.
(pdftex.def)             Requested size: 122.85876pt x 92.1437pt.
Package epstopdf Info: Source file: <MNIST_figures/local2_sketch20_iid1_train_l
oss.eps>
(epstopdf)                    date: 2020-08-04 07:11:00
(epstopdf)                    size: 21092 bytes
(epstopdf)             Output file: <MNIST_figures/local2_sketch20_iid1_train_l
oss-eps-converted-to.pdf>
(epstopdf)                    date: 2020-08-04 09:13:19
(epstopdf)                    size: 9268 bytes
(epstopdf)             Command: <repstopdf --outfile=MNIST_figures/local2_sketc
h20_iid1_train_loss-eps-converted-to.pdf MNIST_figures/local2_sketch20_iid1_tra
in_loss.eps>
(epstopdf)             \includegraphics on input line 1549.
Package epstopdf Info: Output file is already uptodate.
<MNIST_figures/local2_sketch20_iid1_train_loss-eps-converted-to.pdf, id=768, 42
1.575pt x 316.18124pt>
File: MNIST_figures/local2_sketch20_iid1_train_loss-eps-converted-to.pdf Graphi
c file (type pdf)
<use MNIST_figures/local2_sketch20_iid1_train_loss-eps-converted-to.pdf>
Package pdftex.def Info: MNIST_figures/local2_sketch20_iid1_train_loss-eps-conv
erted-to.pdf  used on input line 1549.
(pdftex.def)             Requested size: 122.85876pt x 92.1437pt.
Package epstopdf Info: Source file: <MNIST_figures/local5_sketch20_iid1_train_l
oss.eps>
(epstopdf)                    date: 2020-08-04 07:11:02
(epstopdf)                    size: 21282 bytes
(epstopdf)             Output file: <MNIST_figures/local5_sketch20_iid1_train_l
oss-eps-converted-to.pdf>
(epstopdf)                    date: 2020-08-04 09:13:21
(epstopdf)                    size: 9285 bytes
(epstopdf)             Command: <repstopdf --outfile=MNIST_figures/local5_sketc
h20_iid1_train_loss-eps-converted-to.pdf MNIST_figures/local5_sketch20_iid1_tra
in_loss.eps>
(epstopdf)             \includegraphics on input line 1549.
Package epstopdf Info: Output file is already uptodate.
File: MNIST_figures/local5_sketch20_iid1_train_loss-eps-converted-to.pdf Graphi
c file (type pdf)
<use MNIST_figures/local5_sketch20_iid1_train_loss-eps-converted-to.pdf>
Package pdftex.def Info: MNIST_figures/local5_sketch20_iid1_train_loss-eps-conv
erted-to.pdf  used on input line 1549.
(pdftex.def)             Requested size: 122.85876pt x 92.1437pt.
Package epstopdf Info: Source file: <MNIST_figures/local1_sketch20_iid1_test_ac
c.eps>
(epstopdf)                    date: 2020-08-04 07:11:02
(epstopdf)                    size: 18812 bytes
(epstopdf)             Output file: <MNIST_figures/local1_sketch20_iid1_test_ac
c-eps-converted-to.pdf>
(epstopdf)                    date: 2020-08-04 09:13:18
(epstopdf)                    size: 9974 bytes
(epstopdf)             Command: <repstopdf --outfile=MNIST_figures/local1_sketc
h20_iid1_test_acc-eps-converted-to.pdf MNIST_figures/local1_sketch20_iid1_test_
acc.eps>
(epstopdf)             \includegraphics on input line 1549.
Package epstopdf Info: Output file is already uptodate.
File: MNIST_figures/local1_sketch20_iid1_test_acc-eps-converted-to.pdf Graphic 
file (type pdf)
<use MNIST_figures/local1_sketch20_iid1_test_acc-eps-converted-to.pdf>
Package pdftex.def Info: MNIST_figures/local1_sketch20_iid1_test_acc-eps-conver
ted-to.pdf  used on input line 1549.
(pdftex.def)             Requested size: 122.85876pt x 92.1437pt.
Package epstopdf Info: Source file: <MNIST_figures/local2_sketch20_iid1_test_ac
c.eps>
(epstopdf)                    date: 2020-08-04 07:11:00
(epstopdf)                    size: 17773 bytes
(epstopdf)             Output file: <MNIST_figures/local2_sketch20_iid1_test_ac
c-eps-converted-to.pdf>
(epstopdf)                    date: 2020-08-04 09:13:20
(epstopdf)                    size: 9565 bytes
(epstopdf)             Command: <repstopdf --outfile=MNIST_figures/local2_sketc
h20_iid1_test_acc-eps-converted-to.pdf MNIST_figures/local2_sketch20_iid1_test_
acc.eps>
(epstopdf)             \includegraphics on input line 1558.
Package epstopdf Info: Output file is already uptodate.
<MNIST_figures/local2_sketch20_iid1_test_acc-eps-converted-to.pdf, id=769, 421.
575pt x 316.18124pt>
File: MNIST_figures/local2_sketch20_iid1_test_acc-eps-converted-to.pdf Graphic 
file (type pdf)
<use MNIST_figures/local2_sketch20_iid1_test_acc-eps-converted-to.pdf>
Package pdftex.def Info: MNIST_figures/local2_sketch20_iid1_test_acc-eps-conver
ted-to.pdf  used on input line 1558.
(pdftex.def)             Requested size: 122.85876pt x 92.1437pt.
Package epstopdf Info: Source file: <MNIST_figures/local5_sketch20_iid1_test_ac
c.eps>
(epstopdf)                    date: 2020-08-04 07:11:00
(epstopdf)                    size: 61161 bytes
(epstopdf)             Output file: <MNIST_figures/local5_sketch20_iid1_test_ac
c-eps-converted-to.pdf>
(epstopdf)                    date: 2020-08-04 09:13:21
(epstopdf)                    size: 96937 bytes
(epstopdf)             Command: <repstopdf --outfile=MNIST_figures/local5_sketc
h20_iid1_test_acc-eps-converted-to.pdf MNIST_figures/local5_sketch20_iid1_test_
acc.eps>
(epstopdf)             \includegraphics on input line 1558.
Package epstopdf Info: Output file is already uptodate.
File: MNIST_figures/local5_sketch20_iid1_test_acc-eps-converted-to.pdf Graphic 
file (type pdf)
<use MNIST_figures/local5_sketch20_iid1_test_acc-eps-converted-to.pdf>
Package pdftex.def Info: MNIST_figures/local5_sketch20_iid1_test_acc-eps-conver
ted-to.pdf  used on input line 1558.
(pdftex.def)             Requested size: 122.85876pt x 92.1437pt.
Package epstopdf Info: Source file: <MNIST_figures/local1_sketch50_iid1_train_l
oss.eps>
(epstopdf)                    date: 2020-08-04 07:11:00
(epstopdf)                    size: 21408 bytes
(epstopdf)             Output file: <MNIST_figures/local1_sketch50_iid1_train_l
oss-eps-converted-to.pdf>
(epstopdf)                    date: 2020-08-04 09:13:18
(epstopdf)                    size: 9455 bytes
(epstopdf)             Command: <repstopdf --outfile=MNIST_figures/local1_sketc
h50_iid1_train_loss-eps-converted-to.pdf MNIST_figures/local1_sketch50_iid1_tra
in_loss.eps>
(epstopdf)             \includegraphics on input line 1558.
Package epstopdf Info: Output file is already uptodate.
File: MNIST_figures/local1_sketch50_iid1_train_loss-eps-converted-to.pdf Graphi
c file (type pdf)
<use MNIST_figures/local1_sketch50_iid1_train_loss-eps-converted-to.pdf>
Package pdftex.def Info: MNIST_figures/local1_sketch50_iid1_train_loss-eps-conv
erted-to.pdf  used on input line 1558.
(pdftex.def)             Requested size: 122.85876pt x 92.1437pt.
Package epstopdf Info: Source file: <MNIST_figures/local2_sketch50_iid1_train_l
oss.eps>
(epstopdf)                    date: 2020-08-04 07:11:00
(epstopdf)                    size: 21082 bytes
(epstopdf)             Output file: <MNIST_figures/local2_sketch50_iid1_train_l
oss-eps-converted-to.pdf>
(epstopdf)                    date: 2020-08-04 09:13:20
(epstopdf)                    size: 9292 bytes
(epstopdf)             Command: <repstopdf --outfile=MNIST_figures/local2_sketc
h50_iid1_train_loss-eps-converted-to.pdf MNIST_figures/local2_sketch50_iid1_tra
in_loss.eps>
(epstopdf)             \includegraphics on input line 1558.
Package epstopdf Info: Output file is already uptodate.
<MNIST_figures/local2_sketch50_iid1_train_loss-eps-converted-to.pdf, id=770, 42
1.575pt x 316.18124pt>
File: MNIST_figures/local2_sketch50_iid1_train_loss-eps-converted-to.pdf Graphi
c file (type pdf)
<use MNIST_figures/local2_sketch50_iid1_train_loss-eps-converted-to.pdf>
Package pdftex.def Info: MNIST_figures/local2_sketch50_iid1_train_loss-eps-conv
erted-to.pdf  used on input line 1558.
(pdftex.def)             Requested size: 122.85876pt x 92.1437pt.
Package epstopdf Info: Source file: <MNIST_figures/local5_sketch50_iid1_train_l
oss.eps>
(epstopdf)                    date: 2020-08-04 07:11:02
(epstopdf)                    size: 21408 bytes
(epstopdf)             Output file: <MNIST_figures/local5_sketch50_iid1_train_l
oss-eps-converted-to.pdf>
(epstopdf)                    date: 2020-08-04 09:13:22
(epstopdf)                    size: 9234 bytes
(epstopdf)             Command: <repstopdf --outfile=MNIST_figures/local5_sketc
h50_iid1_train_loss-eps-converted-to.pdf MNIST_figures/local5_sketch50_iid1_tra
in_loss.eps>
(epstopdf)             \includegraphics on input line 1566.
Package epstopdf Info: Output file is already uptodate.
File: MNIST_figures/local5_sketch50_iid1_train_loss-eps-converted-to.pdf Graphi
c file (type pdf)
<use MNIST_figures/local5_sketch50_iid1_train_loss-eps-converted-to.pdf>
Package pdftex.def Info: MNIST_figures/local5_sketch50_iid1_train_loss-eps-conv
erted-to.pdf  used on input line 1566.
(pdftex.def)             Requested size: 122.85876pt x 92.1437pt.
Package epstopdf Info: Source file: <MNIST_figures/local1_sketch50_iid1_test_ac
c.eps>
(epstopdf)                    date: 2020-08-04 07:11:00
(epstopdf)                    size: 18404 bytes
(epstopdf)             Output file: <MNIST_figures/local1_sketch50_iid1_test_ac
c-eps-converted-to.pdf>
(epstopdf)                    date: 2020-08-04 09:13:19
(epstopdf)                    size: 9784 bytes
(epstopdf)             Command: <repstopdf --outfile=MNIST_figures/local1_sketc
h50_iid1_test_acc-eps-converted-to.pdf MNIST_figures/local1_sketch50_iid1_test_
acc.eps>
(epstopdf)             \includegraphics on input line 1566.
Package epstopdf Info: Output file is already uptodate.
File: MNIST_figures/local1_sketch50_iid1_test_acc-eps-converted-to.pdf Graphic 
file (type pdf)
<use MNIST_figures/local1_sketch50_iid1_test_acc-eps-converted-to.pdf>
Package pdftex.def Info: MNIST_figures/local1_sketch50_iid1_test_acc-eps-conver
ted-to.pdf  used on input line 1566.
(pdftex.def)             Requested size: 122.85876pt x 92.1437pt.
Package epstopdf Info: Source file: <MNIST_figures/local2_sketch50_iid1_test_ac
c.eps>
(epstopdf)                    date: 2020-08-04 07:11:00
(epstopdf)                    size: 17790 bytes
(epstopdf)             Output file: <MNIST_figures/local2_sketch50_iid1_test_ac
c-eps-converted-to.pdf>
(epstopdf)                    date: 2020-08-04 09:13:21
(epstopdf)                    size: 9569 bytes
(epstopdf)             Command: <repstopdf --outfile=MNIST_figures/local2_sketc
h50_iid1_test_acc-eps-converted-to.pdf MNIST_figures/local2_sketch50_iid1_test_
acc.eps>
(epstopdf)             \includegraphics on input line 1566.
Package epstopdf Info: Output file is already uptodate.
<MNIST_figures/local2_sketch50_iid1_test_acc-eps-converted-to.pdf, id=771, 421.
575pt x 316.18124pt>
File: MNIST_figures/local2_sketch50_iid1_test_acc-eps-converted-to.pdf Graphic 
file (type pdf)
<use MNIST_figures/local2_sketch50_iid1_test_acc-eps-converted-to.pdf>
Package pdftex.def Info: MNIST_figures/local2_sketch50_iid1_test_acc-eps-conver
ted-to.pdf  used on input line 1566.
(pdftex.def)             Requested size: 122.85876pt x 92.1437pt.
Package epstopdf Info: Source file: <MNIST_figures/local5_sketch50_iid1_test_ac
c.eps>
(epstopdf)                    date: 2020-08-04 07:11:02
(epstopdf)                    size: 18171 bytes
(epstopdf)             Output file: <MNIST_figures/local5_sketch50_iid1_test_ac
c-eps-converted-to.pdf>
(epstopdf)                    date: 2020-08-04 09:13:22
(epstopdf)                    size: 9508 bytes
(epstopdf)             Command: <repstopdf --outfile=MNIST_figures/local5_sketc
h50_iid1_test_acc-eps-converted-to.pdf MNIST_figures/local5_sketch50_iid1_test_
acc.eps>
(epstopdf)             \includegraphics on input line 1566.
Package epstopdf Info: Output file is already uptodate.
File: MNIST_figures/local5_sketch50_iid1_test_acc-eps-converted-to.pdf Graphic 
file (type pdf)
<use MNIST_figures/local5_sketch50_iid1_test_acc-eps-converted-to.pdf>
Package pdftex.def Info: MNIST_figures/local5_sketch50_iid1_test_acc-eps-conver
ted-to.pdf  used on input line 1566.
(pdftex.def)             Requested size: 122.85876pt x 92.1437pt.
Package epstopdf Info: Source file: <MNIST_figures/local1_sketch20_iid0_train_l
oss.eps>
(epstopdf)                    date: 2020-08-04 07:11:02
(epstopdf)                    size: 22510 bytes
(epstopdf)             Output file: <MNIST_figures/local1_sketch20_iid0_train_l
oss-eps-converted-to.pdf>
(epstopdf)                    date: 2020-08-04 09:13:23
(epstopdf)                    size: 10393 bytes
(epstopdf)             Command: <repstopdf --outfile=MNIST_figures/local1_sketc
h20_iid0_train_loss-eps-converted-to.pdf MNIST_figures/local1_sketch20_iid0_tra
in_loss.eps>
(epstopdf)             \includegraphics on input line 1583.
Package epstopdf Info: Output file is already uptodate.
File: MNIST_figures/local1_sketch20_iid0_train_loss-eps-converted-to.pdf Graphi
c file (type pdf)
<use MNIST_figures/local1_sketch20_iid0_train_loss-eps-converted-to.pdf>
Package pdftex.def Info: MNIST_figures/local1_sketch20_iid0_train_loss-eps-conv
erted-to.pdf  used on input line 1583.
(pdftex.def)             Requested size: 122.85876pt x 92.1437pt.
Package epstopdf Info: Source file: <MNIST_figures/local2_sketch20_iid0_train_l
oss.eps>
(epstopdf)                    date: 2020-08-04 07:11:02
(epstopdf)                    size: 21426 bytes
(epstopdf)             Output file: <MNIST_figures/local2_sketch20_iid0_train_l
oss-eps-converted-to.pdf>
(epstopdf)                    date: 2020-08-04 09:13:25
(epstopdf)                    size: 9954 bytes
(epstopdf)             Command: <repstopdf --outfile=MNIST_figures/local2_sketc
h20_iid0_train_loss-eps-converted-to.pdf MNIST_figures/local2_sketch20_iid0_tra
in_loss.eps>
(epstopdf)             \includegraphics on input line 1583.
Package epstopdf Info: Output file is already uptodate.
<MNIST_figures/local2_sketch20_iid0_train_loss-eps-converted-to.pdf, id=772, 42
1.575pt x 316.18124pt>
File: MNIST_figures/local2_sketch20_iid0_train_loss-eps-converted-to.pdf Graphi
c file (type pdf)
<use MNIST_figures/local2_sketch20_iid0_train_loss-eps-converted-to.pdf>
Package pdftex.def Info: MNIST_figures/local2_sketch20_iid0_train_loss-eps-conv
erted-to.pdf  used on input line 1583.
(pdftex.def)             Requested size: 122.85876pt x 92.1437pt.
Package epstopdf Info: Source file: <MNIST_figures/local5_sketch20_iid0_train_l
oss.eps>
(epstopdf)                    date: 2020-08-04 07:11:02
(epstopdf)                    size: 22444 bytes
(epstopdf)             Output file: <MNIST_figures/local5_sketch20_iid0_train_l
oss-eps-converted-to.pdf>
(epstopdf)                    date: 2020-08-04 09:13:27
(epstopdf)                    size: 10151 bytes
(epstopdf)             Command: <repstopdf --outfile=MNIST_figures/local5_sketc
h20_iid0_train_loss-eps-converted-to.pdf MNIST_figures/local5_sketch20_iid0_tra
in_loss.eps>
(epstopdf)             \includegraphics on input line 1583.
Package epstopdf Info: Output file is already uptodate.
File: MNIST_figures/local5_sketch20_iid0_train_loss-eps-converted-to.pdf Graphi
c file (type pdf)
<use MNIST_figures/local5_sketch20_iid0_train_loss-eps-converted-to.pdf>
Package pdftex.def Info: MNIST_figures/local5_sketch20_iid0_train_loss-eps-conv
erted-to.pdf  used on input line 1583.
(pdftex.def)             Requested size: 122.85876pt x 92.1437pt.
Package epstopdf Info: Source file: <MNIST_figures/local1_sketch20_iid0_test_ac
c.eps>
(epstopdf)                    date: 2020-08-04 07:11:02
(epstopdf)                    size: 82887 bytes
(epstopdf)             Output file: <MNIST_figures/local1_sketch20_iid0_test_ac
c-eps-converted-to.pdf>
(epstopdf)                    date: 2020-08-04 09:13:23
(epstopdf)                    size: 79622 bytes
(epstopdf)             Command: <repstopdf --outfile=MNIST_figures/local1_sketc
h20_iid0_test_acc-eps-converted-to.pdf MNIST_figures/local1_sketch20_iid0_test_
acc.eps>
(epstopdf)             \includegraphics on input line 1583.
Package epstopdf Info: Output file is already uptodate.
File: MNIST_figures/local1_sketch20_iid0_test_acc-eps-converted-to.pdf Graphic 
file (type pdf)
<use MNIST_figures/local1_sketch20_iid0_test_acc-eps-converted-to.pdf>
Package pdftex.def Info: MNIST_figures/local1_sketch20_iid0_test_acc-eps-conver
ted-to.pdf  used on input line 1583.
(pdftex.def)             Requested size: 122.85876pt x 92.1437pt.
Package epstopdf Info: Source file: <MNIST_figures/local2_sketch20_iid0_test_ac
c.eps>
(epstopdf)                    date: 2020-08-04 07:11:02
(epstopdf)                    size: 70984 bytes
(epstopdf)             Output file: <MNIST_figures/local2_sketch20_iid0_test_ac
c-eps-converted-to.pdf>
(epstopdf)                    date: 2020-08-04 09:13:25
(epstopdf)                    size: 68247 bytes
(epstopdf)             Command: <repstopdf --outfile=MNIST_figures/local2_sketc
h20_iid0_test_acc-eps-converted-to.pdf MNIST_figures/local2_sketch20_iid0_test_
acc.eps>
(epstopdf)             \includegraphics on input line 1591.
Package epstopdf Info: Output file is already uptodate.
<MNIST_figures/local2_sketch20_iid0_test_acc-eps-converted-to.pdf, id=773, 421.
575pt x 316.18124pt>
File: MNIST_figures/local2_sketch20_iid0_test_acc-eps-converted-to.pdf Graphic 
file (type pdf)
<use MNIST_figures/local2_sketch20_iid0_test_acc-eps-converted-to.pdf>
Package pdftex.def Info: MNIST_figures/local2_sketch20_iid0_test_acc-eps-conver
ted-to.pdf  used on input line 1591.
(pdftex.def)             Requested size: 122.85876pt x 92.1437pt.
Package epstopdf Info: Source file: <MNIST_figures/local5_sketch20_iid0_test_ac
c.eps>
(epstopdf)                    date: 2020-08-04 07:11:02
(epstopdf)                    size: 74131 bytes
(epstopdf)             Output file: <MNIST_figures/local5_sketch20_iid0_test_ac
c-eps-converted-to.pdf>
(epstopdf)                    date: 2020-08-04 09:13:27
(epstopdf)                    size: 71241 bytes
(epstopdf)             Command: <repstopdf --outfile=MNIST_figures/local5_sketc
h20_iid0_test_acc-eps-converted-to.pdf MNIST_figures/local5_sketch20_iid0_test_
acc.eps>
(epstopdf)             \includegraphics on input line 1591.
Package epstopdf Info: Output file is already uptodate.
File: MNIST_figures/local5_sketch20_iid0_test_acc-eps-converted-to.pdf Graphic 
file (type pdf)
<use MNIST_figures/local5_sketch20_iid0_test_acc-eps-converted-to.pdf>
Package pdftex.def Info: MNIST_figures/local5_sketch20_iid0_test_acc-eps-conver
ted-to.pdf  used on input line 1591.
(pdftex.def)             Requested size: 122.85876pt x 92.1437pt.
Package epstopdf Info: Source file: <MNIST_figures/local1_sketch50_iid0_train_l
oss.eps>
(epstopdf)                    date: 2020-08-04 07:11:02
(epstopdf)                    size: 22856 bytes
(epstopdf)             Output file: <MNIST_figures/local1_sketch50_iid0_train_l
oss-eps-converted-to.pdf>
(epstopdf)                    date: 2020-08-04 09:13:24
(epstopdf)                    size: 10404 bytes
(epstopdf)             Command: <repstopdf --outfile=MNIST_figures/local1_sketc
h50_iid0_train_loss-eps-converted-to.pdf MNIST_figures/local1_sketch50_iid0_tra
in_loss.eps>
(epstopdf)             \includegraphics on input line 1591.
Package epstopdf Info: Output file is already uptodate.
File: MNIST_figures/local1_sketch50_iid0_train_loss-eps-converted-to.pdf Graphi
c file (type pdf)
<use MNIST_figures/local1_sketch50_iid0_train_loss-eps-converted-to.pdf>
Package pdftex.def Info: MNIST_figures/local1_sketch50_iid0_train_loss-eps-conv
erted-to.pdf  used on input line 1591.
(pdftex.def)             Requested size: 122.85876pt x 92.1437pt.
Package epstopdf Info: Source file: <MNIST_figures/local2_sketch50_iid0_train_l
oss.eps>
(epstopdf)                    date: 2020-08-04 07:11:02
(epstopdf)                    size: 21437 bytes
(epstopdf)             Output file: <MNIST_figures/local2_sketch50_iid0_train_l
oss-eps-converted-to.pdf>
(epstopdf)                    date: 2020-08-04 09:13:26
(epstopdf)                    size: 9993 bytes
(epstopdf)             Command: <repstopdf --outfile=MNIST_figures/local2_sketc
h50_iid0_train_loss-eps-converted-to.pdf MNIST_figures/local2_sketch50_iid0_tra
in_loss.eps>
(epstopdf)             \includegraphics on input line 1591.
Package epstopdf Info: Output file is already uptodate.
<MNIST_figures/local2_sketch50_iid0_train_loss-eps-converted-to.pdf, id=774, 42
1.575pt x 316.18124pt>
File: MNIST_figures/local2_sketch50_iid0_train_loss-eps-converted-to.pdf Graphi
c file (type pdf)
<use MNIST_figures/local2_sketch50_iid0_train_loss-eps-converted-to.pdf>
Package pdftex.def Info: MNIST_figures/local2_sketch50_iid0_train_loss-eps-conv
erted-to.pdf  used on input line 1591.
(pdftex.def)             Requested size: 122.85876pt x 92.1437pt.
Package epstopdf Info: Source file: <MNIST_figures/local5_sketch50_iid0_train_l
oss.eps>
(epstopdf)                    date: 2020-08-04 07:11:02
(epstopdf)                    size: 22457 bytes
(epstopdf)             Output file: <MNIST_figures/local5_sketch50_iid0_train_l
oss-eps-converted-to.pdf>
(epstopdf)                    date: 2020-08-04 09:13:28
(epstopdf)                    size: 10028 bytes
(epstopdf)             Command: <repstopdf --outfile=MNIST_figures/local5_sketc
h50_iid0_train_loss-eps-converted-to.pdf MNIST_figures/local5_sketch50_iid0_tra
in_loss.eps>
(epstopdf)             \includegraphics on input line 1599.
Package epstopdf Info: Output file is already uptodate.
File: MNIST_figures/local5_sketch50_iid0_train_loss-eps-converted-to.pdf Graphi
c file (type pdf)
<use MNIST_figures/local5_sketch50_iid0_train_loss-eps-converted-to.pdf>
Package pdftex.def Info: MNIST_figures/local5_sketch50_iid0_train_loss-eps-conv
erted-to.pdf  used on input line 1599.
(pdftex.def)             Requested size: 122.85876pt x 92.1437pt.
Package epstopdf Info: Source file: <MNIST_figures/local1_sketch50_iid0_test_ac
c.eps>
(epstopdf)                    date: 2020-08-04 07:11:02
(epstopdf)                    size: 79875 bytes
(epstopdf)             Output file: <MNIST_figures/local1_sketch50_iid0_test_ac
c-eps-converted-to.pdf>
(epstopdf)                    date: 2020-08-04 09:13:24
(epstopdf)                    size: 77194 bytes
(epstopdf)             Command: <repstopdf --outfile=MNIST_figures/local1_sketc
h50_iid0_test_acc-eps-converted-to.pdf MNIST_figures/local1_sketch50_iid0_test_
acc.eps>
(epstopdf)             \includegraphics on input line 1599.
Package epstopdf Info: Output file is already uptodate.
File: MNIST_figures/local1_sketch50_iid0_test_acc-eps-converted-to.pdf Graphic 
file (type pdf)
<use MNIST_figures/local1_sketch50_iid0_test_acc-eps-converted-to.pdf>
Package pdftex.def Info: MNIST_figures/local1_sketch50_iid0_test_acc-eps-conver
ted-to.pdf  used on input line 1599.
(pdftex.def)             Requested size: 122.85876pt x 92.1437pt.
Package epstopdf Info: Source file: <MNIST_figures/local2_sketch50_iid0_test_ac
c.eps>
(epstopdf)                    date: 2020-08-04 07:11:02
(epstopdf)                    size: 69958 bytes
(epstopdf)             Output file: <MNIST_figures/local2_sketch50_iid0_test_ac
c-eps-converted-to.pdf>
(epstopdf)                    date: 2020-08-04 09:13:26
(epstopdf)                    size: 67325 bytes
(epstopdf)             Command: <repstopdf --outfile=MNIST_figures/local2_sketc
h50_iid0_test_acc-eps-converted-to.pdf MNIST_figures/local2_sketch50_iid0_test_
acc.eps>
(epstopdf)             \includegraphics on input line 1599.
Package epstopdf Info: Output file is already uptodate.
<MNIST_figures/local2_sketch50_iid0_test_acc-eps-converted-to.pdf, id=775, 421.
575pt x 316.18124pt>
File: MNIST_figures/local2_sketch50_iid0_test_acc-eps-converted-to.pdf Graphic 
file (type pdf)
<use MNIST_figures/local2_sketch50_iid0_test_acc-eps-converted-to.pdf>
Package pdftex.def Info: MNIST_figures/local2_sketch50_iid0_test_acc-eps-conver
ted-to.pdf  used on input line 1599.
(pdftex.def)             Requested size: 122.85876pt x 92.1437pt.
Package epstopdf Info: Source file: <MNIST_figures/local5_sketch50_iid0_test_ac
c.eps>
(epstopdf)                    date: 2020-08-04 07:11:02
(epstopdf)                    size: 70617 bytes
(epstopdf)             Output file: <MNIST_figures/local5_sketch50_iid0_test_ac
c-eps-converted-to.pdf>
(epstopdf)                    date: 2020-08-04 09:13:28
(epstopdf)                    size: 68422 bytes
(epstopdf)             Command: <repstopdf --outfile=MNIST_figures/local5_sketc
h50_iid0_test_acc-eps-converted-to.pdf MNIST_figures/local5_sketch50_iid0_test_
acc.eps>
(epstopdf)             \includegraphics on input line 1599.
Package epstopdf Info: Output file is already uptodate.
File: MNIST_figures/local5_sketch50_iid0_test_acc-eps-converted-to.pdf Graphic 
file (type pdf)
<use MNIST_figures/local5_sketch50_iid0_test_acc-eps-converted-to.pdf>
Package pdftex.def Info: MNIST_figures/local5_sketch50_iid0_test_acc-eps-conver
ted-to.pdf  used on input line 1599.
(pdftex.def)             Requested size: 122.85876pt x 92.1437pt.

Overfull \hbox (1.65204pt too wide) in paragraph at lines 1583--1600
 [] 
 []

[25 <./MNIST_figures/local2_sketch20_iid1_train_loss-eps-converted-to.pdf> <./M
NIST_figures/local2_sketch20_iid1_test_acc-eps-converted-to.pdf> <./MNIST_figur
es/local2_sketch50_iid1_train_loss-eps-converted-to.pdf> <./MNIST_figures/local
2_sketch50_iid1_test_acc-eps-converted-to.pdf>]
Package atveryend Info: Empty hook `BeforeClearDocument' on input line 1605.
 [26 <./MNIST_figures/local2_sketch20_iid0_train_loss-eps-converted-to.pdf> <./
MNIST_figures/local2_sketch20_iid0_test_acc-eps-converted-to.pdf> <./MNIST_figu
res/local2_sketch50_iid0_train_loss-eps-converted-to.pdf> <./MNIST_figures/loca
l2_sketch50_iid0_test_acc-eps-converted-to.pdf>]
Package atveryend Info: Empty hook `AfterLastShipout' on input line 1605.
 (./mainsketch.aux)
Package atveryend Info: Executing hook `AtVeryEndDocument' on input line 1605.
Package atveryend Info: Executing hook `AtEndAfterFileList' on input line 1605.

Package rerunfilecheck Info: File `mainsketch.out' has not changed.
(rerunfilecheck)             Checksum: C0E837A72E417375EA1921C1C1C11AF0;2059.
Package atveryend Info: Empty hook `AtVeryVeryEnd' on input line 1605.
 ) 
Here is how much of TeX's memory you used:
 10302 strings out of 492649
 160271 string characters out of 6129622
 292659 words of memory out of 5000000
 13809 multiletter control sequences out of 15000+600000
 18174 words of font info for 69 fonts, out of 8000000 for 9000
 1141 hyphenation exceptions out of 8191
 36i,27n,45p,871b,581s stack positions out of 5000i,500n,10000p,200000b,80000s
</usr/local/texlive/2018/texmf-dist/fonts/type1/public/amsfonts/cm/cmbsy10.pf
b></usr/local/texlive/2018/texmf-dist/fonts/type1/public/amsfonts/cmextra/cmbsy
5.pfb></usr/local/texlive/2018/texmf-dist/fonts/type1/public/amsfonts/cmextra/c
mbsy7.pfb></usr/local/texlive/2018/texmf-dist/fonts/type1/public/amsfonts/cm/cm
bx10.pfb></usr/local/texlive/2018/texmf-dist/fonts/type1/public/amsfonts/cm/cmb
x12.pfb></usr/local/texlive/2018/texmf-dist/fonts/type1/public/amsfonts/cm/cmbx
5.pfb></usr/local/texlive/2018/texmf-dist/fonts/type1/public/amsfonts/cm/cmbx7.
pfb></usr/local/texlive/2018/texmf-dist/fonts/type1/public/amsfonts/cm/cmbx9.pf
b></usr/local/texlive/2018/texmf-dist/fonts/type1/public/amsfonts/cm/cmbxti10.p
fb></usr/local/texlive/2018/texmf-dist/fonts/type1/public/amsfonts/cm/cmex10.pf
b></usr/local/texlive/2018/texmf-dist/fonts/type1/public/amsfonts/cmextra/cmex7
.pfb></usr/local/texlive/2018/texmf-dist/fonts/type1/public/amsfonts/cmextra/cm
ex9.pfb></usr/local/texlive/2018/texmf-dist/fonts/type1/public/amsfonts/cm/cmit
t10.pfb></usr/local/texlive/2018/texmf-dist/fonts/type1/public/amsfonts/cm/cmmi
10.pfb></usr/local/texlive/2018/texmf-dist/fonts/type1/public/amsfonts/cm/cmmi5
.pfb></usr/local/texlive/2018/texmf-dist/fonts/type1/public/amsfonts/cm/cmmi6.p
fb></usr/local/texlive/2018/texmf-dist/fonts/type1/public/amsfonts/cm/cmmi7.pfb
></usr/local/texlive/2018/texmf-dist/fonts/type1/public/amsfonts/cm/cmmi9.pfb><
/usr/local/texlive/2018/texmf-dist/fonts/type1/public/amsfonts/cm/cmmib10.pfb><
/usr/local/texlive/2018/texmf-dist/fonts/type1/public/amsfonts/cmextra/cmmib5.p
fb></usr/local/texlive/2018/texmf-dist/fonts/type1/public/amsfonts/cmextra/cmmi
b7.pfb></usr/local/texlive/2018/texmf-dist/fonts/type1/public/amsfonts/cm/cmr10
.pfb></usr/local/texlive/2018/texmf-dist/fonts/type1/public/amsfonts/cm/cmr5.pf
b></usr/local/texlive/2018/texmf-dist/fonts/type1/public/amsfonts/cm/cmr6.pfb><
/usr/local/texlive/2018/texmf-dist/fonts/type1/public/amsfonts/cm/cmr7.pfb></us
r/local/texlive/2018/texmf-dist/fonts/type1/public/amsfonts/cm/cmr9.pfb></usr/l
ocal/texlive/2018/texmf-dist/fonts/type1/public/amsfonts/cm/cmsy10.pfb></usr/lo
cal/texlive/2018/texmf-dist/fonts/type1/public/amsfonts/cm/cmsy5.pfb></usr/loca
l/texlive/2018/texmf-dist/fonts/type1/public/amsfonts/cm/cmsy6.pfb></usr/local/
texlive/2018/texmf-dist/fonts/type1/public/amsfonts/cm/cmsy7.pfb></usr/local/te
xlive/2018/texmf-dist/fonts/type1/public/amsfonts/cm/cmsy9.pfb></usr/local/texl
ive/2018/texmf-dist/fonts/type1/public/amsfonts/cm/cmti10.pfb></usr/local/texli
ve/2018/texmf-dist/fonts/type1/public/amsfonts/cm/cmtt10.pfb></usr/local/texliv
e/2018/texmf-dist/fonts/type1/public/amsfonts/cm/cmtt12.pfb></usr/local/texlive
/2018/texmf-dist/fonts/type1/public/amsfonts/cm/cmtt9.pfb></usr/local/texlive/2
018/texmf-dist/fonts/type1/public/amsfonts/symbols/msam10.pfb></usr/local/texli
ve/2018/texmf-dist/fonts/type1/public/amsfonts/symbols/msbm10.pfb></usr/local/t
exlive/2018/texmf-dist/fonts/type1/public/amsfonts/symbols/msbm7.pfb></usr/loca
l/texlive/2018/texmf-dist/fonts/type1/urw/zapfding/uzdr.pfb>
Output written on mainsketch.pdf (26 pages, 1162877 bytes).
PDF statistics:
 1013 PDF objects out of 1200 (max. 8388607)
 849 compressed objects within 9 object streams
 193 named destinations out of 1000 (max. 500000)
 345 words of extra memory for PDF output out of 10000 (max. 10000000)

