\BOOKMARK [1][-]{section.1}{Introduction}{}% 1
\BOOKMARK [1][-]{section.2}{Compression using Count Sketch}{}% 2
\BOOKMARK [2][-]{subsection.2.1}{Sketching based Unbiased Compressor}{section.2}% 3
\BOOKMARK [2][-]{subsection.2.2}{Sketching based Biased Compressor}{section.2}% 4
\BOOKMARK [2][-]{subsection.2.3}{Sketching based Induced Compressor}{section.2}% 5
\BOOKMARK [1][-]{section.3}{FedSKETCH and FedSKETCHGATE}{}% 6
\BOOKMARK [2][-]{subsection.3.1}{Homogeneous Setting}{section.3}% 7
\BOOKMARK [2][-]{subsection.3.2}{Heterogeneous Setting}{section.3}% 8
\BOOKMARK [1][-]{section.4}{Convergence Analysis}{}% 9
\BOOKMARK [2][-]{subsection.4.1}{Convergence of FEDSKETCH }{section.4}% 10
\BOOKMARK [2][-]{subsection.4.2}{Convergence of FedSKETCHGATE}{section.4}% 11
\BOOKMARK [2][-]{subsection.4.3}{Comparison with Prior Methods}{section.4}% 12
\BOOKMARK [1][-]{section.5}{Numerical Applications}{}% 13
\BOOKMARK [1][-]{section.6}{Conclusion}{}% 14
\BOOKMARK [1][-]{appendix.A}{Notations and Defintions}{}% 15
\BOOKMARK [2][-]{subsection.A.1}{PRIVIX and compression error of HEAPRIX}{appendix.A}% 16
\BOOKMARK [1][-]{appendix.B}{Summary of comparison of our results with prior works}{}% 17
\BOOKMARK [2][-]{subsection.B.1}{Comparison of results for homogeneous setting}{appendix.B}% 18
\BOOKMARK [2][-]{subsection.B.2}{Comparison of results for heterogeneous setting}{appendix.B}% 19
\BOOKMARK [1][-]{appendix.C}{Theoretical Proofs}{}% 20
\BOOKMARK [2][-]{subsection.C.1}{Proof of Theorem 1}{appendix.C}% 21
\BOOKMARK [3][-]{subsubsection.C.1.1}{Main result for the non-convex setting}{subsection.C.1}% 22
\BOOKMARK [3][-]{subsubsection.C.1.2}{Main result for the PL/Strongly convex setting}{subsection.C.1}% 23
\BOOKMARK [3][-]{subsubsection.C.1.3}{Main result for the general convex setting}{subsection.C.1}% 24
\BOOKMARK [2][-]{subsection.C.2}{Proof of Theorem 2}{appendix.C}% 25
\BOOKMARK [1][-]{appendix.D}{Additional Numerical Experiments}{}% 26
\BOOKMARK [2][-]{subsection.D.1}{Additional Plots for the MNIST Experiments}{appendix.D}% 27
\BOOKMARK [2][-]{subsection.D.2}{Homogeneous setting}{appendix.D}% 28
\BOOKMARK [2][-]{subsection.D.3}{Heterogeneous setting}{appendix.D}% 29
\BOOKMARK [2][-]{subsection.D.4}{Additional Experiments: CIFAR-10}{appendix.D}% 30
