This is pdfTeX, Version 3.14159265-2.6-1.40.19 (TeX Live 2018) (preloaded format=pdflatex 2018.7.23)  19 JAN 2022 17:02
entering extended mode
 restricted \write18 enabled.
 file:line:error style messages enabled.
 %&-line parsing enabled.
**main_aistats.tex
(./main_aistats.tex
LaTeX2e <2018-04-01> patch level 2
Babel <3.18> and hyphenation patterns for 84 language(s) loaded.
(/usr/local/texlive/2018/texmf-dist/tex/latex/base/article.cls
Document Class: article 2014/09/29 v1.4h Standard LaTeX document class
(/usr/local/texlive/2018/texmf-dist/tex/latex/base/size10.clo
File: size10.clo 2014/09/29 v1.4h Standard LaTeX file (size option)
)
\c@part=\count80
\c@section=\count81
\c@subsection=\count82
\c@subsubsection=\count83
\c@paragraph=\count84
\c@subparagraph=\count85
\c@figure=\count86
\c@table=\count87
\abovecaptionskip=\skip41
\belowcaptionskip=\skip42
\bibindent=\dimen102
)
(./aistats2022.sty
Package: aistats2022 2021/06/25 AISTATS2022 submission/camera-ready style file

(/usr/local/texlive/2018/texmf-dist/tex/latex/amsmath/amsmath.sty
Package: amsmath 2017/09/02 v2.17a AMS math features
\@mathmargin=\skip43

For additional information on amsmath, use the `?' option.
(/usr/local/texlive/2018/texmf-dist/tex/latex/amsmath/amstext.sty
Package: amstext 2000/06/29 v2.01 AMS text

(/usr/local/texlive/2018/texmf-dist/tex/latex/amsmath/amsgen.sty
File: amsgen.sty 1999/11/30 v2.0 generic functions
\@emptytoks=\toks14
\ex@=\dimen103
))
(/usr/local/texlive/2018/texmf-dist/tex/latex/amsmath/amsbsy.sty
Package: amsbsy 1999/11/29 v1.2d Bold Symbols
\pmbraise@=\dimen104
)
(/usr/local/texlive/2018/texmf-dist/tex/latex/amsmath/amsopn.sty
Package: amsopn 2016/03/08 v2.02 operator names
)
\inf@bad=\count88
LaTeX Info: Redefining \frac on input line 213.
\uproot@=\count89
\leftroot@=\count90
LaTeX Info: Redefining \overline on input line 375.
\classnum@=\count91
\DOTSCASE@=\count92
LaTeX Info: Redefining \ldots on input line 472.
LaTeX Info: Redefining \dots on input line 475.
LaTeX Info: Redefining \cdots on input line 596.
\Mathstrutbox@=\box26
\strutbox@=\box27
\big@size=\dimen105
LaTeX Font Info:    Redeclaring font encoding OML on input line 712.
LaTeX Font Info:    Redeclaring font encoding OMS on input line 713.
\macc@depth=\count93
\c@MaxMatrixCols=\count94
\dotsspace@=\muskip10
\c@parentequation=\count95
\dspbrk@lvl=\count96
\tag@help=\toks15
\row@=\count97
\column@=\count98
\maxfields@=\count99
\andhelp@=\toks16
\eqnshift@=\dimen106
\alignsep@=\dimen107
\tagshift@=\dimen108
\tagwidth@=\dimen109
\totwidth@=\dimen110
\lineht@=\dimen111
\@envbody=\toks17
\multlinegap=\skip44
\multlinetaggap=\skip45
\mathdisplay@stack=\toks18
LaTeX Info: Redefining \[ on input line 2817.
LaTeX Info: Redefining \] on input line 2818.
)
\titlebox=\skip46

(./fancyhdr.sty
\fancy@headwidth=\skip47
\f@ncyO@elh=\skip48
\f@ncyO@erh=\skip49
\f@ncyO@olh=\skip50
\f@ncyO@orh=\skip51
\f@ncyO@elf=\skip52
\f@ncyO@erf=\skip53
\f@ncyO@olf=\skip54
\f@ncyO@orf=\skip55
)
\titrun=\box28
\autrun=\box29
) (/usr/local/texlive/2018/texmf-dist/tex/latex/tools/bm.sty
Package: bm 2017/01/16 v1.2c Bold Symbol Support (DPC/FMi)
\symboldoperators=\mathgroup4
\symboldletters=\mathgroup5
\symboldsymbols=\mathgroup6
LaTeX Font Info:    Redeclaring math alphabet \mathbf on input line 141.
LaTeX Info: Redefining \bm on input line 207.
)
(/usr/local/texlive/2018/texmf-dist/tex/latex/amscls/amsthm.sty
Package: amsthm 2017/10/31 v2.20.4
\thm@style=\toks19
\thm@bodyfont=\toks20
\thm@headfont=\toks21
\thm@notefont=\toks22
\thm@headpunct=\toks23
\thm@preskip=\skip56
\thm@postskip=\skip57
\thm@headsep=\skip58
\dth@everypar=\toks24
)
(/usr/local/texlive/2018/texmf-dist/tex/latex/amsfonts/amssymb.sty
Package: amssymb 2013/01/14 v3.01 AMS font symbols

(/usr/local/texlive/2018/texmf-dist/tex/latex/amsfonts/amsfonts.sty
Package: amsfonts 2013/01/14 v3.01 Basic AMSFonts support
\symAMSa=\mathgroup7
\symAMSb=\mathgroup8
LaTeX Font Info:    Overwriting math alphabet `\mathfrak' in version `bold'
(Font)                  U/euf/m/n --> U/euf/b/n on input line 106.
))
(/usr/local/texlive/2018/texmf-dist/tex/latex/tools/multicol.sty
Package: multicol 2018/04/01 v1.8r multicolumn formatting (FMi)
\c@tracingmulticols=\count100
\mult@box=\box30
\multicol@leftmargin=\dimen112
\c@unbalance=\count101
\c@collectmore=\count102
\doublecol@number=\count103
\multicoltolerance=\count104
\multicolpretolerance=\count105
\full@width=\dimen113
\page@free=\dimen114
\premulticols=\dimen115
\postmulticols=\dimen116
\multicolsep=\skip59
\multicolbaselineskip=\skip60
\partial@page=\box31
\last@line=\box32
\maxbalancingoverflow=\dimen117
\mult@rightbox=\box33
\mult@grightbox=\box34
\mult@gfirstbox=\box35
\mult@firstbox=\box36
\@tempa=\box37
\@tempa=\box38
\@tempa=\box39
\@tempa=\box40
\@tempa=\box41
\@tempa=\box42
\@tempa=\box43
\@tempa=\box44
\@tempa=\box45
\@tempa=\box46
\@tempa=\box47
\@tempa=\box48
\@tempa=\box49
\@tempa=\box50
\@tempa=\box51
\@tempa=\box52
\@tempa=\box53
\c@columnbadness=\count106
\c@finalcolumnbadness=\count107
\last@try=\dimen118
\multicolovershoot=\dimen119
\multicolundershoot=\dimen120
\mult@nat@firstbox=\box54
\colbreak@box=\box55
\mc@col@check@num=\count108
)
(/usr/local/texlive/2018/texmf-dist/tex/latex/algorithms/algorithmic.sty
Package: algorithmic 2009/08/24 v0.1 Document Style `algorithmic'

(/usr/local/texlive/2018/texmf-dist/tex/latex/base/ifthen.sty
Package: ifthen 2014/09/29 v1.1c Standard LaTeX ifthen package (DPC)
)
(/usr/local/texlive/2018/texmf-dist/tex/latex/graphics/keyval.sty
Package: keyval 2014/10/28 v1.15 key=value parser (DPC)
\KV@toks@=\toks25
)
\c@ALC@unique=\count109
\c@ALC@line=\count110
\c@ALC@rem=\count111
\c@ALC@depth=\count112
\ALC@tlm=\skip61
\algorithmicindent=\skip62
)
(/usr/local/texlive/2018/texmf-dist/tex/latex/algorithms/algorithm.sty
Package: algorithm 2009/08/24 v0.1 Document Style `algorithm' - floating enviro
nment

(/usr/local/texlive/2018/texmf-dist/tex/latex/float/float.sty
Package: float 2001/11/08 v1.3d Float enhancements (AL)
\c@float@type=\count113
\float@exts=\toks26
\float@box=\box56
\@float@everytoks=\toks27
\@floatcapt=\box57
)
\@float@every@algorithm=\toks28
\c@algorithm=\count114
) (./natbib.sty
Package: natbib 2009/07/16 8.31 (PWD, AO)
\bibhang=\skip63
\bibsep=\skip64
LaTeX Info: Redefining \cite on input line 694.
\c@NAT@ctr=\count115
)
(/usr/local/texlive/2018/texmf-dist/tex/latex/caption/subcaption.sty
Package: subcaption 2016/05/22 v1.1-161 Sub-captions (AR)

(/usr/local/texlive/2018/texmf-dist/tex/latex/caption/caption.sty
Package: caption 2016/02/21 v3.3-144 Customizing captions (AR)

(/usr/local/texlive/2018/texmf-dist/tex/latex/caption/caption3.sty
Package: caption3 2016/05/22 v1.7-166 caption3 kernel (AR)
Package caption3 Info: TeX engine: e-TeX on input line 67.
\captionmargin=\dimen121
\captionmargin@=\dimen122
\captionwidth=\dimen123
\caption@tempdima=\dimen124
\caption@indent=\dimen125
\caption@parindent=\dimen126
\caption@hangindent=\dimen127
)
\c@ContinuedFloat=\count116
Package caption Info: float package is loaded.
)
\c@subfigure=\count117
\c@subtable=\count118
)
(/usr/local/texlive/2018/texmf-dist/tex/latex/wrapfig/wrapfig.sty
\wrapoverhang=\dimen128
\WF@size=\dimen129
\c@WF@wrappedlines=\count119
\WF@box=\box58
\WF@everypar=\toks29
Package: wrapfig 2003/01/31  v 3.6
)
(/usr/local/texlive/2018/texmf-dist/tex/latex/hyperref/hyperref.sty
Package: hyperref 2018/02/06 v6.86b Hypertext links for LaTeX

(/usr/local/texlive/2018/texmf-dist/tex/generic/oberdiek/hobsub-hyperref.sty
Package: hobsub-hyperref 2016/05/16 v1.14 Bundle oberdiek, subset hyperref (HO)


(/usr/local/texlive/2018/texmf-dist/tex/generic/oberdiek/hobsub-generic.sty
Package: hobsub-generic 2016/05/16 v1.14 Bundle oberdiek, subset generic (HO)
Package: hobsub 2016/05/16 v1.14 Construct package bundles (HO)
Package: infwarerr 2016/05/16 v1.4 Providing info/warning/error messages (HO)
Package: ltxcmds 2016/05/16 v1.23 LaTeX kernel commands for general use (HO)
Package: ifluatex 2016/05/16 v1.4 Provides the ifluatex switch (HO)
Package ifluatex Info: LuaTeX not detected.
Package: ifvtex 2016/05/16 v1.6 Detect VTeX and its facilities (HO)
Package ifvtex Info: VTeX not detected.
Package: intcalc 2016/05/16 v1.2 Expandable calculations with integers (HO)
Package: ifpdf 2017/03/15 v3.2 Provides the ifpdf switch
Package: etexcmds 2016/05/16 v1.6 Avoid name clashes with e-TeX commands (HO)
Package etexcmds Info: Could not find \expanded.
(etexcmds)             That can mean that you are not using pdfTeX 1.50 or
(etexcmds)             that some package has redefined \expanded.
(etexcmds)             In the latter case, load this package earlier.
Package: kvsetkeys 2016/05/16 v1.17 Key value parser (HO)
Package: kvdefinekeys 2016/05/16 v1.4 Define keys (HO)
Package: pdftexcmds 2018/01/30 v0.27 Utility functions of pdfTeX for LuaTeX (HO
)
Package pdftexcmds Info: LuaTeX not detected.
Package pdftexcmds Info: \pdf@primitive is available.
Package pdftexcmds Info: \pdf@ifprimitive is available.
Package pdftexcmds Info: \pdfdraftmode found.
Package: pdfescape 2016/05/16 v1.14 Implements pdfTeX's escape features (HO)
Package: bigintcalc 2016/05/16 v1.4 Expandable calculations on big integers (HO
)
Package: bitset 2016/05/16 v1.2 Handle bit-vector datatype (HO)
Package: uniquecounter 2016/05/16 v1.3 Provide unlimited unique counter (HO)
)
Package hobsub Info: Skipping package `hobsub' (already loaded).
Package: letltxmacro 2016/05/16 v1.5 Let assignment for LaTeX macros (HO)
Package: hopatch 2016/05/16 v1.3 Wrapper for package hooks (HO)
Package: xcolor-patch 2016/05/16 xcolor patch
Package: atveryend 2016/05/16 v1.9 Hooks at the very end of document (HO)
Package atveryend Info: \enddocument detected (standard20110627).
Package: atbegshi 2016/06/09 v1.18 At begin shipout hook (HO)
Package: refcount 2016/05/16 v3.5 Data extraction from label references (HO)
Package: hycolor 2016/05/16 v1.8 Color options for hyperref/bookmark (HO)
)
(/usr/local/texlive/2018/texmf-dist/tex/generic/ifxetex/ifxetex.sty
Package: ifxetex 2010/09/12 v0.6 Provides ifxetex conditional
)
(/usr/local/texlive/2018/texmf-dist/tex/latex/oberdiek/auxhook.sty
Package: auxhook 2016/05/16 v1.4 Hooks for auxiliary files (HO)
)
(/usr/local/texlive/2018/texmf-dist/tex/latex/oberdiek/kvoptions.sty
Package: kvoptions 2016/05/16 v3.12 Key value format for package options (HO)
)
\@linkdim=\dimen130
\Hy@linkcounter=\count120
\Hy@pagecounter=\count121

(/usr/local/texlive/2018/texmf-dist/tex/latex/hyperref/pd1enc.def
File: pd1enc.def 2018/02/06 v6.86b Hyperref: PDFDocEncoding definition (HO)
Now handling font encoding PD1 ...
... no UTF-8 mapping file for font encoding PD1
)
\Hy@SavedSpaceFactor=\count122

(/usr/local/texlive/2018/texmf-dist/tex/latex/latexconfig/hyperref.cfg
File: hyperref.cfg 2002/06/06 v1.2 hyperref configuration of TeXLive
)
Package hyperref Info: Option `colorlinks' set `true' on input line 4383.
Package hyperref Info: Hyper figures OFF on input line 4509.
Package hyperref Info: Link nesting OFF on input line 4514.
Package hyperref Info: Hyper index ON on input line 4517.
Package hyperref Info: Plain pages OFF on input line 4524.
Package hyperref Info: Backreferencing OFF on input line 4529.
Package hyperref Info: Implicit mode ON; LaTeX internals redefined.
Package hyperref Info: Bookmarks ON on input line 4762.
\c@Hy@tempcnt=\count123

(/usr/local/texlive/2018/texmf-dist/tex/latex/url/url.sty
\Urlmuskip=\muskip11
Package: url 2013/09/16  ver 3.4  Verb mode for urls, etc.
)
LaTeX Info: Redefining \url on input line 5115.
\XeTeXLinkMargin=\dimen131
\Fld@menulength=\count124
\Field@Width=\dimen132
\Fld@charsize=\dimen133
Package hyperref Info: Hyper figures OFF on input line 6369.
Package hyperref Info: Link nesting OFF on input line 6374.
Package hyperref Info: Hyper index ON on input line 6377.
Package hyperref Info: backreferencing OFF on input line 6384.
Package hyperref Info: Link coloring ON on input line 6387.
Package hyperref Info: Link coloring with OCG OFF on input line 6394.
Package hyperref Info: PDF/A mode OFF on input line 6399.
LaTeX Info: Redefining \ref on input line 6439.
LaTeX Info: Redefining \pageref on input line 6443.
\Hy@abspage=\count125
\c@Item=\count126
\c@Hfootnote=\count127
)
Package hyperref Info: Driver (autodetected): hpdftex.

(/usr/local/texlive/2018/texmf-dist/tex/latex/hyperref/hpdftex.def
File: hpdftex.def 2018/02/06 v6.86b Hyperref driver for pdfTeX
\Fld@listcount=\count128
\c@bookmark@seq@number=\count129

(/usr/local/texlive/2018/texmf-dist/tex/latex/oberdiek/rerunfilecheck.sty
Package: rerunfilecheck 2016/05/16 v1.8 Rerun checks for auxiliary files (HO)
Package uniquecounter Info: New unique counter `rerunfilecheck' on input line 2
82.
)
\Hy@SectionHShift=\skip65
)
(/usr/local/texlive/2018/texmf-dist/tex/latex/graphics/graphicx.sty
Package: graphicx 2017/06/01 v1.1a Enhanced LaTeX Graphics (DPC,SPQR)

(/usr/local/texlive/2018/texmf-dist/tex/latex/graphics/graphics.sty
Package: graphics 2017/06/25 v1.2c Standard LaTeX Graphics (DPC,SPQR)

(/usr/local/texlive/2018/texmf-dist/tex/latex/graphics/trig.sty
Package: trig 2016/01/03 v1.10 sin cos tan (DPC)
)
(/usr/local/texlive/2018/texmf-dist/tex/latex/graphics-cfg/graphics.cfg
File: graphics.cfg 2016/06/04 v1.11 sample graphics configuration
)
Package graphics Info: Driver file: pdftex.def on input line 99.

(/usr/local/texlive/2018/texmf-dist/tex/latex/graphics-def/pdftex.def
File: pdftex.def 2018/01/08 v1.0l Graphics/color driver for pdftex
))
\Gin@req@height=\dimen134
\Gin@req@width=\dimen135
)
(/usr/local/texlive/2018/texmf-dist/tex/latex/base/fontenc.sty
Package: fontenc 2017/04/05 v2.0i Standard LaTeX package

(/usr/local/texlive/2018/texmf-dist/tex/latex/base/t1enc.def
File: t1enc.def 2017/04/05 v2.0i Standard LaTeX file
LaTeX Font Info:    Redeclaring font encoding T1 on input line 48.
))
(/usr/local/texlive/2018/texmf-dist/tex/latex/base/inputenc.sty
Package: inputenc 2018/04/06 v1.3b Input encoding file
\inpenc@prehook=\toks30
\inpenc@posthook=\toks31
)
(/usr/local/texlive/2018/texmf-dist/tex/latex/base/fontenc.sty
Package: fontenc 2017/04/05 v2.0i Standard LaTeX package

(/usr/local/texlive/2018/texmf-dist/tex/latex/base/t1enc.def
File: t1enc.def 2017/04/05 v2.0i Standard LaTeX file
LaTeX Font Info:    Redeclaring font encoding T1 on input line 48.
))
(/usr/local/texlive/2018/texmf-dist/tex/latex/booktabs/booktabs.sty
Package: booktabs 2016/04/27 v1.618033 publication quality tables
\heavyrulewidth=\dimen136
\lightrulewidth=\dimen137
\cmidrulewidth=\dimen138
\belowrulesep=\dimen139
\belowbottomsep=\dimen140
\aboverulesep=\dimen141
\abovetopsep=\dimen142
\cmidrulesep=\dimen143
\cmidrulekern=\dimen144
\defaultaddspace=\dimen145
\@cmidla=\count130
\@cmidlb=\count131
\@aboverulesep=\dimen146
\@belowrulesep=\dimen147
\@thisruleclass=\count132
\@lastruleclass=\count133
\@thisrulewidth=\dimen148
)
(/usr/local/texlive/2018/texmf-dist/tex/latex/units/nicefrac.sty
Package: nicefrac 1998/08/04 v0.9b Nice fractions
\L@UnitsRaiseDisplaystyle=\skip66
\L@UnitsRaiseTextstyle=\skip67
\L@UnitsRaiseScriptstyle=\skip68
)
(/usr/local/texlive/2018/texmf-dist/tex/latex/microtype/microtype.sty
Package: microtype 2018/01/14 v2.7a Micro-typographical refinements (RS)
\MT@toks=\toks32
\MT@count=\count134
LaTeX Info: Redefining \textls on input line 793.
\MT@outer@kern=\dimen149
LaTeX Info: Redefining \textmicrotypecontext on input line 1339.
\MT@listname@count=\count135

(/usr/local/texlive/2018/texmf-dist/tex/latex/microtype/microtype-pdftex.def
File: microtype-pdftex.def 2018/01/14 v2.7a Definitions specific to pdftex (RS)

LaTeX Info: Redefining \lsstyle on input line 913.
LaTeX Info: Redefining \lslig on input line 913.
\MT@outer@space=\skip69
)
Package microtype Info: Loading configuration file microtype.cfg.

(/usr/local/texlive/2018/texmf-dist/tex/latex/microtype/microtype.cfg
File: microtype.cfg 2018/01/14 v2.7a microtype main configuration file (RS)
))
(/usr/local/texlive/2018/texmf-dist/tex/latex/multirow/multirow.sty
Package: multirow 2016/11/25 v2.2 Span multiple rows of a table
\multirow@colwidth=\skip70
\multirow@cntb=\count136
\multirow@dima=\skip71
\bigstrutjot=\dimen150
)
(/usr/local/texlive/2018/texmf-dist/tex/latex/graphics/color.sty
Package: color 2016/07/10 v1.1e Standard LaTeX Color (DPC)

(/usr/local/texlive/2018/texmf-dist/tex/latex/graphics-cfg/color.cfg
File: color.cfg 2016/01/02 v1.6 sample color configuration
)
Package color Info: Driver file: pdftex.def on input line 147.
)
(/usr/local/texlive/2018/texmf-dist/tex/latex/bbm-macros/bbm.sty
Package: bbm 1999/03/15 V 1.2 provides fonts for set symbols - TH
LaTeX Font Info:    Overwriting math alphabet `\mathbbm' in version `bold'
(Font)                  U/bbm/m/n --> U/bbm/bx/n on input line 33.
LaTeX Font Info:    Overwriting math alphabet `\mathbbmss' in version `bold'
(Font)                  U/bbmss/m/n --> U/bbmss/bx/n on input line 35.
)
(/usr/local/texlive/2018/texmf-dist/tex/latex/xcolor/xcolor.sty
Package: xcolor 2016/05/11 v2.12 LaTeX color extensions (UK)

(/usr/local/texlive/2018/texmf-dist/tex/latex/graphics-cfg/color.cfg
File: color.cfg 2016/01/02 v1.6 sample color configuration
)
Package xcolor Info: Driver file: pdftex.def on input line 225.
LaTeX Info: Redefining \color on input line 709.
Package xcolor Info: Model `cmy' substituted by `cmy0' on input line 1348.
Package xcolor Info: Model `hsb' substituted by `rgb' on input line 1352.
Package xcolor Info: Model `RGB' extended on input line 1364.
Package xcolor Info: Model `HTML' substituted by `rgb' on input line 1366.
Package xcolor Info: Model `Hsb' substituted by `hsb' on input line 1367.
Package xcolor Info: Model `tHsb' substituted by `hsb' on input line 1368.
Package xcolor Info: Model `HSB' substituted by `hsb' on input line 1369.
Package xcolor Info: Model `Gray' substituted by `gray' on input line 1370.
Package xcolor Info: Model `wave' substituted by `hsb' on input line 1371.
)
(/usr/local/texlive/2018/texmf-dist/tex/latex/pdfpages/pdfpages.sty
Package: pdfpages 2017/10/31 v0.5l Insert pages of external PDF documents (AM)

(/usr/local/texlive/2018/texmf-dist/tex/latex/tools/calc.sty
Package: calc 2017/05/25 v4.3 Infix arithmetic (KKT,FJ)
\calc@Acount=\count137
\calc@Bcount=\count138
\calc@Adimen=\dimen151
\calc@Bdimen=\dimen152
\calc@Askip=\skip72
\calc@Bskip=\skip73
LaTeX Info: Redefining \setlength on input line 80.
LaTeX Info: Redefining \addtolength on input line 81.
\calc@Ccount=\count139
\calc@Cskip=\skip74
)
(/usr/local/texlive/2018/texmf-dist/tex/latex/eso-pic/eso-pic.sty
Package: eso-pic 2015/07/21 v2.0g eso-pic (RN)
)
\AM@pagewidth=\dimen153
\AM@pageheight=\dimen154

(/usr/local/texlive/2018/texmf-dist/tex/latex/pdfpages/pppdftex.def
File: pppdftex.def 2017/10/31 v0.5l Pdfpages driver for pdfTeX (AM)
)
\AM@pagebox=\box59
\AM@global@opts=\toks33
\AM@toc@title=\toks34
\c@AM@survey=\count140
\AM@templatesizebox=\box60
)
\c@assumptionA=\count141
\c@theorem=\count142
\c@lemma=\count143

(./preamble/packages.tex
(/usr/local/texlive/2018/texmf-dist/tex/latex/tools/enumerate.sty
Package: enumerate 2015/07/23 v3.00 enumerate extensions (DPC)
\@enLab=\toks35
)
(/usr/local/texlive/2018/texmf-dist/tex/latex/thmtools/thmtools.sty
Package: thmtools 2014/04/21 v66
\thmt@toks=\toks36
\c@thmt@dummyctr=\count144

(/usr/local/texlive/2018/texmf-dist/tex/latex/thmtools/thm-patch.sty
Package: thm-patch 2014/04/21 v66

(/usr/local/texlive/2018/texmf-dist/tex/latex/thmtools/parseargs.sty
Package: parseargs 2014/04/21 v66
\@parsespec=\toks37
))
(/usr/local/texlive/2018/texmf-dist/tex/latex/thmtools/thm-kv.sty
Package: thm-kv 2014/04/21 v66
Package thm-kv Info: Theorem names will be uppercased on input line 40.
Package thm-kv Info: kvsetkeys patch (v1.16 or later) on input line 156.
)
(/usr/local/texlive/2018/texmf-dist/tex/latex/thmtools/thm-autoref.sty
Package: thm-autoref 2014/04/21 v66

(/usr/local/texlive/2018/texmf-dist/tex/latex/thmtools/aliasctr.sty
Package: aliasctr 2014/04/21 v66

(/usr/local/texlive/2018/texmf-dist/tex/latex/carlisle/remreset.sty)))
(/usr/local/texlive/2018/texmf-dist/tex/latex/thmtools/thm-listof.sty
Package: thm-listof 2014/04/21 v66
)
(/usr/local/texlive/2018/texmf-dist/tex/latex/thmtools/thm-restate.sty
Package: thm-restate 2014/04/21 v66
)
(/usr/local/texlive/2018/texmf-dist/tex/latex/thmtools/thm-amsthm.sty
Package: thm-amsthm 2014/04/21 v66
\thmt@style@headstyle=\toks38
))
(/usr/local/texlive/2018/texmf-dist/tex/latex/mathtools/mathtools.sty
Package: mathtools 2018/01/08 v1.21 mathematical typesetting tools

(/usr/local/texlive/2018/texmf-dist/tex/latex/mathtools/mhsetup.sty
Package: mhsetup 2017/03/31 v1.3 programming setup (MH)
)
LaTeX Info: Thecontrolsequence`\('isalreadyrobust on input line 129.
LaTeX Info: Thecontrolsequence`\)'isalreadyrobust on input line 129.
LaTeX Info: Thecontrolsequence`\['isalreadyrobust on input line 129.
LaTeX Info: Thecontrolsequence`\]'isalreadyrobust on input line 129.
\g_MT_multlinerow_int=\count145
\l_MT_multwidth_dim=\dimen155
\origjot=\skip75
\l_MT_shortvdotswithinadjustabove_dim=\dimen156
\l_MT_shortvdotswithinadjustbelow_dim=\dimen157
\l_MT_above_intertext_sep=\dimen158
\l_MT_below_intertext_sep=\dimen159
\l_MT_above_shortintertext_sep=\dimen160
\l_MT_below_shortintertext_sep=\dimen161
)
(/usr/local/texlive/2018/texmf-dist/tex/latex/enumitem/enumitem.sty
Package: enumitem 2011/09/28 v3.5.2 Customized lists
\labelindent=\skip76
\enit@outerparindent=\dimen162
\enit@toks=\toks39
\enit@inbox=\box61
\enitdp@description=\count146
)
(/usr/local/texlive/2018/texmf-dist/tex/latex/tcolorbox/tcolorbox.sty
Package: tcolorbox 2018/03/22 version 4.13 text color boxes

(/usr/local/texlive/2018/texmf-dist/tex/latex/pgf/basiclayer/pgf.sty
(/usr/local/texlive/2018/texmf-dist/tex/latex/pgf/utilities/pgfrcs.sty
(/usr/local/texlive/2018/texmf-dist/tex/generic/pgf/utilities/pgfutil-common.te
x
\pgfutil@everybye=\toks40
\pgfutil@tempdima=\dimen163
\pgfutil@tempdimb=\dimen164

(/usr/local/texlive/2018/texmf-dist/tex/generic/pgf/utilities/pgfutil-common-li
sts.tex))
(/usr/local/texlive/2018/texmf-dist/tex/generic/pgf/utilities/pgfutil-latex.def
\pgfutil@abb=\box62
(/usr/local/texlive/2018/texmf-dist/tex/latex/ms/everyshi.sty
Package: everyshi 2001/05/15 v3.00 EveryShipout Package (MS)
))
(/usr/local/texlive/2018/texmf-dist/tex/generic/pgf/utilities/pgfrcs.code.tex
Package: pgfrcs 2015/08/07 v3.0.1a (rcs-revision 1.31)
))
Package: pgf 2015/08/07 v3.0.1a (rcs-revision 1.15)
(/usr/local/texlive/2018/texmf-dist/tex/latex/pgf/basiclayer/pgfcore.sty
(/usr/local/texlive/2018/texmf-dist/tex/latex/pgf/systemlayer/pgfsys.sty
(/usr/local/texlive/2018/texmf-dist/tex/generic/pgf/systemlayer/pgfsys.code.tex
Package: pgfsys 2014/07/09 v3.0.1a (rcs-revision 1.48)
(/usr/local/texlive/2018/texmf-dist/tex/generic/pgf/utilities/pgfkeys.code.tex
\pgfkeys@pathtoks=\toks41
\pgfkeys@temptoks=\toks42

(/usr/local/texlive/2018/texmf-dist/tex/generic/pgf/utilities/pgfkeysfiltered.c
ode.tex
\pgfkeys@tmptoks=\toks43
))
\pgf@x=\dimen165
\pgf@y=\dimen166
\pgf@xa=\dimen167
\pgf@ya=\dimen168
\pgf@xb=\dimen169
\pgf@yb=\dimen170
\pgf@xc=\dimen171
\pgf@yc=\dimen172
\w@pgf@writea=\write3
\r@pgf@reada=\read1
\c@pgf@counta=\count147
\c@pgf@countb=\count148
\c@pgf@countc=\count149
\c@pgf@countd=\count150
\t@pgf@toka=\toks44
\t@pgf@tokb=\toks45
\t@pgf@tokc=\toks46

(/usr/local/texlive/2018/texmf-dist/tex/generic/pgf/systemlayer/pgf.cfg
File: pgf.cfg 2008/05/14  (rcs-revision 1.7)
)
Driver file for pgf: pgfsys-pdftex.def

(/usr/local/texlive/2018/texmf-dist/tex/generic/pgf/systemlayer/pgfsys-pdftex.d
ef
File: pgfsys-pdftex.def 2014/10/11  (rcs-revision 1.35)

(/usr/local/texlive/2018/texmf-dist/tex/generic/pgf/systemlayer/pgfsys-common-p
df.def
File: pgfsys-common-pdf.def 2013/10/10  (rcs-revision 1.13)
)))
(/usr/local/texlive/2018/texmf-dist/tex/generic/pgf/systemlayer/pgfsyssoftpath.
code.tex
File: pgfsyssoftpath.code.tex 2013/09/09  (rcs-revision 1.9)
\pgfsyssoftpath@smallbuffer@items=\count151
\pgfsyssoftpath@bigbuffer@items=\count152
)
(/usr/local/texlive/2018/texmf-dist/tex/generic/pgf/systemlayer/pgfsysprotocol.
code.tex
File: pgfsysprotocol.code.tex 2006/10/16  (rcs-revision 1.4)
))
(/usr/local/texlive/2018/texmf-dist/tex/generic/pgf/basiclayer/pgfcore.code.tex
Package: pgfcore 2010/04/11 v3.0.1a (rcs-revision 1.7)
(/usr/local/texlive/2018/texmf-dist/tex/generic/pgf/math/pgfmath.code.tex
(/usr/local/texlive/2018/texmf-dist/tex/generic/pgf/math/pgfmathcalc.code.tex
(/usr/local/texlive/2018/texmf-dist/tex/generic/pgf/math/pgfmathutil.code.tex)
(/usr/local/texlive/2018/texmf-dist/tex/generic/pgf/math/pgfmathparser.code.tex
\pgfmath@dimen=\dimen173
\pgfmath@count=\count153
\pgfmath@box=\box63
\pgfmath@toks=\toks47
\pgfmath@stack@operand=\toks48
\pgfmath@stack@operation=\toks49
)
(/usr/local/texlive/2018/texmf-dist/tex/generic/pgf/math/pgfmathfunctions.code.
tex
(/usr/local/texlive/2018/texmf-dist/tex/generic/pgf/math/pgfmathfunctions.basic
.code.tex)
(/usr/local/texlive/2018/texmf-dist/tex/generic/pgf/math/pgfmathfunctions.trigo
nometric.code.tex)
(/usr/local/texlive/2018/texmf-dist/tex/generic/pgf/math/pgfmathfunctions.rando
m.code.tex)
(/usr/local/texlive/2018/texmf-dist/tex/generic/pgf/math/pgfmathfunctions.compa
rison.code.tex)
(/usr/local/texlive/2018/texmf-dist/tex/generic/pgf/math/pgfmathfunctions.base.
code.tex)
(/usr/local/texlive/2018/texmf-dist/tex/generic/pgf/math/pgfmathfunctions.round
.code.tex)
(/usr/local/texlive/2018/texmf-dist/tex/generic/pgf/math/pgfmathfunctions.misc.
code.tex)
(/usr/local/texlive/2018/texmf-dist/tex/generic/pgf/math/pgfmathfunctions.integ
erarithmetics.code.tex)))
(/usr/local/texlive/2018/texmf-dist/tex/generic/pgf/math/pgfmathfloat.code.tex
\c@pgfmathroundto@lastzeros=\count154
))
(/usr/local/texlive/2018/texmf-dist/tex/generic/pgf/basiclayer/pgfcorepoints.co
de.tex
File: pgfcorepoints.code.tex 2013/10/07  (rcs-revision 1.27)
\pgf@picminx=\dimen174
\pgf@picmaxx=\dimen175
\pgf@picminy=\dimen176
\pgf@picmaxy=\dimen177
\pgf@pathminx=\dimen178
\pgf@pathmaxx=\dimen179
\pgf@pathminy=\dimen180
\pgf@pathmaxy=\dimen181
\pgf@xx=\dimen182
\pgf@xy=\dimen183
\pgf@yx=\dimen184
\pgf@yy=\dimen185
\pgf@zx=\dimen186
\pgf@zy=\dimen187
)
(/usr/local/texlive/2018/texmf-dist/tex/generic/pgf/basiclayer/pgfcorepathconst
ruct.code.tex
File: pgfcorepathconstruct.code.tex 2013/10/07  (rcs-revision 1.29)
\pgf@path@lastx=\dimen188
\pgf@path@lasty=\dimen189
)
(/usr/local/texlive/2018/texmf-dist/tex/generic/pgf/basiclayer/pgfcorepathusage
.code.tex
File: pgfcorepathusage.code.tex 2014/11/02  (rcs-revision 1.24)
\pgf@shorten@end@additional=\dimen190
\pgf@shorten@start@additional=\dimen191
)
(/usr/local/texlive/2018/texmf-dist/tex/generic/pgf/basiclayer/pgfcorescopes.co
de.tex
File: pgfcorescopes.code.tex 2015/05/08  (rcs-revision 1.46)
\pgfpic=\box64
\pgf@hbox=\box65
\pgf@layerbox@main=\box66
\pgf@picture@serial@count=\count155
)
(/usr/local/texlive/2018/texmf-dist/tex/generic/pgf/basiclayer/pgfcoregraphicst
ate.code.tex
File: pgfcoregraphicstate.code.tex 2014/11/02  (rcs-revision 1.12)
\pgflinewidth=\dimen192
)
(/usr/local/texlive/2018/texmf-dist/tex/generic/pgf/basiclayer/pgfcoretransform
ations.code.tex
File: pgfcoretransformations.code.tex 2015/08/07  (rcs-revision 1.20)
\pgf@pt@x=\dimen193
\pgf@pt@y=\dimen194
\pgf@pt@temp=\dimen195
)
(/usr/local/texlive/2018/texmf-dist/tex/generic/pgf/basiclayer/pgfcorequick.cod
e.tex
File: pgfcorequick.code.tex 2008/10/09  (rcs-revision 1.3)
)
(/usr/local/texlive/2018/texmf-dist/tex/generic/pgf/basiclayer/pgfcoreobjects.c
ode.tex
File: pgfcoreobjects.code.tex 2006/10/11  (rcs-revision 1.2)
)
(/usr/local/texlive/2018/texmf-dist/tex/generic/pgf/basiclayer/pgfcorepathproce
ssing.code.tex
File: pgfcorepathprocessing.code.tex 2013/09/09  (rcs-revision 1.9)
)
(/usr/local/texlive/2018/texmf-dist/tex/generic/pgf/basiclayer/pgfcorearrows.co
de.tex
File: pgfcorearrows.code.tex 2015/05/14  (rcs-revision 1.43)
\pgfarrowsep=\dimen196
)
(/usr/local/texlive/2018/texmf-dist/tex/generic/pgf/basiclayer/pgfcoreshade.cod
e.tex
File: pgfcoreshade.code.tex 2013/07/15  (rcs-revision 1.15)
\pgf@max=\dimen197
\pgf@sys@shading@range@num=\count156
)
(/usr/local/texlive/2018/texmf-dist/tex/generic/pgf/basiclayer/pgfcoreimage.cod
e.tex
File: pgfcoreimage.code.tex 2013/07/15  (rcs-revision 1.18)

(/usr/local/texlive/2018/texmf-dist/tex/generic/pgf/basiclayer/pgfcoreexternal.
code.tex
File: pgfcoreexternal.code.tex 2014/07/09  (rcs-revision 1.21)
\pgfexternal@startupbox=\box67
))
(/usr/local/texlive/2018/texmf-dist/tex/generic/pgf/basiclayer/pgfcorelayers.co
de.tex
File: pgfcorelayers.code.tex 2013/07/18  (rcs-revision 1.7)
)
(/usr/local/texlive/2018/texmf-dist/tex/generic/pgf/basiclayer/pgfcoretranspare
ncy.code.tex
File: pgfcoretransparency.code.tex 2013/09/30  (rcs-revision 1.5)
)
(/usr/local/texlive/2018/texmf-dist/tex/generic/pgf/basiclayer/pgfcorepatterns.
code.tex
File: pgfcorepatterns.code.tex 2013/11/07  (rcs-revision 1.5)
)))
(/usr/local/texlive/2018/texmf-dist/tex/generic/pgf/modules/pgfmoduleshapes.cod
e.tex
File: pgfmoduleshapes.code.tex 2014/03/21  (rcs-revision 1.35)
\pgfnodeparttextbox=\box68
)
(/usr/local/texlive/2018/texmf-dist/tex/generic/pgf/modules/pgfmoduleplot.code.
tex
File: pgfmoduleplot.code.tex 2015/08/03  (rcs-revision 1.13)
)
(/usr/local/texlive/2018/texmf-dist/tex/latex/pgf/compatibility/pgfcomp-version
-0-65.sty
Package: pgfcomp-version-0-65 2007/07/03 v3.0.1a (rcs-revision 1.7)
\pgf@nodesepstart=\dimen198
\pgf@nodesepend=\dimen199
)
(/usr/local/texlive/2018/texmf-dist/tex/latex/pgf/compatibility/pgfcomp-version
-1-18.sty
Package: pgfcomp-version-1-18 2007/07/23 v3.0.1a (rcs-revision 1.1)
)) (/usr/local/texlive/2018/texmf-dist/tex/latex/tools/verbatim.sty
Package: verbatim 2014/10/28 v1.5q LaTeX2e package for verbatim enhancements
\every@verbatim=\toks50
\verbatim@line=\toks51
\verbatim@in@stream=\read2
)
(/usr/local/texlive/2018/texmf-dist/tex/latex/environ/environ.sty
Package: environ 2014/05/04 v0.3 A new way to define environments

(/usr/local/texlive/2018/texmf-dist/tex/latex/trimspaces/trimspaces.sty
Package: trimspaces 2009/09/17 v1.1 Trim spaces around a token list
))
(/usr/local/texlive/2018/texmf-dist/tex/latex/etoolbox/etoolbox.sty
Package: etoolbox 2018/02/11 v2.5e e-TeX tools for LaTeX (JAW)
\etb@tempcnta=\count157
)
\tcb@titlebox=\box69
\tcb@upperbox=\box70
\tcb@lowerbox=\box71
\tcb@phantombox=\box72
\c@tcbbreakpart=\count158
\c@tcblayer=\count159
\tcolorbox@number=\count160
\tcb@temp=\box73
\tcb@temp=\box74
\tcb@temp=\box75
\tcb@temp=\box76
\tcb@out=\write4
\tcb@record@out=\write5
)
\c@assumption=\count161
\c@corollary=\count162

(/usr/local/texlive/2018/texmf-dist/tex/latex/chngcntr/chngcntr.sty
Package: chngcntr 2009/09/02 v1.0a change counter resetting
)
(/usr/local/texlive/2018/texmf-dist/tex/latex/apptools/apptools.sty
Package: apptools 2012/11/28 v1.0 Tools for customizing appendices
))
(./preamble/macros.tex)
\c@prop=\count163
 (./main_aistats.aux)
\openout1 = `main_aistats.aux'.

LaTeX Font Info:    Checking defaults for OML/cmm/m/it on input line 103.
LaTeX Font Info:    ... okay on input line 103.
LaTeX Font Info:    Checking defaults for T1/cmr/m/n on input line 103.
LaTeX Font Info:    ... okay on input line 103.
LaTeX Font Info:    Checking defaults for OT1/cmr/m/n on input line 103.
LaTeX Font Info:    ... okay on input line 103.
LaTeX Font Info:    Checking defaults for OMS/cmsy/m/n on input line 103.
LaTeX Font Info:    ... okay on input line 103.
LaTeX Font Info:    Checking defaults for OMX/cmex/m/n on input line 103.
LaTeX Font Info:    ... okay on input line 103.
LaTeX Font Info:    Checking defaults for U/cmr/m/n on input line 103.
LaTeX Font Info:    ... okay on input line 103.
LaTeX Font Info:    Checking defaults for PD1/pdf/m/n on input line 103.
LaTeX Font Info:    ... okay on input line 103.
Package caption Info: Begin \AtBeginDocument code.
Package caption Info: hyperref package is loaded.
Package caption Info: wrapfig package is loaded.
Package caption Info: End \AtBeginDocument code.
\AtBeginShipoutBox=\box77
Package hyperref Info: Link coloring ON on input line 103.

(/usr/local/texlive/2018/texmf-dist/tex/latex/hyperref/nameref.sty
Package: nameref 2016/05/21 v2.44 Cross-referencing by name of section

(/usr/local/texlive/2018/texmf-dist/tex/generic/oberdiek/gettitlestring.sty
Package: gettitlestring 2016/05/16 v1.5 Cleanup title references (HO)
)
\c@section@level=\count164
)
LaTeX Info: Redefining \ref on input line 103.
LaTeX Info: Redefining \pageref on input line 103.
LaTeX Info: Redefining \nameref on input line 103.

(./main_aistats.out) (./main_aistats.out)
\@outlinefile=\write6
\openout6 = `main_aistats.out'.


(/usr/local/texlive/2018/texmf-dist/tex/context/base/mkii/supp-pdf.mkii
[Loading MPS to PDF converter (version 2006.09.02).]
\scratchcounter=\count165
\scratchdimen=\dimen256
\scratchbox=\box78
\nofMPsegments=\count166
\nofMParguments=\count167
\everyMPshowfont=\toks52
\MPscratchCnt=\count168
\MPscratchDim=\dimen257
\MPnumerator=\count169
\makeMPintoPDFobject=\count170
\everyMPtoPDFconversion=\toks53
) (/usr/local/texlive/2018/texmf-dist/tex/latex/oberdiek/epstopdf-base.sty
Package: epstopdf-base 2016/05/15 v2.6 Base part for package epstopdf

(/usr/local/texlive/2018/texmf-dist/tex/latex/oberdiek/grfext.sty
Package: grfext 2016/05/16 v1.2 Manage graphics extensions (HO)
)
Package epstopdf-base Info: Redefining graphics rule for `.eps' on input line 4
38.
Package grfext Info: Graphics extension search list:
(grfext)             [.pdf,.png,.jpg,.mps,.jpeg,.jbig2,.jb2,.PDF,.PNG,.JPG,.JPE
G,.JBIG2,.JB2,.eps]
(grfext)             \AppendGraphicsExtensions on input line 456.

(/usr/local/texlive/2018/texmf-dist/tex/latex/latexconfig/epstopdf-sys.cfg
File: epstopdf-sys.cfg 2010/07/13 v1.3 Configuration of (r)epstopdf for TeX Liv
e
))
LaTeX Info: Redefining \microtypecontext on input line 103.
Package microtype Info: Generating PDF output.
Package microtype Info: Character protrusion enabled (level 2).
Package microtype Info: Using default protrusion set `alltext'.
Package microtype Info: Automatic font expansion enabled (level 2),
(microtype)             stretch: 20, shrink: 20, step: 1, non-selected.
Package microtype Info: Using default expansion set `basictext'.
Package microtype Info: No adjustment of tracking.
Package microtype Info: No adjustment of interword spacing.
Package microtype Info: No adjustment of character kerning.

(/usr/local/texlive/2018/texmf-dist/tex/latex/microtype/mt-cmr.cfg
File: mt-cmr.cfg 2013/05/19 v2.2 microtype config. file: Computer Modern Roman 
(RS)
)
(/usr/local/texlive/2018/texmf-dist/tex/latex/oberdiek/pdflscape.sty
Package: pdflscape 2016/05/14 v0.11 Display of landscape pages in PDF (HO)

(/usr/local/texlive/2018/texmf-dist/tex/latex/graphics/lscape.sty
Package: lscape 2000/10/22 v3.01 Landscape Pages (DPC)
)
Package pdflscape Info: Auto-detected driver: pdftex on input line 81.
)
ABD: EveryShipout initializing macros
LaTeX Font Info:    Try loading font information for U+msa on input line 112.

(/usr/local/texlive/2018/texmf-dist/tex/latex/amsfonts/umsa.fd
File: umsa.fd 2013/01/14 v3.01 AMS symbols A
)
(/usr/local/texlive/2018/texmf-dist/tex/latex/microtype/mt-msa.cfg
File: mt-msa.cfg 2006/02/04 v1.1 microtype config. file: AMS symbols (a) (RS)
)
LaTeX Font Info:    Try loading font information for U+msb on input line 112.

(/usr/local/texlive/2018/texmf-dist/tex/latex/amsfonts/umsb.fd
File: umsb.fd 2013/01/14 v3.01 AMS symbols B
)
(/usr/local/texlive/2018/texmf-dist/tex/latex/microtype/mt-msb.cfg
File: mt-msb.cfg 2005/06/01 v1.0 microtype config. file: AMS symbols (b) (RS)
)
Overfull \hbox (5.1225pt too wide) in paragraph at lines 143--143
 [] 
 []

LaTeX Font Info:    Try loading font information for OMS+cmr on input line 178.

(/usr/local/texlive/2018/texmf-dist/tex/latex/base/omscmr.fd
File: omscmr.fd 2014/09/29 v2.5h Standard LaTeX font definitions
)
LaTeX Font Info:    Font shape `OMS/cmr/m/n' in size <10> not available
(Font)              Font shape `OMS/cmsy/m/n' tried instead on input line 178.

Underfull \vbox (badness 10000) has occurred while \output is active []

 [1{/usr/local/texlive/2018/texmf-var/fonts/map/pdftex/updmap/pdftex.map}



]
Underfull \vbox (badness 10000) has occurred while \output is active []

 [2]
Package hyperref Info: bookmark level for unknown algorithm defaults to 0 on in
put line 267.

Underfull \vbox (badness 1014) has occurred while \output is active []

LaTeX Font Info:    Try loading font information for U+bbm on input line 300.

(/usr/local/texlive/2018/texmf-dist/tex/latex/bbm-macros/ubbm.fd
File: ubbm.fd 1999/03/15 V 1.2 Font definition for bbm font - TH
) [3]
Underfull \hbox (badness 3668) in paragraph at lines 356--356
[]\T1/cmr/bx/n/10 Algorithm 2 \T1/cmr/m/n/10 (+20) De-cen-tral-ized Adap-tive G
ra-di-ent
 []

[4]
Underfull \hbox (badness 1509) in paragraph at lines 393--398
\T1/cmr/m/it/10 (+20) a ma-trix (i.e $\OMS/cmsy/m/n/10 k\OML/cmm/m/it/10 A\OMS/
cmsy/m/n/10 k[] \OT1/cmr/m/n/10 (+20) = [][] []$\T1/cmr/m/it/10 (+20) ). The co
n-
 []


Underfull \hbox (badness 1117) in paragraph at lines 393--398
\OT1/cmr/m/n/10 (+20) 1\OML/cmm/m/it/10 =\OT1/cmr/m/n/10 (+20) (1 \OMS/cmsy/m/n
/10 ^^@ \OML/cmm/m/it/10 ^^U\OT1/cmr/m/n/10 (+20) )[])\OML/cmm/m/it/10 LG[]=^^O
[]$\T1/cmr/m/it/10 (+20) , $\OML/cmm/m/it/10 C[] \OT1/cmr/m/n/10 (+20) = 16\OML
/cmm/m/it/10 L[]\OT1/cmr/m/n/10 (+20) (1 \OMS/cmsy/m/n/10 ^^@ \OML/cmm/m/it/10 
^^U\OT1/cmr/m/n/10 (+20) )\OML/cmm/m/it/10 G[]=^^O[]$\T1/cmr/m/it/10 (+20) ,
 []


Underfull \hbox (badness 1308) in paragraph at lines 393--398
\OT1/cmr/m/n/10 (+20) 2\OML/cmm/m/it/10 =\OT1/cmr/m/n/10 (+20) (\OML/cmm/m/it/1
0 ^^O[]\OT1/cmr/m/n/10 (+20) (1 \OMS/cmsy/m/n/10 ^^@ \OML/cmm/m/it/10 ^^U\OT1/c
mr/m/n/10 (+20) ))\OML/cmm/m/it/10 L\OT1/cmr/m/n/10 (+20) (\OML/cmm/m/it/10 ^^U
 \OT1/cmr/m/n/10 (+20) + \OML/cmm/m/it/10 ^^L[]=\OT1/cmr/m/n/10 (+20) (1 \OMS/c
msy/m/n/10 ^^@ \OML/cmm/m/it/10 ^^L[]\OT1/cmr/m/n/10 (+20) ))\OML/cmm/m/it/10 G
[] \OT1/cmr/m/n/10 (+20) + 4\OML/cmm/m/it/10 =\OT1/cmr/m/n/10 (+20) (\OML/cmm/m
/it/10 ^^O[]\OT1/cmr/m/n/10 (+20) (1 \OMS/cmsy/m/n/10 ^^@
 []

Package hyperref Info: bookmark level for unknown corollary defaults to 0 on in
put line 402.

Underfull \vbox (badness 1960) has occurred while \output is active []

 [5]
Underfull \hbox (badness 2717) in paragraph at lines 557--565
\T1/cmr/m/n/10 (+20) im-por-tant term that needs up-per bound-ing in
 []

[6]
Underfull \hbox (badness 2253) in paragraph at lines 567--586
[]\T1/cmr/bx/n/10 Proof of The-o-rem [][]3[][]: \T1/cmr/m/n/10 (+20) Re-call th
e bound in
 []


Underfull \hbox (badness 1281) in paragraph at lines 567--586
\T1/cmr/m/n/10 (+20) cial case of Al-go-rithm [][]2[][], the re-main-ing of the

 []


Underfull \hbox (badness 1466) in paragraph at lines 567--586
\T1/cmr/m/n/10 (+20) proof con-sists of char-ac-ter-iz-ing the growth rate
 []


Underfull \hbox (badness 1107) in paragraph at lines 567--586
[]$ \T1/cmr/m/n/10 (+20) is non de-creas-ing, so that $\U/msb/m/n/10 E\OT1/cmr/
m/n/10 (+20) [[][] \OMS/cmsy/m/n/10 k\OT1/cmr/m/n/10 (+20) (\OMS/cmsy/m/n/10 ^^
@[] \OT1/cmr/m/n/10 (+20) +
 []


Underfull \hbox (badness 1117) in paragraph at lines 567--586
\T1/cmr/m/n/10 (+20) can also prove $\OMS/cmsy/m/n/10 j\OT1/cmr/m/n/10 (+20) [\
OML/cmm/m/it/10 v[]\OT1/cmr/m/n/10 (+20) ][]\OMS/cmsy/m/n/10 j ^^T \OML/cmm/m/i
t/10 G[]$ \T1/cmr/m/n/10 (+20) us-ing $\OMS/cmsy/m/n/10 k\OML/cmm/m/it/10 g[]\O
MS/cmsy/m/n/10 k[] ^^T
 []

[7]
Package epstopdf Info: Source file: <train_loss_updated.eps>
(epstopdf)                    date: 2021-06-29 10:24:50
(epstopdf)                    size: 21093 bytes
(epstopdf)             Output file: <train_loss_updated-eps-converted-to.pdf>
(epstopdf)                    date: 2021-06-29 10:24:50
(epstopdf)                    size: 8091 bytes
(epstopdf)             Command: <repstopdf --outfile=train_loss_updated-eps-con
verted-to.pdf train_loss_updated.eps>
(epstopdf)             \includegraphics on input line 673.
Package epstopdf Info: Output file is already uptodate.
<train_loss_updated-eps-converted-to.pdf, id=398, 289.08pt x 216.81pt>
File: train_loss_updated-eps-converted-to.pdf Graphic file (type pdf)
<use train_loss_updated-eps-converted-to.pdf>
Package pdftex.def Info: train_loss_updated-eps-converted-to.pdf  used on input
 line 673.
(pdftex.def)             Requested size: 121.95561pt x 91.46649pt.
Package epstopdf Info: Source file: <test_acc_updated.eps>
(epstopdf)                    date: 2021-06-29 10:24:50
(epstopdf)                    size: 19434 bytes
(epstopdf)             Output file: <test_acc_updated-eps-converted-to.pdf>
(epstopdf)                    date: 2021-06-29 10:24:50
(epstopdf)                    size: 8042 bytes
(epstopdf)             Command: <repstopdf --outfile=test_acc_updated-eps-conve
rted-to.pdf test_acc_updated.eps>
(epstopdf)             \includegraphics on input line 673.
Package epstopdf Info: Output file is already uptodate.
<test_acc_updated-eps-converted-to.pdf, id=399, 289.08pt x 216.81pt>
File: test_acc_updated-eps-converted-to.pdf Graphic file (type pdf)
<use test_acc_updated-eps-converted-to.pdf>
Package pdftex.def Info: test_acc_updated-eps-converted-to.pdf  used on input l
ine 673.
(pdftex.def)             Requested size: 121.95561pt x 91.46649pt.
Package epstopdf Info: Source file: <ub_train_loss.eps>
(epstopdf)                    date: 2021-06-29 10:24:50
(epstopdf)                    size: 125211 bytes
(epstopdf)             Output file: <ub_train_loss-eps-converted-to.pdf>
(epstopdf)                    date: 2021-06-29 10:24:50
(epstopdf)                    size: 37090 bytes
(epstopdf)             Command: <repstopdf --outfile=ub_train_loss-eps-converte
d-to.pdf ub_train_loss.eps>
(epstopdf)             \includegraphics on input line 677.
Package epstopdf Info: Output file is already uptodate.
<ub_train_loss-eps-converted-to.pdf, id=400, 289.08pt x 216.81pt>
File: ub_train_loss-eps-converted-to.pdf Graphic file (type pdf)
<use ub_train_loss-eps-converted-to.pdf>
Package pdftex.def Info: ub_train_loss-eps-converted-to.pdf  used on input line
 677.
(pdftex.def)             Requested size: 121.95561pt x 91.46649pt.
Package epstopdf Info: Source file: <ub_test.eps>
(epstopdf)                    date: 2021-06-29 10:24:50
(epstopdf)                    size: 102621 bytes
(epstopdf)             Output file: <ub_test-eps-converted-to.pdf>
(epstopdf)                    date: 2021-06-29 10:24:50
(epstopdf)                    size: 30813 bytes
(epstopdf)             Command: <repstopdf --outfile=ub_test-eps-converted-to.p
df ub_test.eps>
(epstopdf)             \includegraphics on input line 677.
Package epstopdf Info: Output file is already uptodate.
<ub_test-eps-converted-to.pdf, id=401, 289.08pt x 216.81pt>
File: ub_test-eps-converted-to.pdf Graphic file (type pdf)
<use ub_test-eps-converted-to.pdf>
Package pdftex.def Info: ub_test-eps-converted-to.pdf  used on input line 677.
(pdftex.def)             Requested size: 121.95561pt x 91.46649pt.

Overfull \hbox (19.03128pt too wide) in paragraph at lines 673--678
 [] 
 []


Overfull \hbox (19.03128pt too wide) in paragraph at lines 673--678
 [] 
 []

Package epstopdf Info: Source file: <figures/sgd_train.eps>
(epstopdf)                    date: 2021-06-29 10:24:50
(epstopdf)                    size: 99000 bytes
(epstopdf)             Output file: <figures/sgd_train-eps-converted-to.pdf>
(epstopdf)                    date: 2021-06-29 10:24:50
(epstopdf)                    size: 23881 bytes
(epstopdf)             Command: <repstopdf --outfile=figures/sgd_train-eps-conv
erted-to.pdf figures/sgd_train.eps>
(epstopdf)             \includegraphics on input line 700.
Package epstopdf Info: Output file is already uptodate.
<figures/sgd_train-eps-converted-to.pdf, id=403, 421.575pt x 316.18124pt>
File: figures/sgd_train-eps-converted-to.pdf Graphic file (type pdf)
<use figures/sgd_train-eps-converted-to.pdf>
Package pdftex.def Info: figures/sgd_train-eps-converted-to.pdf  used on input 
line 700.
(pdftex.def)             Requested size: 121.95561pt x 91.46346pt.
Package epstopdf Info: Source file: <figures/sgd_test.eps>
(epstopdf)                    date: 2021-06-29 10:24:50
(epstopdf)                    size: 62118 bytes
(epstopdf)             Output file: <figures/sgd_test-eps-converted-to.pdf>
(epstopdf)                    date: 2021-06-29 10:24:50
(epstopdf)                    size: 15915 bytes
(epstopdf)             Command: <repstopdf --outfile=figures/sgd_test-eps-conve
rted-to.pdf figures/sgd_test.eps>
(epstopdf)             \includegraphics on input line 700.
Package epstopdf Info: Output file is already uptodate.
<figures/sgd_test-eps-converted-to.pdf, id=404, 421.575pt x 316.18124pt>
File: figures/sgd_test-eps-converted-to.pdf Graphic file (type pdf)
<use figures/sgd_test-eps-converted-to.pdf>
Package pdftex.def Info: figures/sgd_test-eps-converted-to.pdf  used on input l
ine 700.
(pdftex.def)             Requested size: 121.95561pt x 91.46346pt.
Package epstopdf Info: Source file: <figures/adam_train.eps>
(epstopdf)                    date: 2021-06-29 10:24:50
(epstopdf)                    size: 93905 bytes
(epstopdf)             Output file: <figures/adam_train-eps-converted-to.pdf>
(epstopdf)                    date: 2021-06-29 10:24:50
(epstopdf)                    size: 23363 bytes
(epstopdf)             Command: <repstopdf --outfile=figures/adam_train-eps-con
verted-to.pdf figures/adam_train.eps>
(epstopdf)             \includegraphics on input line 704.
Package epstopdf Info: Output file is already uptodate.
<figures/adam_train-eps-converted-to.pdf, id=405, 421.575pt x 316.18124pt>
File: figures/adam_train-eps-converted-to.pdf Graphic file (type pdf)
<use figures/adam_train-eps-converted-to.pdf>
Package pdftex.def Info: figures/adam_train-eps-converted-to.pdf  used on input
 line 704.
(pdftex.def)             Requested size: 121.95561pt x 91.46346pt.
Package epstopdf Info: Source file: <figures/adam_test.eps>
(epstopdf)                    date: 2021-06-29 10:24:50
(epstopdf)                    size: 60501 bytes
(epstopdf)             Output file: <figures/adam_test-eps-converted-to.pdf>
(epstopdf)                    date: 2021-06-29 10:24:50
(epstopdf)                    size: 15259 bytes
(epstopdf)             Command: <repstopdf --outfile=figures/adam_test-eps-conv
erted-to.pdf figures/adam_test.eps>
(epstopdf)             \includegraphics on input line 704.
Package epstopdf Info: Output file is already uptodate.
<figures/adam_test-eps-converted-to.pdf, id=406, 421.575pt x 316.18124pt>
File: figures/adam_test-eps-converted-to.pdf Graphic file (type pdf)
<use figures/adam_test-eps-converted-to.pdf>
Package pdftex.def Info: figures/adam_test-eps-converted-to.pdf  used on input 
line 704.
(pdftex.def)             Requested size: 121.95561pt x 91.46346pt.
Package epstopdf Info: Source file: <figures/amsgrad_train.eps>
(epstopdf)                    date: 2021-06-29 10:24:50
(epstopdf)                    size: 99000 bytes
(epstopdf)             Output file: <figures/amsgrad_train-eps-converted-to.pdf
>
(epstopdf)                    date: 2021-06-29 10:24:50
(epstopdf)                    size: 24306 bytes
(epstopdf)             Command: <repstopdf --outfile=figures/amsgrad_train-eps-
converted-to.pdf figures/amsgrad_train.eps>
(epstopdf)             \includegraphics on input line 708.
Package epstopdf Info: Output file is already uptodate.
<figures/amsgrad_train-eps-converted-to.pdf, id=407, 421.575pt x 316.18124pt>
File: figures/amsgrad_train-eps-converted-to.pdf Graphic file (type pdf)
<use figures/amsgrad_train-eps-converted-to.pdf>
Package pdftex.def Info: figures/amsgrad_train-eps-converted-to.pdf  used on in
put line 708.
(pdftex.def)             Requested size: 121.95561pt x 91.46346pt.
Package epstopdf Info: Source file: <figures/amsgrad_test.eps>
(epstopdf)                    date: 2021-06-29 10:24:50
(epstopdf)                    size: 62268 bytes
(epstopdf)             Output file: <figures/amsgrad_test-eps-converted-to.pdf>

(epstopdf)                    date: 2021-06-29 10:24:50
(epstopdf)                    size: 15394 bytes
(epstopdf)             Command: <repstopdf --outfile=figures/amsgrad_test-eps-c
onverted-to.pdf figures/amsgrad_test.eps>
(epstopdf)             \includegraphics on input line 708.
Package epstopdf Info: Output file is already uptodate.
<figures/amsgrad_test-eps-converted-to.pdf, id=408, 421.575pt x 316.18124pt>
File: figures/amsgrad_test-eps-converted-to.pdf Graphic file (type pdf)
<use figures/amsgrad_test-eps-converted-to.pdf>
Package pdftex.def Info: figures/amsgrad_test-eps-converted-to.pdf  used on inp
ut line 708.
(pdftex.def)             Requested size: 121.95561pt x 91.46346pt.

Overfull \hbox (19.03128pt too wide) in paragraph at lines 700--709
 [] 
 []


Overfull \hbox (19.03128pt too wide) in paragraph at lines 700--709
 [] 
 []


Overfull \hbox (19.03128pt too wide) in paragraph at lines 700--709
 [] 
 []

[8 <./train_loss_updated-eps-converted-to.pdf> <./test_acc_updated-eps-converte
d-to.pdf> <./ub_train_loss-eps-converted-to.pdf> <./ub_test-eps-converted-to.pd
f> <./figures/sgd_train-eps-converted-to.pdf> <./figures/sgd_test-eps-converted
-to.pdf> <./figures/adam_train-eps-converted-to.pdf> <./figures/adam_test-eps-c
onverted-to.pdf> <./figures/amsgrad_train-eps-converted-to.pdf> <./figures/amsg
rad_test-eps-converted-to.pdf>] (./main_aistats.bbl
Underfull \hbox (badness 1112) in paragraph at lines 18--23
\T1/cmr/m/n/10 (+20) ota Tomioka, and Mi-lan Vo-jnovic.  QSGD:
 []


Underfull \hbox (badness 1163) in paragraph at lines 93--97
[]\T1/cmr/m/n/10 (+20) Hervé Jé-gou, Matthijs Douze, and Cordelia
 []

[9

] [10]) [11

]
Underfull \vbox (badness 10000) has occurred while \output is active []

 [12


]
[13] [14

]
Underfull \vbox (badness 3482) has occurred while \output is active []

 [15]
[16]
Underfull \vbox (badness 10000) has occurred while \output is active []

 [17pdfTeX warning (ext4): destination with the same identifier (name{equation.
B.25}) has been already used, duplicate ignored

\AtBegShi@Output ...ipout \box \AtBeginShipoutBox 
                                                  \fi \fi 
l.1098 \end{equation}
                     pdfTeX warning (ext4): destination with the same identifie
r (name{equation.B.25}) has been already used, duplicate ignored

\AtBegShi@Output ...ipout \box \AtBeginShipoutBox 
                                                  \fi \fi 
l.1098 \end{equation}
                     ] [18pdfTeX warning (ext4): destination with the same iden
tifier (name{equation.B.25}) has been already used, duplicate ignored

\AtBegShi@Output ...ipout \box \AtBeginShipoutBox 
                                                  \fi \fi 
l.1131 \end{align}
                  pdfTeX warning (ext4): destination with the same identifier (
name{equation.B.26}) has been already used, duplicate ignored

\AtBegShi@Output ...ipout \box \AtBeginShipoutBox 
                                                  \fi \fi 
l.1131 \end{align}
                  ] [19] [20pdfTeX warning (ext4): destination with the same id
entifier (name{equation.B.30}) has been already used, duplicate ignored

\AtBegShi@Output ...ipout \box \AtBeginShipoutBox 
                                                  \fi \fi 
l.1190 
       ]
Underfull \vbox (badness 10000) has occurred while \output is active []

 [21]
[22pdfTeX warning (ext4): destination with the same identifier (name{equation.B
.34}) has been already used, duplicate ignored

\AtBegShi@Output ...ipout \box \AtBeginShipoutBox 
                                                  \fi \fi 
l.1259 \end{align}
                  ] [23] [24] [25

] [26

] [27]
Package epstopdf Info: Source file: <figures/sgd_train.eps>
(epstopdf)                    date: 2021-06-29 10:24:50
(epstopdf)                    size: 99000 bytes
(epstopdf)             Output file: <figures/sgd_train-eps-converted-to.pdf>
(epstopdf)                    date: 2021-06-29 10:24:50
(epstopdf)                    size: 23881 bytes
(epstopdf)             Command: <repstopdf --outfile=figures/sgd_train-eps-conv
erted-to.pdf figures/sgd_train.eps>
(epstopdf)             \includegraphics on input line 1522.
Package epstopdf Info: Output file is already uptodate.
File: figures/sgd_train-eps-converted-to.pdf Graphic file (type pdf)
<use figures/sgd_train-eps-converted-to.pdf>
Package pdftex.def Info: figures/sgd_train-eps-converted-to.pdf  used on input 
line 1522.
(pdftex.def)             Requested size: 175.61557pt x 131.71451pt.
Package epstopdf Info: Source file: <figures/sgd_test.eps>
(epstopdf)                    date: 2021-06-29 10:24:50
(epstopdf)                    size: 62118 bytes
(epstopdf)             Output file: <figures/sgd_test-eps-converted-to.pdf>
(epstopdf)                    date: 2021-06-29 10:24:50
(epstopdf)                    size: 15915 bytes
(epstopdf)             Command: <repstopdf --outfile=figures/sgd_test-eps-conve
rted-to.pdf figures/sgd_test.eps>
(epstopdf)             \includegraphics on input line 1527.
Package epstopdf Info: Output file is already uptodate.
File: figures/sgd_test-eps-converted-to.pdf Graphic file (type pdf)
<use figures/sgd_test-eps-converted-to.pdf>
Package pdftex.def Info: figures/sgd_test-eps-converted-to.pdf  used on input l
ine 1527.
(pdftex.def)             Requested size: 175.61557pt x 131.71451pt.
Package epstopdf Info: Source file: <figures/amsgrad_train.eps>
(epstopdf)                    date: 2021-06-29 10:24:50
(epstopdf)                    size: 99000 bytes
(epstopdf)             Output file: <figures/amsgrad_train-eps-converted-to.pdf
>
(epstopdf)                    date: 2021-06-29 10:24:50
(epstopdf)                    size: 24306 bytes
(epstopdf)             Command: <repstopdf --outfile=figures/amsgrad_train-eps-
converted-to.pdf figures/amsgrad_train.eps>
(epstopdf)             \includegraphics on input line 1534.
Package epstopdf Info: Output file is already uptodate.
File: figures/amsgrad_train-eps-converted-to.pdf Graphic file (type pdf)
<use figures/amsgrad_train-eps-converted-to.pdf>
Package pdftex.def Info: figures/amsgrad_train-eps-converted-to.pdf  used on in
put line 1534.
(pdftex.def)             Requested size: 175.61557pt x 131.71451pt.
Package epstopdf Info: Source file: <figures/amsgrad_test.eps>
(epstopdf)                    date: 2021-06-29 10:24:50
(epstopdf)                    size: 62268 bytes
(epstopdf)             Output file: <figures/amsgrad_test-eps-converted-to.pdf>

(epstopdf)                    date: 2021-06-29 10:24:50
(epstopdf)                    size: 15394 bytes
(epstopdf)             Command: <repstopdf --outfile=figures/amsgrad_test-eps-c
onverted-to.pdf figures/amsgrad_test.eps>
(epstopdf)             \includegraphics on input line 1539.
Package epstopdf Info: Output file is already uptodate.
File: figures/amsgrad_test-eps-converted-to.pdf Graphic file (type pdf)
<use figures/amsgrad_test-eps-converted-to.pdf>
Package pdftex.def Info: figures/amsgrad_test-eps-converted-to.pdf  used on inp
ut line 1539.
(pdftex.def)             Requested size: 175.61557pt x 131.71451pt.
Package epstopdf Info: Source file: <figures/adam_train.eps>
(epstopdf)                    date: 2021-06-29 10:24:50
(epstopdf)                    size: 93905 bytes
(epstopdf)             Output file: <figures/adam_train-eps-converted-to.pdf>
(epstopdf)                    date: 2021-06-29 10:24:50
(epstopdf)                    size: 23363 bytes
(epstopdf)             Command: <repstopdf --outfile=figures/adam_train-eps-con
verted-to.pdf figures/adam_train.eps>
(epstopdf)             \includegraphics on input line 1546.
Package epstopdf Info: Output file is already uptodate.
File: figures/adam_train-eps-converted-to.pdf Graphic file (type pdf)
<use figures/adam_train-eps-converted-to.pdf>
Package pdftex.def Info: figures/adam_train-eps-converted-to.pdf  used on input
 line 1546.
(pdftex.def)             Requested size: 175.61557pt x 131.71451pt.
Package epstopdf Info: Source file: <figures/adam_test.eps>
(epstopdf)                    date: 2021-06-29 10:24:50
(epstopdf)                    size: 60501 bytes
(epstopdf)             Output file: <figures/adam_test-eps-converted-to.pdf>
(epstopdf)                    date: 2021-06-29 10:24:50
(epstopdf)                    size: 15259 bytes
(epstopdf)             Command: <repstopdf --outfile=figures/adam_test-eps-conv
erted-to.pdf figures/adam_test.eps>
(epstopdf)             \includegraphics on input line 1551.
Package epstopdf Info: Output file is already uptodate.
File: figures/adam_test-eps-converted-to.pdf Graphic file (type pdf)
<use figures/adam_test-eps-converted-to.pdf>
Package pdftex.def Info: figures/adam_test-eps-converted-to.pdf  used on input 
line 1551.
(pdftex.def)             Requested size: 175.61557pt x 131.71451pt.


LaTeX Warning: `h' float specifier changed to `ht'.

[28

] [29] [30

]
Package atveryend Info: Empty hook `BeforeClearDocument' on input line 1576.
Package atveryend Info: Empty hook `AfterLastShipout' on input line 1576.
 (./main_aistats.aux)
Package atveryend Info: Executing hook `AtVeryEndDocument' on input line 1576.
Package atveryend Info: Executing hook `AtEndAfterFileList' on input line 1576.

Package rerunfilecheck Info: File `main_aistats.out' has not changed.
(rerunfilecheck)             Checksum: C51B96BF992EAFEC22740F5F222C0CB8;1447.
Package atveryend Info: Empty hook `AtVeryVeryEnd' on input line 1576.
 )
(\end occurred inside a group at level 1)

### semi simple group (level 1) entered at line 1243 (\begingroup)
### bottom level 
Here is how much of TeX's memory you used:
 22095 strings out of 492649
 398989 string characters out of 6129622
 537988 words of memory out of 5000000
 25108 multiletter control sequences out of 15000+600000
 32849 words of font info for 170 fonts, out of 8000000 for 9000
 1141 hyphenation exceptions out of 8191
 56i,26n,73p,996b,619s stack positions out of 5000i,500n,10000p,200000b,80000s
{/usr/local/texlive/2018/texmf-dist/fonts/enc/dvips/cm-super/cm
-super-t1.enc} </Users/karimimohammedbelhal/Library/texlive/2018/texmf-var/font
s/pk/ljfour/public/bbm/bbm10.600pk></usr/local/texlive/2018/texmf-dist/fonts/ty
pe1/public/amsfonts/cm/cmbx10.pfb></usr/local/texlive/2018/texmf-dist/fonts/typ
e1/public/amsfonts/cm/cmbx7.pfb></usr/local/texlive/2018/texmf-dist/fonts/type1
/public/amsfonts/cm/cmex10.pfb></usr/local/texlive/2018/texmf-dist/fonts/type1/
public/amsfonts/cmextra/cmex9.pfb></usr/local/texlive/2018/texmf-dist/fonts/typ
e1/public/amsfonts/cm/cmmi10.pfb></usr/local/texlive/2018/texmf-dist/fonts/type
1/public/amsfonts/cm/cmmi5.pfb></usr/local/texlive/2018/texmf-dist/fonts/type1/
public/amsfonts/cm/cmmi6.pfb></usr/local/texlive/2018/texmf-dist/fonts/type1/pu
blic/amsfonts/cm/cmmi7.pfb></usr/local/texlive/2018/texmf-dist/fonts/type1/publ
ic/amsfonts/cm/cmmi9.pfb></usr/local/texlive/2018/texmf-dist/fonts/type1/public
/amsfonts/cm/cmr10.pfb></usr/local/texlive/2018/texmf-dist/fonts/type1/public/a
msfonts/cm/cmr5.pfb></usr/local/texlive/2018/texmf-dist/fonts/type1/public/amsf
onts/cm/cmr6.pfb></usr/local/texlive/2018/texmf-dist/fonts/type1/public/amsfont
s/cm/cmr7.pfb></usr/local/texlive/2018/texmf-dist/fonts/type1/public/amsfonts/c
m/cmr9.pfb></usr/local/texlive/2018/texmf-dist/fonts/type1/public/amsfonts/cm/c
msy10.pfb></usr/local/texlive/2018/texmf-dist/fonts/type1/public/amsfonts/cm/cm
sy5.pfb></usr/local/texlive/2018/texmf-dist/fonts/type1/public/amsfonts/cm/cmsy
6.pfb></usr/local/texlive/2018/texmf-dist/fonts/type1/public/amsfonts/cm/cmsy7.
pfb></usr/local/texlive/2018/texmf-dist/fonts/type1/public/amsfonts/cm/cmsy9.pf
b></usr/local/texlive/2018/texmf-dist/fonts/type1/public/amsfonts/symbols/msam1
0.pfb></usr/local/texlive/2018/texmf-dist/fonts/type1/public/amsfonts/symbols/m
sbm10.pfb></usr/local/texlive/2018/texmf-dist/fonts/type1/public/amsfonts/symbo
ls/msbm7.pfb></usr/local/texlive/2018/texmf-dist/fonts/type1/public/cm-super/sf
bx0900.pfb></usr/local/texlive/2018/texmf-dist/fonts/type1/public/cm-super/sfbx
1000.pfb></usr/local/texlive/2018/texmf-dist/fonts/type1/public/cm-super/sfbx12
00.pfb></usr/local/texlive/2018/texmf-dist/fonts/type1/public/cm-super/sfbx1440
.pfb></usr/local/texlive/2018/texmf-dist/fonts/type1/public/cm-super/sfcc1000.p
fb></usr/local/texlive/2018/texmf-dist/fonts/type1/public/cm-super/sfrm0900.pfb
></usr/local/texlive/2018/texmf-dist/fonts/type1/public/cm-super/sfrm1000.pfb><
/usr/local/texlive/2018/texmf-dist/fonts/type1/public/cm-super/sfsl1000.pfb></u
sr/local/texlive/2018/texmf-dist/fonts/type1/public/cm-super/sfti1000.pfb>
Output written on main_aistats.pdf (30 pages, 727511 bytes).
PDF statistics:
 807 PDF objects out of 1000 (max. 8388607)
 715 compressed objects within 8 object streams
 201 named destinations out of 1000 (max. 500000)
 26847 words of extra memory for PDF output out of 29859 (max. 10000000)

