\BOOKMARK [1][-]{section.0.1}{Introduction}{}% 1
\BOOKMARK [1][-]{section.0.2}{Preliminaries}{}% 2
\BOOKMARK [1][-]{section.0.3}{OPT-AMSGRAD Algorithm}{}% 3
\BOOKMARK [1][-]{section.0.4}{Non-Asymptotic Convergence Analysis}{}% 4
\BOOKMARK [2][-]{subsection.0.4.1}{Convex Regret Analysis}{section.0.4}% 5
\BOOKMARK [2][-]{subsection.0.4.2}{Finite-Time Analysis in the Nonconvex Case}{section.0.4}% 6
\BOOKMARK [2][-]{subsection.0.4.3}{Checking H1 for a Deep Neural Network}{section.0.4}% 7
\BOOKMARK [1][-]{section.0.5}{Comparison to related methods}{}% 8
\BOOKMARK [1][-]{section.0.6}{Numerical Experiments}{}% 9
\BOOKMARK [2][-]{subsection.0.6.1}{Gradient Estimation}{section.0.6}% 10
\BOOKMARK [2][-]{subsection.0.6.2}{Classification Experiments}{section.0.6}% 11
\BOOKMARK [2][-]{subsection.0.6.3}{Choice of parameter r}{section.0.6}% 12
\BOOKMARK [1][-]{section.0.7}{Conclusion}{}% 13
\BOOKMARK [1][-]{section.0.A}{Proof of Theorem 1}{}% 14
\BOOKMARK [1][-]{section.0.B}{Proof of Corollary 1}{}% 15
\BOOKMARK [1][-]{section.0.C}{Proofs of Auxiliary Lemmas}{}% 16
\BOOKMARK [2][-]{subsection.0.C.1}{Proof of Lemma 1}{section.0.C}% 17
\BOOKMARK [1][-]{section.0.D}{Proof of Theorem 2}{}% 18
\BOOKMARK [1][-]{section.0.E}{Proof of Lemma 2 \(Boundedness of the iterates H1\)}{}% 19
\BOOKMARK [1][-]{section.0.F}{Comparison to related methods}{}% 20
\BOOKMARK [1][-]{section.0.G}{Additional Remarks and Runs on the Gradient Prediction Process}{}% 21
