This is pdfTeX, Version 3.14159265-2.6-1.40.19 (TeX Live 2018) (preloaded format=pdflatex 2018.7.23)  7 OCT 2021 10:24
entering extended mode
 restricted \write18 enabled.
 file:line:error style messages enabled.
 %&-line parsing enabled.
**main.tex
(./main.tex
LaTeX2e <2018-04-01> patch level 2
Babel <3.18> and hyphenation patterns for 84 language(s) loaded.
(/usr/local/texlive/2018/texmf-dist/tex/latex/base/article.cls
Document Class: article 2014/09/29 v1.4h Standard LaTeX document class
(/usr/local/texlive/2018/texmf-dist/tex/latex/base/size10.clo
File: size10.clo 2014/09/29 v1.4h Standard LaTeX file (size option)
)
\c@part=\count80
\c@section=\count81
\c@subsection=\count82
\c@subsubsection=\count83
\c@paragraph=\count84
\c@subparagraph=\count85
\c@figure=\count86
\c@table=\count87
\abovecaptionskip=\skip41
\belowcaptionskip=\skip42
\bibindent=\dimen102
)
(./aistats2022.sty
Package: aistats2022 2021/06/25 AISTATS2022 submission/camera-ready style file

(/usr/local/texlive/2018/texmf-dist/tex/latex/amsmath/amsmath.sty
Package: amsmath 2017/09/02 v2.17a AMS math features
\@mathmargin=\skip43

For additional information on amsmath, use the `?' option.
(/usr/local/texlive/2018/texmf-dist/tex/latex/amsmath/amstext.sty
Package: amstext 2000/06/29 v2.01 AMS text

(/usr/local/texlive/2018/texmf-dist/tex/latex/amsmath/amsgen.sty
File: amsgen.sty 1999/11/30 v2.0 generic functions
\@emptytoks=\toks14
\ex@=\dimen103
))
(/usr/local/texlive/2018/texmf-dist/tex/latex/amsmath/amsbsy.sty
Package: amsbsy 1999/11/29 v1.2d Bold Symbols
\pmbraise@=\dimen104
)
(/usr/local/texlive/2018/texmf-dist/tex/latex/amsmath/amsopn.sty
Package: amsopn 2016/03/08 v2.02 operator names
)
\inf@bad=\count88
LaTeX Info: Redefining \frac on input line 213.
\uproot@=\count89
\leftroot@=\count90
LaTeX Info: Redefining \overline on input line 375.
\classnum@=\count91
\DOTSCASE@=\count92
LaTeX Info: Redefining \ldots on input line 472.
LaTeX Info: Redefining \dots on input line 475.
LaTeX Info: Redefining \cdots on input line 596.
\Mathstrutbox@=\box26
\strutbox@=\box27
\big@size=\dimen105
LaTeX Font Info:    Redeclaring font encoding OML on input line 712.
LaTeX Font Info:    Redeclaring font encoding OMS on input line 713.
\macc@depth=\count93
\c@MaxMatrixCols=\count94
\dotsspace@=\muskip10
\c@parentequation=\count95
\dspbrk@lvl=\count96
\tag@help=\toks15
\row@=\count97
\column@=\count98
\maxfields@=\count99
\andhelp@=\toks16
\eqnshift@=\dimen106
\alignsep@=\dimen107
\tagshift@=\dimen108
\tagwidth@=\dimen109
\totwidth@=\dimen110
\lineht@=\dimen111
\@envbody=\toks17
\multlinegap=\skip44
\multlinetaggap=\skip45
\mathdisplay@stack=\toks18
LaTeX Info: Redefining \[ on input line 2817.
LaTeX Info: Redefining \] on input line 2818.
)
\titlebox=\skip46

(./fancyhdr.sty
\fancy@headwidth=\skip47
\f@ncyO@elh=\skip48
\f@ncyO@erh=\skip49
\f@ncyO@olh=\skip50
\f@ncyO@orh=\skip51
\f@ncyO@elf=\skip52
\f@ncyO@erf=\skip53
\f@ncyO@olf=\skip54
\f@ncyO@orf=\skip55
)
\titrun=\box28
\autrun=\box29
)
(/usr/local/texlive/2018/texmf-dist/tex/latex/natbib/natbib.sty
Package: natbib 2010/09/13 8.31b (PWD, AO)
\bibhang=\skip56
\bibsep=\skip57
LaTeX Info: Redefining \cite on input line 694.
\c@NAT@ctr=\count100
)
(/usr/local/texlive/2018/texmf-dist/tex/latex/tools/bm.sty
Package: bm 2017/01/16 v1.2c Bold Symbol Support (DPC/FMi)
\symboldoperators=\mathgroup4
\symboldletters=\mathgroup5
\symboldsymbols=\mathgroup6
LaTeX Font Info:    Redeclaring math alphabet \mathbf on input line 141.
LaTeX Info: Redefining \bm on input line 207.
)
(/usr/local/texlive/2018/texmf-dist/tex/latex/amscls/amsthm.sty
Package: amsthm 2017/10/31 v2.20.4
\thm@style=\toks19
\thm@bodyfont=\toks20
\thm@headfont=\toks21
\thm@notefont=\toks22
\thm@headpunct=\toks23
\thm@preskip=\skip58
\thm@postskip=\skip59
\thm@headsep=\skip60
\dth@everypar=\toks24
)
(/usr/local/texlive/2018/texmf-dist/tex/latex/amsfonts/amssymb.sty
Package: amssymb 2013/01/14 v3.01 AMS font symbols

(/usr/local/texlive/2018/texmf-dist/tex/latex/amsfonts/amsfonts.sty
Package: amsfonts 2013/01/14 v3.01 Basic AMSFonts support
\symAMSa=\mathgroup7
\symAMSb=\mathgroup8
LaTeX Font Info:    Overwriting math alphabet `\mathfrak' in version `bold'
(Font)                  U/euf/m/n --> U/euf/b/n on input line 106.
))
(/usr/local/texlive/2018/texmf-dist/tex/latex/tools/multicol.sty
Package: multicol 2018/04/01 v1.8r multicolumn formatting (FMi)
\c@tracingmulticols=\count101
\mult@box=\box30
\multicol@leftmargin=\dimen112
\c@unbalance=\count102
\c@collectmore=\count103
\doublecol@number=\count104
\multicoltolerance=\count105
\multicolpretolerance=\count106
\full@width=\dimen113
\page@free=\dimen114
\premulticols=\dimen115
\postmulticols=\dimen116
\multicolsep=\skip61
\multicolbaselineskip=\skip62
\partial@page=\box31
\last@line=\box32
\maxbalancingoverflow=\dimen117
\mult@rightbox=\box33
\mult@grightbox=\box34
\mult@gfirstbox=\box35
\mult@firstbox=\box36
\@tempa=\box37
\@tempa=\box38
\@tempa=\box39
\@tempa=\box40
\@tempa=\box41
\@tempa=\box42
\@tempa=\box43
\@tempa=\box44
\@tempa=\box45
\@tempa=\box46
\@tempa=\box47
\@tempa=\box48
\@tempa=\box49
\@tempa=\box50
\@tempa=\box51
\@tempa=\box52
\@tempa=\box53
\c@columnbadness=\count107
\c@finalcolumnbadness=\count108
\last@try=\dimen118
\multicolovershoot=\dimen119
\multicolundershoot=\dimen120
\mult@nat@firstbox=\box54
\colbreak@box=\box55
\mc@col@check@num=\count109
)
(./algorithmic.sty
Package: algorithmic 

Document Style `algorithmic' - environment
(/usr/local/texlive/2018/texmf-dist/tex/latex/base/ifthen.sty
Package: ifthen 2014/09/29 v1.1c Standard LaTeX ifthen package (DPC)
)
(/usr/local/texlive/2018/texmf-dist/tex/latex/tools/calc.sty
Package: calc 2017/05/25 v4.3 Infix arithmetic (KKT,FJ)
\calc@Acount=\count110
\calc@Bcount=\count111
\calc@Adimen=\dimen121
\calc@Bdimen=\dimen122
\calc@Askip=\skip63
\calc@Bskip=\skip64
LaTeX Info: Redefining \setlength on input line 80.
LaTeX Info: Redefining \addtolength on input line 81.
\calc@Ccount=\count112
\calc@Cskip=\skip65
)
\c@ALC@line=\count113
\c@ALC@rem=\count114
\ALC@tlm=\skip66
) (./algorithm.sty
Package: algorithm 
Document Style `algorithm' - floating environment
(/usr/local/texlive/2018/texmf-dist/tex/latex/float/float.sty
Package: float 2001/11/08 v1.3d Float enhancements (AL)
\c@float@type=\count115
\float@exts=\toks25
\float@box=\box56
\@float@everytoks=\toks26
\@floatcapt=\box57
)
\@float@every@algorithm=\toks27
\c@algorithm=\count116
)
(/usr/local/texlive/2018/texmf-dist/tex/latex/enumitem/enumitem.sty
Package: enumitem 2011/09/28 v3.5.2 Customized lists
\enitkv@toks@=\toks28
\labelindent=\skip67
\enit@outerparindent=\dimen123
\enit@toks=\toks29
\enit@inbox=\box58
\enitdp@description=\count117
)
(/usr/local/texlive/2018/texmf-dist/tex/latex/subfigure/subfigure.sty
Package: subfigure 2002/03/15 v2.1.5 subfigure package
\subfigtopskip=\skip68
\subfigcapskip=\skip69
\subfigcaptopadj=\dimen124
\subfigbottomskip=\skip70
\subfigcapmargin=\dimen125
\subfiglabelskip=\skip71
\c@subfigure=\count118
\c@lofdepth=\count119
\c@subtable=\count120
\c@lotdepth=\count121

****************************************
* Local config file subfigure.cfg used *
****************************************
(/usr/local/texlive/2018/texmf-dist/tex/latex/subfigure/subfigure.cfg)
\subfig@top=\skip72
\subfig@bottom=\skip73
)
(/usr/local/texlive/2018/texmf-dist/tex/latex/wrapfig/wrapfig.sty
\wrapoverhang=\dimen126
\WF@size=\dimen127
\c@WF@wrappedlines=\count122
\WF@box=\box59
\WF@everypar=\toks30
Package: wrapfig 2003/01/31  v 3.6
)
(/usr/local/texlive/2018/texmf-dist/tex/latex/lipsum/lipsum.sty
Package: lipsum 2014/07/27 v1.3 150 paragraphs of Lorem Ipsum dummy text
\c@lips@count=\count123
)
(/usr/local/texlive/2018/texmf-dist/tex/latex/pgf/frontendlayer/tikz.sty
(/usr/local/texlive/2018/texmf-dist/tex/latex/pgf/basiclayer/pgf.sty
(/usr/local/texlive/2018/texmf-dist/tex/latex/pgf/utilities/pgfrcs.sty
(/usr/local/texlive/2018/texmf-dist/tex/generic/pgf/utilities/pgfutil-common.te
x
\pgfutil@everybye=\toks31
\pgfutil@tempdima=\dimen128
\pgfutil@tempdimb=\dimen129

(/usr/local/texlive/2018/texmf-dist/tex/generic/pgf/utilities/pgfutil-common-li
sts.tex))
(/usr/local/texlive/2018/texmf-dist/tex/generic/pgf/utilities/pgfutil-latex.def
\pgfutil@abb=\box60
(/usr/local/texlive/2018/texmf-dist/tex/latex/ms/everyshi.sty
Package: everyshi 2001/05/15 v3.00 EveryShipout Package (MS)
))
(/usr/local/texlive/2018/texmf-dist/tex/generic/pgf/utilities/pgfrcs.code.tex
Package: pgfrcs 2015/08/07 v3.0.1a (rcs-revision 1.31)
))
Package: pgf 2015/08/07 v3.0.1a (rcs-revision 1.15)
(/usr/local/texlive/2018/texmf-dist/tex/latex/pgf/basiclayer/pgfcore.sty
(/usr/local/texlive/2018/texmf-dist/tex/latex/graphics/graphicx.sty
Package: graphicx 2017/06/01 v1.1a Enhanced LaTeX Graphics (DPC,SPQR)

(/usr/local/texlive/2018/texmf-dist/tex/latex/graphics/keyval.sty
Package: keyval 2014/10/28 v1.15 key=value parser (DPC)
\KV@toks@=\toks32
)
(/usr/local/texlive/2018/texmf-dist/tex/latex/graphics/graphics.sty
Package: graphics 2017/06/25 v1.2c Standard LaTeX Graphics (DPC,SPQR)

(/usr/local/texlive/2018/texmf-dist/tex/latex/graphics/trig.sty
Package: trig 2016/01/03 v1.10 sin cos tan (DPC)
)
(/usr/local/texlive/2018/texmf-dist/tex/latex/graphics-cfg/graphics.cfg
File: graphics.cfg 2016/06/04 v1.11 sample graphics configuration
)
Package graphics Info: Driver file: pdftex.def on input line 99.

(/usr/local/texlive/2018/texmf-dist/tex/latex/graphics-def/pdftex.def
File: pdftex.def 2018/01/08 v1.0l Graphics/color driver for pdftex
))
\Gin@req@height=\dimen130
\Gin@req@width=\dimen131
)
(/usr/local/texlive/2018/texmf-dist/tex/latex/pgf/systemlayer/pgfsys.sty
(/usr/local/texlive/2018/texmf-dist/tex/generic/pgf/systemlayer/pgfsys.code.tex
Package: pgfsys 2014/07/09 v3.0.1a (rcs-revision 1.48)
(/usr/local/texlive/2018/texmf-dist/tex/generic/pgf/utilities/pgfkeys.code.tex
\pgfkeys@pathtoks=\toks33
\pgfkeys@temptoks=\toks34

(/usr/local/texlive/2018/texmf-dist/tex/generic/pgf/utilities/pgfkeysfiltered.c
ode.tex
\pgfkeys@tmptoks=\toks35
))
\pgf@x=\dimen132
\pgf@y=\dimen133
\pgf@xa=\dimen134
\pgf@ya=\dimen135
\pgf@xb=\dimen136
\pgf@yb=\dimen137
\pgf@xc=\dimen138
\pgf@yc=\dimen139
\w@pgf@writea=\write3
\r@pgf@reada=\read1
\c@pgf@counta=\count124
\c@pgf@countb=\count125
\c@pgf@countc=\count126
\c@pgf@countd=\count127
\t@pgf@toka=\toks36
\t@pgf@tokb=\toks37
\t@pgf@tokc=\toks38

(/usr/local/texlive/2018/texmf-dist/tex/generic/pgf/systemlayer/pgf.cfg
File: pgf.cfg 2008/05/14  (rcs-revision 1.7)
)
Driver file for pgf: pgfsys-pdftex.def

(/usr/local/texlive/2018/texmf-dist/tex/generic/pgf/systemlayer/pgfsys-pdftex.d
ef
File: pgfsys-pdftex.def 2014/10/11  (rcs-revision 1.35)

(/usr/local/texlive/2018/texmf-dist/tex/generic/pgf/systemlayer/pgfsys-common-p
df.def
File: pgfsys-common-pdf.def 2013/10/10  (rcs-revision 1.13)
)))
(/usr/local/texlive/2018/texmf-dist/tex/generic/pgf/systemlayer/pgfsyssoftpath.
code.tex
File: pgfsyssoftpath.code.tex 2013/09/09  (rcs-revision 1.9)
\pgfsyssoftpath@smallbuffer@items=\count128
\pgfsyssoftpath@bigbuffer@items=\count129
)
(/usr/local/texlive/2018/texmf-dist/tex/generic/pgf/systemlayer/pgfsysprotocol.
code.tex
File: pgfsysprotocol.code.tex 2006/10/16  (rcs-revision 1.4)
)) (/usr/local/texlive/2018/texmf-dist/tex/latex/xcolor/xcolor.sty
Package: xcolor 2016/05/11 v2.12 LaTeX color extensions (UK)

(/usr/local/texlive/2018/texmf-dist/tex/latex/graphics-cfg/color.cfg
File: color.cfg 2016/01/02 v1.6 sample color configuration
)
Package xcolor Info: Driver file: pdftex.def on input line 225.
Package xcolor Info: Model `cmy' substituted by `cmy0' on input line 1348.
Package xcolor Info: Model `hsb' substituted by `rgb' on input line 1352.
Package xcolor Info: Model `RGB' extended on input line 1364.
Package xcolor Info: Model `HTML' substituted by `rgb' on input line 1366.
Package xcolor Info: Model `Hsb' substituted by `hsb' on input line 1367.
Package xcolor Info: Model `tHsb' substituted by `hsb' on input line 1368.
Package xcolor Info: Model `HSB' substituted by `hsb' on input line 1369.
Package xcolor Info: Model `Gray' substituted by `gray' on input line 1370.
Package xcolor Info: Model `wave' substituted by `hsb' on input line 1371.
)
(/usr/local/texlive/2018/texmf-dist/tex/generic/pgf/basiclayer/pgfcore.code.tex
Package: pgfcore 2010/04/11 v3.0.1a (rcs-revision 1.7)
(/usr/local/texlive/2018/texmf-dist/tex/generic/pgf/math/pgfmath.code.tex
(/usr/local/texlive/2018/texmf-dist/tex/generic/pgf/math/pgfmathcalc.code.tex
(/usr/local/texlive/2018/texmf-dist/tex/generic/pgf/math/pgfmathutil.code.tex)
(/usr/local/texlive/2018/texmf-dist/tex/generic/pgf/math/pgfmathparser.code.tex
\pgfmath@dimen=\dimen140
\pgfmath@count=\count130
\pgfmath@box=\box61
\pgfmath@toks=\toks39
\pgfmath@stack@operand=\toks40
\pgfmath@stack@operation=\toks41
)
(/usr/local/texlive/2018/texmf-dist/tex/generic/pgf/math/pgfmathfunctions.code.
tex
(/usr/local/texlive/2018/texmf-dist/tex/generic/pgf/math/pgfmathfunctions.basic
.code.tex)
(/usr/local/texlive/2018/texmf-dist/tex/generic/pgf/math/pgfmathfunctions.trigo
nometric.code.tex)
(/usr/local/texlive/2018/texmf-dist/tex/generic/pgf/math/pgfmathfunctions.rando
m.code.tex)
(/usr/local/texlive/2018/texmf-dist/tex/generic/pgf/math/pgfmathfunctions.compa
rison.code.tex)
(/usr/local/texlive/2018/texmf-dist/tex/generic/pgf/math/pgfmathfunctions.base.
code.tex)
(/usr/local/texlive/2018/texmf-dist/tex/generic/pgf/math/pgfmathfunctions.round
.code.tex)
(/usr/local/texlive/2018/texmf-dist/tex/generic/pgf/math/pgfmathfunctions.misc.
code.tex)
(/usr/local/texlive/2018/texmf-dist/tex/generic/pgf/math/pgfmathfunctions.integ
erarithmetics.code.tex)))
(/usr/local/texlive/2018/texmf-dist/tex/generic/pgf/math/pgfmathfloat.code.tex
\c@pgfmathroundto@lastzeros=\count131
))
(/usr/local/texlive/2018/texmf-dist/tex/generic/pgf/basiclayer/pgfcorepoints.co
de.tex
File: pgfcorepoints.code.tex 2013/10/07  (rcs-revision 1.27)
\pgf@picminx=\dimen141
\pgf@picmaxx=\dimen142
\pgf@picminy=\dimen143
\pgf@picmaxy=\dimen144
\pgf@pathminx=\dimen145
\pgf@pathmaxx=\dimen146
\pgf@pathminy=\dimen147
\pgf@pathmaxy=\dimen148
\pgf@xx=\dimen149
\pgf@xy=\dimen150
\pgf@yx=\dimen151
\pgf@yy=\dimen152
\pgf@zx=\dimen153
\pgf@zy=\dimen154
)
(/usr/local/texlive/2018/texmf-dist/tex/generic/pgf/basiclayer/pgfcorepathconst
ruct.code.tex
File: pgfcorepathconstruct.code.tex 2013/10/07  (rcs-revision 1.29)
\pgf@path@lastx=\dimen155
\pgf@path@lasty=\dimen156
)
(/usr/local/texlive/2018/texmf-dist/tex/generic/pgf/basiclayer/pgfcorepathusage
.code.tex
File: pgfcorepathusage.code.tex 2014/11/02  (rcs-revision 1.24)
\pgf@shorten@end@additional=\dimen157
\pgf@shorten@start@additional=\dimen158
)
(/usr/local/texlive/2018/texmf-dist/tex/generic/pgf/basiclayer/pgfcorescopes.co
de.tex
File: pgfcorescopes.code.tex 2015/05/08  (rcs-revision 1.46)
\pgfpic=\box62
\pgf@hbox=\box63
\pgf@layerbox@main=\box64
\pgf@picture@serial@count=\count132
)
(/usr/local/texlive/2018/texmf-dist/tex/generic/pgf/basiclayer/pgfcoregraphicst
ate.code.tex
File: pgfcoregraphicstate.code.tex 2014/11/02  (rcs-revision 1.12)
\pgflinewidth=\dimen159
)
(/usr/local/texlive/2018/texmf-dist/tex/generic/pgf/basiclayer/pgfcoretransform
ations.code.tex
File: pgfcoretransformations.code.tex 2015/08/07  (rcs-revision 1.20)
\pgf@pt@x=\dimen160
\pgf@pt@y=\dimen161
\pgf@pt@temp=\dimen162
)
(/usr/local/texlive/2018/texmf-dist/tex/generic/pgf/basiclayer/pgfcorequick.cod
e.tex
File: pgfcorequick.code.tex 2008/10/09  (rcs-revision 1.3)
)
(/usr/local/texlive/2018/texmf-dist/tex/generic/pgf/basiclayer/pgfcoreobjects.c
ode.tex
File: pgfcoreobjects.code.tex 2006/10/11  (rcs-revision 1.2)
)
(/usr/local/texlive/2018/texmf-dist/tex/generic/pgf/basiclayer/pgfcorepathproce
ssing.code.tex
File: pgfcorepathprocessing.code.tex 2013/09/09  (rcs-revision 1.9)
)
(/usr/local/texlive/2018/texmf-dist/tex/generic/pgf/basiclayer/pgfcorearrows.co
de.tex
File: pgfcorearrows.code.tex 2015/05/14  (rcs-revision 1.43)
\pgfarrowsep=\dimen163
)
(/usr/local/texlive/2018/texmf-dist/tex/generic/pgf/basiclayer/pgfcoreshade.cod
e.tex
File: pgfcoreshade.code.tex 2013/07/15  (rcs-revision 1.15)
\pgf@max=\dimen164
\pgf@sys@shading@range@num=\count133
)
(/usr/local/texlive/2018/texmf-dist/tex/generic/pgf/basiclayer/pgfcoreimage.cod
e.tex
File: pgfcoreimage.code.tex 2013/07/15  (rcs-revision 1.18)

(/usr/local/texlive/2018/texmf-dist/tex/generic/pgf/basiclayer/pgfcoreexternal.
code.tex
File: pgfcoreexternal.code.tex 2014/07/09  (rcs-revision 1.21)
\pgfexternal@startupbox=\box65
))
(/usr/local/texlive/2018/texmf-dist/tex/generic/pgf/basiclayer/pgfcorelayers.co
de.tex
File: pgfcorelayers.code.tex 2013/07/18  (rcs-revision 1.7)
)
(/usr/local/texlive/2018/texmf-dist/tex/generic/pgf/basiclayer/pgfcoretranspare
ncy.code.tex
File: pgfcoretransparency.code.tex 2013/09/30  (rcs-revision 1.5)
)
(/usr/local/texlive/2018/texmf-dist/tex/generic/pgf/basiclayer/pgfcorepatterns.
code.tex
File: pgfcorepatterns.code.tex 2013/11/07  (rcs-revision 1.5)
)))
(/usr/local/texlive/2018/texmf-dist/tex/generic/pgf/modules/pgfmoduleshapes.cod
e.tex
File: pgfmoduleshapes.code.tex 2014/03/21  (rcs-revision 1.35)
\pgfnodeparttextbox=\box66
)
(/usr/local/texlive/2018/texmf-dist/tex/generic/pgf/modules/pgfmoduleplot.code.
tex
File: pgfmoduleplot.code.tex 2015/08/03  (rcs-revision 1.13)
)
(/usr/local/texlive/2018/texmf-dist/tex/latex/pgf/compatibility/pgfcomp-version
-0-65.sty
Package: pgfcomp-version-0-65 2007/07/03 v3.0.1a (rcs-revision 1.7)
\pgf@nodesepstart=\dimen165
\pgf@nodesepend=\dimen166
)
(/usr/local/texlive/2018/texmf-dist/tex/latex/pgf/compatibility/pgfcomp-version
-1-18.sty
Package: pgfcomp-version-1-18 2007/07/23 v3.0.1a (rcs-revision 1.1)
))
(/usr/local/texlive/2018/texmf-dist/tex/latex/pgf/utilities/pgffor.sty
(/usr/local/texlive/2018/texmf-dist/tex/latex/pgf/utilities/pgfkeys.sty
(/usr/local/texlive/2018/texmf-dist/tex/generic/pgf/utilities/pgfkeys.code.tex)
) (/usr/local/texlive/2018/texmf-dist/tex/latex/pgf/math/pgfmath.sty
(/usr/local/texlive/2018/texmf-dist/tex/generic/pgf/math/pgfmath.code.tex))
(/usr/local/texlive/2018/texmf-dist/tex/generic/pgf/utilities/pgffor.code.tex
Package: pgffor 2013/12/13 v3.0.1a (rcs-revision 1.25)

(/usr/local/texlive/2018/texmf-dist/tex/generic/pgf/math/pgfmath.code.tex)
\pgffor@iter=\dimen167
\pgffor@skip=\dimen168
\pgffor@stack=\toks42
\pgffor@toks=\toks43
))
(/usr/local/texlive/2018/texmf-dist/tex/generic/pgf/frontendlayer/tikz/tikz.cod
e.tex
Package: tikz 2015/08/07 v3.0.1a (rcs-revision 1.151)

(/usr/local/texlive/2018/texmf-dist/tex/generic/pgf/libraries/pgflibraryplothan
dlers.code.tex
File: pgflibraryplothandlers.code.tex 2013/08/31 v3.0.1a (rcs-revision 1.20)
\pgf@plot@mark@count=\count134
\pgfplotmarksize=\dimen169
)
\tikz@lastx=\dimen170
\tikz@lasty=\dimen171
\tikz@lastxsaved=\dimen172
\tikz@lastysaved=\dimen173
\tikzleveldistance=\dimen174
\tikzsiblingdistance=\dimen175
\tikz@figbox=\box67
\tikz@figbox@bg=\box68
\tikz@tempbox=\box69
\tikz@tempbox@bg=\box70
\tikztreelevel=\count135
\tikznumberofchildren=\count136
\tikznumberofcurrentchild=\count137
\tikz@fig@count=\count138

(/usr/local/texlive/2018/texmf-dist/tex/generic/pgf/modules/pgfmodulematrix.cod
e.tex
File: pgfmodulematrix.code.tex 2013/09/17  (rcs-revision 1.8)
\pgfmatrixcurrentrow=\count139
\pgfmatrixcurrentcolumn=\count140
\pgf@matrix@numberofcolumns=\count141
)
\tikz@expandcount=\count142

(/usr/local/texlive/2018/texmf-dist/tex/generic/pgf/frontendlayer/tikz/librarie
s/tikzlibrarytopaths.code.tex
File: tikzlibrarytopaths.code.tex 2008/06/17 v3.0.1a (rcs-revision 1.2)
)))
(/usr/local/texlive/2018/texmf-dist/tex/latex/xargs/xargs.sty
Package: xargs 2008/03/22 v1.1  extended macro definitions  (mpg)

(/usr/local/texlive/2018/texmf-dist/tex/latex/xkeyval/xkeyval.sty
Package: xkeyval 2014/12/03 v2.7a package option processing (HA)

(/usr/local/texlive/2018/texmf-dist/tex/generic/xkeyval/xkeyval.tex
(/usr/local/texlive/2018/texmf-dist/tex/generic/xkeyval/xkvutils.tex
\XKV@toks=\toks44
\XKV@tempa@toks=\toks45
)
\XKV@depth=\count143
File: xkeyval.tex 2014/12/03 v2.7a key=value parser (HA)
))
\xargs@max=\count144
\xargs@toksa=\toks46
\xargs@toksb=\toks47
)
(/usr/local/texlive/2018/texmf-dist/tex/latex/stmaryrd/stmaryrd.sty
Package: stmaryrd 1994/03/03 St Mary's Road symbol package
\symstmry=\mathgroup9
LaTeX Font Info:    Overwriting symbol font `stmry' in version `bold'
(Font)                  U/stmry/m/n --> U/stmry/b/n on input line 89.
)
(/usr/local/texlive/2018/texmf-dist/tex/latex/comment/comment.sty
\CommentStream=\write4

Excluding comment 'comment')
(/usr/local/texlive/2018/texmf-dist/tex/latex/microtype/microtype.sty
Package: microtype 2018/01/14 v2.7a Micro-typographical refinements (RS)
\MT@toks=\toks48
\MT@count=\count145
LaTeX Info: Redefining \textls on input line 793.
\MT@outer@kern=\dimen176
LaTeX Info: Redefining \textmicrotypecontext on input line 1339.
\MT@listname@count=\count146

(/usr/local/texlive/2018/texmf-dist/tex/latex/microtype/microtype-pdftex.def
File: microtype-pdftex.def 2018/01/14 v2.7a Definitions specific to pdftex (RS)

LaTeX Info: Redefining \lsstyle on input line 913.
LaTeX Info: Redefining \lslig on input line 913.
\MT@outer@space=\skip74
)
Package microtype Info: Loading configuration file microtype.cfg.

(/usr/local/texlive/2018/texmf-dist/tex/latex/microtype/microtype.cfg
File: microtype.cfg 2018/01/14 v2.7a microtype main configuration file (RS)
))
(/usr/local/texlive/2018/texmf-dist/tex/latex/booktabs/booktabs.sty
Package: booktabs 2016/04/27 v1.618033 publication quality tables
\heavyrulewidth=\dimen177
\lightrulewidth=\dimen178
\cmidrulewidth=\dimen179
\belowrulesep=\dimen180
\belowbottomsep=\dimen181
\aboverulesep=\dimen182
\abovetopsep=\dimen183
\cmidrulesep=\dimen184
\cmidrulekern=\dimen185
\defaultaddspace=\dimen186
\@cmidla=\count147
\@cmidlb=\count148
\@aboverulesep=\dimen187
\@belowrulesep=\dimen188
\@thisruleclass=\count149
\@lastruleclass=\count150
\@thisrulewidth=\dimen189
)
(/usr/local/texlive/2018/texmf-dist/tex/latex/multirow/multirow.sty
Package: multirow 2016/11/25 v2.2 Span multiple rows of a table
\multirow@colwidth=\skip75
\multirow@cntb=\count151
\multirow@dima=\skip76
\bigstrutjot=\dimen190
)
(/usr/local/texlive/2018/texmf-dist/tex/latex/makecell/makecell.sty
Package: makecell 2009/08/03 V0.1e Managing of Tab Column Heads and Cells

(/usr/local/texlive/2018/texmf-dist/tex/latex/tools/array.sty
Package: array 2018/04/07 v2.4g Tabular extension package (FMi)
\col@sep=\dimen191
\ar@mcellbox=\box71
\extrarowheight=\dimen192
\NC@list=\toks49
\extratabsurround=\skip77
\backup@length=\skip78
\ar@cellbox=\box72
)
\rotheadsize=\dimen193
\c@nlinenum=\count152
\TeXr@lab=\toks50
)
(/usr/local/texlive/2018/texmf-dist/tex/latex/psnfss/pifont.sty
Package: pifont 2005/04/12 PSNFSS-v9.2a Pi font support (SPQR) 
LaTeX Font Info:    Try loading font information for U+pzd on input line 63.

(/usr/local/texlive/2018/texmf-dist/tex/latex/psnfss/upzd.fd
File: upzd.fd 2001/06/04 font definitions for U/pzd.
)
LaTeX Font Info:    Try loading font information for U+psy on input line 64.

(/usr/local/texlive/2018/texmf-dist/tex/latex/psnfss/upsy.fd
File: upsy.fd 2001/06/04 font definitions for U/psy.
))
(/usr/local/texlive/2018/texmf-dist/tex/latex/mathtools/mathtools.sty
Package: mathtools 2018/01/08 v1.21 mathematical typesetting tools

(/usr/local/texlive/2018/texmf-dist/tex/latex/mathtools/mhsetup.sty
Package: mhsetup 2017/03/31 v1.3 programming setup (MH)
)
LaTeX Info: Thecontrolsequence`\('isalreadyrobust on input line 129.
LaTeX Info: Thecontrolsequence`\)'isalreadyrobust on input line 129.
LaTeX Info: Thecontrolsequence`\['isalreadyrobust on input line 129.
LaTeX Info: Thecontrolsequence`\]'isalreadyrobust on input line 129.
\g_MT_multlinerow_int=\count153
\l_MT_multwidth_dim=\dimen194
\origjot=\skip79
\l_MT_shortvdotswithinadjustabove_dim=\dimen195
\l_MT_shortvdotswithinadjustbelow_dim=\dimen196
\l_MT_above_intertext_sep=\dimen197
\l_MT_below_intertext_sep=\dimen198
\l_MT_above_shortintertext_sep=\dimen199
\l_MT_below_shortintertext_sep=\dimen256
)
(/usr/local/texlive/2018/texmf-dist/tex/latex/preprint/balance.sty
Package: balance 1999/02/23 4.3 (PWD)
\oldvsize=\dimen257
)
\c@theorem=\count154
\c@lemma=\count155
\c@remark=\count156
\c@assumption=\count157
\c@proposition=\count158
\c@property=\count159
\c@corollary=\count160
\c@definition=\count161
 (./main.aux)
\openout1 = `main.aux'.

LaTeX Font Info:    Checking defaults for OML/cmm/m/it on input line 104.
LaTeX Font Info:    ... okay on input line 104.
LaTeX Font Info:    Checking defaults for T1/cmr/m/n on input line 104.
LaTeX Font Info:    ... okay on input line 104.
LaTeX Font Info:    Checking defaults for OT1/cmr/m/n on input line 104.
LaTeX Font Info:    ... okay on input line 104.
LaTeX Font Info:    Checking defaults for OMS/cmsy/m/n on input line 104.
LaTeX Font Info:    ... okay on input line 104.
LaTeX Font Info:    Checking defaults for OMX/cmex/m/n on input line 104.
LaTeX Font Info:    ... okay on input line 104.
LaTeX Font Info:    Checking defaults for U/cmr/m/n on input line 104.
LaTeX Font Info:    ... okay on input line 104.
 ABD: EveryShipout initializing macros
(/usr/local/texlive/2018/texmf-dist/tex/context/base/mkii/supp-pdf.mkii
[Loading MPS to PDF converter (version 2006.09.02).]
\scratchcounter=\count162
\scratchdimen=\dimen258
\scratchbox=\box73
\nofMPsegments=\count163
\nofMParguments=\count164
\everyMPshowfont=\toks51
\MPscratchCnt=\count165
\MPscratchDim=\dimen259
\MPnumerator=\count166
\makeMPintoPDFobject=\count167
\everyMPtoPDFconversion=\toks52
) (/usr/local/texlive/2018/texmf-dist/tex/latex/oberdiek/epstopdf-base.sty
Package: epstopdf-base 2016/05/15 v2.6 Base part for package epstopdf

(/usr/local/texlive/2018/texmf-dist/tex/generic/oberdiek/infwarerr.sty
Package: infwarerr 2016/05/16 v1.4 Providing info/warning/error messages (HO)
)
(/usr/local/texlive/2018/texmf-dist/tex/latex/oberdiek/grfext.sty
Package: grfext 2016/05/16 v1.2 Manage graphics extensions (HO)

(/usr/local/texlive/2018/texmf-dist/tex/generic/oberdiek/kvdefinekeys.sty
Package: kvdefinekeys 2016/05/16 v1.4 Define keys (HO)

(/usr/local/texlive/2018/texmf-dist/tex/generic/oberdiek/ltxcmds.sty
Package: ltxcmds 2016/05/16 v1.23 LaTeX kernel commands for general use (HO)
)))
(/usr/local/texlive/2018/texmf-dist/tex/latex/oberdiek/kvoptions.sty
Package: kvoptions 2016/05/16 v3.12 Key value format for package options (HO)

(/usr/local/texlive/2018/texmf-dist/tex/generic/oberdiek/kvsetkeys.sty
Package: kvsetkeys 2016/05/16 v1.17 Key value parser (HO)

(/usr/local/texlive/2018/texmf-dist/tex/generic/oberdiek/etexcmds.sty
Package: etexcmds 2016/05/16 v1.6 Avoid name clashes with e-TeX commands (HO)

(/usr/local/texlive/2018/texmf-dist/tex/generic/oberdiek/ifluatex.sty
Package: ifluatex 2016/05/16 v1.4 Provides the ifluatex switch (HO)
Package ifluatex Info: LuaTeX not detected.
)
Package etexcmds Info: Could not find \expanded.
(etexcmds)             That can mean that you are not using pdfTeX 1.50 or
(etexcmds)             that some package has redefined \expanded.
(etexcmds)             In the latter case, load this package earlier.
)))
(/usr/local/texlive/2018/texmf-dist/tex/generic/oberdiek/pdftexcmds.sty
Package: pdftexcmds 2018/01/30 v0.27 Utility functions of pdfTeX for LuaTeX (HO
)

(/usr/local/texlive/2018/texmf-dist/tex/generic/oberdiek/ifpdf.sty
Package: ifpdf 2017/03/15 v3.2 Provides the ifpdf switch
)
Package pdftexcmds Info: LuaTeX not detected.
Package pdftexcmds Info: \pdf@primitive is available.
Package pdftexcmds Info: \pdf@ifprimitive is available.
Package pdftexcmds Info: \pdfdraftmode found.
)
Package epstopdf-base Info: Redefining graphics rule for `.eps' on input line 4
38.
Package grfext Info: Graphics extension search list:
(grfext)             [.pdf,.png,.jpg,.mps,.jpeg,.jbig2,.jb2,.PDF,.PNG,.JPG,.JPE
G,.JBIG2,.JB2,.eps]
(grfext)             \AppendGraphicsExtensions on input line 456.

(/usr/local/texlive/2018/texmf-dist/tex/latex/latexconfig/epstopdf-sys.cfg
File: epstopdf-sys.cfg 2010/07/13 v1.3 Configuration of (r)epstopdf for TeX Liv
e
))
LaTeX Info: Redefining \microtypecontext on input line 104.
Package microtype Info: Generating PDF output.
Package microtype Info: Character protrusion enabled (level 2).
Package microtype Info: Using default protrusion set `alltext'.
Package microtype Info: Automatic font expansion enabled (level 2),
(microtype)             stretch: 20, shrink: 20, step: 1, non-selected.
Package microtype Info: Using default expansion set `basictext'.
Package microtype Info: No adjustment of tracking.
Package microtype Info: No adjustment of interword spacing.
Package microtype Info: No adjustment of character kerning.

(/usr/local/texlive/2018/texmf-dist/tex/latex/microtype/mt-cmr.cfg
File: mt-cmr.cfg 2013/05/19 v2.2 microtype config. file: Computer Modern Roman 
(RS)
)
LaTeX Font Info:    Font shape `OT1/cmtt/bx/n' in size <14.4> not available
(Font)              Font shape `OT1/cmtt/m/n' tried instead on input line 112.
Package microtype Info: Loading generic protrusion settings for font family
(microtype)             `cmtt' (encoding: OT1).
(microtype)             For optimal results, create family-specific settings.
(microtype)             See the microtype manual for details.
LaTeX Font Info:    Try loading font information for U+msa on input line 112.

(/usr/local/texlive/2018/texmf-dist/tex/latex/amsfonts/umsa.fd
File: umsa.fd 2013/01/14 v3.01 AMS symbols A
)
(/usr/local/texlive/2018/texmf-dist/tex/latex/microtype/mt-msa.cfg
File: mt-msa.cfg 2006/02/04 v1.1 microtype config. file: AMS symbols (a) (RS)
)
LaTeX Font Info:    Try loading font information for U+msb on input line 112.

(/usr/local/texlive/2018/texmf-dist/tex/latex/amsfonts/umsb.fd
File: umsb.fd 2013/01/14 v3.01 AMS symbols B
)
(/usr/local/texlive/2018/texmf-dist/tex/latex/microtype/mt-msb.cfg
File: mt-msb.cfg 2005/06/01 v1.0 microtype config. file: AMS symbols (b) (RS)
)
LaTeX Font Info:    Try loading font information for U+stmry on input line 112.


(/usr/local/texlive/2018/texmf-dist/tex/latex/stmaryrd/Ustmry.fd)
Overfull \hbox (5.1225pt too wide) in paragraph at lines 146--146
 [] 
 []


Underfull \vbox (badness 10000) has occurred while \output is active []

 [1{/usr/local/texlive/2018/texmf-var/fonts/map/pdftex/updmap/pdftex.map}



]
LaTeX Font Info:    Try loading font information for OMS+cmr on input line 206.


(/usr/local/texlive/2018/texmf-dist/tex/latex/base/omscmr.fd
File: omscmr.fd 2014/09/29 v2.5h Standard LaTeX font definitions
)
LaTeX Font Info:    Font shape `OMS/cmr/m/n' in size <10> not available
(Font)              Font shape `OMS/cmsy/m/n' tried instead on input line 206.
 [2]
Underfull \hbox (badness 2057) in paragraph at lines 348--349
[] []\OT1/cmr/bx/n/10 Inputs: $\OML/cmm/b/it/10 x \OMS/cmsy/m/n/10 2 \U/msb/m/n
/10 R[]\OML/cmm/m/it/10 ; t; m; \OT1/cmr/bx/n/10 S[]\OML/cmm/m/it/10 ; h[]\OT1/
cmr/m/n/10 (+20) (1 \OMS/cmsy/m/n/10 ^^T \OML/cmm/m/it/10 i \OMS/cmsy/m/n/10 ^^
T
 []

[3]
LaTeX Font Info:    Font shape `OT1/cmtt/bx/n' in size <12> not available
(Font)              Font shape `OT1/cmtt/m/n' tried instead on input line 371.

Underfull \hbox (badness 5288) in paragraph at lines 400--403
\OT1/cmr/bx/n/10 S[] []$ \OT1/cmr/m/n/10 (+20) and broad-casts $[] \U/msa/m/n/1
0 ,
 []


Overfull \hbox (2.05392pt too wide) detected at line 509
\OT1/cmr/bx/n/9 c[] \OT1/cmr/m/n/9 = \OT1/cmr/bx/n/9 c[] \OMS/cmsy/m/n/9 ^^@ []
 []
 []


Underfull \vbox (badness 10000) has occurred while \output is active []

 [4]
LaTeX Font Info:    Font shape `OT1/cmtt/bx/n' in size <10> not available
(Font)              Font shape `OT1/cmtt/m/n' tried instead on input line 654.

Underfull \hbox (badness 7522) in paragraph at lines 669--670
[]\OT1/cmr/m/it/10 (+20) In the \OT1/cmr/bx/it/10 non-convex \OT1/cmr/m/it/10 (
+20) case, $\OMS/cmsy/m/n/10 f\OML/cmm/b/it/10 x[]\OMS/cmsy/m/n/10 g[]$ \OT1/cm
r/m/it/10 (+20) sat-is-fies
 []

[5]
Underfull \hbox (badness 10000) in paragraph at lines 678--679
$\OMS/cmsy/m/n/10 ^^O$ \OT1/cmtt/m/it/10 FS-PRIVIX\OT1/cmr/m/it/10 (+20) , for 
$\OML/cmm/m/it/10 ^^Q \OT1/cmr/m/n/10 (+20) = []$\OT1/cmr/m/it/10 (+20) :
 []


Underfull \hbox (badness 10000) in paragraph at lines 678--679
\OML/cmm/m/it/10 R \OT1/cmr/m/n/10 (+20) = \OML/cmm/m/it/10 O []$ \OT1/cmr/m/it
/10 (+20) and $\OML/cmm/m/it/10 ^^\ \OT1/cmr/m/n/10 (+20) =
 []


Underfull \hbox (badness 10000) in paragraph at lines 680--681
$\OMS/cmsy/m/n/10 ^^O$ \OT1/cmtt/m/it/10 FS-HEAPRIX\OT1/cmr/m/it/10 (+20) , for
 $\OML/cmm/m/it/10 ^^Q \OT1/cmr/m/n/10 (+20) = []$\OT1/cmr/m/it/10 (+20) :
 []


Underfull \hbox (badness 10000) in paragraph at lines 680--681
\OML/cmm/m/it/10 R \OT1/cmr/m/n/10 (+20) = \OML/cmm/m/it/10 O []$ \OT1/cmr/m/it
/10 (+20) and
 []


Underfull \hbox (badness 10000) in paragraph at lines 683--684
[]\OT1/cmr/m/it/10 (+20) In the \OT1/cmr/bx/it/10 Con-vex \OT1/cmr/m/it/10 (+20
) case, $\OMS/cmsy/m/n/10 f\OML/cmm/b/it/10 x[]\OMS/cmsy/m/n/10 g[]$ \OT1/cmr/m
/it/10 (+20) sat-is-fies
 []


Underfull \hbox (badness 10000) in paragraph at lines 686--688
$\OMS/cmsy/m/n/10 ^^O$ \OT1/cmtt/m/it/10 FS-PRIVIX\OT1/cmr/m/it/10 (+20) , for 
$\OML/cmm/m/it/10 ^^Q \OT1/cmr/m/n/10 (+20) = []$\OT1/cmr/m/it/10 (+20) :
 []


Underfull \hbox (badness 10000) in paragraph at lines 686--688
\OML/cmm/m/it/10 R \OT1/cmr/m/n/10 (+20) = \OML/cmm/m/it/10 O []$ \OT1/cmr/m/it
/10 (+20) and $\OML/cmm/m/it/10 ^^\ \OT1/cmr/m/n/10 (+20) =
 []


Underfull \hbox (badness 10000) in paragraph at lines 689--690
$\OMS/cmsy/m/n/10 ^^O$ \OT1/cmtt/m/it/10 FS-HEAPRIX\OT1/cmr/m/it/10 (+20) , for
 $\OML/cmm/m/it/10 ^^Q \OT1/cmr/m/n/10 (+20) = []$\OT1/cmr/m/it/10 (+20) :
 []


Underfull \hbox (badness 10000) in paragraph at lines 689--690
\OML/cmm/m/it/10 R \OT1/cmr/m/n/10 (+20) = \OML/cmm/m/it/10 O []$ \OT1/cmr/m/it
/10 (+20) and
 []


Underfull \hbox (badness 1460) in paragraph at lines 702--709
\OT1/cmr/m/n/10 (+20) fore, we ob-tain stronger re-sult with weaker as-
 []


Underfull \vbox (badness 5077) has occurred while \output is active []


Underfull \hbox (badness 3343) in paragraph at lines 783--784
$\OMS/cmsy/m/n/10 ^^O$ \OT1/cmtt/m/it/10 FS-HEAPRIX\OT1/cmr/m/it/10 (+20) , for
 $\OML/cmm/m/it/10 ^^Q \OT1/cmr/m/n/10 (+20) = \OML/cmm/m/it/10 m=\OT1/cmr/m/n/
10 (+20) (2\OML/cmm/m/it/10 cLd^^\^^M\OT1/cmr/m/n/10 (+20) )$\OT1/cmr/m/it/10 (
+20) : $\OML/cmm/m/it/10 R \OT1/cmr/m/n/10 (+20) =
 []


Underfull \hbox (badness 3343) in paragraph at lines 789--791
$\OMS/cmsy/m/n/10 ^^O$ \OT1/cmtt/m/it/10 FS-HEAPRIX\OT1/cmr/m/it/10 (+20) , for
 $\OML/cmm/m/it/10 ^^Q \OT1/cmr/m/n/10 (+20) = \OML/cmm/m/it/10 m=\OT1/cmr/m/n/
10 (+20) (2\OML/cmm/m/it/10 Lcd^^\^^M\OT1/cmr/m/n/10 (+20) )$\OT1/cmr/m/it/10 (
+20) : $\OML/cmm/m/it/10 R \OT1/cmr/m/n/10 (+20) =
 []

[6]

LaTeX Warning: Reference `table:1' on page 7 undefined on input line 853.


LaTeX Warning: Reference `table:2' on page 7 undefined on input line 853.

Package epstopdf Info: Source file: <MNIST_figures/local1_sketch20_iid1_train_l
oss.eps>
(epstopdf)                    date: 2021-06-29 10:24:50
(epstopdf)                    size: 21349 bytes
(epstopdf)             Output file: <MNIST_figures/local1_sketch20_iid1_train_l
oss-eps-converted-to.pdf>
(epstopdf)                    date: 2021-06-29 10:24:50
(epstopdf)                    size: 9583 bytes
(epstopdf)             Command: <repstopdf --outfile=MNIST_figures/local1_sketc
h20_iid1_train_loss-eps-converted-to.pdf MNIST_figures/local1_sketch20_iid1_tra
in_loss.eps>
(epstopdf)             \includegraphics on input line 902.
Package epstopdf Info: Output file is already uptodate.
<MNIST_figures/local1_sketch20_iid1_train_loss-eps-converted-to.pdf, id=57, 421
.575pt x 316.18124pt>
File: MNIST_figures/local1_sketch20_iid1_train_loss-eps-converted-to.pdf Graphi
c file (type pdf)
<use MNIST_figures/local1_sketch20_iid1_train_loss-eps-converted-to.pdf>
Package pdftex.def Info: MNIST_figures/local1_sketch20_iid1_train_loss-eps-conv
erted-to.pdf  used on input line 902.
(pdftex.def)             Requested size: 104.79128pt x 78.5916pt.
Package epstopdf Info: Source file: <MNIST_figures/local1_sketch20_iid1_test_ac
c.eps>
(epstopdf)                    date: 2021-06-29 10:24:50
(epstopdf)                    size: 18373 bytes
(epstopdf)             Output file: <MNIST_figures/local1_sketch20_iid1_test_ac
c-eps-converted-to.pdf>
(epstopdf)                    date: 2021-06-29 10:24:50
(epstopdf)                    size: 9950 bytes
(epstopdf)             Command: <repstopdf --outfile=MNIST_figures/local1_sketc
h20_iid1_test_acc-eps-converted-to.pdf MNIST_figures/local1_sketch20_iid1_test_
acc.eps>
(epstopdf)             \includegraphics on input line 902.
Package epstopdf Info: Output file is already uptodate.
<MNIST_figures/local1_sketch20_iid1_test_acc-eps-converted-to.pdf, id=58, 421.5
75pt x 316.18124pt>
File: MNIST_figures/local1_sketch20_iid1_test_acc-eps-converted-to.pdf Graphic 
file (type pdf)
<use MNIST_figures/local1_sketch20_iid1_test_acc-eps-converted-to.pdf>
Package pdftex.def Info: MNIST_figures/local1_sketch20_iid1_test_acc-eps-conver
ted-to.pdf  used on input line 902.
(pdftex.def)             Requested size: 104.79128pt x 78.5916pt.
Package epstopdf Info: Source file: <MNIST_figures/local5_sketch20_iid1_train_l
oss.eps>
(epstopdf)                    date: 2021-06-29 10:24:50
(epstopdf)                    size: 22311 bytes
(epstopdf)             Output file: <MNIST_figures/local5_sketch20_iid1_train_l
oss-eps-converted-to.pdf>
(epstopdf)                    date: 2021-06-29 10:24:50
(epstopdf)                    size: 9703 bytes
(epstopdf)             Command: <repstopdf --outfile=MNIST_figures/local5_sketc
h20_iid1_train_loss-eps-converted-to.pdf MNIST_figures/local5_sketch20_iid1_tra
in_loss.eps>
(epstopdf)             \includegraphics on input line 906.
Package epstopdf Info: Output file is already uptodate.
<MNIST_figures/local5_sketch20_iid1_train_loss-eps-converted-to.pdf, id=59, 421
.575pt x 316.18124pt>
File: MNIST_figures/local5_sketch20_iid1_train_loss-eps-converted-to.pdf Graphi
c file (type pdf)
<use MNIST_figures/local5_sketch20_iid1_train_loss-eps-converted-to.pdf>
Package pdftex.def Info: MNIST_figures/local5_sketch20_iid1_train_loss-eps-conv
erted-to.pdf  used on input line 906.
(pdftex.def)             Requested size: 104.79128pt x 78.5916pt.
Package epstopdf Info: Source file: <MNIST_figures/local5_sketch20_iid1_test_ac
c.eps>
(epstopdf)                    date: 2021-06-29 10:24:50
(epstopdf)                    size: 18759 bytes
(epstopdf)             Output file: <MNIST_figures/local5_sketch20_iid1_test_ac
c-eps-converted-to.pdf>
(epstopdf)                    date: 2021-06-29 10:24:50
(epstopdf)                    size: 10006 bytes
(epstopdf)             Command: <repstopdf --outfile=MNIST_figures/local5_sketc
h20_iid1_test_acc-eps-converted-to.pdf MNIST_figures/local5_sketch20_iid1_test_
acc.eps>
(epstopdf)             \includegraphics on input line 906.
Package epstopdf Info: Output file is already uptodate.
<MNIST_figures/local5_sketch20_iid1_test_acc-eps-converted-to.pdf, id=60, 421.5
75pt x 316.18124pt>
File: MNIST_figures/local5_sketch20_iid1_test_acc-eps-converted-to.pdf Graphic 
file (type pdf)
<use MNIST_figures/local5_sketch20_iid1_test_acc-eps-converted-to.pdf>
Package pdftex.def Info: MNIST_figures/local5_sketch20_iid1_test_acc-eps-conver
ted-to.pdf  used on input line 906.
(pdftex.def)             Requested size: 104.79128pt x 78.5916pt.
Package epstopdf Info: Source file: <MNIST_figures/local1_sketch50_iid1_train_l
oss.eps>
(epstopdf)                    date: 2021-06-29 10:24:50
(epstopdf)                    size: 21360 bytes
(epstopdf)             Output file: <MNIST_figures/local1_sketch50_iid1_train_l
oss-eps-converted-to.pdf>
(epstopdf)                    date: 2021-06-29 10:24:50
(epstopdf)                    size: 9543 bytes
(epstopdf)             Command: <repstopdf --outfile=MNIST_figures/local1_sketc
h50_iid1_train_loss-eps-converted-to.pdf MNIST_figures/local1_sketch50_iid1_tra
in_loss.eps>
(epstopdf)             \includegraphics on input line 910.
Package epstopdf Info: Output file is already uptodate.
<MNIST_figures/local1_sketch50_iid1_train_loss-eps-converted-to.pdf, id=61, 421
.575pt x 316.18124pt>
File: MNIST_figures/local1_sketch50_iid1_train_loss-eps-converted-to.pdf Graphi
c file (type pdf)
<use MNIST_figures/local1_sketch50_iid1_train_loss-eps-converted-to.pdf>
Package pdftex.def Info: MNIST_figures/local1_sketch50_iid1_train_loss-eps-conv
erted-to.pdf  used on input line 910.
(pdftex.def)             Requested size: 104.79128pt x 78.5916pt.
Package epstopdf Info: Source file: <MNIST_figures/local1_sketch50_iid1_test_ac
c.eps>
(epstopdf)                    date: 2021-06-29 10:24:50
(epstopdf)                    size: 18772 bytes
(epstopdf)             Output file: <MNIST_figures/local1_sketch50_iid1_test_ac
c-eps-converted-to.pdf>
(epstopdf)                    date: 2021-06-29 10:24:50
(epstopdf)                    size: 10007 bytes
(epstopdf)             Command: <repstopdf --outfile=MNIST_figures/local1_sketc
h50_iid1_test_acc-eps-converted-to.pdf MNIST_figures/local1_sketch50_iid1_test_
acc.eps>
(epstopdf)             \includegraphics on input line 910.
Package epstopdf Info: Output file is already uptodate.
<MNIST_figures/local1_sketch50_iid1_test_acc-eps-converted-to.pdf, id=62, 421.5
75pt x 316.18124pt>
File: MNIST_figures/local1_sketch50_iid1_test_acc-eps-converted-to.pdf Graphic 
file (type pdf)
<use MNIST_figures/local1_sketch50_iid1_test_acc-eps-converted-to.pdf>
Package pdftex.def Info: MNIST_figures/local1_sketch50_iid1_test_acc-eps-conver
ted-to.pdf  used on input line 910.
(pdftex.def)             Requested size: 104.79128pt x 78.5916pt.
Package epstopdf Info: Source file: <MNIST_figures/local5_sketch50_iid1_train_l
oss.eps>
(epstopdf)                    date: 2021-06-29 10:24:50
(epstopdf)                    size: 22332 bytes
(epstopdf)             Output file: <MNIST_figures/local5_sketch50_iid1_train_l
oss-eps-converted-to.pdf>
(epstopdf)                    date: 2021-06-29 10:24:50
(epstopdf)                    size: 9600 bytes
(epstopdf)             Command: <repstopdf --outfile=MNIST_figures/local5_sketc
h50_iid1_train_loss-eps-converted-to.pdf MNIST_figures/local5_sketch50_iid1_tra
in_loss.eps>
(epstopdf)             \includegraphics on input line 914.
Package epstopdf Info: Output file is already uptodate.
<MNIST_figures/local5_sketch50_iid1_train_loss-eps-converted-to.pdf, id=63, 421
.575pt x 316.18124pt>
File: MNIST_figures/local5_sketch50_iid1_train_loss-eps-converted-to.pdf Graphi
c file (type pdf)
<use MNIST_figures/local5_sketch50_iid1_train_loss-eps-converted-to.pdf>
Package pdftex.def Info: MNIST_figures/local5_sketch50_iid1_train_loss-eps-conv
erted-to.pdf  used on input line 914.
(pdftex.def)             Requested size: 104.79128pt x 78.5916pt.
Package epstopdf Info: Source file: <MNIST_figures/local5_sketch50_iid1_test_ac
c.eps>
(epstopdf)                    date: 2021-06-29 10:24:50
(epstopdf)                    size: 18339 bytes
(epstopdf)             Output file: <MNIST_figures/local5_sketch50_iid1_test_ac
c-eps-converted-to.pdf>
(epstopdf)                    date: 2021-06-29 10:24:50
(epstopdf)                    size: 9852 bytes
(epstopdf)             Command: <repstopdf --outfile=MNIST_figures/local5_sketc
h50_iid1_test_acc-eps-converted-to.pdf MNIST_figures/local5_sketch50_iid1_test_
acc.eps>
(epstopdf)             \includegraphics on input line 914.
Package epstopdf Info: Output file is already uptodate.
<MNIST_figures/local5_sketch50_iid1_test_acc-eps-converted-to.pdf, id=64, 421.5
75pt x 316.18124pt>
File: MNIST_figures/local5_sketch50_iid1_test_acc-eps-converted-to.pdf Graphic 
file (type pdf)
<use MNIST_figures/local5_sketch50_iid1_test_acc-eps-converted-to.pdf>
Package pdftex.def Info: MNIST_figures/local5_sketch50_iid1_test_acc-eps-conver
ted-to.pdf  used on input line 914.
(pdftex.def)             Requested size: 104.79128pt x 78.5916pt.
[7 <./MNIST_figures/local1_sketch20_iid1_train_loss-eps-converted-to.pdf> <./MN
IST_figures/local1_sketch20_iid1_test_acc-eps-converted-to.pdf> <./MNIST_figure
s/local5_sketch20_iid1_train_loss-eps-converted-to.pdf> <./MNIST_figures/local5
_sketch20_iid1_test_acc-eps-converted-to.pdf> <./MNIST_figures/local1_sketch50_
iid1_train_loss-eps-converted-to.pdf> <./MNIST_figures/local1_sketch50_iid1_tes
t_acc-eps-converted-to.pdf> <./MNIST_figures/local5_sketch50_iid1_train_loss-ep
s-converted-to.pdf> <./MNIST_figures/local5_sketch50_iid1_test_acc-eps-converte
d-to.pdf>]
Package epstopdf Info: Source file: <MNIST_figures/local1_sketch20_iid0_train_l
oss.eps>
(epstopdf)                    date: 2021-06-29 10:24:50
(epstopdf)                    size: 22918 bytes
(epstopdf)             Output file: <MNIST_figures/local1_sketch20_iid0_train_l
oss-eps-converted-to.pdf>
(epstopdf)                    date: 2021-06-29 10:24:50
(epstopdf)                    size: 10661 bytes
(epstopdf)             Command: <repstopdf --outfile=MNIST_figures/local1_sketc
h20_iid0_train_loss-eps-converted-to.pdf MNIST_figures/local1_sketch20_iid0_tra
in_loss.eps>
(epstopdf)             \includegraphics on input line 953.
Package epstopdf Info: Output file is already uptodate.
<MNIST_figures/local1_sketch20_iid0_train_loss-eps-converted-to.pdf, id=133, 42
1.575pt x 316.18124pt>
File: MNIST_figures/local1_sketch20_iid0_train_loss-eps-converted-to.pdf Graphi
c file (type pdf)
<use MNIST_figures/local1_sketch20_iid0_train_loss-eps-converted-to.pdf>
Package pdftex.def Info: MNIST_figures/local1_sketch20_iid0_train_loss-eps-conv
erted-to.pdf  used on input line 953.
(pdftex.def)             Requested size: 104.79128pt x 78.5916pt.
Package epstopdf Info: Source file: <MNIST_figures/local1_sketch20_iid0_test_ac
c.eps>
(epstopdf)                    date: 2021-06-29 10:24:50
(epstopdf)                    size: 91340 bytes
(epstopdf)             Output file: <MNIST_figures/local1_sketch20_iid0_test_ac
c-eps-converted-to.pdf>
(epstopdf)                    date: 2021-06-29 10:24:50
(epstopdf)                    size: 88598 bytes
(epstopdf)             Command: <repstopdf --outfile=MNIST_figures/local1_sketc
h20_iid0_test_acc-eps-converted-to.pdf MNIST_figures/local1_sketch20_iid0_test_
acc.eps>
(epstopdf)             \includegraphics on input line 953.
Package epstopdf Info: Output file is already uptodate.
<MNIST_figures/local1_sketch20_iid0_test_acc-eps-converted-to.pdf, id=134, 421.
575pt x 316.18124pt>
File: MNIST_figures/local1_sketch20_iid0_test_acc-eps-converted-to.pdf Graphic 
file (type pdf)
<use MNIST_figures/local1_sketch20_iid0_test_acc-eps-converted-to.pdf>
Package pdftex.def Info: MNIST_figures/local1_sketch20_iid0_test_acc-eps-conver
ted-to.pdf  used on input line 953.
(pdftex.def)             Requested size: 104.79128pt x 78.5916pt.
Package epstopdf Info: Source file: <MNIST_figures/local5_sketch20_iid0_train_l
oss.eps>
(epstopdf)                    date: 2021-06-29 10:24:50
(epstopdf)                    size: 24044 bytes
(epstopdf)             Output file: <MNIST_figures/local5_sketch20_iid0_train_l
oss-eps-converted-to.pdf>
(epstopdf)                    date: 2021-06-29 10:24:50
(epstopdf)                    size: 10811 bytes
(epstopdf)             Command: <repstopdf --outfile=MNIST_figures/local5_sketc
h20_iid0_train_loss-eps-converted-to.pdf MNIST_figures/local5_sketch20_iid0_tra
in_loss.eps>
(epstopdf)             \includegraphics on input line 957.
Package epstopdf Info: Output file is already uptodate.
<MNIST_figures/local5_sketch20_iid0_train_loss-eps-converted-to.pdf, id=135, 42
1.575pt x 316.18124pt>
File: MNIST_figures/local5_sketch20_iid0_train_loss-eps-converted-to.pdf Graphi
c file (type pdf)
<use MNIST_figures/local5_sketch20_iid0_train_loss-eps-converted-to.pdf>
Package pdftex.def Info: MNIST_figures/local5_sketch20_iid0_train_loss-eps-conv
erted-to.pdf  used on input line 957.
(pdftex.def)             Requested size: 104.79128pt x 78.5916pt.
Package epstopdf Info: Source file: <MNIST_figures/local5_sketch20_iid0_test_ac
c.eps>
(epstopdf)                    date: 2021-06-29 10:24:50
(epstopdf)                    size: 92049 bytes
(epstopdf)             Output file: <MNIST_figures/local5_sketch20_iid0_test_ac
c-eps-converted-to.pdf>
(epstopdf)                    date: 2021-06-29 10:24:50
(epstopdf)                    size: 89545 bytes
(epstopdf)             Command: <repstopdf --outfile=MNIST_figures/local5_sketc
h20_iid0_test_acc-eps-converted-to.pdf MNIST_figures/local5_sketch20_iid0_test_
acc.eps>
(epstopdf)             \includegraphics on input line 957.
Package epstopdf Info: Output file is already uptodate.
<MNIST_figures/local5_sketch20_iid0_test_acc-eps-converted-to.pdf, id=136, 421.
575pt x 316.18124pt>
File: MNIST_figures/local5_sketch20_iid0_test_acc-eps-converted-to.pdf Graphic 
file (type pdf)
<use MNIST_figures/local5_sketch20_iid0_test_acc-eps-converted-to.pdf>
Package pdftex.def Info: MNIST_figures/local5_sketch20_iid0_test_acc-eps-conver
ted-to.pdf  used on input line 957.
(pdftex.def)             Requested size: 104.79128pt x 78.5916pt.
Package epstopdf Info: Source file: <MNIST_figures/local1_sketch50_iid0_train_l
oss.eps>
(epstopdf)                    date: 2021-06-29 10:24:50
(epstopdf)                    size: 23266 bytes
(epstopdf)             Output file: <MNIST_figures/local1_sketch50_iid0_train_l
oss-eps-converted-to.pdf>
(epstopdf)                    date: 2021-06-29 10:24:50
(epstopdf)                    size: 10654 bytes
(epstopdf)             Command: <repstopdf --outfile=MNIST_figures/local1_sketc
h50_iid0_train_loss-eps-converted-to.pdf MNIST_figures/local1_sketch50_iid0_tra
in_loss.eps>
(epstopdf)             \includegraphics on input line 961.
Package epstopdf Info: Output file is already uptodate.
<MNIST_figures/local1_sketch50_iid0_train_loss-eps-converted-to.pdf, id=137, 42
1.575pt x 316.18124pt>
File: MNIST_figures/local1_sketch50_iid0_train_loss-eps-converted-to.pdf Graphi
c file (type pdf)
<use MNIST_figures/local1_sketch50_iid0_train_loss-eps-converted-to.pdf>
Package pdftex.def Info: MNIST_figures/local1_sketch50_iid0_train_loss-eps-conv
erted-to.pdf  used on input line 961.
(pdftex.def)             Requested size: 104.79128pt x 78.5916pt.
Package epstopdf Info: Source file: <MNIST_figures/local1_sketch50_iid0_test_ac
c.eps>
(epstopdf)                    date: 2021-06-29 10:24:50
(epstopdf)                    size: 87854 bytes
(epstopdf)             Output file: <MNIST_figures/local1_sketch50_iid0_test_ac
c-eps-converted-to.pdf>
(epstopdf)                    date: 2021-06-29 10:24:50
(epstopdf)                    size: 85457 bytes
(epstopdf)             Command: <repstopdf --outfile=MNIST_figures/local1_sketc
h50_iid0_test_acc-eps-converted-to.pdf MNIST_figures/local1_sketch50_iid0_test_
acc.eps>
(epstopdf)             \includegraphics on input line 961.
Package epstopdf Info: Output file is already uptodate.
<MNIST_figures/local1_sketch50_iid0_test_acc-eps-converted-to.pdf, id=138, 421.
575pt x 316.18124pt>
File: MNIST_figures/local1_sketch50_iid0_test_acc-eps-converted-to.pdf Graphic 
file (type pdf)
<use MNIST_figures/local1_sketch50_iid0_test_acc-eps-converted-to.pdf>
Package pdftex.def Info: MNIST_figures/local1_sketch50_iid0_test_acc-eps-conver
ted-to.pdf  used on input line 961.
(pdftex.def)             Requested size: 104.79128pt x 78.5916pt.
Package epstopdf Info: Source file: <MNIST_figures/local5_sketch50_iid0_train_l
oss.eps>
(epstopdf)                    date: 2021-06-29 10:24:50
(epstopdf)                    size: 24412 bytes
(epstopdf)             Output file: <MNIST_figures/local5_sketch50_iid0_train_l
oss-eps-converted-to.pdf>
(epstopdf)                    date: 2021-06-29 10:24:50
(epstopdf)                    size: 10732 bytes
(epstopdf)             Command: <repstopdf --outfile=MNIST_figures/local5_sketc
h50_iid0_train_loss-eps-converted-to.pdf MNIST_figures/local5_sketch50_iid0_tra
in_loss.eps>
(epstopdf)             \includegraphics on input line 965.
Package epstopdf Info: Output file is already uptodate.
<MNIST_figures/local5_sketch50_iid0_train_loss-eps-converted-to.pdf, id=139, 42
1.575pt x 316.18124pt>
File: MNIST_figures/local5_sketch50_iid0_train_loss-eps-converted-to.pdf Graphi
c file (type pdf)
<use MNIST_figures/local5_sketch50_iid0_train_loss-eps-converted-to.pdf>
Package pdftex.def Info: MNIST_figures/local5_sketch50_iid0_train_loss-eps-conv
erted-to.pdf  used on input line 965.
(pdftex.def)             Requested size: 104.79128pt x 78.5916pt.
Package epstopdf Info: Source file: <MNIST_figures/local5_sketch50_iid0_test_ac
c.eps>
(epstopdf)                    date: 2021-06-29 10:24:50
(epstopdf)                    size: 89279 bytes
(epstopdf)             Output file: <MNIST_figures/local5_sketch50_iid0_test_ac
c-eps-converted-to.pdf>
(epstopdf)                    date: 2021-06-29 10:24:50
(epstopdf)                    size: 86292 bytes
(epstopdf)             Command: <repstopdf --outfile=MNIST_figures/local5_sketc
h50_iid0_test_acc-eps-converted-to.pdf MNIST_figures/local5_sketch50_iid0_test_
acc.eps>
(epstopdf)             \includegraphics on input line 965.
Package epstopdf Info: Output file is already uptodate.
<MNIST_figures/local5_sketch50_iid0_test_acc-eps-converted-to.pdf, id=140, 421.
575pt x 316.18124pt>
File: MNIST_figures/local5_sketch50_iid0_test_acc-eps-converted-to.pdf Graphic 
file (type pdf)
<use MNIST_figures/local5_sketch50_iid0_test_acc-eps-converted-to.pdf>
Package pdftex.def Info: MNIST_figures/local5_sketch50_iid0_test_acc-eps-conver
ted-to.pdf  used on input line 965.
(pdftex.def)             Requested size: 104.79128pt x 78.5916pt.

Underfull \vbox (badness 3657) has occurred while \output is active []

 [8 <./MNIST_figures/local1_sketch20_iid0_train_loss-eps-converted-to.pdf> <./M
NIST_figures/local1_sketch20_iid0_test_acc-eps-converted-to.pdf> <./MNIST_figur
es/local5_sketch20_iid0_train_loss-eps-converted-to.pdf> <./MNIST_figures/local
5_sketch20_iid0_test_acc-eps-converted-to.pdf> <./MNIST_figures/local1_sketch50
_iid0_train_loss-eps-converted-to.pdf> <./MNIST_figures/local1_sketch50_iid0_te
st_acc-eps-converted-to.pdf> <./MNIST_figures/local5_sketch50_iid0_train_loss-e
ps-converted-to.pdf> <./MNIST_figures/local5_sketch50_iid0_test_acc-eps-convert
ed-to.pdf>]
Underfull \hbox (badness 4859) in paragraph at lines 988--992
\OT1/cmr/m/n/10 (+20) In this pa-per, we in-tro-duced \OT1/cmtt/m/n/10 FedSKETC
H \OT1/cmr/m/n/10 (+20) and
 []

[9

] (./main.bbl
Underfull \hbox (badness 3803) in paragraph at lines 56--62
\OT1/cmr/m/it/10 (+20) o-ret-i-cal Com-puter Sci-ence\OT1/cmr/m/n/10 (+20) , 31
2(1):3--15, 2004.
 []


Underfull \hbox (badness 7468) in paragraph at lines 56--62
\OT1/cmr/m/n/10 (+20) doi: 10.1016/S0304-3975(03)00400-6.  URL
 []


Overfull \hbox (12.15268pt too wide) in paragraph at lines 56--62
\OT1/cmtt/m/n/10 https://doi.org/10.1016/S0304-3975(03)00400-6\OT1/cmr/m/n/10 (
-20) . 
 []

[10

]
Underfull \hbox (badness 1668) in paragraph at lines 217--220
\OT1/cmr/m/n/10 (+20) Y. Cheng.  Vari-ance re-duced lo-cal sgd with
 []


Underfull \hbox (badness 1122) in paragraph at lines 308--312
\OT1/cmr/m/n/10 (+20) communication-efficient sgd al-go-rithms.  \OT1/cmr/m/it/
10 (+20) arXiv
 []

[11]) [12

] [13


] [14]

LaTeX Warning: Reference `table:1' on page 15 undefined on input line 1116.


LaTeX Warning: Reference `table:2' on page 15 undefined on input line 1116.

[15

]
Missing character: There is no  in font cmr7!
Missing character: There is no  in font cmr7!
Missing character: There is no  in font cmr7!
Missing character: There is no  in font cmr7!
 [16

] [17] [18] [19] [20] [21] [22] [23]
LaTeX Font Info:    Font shape `OMS/cmr/m/it' in size <10> not available
(Font)              Font shape `OMS/cmsy/m/n' tried instead on input line 1640.

 [24]
Package epstopdf Info: Source file: <MNIST_figures/local1_sketch20_iid1_train_l
oss.eps>
(epstopdf)                    date: 2021-06-29 10:24:50
(epstopdf)                    size: 21349 bytes
(epstopdf)             Output file: <MNIST_figures/local1_sketch20_iid1_train_l
oss-eps-converted-to.pdf>
(epstopdf)                    date: 2021-06-29 10:24:50
(epstopdf)                    size: 9583 bytes
(epstopdf)             Command: <repstopdf --outfile=MNIST_figures/local1_sketc
h20_iid1_train_loss-eps-converted-to.pdf MNIST_figures/local1_sketch20_iid1_tra
in_loss.eps>
(epstopdf)             \includegraphics on input line 1716.
Package epstopdf Info: Output file is already uptodate.
File: MNIST_figures/local1_sketch20_iid1_train_loss-eps-converted-to.pdf Graphi
c file (type pdf)
<use MNIST_figures/local1_sketch20_iid1_train_loss-eps-converted-to.pdf>
Package pdftex.def Info: MNIST_figures/local1_sketch20_iid1_train_loss-eps-conv
erted-to.pdf  used on input line 1716.
(pdftex.def)             Requested size: 137.31255pt x 102.98444pt.
Package epstopdf Info: Source file: <MNIST_figures/local2_sketch20_iid1_train_l
oss.eps>
(epstopdf)                    date: 2021-06-29 10:24:50
(epstopdf)                    size: 21092 bytes
(epstopdf)             Output file: <MNIST_figures/local2_sketch20_iid1_train_l
oss-eps-converted-to.pdf>
(epstopdf)                    date: 2021-06-29 10:24:50
(epstopdf)                    size: 9268 bytes
(epstopdf)             Command: <repstopdf --outfile=MNIST_figures/local2_sketc
h20_iid1_train_loss-eps-converted-to.pdf MNIST_figures/local2_sketch20_iid1_tra
in_loss.eps>
(epstopdf)             \includegraphics on input line 1716.
Package epstopdf Info: Output file is already uptodate.
<MNIST_figures/local2_sketch20_iid1_train_loss-eps-converted-to.pdf, id=253, 42
1.575pt x 316.18124pt>
File: MNIST_figures/local2_sketch20_iid1_train_loss-eps-converted-to.pdf Graphi
c file (type pdf)
<use MNIST_figures/local2_sketch20_iid1_train_loss-eps-converted-to.pdf>
Package pdftex.def Info: MNIST_figures/local2_sketch20_iid1_train_loss-eps-conv
erted-to.pdf  used on input line 1716.
(pdftex.def)             Requested size: 137.31255pt x 102.98444pt.
Package epstopdf Info: Source file: <MNIST_figures/local5_sketch20_iid1_train_l
oss.eps>
(epstopdf)                    date: 2021-06-29 10:24:50
(epstopdf)                    size: 22311 bytes
(epstopdf)             Output file: <MNIST_figures/local5_sketch20_iid1_train_l
oss-eps-converted-to.pdf>
(epstopdf)                    date: 2021-06-29 10:24:50
(epstopdf)                    size: 9703 bytes
(epstopdf)             Command: <repstopdf --outfile=MNIST_figures/local5_sketc
h20_iid1_train_loss-eps-converted-to.pdf MNIST_figures/local5_sketch20_iid1_tra
in_loss.eps>
(epstopdf)             \includegraphics on input line 1716.
Package epstopdf Info: Output file is already uptodate.
File: MNIST_figures/local5_sketch20_iid1_train_loss-eps-converted-to.pdf Graphi
c file (type pdf)
<use MNIST_figures/local5_sketch20_iid1_train_loss-eps-converted-to.pdf>
Package pdftex.def Info: MNIST_figures/local5_sketch20_iid1_train_loss-eps-conv
erted-to.pdf  used on input line 1716.
(pdftex.def)             Requested size: 137.31255pt x 102.98444pt.
Package epstopdf Info: Source file: <MNIST_figures/local1_sketch20_iid1_test_ac
c.eps>
(epstopdf)                    date: 2021-06-29 10:24:50
(epstopdf)                    size: 18373 bytes
(epstopdf)             Output file: <MNIST_figures/local1_sketch20_iid1_test_ac
c-eps-converted-to.pdf>
(epstopdf)                    date: 2021-06-29 10:24:50
(epstopdf)                    size: 9950 bytes
(epstopdf)             Command: <repstopdf --outfile=MNIST_figures/local1_sketc
h20_iid1_test_acc-eps-converted-to.pdf MNIST_figures/local1_sketch20_iid1_test_
acc.eps>
(epstopdf)             \includegraphics on input line 1722.
Package epstopdf Info: Output file is already uptodate.
File: MNIST_figures/local1_sketch20_iid1_test_acc-eps-converted-to.pdf Graphic 
file (type pdf)
<use MNIST_figures/local1_sketch20_iid1_test_acc-eps-converted-to.pdf>
Package pdftex.def Info: MNIST_figures/local1_sketch20_iid1_test_acc-eps-conver
ted-to.pdf  used on input line 1722.
(pdftex.def)             Requested size: 137.31255pt x 102.98444pt.
Package epstopdf Info: Source file: <MNIST_figures/local2_sketch20_iid1_test_ac
c.eps>
(epstopdf)                    date: 2021-06-29 10:24:50
(epstopdf)                    size: 17773 bytes
(epstopdf)             Output file: <MNIST_figures/local2_sketch20_iid1_test_ac
c-eps-converted-to.pdf>
(epstopdf)                    date: 2021-06-29 10:24:50
(epstopdf)                    size: 9565 bytes
(epstopdf)             Command: <repstopdf --outfile=MNIST_figures/local2_sketc
h20_iid1_test_acc-eps-converted-to.pdf MNIST_figures/local2_sketch20_iid1_test_
acc.eps>
(epstopdf)             \includegraphics on input line 1722.
Package epstopdf Info: Output file is already uptodate.
<MNIST_figures/local2_sketch20_iid1_test_acc-eps-converted-to.pdf, id=254, 421.
575pt x 316.18124pt>
File: MNIST_figures/local2_sketch20_iid1_test_acc-eps-converted-to.pdf Graphic 
file (type pdf)
<use MNIST_figures/local2_sketch20_iid1_test_acc-eps-converted-to.pdf>
Package pdftex.def Info: MNIST_figures/local2_sketch20_iid1_test_acc-eps-conver
ted-to.pdf  used on input line 1722.
(pdftex.def)             Requested size: 137.31255pt x 102.98444pt.
Package epstopdf Info: Source file: <MNIST_figures/local5_sketch20_iid1_test_ac
c.eps>
(epstopdf)                    date: 2021-06-29 10:24:50
(epstopdf)                    size: 18759 bytes
(epstopdf)             Output file: <MNIST_figures/local5_sketch20_iid1_test_ac
c-eps-converted-to.pdf>
(epstopdf)                    date: 2021-06-29 10:24:50
(epstopdf)                    size: 10006 bytes
(epstopdf)             Command: <repstopdf --outfile=MNIST_figures/local5_sketc
h20_iid1_test_acc-eps-converted-to.pdf MNIST_figures/local5_sketch20_iid1_test_
acc.eps>
(epstopdf)             \includegraphics on input line 1722.
Package epstopdf Info: Output file is already uptodate.
File: MNIST_figures/local5_sketch20_iid1_test_acc-eps-converted-to.pdf Graphic 
file (type pdf)
<use MNIST_figures/local5_sketch20_iid1_test_acc-eps-converted-to.pdf>
Package pdftex.def Info: MNIST_figures/local5_sketch20_iid1_test_acc-eps-conver
ted-to.pdf  used on input line 1722.
(pdftex.def)             Requested size: 137.31255pt x 102.98444pt.
Package epstopdf Info: Source file: <MNIST_figures/local1_sketch50_iid1_train_l
oss.eps>
(epstopdf)                    date: 2021-06-29 10:24:50
(epstopdf)                    size: 21360 bytes
(epstopdf)             Output file: <MNIST_figures/local1_sketch50_iid1_train_l
oss-eps-converted-to.pdf>
(epstopdf)                    date: 2021-06-29 10:24:50
(epstopdf)                    size: 9543 bytes
(epstopdf)             Command: <repstopdf --outfile=MNIST_figures/local1_sketc
h50_iid1_train_loss-eps-converted-to.pdf MNIST_figures/local1_sketch50_iid1_tra
in_loss.eps>
(epstopdf)             \includegraphics on input line 1726.
Package epstopdf Info: Output file is already uptodate.
File: MNIST_figures/local1_sketch50_iid1_train_loss-eps-converted-to.pdf Graphi
c file (type pdf)
<use MNIST_figures/local1_sketch50_iid1_train_loss-eps-converted-to.pdf>
Package pdftex.def Info: MNIST_figures/local1_sketch50_iid1_train_loss-eps-conv
erted-to.pdf  used on input line 1726.
(pdftex.def)             Requested size: 137.31255pt x 102.98444pt.
Package epstopdf Info: Source file: <MNIST_figures/local2_sketch50_iid1_train_l
oss.eps>
(epstopdf)                    date: 2021-06-29 10:24:50
(epstopdf)                    size: 21082 bytes
(epstopdf)             Output file: <MNIST_figures/local2_sketch50_iid1_train_l
oss-eps-converted-to.pdf>
(epstopdf)                    date: 2021-06-29 10:24:50
(epstopdf)                    size: 9292 bytes
(epstopdf)             Command: <repstopdf --outfile=MNIST_figures/local2_sketc
h50_iid1_train_loss-eps-converted-to.pdf MNIST_figures/local2_sketch50_iid1_tra
in_loss.eps>
(epstopdf)             \includegraphics on input line 1726.
Package epstopdf Info: Output file is already uptodate.
<MNIST_figures/local2_sketch50_iid1_train_loss-eps-converted-to.pdf, id=255, 42
1.575pt x 316.18124pt>
File: MNIST_figures/local2_sketch50_iid1_train_loss-eps-converted-to.pdf Graphi
c file (type pdf)
<use MNIST_figures/local2_sketch50_iid1_train_loss-eps-converted-to.pdf>
Package pdftex.def Info: MNIST_figures/local2_sketch50_iid1_train_loss-eps-conv
erted-to.pdf  used on input line 1726.
(pdftex.def)             Requested size: 137.31255pt x 102.98444pt.
Package epstopdf Info: Source file: <MNIST_figures/local5_sketch50_iid1_train_l
oss.eps>
(epstopdf)                    date: 2021-06-29 10:24:50
(epstopdf)                    size: 22332 bytes
(epstopdf)             Output file: <MNIST_figures/local5_sketch50_iid1_train_l
oss-eps-converted-to.pdf>
(epstopdf)                    date: 2021-06-29 10:24:50
(epstopdf)                    size: 9600 bytes
(epstopdf)             Command: <repstopdf --outfile=MNIST_figures/local5_sketc
h50_iid1_train_loss-eps-converted-to.pdf MNIST_figures/local5_sketch50_iid1_tra
in_loss.eps>
(epstopdf)             \includegraphics on input line 1726.
Package epstopdf Info: Output file is already uptodate.
File: MNIST_figures/local5_sketch50_iid1_train_loss-eps-converted-to.pdf Graphi
c file (type pdf)
<use MNIST_figures/local5_sketch50_iid1_train_loss-eps-converted-to.pdf>
Package pdftex.def Info: MNIST_figures/local5_sketch50_iid1_train_loss-eps-conv
erted-to.pdf  used on input line 1726.
(pdftex.def)             Requested size: 137.31255pt x 102.98444pt.
Package epstopdf Info: Source file: <MNIST_figures/local1_sketch50_iid1_test_ac
c.eps>
(epstopdf)                    date: 2021-06-29 10:24:50
(epstopdf)                    size: 18772 bytes
(epstopdf)             Output file: <MNIST_figures/local1_sketch50_iid1_test_ac
c-eps-converted-to.pdf>
(epstopdf)                    date: 2021-06-29 10:24:50
(epstopdf)                    size: 10007 bytes
(epstopdf)             Command: <repstopdf --outfile=MNIST_figures/local1_sketc
h50_iid1_test_acc-eps-converted-to.pdf MNIST_figures/local1_sketch50_iid1_test_
acc.eps>
(epstopdf)             \includegraphics on input line 1731.
Package epstopdf Info: Output file is already uptodate.
File: MNIST_figures/local1_sketch50_iid1_test_acc-eps-converted-to.pdf Graphic 
file (type pdf)
<use MNIST_figures/local1_sketch50_iid1_test_acc-eps-converted-to.pdf>
Package pdftex.def Info: MNIST_figures/local1_sketch50_iid1_test_acc-eps-conver
ted-to.pdf  used on input line 1731.
(pdftex.def)             Requested size: 137.31255pt x 102.98444pt.
Package epstopdf Info: Source file: <MNIST_figures/local2_sketch50_iid1_test_ac
c.eps>
(epstopdf)                    date: 2021-06-29 10:24:50
(epstopdf)                    size: 17790 bytes
(epstopdf)             Output file: <MNIST_figures/local2_sketch50_iid1_test_ac
c-eps-converted-to.pdf>
(epstopdf)                    date: 2021-06-29 10:24:50
(epstopdf)                    size: 9569 bytes
(epstopdf)             Command: <repstopdf --outfile=MNIST_figures/local2_sketc
h50_iid1_test_acc-eps-converted-to.pdf MNIST_figures/local2_sketch50_iid1_test_
acc.eps>
(epstopdf)             \includegraphics on input line 1731.
Package epstopdf Info: Output file is already uptodate.
<MNIST_figures/local2_sketch50_iid1_test_acc-eps-converted-to.pdf, id=256, 421.
575pt x 316.18124pt>
File: MNIST_figures/local2_sketch50_iid1_test_acc-eps-converted-to.pdf Graphic 
file (type pdf)
<use MNIST_figures/local2_sketch50_iid1_test_acc-eps-converted-to.pdf>
Package pdftex.def Info: MNIST_figures/local2_sketch50_iid1_test_acc-eps-conver
ted-to.pdf  used on input line 1731.
(pdftex.def)             Requested size: 137.31255pt x 102.98444pt.
Package epstopdf Info: Source file: <MNIST_figures/local5_sketch50_iid1_test_ac
c.eps>
(epstopdf)                    date: 2021-06-29 10:24:50
(epstopdf)                    size: 18339 bytes
(epstopdf)             Output file: <MNIST_figures/local5_sketch50_iid1_test_ac
c-eps-converted-to.pdf>
(epstopdf)                    date: 2021-06-29 10:24:50
(epstopdf)                    size: 9852 bytes
(epstopdf)             Command: <repstopdf --outfile=MNIST_figures/local5_sketc
h50_iid1_test_acc-eps-converted-to.pdf MNIST_figures/local5_sketch50_iid1_test_
acc.eps>
(epstopdf)             \includegraphics on input line 1731.
Package epstopdf Info: Output file is already uptodate.
File: MNIST_figures/local5_sketch50_iid1_test_acc-eps-converted-to.pdf Graphic 
file (type pdf)
<use MNIST_figures/local5_sketch50_iid1_test_acc-eps-converted-to.pdf>
Package pdftex.def Info: MNIST_figures/local5_sketch50_iid1_test_acc-eps-conver
ted-to.pdf  used on input line 1731.
(pdftex.def)             Requested size: 137.31255pt x 102.98444pt.


LaTeX Warning: `h' float specifier changed to `ht'.

Package epstopdf Info: Source file: <MNIST_figures/local1_sketch20_iid0_train_l
oss.eps>
(epstopdf)                    date: 2021-06-29 10:24:50
(epstopdf)                    size: 22918 bytes
(epstopdf)             Output file: <MNIST_figures/local1_sketch20_iid0_train_l
oss-eps-converted-to.pdf>
(epstopdf)                    date: 2021-06-29 10:24:50
(epstopdf)                    size: 10661 bytes
(epstopdf)             Command: <repstopdf --outfile=MNIST_figures/local1_sketc
h20_iid0_train_loss-eps-converted-to.pdf MNIST_figures/local1_sketch20_iid0_tra
in_loss.eps>
(epstopdf)             \includegraphics on input line 1746.
Package epstopdf Info: Output file is already uptodate.
File: MNIST_figures/local1_sketch20_iid0_train_loss-eps-converted-to.pdf Graphi
c file (type pdf)
<use MNIST_figures/local1_sketch20_iid0_train_loss-eps-converted-to.pdf>
Package pdftex.def Info: MNIST_figures/local1_sketch20_iid0_train_loss-eps-conv
erted-to.pdf  used on input line 1746.
(pdftex.def)             Requested size: 137.31255pt x 102.98444pt.
Package epstopdf Info: Source file: <MNIST_figures/local2_sketch20_iid0_train_l
oss.eps>
(epstopdf)                    date: 2021-06-29 10:24:50
(epstopdf)                    size: 21426 bytes
(epstopdf)             Output file: <MNIST_figures/local2_sketch20_iid0_train_l
oss-eps-converted-to.pdf>
(epstopdf)                    date: 2021-06-29 10:24:50
(epstopdf)                    size: 9954 bytes
(epstopdf)             Command: <repstopdf --outfile=MNIST_figures/local2_sketc
h20_iid0_train_loss-eps-converted-to.pdf MNIST_figures/local2_sketch20_iid0_tra
in_loss.eps>
(epstopdf)             \includegraphics on input line 1746.
Package epstopdf Info: Output file is already uptodate.
<MNIST_figures/local2_sketch20_iid0_train_loss-eps-converted-to.pdf, id=257, 42
1.575pt x 316.18124pt>
File: MNIST_figures/local2_sketch20_iid0_train_loss-eps-converted-to.pdf Graphi
c file (type pdf)
<use MNIST_figures/local2_sketch20_iid0_train_loss-eps-converted-to.pdf>
Package pdftex.def Info: MNIST_figures/local2_sketch20_iid0_train_loss-eps-conv
erted-to.pdf  used on input line 1746.
(pdftex.def)             Requested size: 137.31255pt x 102.98444pt.
Package epstopdf Info: Source file: <MNIST_figures/local5_sketch20_iid0_train_l
oss.eps>
(epstopdf)                    date: 2021-06-29 10:24:50
(epstopdf)                    size: 24044 bytes
(epstopdf)             Output file: <MNIST_figures/local5_sketch20_iid0_train_l
oss-eps-converted-to.pdf>
(epstopdf)                    date: 2021-06-29 10:24:50
(epstopdf)                    size: 10811 bytes
(epstopdf)             Command: <repstopdf --outfile=MNIST_figures/local5_sketc
h20_iid0_train_loss-eps-converted-to.pdf MNIST_figures/local5_sketch20_iid0_tra
in_loss.eps>
(epstopdf)             \includegraphics on input line 1746.
Package epstopdf Info: Output file is already uptodate.
File: MNIST_figures/local5_sketch20_iid0_train_loss-eps-converted-to.pdf Graphi
c file (type pdf)
<use MNIST_figures/local5_sketch20_iid0_train_loss-eps-converted-to.pdf>
Package pdftex.def Info: MNIST_figures/local5_sketch20_iid0_train_loss-eps-conv
erted-to.pdf  used on input line 1746.
(pdftex.def)             Requested size: 137.31255pt x 102.98444pt.
Package epstopdf Info: Source file: <MNIST_figures/local1_sketch20_iid0_test_ac
c.eps>
(epstopdf)                    date: 2021-06-29 10:24:50
(epstopdf)                    size: 91340 bytes
(epstopdf)             Output file: <MNIST_figures/local1_sketch20_iid0_test_ac
c-eps-converted-to.pdf>
(epstopdf)                    date: 2021-06-29 10:24:50
(epstopdf)                    size: 88598 bytes
(epstopdf)             Command: <repstopdf --outfile=MNIST_figures/local1_sketc
h20_iid0_test_acc-eps-converted-to.pdf MNIST_figures/local1_sketch20_iid0_test_
acc.eps>
(epstopdf)             \includegraphics on input line 1752.
Package epstopdf Info: Output file is already uptodate.
File: MNIST_figures/local1_sketch20_iid0_test_acc-eps-converted-to.pdf Graphic 
file (type pdf)
<use MNIST_figures/local1_sketch20_iid0_test_acc-eps-converted-to.pdf>
Package pdftex.def Info: MNIST_figures/local1_sketch20_iid0_test_acc-eps-conver
ted-to.pdf  used on input line 1752.
(pdftex.def)             Requested size: 137.31255pt x 102.98444pt.
Package epstopdf Info: Source file: <MNIST_figures/local2_sketch20_iid0_test_ac
c.eps>
(epstopdf)                    date: 2021-06-29 10:24:50
(epstopdf)                    size: 70984 bytes
(epstopdf)             Output file: <MNIST_figures/local2_sketch20_iid0_test_ac
c-eps-converted-to.pdf>
(epstopdf)                    date: 2021-06-29 10:24:50
(epstopdf)                    size: 68247 bytes
(epstopdf)             Command: <repstopdf --outfile=MNIST_figures/local2_sketc
h20_iid0_test_acc-eps-converted-to.pdf MNIST_figures/local2_sketch20_iid0_test_
acc.eps>
(epstopdf)             \includegraphics on input line 1752.
Package epstopdf Info: Output file is already uptodate.
<MNIST_figures/local2_sketch20_iid0_test_acc-eps-converted-to.pdf, id=258, 421.
575pt x 316.18124pt>
File: MNIST_figures/local2_sketch20_iid0_test_acc-eps-converted-to.pdf Graphic 
file (type pdf)
<use MNIST_figures/local2_sketch20_iid0_test_acc-eps-converted-to.pdf>
Package pdftex.def Info: MNIST_figures/local2_sketch20_iid0_test_acc-eps-conver
ted-to.pdf  used on input line 1752.
(pdftex.def)             Requested size: 137.31255pt x 102.98444pt.
Package epstopdf Info: Source file: <MNIST_figures/local5_sketch20_iid0_test_ac
c.eps>
(epstopdf)                    date: 2021-06-29 10:24:50
(epstopdf)                    size: 92049 bytes
(epstopdf)             Output file: <MNIST_figures/local5_sketch20_iid0_test_ac
c-eps-converted-to.pdf>
(epstopdf)                    date: 2021-06-29 10:24:50
(epstopdf)                    size: 89545 bytes
(epstopdf)             Command: <repstopdf --outfile=MNIST_figures/local5_sketc
h20_iid0_test_acc-eps-converted-to.pdf MNIST_figures/local5_sketch20_iid0_test_
acc.eps>
(epstopdf)             \includegraphics on input line 1752.
Package epstopdf Info: Output file is already uptodate.
File: MNIST_figures/local5_sketch20_iid0_test_acc-eps-converted-to.pdf Graphic 
file (type pdf)
<use MNIST_figures/local5_sketch20_iid0_test_acc-eps-converted-to.pdf>
Package pdftex.def Info: MNIST_figures/local5_sketch20_iid0_test_acc-eps-conver
ted-to.pdf  used on input line 1752.
(pdftex.def)             Requested size: 137.31255pt x 102.98444pt.
Package epstopdf Info: Source file: <MNIST_figures/local1_sketch50_iid0_train_l
oss.eps>
(epstopdf)                    date: 2021-06-29 10:24:50
(epstopdf)                    size: 23266 bytes
(epstopdf)             Output file: <MNIST_figures/local1_sketch50_iid0_train_l
oss-eps-converted-to.pdf>
(epstopdf)                    date: 2021-06-29 10:24:50
(epstopdf)                    size: 10654 bytes
(epstopdf)             Command: <repstopdf --outfile=MNIST_figures/local1_sketc
h50_iid0_train_loss-eps-converted-to.pdf MNIST_figures/local1_sketch50_iid0_tra
in_loss.eps>
(epstopdf)             \includegraphics on input line 1757.
Package epstopdf Info: Output file is already uptodate.
File: MNIST_figures/local1_sketch50_iid0_train_loss-eps-converted-to.pdf Graphi
c file (type pdf)
<use MNIST_figures/local1_sketch50_iid0_train_loss-eps-converted-to.pdf>
Package pdftex.def Info: MNIST_figures/local1_sketch50_iid0_train_loss-eps-conv
erted-to.pdf  used on input line 1757.
(pdftex.def)             Requested size: 137.31255pt x 102.98444pt.
Package epstopdf Info: Source file: <MNIST_figures/local2_sketch50_iid0_train_l
oss.eps>
(epstopdf)                    date: 2021-06-29 10:24:50
(epstopdf)                    size: 21437 bytes
(epstopdf)             Output file: <MNIST_figures/local2_sketch50_iid0_train_l
oss-eps-converted-to.pdf>
(epstopdf)                    date: 2021-06-29 10:24:50
(epstopdf)                    size: 9993 bytes
(epstopdf)             Command: <repstopdf --outfile=MNIST_figures/local2_sketc
h50_iid0_train_loss-eps-converted-to.pdf MNIST_figures/local2_sketch50_iid0_tra
in_loss.eps>
(epstopdf)             \includegraphics on input line 1757.
Package epstopdf Info: Output file is already uptodate.
<MNIST_figures/local2_sketch50_iid0_train_loss-eps-converted-to.pdf, id=259, 42
1.575pt x 316.18124pt>
File: MNIST_figures/local2_sketch50_iid0_train_loss-eps-converted-to.pdf Graphi
c file (type pdf)
<use MNIST_figures/local2_sketch50_iid0_train_loss-eps-converted-to.pdf>
Package pdftex.def Info: MNIST_figures/local2_sketch50_iid0_train_loss-eps-conv
erted-to.pdf  used on input line 1757.
(pdftex.def)             Requested size: 137.31255pt x 102.98444pt.
Package epstopdf Info: Source file: <MNIST_figures/local5_sketch50_iid0_train_l
oss.eps>
(epstopdf)                    date: 2021-06-29 10:24:50
(epstopdf)                    size: 24412 bytes
(epstopdf)             Output file: <MNIST_figures/local5_sketch50_iid0_train_l
oss-eps-converted-to.pdf>
(epstopdf)                    date: 2021-06-29 10:24:50
(epstopdf)                    size: 10732 bytes
(epstopdf)             Command: <repstopdf --outfile=MNIST_figures/local5_sketc
h50_iid0_train_loss-eps-converted-to.pdf MNIST_figures/local5_sketch50_iid0_tra
in_loss.eps>
(epstopdf)             \includegraphics on input line 1757.
Package epstopdf Info: Output file is already uptodate.
File: MNIST_figures/local5_sketch50_iid0_train_loss-eps-converted-to.pdf Graphi
c file (type pdf)
<use MNIST_figures/local5_sketch50_iid0_train_loss-eps-converted-to.pdf>
Package pdftex.def Info: MNIST_figures/local5_sketch50_iid0_train_loss-eps-conv
erted-to.pdf  used on input line 1757.
(pdftex.def)             Requested size: 137.31255pt x 102.98444pt.
Package epstopdf Info: Source file: <MNIST_figures/local1_sketch50_iid0_test_ac
c.eps>
(epstopdf)                    date: 2021-06-29 10:24:50
(epstopdf)                    size: 87854 bytes
(epstopdf)             Output file: <MNIST_figures/local1_sketch50_iid0_test_ac
c-eps-converted-to.pdf>
(epstopdf)                    date: 2021-06-29 10:24:50
(epstopdf)                    size: 85457 bytes
(epstopdf)             Command: <repstopdf --outfile=MNIST_figures/local1_sketc
h50_iid0_test_acc-eps-converted-to.pdf MNIST_figures/local1_sketch50_iid0_test_
acc.eps>
(epstopdf)             \includegraphics on input line 1763.
Package epstopdf Info: Output file is already uptodate.
File: MNIST_figures/local1_sketch50_iid0_test_acc-eps-converted-to.pdf Graphic 
file (type pdf)
<use MNIST_figures/local1_sketch50_iid0_test_acc-eps-converted-to.pdf>
Package pdftex.def Info: MNIST_figures/local1_sketch50_iid0_test_acc-eps-conver
ted-to.pdf  used on input line 1763.
(pdftex.def)             Requested size: 137.31255pt x 102.98444pt.
Package epstopdf Info: Source file: <MNIST_figures/local2_sketch50_iid0_test_ac
c.eps>
(epstopdf)                    date: 2021-06-29 10:24:50
(epstopdf)                    size: 69958 bytes
(epstopdf)             Output file: <MNIST_figures/local2_sketch50_iid0_test_ac
c-eps-converted-to.pdf>
(epstopdf)                    date: 2021-06-29 10:24:50
(epstopdf)                    size: 67325 bytes
(epstopdf)             Command: <repstopdf --outfile=MNIST_figures/local2_sketc
h50_iid0_test_acc-eps-converted-to.pdf MNIST_figures/local2_sketch50_iid0_test_
acc.eps>
(epstopdf)             \includegraphics on input line 1763.
Package epstopdf Info: Output file is already uptodate.
<MNIST_figures/local2_sketch50_iid0_test_acc-eps-converted-to.pdf, id=260, 421.
575pt x 316.18124pt>
File: MNIST_figures/local2_sketch50_iid0_test_acc-eps-converted-to.pdf Graphic 
file (type pdf)
<use MNIST_figures/local2_sketch50_iid0_test_acc-eps-converted-to.pdf>
Package pdftex.def Info: MNIST_figures/local2_sketch50_iid0_test_acc-eps-conver
ted-to.pdf  used on input line 1763.
(pdftex.def)             Requested size: 137.31255pt x 102.98444pt.
Package epstopdf Info: Source file: <MNIST_figures/local5_sketch50_iid0_test_ac
c.eps>
(epstopdf)                    date: 2021-06-29 10:24:50
(epstopdf)                    size: 89279 bytes
(epstopdf)             Output file: <MNIST_figures/local5_sketch50_iid0_test_ac
c-eps-converted-to.pdf>
(epstopdf)                    date: 2021-06-29 10:24:50
(epstopdf)                    size: 86292 bytes
(epstopdf)             Command: <repstopdf --outfile=MNIST_figures/local5_sketc
h50_iid0_test_acc-eps-converted-to.pdf MNIST_figures/local5_sketch50_iid0_test_
acc.eps>
(epstopdf)             \includegraphics on input line 1763.
Package epstopdf Info: Output file is already uptodate.
File: MNIST_figures/local5_sketch50_iid0_test_acc-eps-converted-to.pdf Graphic 
file (type pdf)
<use MNIST_figures/local5_sketch50_iid0_test_acc-eps-converted-to.pdf>
Package pdftex.def Info: MNIST_figures/local5_sketch50_iid0_test_acc-eps-conver
ted-to.pdf  used on input line 1763.
(pdftex.def)             Requested size: 137.31255pt x 102.98444pt.

LaTeX Warning: `h' float specifier changed to `ht'.

Package epstopdf Info: Source file: <CIFAR_figures/cifar_local1_sketch20_iid1_t
est_acc.eps>
(epstopdf)                    date: 2021-06-29 10:24:50
(epstopdf)                    size: 75002 bytes
(epstopdf)             Output file: <CIFAR_figures/cifar_local1_sketch20_iid1_t
est_acc-eps-converted-to.pdf>
(epstopdf)                    date: 2021-06-29 10:24:50
(epstopdf)                    size: 74321 bytes
(epstopdf)             Command: <repstopdf --outfile=CIFAR_figures/cifar_local1
_sketch20_iid1_test_acc-eps-converted-to.pdf CIFAR_figures/cifar_local1_sketch2
0_iid1_test_acc.eps>
(epstopdf)             \includegraphics on input line 1783.
Package epstopdf Info: Output file is already uptodate.
<CIFAR_figures/cifar_local1_sketch20_iid1_test_acc-eps-converted-to.pdf, id=261
, 421.575pt x 316.18124pt>
File: CIFAR_figures/cifar_local1_sketch20_iid1_test_acc-eps-converted-to.pdf Gr
aphic file (type pdf)
<use CIFAR_figures/cifar_local1_sketch20_iid1_test_acc-eps-converted-to.pdf>
Package pdftex.def Info: CIFAR_figures/cifar_local1_sketch20_iid1_test_acc-eps-
converted-to.pdf  used on input line 1783.
(pdftex.def)             Requested size: 166.2212pt x 124.66588pt.
Package epstopdf Info: Source file: <CIFAR_figures/cifar_local5_sketch20_iid1_t
est_acc.eps>
(epstopdf)                    date: 2021-06-29 10:24:50
(epstopdf)                    size: 67957 bytes
(epstopdf)             Output file: <CIFAR_figures/cifar_local5_sketch20_iid1_t
est_acc-eps-converted-to.pdf>
(epstopdf)                    date: 2021-06-29 10:24:50
(epstopdf)                    size: 66819 bytes
(epstopdf)             Command: <repstopdf --outfile=CIFAR_figures/cifar_local5
_sketch20_iid1_test_acc-eps-converted-to.pdf CIFAR_figures/cifar_local5_sketch2
0_iid1_test_acc.eps>
(epstopdf)             \includegraphics on input line 1783.
Package epstopdf Info: Output file is already uptodate.
<CIFAR_figures/cifar_local5_sketch20_iid1_test_acc-eps-converted-to.pdf, id=262
, 421.575pt x 316.18124pt>
File: CIFAR_figures/cifar_local5_sketch20_iid1_test_acc-eps-converted-to.pdf Gr
aphic file (type pdf)
<use CIFAR_figures/cifar_local5_sketch20_iid1_test_acc-eps-converted-to.pdf>
Package pdftex.def Info: CIFAR_figures/cifar_local5_sketch20_iid1_test_acc-eps-
converted-to.pdf  used on input line 1783.
(pdftex.def)             Requested size: 166.2212pt x 124.66588pt.
Package epstopdf Info: Source file: <CIFAR_figures/cifar_local1_sketch50_iid1_t
est_acc.eps>
(epstopdf)                    date: 2021-06-29 10:24:50
(epstopdf)                    size: 75602 bytes
(epstopdf)             Output file: <CIFAR_figures/cifar_local1_sketch50_iid1_t
est_acc-eps-converted-to.pdf>
(epstopdf)                    date: 2021-06-29 10:24:50
(epstopdf)                    size: 74625 bytes
(epstopdf)             Command: <repstopdf --outfile=CIFAR_figures/cifar_local1
_sketch50_iid1_test_acc-eps-converted-to.pdf CIFAR_figures/cifar_local1_sketch5
0_iid1_test_acc.eps>
(epstopdf)             \includegraphics on input line 1787.
Package epstopdf Info: Output file is already uptodate.
<CIFAR_figures/cifar_local1_sketch50_iid1_test_acc-eps-converted-to.pdf, id=263
, 421.575pt x 316.18124pt>
File: CIFAR_figures/cifar_local1_sketch50_iid1_test_acc-eps-converted-to.pdf Gr
aphic file (type pdf)
<use CIFAR_figures/cifar_local1_sketch50_iid1_test_acc-eps-converted-to.pdf>
Package pdftex.def Info: CIFAR_figures/cifar_local1_sketch50_iid1_test_acc-eps-
converted-to.pdf  used on input line 1787.
(pdftex.def)             Requested size: 166.2212pt x 124.66588pt.
Package epstopdf Info: Source file: <CIFAR_figures/cifar_local5_sketch50_iid1_t
est_acc.eps>
(epstopdf)                    date: 2021-06-29 10:24:50
(epstopdf)                    size: 69034 bytes
(epstopdf)             Output file: <CIFAR_figures/cifar_local5_sketch50_iid1_t
est_acc-eps-converted-to.pdf>
(epstopdf)                    date: 2021-06-29 10:24:50
(epstopdf)                    size: 68331 bytes
(epstopdf)             Command: <repstopdf --outfile=CIFAR_figures/cifar_local5
_sketch50_iid1_test_acc-eps-converted-to.pdf CIFAR_figures/cifar_local5_sketch5
0_iid1_test_acc.eps>
(epstopdf)             \includegraphics on input line 1787.
Package epstopdf Info: Output file is already uptodate.
<CIFAR_figures/cifar_local5_sketch50_iid1_test_acc-eps-converted-to.pdf, id=264
, 421.575pt x 316.18124pt>
File: CIFAR_figures/cifar_local5_sketch50_iid1_test_acc-eps-converted-to.pdf Gr
aphic file (type pdf)
<use CIFAR_figures/cifar_local5_sketch50_iid1_test_acc-eps-converted-to.pdf>
Package pdftex.def Info: CIFAR_figures/cifar_local5_sketch50_iid1_test_acc-eps-
converted-to.pdf  used on input line 1787.
(pdftex.def)             Requested size: 166.2212pt x 124.66588pt.

LaTeX Warning: `h' float specifier changed to `ht'.

Package epstopdf Info: Source file: <CIFAR_figures/cifar_local1_sketch20_iid0_t
est_acc.eps>
(epstopdf)                    date: 2021-06-29 10:24:50
(epstopdf)                    size: 24662 bytes
(epstopdf)             Output file: <CIFAR_figures/cifar_local1_sketch20_iid0_t
est_acc-eps-converted-to.pdf>
(epstopdf)                    date: 2021-06-29 10:24:50
(epstopdf)                    size: 12111 bytes
(epstopdf)             Command: <repstopdf --outfile=CIFAR_figures/cifar_local1
_sketch20_iid0_test_acc-eps-converted-to.pdf CIFAR_figures/cifar_local1_sketch2
0_iid0_test_acc.eps>
(epstopdf)             \includegraphics on input line 1800.
Package epstopdf Info: Output file is already uptodate.
<CIFAR_figures/cifar_local1_sketch20_iid0_test_acc-eps-converted-to.pdf, id=265
, 421.575pt x 316.18124pt>
File: CIFAR_figures/cifar_local1_sketch20_iid0_test_acc-eps-converted-to.pdf Gr
aphic file (type pdf)
<use CIFAR_figures/cifar_local1_sketch20_iid0_test_acc-eps-converted-to.pdf>
Package pdftex.def Info: CIFAR_figures/cifar_local1_sketch20_iid0_test_acc-eps-
converted-to.pdf  used on input line 1800.
(pdftex.def)             Requested size: 166.2212pt x 124.66588pt.
Package epstopdf Info: Source file: <CIFAR_figures/cifar_local5_sketch20_iid0_t
est_acc.eps>
(epstopdf)                    date: 2021-06-29 10:24:50
(epstopdf)                    size: 75591 bytes
(epstopdf)             Output file: <CIFAR_figures/cifar_local5_sketch20_iid0_t
est_acc-eps-converted-to.pdf>
(epstopdf)                    date: 2021-06-29 10:24:50
(epstopdf)                    size: 73354 bytes
(epstopdf)             Command: <repstopdf --outfile=CIFAR_figures/cifar_local5
_sketch20_iid0_test_acc-eps-converted-to.pdf CIFAR_figures/cifar_local5_sketch2
0_iid0_test_acc.eps>
(epstopdf)             \includegraphics on input line 1800.
Package epstopdf Info: Output file is already uptodate.
<CIFAR_figures/cifar_local5_sketch20_iid0_test_acc-eps-converted-to.pdf, id=266
, 421.575pt x 316.18124pt>
File: CIFAR_figures/cifar_local5_sketch20_iid0_test_acc-eps-converted-to.pdf Gr
aphic file (type pdf)
<use CIFAR_figures/cifar_local5_sketch20_iid0_test_acc-eps-converted-to.pdf>
Package pdftex.def Info: CIFAR_figures/cifar_local5_sketch20_iid0_test_acc-eps-
converted-to.pdf  used on input line 1800.
(pdftex.def)             Requested size: 166.2212pt x 124.66588pt.
Package epstopdf Info: Source file: <CIFAR_figures/cifar_local1_sketch50_iid0_t
est_acc.eps>
(epstopdf)                    date: 2021-06-29 10:24:50
(epstopdf)                    size: 24666 bytes
(epstopdf)             Output file: <CIFAR_figures/cifar_local1_sketch50_iid0_t
est_acc-eps-converted-to.pdf>
(epstopdf)                    date: 2021-06-29 10:24:50
(epstopdf)                    size: 11993 bytes
(epstopdf)             Command: <repstopdf --outfile=CIFAR_figures/cifar_local1
_sketch50_iid0_test_acc-eps-converted-to.pdf CIFAR_figures/cifar_local1_sketch5
0_iid0_test_acc.eps>
(epstopdf)             \includegraphics on input line 1804.
Package epstopdf Info: Output file is already uptodate.
<CIFAR_figures/cifar_local1_sketch50_iid0_test_acc-eps-converted-to.pdf, id=267
, 421.575pt x 316.18124pt>
File: CIFAR_figures/cifar_local1_sketch50_iid0_test_acc-eps-converted-to.pdf Gr
aphic file (type pdf)
<use CIFAR_figures/cifar_local1_sketch50_iid0_test_acc-eps-converted-to.pdf>
Package pdftex.def Info: CIFAR_figures/cifar_local1_sketch50_iid0_test_acc-eps-
converted-to.pdf  used on input line 1804.
(pdftex.def)             Requested size: 166.2212pt x 124.66588pt.
Package epstopdf Info: Source file: <CIFAR_figures/cifar_local5_sketch50_iid0_t
est_acc.eps>
(epstopdf)                    date: 2021-06-29 10:24:50
(epstopdf)                    size: 76656 bytes
(epstopdf)             Output file: <CIFAR_figures/cifar_local5_sketch50_iid0_t
est_acc-eps-converted-to.pdf>
(epstopdf)                    date: 2021-06-29 10:24:50
(epstopdf)                    size: 74985 bytes
(epstopdf)             Command: <repstopdf --outfile=CIFAR_figures/cifar_local5
_sketch50_iid0_test_acc-eps-converted-to.pdf CIFAR_figures/cifar_local5_sketch5
0_iid0_test_acc.eps>
(epstopdf)             \includegraphics on input line 1804.
Package epstopdf Info: Output file is already uptodate.
<CIFAR_figures/cifar_local5_sketch50_iid0_test_acc-eps-converted-to.pdf, id=268
, 421.575pt x 316.18124pt>
File: CIFAR_figures/cifar_local5_sketch50_iid0_test_acc-eps-converted-to.pdf Gr
aphic file (type pdf)
<use CIFAR_figures/cifar_local5_sketch50_iid0_test_acc-eps-converted-to.pdf>
Package pdftex.def Info: CIFAR_figures/cifar_local5_sketch50_iid0_test_acc-eps-
converted-to.pdf  used on input line 1804.
(pdftex.def)             Requested size: 166.2212pt x 124.66588pt.

LaTeX Warning: `h' float specifier changed to `ht'.

[25

] [26 <./MNIST_figures/local2_sketch20_iid1_train_loss-eps-converted-to.pdf> <.
/MNIST_figures/local2_sketch20_iid1_test_acc-eps-converted-to.pdf> <./MNIST_fig
ures/local2_sketch50_iid1_train_loss-eps-converted-to.pdf> <./MNIST_figures/loc
al2_sketch50_iid1_test_acc-eps-converted-to.pdf>] [27 <./MNIST_figures/local2_s
ketch20_iid0_train_loss-eps-converted-to.pdf> <./MNIST_figures/local2_sketch20_
iid0_test_acc-eps-converted-to.pdf> <./MNIST_figures/local2_sketch50_iid0_train
_loss-eps-converted-to.pdf> <./MNIST_figures/local2_sketch50_iid0_test_acc-eps-
converted-to.pdf>] [28 <./CIFAR_figures/cifar_local1_sketch20_iid1_test_acc-eps
-converted-to.pdf> <./CIFAR_figures/cifar_local5_sketch20_iid1_test_acc-eps-con
verted-to.pdf> <./CIFAR_figures/cifar_local1_sketch50_iid1_test_acc-eps-convert
ed-to.pdf> <./CIFAR_figures/cifar_local5_sketch50_iid1_test_acc-eps-converted-t
o.pdf> <./CIFAR_figures/cifar_local1_sketch20_iid0_test_acc-eps-converted-to.pd
f> <./CIFAR_figures/cifar_local5_sketch20_iid0_test_acc-eps-converted-to.pdf> <
./CIFAR_figures/cifar_local1_sketch50_iid0_test_acc-eps-converted-to.pdf> <./CI
FAR_figures/cifar_local5_sketch50_iid0_test_acc-eps-converted-to.pdf>]
(./main.aux)

LaTeX Warning: There were undefined references.

 ) 
Here is how much of TeX's memory you used:
 17589 strings out of 492649
 333475 string characters out of 6129622
 532121 words of memory out of 5000000
 20873 multiletter control sequences out of 15000+600000
 25680 words of font info for 154 fonts, out of 8000000 for 9000
 1141 hyphenation exceptions out of 8191
 55i,27n,54p,1725b,435s stack positions out of 5000i,500n,10000p,200000b,80000s
</usr/local/texlive/2018/texmf-dist/fonts/type1/public/amsfonts/cm/cmbx10.pfb
></usr/local/texlive/2018/texmf-dist/fonts/type1/public/amsfonts/cm/cmbx12.pfb>
</usr/local/texlive/2018/texmf-dist/fonts/type1/public/amsfonts/cm/cmbx5.pfb></
usr/local/texlive/2018/texmf-dist/fonts/type1/public/amsfonts/cm/cmbx7.pfb></us
r/local/texlive/2018/texmf-dist/fonts/type1/public/amsfonts/cm/cmbx9.pfb></usr/
local/texlive/2018/texmf-dist/fonts/type1/public/amsfonts/cm/cmbxti10.pfb></usr
/local/texlive/2018/texmf-dist/fonts/type1/public/amsfonts/cm/cmex10.pfb></usr/
local/texlive/2018/texmf-dist/fonts/type1/public/amsfonts/cmextra/cmex7.pfb></u
sr/local/texlive/2018/texmf-dist/fonts/type1/public/amsfonts/cmextra/cmex9.pfb>
</usr/local/texlive/2018/texmf-dist/fonts/type1/public/amsfonts/cm/cmitt10.pfb>
</usr/local/texlive/2018/texmf-dist/fonts/type1/public/amsfonts/cm/cmmi10.pfb><
/usr/local/texlive/2018/texmf-dist/fonts/type1/public/amsfonts/cm/cmmi5.pfb></u
sr/local/texlive/2018/texmf-dist/fonts/type1/public/amsfonts/cm/cmmi6.pfb></usr
/local/texlive/2018/texmf-dist/fonts/type1/public/amsfonts/cm/cmmi7.pfb></usr/l
ocal/texlive/2018/texmf-dist/fonts/type1/public/amsfonts/cm/cmmi9.pfb></usr/loc
al/texlive/2018/texmf-dist/fonts/type1/public/amsfonts/cm/cmmib10.pfb></usr/loc
al/texlive/2018/texmf-dist/fonts/type1/public/amsfonts/cmextra/cmmib7.pfb></usr
/local/texlive/2018/texmf-dist/fonts/type1/public/amsfonts/cm/cmr10.pfb></usr/l
ocal/texlive/2018/texmf-dist/fonts/type1/public/amsfonts/cm/cmr5.pfb></usr/loca
l/texlive/2018/texmf-dist/fonts/type1/public/amsfonts/cm/cmr6.pfb></usr/local/t
exlive/2018/texmf-dist/fonts/type1/public/amsfonts/cm/cmr7.pfb></usr/local/texl
ive/2018/texmf-dist/fonts/type1/public/amsfonts/cm/cmr9.pfb></usr/local/texlive
/2018/texmf-dist/fonts/type1/public/amsfonts/cm/cmsy10.pfb></usr/local/texlive/
2018/texmf-dist/fonts/type1/public/amsfonts/cm/cmsy5.pfb></usr/local/texlive/20
18/texmf-dist/fonts/type1/public/amsfonts/cm/cmsy6.pfb></usr/local/texlive/2018
/texmf-dist/fonts/type1/public/amsfonts/cm/cmsy7.pfb></usr/local/texlive/2018/t
exmf-dist/fonts/type1/public/amsfonts/cm/cmsy9.pfb></usr/local/texlive/2018/tex
mf-dist/fonts/type1/public/amsfonts/cm/cmti10.pfb></usr/local/texlive/2018/texm
f-dist/fonts/type1/public/amsfonts/cm/cmtt10.pfb></usr/local/texlive/2018/texmf
-dist/fonts/type1/public/amsfonts/cm/cmtt12.pfb></usr/local/texlive/2018/texmf-
dist/fonts/type1/public/amsfonts/cm/cmtt9.pfb></usr/local/texlive/2018/texmf-di
st/fonts/type1/public/amsfonts/symbols/msam10.pfb></usr/local/texlive/2018/texm
f-dist/fonts/type1/public/amsfonts/symbols/msbm10.pfb></usr/local/texlive/2018/
texmf-dist/fonts/type1/public/amsfonts/symbols/msbm7.pfb></usr/local/texlive/20
18/texmf-dist/fonts/type1/urw/zapfding/uzdr.pfb>
Output written on main.pdf (28 pages, 1522564 bytes).
PDF statistics:
 504 PDF objects out of 1000 (max. 8388607)
 315 compressed objects within 4 object streams
 0 named destinations out of 1000 (max. 500000)
 20653 words of extra memory for PDF output out of 20736 (max. 10000000)

