This is pdfTeX, Version 3.14159265-2.6-1.40.19 (TeX Live 2018) (preloaded format=pdflatex 2018.7.23)  3 FEB 2022 15:53
entering extended mode
 restricted \write18 enabled.
 file:line:error style messages enabled.
 %&-line parsing enabled.
**DAMS.tex
(./DAMS.tex
LaTeX2e <2018-04-01> patch level 2
Babel <3.18> and hyphenation patterns for 84 language(s) loaded.
(./colt2022.cls
Document Class: colt2022 2022/01/01 v1.0 COLT 2022 Proceedings
(./jmlr.cls
Document Class: jmlr 2020/09/21 v1.28 (NLCT) Journal of Machine Learning Resear
ch
(/usr/local/texlive/2018/texmf-dist/tex/latex/xkeyval/xkeyval.sty
Package: xkeyval 2014/12/03 v2.7a package option processing (HA)

(/usr/local/texlive/2018/texmf-dist/tex/generic/xkeyval/xkeyval.tex
(/usr/local/texlive/2018/texmf-dist/tex/generic/xkeyval/xkvutils.tex
\XKV@toks=\toks14
\XKV@tempa@toks=\toks15

(/usr/local/texlive/2018/texmf-dist/tex/generic/xkeyval/keyval.tex))
\XKV@depth=\count80
File: xkeyval.tex 2014/12/03 v2.7a key=value parser (HA)
))
(/usr/local/texlive/2018/texmf-dist/tex/latex/tools/calc.sty
Package: calc 2017/05/25 v4.3 Infix arithmetic (KKT,FJ)
\calc@Acount=\count81
\calc@Bcount=\count82
\calc@Adimen=\dimen102
\calc@Bdimen=\dimen103
\calc@Askip=\skip41
\calc@Bskip=\skip42
LaTeX Info: Redefining \setlength on input line 80.
LaTeX Info: Redefining \addtolength on input line 81.
\calc@Ccount=\count83
\calc@Cskip=\skip43
)
(/usr/local/texlive/2018/texmf-dist/tex/latex/etoolbox/etoolbox.sty
Package: etoolbox 2018/02/11 v2.5e e-TeX tools for LaTeX (JAW)
\etb@tempcnta=\count84
)
(/usr/local/texlive/2018/texmf-dist/tex/latex/base/article.cls
Document Class: article 2014/09/29 v1.4h Standard LaTeX document class
(/usr/local/texlive/2018/texmf-dist/tex/latex/base/size11.clo
File: size11.clo 2014/09/29 v1.4h Standard LaTeX file (size option)
)
\c@part=\count85
\c@section=\count86
\c@subsection=\count87
\c@subsubsection=\count88
\c@paragraph=\count89
\c@subparagraph=\count90
\c@figure=\count91
\c@table=\count92
\abovecaptionskip=\skip44
\belowcaptionskip=\skip45
\bibindent=\dimen104
)
(/usr/local/texlive/2018/texmf-dist/tex/latex/amsmath/amsmath.sty
Package: amsmath 2017/09/02 v2.17a AMS math features
\@mathmargin=\skip46

For additional information on amsmath, use the `?' option.
(/usr/local/texlive/2018/texmf-dist/tex/latex/amsmath/amstext.sty
Package: amstext 2000/06/29 v2.01 AMS text

(/usr/local/texlive/2018/texmf-dist/tex/latex/amsmath/amsgen.sty
File: amsgen.sty 1999/11/30 v2.0 generic functions
\@emptytoks=\toks16
\ex@=\dimen105
))
(/usr/local/texlive/2018/texmf-dist/tex/latex/amsmath/amsbsy.sty
Package: amsbsy 1999/11/29 v1.2d Bold Symbols
\pmbraise@=\dimen106
)
(/usr/local/texlive/2018/texmf-dist/tex/latex/amsmath/amsopn.sty
Package: amsopn 2016/03/08 v2.02 operator names
)
\inf@bad=\count93
LaTeX Info: Redefining \frac on input line 213.
\uproot@=\count94
\leftroot@=\count95
LaTeX Info: Redefining \overline on input line 375.
\classnum@=\count96
\DOTSCASE@=\count97
LaTeX Info: Redefining \ldots on input line 472.
LaTeX Info: Redefining \dots on input line 475.
LaTeX Info: Redefining \cdots on input line 596.
\Mathstrutbox@=\box26
\strutbox@=\box27
\big@size=\dimen107
LaTeX Font Info:    Redeclaring font encoding OML on input line 712.
LaTeX Font Info:    Redeclaring font encoding OMS on input line 713.
\macc@depth=\count98
\c@MaxMatrixCols=\count99
\dotsspace@=\muskip10
\c@parentequation=\count100
\dspbrk@lvl=\count101
\tag@help=\toks17
\row@=\count102
\column@=\count103
\maxfields@=\count104
\andhelp@=\toks18
\eqnshift@=\dimen108
\alignsep@=\dimen109
\tagshift@=\dimen110
\tagwidth@=\dimen111
\totwidth@=\dimen112
\lineht@=\dimen113
\@envbody=\toks19
\multlinegap=\skip47
\multlinetaggap=\skip48
\mathdisplay@stack=\toks20
LaTeX Info: Redefining \[ on input line 2817.
LaTeX Info: Redefining \] on input line 2818.
)
(/usr/local/texlive/2018/texmf-dist/tex/latex/amsfonts/amssymb.sty
Package: amssymb 2013/01/14 v3.01 AMS font symbols

(/usr/local/texlive/2018/texmf-dist/tex/latex/amsfonts/amsfonts.sty
Package: amsfonts 2013/01/14 v3.01 Basic AMSFonts support
\symAMSa=\mathgroup4
\symAMSb=\mathgroup5
LaTeX Font Info:    Overwriting math alphabet `\mathfrak' in version `bold'
(Font)                  U/euf/m/n --> U/euf/b/n on input line 106.
))
(./natbib.sty
Package: natbib 2009/07/16 8.31 (PWD, AO)
\bibhang=\skip49
\bibsep=\skip50
LaTeX Info: Redefining \cite on input line 694.
\c@NAT@ctr=\count105
)
(/usr/local/texlive/2018/texmf-dist/tex/latex/graphics/graphicx.sty
Package: graphicx 2017/06/01 v1.1a Enhanced LaTeX Graphics (DPC,SPQR)

(/usr/local/texlive/2018/texmf-dist/tex/latex/graphics/graphics.sty
Package: graphics 2017/06/25 v1.2c Standard LaTeX Graphics (DPC,SPQR)

(/usr/local/texlive/2018/texmf-dist/tex/latex/graphics/trig.sty
Package: trig 2016/01/03 v1.10 sin cos tan (DPC)
)
(/usr/local/texlive/2018/texmf-dist/tex/latex/graphics-cfg/graphics.cfg
File: graphics.cfg 2016/06/04 v1.11 sample graphics configuration
)
Package graphics Info: Driver file: pdftex.def on input line 99.

(/usr/local/texlive/2018/texmf-dist/tex/latex/graphics-def/pdftex.def
File: pdftex.def 2018/01/08 v1.0l Graphics/color driver for pdftex
))
\Gin@req@height=\dimen114
\Gin@req@width=\dimen115
)
(/usr/local/texlive/2018/texmf-dist/tex/latex/url/url.sty
\Urlmuskip=\muskip11
Package: url 2013/09/16  ver 3.4  Verb mode for urls, etc.
)
(/usr/local/texlive/2018/texmf-dist/tex/latex/xcolor/xcolor.sty
Package: xcolor 2016/05/11 v2.12 LaTeX color extensions (UK)

(/usr/local/texlive/2018/texmf-dist/tex/latex/graphics-cfg/color.cfg
File: color.cfg 2016/01/02 v1.6 sample color configuration
)
Package xcolor Info: Driver file: pdftex.def on input line 225.
Package xcolor Info: Model `cmy' substituted by `cmy0' on input line 1348.
Package xcolor Info: Model `hsb' substituted by `rgb' on input line 1352.
Package xcolor Info: Model `RGB' extended on input line 1364.
Package xcolor Info: Model `HTML' substituted by `rgb' on input line 1366.
Package xcolor Info: Model `Hsb' substituted by `hsb' on input line 1367.
Package xcolor Info: Model `tHsb' substituted by `hsb' on input line 1368.
Package xcolor Info: Model `HSB' substituted by `hsb' on input line 1369.
Package xcolor Info: Model `Gray' substituted by `gray' on input line 1370.
Package xcolor Info: Model `wave' substituted by `hsb' on input line 1371.

(/usr/local/texlive/2018/texmf-dist/tex/latex/xcolor/x11nam.def
File: x11nam.def 2016/05/11 v2.12 Predefined colors according to Unix/X11 (UK)
))
(/usr/local/texlive/2018/texmf-dist/tex/latex/algorithm2e/algorithm2e.sty
Package: algorithm2e 2017/07/18 v5.2 algorithms environments
\c@AlgoLine=\count106

(/usr/local/texlive/2018/texmf-dist/tex/latex/base/ifthen.sty
Package: ifthen 2014/09/29 v1.1c Standard LaTeX ifthen package (DPC)
)
\algocf@hangindent=\skip51

(/usr/local/texlive/2018/texmf-dist/tex/latex/ifoddpage/ifoddpage.sty
Package: ifoddpage 2016/04/23 v1.1 Conditionals for odd/even page detection
\c@checkoddpage=\count107
)
(/usr/local/texlive/2018/texmf-dist/tex/latex/tools/xspace.sty
Package: xspace 2014/10/28 v1.13 Space after command names (DPC,MH)
)
(/usr/local/texlive/2018/texmf-dist/tex/latex/relsize/relsize.sty
Package: relsize 2013/03/29 ver 4.1
)
\skiptotal=\skip52
\skiplinenumber=\skip53
\skiprule=\skip54
\skiphlne=\skip55
\skiptext=\skip56
\skiplength=\skip57
\algomargin=\skip58
\skipalgocfslide=\skip59
\algowidth=\dimen116
\inoutsize=\dimen117
\inoutindent=\dimen118
\interspacetitleruled=\dimen119
\interspacealgoruled=\dimen120
\interspacetitleboxruled=\dimen121
\algocf@ruledwidth=\skip60
\algocf@inoutbox=\box28
\algocf@inputbox=\box29
\AlCapSkip=\skip61
\AlCapHSkip=\skip62
\algoskipindent=\skip63
\algocf@nlbox=\box30
\algocf@hangingbox=\box31
\algocf@untilbox=\box32
\algocf@skipuntil=\skip64
\algocf@capbox=\box33
\algocf@lcaptionbox=\skip65
\algoheightruledefault=\skip66
\algoheightrule=\skip67
\algotitleheightruledefault=\skip68
\algotitleheightrule=\skip69
\c@algocfline=\count108
\c@algocfproc=\count109
\c@algocf=\count110
\algocf@algoframe=\box34
\algocf@algobox=\box35
)
(./jmlrutils.sty
Package: jmlrutils 2020/09/21 v1.28 (NLCT)
\c@subfigure=\count111
\@subfloatcapbox=\box36
\@subfloatcontsbox=\box37
\c@subtable=\count112
\c@example=\count113
\c@theorem=\count114
)
(/usr/local/texlive/2018/texmf-dist/tex/latex/hyperref/hyperref.sty
Package: hyperref 2018/02/06 v6.86b Hypertext links for LaTeX

(/usr/local/texlive/2018/texmf-dist/tex/generic/oberdiek/hobsub-hyperref.sty
Package: hobsub-hyperref 2016/05/16 v1.14 Bundle oberdiek, subset hyperref (HO)


(/usr/local/texlive/2018/texmf-dist/tex/generic/oberdiek/hobsub-generic.sty
Package: hobsub-generic 2016/05/16 v1.14 Bundle oberdiek, subset generic (HO)
Package: hobsub 2016/05/16 v1.14 Construct package bundles (HO)
Package: infwarerr 2016/05/16 v1.4 Providing info/warning/error messages (HO)
Package: ltxcmds 2016/05/16 v1.23 LaTeX kernel commands for general use (HO)
Package: ifluatex 2016/05/16 v1.4 Provides the ifluatex switch (HO)
Package ifluatex Info: LuaTeX not detected.
Package: ifvtex 2016/05/16 v1.6 Detect VTeX and its facilities (HO)
Package ifvtex Info: VTeX not detected.
Package: intcalc 2016/05/16 v1.2 Expandable calculations with integers (HO)
Package: ifpdf 2017/03/15 v3.2 Provides the ifpdf switch
Package: etexcmds 2016/05/16 v1.6 Avoid name clashes with e-TeX commands (HO)
Package etexcmds Info: Could not find \expanded.
(etexcmds)             That can mean that you are not using pdfTeX 1.50 or
(etexcmds)             that some package has redefined \expanded.
(etexcmds)             In the latter case, load this package earlier.
Package: kvsetkeys 2016/05/16 v1.17 Key value parser (HO)
Package: kvdefinekeys 2016/05/16 v1.4 Define keys (HO)
Package: pdftexcmds 2018/01/30 v0.27 Utility functions of pdfTeX for LuaTeX (HO
)
Package pdftexcmds Info: LuaTeX not detected.
Package pdftexcmds Info: \pdf@primitive is available.
Package pdftexcmds Info: \pdf@ifprimitive is available.
Package pdftexcmds Info: \pdfdraftmode found.
Package: pdfescape 2016/05/16 v1.14 Implements pdfTeX's escape features (HO)
Package: bigintcalc 2016/05/16 v1.4 Expandable calculations on big integers (HO
)
Package: bitset 2016/05/16 v1.2 Handle bit-vector datatype (HO)
Package: uniquecounter 2016/05/16 v1.3 Provide unlimited unique counter (HO)
)
Package hobsub Info: Skipping package `hobsub' (already loaded).
Package: letltxmacro 2016/05/16 v1.5 Let assignment for LaTeX macros (HO)
Package: hopatch 2016/05/16 v1.3 Wrapper for package hooks (HO)
Package: xcolor-patch 2016/05/16 xcolor patch
Package: atveryend 2016/05/16 v1.9 Hooks at the very end of document (HO)
Package: atbegshi 2016/06/09 v1.18 At begin shipout hook (HO)
Package: refcount 2016/05/16 v3.5 Data extraction from label references (HO)
Package: hycolor 2016/05/16 v1.8 Color options for hyperref/bookmark (HO)
)
(/usr/local/texlive/2018/texmf-dist/tex/generic/ifxetex/ifxetex.sty
Package: ifxetex 2010/09/12 v0.6 Provides ifxetex conditional
)
(/usr/local/texlive/2018/texmf-dist/tex/latex/oberdiek/auxhook.sty
Package: auxhook 2016/05/16 v1.4 Hooks for auxiliary files (HO)
)
(/usr/local/texlive/2018/texmf-dist/tex/latex/oberdiek/kvoptions.sty
Package: kvoptions 2016/05/16 v3.12 Key value format for package options (HO)
)
\@linkdim=\dimen122
\Hy@linkcounter=\count115
\Hy@pagecounter=\count116

(/usr/local/texlive/2018/texmf-dist/tex/latex/hyperref/pd1enc.def
File: pd1enc.def 2018/02/06 v6.86b Hyperref: PDFDocEncoding definition (HO)
Now handling font encoding PD1 ...
... no UTF-8 mapping file for font encoding PD1
)
\Hy@SavedSpaceFactor=\count117

(/usr/local/texlive/2018/texmf-dist/tex/latex/latexconfig/hyperref.cfg
File: hyperref.cfg 2002/06/06 v1.2 hyperref configuration of TeXLive
)
Package hyperref Info: Hyper figures OFF on input line 4509.
Package hyperref Info: Link nesting OFF on input line 4514.
Package hyperref Info: Hyper index ON on input line 4517.
Package hyperref Info: Plain pages OFF on input line 4524.
Package hyperref Info: Backreferencing OFF on input line 4529.
Package hyperref Info: Implicit mode ON; LaTeX internals redefined.
Package hyperref Info: Bookmarks ON on input line 4762.
\c@Hy@tempcnt=\count118
LaTeX Info: Redefining \url on input line 5115.
\XeTeXLinkMargin=\dimen123
\Fld@menulength=\count119
\Field@Width=\dimen124
\Fld@charsize=\dimen125
Package hyperref Info: Hyper figures OFF on input line 6369.
Package hyperref Info: Link nesting OFF on input line 6374.
Package hyperref Info: Hyper index ON on input line 6377.
Package hyperref Info: backreferencing OFF on input line 6384.
Package hyperref Info: Link coloring OFF on input line 6389.
Package hyperref Info: Link coloring with OCG OFF on input line 6394.
Package hyperref Info: PDF/A mode OFF on input line 6399.
LaTeX Info: Redefining \ref on input line 6439.
LaTeX Info: Redefining \pageref on input line 6443.
\Hy@abspage=\count120
\c@Item=\count121
\c@Hfootnote=\count122
)
Package hyperref Info: Driver (autodetected): hpdftex.

(/usr/local/texlive/2018/texmf-dist/tex/latex/hyperref/hpdftex.def
File: hpdftex.def 2018/02/06 v6.86b Hyperref driver for pdfTeX
\Fld@listcount=\count123
\c@bookmark@seq@number=\count124

(/usr/local/texlive/2018/texmf-dist/tex/latex/oberdiek/rerunfilecheck.sty
Package: rerunfilecheck 2016/05/16 v1.8 Rerun checks for auxiliary files (HO)
Package uniquecounter Info: New unique counter `rerunfilecheck' on input line 2
82.
)
\Hy@SectionHShift=\skip70
)
(/usr/local/texlive/2018/texmf-dist/tex/latex/hyperref/nameref.sty
Package: nameref 2016/05/21 v2.44 Cross-referencing by name of section

(/usr/local/texlive/2018/texmf-dist/tex/generic/oberdiek/gettitlestring.sty
Package: gettitlestring 2016/05/16 v1.5 Cleanup title references (HO)
)
\c@section@level=\count125
)
Package hyperref Info: Option `colorlinks' set `true' on input line 167.
Package hyperref Info: Option `linktocpage' set `true' on input line 167.
Package hyperref Info: Option `plainpages' set `false' on input line 167.
\aftertitskip=\skip71
\beforetitskip=\skip72
\interauthorskip=\skip73
\aftermaketitskip=\skip74
\jmlrlength=\skip75
\jmlrbox=\box38
\c@chapter=\count126
\postchapterskip=\skip76
\prechapterskip=\skip77
)) (/usr/local/texlive/2018/texmf-dist/tex/latex/psnfss/times.sty
Package: times 2005/04/12 PSNFSS-v9.2a (SPQR) 
)
(/usr/local/texlive/2018/texmf-dist/tex/latex/caption/subcaption.sty
Package: subcaption 2016/05/22 v1.1-161 Sub-captions (AR)

(/usr/local/texlive/2018/texmf-dist/tex/latex/caption/caption.sty
Package: caption 2016/02/21 v3.3-144 Customizing captions (AR)

(/usr/local/texlive/2018/texmf-dist/tex/latex/caption/caption3.sty
Package: caption3 2016/05/22 v1.7-166 caption3 kernel (AR)
Package caption3 Info: TeX engine: e-TeX on input line 67.
\captionmargin=\dimen126
\captionmargin@=\dimen127
\captionwidth=\dimen128
\caption@tempdima=\dimen129
\caption@indent=\dimen130
\caption@parindent=\dimen131
\caption@hangindent=\dimen132
Package caption Info: Unknown document class (or package),
(caption)             standard defaults will be used.
)

Package caption Warning: Unsupported document class (or package) detected,
(caption)                usage of the caption package is not recommended.
See the caption package documentation for explanation.

Package caption Info: \@makecaption = \long macro:#1#2->\vskip 10pt \setbox \@t
empboxa \hbox {#1: #2}\ifdim \wd \@tempboxa >\hsize \begin {list}{#1:}{\settowi
dth {\labelwidth }{#1:} \setlength {\leftmargin }{\labelwidth } \addtolength {\
leftmargin }{\labelsep } }\item #2 \end {list}\par \else \hbox to\hsize {\hfil 
\box \@tempboxa \hfil } \fi .
\c@ContinuedFloat=\count127
Package caption Info: hyperref package is loaded.
)) (/usr/local/texlive/2018/texmf-dist/tex/latex/tools/bm.sty
Package: bm 2017/01/16 v1.2c Bold Symbol Support (DPC/FMi)
\symboldoperators=\mathgroup6
\symboldletters=\mathgroup7
\symboldsymbols=\mathgroup8
LaTeX Font Info:    Redeclaring math alphabet \mathbf on input line 141.
LaTeX Info: Redefining \bm on input line 207.
)
(/usr/local/texlive/2018/texmf-dist/tex/latex/tools/multicol.sty
Package: multicol 2018/04/01 v1.8r multicolumn formatting (FMi)
\c@tracingmulticols=\count128
\mult@box=\box39
\multicol@leftmargin=\dimen133
\c@unbalance=\count129
\c@collectmore=\count130
\doublecol@number=\count131
\multicoltolerance=\count132
\multicolpretolerance=\count133
\full@width=\dimen134
\page@free=\dimen135
\premulticols=\dimen136
\postmulticols=\dimen137
\multicolsep=\skip78
\multicolbaselineskip=\skip79
\partial@page=\box40
\last@line=\box41
\maxbalancingoverflow=\dimen138
\mult@rightbox=\box42
\mult@grightbox=\box43
\mult@gfirstbox=\box44
\mult@firstbox=\box45
\@tempa=\box46
\@tempa=\box47
\@tempa=\box48
\@tempa=\box49
\@tempa=\box50
\@tempa=\box51
\@tempa=\box52
\@tempa=\box53
\@tempa=\box54
\@tempa=\box55
\@tempa=\box56
\@tempa=\box57
\@tempa=\box58
\@tempa=\box59
\@tempa=\box60
\@tempa=\box61
\@tempa=\box62
\c@columnbadness=\count134
\c@finalcolumnbadness=\count135
\last@try=\dimen139
\multicolovershoot=\dimen140
\multicolundershoot=\dimen141
\mult@nat@firstbox=\box63
\colbreak@box=\box64
\mc@col@check@num=\count136
)
(/usr/local/texlive/2018/texmf-dist/tex/latex/algorithms/algorithmic.sty
Package: algorithmic 2009/08/24 v0.1 Document Style `algorithmic'
\c@ALC@unique=\count137
\c@ALC@line=\count138
\c@ALC@rem=\count139
\c@ALC@depth=\count140
\ALC@tlm=\skip80
\algorithmicindent=\skip81
)
(/usr/local/texlive/2018/texmf-dist/tex/latex/algorithms/algorithm.sty
Package: algorithm 2009/08/24 v0.1 Document Style `algorithm' - floating enviro
nment

(/usr/local/texlive/2018/texmf-dist/tex/latex/float/float.sty
Package: float 2001/11/08 v1.3d Float enhancements (AL)
\c@float@type=\count141
\float@exts=\toks21
\float@box=\box65
\@float@everytoks=\toks22
\@floatcapt=\box66
)
\@float@every@algorithm=\toks23
\c@algorithm=\count142
)
\c@assumptionA=\count143

(/usr/local/texlive/2018/texmf-dist/tex/latex/wrapfig/wrapfig.sty
\wrapoverhang=\dimen142
\WF@size=\dimen143
\c@WF@wrappedlines=\count144
\WF@box=\box67
\WF@everypar=\toks24
Package: wrapfig 2003/01/31  v 3.6
)
(/usr/local/texlive/2018/texmf-dist/tex/latex/base/inputenc.sty
Package: inputenc 2018/04/06 v1.3b Input encoding file
\inpenc@prehook=\toks25
\inpenc@posthook=\toks26
)
(/usr/local/texlive/2018/texmf-dist/tex/latex/base/fontenc.sty
Package: fontenc 2017/04/05 v2.0i Standard LaTeX package

(/usr/local/texlive/2018/texmf-dist/tex/latex/base/t1enc.def
File: t1enc.def 2017/04/05 v2.0i Standard LaTeX file
LaTeX Font Info:    Redeclaring font encoding T1 on input line 48.
))
(/usr/local/texlive/2018/texmf-dist/tex/latex/booktabs/booktabs.sty
Package: booktabs 2016/04/27 v1.618033 publication quality tables
\heavyrulewidth=\dimen144
\lightrulewidth=\dimen145
\cmidrulewidth=\dimen146
\belowrulesep=\dimen147
\belowbottomsep=\dimen148
\aboverulesep=\dimen149
\abovetopsep=\dimen150
\cmidrulesep=\dimen151
\cmidrulekern=\dimen152
\defaultaddspace=\dimen153
\@cmidla=\count145
\@cmidlb=\count146
\@aboverulesep=\dimen154
\@belowrulesep=\dimen155
\@thisruleclass=\count147
\@lastruleclass=\count148
\@thisrulewidth=\dimen156
)
(/usr/local/texlive/2018/texmf-dist/tex/latex/units/nicefrac.sty
Package: nicefrac 1998/08/04 v0.9b Nice fractions
\L@UnitsRaiseDisplaystyle=\skip82
\L@UnitsRaiseTextstyle=\skip83
\L@UnitsRaiseScriptstyle=\skip84
)
(/usr/local/texlive/2018/texmf-dist/tex/latex/microtype/microtype.sty
Package: microtype 2018/01/14 v2.7a Micro-typographical refinements (RS)
\MT@toks=\toks27
\MT@count=\count149
LaTeX Info: Redefining \textls on input line 793.
\MT@outer@kern=\dimen157
LaTeX Info: Redefining \textmicrotypecontext on input line 1339.
\MT@listname@count=\count150

(/usr/local/texlive/2018/texmf-dist/tex/latex/microtype/microtype-pdftex.def
File: microtype-pdftex.def 2018/01/14 v2.7a Definitions specific to pdftex (RS)

LaTeX Info: Redefining \lsstyle on input line 913.
LaTeX Info: Redefining \lslig on input line 913.
\MT@outer@space=\skip85
)
Package microtype Info: Loading configuration file microtype.cfg.

(/usr/local/texlive/2018/texmf-dist/tex/latex/microtype/microtype.cfg
File: microtype.cfg 2018/01/14 v2.7a microtype main configuration file (RS)
))
(/usr/local/texlive/2018/texmf-dist/tex/latex/multirow/multirow.sty
Package: multirow 2016/11/25 v2.2 Span multiple rows of a table
\multirow@colwidth=\skip86
\multirow@cntb=\count151
\multirow@dima=\skip87
\bigstrutjot=\dimen158
)
(/usr/local/texlive/2018/texmf-dist/tex/latex/bbm-macros/bbm.sty
Package: bbm 1999/03/15 V 1.2 provides fonts for set symbols - TH
LaTeX Font Info:    Overwriting math alphabet `\mathbbm' in version `bold'
(Font)                  U/bbm/m/n --> U/bbm/bx/n on input line 33.
LaTeX Font Info:    Overwriting math alphabet `\mathbbmss' in version `bold'
(Font)                  U/bbmss/m/n --> U/bbmss/bx/n on input line 35.
)
(/usr/local/texlive/2018/texmf-dist/tex/latex/mdframed/mdframed.sty
Package: mdframed 2013/07/01 1.9b: mdframed

(/usr/local/texlive/2018/texmf-dist/tex/latex/l3packages/xparse/xparse.sty
(/usr/local/texlive/2018/texmf-dist/tex/latex/l3kernel/expl3.sty
Package: expl3 2018/03/05 L3 programming layer (loader) 

(/usr/local/texlive/2018/texmf-dist/tex/latex/l3kernel/expl3-code.tex
Package: expl3 2018/03/05 L3 programming layer (code)
\c_max_int=\count152
\l_tmpa_int=\count153
\l_tmpb_int=\count154
\g_tmpa_int=\count155
\g_tmpb_int=\count156
\g__intarray_font_int=\count157
\g__prg_map_int=\count158
\c_log_iow=\count159
\l_iow_line_count_int=\count160
\l__iow_line_target_int=\count161
\l__iow_one_indent_int=\count162
\l__iow_indent_int=\count163
\c_zero_dim=\dimen159
\c_max_dim=\dimen160
\l_tmpa_dim=\dimen161
\l_tmpb_dim=\dimen162
\g_tmpa_dim=\dimen163
\g_tmpb_dim=\dimen164
\c_zero_skip=\skip88
\c_max_skip=\skip89
\l_tmpa_skip=\skip90
\l_tmpb_skip=\skip91
\g_tmpa_skip=\skip92
\g_tmpb_skip=\skip93
\c_zero_muskip=\muskip12
\c_max_muskip=\muskip13
\l_tmpa_muskip=\muskip14
\l_tmpb_muskip=\muskip15
\g_tmpa_muskip=\muskip16
\g_tmpb_muskip=\muskip17
\l_keys_choice_int=\count164
\c__fp_leading_shift_int=\count165
\c__fp_middle_shift_int=\count166
\c__fp_trailing_shift_int=\count167
\c__fp_big_leading_shift_int=\count168
\c__fp_big_middle_shift_int=\count169
\c__fp_big_trailing_shift_int=\count170
\c__fp_Bigg_leading_shift_int=\count171
\c__fp_Bigg_middle_shift_int=\count172
\c__fp_Bigg_trailing_shift_int=\count173
\c__fp_rand_size_int=\count174
\c__fp_rand_four_int=\count175
\c__fp_rand_eight_int=\count176
\l__sort_length_int=\count177
\l__sort_min_int=\count178
\l__sort_top_int=\count179
\l__sort_max_int=\count180
\l__sort_true_max_int=\count181
\l__sort_block_int=\count182
\l__sort_begin_int=\count183
\l__sort_end_int=\count184
\l__sort_A_int=\count185
\l__sort_B_int=\count186
\l__sort_C_int=\count187
\l__tl_build_start_index_int=\count188
\l__tl_build_index_int=\count189
\l__tl_analysis_normal_int=\count190
\l__tl_analysis_index_int=\count191
\l__tl_analysis_nesting_int=\count192
\l__tl_analysis_type_int=\count193
\l__regex_internal_a_int=\count194
\l__regex_internal_b_int=\count195
\l__regex_internal_c_int=\count196
\l__regex_balance_int=\count197
\l__regex_group_level_int=\count198
\l__regex_mode_int=\count199
\c__regex_cs_in_class_mode_int=\count266
\c__regex_cs_mode_int=\count267
\l__regex_catcodes_int=\count268
\l__regex_default_catcodes_int=\count269
\c__regex_catcode_D_int=\count270
\c__regex_catcode_S_int=\count271
\c__regex_catcode_L_int=\count272
\c__regex_catcode_O_int=\count273
\c__regex_catcode_A_int=\count274
\c__regex_all_catcodes_int=\count275
\l__regex_show_lines_int=\count276
\l__regex_min_state_int=\count277
\l__regex_max_state_int=\count278
\l__regex_left_state_int=\count279
\l__regex_right_state_int=\count280
\l__regex_capturing_group_int=\count281
\l__regex_min_pos_int=\count282
\l__regex_max_pos_int=\count283
\l__regex_curr_pos_int=\count284
\l__regex_start_pos_int=\count285
\l__regex_success_pos_int=\count286
\l__regex_curr_char_int=\count287
\l__regex_curr_catcode_int=\count288
\l__regex_last_char_int=\count289
\l__regex_case_changed_char_int=\count290
\l__regex_curr_state_int=\count291
\l__regex_step_int=\count292
\l__regex_min_active_int=\count293
\l__regex_max_active_int=\count294
\l__regex_replacement_csnames_int=\count295
\l__regex_match_count_int=\count296
\l__regex_min_submatch_int=\count297
\l__regex_submatch_int=\count298
\l__regex_zeroth_submatch_int=\count299
\g__regex_trace_regex_int=\count300
\c_empty_box=\box68
\l_tmpa_box=\box69
\l_tmpb_box=\box70
\g_tmpa_box=\box71
\g_tmpb_box=\box72
\l__box_top_dim=\dimen165
\l__box_bottom_dim=\dimen166
\l__box_left_dim=\dimen167
\l__box_right_dim=\dimen168
\l__box_top_new_dim=\dimen169
\l__box_bottom_new_dim=\dimen170
\l__box_left_new_dim=\dimen171
\l__box_right_new_dim=\dimen172
\l__box_internal_box=\box73
\l__coffin_internal_box=\box74
\l__coffin_internal_dim=\dimen173
\l__coffin_offset_x_dim=\dimen174
\l__coffin_offset_y_dim=\dimen175
\l__coffin_x_dim=\dimen176
\l__coffin_y_dim=\dimen177
\l__coffin_x_prime_dim=\dimen178
\l__coffin_y_prime_dim=\dimen179
\c_empty_coffin=\box75
\l__coffin_aligned_coffin=\box76
\l__coffin_aligned_internal_coffin=\box77
\l_tmpa_coffin=\box78
\l_tmpb_coffin=\box79
\l__coffin_display_coffin=\box80
\l__coffin_display_coord_coffin=\box81
\l__coffin_display_pole_coffin=\box82
\l__coffin_display_offset_dim=\dimen180
\l__coffin_display_x_dim=\dimen181
\l__coffin_display_y_dim=\dimen182
\l__coffin_bounding_shift_dim=\dimen183
\l__coffin_left_corner_dim=\dimen184
\l__coffin_right_corner_dim=\dimen185
\l__coffin_bottom_corner_dim=\dimen186
\l__coffin_top_corner_dim=\dimen187
\l__coffin_scaled_total_height_dim=\dimen188
\l__coffin_scaled_width_dim=\dimen189
)
(/usr/local/texlive/2018/texmf-dist/tex/latex/l3kernel/l3pdfmode.def
File: l3pdfmode.def 2017/03/18 v L3 Experimental driver: PDF mode
\l__driver_color_stack_int=\count301
))
Package: xparse 2018/02/21 L3 Experimental document command parser
\l__xparse_current_arg_int=\count302
\g__xparse_grabber_int=\count303
\l__xparse_m_args_int=\count304
\l__xparse_mandatory_args_int=\count305
\l__xparse_v_nesting_int=\count306
)
(/usr/local/texlive/2018/texmf-dist/tex/latex/oberdiek/zref-abspage.sty
Package: zref-abspage 2016/05/21 v2.26 Module abspage for zref (HO)

(/usr/local/texlive/2018/texmf-dist/tex/latex/oberdiek/zref-base.sty
Package: zref-base 2016/05/21 v2.26 Module base for zref (HO)
Package zref Info: New property list: main on input line 759.
Package zref Info: New property: default on input line 760.
Package zref Info: New property: page on input line 761.
)
\c@abspage=\count307
Package zref Info: New property: abspage on input line 62.
)
(/usr/local/texlive/2018/texmf-dist/tex/latex/needspace/needspace.sty
Package: needspace 2010/09/12 v1.3d reserve vertical space
)
\mdf@templength=\skip94
\c@mdf@globalstyle@cnt=\count308
\mdf@skipabove@length=\skip95
\mdf@skipbelow@length=\skip96
\mdf@leftmargin@length=\skip97
\mdf@rightmargin@length=\skip98
\mdf@innerleftmargin@length=\skip99
\mdf@innerrightmargin@length=\skip100
\mdf@innertopmargin@length=\skip101
\mdf@innerbottommargin@length=\skip102
\mdf@splittopskip@length=\skip103
\mdf@splitbottomskip@length=\skip104
\mdf@outermargin@length=\skip105
\mdf@innermargin@length=\skip106
\mdf@linewidth@length=\skip107
\mdf@innerlinewidth@length=\skip108
\mdf@middlelinewidth@length=\skip109
\mdf@outerlinewidth@length=\skip110
\mdf@roundcorner@length=\skip111
\mdf@footenotedistance@length=\skip112
\mdf@userdefinedwidth@length=\skip113
\mdf@needspace@length=\skip114
\mdf@frametitleaboveskip@length=\skip115
\mdf@frametitlebelowskip@length=\skip116
\mdf@frametitlerulewidth@length=\skip117
\mdf@frametitleleftmargin@length=\skip118
\mdf@frametitlerightmargin@length=\skip119
\mdf@shadowsize@length=\skip120
\mdf@extratopheight@length=\skip121
\mdf@subtitleabovelinewidth@length=\skip122
\mdf@subtitlebelowlinewidth@length=\skip123
\mdf@subtitleaboveskip@length=\skip124
\mdf@subtitlebelowskip@length=\skip125
\mdf@subtitleinneraboveskip@length=\skip126
\mdf@subtitleinnerbelowskip@length=\skip127
\mdf@subsubtitleabovelinewidth@length=\skip128
\mdf@subsubtitlebelowlinewidth@length=\skip129
\mdf@subsubtitleaboveskip@length=\skip130
\mdf@subsubtitlebelowskip@length=\skip131
\mdf@subsubtitleinneraboveskip@length=\skip132
\mdf@subsubtitleinnerbelowskip@length=\skip133

(/usr/local/texlive/2018/texmf-dist/tex/latex/mdframed/md-frame-0.mdf
File: md-frame-0.mdf 2013/07/01\ 1.9b: md-frame-0
)
\mdf@frametitlebox=\box83
\mdf@footnotebox=\box84
\mdf@splitbox@one=\box85
\mdf@splitbox@two=\box86
\mdf@splitbox@save=\box87
\mdfsplitboxwidth=\skip134
\mdfsplitboxtotalwidth=\skip135
\mdfsplitboxheight=\skip136
\mdfsplitboxdepth=\skip137
\mdfsplitboxtotalheight=\skip138
\mdfframetitleboxwidth=\skip139
\mdfframetitleboxtotalwidth=\skip140
\mdfframetitleboxheight=\skip141
\mdfframetitleboxdepth=\skip142
\mdfframetitleboxtotalheight=\skip143
\mdffootnoteboxwidth=\skip144
\mdffootnoteboxtotalwidth=\skip145
\mdffootnoteboxheight=\skip146
\mdffootnoteboxdepth=\skip147
\mdffootnoteboxtotalheight=\skip148
\mdftotallinewidth=\skip149
\mdfboundingboxwidth=\skip150
\mdfboundingboxtotalwidth=\skip151
\mdfboundingboxheight=\skip152
\mdfboundingboxdepth=\skip153
\mdfboundingboxtotalheight=\skip154
\mdf@freevspace@length=\skip155
\mdf@horizontalwidthofbox@length=\skip156
\mdf@verticalmarginwhole@length=\skip157
\mdf@horizontalspaceofbox=\skip158
\mdfsubtitleheight=\skip159
\mdfsubsubtitleheight=\skip160
\c@mdfcountframes=\count309

****** mdframed patching \endmdf@trivlist

****** -- success******

.................................................
. LaTeX info: "xparse/define-command"
. 
. Defining command \newmdtheoremenv with sig. 'O{} m o m o ' on line 601.
.................................................
.................................................
. LaTeX info: "xparse/define-command"
. 
. Defining command \mdtheorem with sig. ' O{} m o m o ' on line 701.
.................................................
\mdf@envdepth=\count310
\c@mdf@env@i=\count311
\c@mdf@env@ii=\count312
\c@mdf@zref@counter=\count313
Package zref Info: New property: mdf@pagevalue on input line 895.
)
(/usr/local/texlive/2018/texmf-dist/tex/latex/shadethm/shadethm.sty
Package: shadethm 1999/11/23
\saveparindent=\skip161
\shadeboxsep=\skip162
\shadeboxrule=\skip163
\shadedtextwidth=\skip164
\shadeleftshift=\skip165
\shaderightshift=\skip166
\shadesavebox=\box88
)
\c@shadethm=\count314
\c@shadecoro=\count315
\c@boxtheo=\count316
\c@boxcoro=\count317

(./packagescolt.tex
(/usr/local/texlive/2018/texmf-dist/tex/latex/tools/enumerate.sty
Package: enumerate 2015/07/23 v3.00 enumerate extensions (DPC)
\@enLab=\toks28
)
(/usr/local/texlive/2018/texmf-dist/tex/latex/thmtools/thmtools.sty
Package: thmtools 2014/04/21 v66
\thmt@toks=\toks29
\c@thmt@dummyctr=\count318

(/usr/local/texlive/2018/texmf-dist/tex/latex/thmtools/thm-patch.sty
Package: thm-patch 2014/04/21 v66

(/usr/local/texlive/2018/texmf-dist/tex/latex/thmtools/parseargs.sty
Package: parseargs 2014/04/21 v66
\@parsespec=\toks30
))
(/usr/local/texlive/2018/texmf-dist/tex/latex/thmtools/thm-kv.sty
Package: thm-kv 2014/04/21 v66
Package thm-kv Info: Theorem names will be uppercased on input line 40.
Package thm-kv Info: kvsetkeys patch (v1.16 or later) on input line 156.
)
(/usr/local/texlive/2018/texmf-dist/tex/latex/thmtools/thm-autoref.sty
Package: thm-autoref 2014/04/21 v66

(/usr/local/texlive/2018/texmf-dist/tex/latex/thmtools/aliasctr.sty
Package: aliasctr 2014/04/21 v66

(/usr/local/texlive/2018/texmf-dist/tex/latex/carlisle/remreset.sty)))
(/usr/local/texlive/2018/texmf-dist/tex/latex/thmtools/thm-listof.sty
Package: thm-listof 2014/04/21 v66
)
(/usr/local/texlive/2018/texmf-dist/tex/latex/thmtools/thm-restate.sty
Package: thm-restate 2014/04/21 v66
))
(/usr/local/texlive/2018/texmf-dist/tex/latex/mathtools/mathtools.sty
Package: mathtools 2018/01/08 v1.21 mathematical typesetting tools

(/usr/local/texlive/2018/texmf-dist/tex/latex/mathtools/mhsetup.sty
Package: mhsetup 2017/03/31 v1.3 programming setup (MH)
)
LaTeX Info: Thecontrolsequence`\('isalreadyrobust on input line 129.
LaTeX Info: Thecontrolsequence`\)'isalreadyrobust on input line 129.
LaTeX Info: Thecontrolsequence`\['isalreadyrobust on input line 129.
LaTeX Info: Thecontrolsequence`\]'isalreadyrobust on input line 129.
\g_MT_multlinerow_int=\count319
\l_MT_multwidth_dim=\dimen190
\origjot=\skip167
\l_MT_shortvdotswithinadjustabove_dim=\dimen191
\l_MT_shortvdotswithinadjustbelow_dim=\dimen192
\l_MT_above_intertext_sep=\dimen193
\l_MT_below_intertext_sep=\dimen194
\l_MT_above_shortintertext_sep=\dimen195
\l_MT_below_shortintertext_sep=\dimen196
)
(/usr/local/texlive/2018/texmf-dist/tex/latex/enumitem/enumitem.sty
Package: enumitem 2011/09/28 v3.5.2 Customized lists
\enitkv@toks@=\toks31
\labelindent=\skip168
\enit@outerparindent=\dimen197
\enit@toks=\toks32
\enit@inbox=\box89
\enitdp@description=\count320
)
(/usr/local/texlive/2018/texmf-dist/tex/latex/tcolorbox/tcolorbox.sty
Package: tcolorbox 2018/03/22 version 4.13 text color boxes

(/usr/local/texlive/2018/texmf-dist/tex/latex/pgf/basiclayer/pgf.sty
(/usr/local/texlive/2018/texmf-dist/tex/latex/pgf/utilities/pgfrcs.sty
(/usr/local/texlive/2018/texmf-dist/tex/generic/pgf/utilities/pgfutil-common.te
x
\pgfutil@everybye=\toks33
\pgfutil@tempdima=\dimen198
\pgfutil@tempdimb=\dimen199

(/usr/local/texlive/2018/texmf-dist/tex/generic/pgf/utilities/pgfutil-common-li
sts.tex))
(/usr/local/texlive/2018/texmf-dist/tex/generic/pgf/utilities/pgfutil-latex.def
\pgfutil@abb=\box90
(/usr/local/texlive/2018/texmf-dist/tex/latex/ms/everyshi.sty
Package: everyshi 2001/05/15 v3.00 EveryShipout Package (MS)
))
(/usr/local/texlive/2018/texmf-dist/tex/generic/pgf/utilities/pgfrcs.code.tex
Package: pgfrcs 2015/08/07 v3.0.1a (rcs-revision 1.31)
))
Package: pgf 2015/08/07 v3.0.1a (rcs-revision 1.15)
(/usr/local/texlive/2018/texmf-dist/tex/latex/pgf/basiclayer/pgfcore.sty
(/usr/local/texlive/2018/texmf-dist/tex/latex/pgf/systemlayer/pgfsys.sty
(/usr/local/texlive/2018/texmf-dist/tex/generic/pgf/systemlayer/pgfsys.code.tex
Package: pgfsys 2014/07/09 v3.0.1a (rcs-revision 1.48)
(/usr/local/texlive/2018/texmf-dist/tex/generic/pgf/utilities/pgfkeys.code.tex
\pgfkeys@pathtoks=\toks34
\pgfkeys@temptoks=\toks35

(/usr/local/texlive/2018/texmf-dist/tex/generic/pgf/utilities/pgfkeysfiltered.c
ode.tex
\pgfkeys@tmptoks=\toks36
))
\pgf@x=\dimen256
\pgf@y=\dimen257
\pgf@xa=\dimen258
\pgf@ya=\dimen259
\pgf@xb=\dimen260
\pgf@yb=\dimen261
\pgf@xc=\dimen262
\pgf@yc=\dimen263
\w@pgf@writea=\write3
\r@pgf@reada=\read1
\c@pgf@counta=\count321
\c@pgf@countb=\count322
\c@pgf@countc=\count323
\c@pgf@countd=\count324
\t@pgf@toka=\toks37
\t@pgf@tokb=\toks38
\t@pgf@tokc=\toks39

(/usr/local/texlive/2018/texmf-dist/tex/generic/pgf/systemlayer/pgf.cfg
File: pgf.cfg 2008/05/14  (rcs-revision 1.7)
)
Driver file for pgf: pgfsys-pdftex.def

(/usr/local/texlive/2018/texmf-dist/tex/generic/pgf/systemlayer/pgfsys-pdftex.d
ef
File: pgfsys-pdftex.def 2014/10/11  (rcs-revision 1.35)

(/usr/local/texlive/2018/texmf-dist/tex/generic/pgf/systemlayer/pgfsys-common-p
df.def
File: pgfsys-common-pdf.def 2013/10/10  (rcs-revision 1.13)
)))
(/usr/local/texlive/2018/texmf-dist/tex/generic/pgf/systemlayer/pgfsyssoftpath.
code.tex
File: pgfsyssoftpath.code.tex 2013/09/09  (rcs-revision 1.9)
\pgfsyssoftpath@smallbuffer@items=\count325
\pgfsyssoftpath@bigbuffer@items=\count326
)
(/usr/local/texlive/2018/texmf-dist/tex/generic/pgf/systemlayer/pgfsysprotocol.
code.tex
File: pgfsysprotocol.code.tex 2006/10/16  (rcs-revision 1.4)
))
(/usr/local/texlive/2018/texmf-dist/tex/generic/pgf/basiclayer/pgfcore.code.tex
Package: pgfcore 2010/04/11 v3.0.1a (rcs-revision 1.7)
(/usr/local/texlive/2018/texmf-dist/tex/generic/pgf/math/pgfmath.code.tex
(/usr/local/texlive/2018/texmf-dist/tex/generic/pgf/math/pgfmathcalc.code.tex
(/usr/local/texlive/2018/texmf-dist/tex/generic/pgf/math/pgfmathutil.code.tex)
(/usr/local/texlive/2018/texmf-dist/tex/generic/pgf/math/pgfmathparser.code.tex
\pgfmath@dimen=\dimen264
\pgfmath@count=\count327
\pgfmath@box=\box91
\pgfmath@toks=\toks40
\pgfmath@stack@operand=\toks41
\pgfmath@stack@operation=\toks42
)
(/usr/local/texlive/2018/texmf-dist/tex/generic/pgf/math/pgfmathfunctions.code.
tex
(/usr/local/texlive/2018/texmf-dist/tex/generic/pgf/math/pgfmathfunctions.basic
.code.tex)
(/usr/local/texlive/2018/texmf-dist/tex/generic/pgf/math/pgfmathfunctions.trigo
nometric.code.tex)
(/usr/local/texlive/2018/texmf-dist/tex/generic/pgf/math/pgfmathfunctions.rando
m.code.tex)
(/usr/local/texlive/2018/texmf-dist/tex/generic/pgf/math/pgfmathfunctions.compa
rison.code.tex)
(/usr/local/texlive/2018/texmf-dist/tex/generic/pgf/math/pgfmathfunctions.base.
code.tex)
(/usr/local/texlive/2018/texmf-dist/tex/generic/pgf/math/pgfmathfunctions.round
.code.tex)
(/usr/local/texlive/2018/texmf-dist/tex/generic/pgf/math/pgfmathfunctions.misc.
code.tex)
(/usr/local/texlive/2018/texmf-dist/tex/generic/pgf/math/pgfmathfunctions.integ
erarithmetics.code.tex)))
(/usr/local/texlive/2018/texmf-dist/tex/generic/pgf/math/pgfmathfloat.code.tex
\c@pgfmathroundto@lastzeros=\count328
))
(/usr/local/texlive/2018/texmf-dist/tex/generic/pgf/basiclayer/pgfcorepoints.co
de.tex
File: pgfcorepoints.code.tex 2013/10/07  (rcs-revision 1.27)
\pgf@picminx=\dimen265
\pgf@picmaxx=\dimen266
\pgf@picminy=\dimen267
\pgf@picmaxy=\dimen268
\pgf@pathminx=\dimen269
\pgf@pathmaxx=\dimen270
\pgf@pathminy=\dimen271
\pgf@pathmaxy=\dimen272
\pgf@xx=\dimen273
\pgf@xy=\dimen274
\pgf@yx=\dimen275
\pgf@yy=\dimen276
\pgf@zx=\dimen277
\pgf@zy=\dimen278
)
(/usr/local/texlive/2018/texmf-dist/tex/generic/pgf/basiclayer/pgfcorepathconst
ruct.code.tex
File: pgfcorepathconstruct.code.tex 2013/10/07  (rcs-revision 1.29)
\pgf@path@lastx=\dimen279
\pgf@path@lasty=\dimen280
)
(/usr/local/texlive/2018/texmf-dist/tex/generic/pgf/basiclayer/pgfcorepathusage
.code.tex
File: pgfcorepathusage.code.tex 2014/11/02  (rcs-revision 1.24)
\pgf@shorten@end@additional=\dimen281
\pgf@shorten@start@additional=\dimen282
)
(/usr/local/texlive/2018/texmf-dist/tex/generic/pgf/basiclayer/pgfcorescopes.co
de.tex
File: pgfcorescopes.code.tex 2015/05/08  (rcs-revision 1.46)
\pgfpic=\box92
\pgf@hbox=\box93
\pgf@layerbox@main=\box94
\pgf@picture@serial@count=\count329
)
(/usr/local/texlive/2018/texmf-dist/tex/generic/pgf/basiclayer/pgfcoregraphicst
ate.code.tex
File: pgfcoregraphicstate.code.tex 2014/11/02  (rcs-revision 1.12)
\pgflinewidth=\dimen283
)
(/usr/local/texlive/2018/texmf-dist/tex/generic/pgf/basiclayer/pgfcoretransform
ations.code.tex
File: pgfcoretransformations.code.tex 2015/08/07  (rcs-revision 1.20)
\pgf@pt@x=\dimen284
\pgf@pt@y=\dimen285
\pgf@pt@temp=\dimen286
)
(/usr/local/texlive/2018/texmf-dist/tex/generic/pgf/basiclayer/pgfcorequick.cod
e.tex
File: pgfcorequick.code.tex 2008/10/09  (rcs-revision 1.3)
)
(/usr/local/texlive/2018/texmf-dist/tex/generic/pgf/basiclayer/pgfcoreobjects.c
ode.tex
File: pgfcoreobjects.code.tex 2006/10/11  (rcs-revision 1.2)
)
(/usr/local/texlive/2018/texmf-dist/tex/generic/pgf/basiclayer/pgfcorepathproce
ssing.code.tex
File: pgfcorepathprocessing.code.tex 2013/09/09  (rcs-revision 1.9)
)
(/usr/local/texlive/2018/texmf-dist/tex/generic/pgf/basiclayer/pgfcorearrows.co
de.tex
File: pgfcorearrows.code.tex 2015/05/14  (rcs-revision 1.43)
\pgfarrowsep=\dimen287
)
(/usr/local/texlive/2018/texmf-dist/tex/generic/pgf/basiclayer/pgfcoreshade.cod
e.tex
File: pgfcoreshade.code.tex 2013/07/15  (rcs-revision 1.15)
\pgf@max=\dimen288
\pgf@sys@shading@range@num=\count330
)
(/usr/local/texlive/2018/texmf-dist/tex/generic/pgf/basiclayer/pgfcoreimage.cod
e.tex
File: pgfcoreimage.code.tex 2013/07/15  (rcs-revision 1.18)

(/usr/local/texlive/2018/texmf-dist/tex/generic/pgf/basiclayer/pgfcoreexternal.
code.tex
File: pgfcoreexternal.code.tex 2014/07/09  (rcs-revision 1.21)
\pgfexternal@startupbox=\box95
))
(/usr/local/texlive/2018/texmf-dist/tex/generic/pgf/basiclayer/pgfcorelayers.co
de.tex
File: pgfcorelayers.code.tex 2013/07/18  (rcs-revision 1.7)
)
(/usr/local/texlive/2018/texmf-dist/tex/generic/pgf/basiclayer/pgfcoretranspare
ncy.code.tex
File: pgfcoretransparency.code.tex 2013/09/30  (rcs-revision 1.5)
)
(/usr/local/texlive/2018/texmf-dist/tex/generic/pgf/basiclayer/pgfcorepatterns.
code.tex
File: pgfcorepatterns.code.tex 2013/11/07  (rcs-revision 1.5)
)))
(/usr/local/texlive/2018/texmf-dist/tex/generic/pgf/modules/pgfmoduleshapes.cod
e.tex
File: pgfmoduleshapes.code.tex 2014/03/21  (rcs-revision 1.35)
\pgfnodeparttextbox=\box96
)
(/usr/local/texlive/2018/texmf-dist/tex/generic/pgf/modules/pgfmoduleplot.code.
tex
File: pgfmoduleplot.code.tex 2015/08/03  (rcs-revision 1.13)
)
(/usr/local/texlive/2018/texmf-dist/tex/latex/pgf/compatibility/pgfcomp-version
-0-65.sty
Package: pgfcomp-version-0-65 2007/07/03 v3.0.1a (rcs-revision 1.7)
\pgf@nodesepstart=\dimen289
\pgf@nodesepend=\dimen290
)
(/usr/local/texlive/2018/texmf-dist/tex/latex/pgf/compatibility/pgfcomp-version
-1-18.sty
Package: pgfcomp-version-1-18 2007/07/23 v3.0.1a (rcs-revision 1.1)
)) (/usr/local/texlive/2018/texmf-dist/tex/latex/tools/verbatim.sty
Package: verbatim 2014/10/28 v1.5q LaTeX2e package for verbatim enhancements
\every@verbatim=\toks43
\verbatim@line=\toks44
\verbatim@in@stream=\read2
)
(/usr/local/texlive/2018/texmf-dist/tex/latex/environ/environ.sty
Package: environ 2014/05/04 v0.3 A new way to define environments

(/usr/local/texlive/2018/texmf-dist/tex/latex/trimspaces/trimspaces.sty
Package: trimspaces 2009/09/17 v1.1 Trim spaces around a token list
))
\tcb@titlebox=\box97
\tcb@upperbox=\box98
\tcb@lowerbox=\box99
\tcb@phantombox=\box100
\c@tcbbreakpart=\count331
\c@tcblayer=\count332
\tcolorbox@number=\count333
\tcb@temp=\box101
\tcb@temp=\box102
\tcb@temp=\box103
\tcb@temp=\box104
\tcb@out=\write4
\tcb@record@out=\write5
)
\c@assumption=\count334

(/usr/local/texlive/2018/texmf-dist/tex/latex/chngcntr/chngcntr.sty
Package: chngcntr 2009/09/02 v1.0a change counter resetting
))
(/usr/local/texlive/2018/texmf-dist/tex/latex/apptools/apptools.sty
Package: apptools 2012/11/28 v1.0 Tools for customizing appendices
)
(./macroscolt.tex)

LaTeX Warning: Unused global option(s):
    [12pt].

(./DAMS.aux)
\openout1 = `DAMS.aux'.

LaTeX Font Info:    Checking defaults for OML/cmm/m/it on input line 83.
LaTeX Font Info:    ... okay on input line 83.
LaTeX Font Info:    Checking defaults for T1/cmr/m/n on input line 83.
LaTeX Font Info:    ... okay on input line 83.
LaTeX Font Info:    Checking defaults for OT1/cmr/m/n on input line 83.
LaTeX Font Info:    ... okay on input line 83.
LaTeX Font Info:    Checking defaults for OMS/cmsy/m/n on input line 83.
LaTeX Font Info:    ... okay on input line 83.
LaTeX Font Info:    Checking defaults for OMX/cmex/m/n on input line 83.
LaTeX Font Info:    ... okay on input line 83.
LaTeX Font Info:    Checking defaults for U/cmr/m/n on input line 83.
LaTeX Font Info:    ... okay on input line 83.
LaTeX Font Info:    Checking defaults for PD1/pdf/m/n on input line 83.
LaTeX Font Info:    ... okay on input line 83.
LaTeX Font Info:    Try loading font information for T1+ptm on input line 83.
 (/usr/local/texlive/2018/texmf-dist/tex/latex/psnfss/t1ptm.fd
File: t1ptm.fd 2001/06/04 font definitions for T1/ptm.
)
(/usr/local/texlive/2018/texmf-dist/tex/context/base/mkii/supp-pdf.mkii
[Loading MPS to PDF converter (version 2006.09.02).]
\scratchcounter=\count335
\scratchdimen=\dimen291
\scratchbox=\box105
\nofMPsegments=\count336
\nofMParguments=\count337
\everyMPshowfont=\toks45
\MPscratchCnt=\count338
\MPscratchDim=\dimen292
\MPnumerator=\count339
\makeMPintoPDFobject=\count340
\everyMPtoPDFconversion=\toks46
) (/usr/local/texlive/2018/texmf-dist/tex/latex/oberdiek/epstopdf-base.sty
Package: epstopdf-base 2016/05/15 v2.6 Base part for package epstopdf

(/usr/local/texlive/2018/texmf-dist/tex/latex/oberdiek/grfext.sty
Package: grfext 2016/05/16 v1.2 Manage graphics extensions (HO)
)
Package epstopdf-base Info: Redefining graphics rule for `.eps' on input line 4
38.
Package grfext Info: Graphics extension search list:
(grfext)             [.pdf,.png,.jpg,.mps,.jpeg,.jbig2,.jb2,.PDF,.PNG,.JPG,.JPE
G,.JBIG2,.JB2,.eps]
(grfext)             \AppendGraphicsExtensions on input line 456.

(/usr/local/texlive/2018/texmf-dist/tex/latex/latexconfig/epstopdf-sys.cfg
File: epstopdf-sys.cfg 2010/07/13 v1.3 Configuration of (r)epstopdf for TeX Liv
e
))
\AtBeginShipoutBox=\box106
Package hyperref Info: Link coloring ON on input line 83.
LaTeX Info: Redefining \ref on input line 83.
LaTeX Info: Redefining \pageref on input line 83.
LaTeX Info: Redefining \nameref on input line 83.

(./DAMS.out) (./DAMS.out)
\@outlinefile=\write6
\openout6 = `DAMS.out'.

Package caption Info: Begin \AtBeginDocument code.
Package caption Info: float package is loaded.
Package caption Info: wrapfig package is loaded.
Package caption Info: End \AtBeginDocument code.
LaTeX Info: Redefining \microtypecontext on input line 83.
Package microtype Info: Generating PDF output.
Package microtype Info: Character protrusion enabled (level 2).
Package microtype Info: Using default protrusion set `alltext'.
Package microtype Info: Automatic font expansion enabled (level 2),
(microtype)             stretch: 20, shrink: 20, step: 1, non-selected.
Package microtype Info: Using default expansion set `basictext'.
Package microtype Info: No adjustment of tracking.
Package microtype Info: No adjustment of interword spacing.
Package microtype Info: No adjustment of character kerning.

(/usr/local/texlive/2018/texmf-dist/tex/latex/microtype/mt-ptm.cfg
File: mt-ptm.cfg 2006/04/20 v1.7 microtype config. file: Times (RS)
)
ABD: EveryShipout initializing macros
LaTeX Font Info:    Font shape `T1/ptm/bx/n' in size <14.4> not available
(Font)              Font shape `T1/ptm/b/n' tried instead on input line 85.
LaTeX Font Info:    Font shape `T1/ptm/bx/n' in size <10.95> not available
(Font)              Font shape `T1/ptm/b/n' tried instead on input line 85.
LaTeX Font Info:    Font shape `T1/ptm/bx/n' in size <10> not available
(Font)              Font shape `T1/ptm/b/n' tried instead on input line 85.
LaTeX Font Info:    Try loading font information for OMS+ptm on input line 85.

(/usr/local/texlive/2018/texmf-dist/tex/latex/psnfss/omsptm.fd
File: omsptm.fd 
)
LaTeX Font Info:    Font shape `OMS/ptm/m/n' in size <8> not available
(Font)              Font shape `OMS/cmsy/m/n' tried instead on input line 85.
LaTeX Font Info:    Font shape `T1/ptm/bx/n' in size <12> not available
(Font)              Font shape `T1/ptm/b/n' tried instead on input line 87.

Underfull \hbox (badness 10000) in paragraph at lines 87--95
  
 []

[1{/usr/local/texlive/2018/texmf-var/fonts/map/pdftex/updmap/pdftex.map}

]
LaTeX Font Info:    Font shape `OMS/ptm/m/n' in size <10.95> not available
(Font)              Font shape `OMS/cmsy/m/n' tried instead on input line 123.

(/usr/local/texlive/2018/texmf-dist/tex/latex/microtype/mt-cmr.cfg
File: mt-cmr.cfg 2013/05/19 v2.2 microtype config. file: Computer Modern Roman 
(RS)
)
LaTeX Font Info:    Try loading font information for U+msa on input line 127.

(/usr/local/texlive/2018/texmf-dist/tex/latex/amsfonts/umsa.fd
File: umsa.fd 2013/01/14 v3.01 AMS symbols A
)
(/usr/local/texlive/2018/texmf-dist/tex/latex/microtype/mt-msa.cfg
File: mt-msa.cfg 2006/02/04 v1.1 microtype config. file: AMS symbols (a) (RS)
)
LaTeX Font Info:    Try loading font information for U+msb on input line 127.

(/usr/local/texlive/2018/texmf-dist/tex/latex/amsfonts/umsb.fd
File: umsb.fd 2013/01/14 v3.01 AMS symbols B
)
(/usr/local/texlive/2018/texmf-dist/tex/latex/microtype/mt-msb.cfg
File: mt-msb.cfg 2005/06/01 v1.0 microtype config. file: AMS symbols (b) (RS)
) [2]
[3]
Overfull \hbox (19.02856pt too wide) in paragraph at lines 211--212
\T1/ptm/m/n/10.95 (-20) We first present the con-ver-gence fail-ure of cur-rent
 de-cen-tral-ized adap-tive method, such as DADAM ([][]Nazari
 []

Package hyperref Info: bookmark level for unknown algorithm defaults to 0 on in
put line 221.

Overfull \hbox (0.4pt too wide) in paragraph at lines 249--249
[][] 
 []

LaTeX Font Info:    Try loading font information for U+bbm on input line 255.
(/usr/local/texlive/2018/texmf-dist/tex/latex/bbm-macros/ubbm.fd
File: ubbm.fd 1999/03/15 V 1.2 Font definition for bbm font - TH
) [4pdfTeX warning (ext4): destination with the same identifier (name{figure.ca
ption.1}) has been already used, duplicate ignored

\AtBegShi@Output ...ipout \box \AtBeginShipoutBox 
                                                  \fi \fi 
l.264 \end{proof}
                 ] [5]
Overfull \hbox (0.4pt too wide) in paragraph at lines 348--348
[][] 
 []


Overfull \hbox (0.4pt too wide) in paragraph at lines 371--371
[][] 
 []

[6pdfTeX warning (ext4): destination with the same identifier (name{figure.capt
ion.2}) has been already used, duplicate ignored

\AtBegShi@Output ...ipout \box \AtBeginShipoutBox 
                                                  \fi \fi 
l.371 \end{coro}
                ] [7]
Overfull \hbox (0.4pt too wide) in paragraph at lines 517--517
[][] 
 []

[8pdfTeX warning (ext4): destination with the same identifier (name{figure.capt
ion.3}) has been already used, duplicate ignored

\AtBegShi@Output ...ipout \box \AtBeginShipoutBox 
                                                  \fi \fi 
l.553 \subsection
                 {Application to AdaGrad algorithm}\label{sec:adagrad}]
Overfull \hbox (0.4pt too wide) in paragraph at lines 594--594
[][] 
 []

[9pdfTeX warning (ext4): destination with the same identifier (name{figure.capt
ion.4}) has been already used, duplicate ignored

\AtBegShi@Output ...ipout \box \AtBeginShipoutBox 
                                                  \fi \fi 
l.631  \end{align}
                  ]
Overfull \hbox (19.76622pt too wide) in paragraph at lines 700--706
\T1/ptm/m/n/10.95 (-20) where $\OMS/cmsy/m/n/10.95 k ^^A k[]$ \T1/ptm/m/n/10.95
 (-20) de-notes the entry-wise $\OML/cmm/m/it/10.95 L[]$ \T1/ptm/m/n/10.95 (-20
) norm of a ma-trix (i.e $\OMS/cmsy/m/n/10.95 k\OML/cmm/m/it/10.95 A\OMS/cmsy/m
/n/10.95 k[] \OT1/cmr/m/n/10.95 = [][] []$\T1/ptm/m/n/10.95 (-20) ) and $\OML/c
mm/m/it/10.95 C[]; C[]; C[]; C[]; C[]$
 []

[10]
Package epstopdf Info: Source file: <train_loss_updated.eps>
(epstopdf)                    date: 2021-06-29 10:24:50
(epstopdf)                    size: 21093 bytes
(epstopdf)             Output file: <train_loss_updated-eps-converted-to.pdf>
(epstopdf)                    date: 2021-06-29 10:24:50
(epstopdf)                    size: 8091 bytes
(epstopdf)             Command: <repstopdf --outfile=train_loss_updated-eps-con
verted-to.pdf train_loss_updated.eps>
(epstopdf)             \includegraphics on input line 771.
Package epstopdf Info: Output file is already uptodate.
<train_loss_updated-eps-converted-to.pdf, id=484, 289.08pt x 216.81pt>
File: train_loss_updated-eps-converted-to.pdf Graphic file (type pdf)
<use train_loss_updated-eps-converted-to.pdf>
Package pdftex.def Info: train_loss_updated-eps-converted-to.pdf  used on input
 line 771.
(pdftex.def)             Requested size: 108.405pt x 81.30354pt.
Package epstopdf Info: Source file: <test_acc_updated.eps>
(epstopdf)                    date: 2021-06-29 10:24:50
(epstopdf)                    size: 19434 bytes
(epstopdf)             Output file: <test_acc_updated-eps-converted-to.pdf>
(epstopdf)                    date: 2021-06-29 10:24:50
(epstopdf)                    size: 8042 bytes
(epstopdf)             Command: <repstopdf --outfile=test_acc_updated-eps-conve
rted-to.pdf test_acc_updated.eps>
(epstopdf)             \includegraphics on input line 771.
Package epstopdf Info: Output file is already uptodate.
<test_acc_updated-eps-converted-to.pdf, id=485, 289.08pt x 216.81pt>
File: test_acc_updated-eps-converted-to.pdf Graphic file (type pdf)
<use test_acc_updated-eps-converted-to.pdf>
Package pdftex.def Info: test_acc_updated-eps-converted-to.pdf  used on input l
ine 771.
(pdftex.def)             Requested size: 108.405pt x 81.30354pt.
Package epstopdf Info: Source file: <ub_train_loss.eps>
(epstopdf)                    date: 2021-06-29 10:24:50
(epstopdf)                    size: 125211 bytes
(epstopdf)             Output file: <ub_train_loss-eps-converted-to.pdf>
(epstopdf)                    date: 2021-06-29 10:24:50
(epstopdf)                    size: 37090 bytes
(epstopdf)             Command: <repstopdf --outfile=ub_train_loss-eps-converte
d-to.pdf ub_train_loss.eps>
(epstopdf)             \includegraphics on input line 771.
Package epstopdf Info: Output file is already uptodate.
<ub_train_loss-eps-converted-to.pdf, id=486, 289.08pt x 216.81pt>
File: ub_train_loss-eps-converted-to.pdf Graphic file (type pdf)
<use ub_train_loss-eps-converted-to.pdf>
Package pdftex.def Info: ub_train_loss-eps-converted-to.pdf  used on input line
 771.
(pdftex.def)             Requested size: 108.405pt x 81.30354pt.
Package epstopdf Info: Source file: <ub_test.eps>
(epstopdf)                    date: 2021-06-29 10:24:50
(epstopdf)                    size: 102621 bytes
(epstopdf)             Output file: <ub_test-eps-converted-to.pdf>
(epstopdf)                    date: 2021-06-29 10:24:50
(epstopdf)                    size: 30813 bytes
(epstopdf)             Command: <repstopdf --outfile=ub_test-eps-converted-to.p
df ub_test.eps>
(epstopdf)             \includegraphics on input line 771.
Package epstopdf Info: Output file is already uptodate.
<ub_test-eps-converted-to.pdf, id=487, 289.08pt x 216.81pt>
File: ub_test-eps-converted-to.pdf Graphic file (type pdf)
<use ub_test-eps-converted-to.pdf>
Package pdftex.def Info: ub_test-eps-converted-to.pdf  used on input line 771.
(pdftex.def)             Requested size: 108.405pt x 81.30354pt.

Overfull \hbox (13.68744pt too wide) in paragraph at lines 771--772
 [] 
 []

[11 <./train_loss_updated-eps-converted-to.pdf> <./test_acc_updated-eps-convert
ed-to.pdf> <./ub_train_loss-eps-converted-to.pdf> <./ub_test-eps-converted-to.p
df>]
Package epstopdf Info: Source file: <figures/sgd_train.eps>
(epstopdf)                    date: 2021-06-29 10:24:50
(epstopdf)                    size: 99000 bytes
(epstopdf)             Output file: <figures/sgd_train-eps-converted-to.pdf>
(epstopdf)                    date: 2021-06-29 10:24:50
(epstopdf)                    size: 23881 bytes
(epstopdf)             Command: <repstopdf --outfile=figures/sgd_train-eps-conv
erted-to.pdf figures/sgd_train.eps>
(epstopdf)             \includegraphics on input line 848.
Package epstopdf Info: Output file is already uptodate.
<figures/sgd_train-eps-converted-to.pdf, id=515, 421.575pt x 316.18124pt>
File: figures/sgd_train-eps-converted-to.pdf Graphic file (type pdf)
<use figures/sgd_train-eps-converted-to.pdf>
Package pdftex.def Info: figures/sgd_train-eps-converted-to.pdf  used on input 
line 848.
(pdftex.def)             Requested size: 106.23808pt x 79.67712pt.
Package epstopdf Info: Source file: <figures/adam_train.eps>
(epstopdf)                    date: 2021-06-29 10:24:50
(epstopdf)                    size: 93905 bytes
(epstopdf)             Output file: <figures/adam_train-eps-converted-to.pdf>
(epstopdf)                    date: 2021-06-29 10:24:50
(epstopdf)                    size: 23363 bytes
(epstopdf)             Command: <repstopdf --outfile=figures/adam_train-eps-con
verted-to.pdf figures/adam_train.eps>
(epstopdf)             \includegraphics on input line 848.
Package epstopdf Info: Output file is already uptodate.
<figures/adam_train-eps-converted-to.pdf, id=516, 421.575pt x 316.18124pt>
File: figures/adam_train-eps-converted-to.pdf Graphic file (type pdf)
<use figures/adam_train-eps-converted-to.pdf>
Package pdftex.def Info: figures/adam_train-eps-converted-to.pdf  used on input
 line 848.
(pdftex.def)             Requested size: 106.23808pt x 79.67712pt.
Package epstopdf Info: Source file: <figures/amsgrad_train.eps>
(epstopdf)                    date: 2021-06-29 10:24:50
(epstopdf)                    size: 99000 bytes
(epstopdf)             Output file: <figures/amsgrad_train-eps-converted-to.pdf
>
(epstopdf)                    date: 2021-06-29 10:24:50
(epstopdf)                    size: 24306 bytes
(epstopdf)             Command: <repstopdf --outfile=figures/amsgrad_train-eps-
converted-to.pdf figures/amsgrad_train.eps>
(epstopdf)             \includegraphics on input line 852.
Package epstopdf Info: Output file is already uptodate.
<figures/amsgrad_train-eps-converted-to.pdf, id=517, 421.575pt x 316.18124pt>
File: figures/amsgrad_train-eps-converted-to.pdf Graphic file (type pdf)
<use figures/amsgrad_train-eps-converted-to.pdf>
Package pdftex.def Info: figures/amsgrad_train-eps-converted-to.pdf  used on in
put line 852.
(pdftex.def)             Requested size: 106.23808pt x 79.67712pt.
Package epstopdf Info: Source file: <figures/sgd_test.eps>
(epstopdf)                    date: 2021-06-29 10:24:50
(epstopdf)                    size: 62118 bytes
(epstopdf)             Output file: <figures/sgd_test-eps-converted-to.pdf>
(epstopdf)                    date: 2021-06-29 10:24:50
(epstopdf)                    size: 15915 bytes
(epstopdf)             Command: <repstopdf --outfile=figures/sgd_test-eps-conve
rted-to.pdf figures/sgd_test.eps>
(epstopdf)             \includegraphics on input line 852.
Package epstopdf Info: Output file is already uptodate.
<figures/sgd_test-eps-converted-to.pdf, id=518, 421.575pt x 316.18124pt>
File: figures/sgd_test-eps-converted-to.pdf Graphic file (type pdf)
<use figures/sgd_test-eps-converted-to.pdf>
Package pdftex.def Info: figures/sgd_test-eps-converted-to.pdf  used on input l
ine 852.
(pdftex.def)             Requested size: 106.23808pt x 79.67712pt.
Package epstopdf Info: Source file: <figures/adam_test.eps>
(epstopdf)                    date: 2021-06-29 10:24:50
(epstopdf)                    size: 60501 bytes
(epstopdf)             Output file: <figures/adam_test-eps-converted-to.pdf>
(epstopdf)                    date: 2021-06-29 10:24:50
(epstopdf)                    size: 15259 bytes
(epstopdf)             Command: <repstopdf --outfile=figures/adam_test-eps-conv
erted-to.pdf figures/adam_test.eps>
(epstopdf)             \includegraphics on input line 856.
Package epstopdf Info: Output file is already uptodate.
<figures/adam_test-eps-converted-to.pdf, id=519, 421.575pt x 316.18124pt>
File: figures/adam_test-eps-converted-to.pdf Graphic file (type pdf)
<use figures/adam_test-eps-converted-to.pdf>
Package pdftex.def Info: figures/adam_test-eps-converted-to.pdf  used on input 
line 856.
(pdftex.def)             Requested size: 106.23808pt x 79.67712pt.
Package epstopdf Info: Source file: <figures/amsgrad_test.eps>
(epstopdf)                    date: 2021-06-29 10:24:50
(epstopdf)                    size: 62268 bytes
(epstopdf)             Output file: <figures/amsgrad_test-eps-converted-to.pdf>

(epstopdf)                    date: 2021-06-29 10:24:50
(epstopdf)                    size: 15394 bytes
(epstopdf)             Command: <repstopdf --outfile=figures/amsgrad_test-eps-c
onverted-to.pdf figures/amsgrad_test.eps>
(epstopdf)             \includegraphics on input line 856.
Package epstopdf Info: Output file is already uptodate.
<figures/amsgrad_test-eps-converted-to.pdf, id=520, 421.575pt x 316.18124pt>
File: figures/amsgrad_test-eps-converted-to.pdf Graphic file (type pdf)
<use figures/amsgrad_test-eps-converted-to.pdf>
Package pdftex.def Info: figures/amsgrad_test-eps-converted-to.pdf  used on inp
ut line 856.
(pdftex.def)             Requested size: 106.23808pt x 79.67712pt.

Overfull \hbox (8.21246pt too wide) in paragraph at lines 848--857
 [] 
 []


Overfull \hbox (8.21246pt too wide) in paragraph at lines 848--857
 [] 
 []


Overfull \hbox (8.21246pt too wide) in paragraph at lines 848--857
 [] 
 []

[12 <./figures/sgd_train-eps-converted-to.pdf> <./figures/adam_train-eps-conver
ted-to.pdf> <./figures/amsgrad_train-eps-converted-to.pdf> <./figures/sgd_test-
eps-converted-to.pdf> <./figures/adam_test-eps-converted-to.pdf> <./figures/ams
grad_test-eps-converted-to.pdf>] (./DAMS.bbl [13

] [14] [15]) [16] [17

] [18]
[19

]
Overfull \hbox (2.61664pt too wide) detected at line 1068
[]
 []


Overfull \hbox (32.34888pt too wide) detected at line 1080
[]
 []

[20]
Overfull \hbox (11.00229pt too wide) detected at line 1121
[]
 []

[21]
Overfull \hbox (19.00203pt too wide) in paragraph at lines 1127--1131
\T1/ptm/m/n/10.95 (-20) we will bound $\OML/cmm/m/it/10.95 D[]$ \T1/ptm/m/n/10.
95 (-20) and $\OML/cmm/m/it/10.95 D[]$\T1/ptm/m/n/10.95 (-20) . De-fine $\OML/c
mm/m/it/10.95 G[] \U/msa/m/n/10.95 , [][] [][] \OMS/cmsy/m/n/10.95 kr\OML/cmm/m
/it/10.95 f[]\OT1/cmr/m/n/10.95 (\OML/cmm/m/it/10.95 x[]\OT1/cmr/m/n/10.95 )\OM
S/cmsy/m/n/10.95 k[]$\T1/ptm/m/n/10.95 (-20) , $\OML/cmm/m/it/10.95 G[] \U/msa/
m/n/10.95 , [][] \OMS/cmsy/m/n/10.95 kr\OML/cmm/m/it/10.95 f\OT1/cmr/m/n/10.95 
(\OML/cmm/m/it/10.95 Z[]\OT1/cmr/m/n/10.95 )\OMS/cmsy/m/n/10.95 k[]$\T1/ptm/m/n
/10.95 (-20) ,
 []

[22]pdfTeX warning (ext4): destination with the same identifier (name{equation.
0.B.23}) has been already used, duplicate ignored
<to be read again> 
                   \relax 
l.1153 \begin{equation}
                       \notagpdfTeX warning (ext4): destination with the same i
dentifier (name{equation.0.B.23}) has been already used, duplicate ignored
<to be read again> 
                   \relax 
l.1153 \begin{equation}
                       \notagpdfTeX warning (ext4): destination with the same i
dentifier (name{equation.0.B.23}) has been already used, duplicate ignored
<to be read again> 
                   \relax 
l.1153 \begin{equation}
                       \notagpdfTeX warning (ext4): destination with the same i
dentifier (name{equation.0.B.23}) has been already used, duplicate ignored
<to be read again> 
                   \relax 
l.1153 \begin{equation}
                       \notagpdfTeX warning (ext4): destination with the same i
dentifier (name{equation.0.B.23}) has been already used, duplicate ignored
<to be read again> 
                   \relax 
l.1157 \begin{equation}
                       \notagpdfTeX warning (ext4): destination with the same i
dentifier (name{equation.0.B.23}) has been already used, duplicate ignored
<to be read again> 
                   \relax 
l.1157 \begin{equation}
                       \notagpdfTeX warning (ext4): destination with the same i
dentifier (name{equation.0.B.23}) has been already used, duplicate ignored
<to be read again> 
                   \relax 
l.1157 \begin{equation}
                       \notagpdfTeX warning (ext4): destination with the same i
dentifier (name{equation.0.B.23}) has been already used, duplicate ignored
<to be read again> 
                   \relax 
l.1157 \begin{equation}
                       \notagpdfTeX warning (ext4): destination with the same i
dentifier (name{equation.0.B.23}) has been already used, duplicate ignored
<to be read again> 
                   \relax 
l.1174 \end{align}
                   [23] [24pdfTeX warning (ext4): destination with the same ide
ntifier (name{equation.0.B.24}) has been already used, duplicate ignored

\AtBegShi@Output ...ipout \box \AtBeginShipoutBox 
                                                  \fi \fi 
l.1203 \end{align}
                  ] [25]
Overfull \hbox (54.29659pt too wide) in paragraph at lines 1261--1262
[]\T1/ptm/m/n/10.95 (-20) In tra-di-tional anal-y-sis of SGD-like dis-tributed 
al-go-rithms, the term cor-re-spond-ing to $\U/msb/m/n/10.95 E []$
 []

[26pdfTeX warning (ext4): destination with the same identifier (name{equation.0
.B.28}) has been already used, duplicate ignored

\AtBegShi@Output ...ipout \box \AtBeginShipoutBox 
                                                  \fi \fi 
l.1269 \end{align}
                  ]
Underfull \vbox (badness 10000) has occurred while \output is active []

 [27]
[28] [29pdfTeX warning (ext4): destination with the same identifier (name{equat
ion.0.B.33}) has been already used, duplicate ignored

\AtBegShi@Output ...ipout \box \AtBeginShipoutBox 
                                                  \fi \fi 
l.1353 \end{align}
                  ] [30]
Overfull \hbox (19.76622pt too wide) in paragraph at lines 1376--1378
\T1/ptm/m/n/10.95 (-20) where $\OMS/cmsy/m/n/10.95 k ^^A k[]$ \T1/ptm/m/n/10.95
 (-20) de-notes the entry-wise $\OML/cmm/m/it/10.95 L[]$ \T1/ptm/m/n/10.95 (-20
) norm of a ma-trix (i.e $\OMS/cmsy/m/n/10.95 k\OML/cmm/m/it/10.95 A\OMS/cmsy/m
/n/10.95 k[] \OT1/cmr/m/n/10.95 = [][] []$\T1/ptm/m/n/10.95 (-20) ) and $\OML/c
mm/m/it/10.95 C[]; C[]; C[]; C[]; C[]$
 []


Overfull \hbox (12.02162pt too wide) detected at line 1394
[]
 []


Underfull \vbox (badness 10000) has occurred while \output is active []

 [31

]
[32]
Overfull \hbox (19.76622pt too wide) in paragraph at lines 1427--1429
\T1/ptm/m/n/10.95 (-20) where $\OMS/cmsy/m/n/10.95 k ^^A k[]$ \T1/ptm/m/n/10.95
 (-20) de-notes the entry-wise $\OML/cmm/m/it/10.95 L[]$ \T1/ptm/m/n/10.95 (-20
) norm of a ma-trix (i.e $\OMS/cmsy/m/n/10.95 k\OML/cmm/m/it/10.95 A\OMS/cmsy/m
/n/10.95 k[] \OT1/cmr/m/n/10.95 = [][] []$\T1/ptm/m/n/10.95 (-20) ) and $\OML/c
mm/m/it/10.95 C[]; C[]; C[]; C[]; C[]$
 []

[33

] [34]
Package epstopdf Info: Source file: <figures/sgd_train.eps>
(epstopdf)                    date: 2021-06-29 10:24:50
(epstopdf)                    size: 99000 bytes
(epstopdf)             Output file: <figures/sgd_train-eps-converted-to.pdf>
(epstopdf)                    date: 2021-06-29 10:24:50
(epstopdf)                    size: 23881 bytes
(epstopdf)             Command: <repstopdf --outfile=figures/sgd_train-eps-conv
erted-to.pdf figures/sgd_train.eps>
(epstopdf)             \includegraphics on input line 1593.
Package epstopdf Info: Output file is already uptodate.
File: figures/sgd_train-eps-converted-to.pdf Graphic file (type pdf)
<use figures/sgd_train-eps-converted-to.pdf>
Package pdftex.def Info: figures/sgd_train-eps-converted-to.pdf  used on input 
line 1593.
(pdftex.def)             Requested size: 195.12767pt x 146.34732pt.
Package epstopdf Info: Source file: <figures/sgd_test.eps>
(epstopdf)                    date: 2021-06-29 10:24:50
(epstopdf)                    size: 62118 bytes
(epstopdf)             Output file: <figures/sgd_test-eps-converted-to.pdf>
(epstopdf)                    date: 2021-06-29 10:24:50
(epstopdf)                    size: 15915 bytes
(epstopdf)             Command: <repstopdf --outfile=figures/sgd_test-eps-conve
rted-to.pdf figures/sgd_test.eps>
(epstopdf)             \includegraphics on input line 1593.
Package epstopdf Info: Output file is already uptodate.
File: figures/sgd_test-eps-converted-to.pdf Graphic file (type pdf)
<use figures/sgd_test-eps-converted-to.pdf>
Package pdftex.def Info: figures/sgd_test-eps-converted-to.pdf  used on input l
ine 1593.
(pdftex.def)             Requested size: 195.12767pt x 146.34732pt.
Package epstopdf Info: Source file: <figures/amsgrad_train.eps>
(epstopdf)                    date: 2021-06-29 10:24:50
(epstopdf)                    size: 99000 bytes
(epstopdf)             Output file: <figures/amsgrad_train-eps-converted-to.pdf
>
(epstopdf)                    date: 2021-06-29 10:24:50
(epstopdf)                    size: 24306 bytes
(epstopdf)             Command: <repstopdf --outfile=figures/amsgrad_train-eps-
converted-to.pdf figures/amsgrad_train.eps>
(epstopdf)             \includegraphics on input line 1606.
Package epstopdf Info: Output file is already uptodate.
File: figures/amsgrad_train-eps-converted-to.pdf Graphic file (type pdf)
<use figures/amsgrad_train-eps-converted-to.pdf>
Package pdftex.def Info: figures/amsgrad_train-eps-converted-to.pdf  used on in
put line 1606.
(pdftex.def)             Requested size: 195.12767pt x 146.34732pt.
Package epstopdf Info: Source file: <figures/amsgrad_test.eps>
(epstopdf)                    date: 2021-06-29 10:24:50
(epstopdf)                    size: 62268 bytes
(epstopdf)             Output file: <figures/amsgrad_test-eps-converted-to.pdf>

(epstopdf)                    date: 2021-06-29 10:24:50
(epstopdf)                    size: 15394 bytes
(epstopdf)             Command: <repstopdf --outfile=figures/amsgrad_test-eps-c
onverted-to.pdf figures/amsgrad_test.eps>
(epstopdf)             \includegraphics on input line 1606.
Package epstopdf Info: Output file is already uptodate.
File: figures/amsgrad_test-eps-converted-to.pdf Graphic file (type pdf)
<use figures/amsgrad_test-eps-converted-to.pdf>
Package pdftex.def Info: figures/amsgrad_test-eps-converted-to.pdf  used on inp
ut line 1606.
(pdftex.def)             Requested size: 195.12767pt x 146.34732pt.
Package epstopdf Info: Source file: <figures/adam_train.eps>
(epstopdf)                    date: 2021-06-29 10:24:50
(epstopdf)                    size: 93905 bytes
(epstopdf)             Output file: <figures/adam_train-eps-converted-to.pdf>
(epstopdf)                    date: 2021-06-29 10:24:50
(epstopdf)                    size: 23363 bytes
(epstopdf)             Command: <repstopdf --outfile=figures/adam_train-eps-con
verted-to.pdf figures/adam_train.eps>
(epstopdf)             \includegraphics on input line 1619.
Package epstopdf Info: Output file is already uptodate.
File: figures/adam_train-eps-converted-to.pdf Graphic file (type pdf)
<use figures/adam_train-eps-converted-to.pdf>
Package pdftex.def Info: figures/adam_train-eps-converted-to.pdf  used on input
 line 1619.
(pdftex.def)             Requested size: 195.12767pt x 146.34732pt.
Package epstopdf Info: Source file: <figures/adam_test.eps>
(epstopdf)                    date: 2021-06-29 10:24:50
(epstopdf)                    size: 60501 bytes
(epstopdf)             Output file: <figures/adam_test-eps-converted-to.pdf>
(epstopdf)                    date: 2021-06-29 10:24:50
(epstopdf)                    size: 15259 bytes
(epstopdf)             Command: <repstopdf --outfile=figures/adam_test-eps-conv
erted-to.pdf figures/adam_test.eps>
(epstopdf)             \includegraphics on input line 1619.
Package epstopdf Info: Output file is already uptodate.
File: figures/adam_test-eps-converted-to.pdf Graphic file (type pdf)
<use figures/adam_test-eps-converted-to.pdf>
Package pdftex.def Info: figures/adam_test-eps-converted-to.pdf  used on input 
line 1619.
(pdftex.def)             Requested size: 195.12767pt x 146.34732pt.

Underfull \vbox (badness 2050) has occurred while \output is active []

 [35

]
[36]
Package atveryend Info: Empty hook `BeforeClearDocument' on input line 1686.
Package atveryend Info: Empty hook `AfterLastShipout' on input line 1686.
 (./DAMS.aux)
Package atveryend Info: Executing hook `AtVeryEndDocument' on input line 1686.
Package atveryend Info: Executing hook `AtEndAfterFileList' on input line 1686.

Package rerunfilecheck Info: File `DAMS.out' has not changed.
(rerunfilecheck)             Checksum: E616C28802452C3D2E84F005C98EE98A;1459.
 )
(\end occurred inside a group at level 1)

### semi simple group (level 1) entered at line 1314 (\begingroup)
### bottom level 
Here is how much of TeX's memory you used:
 32360 strings out of 492649
 606438 string characters out of 6129622
 748208 words of memory out of 5000000
 35237 multiletter control sequences out of 15000+600000
 605280 words of font info for 281 fonts, out of 8000000 for 9000
 1141 hyphenation exceptions out of 8191
 59i,26n,94p,10414b,813s stack positions out of 5000i,500n,10000p,200000b,80000s
{/usr/local/texlive/2018/texmf-dist/fonts/enc/dvips/base/8r.enc
} </Users/karimimohammedbelhal/Library/texlive/2018/texmf-var/fonts/pk/ljfour/p
ublic/bbm/bbm10.657pk></usr/local/texlive/2018/texmf-dist/fonts/type1/public/am
sfonts/cm/cmbx10.pfb></usr/local/texlive/2018/texmf-dist/fonts/type1/public/ams
fonts/cm/cmbx8.pfb></usr/local/texlive/2018/texmf-dist/fonts/type1/public/amsfo
nts/cm/cmex10.pfb></usr/local/texlive/2018/texmf-dist/fonts/type1/public/amsfon
ts/cm/cmmi10.pfb></usr/local/texlive/2018/texmf-dist/fonts/type1/public/amsfont
s/cm/cmmi6.pfb></usr/local/texlive/2018/texmf-dist/fonts/type1/public/amsfonts/
cm/cmmi7.pfb></usr/local/texlive/2018/texmf-dist/fonts/type1/public/amsfonts/cm
/cmmi8.pfb></usr/local/texlive/2018/texmf-dist/fonts/type1/public/amsfonts/cm/c
mr10.pfb></usr/local/texlive/2018/texmf-dist/fonts/type1/public/amsfonts/cm/cmr
6.pfb></usr/local/texlive/2018/texmf-dist/fonts/type1/public/amsfonts/cm/cmr7.p
fb></usr/local/texlive/2018/texmf-dist/fonts/type1/public/amsfonts/cm/cmr8.pfb>
</usr/local/texlive/2018/texmf-dist/fonts/type1/public/amsfonts/cm/cmsy10.pfb><
/usr/local/texlive/2018/texmf-dist/fonts/type1/public/amsfonts/cm/cmsy6.pfb></u
sr/local/texlive/2018/texmf-dist/fonts/type1/public/amsfonts/cm/cmsy7.pfb></usr
/local/texlive/2018/texmf-dist/fonts/type1/public/amsfonts/cm/cmsy8.pfb></usr/l
ocal/texlive/2018/texmf-dist/fonts/type1/public/amsfonts/symbols/msam10.pfb></u
sr/local/texlive/2018/texmf-dist/fonts/type1/public/amsfonts/symbols/msbm10.pfb
></usr/local/texlive/2018/texmf-dist/fonts/type1/urw/times/utmb8a.pfb></usr/loc
al/texlive/2018/texmf-dist/fonts/type1/urw/times/utmr8a.pfb></usr/local/texlive
/2018/texmf-dist/fonts/type1/urw/times/utmr8a.pfb></usr/local/texlive/2018/texm
f-dist/fonts/type1/urw/times/utmri8a.pfb>
Output written on DAMS.pdf (36 pages, 566705 bytes).
PDF statistics:
 883 PDF objects out of 1000 (max. 8388607)
 795 compressed objects within 8 object streams
 212 named destinations out of 1000 (max. 500000)
 43743 words of extra memory for PDF output out of 51595 (max. 10000000)

