This is pdfTeX, Version 3.14159265-2.6-1.40.19 (TeX Live 2018) (preloaded format=pdflatex 2018.7.23)  31 MAY 2020 12:43
entering extended mode
 restricted \write18 enabled.
 file:line:error style messages enabled.
 %&-line parsing enabled.
**app_thm2.tex
(./app_thm2.tex
LaTeX2e <2018-04-01> patch level 2
Babel <3.18> and hyphenation patterns for 84 language(s) loaded.

./app_thm2.tex:2: LaTeX Error: Missing \begin{document}.

See the LaTeX manual or LaTeX Companion for explanation.
Type  H <return>  for immediate help.
 ...                                              
                                                  
l.2 I
     n this section, we present the proof of Theorem \ref{thm: main_rmsprop}...

? 
./app_thm2.tex:2: Emergency stop.
 ...                                              
                                                  
l.2 I
     n this section, we present the proof of Theorem \ref{thm: main_rmsprop}...

You're in trouble here.  Try typing  <return>  to proceed.
If that doesn't work, type  X <return>  to quit.

 
Here is how much of TeX's memory you used:
 6 strings out of 492649
 264 string characters out of 6129622
 56655 words of memory out of 5000000
 3988 multiletter control sequences out of 15000+600000
 3640 words of font info for 14 fonts, out of 8000000 for 9000
 1141 hyphenation exceptions out of 8191
 5i,0n,4p,119b,14s stack positions out of 5000i,500n,10000p,200000b,80000s
./app_thm2.tex:2:  ==> Fatal error occurred, no output PDF file produced!
