This is pdfTeX, Version 3.14159265-2.6-1.40.19 (TeX Live 2018) (preloaded format=pdflatex 2018.7.23)  6 OCT 2021 09:10
entering extended mode
 restricted \write18 enabled.
 file:line:error style messages enabled.
 %&-line parsing enabled.
**ICLR_main.tex
(./ICLR_main.tex
LaTeX2e <2018-04-01> patch level 2
Babel <3.18> and hyphenation patterns for 84 language(s) loaded.
(/usr/local/texlive/2018/texmf-dist/tex/latex/base/article.cls
Document Class: article 2014/09/29 v1.4h Standard LaTeX document class
(/usr/local/texlive/2018/texmf-dist/tex/latex/base/size10.clo
File: size10.clo 2014/09/29 v1.4h Standard LaTeX file (size option)
)
\c@part=\count80
\c@section=\count81
\c@subsection=\count82
\c@subsubsection=\count83
\c@paragraph=\count84
\c@subparagraph=\count85
\c@figure=\count86
\c@table=\count87
\abovecaptionskip=\skip41
\belowcaptionskip=\skip42
\bibindent=\dimen102
)
(./iclr2022_conference.sty
(/usr/local/texlive/2018/texmf-dist/tex/latex/eso-pic/eso-pic.sty
Package: eso-pic 2015/07/21 v2.0g eso-pic (RN)

(/usr/local/texlive/2018/texmf-dist/tex/generic/oberdiek/atbegshi.sty
Package: atbegshi 2016/06/09 v1.18 At begin shipout hook (HO)

(/usr/local/texlive/2018/texmf-dist/tex/generic/oberdiek/infwarerr.sty
Package: infwarerr 2016/05/16 v1.4 Providing info/warning/error messages (HO)
)
(/usr/local/texlive/2018/texmf-dist/tex/generic/oberdiek/ltxcmds.sty
Package: ltxcmds 2016/05/16 v1.23 LaTeX kernel commands for general use (HO)
)
(/usr/local/texlive/2018/texmf-dist/tex/generic/oberdiek/ifpdf.sty
Package: ifpdf 2017/03/15 v3.2 Provides the ifpdf switch
))
(/usr/local/texlive/2018/texmf-dist/tex/latex/graphics/keyval.sty
Package: keyval 2014/10/28 v1.15 key=value parser (DPC)
\KV@toks@=\toks14
)
(/usr/local/texlive/2018/texmf-dist/tex/latex/xcolor/xcolor.sty
Package: xcolor 2016/05/11 v2.12 LaTeX color extensions (UK)

(/usr/local/texlive/2018/texmf-dist/tex/latex/graphics-cfg/color.cfg
File: color.cfg 2016/01/02 v1.6 sample color configuration
)
Package xcolor Info: Driver file: pdftex.def on input line 225.

(/usr/local/texlive/2018/texmf-dist/tex/latex/graphics-def/pdftex.def
File: pdftex.def 2018/01/08 v1.0l Graphics/color driver for pdftex
)
Package xcolor Info: Model `cmy' substituted by `cmy0' on input line 1348.
Package xcolor Info: Model `hsb' substituted by `rgb' on input line 1352.
Package xcolor Info: Model `RGB' extended on input line 1364.
Package xcolor Info: Model `HTML' substituted by `rgb' on input line 1366.
Package xcolor Info: Model `Hsb' substituted by `hsb' on input line 1367.
Package xcolor Info: Model `tHsb' substituted by `hsb' on input line 1368.
Package xcolor Info: Model `HSB' substituted by `hsb' on input line 1369.
Package xcolor Info: Model `Gray' substituted by `gray' on input line 1370.
Package xcolor Info: Model `wave' substituted by `hsb' on input line 1371.
))
(./fancyhdr.sty
\fancy@headwidth=\skip43
\f@ncyO@elh=\skip44
\f@ncyO@erh=\skip45
\f@ncyO@olh=\skip46
\f@ncyO@orh=\skip47
\f@ncyO@elf=\skip48
\f@ncyO@erf=\skip49
\f@ncyO@olf=\skip50
\f@ncyO@orf=\skip51
) (./natbib.sty
Package: natbib 2009/07/16 8.31 (PWD, AO)
\bibhang=\skip52
\bibsep=\skip53
LaTeX Info: Redefining \cite on input line 694.
\c@NAT@ctr=\count88
))
(/usr/local/texlive/2018/texmf-dist/tex/latex/psnfss/times.sty
Package: times 2005/04/12 PSNFSS-v9.2a (SPQR) 
)
(./math_commands.tex
(/usr/local/texlive/2018/texmf-dist/tex/latex/amsmath/amsmath.sty
Package: amsmath 2017/09/02 v2.17a AMS math features
\@mathmargin=\skip54

For additional information on amsmath, use the `?' option.
(/usr/local/texlive/2018/texmf-dist/tex/latex/amsmath/amstext.sty
Package: amstext 2000/06/29 v2.01 AMS text

(/usr/local/texlive/2018/texmf-dist/tex/latex/amsmath/amsgen.sty
File: amsgen.sty 1999/11/30 v2.0 generic functions
\@emptytoks=\toks15
\ex@=\dimen103
))
(/usr/local/texlive/2018/texmf-dist/tex/latex/amsmath/amsbsy.sty
Package: amsbsy 1999/11/29 v1.2d Bold Symbols
\pmbraise@=\dimen104
)
(/usr/local/texlive/2018/texmf-dist/tex/latex/amsmath/amsopn.sty
Package: amsopn 2016/03/08 v2.02 operator names
)
\inf@bad=\count89
LaTeX Info: Redefining \frac on input line 213.
\uproot@=\count90
\leftroot@=\count91
LaTeX Info: Redefining \overline on input line 375.
\classnum@=\count92
\DOTSCASE@=\count93
LaTeX Info: Redefining \ldots on input line 472.
LaTeX Info: Redefining \dots on input line 475.
LaTeX Info: Redefining \cdots on input line 596.
\Mathstrutbox@=\box26
\strutbox@=\box27
\big@size=\dimen105
LaTeX Font Info:    Redeclaring font encoding OML on input line 712.
LaTeX Font Info:    Redeclaring font encoding OMS on input line 713.
\macc@depth=\count94
\c@MaxMatrixCols=\count95
\dotsspace@=\muskip10
\c@parentequation=\count96
\dspbrk@lvl=\count97
\tag@help=\toks16
\row@=\count98
\column@=\count99
\maxfields@=\count100
\andhelp@=\toks17
\eqnshift@=\dimen106
\alignsep@=\dimen107
\tagshift@=\dimen108
\tagwidth@=\dimen109
\totwidth@=\dimen110
\lineht@=\dimen111
\@envbody=\toks18
\multlinegap=\skip55
\multlinetaggap=\skip56
\mathdisplay@stack=\toks19
LaTeX Info: Redefining \[ on input line 2817.
LaTeX Info: Redefining \] on input line 2818.
)
(/usr/local/texlive/2018/texmf-dist/tex/latex/amsfonts/amsfonts.sty
Package: amsfonts 2013/01/14 v3.01 Basic AMSFonts support
\symAMSa=\mathgroup4
\symAMSb=\mathgroup5
LaTeX Font Info:    Overwriting math alphabet `\mathfrak' in version `bold'
(Font)                  U/euf/m/n --> U/euf/b/n on input line 106.
)
(/usr/local/texlive/2018/texmf-dist/tex/latex/tools/bm.sty
Package: bm 2017/01/16 v1.2c Bold Symbol Support (DPC/FMi)
\symboldoperators=\mathgroup6
\symboldletters=\mathgroup7
\symboldsymbols=\mathgroup8
LaTeX Font Info:    Redeclaring math alphabet \mathbf on input line 141.
LaTeX Info: Redefining \bm on input line 207.
)
LaTeX Font Info:    Overwriting math alphabet `\mathsfit' in version `bold'
(Font)                  OT1/phv/m/sl --> OT1/phv/bx/n on input line 314.
)
(/usr/local/texlive/2018/texmf-dist/tex/latex/hyperref/hyperref.sty
Package: hyperref 2018/02/06 v6.86b Hypertext links for LaTeX

(/usr/local/texlive/2018/texmf-dist/tex/generic/oberdiek/hobsub-hyperref.sty
Package: hobsub-hyperref 2016/05/16 v1.14 Bundle oberdiek, subset hyperref (HO)


(/usr/local/texlive/2018/texmf-dist/tex/generic/oberdiek/hobsub-generic.sty
Package: hobsub-generic 2016/05/16 v1.14 Bundle oberdiek, subset generic (HO)
Package: hobsub 2016/05/16 v1.14 Construct package bundles (HO)
Package hobsub Info: Skipping package `infwarerr' (already loaded).
Package hobsub Info: Skipping package `ltxcmds' (already loaded).
Package: ifluatex 2016/05/16 v1.4 Provides the ifluatex switch (HO)
Package ifluatex Info: LuaTeX not detected.
Package: ifvtex 2016/05/16 v1.6 Detect VTeX and its facilities (HO)
Package ifvtex Info: VTeX not detected.
Package: intcalc 2016/05/16 v1.2 Expandable calculations with integers (HO)
Package hobsub Info: Skipping package `ifpdf' (already loaded).
Package: etexcmds 2016/05/16 v1.6 Avoid name clashes with e-TeX commands (HO)
Package etexcmds Info: Could not find \expanded.
(etexcmds)             That can mean that you are not using pdfTeX 1.50 or
(etexcmds)             that some package has redefined \expanded.
(etexcmds)             In the latter case, load this package earlier.
Package: kvsetkeys 2016/05/16 v1.17 Key value parser (HO)
Package: kvdefinekeys 2016/05/16 v1.4 Define keys (HO)
Package: pdftexcmds 2018/01/30 v0.27 Utility functions of pdfTeX for LuaTeX (HO
)
Package pdftexcmds Info: LuaTeX not detected.
Package pdftexcmds Info: \pdf@primitive is available.
Package pdftexcmds Info: \pdf@ifprimitive is available.
Package pdftexcmds Info: \pdfdraftmode found.
Package: pdfescape 2016/05/16 v1.14 Implements pdfTeX's escape features (HO)
Package: bigintcalc 2016/05/16 v1.4 Expandable calculations on big integers (HO
)
Package: bitset 2016/05/16 v1.2 Handle bit-vector datatype (HO)
Package: uniquecounter 2016/05/16 v1.3 Provide unlimited unique counter (HO)
)
Package hobsub Info: Skipping package `hobsub' (already loaded).
Package: letltxmacro 2016/05/16 v1.5 Let assignment for LaTeX macros (HO)
Package: hopatch 2016/05/16 v1.3 Wrapper for package hooks (HO)
Package: xcolor-patch 2016/05/16 xcolor patch
Package: atveryend 2016/05/16 v1.9 Hooks at the very end of document (HO)
Package atveryend Info: \enddocument detected (standard20110627).
Package hobsub Info: Skipping package `atbegshi' (already loaded).
Package: refcount 2016/05/16 v3.5 Data extraction from label references (HO)
Package: hycolor 2016/05/16 v1.8 Color options for hyperref/bookmark (HO)
)
(/usr/local/texlive/2018/texmf-dist/tex/generic/ifxetex/ifxetex.sty
Package: ifxetex 2010/09/12 v0.6 Provides ifxetex conditional
)
(/usr/local/texlive/2018/texmf-dist/tex/latex/oberdiek/auxhook.sty
Package: auxhook 2016/05/16 v1.4 Hooks for auxiliary files (HO)
)
(/usr/local/texlive/2018/texmf-dist/tex/latex/oberdiek/kvoptions.sty
Package: kvoptions 2016/05/16 v3.12 Key value format for package options (HO)
)
\@linkdim=\dimen112
\Hy@linkcounter=\count101
\Hy@pagecounter=\count102

(/usr/local/texlive/2018/texmf-dist/tex/latex/hyperref/pd1enc.def
File: pd1enc.def 2018/02/06 v6.86b Hyperref: PDFDocEncoding definition (HO)
Now handling font encoding PD1 ...
... no UTF-8 mapping file for font encoding PD1
)
\Hy@SavedSpaceFactor=\count103

(/usr/local/texlive/2018/texmf-dist/tex/latex/latexconfig/hyperref.cfg
File: hyperref.cfg 2002/06/06 v1.2 hyperref configuration of TeXLive
)
Package hyperref Info: Option `colorlinks' set `true' on input line 4383.
Package hyperref Info: Hyper figures OFF on input line 4509.
Package hyperref Info: Link nesting OFF on input line 4514.
Package hyperref Info: Hyper index ON on input line 4517.
Package hyperref Info: Plain pages OFF on input line 4524.
Package hyperref Info: Backreferencing OFF on input line 4529.
Package hyperref Info: Implicit mode ON; LaTeX internals redefined.
Package hyperref Info: Bookmarks ON on input line 4762.
\c@Hy@tempcnt=\count104

(/usr/local/texlive/2018/texmf-dist/tex/latex/url/url.sty
\Urlmuskip=\muskip11
Package: url 2013/09/16  ver 3.4  Verb mode for urls, etc.
)
LaTeX Info: Redefining \url on input line 5115.
\XeTeXLinkMargin=\dimen113
\Fld@menulength=\count105
\Field@Width=\dimen114
\Fld@charsize=\dimen115
Package hyperref Info: Hyper figures OFF on input line 6369.
Package hyperref Info: Link nesting OFF on input line 6374.
Package hyperref Info: Hyper index ON on input line 6377.
Package hyperref Info: backreferencing OFF on input line 6384.
Package hyperref Info: Link coloring ON on input line 6387.
Package hyperref Info: Link coloring with OCG OFF on input line 6394.
Package hyperref Info: PDF/A mode OFF on input line 6399.
LaTeX Info: Redefining \ref on input line 6439.
LaTeX Info: Redefining \pageref on input line 6443.
\Hy@abspage=\count106
\c@Item=\count107
\c@Hfootnote=\count108
)
Package hyperref Info: Driver (autodetected): hpdftex.

(/usr/local/texlive/2018/texmf-dist/tex/latex/hyperref/hpdftex.def
File: hpdftex.def 2018/02/06 v6.86b Hyperref driver for pdfTeX
\Fld@listcount=\count109
\c@bookmark@seq@number=\count110

(/usr/local/texlive/2018/texmf-dist/tex/latex/oberdiek/rerunfilecheck.sty
Package: rerunfilecheck 2016/05/16 v1.8 Rerun checks for auxiliary files (HO)
Package uniquecounter Info: New unique counter `rerunfilecheck' on input line 2
82.
)
\Hy@SectionHShift=\skip57
)
(/usr/local/texlive/2018/texmf-dist/tex/latex/booktabs/booktabs.sty
Package: booktabs 2016/04/27 v1.618033 publication quality tables
\heavyrulewidth=\dimen116
\lightrulewidth=\dimen117
\cmidrulewidth=\dimen118
\belowrulesep=\dimen119
\belowbottomsep=\dimen120
\aboverulesep=\dimen121
\abovetopsep=\dimen122
\cmidrulesep=\dimen123
\cmidrulekern=\dimen124
\defaultaddspace=\dimen125
\@cmidla=\count111
\@cmidlb=\count112
\@aboverulesep=\dimen126
\@belowrulesep=\dimen127
\@thisruleclass=\count113
\@lastruleclass=\count114
\@thisrulewidth=\dimen128
)
(/usr/local/texlive/2018/texmf-dist/tex/latex/graphics/graphicx.sty
Package: graphicx 2017/06/01 v1.1a Enhanced LaTeX Graphics (DPC,SPQR)

(/usr/local/texlive/2018/texmf-dist/tex/latex/graphics/graphics.sty
Package: graphics 2017/06/25 v1.2c Standard LaTeX Graphics (DPC,SPQR)

(/usr/local/texlive/2018/texmf-dist/tex/latex/graphics/trig.sty
Package: trig 2016/01/03 v1.10 sin cos tan (DPC)
)
(/usr/local/texlive/2018/texmf-dist/tex/latex/graphics-cfg/graphics.cfg
File: graphics.cfg 2016/06/04 v1.11 sample graphics configuration
)
Package graphics Info: Driver file: pdftex.def on input line 99.
)
\Gin@req@height=\dimen129
\Gin@req@width=\dimen130
)
(/usr/local/texlive/2018/texmf-dist/tex/latex/amscls/amsthm.sty
Package: amsthm 2017/10/31 v2.20.4
\thm@style=\toks20
\thm@bodyfont=\toks21
\thm@headfont=\toks22
\thm@notefont=\toks23
\thm@headpunct=\toks24
\thm@preskip=\skip58
\thm@postskip=\skip59
\thm@headsep=\skip60
\dth@everypar=\toks25
)
(/usr/local/texlive/2018/texmf-dist/tex/latex/amsfonts/amssymb.sty
Package: amssymb 2013/01/14 v3.01 AMS font symbols
)
(/usr/local/texlive/2018/texmf-dist/tex/latex/multirow/multirow.sty
Package: multirow 2016/11/25 v2.2 Span multiple rows of a table
\multirow@colwidth=\skip61
\multirow@cntb=\count115
\multirow@dima=\skip62
\bigstrutjot=\dimen131
)
(/usr/local/texlive/2018/texmf-dist/tex/latex/makecell/makecell.sty
Package: makecell 2009/08/03 V0.1e Managing of Tab Column Heads and Cells

(/usr/local/texlive/2018/texmf-dist/tex/latex/tools/array.sty
Package: array 2018/04/07 v2.4g Tabular extension package (FMi)
\col@sep=\dimen132
\ar@mcellbox=\box28
\extrarowheight=\dimen133
\NC@list=\toks26
\extratabsurround=\skip63
\backup@length=\skip64
\ar@cellbox=\box29
)
\rotheadsize=\dimen134
\c@nlinenum=\count116
\TeXr@lab=\toks27
)
(/usr/local/texlive/2018/texmf-dist/tex/latex/algorithmicx/algpseudocode.sty
Package: algpseudocode 

(/usr/local/texlive/2018/texmf-dist/tex/latex/base/ifthen.sty
Package: ifthen 2014/09/29 v1.1c Standard LaTeX ifthen package (DPC)
)
(/usr/local/texlive/2018/texmf-dist/tex/latex/algorithmicx/algorithmicx.sty
Package: algorithmicx 2005/04/27 v1.2 Algorithmicx

Document Style algorithmicx 1.2 - a greatly improved `algorithmic' style
\c@ALG@line=\count117
\c@ALG@rem=\count118
\c@ALG@nested=\count119
\ALG@tlm=\skip65
\ALG@thistlm=\skip66
\c@ALG@Lnr=\count120
\c@ALG@blocknr=\count121
\c@ALG@storecount=\count122
\c@ALG@tmpcounter=\count123
\ALG@tmplength=\skip67
)
Document Style - pseudocode environments for use with the `algorithmicx' style
) (/usr/local/texlive/2018/texmf-dist/tex/latex/algorithms/algorithm.sty
Package: algorithm 2009/08/24 v0.1 Document Style `algorithm' - floating enviro
nment

(/usr/local/texlive/2018/texmf-dist/tex/latex/float/float.sty
Package: float 2001/11/08 v1.3d Float enhancements (AL)
\c@float@type=\count124
\float@exts=\toks28
\float@box=\box30
\@float@everytoks=\toks29
\@floatcapt=\box31
)
\@float@every@algorithm=\toks30
\c@algorithm=\count125
)
(/usr/local/texlive/2018/texmf-dist/tex/latex/mathtools/mathtools.sty
Package: mathtools 2018/01/08 v1.21 mathematical typesetting tools

(/usr/local/texlive/2018/texmf-dist/tex/latex/tools/calc.sty
Package: calc 2017/05/25 v4.3 Infix arithmetic (KKT,FJ)
\calc@Acount=\count126
\calc@Bcount=\count127
\calc@Adimen=\dimen135
\calc@Bdimen=\dimen136
\calc@Askip=\skip68
\calc@Bskip=\skip69
LaTeX Info: Redefining \setlength on input line 80.
LaTeX Info: Redefining \addtolength on input line 81.
\calc@Ccount=\count128
\calc@Cskip=\skip70
)
(/usr/local/texlive/2018/texmf-dist/tex/latex/mathtools/mhsetup.sty
Package: mhsetup 2017/03/31 v1.3 programming setup (MH)
)
LaTeX Info: Thecontrolsequence`\('isalreadyrobust on input line 129.
LaTeX Info: Thecontrolsequence`\)'isalreadyrobust on input line 129.
LaTeX Info: Thecontrolsequence`\['isalreadyrobust on input line 129.
LaTeX Info: Thecontrolsequence`\]'isalreadyrobust on input line 129.
\g_MT_multlinerow_int=\count129
\l_MT_multwidth_dim=\dimen137
\origjot=\skip71
\l_MT_shortvdotswithinadjustabove_dim=\dimen138
\l_MT_shortvdotswithinadjustbelow_dim=\dimen139
\l_MT_above_intertext_sep=\dimen140
\l_MT_below_intertext_sep=\dimen141
\l_MT_above_shortintertext_sep=\dimen142
\l_MT_below_shortintertext_sep=\dimen143
)
(/usr/local/texlive/2018/texmf-dist/tex/latex/stmaryrd/stmaryrd.sty
Package: stmaryrd 1994/03/03 St Mary's Road symbol package
\symstmry=\mathgroup9
LaTeX Font Info:    Overwriting symbol font `stmry' in version `bold'
(Font)                  U/stmry/m/n --> U/stmry/b/n on input line 89.
)
(/usr/local/texlive/2018/texmf-dist/tex/latex/base/fontenc.sty
Package: fontenc 2017/04/05 v2.0i Standard LaTeX package

(/usr/local/texlive/2018/texmf-dist/tex/latex/base/t1enc.def
File: t1enc.def 2017/04/05 v2.0i Standard LaTeX file
LaTeX Font Info:    Redeclaring font encoding T1 on input line 48.
))
(/usr/local/texlive/2018/texmf-dist/tex/latex/xargs/xargs.sty
Package: xargs 2008/03/22 v1.1  extended macro definitions  (mpg)

(/usr/local/texlive/2018/texmf-dist/tex/latex/xkeyval/xkeyval.sty
Package: xkeyval 2014/12/03 v2.7a package option processing (HA)

(/usr/local/texlive/2018/texmf-dist/tex/generic/xkeyval/xkeyval.tex
(/usr/local/texlive/2018/texmf-dist/tex/generic/xkeyval/xkvutils.tex
\XKV@toks=\toks31
\XKV@tempa@toks=\toks32
)
\XKV@depth=\count130
File: xkeyval.tex 2014/12/03 v2.7a key=value parser (HA)
))
\xargs@max=\count131
\xargs@toksa=\toks33
\xargs@toksb=\toks34
)
(/usr/local/texlive/2018/texmf-dist/tex/latex/wrapfig/wrapfig.sty
\wrapoverhang=\dimen144
\WF@size=\dimen145
\c@WF@wrappedlines=\count132
\WF@box=\box32
\WF@everypar=\toks35
Package: wrapfig 2003/01/31  v 3.6
)
\c@Fact=\count133
\c@Lemma=\count134
\c@Prop=\count135
\c@definition=\count136
\c@Theorem=\count137
\c@Def=\count138
\c@Corollary=\count139
\c@Conjecture=\count140
\c@Property=\count141
\c@Observation=\count142
\c@Exa=\count143
\c@assumption=\count144
\c@Remark=\count145

(./ICLR_main.aux)
\openout1 = `ICLR_main.aux'.

LaTeX Font Info:    Checking defaults for OML/cmm/m/it on input line 115.
LaTeX Font Info:    ... okay on input line 115.
LaTeX Font Info:    Checking defaults for T1/cmr/m/n on input line 115.
LaTeX Font Info:    ... okay on input line 115.
LaTeX Font Info:    Checking defaults for OT1/cmr/m/n on input line 115.
LaTeX Font Info:    ... okay on input line 115.
LaTeX Font Info:    Checking defaults for OMS/cmsy/m/n on input line 115.
LaTeX Font Info:    ... okay on input line 115.
LaTeX Font Info:    Checking defaults for OMX/cmex/m/n on input line 115.
LaTeX Font Info:    ... okay on input line 115.
LaTeX Font Info:    Checking defaults for U/cmr/m/n on input line 115.
LaTeX Font Info:    ... okay on input line 115.
LaTeX Font Info:    Checking defaults for PD1/pdf/m/n on input line 115.
LaTeX Font Info:    ... okay on input line 115.
LaTeX Font Info:    Try loading font information for T1+ptm on input line 115.
 (/usr/local/texlive/2018/texmf-dist/tex/latex/psnfss/t1ptm.fd
File: t1ptm.fd 2001/06/04 font definitions for T1/ptm.
)
\AtBeginShipoutBox=\box33
 (/usr/local/texlive/2018/texmf-dist/tex/context/base/mkii/supp-pdf.mkii
[Loading MPS to PDF converter (version 2006.09.02).]
\scratchcounter=\count146
\scratchdimen=\dimen146
\scratchbox=\box34
\nofMPsegments=\count147
\nofMParguments=\count148
\everyMPshowfont=\toks36
\MPscratchCnt=\count149
\MPscratchDim=\dimen147
\MPnumerator=\count150
\makeMPintoPDFobject=\count151
\everyMPtoPDFconversion=\toks37
) (/usr/local/texlive/2018/texmf-dist/tex/latex/oberdiek/epstopdf-base.sty
Package: epstopdf-base 2016/05/15 v2.6 Base part for package epstopdf

(/usr/local/texlive/2018/texmf-dist/tex/latex/oberdiek/grfext.sty
Package: grfext 2016/05/16 v1.2 Manage graphics extensions (HO)
)
Package epstopdf-base Info: Redefining graphics rule for `.eps' on input line 4
38.
Package grfext Info: Graphics extension search list:
(grfext)             [.pdf,.png,.jpg,.mps,.jpeg,.jbig2,.jb2,.PDF,.PNG,.JPG,.JPE
G,.JBIG2,.JB2,.eps]
(grfext)             \AppendGraphicsExtensions on input line 456.

(/usr/local/texlive/2018/texmf-dist/tex/latex/latexconfig/epstopdf-sys.cfg
File: epstopdf-sys.cfg 2010/07/13 v1.3 Configuration of (r)epstopdf for TeX Liv
e
))
Package hyperref Info: Link coloring ON on input line 115.

(/usr/local/texlive/2018/texmf-dist/tex/latex/hyperref/nameref.sty
Package: nameref 2016/05/21 v2.44 Cross-referencing by name of section

(/usr/local/texlive/2018/texmf-dist/tex/generic/oberdiek/gettitlestring.sty
Package: gettitlestring 2016/05/16 v1.5 Cleanup title references (HO)
)
\c@section@level=\count152
)
LaTeX Info: Redefining \ref on input line 115.
LaTeX Info: Redefining \pageref on input line 115.
LaTeX Info: Redefining \nameref on input line 115.

(./ICLR_main.out) (./ICLR_main.out)
\@outlinefile=\write3
\openout3 = `ICLR_main.out'.


Underfull \hbox (badness 1577) in paragraph at lines 119--119
[]\T1/ptm/m/sc/17.28 On Dis-tributed Adap-tive Op-ti-miza-tion with
 []

LaTeX Font Info:    Try loading font information for U+msa on input line 119.
(/usr/local/texlive/2018/texmf-dist/tex/latex/amsfonts/umsa.fd
File: umsa.fd 2013/01/14 v3.01 AMS symbols A
)
LaTeX Font Info:    Try loading font information for U+msb on input line 119.

(/usr/local/texlive/2018/texmf-dist/tex/latex/amsfonts/umsb.fd
File: umsb.fd 2013/01/14 v3.01 AMS symbols B
)
LaTeX Font Info:    Try loading font information for U+stmry on input line 119.


(/usr/local/texlive/2018/texmf-dist/tex/latex/stmaryrd/Ustmry.fd)
LaTeX Font Info:    Font shape `T1/ptm/bx/n' in size <10> not available
(Font)              Font shape `T1/ptm/b/n' tried instead on input line 119.
LaTeX Font Info:    Try loading font information for OMS+ptm on input line 133.


(/usr/local/texlive/2018/texmf-dist/tex/latex/psnfss/omsptm.fd
File: omsptm.fd 
)
LaTeX Font Info:    Font shape `OMS/ptm/m/n' in size <10> not available
(Font)              Font shape `OMS/cmsy/m/n' tried instead on input line 133.
 [1{/usr/local/texlive/2018/texmf-var/fonts/map/pdftex/updmap/pdftex.map}

] [2]
Package hyperref Info: bookmark level for unknown algorithm defaults to 0 on in
put line 177.
 [3]
LaTeX Font Info:    Font shape `T1/ptm/bx/it' in size <10> not available
(Font)              Font shape `T1/ptm/b/it' tried instead on input line 221.
 [4] [5]
[6] [7]
Package epstopdf Info: Source file: <new_fig/mnist_n16_loss_vs_epoch.eps>
(epstopdf)                    date: 2021-10-06 16:06:40
(epstopdf)                    size: 26248 bytes
(epstopdf)             Output file: <new_fig/mnist_n16_loss_vs_epoch-eps-conver
ted-to.pdf>
(epstopdf)                    date: 2021-10-06 09:09:47
(epstopdf)                    size: 8331 bytes
(epstopdf)             Command: <repstopdf --outfile=new_fig/mnist_n16_loss_vs_
epoch-eps-converted-to.pdf new_fig/mnist_n16_loss_vs_epoch.eps>
(epstopdf)             \includegraphics on input line 463.
runsystem(repstopdf --outfile=new_fig/mnist_n16_loss_vs_epoch-eps-converted-to.
pdf new_fig/mnist_n16_loss_vs_epoch.eps)...executed safely (allowed).

Package epstopdf Info: Result file: <new_fig/mnist_n16_loss_vs_epoch-eps-conver
ted-to.pdf>
(epstopdf)                    date: 2021-10-06 09:10:01
(epstopdf)                    size: 8331 bytes.
<new_fig/mnist_n16_loss_vs_epoch-eps-converted-to.pdf, id=477, 421.575pt x 317.
185pt>
File: new_fig/mnist_n16_loss_vs_epoch-eps-converted-to.pdf Graphic file (type p
df)
<use new_fig/mnist_n16_loss_vs_epoch-eps-converted-to.pdf>
Package pdftex.def Info: new_fig/mnist_n16_loss_vs_epoch-eps-converted-to.pdf  
used on input line 463.
(pdftex.def)             Requested size: 144.54pt x 108.75136pt.
Package epstopdf Info: Source file: <new_fig/cifar_n16_loss_vs_epoch.eps>
(epstopdf)                    date: 2021-10-06 16:06:40
(epstopdf)                    size: 24440 bytes
(epstopdf)             Output file: <new_fig/cifar_n16_loss_vs_epoch-eps-conver
ted-to.pdf>
(epstopdf)                    date: 2021-10-06 09:09:47
(epstopdf)                    size: 10881 bytes
(epstopdf)             Command: <repstopdf --outfile=new_fig/cifar_n16_loss_vs_
epoch-eps-converted-to.pdf new_fig/cifar_n16_loss_vs_epoch.eps>
(epstopdf)             \includegraphics on input line 463.
runsystem(repstopdf --outfile=new_fig/cifar_n16_loss_vs_epoch-eps-converted-to.
pdf new_fig/cifar_n16_loss_vs_epoch.eps)...executed safely (allowed).

Package epstopdf Info: Result file: <new_fig/cifar_n16_loss_vs_epoch-eps-conver
ted-to.pdf>
(epstopdf)                    date: 2021-10-06 09:10:01
(epstopdf)                    size: 10881 bytes.
<new_fig/cifar_n16_loss_vs_epoch-eps-converted-to.pdf, id=478, 421.575pt x 316.
18124pt>
File: new_fig/cifar_n16_loss_vs_epoch-eps-converted-to.pdf Graphic file (type p
df)
<use new_fig/cifar_n16_loss_vs_epoch-eps-converted-to.pdf>
Package pdftex.def Info: new_fig/cifar_n16_loss_vs_epoch-eps-converted-to.pdf  
used on input line 463.
(pdftex.def)             Requested size: 144.54pt x 108.40721pt.
Package epstopdf Info: Source file: <new_fig/imdb_n16_loss_vs_epoch.eps>
(epstopdf)                    date: 2021-10-06 16:06:40
(epstopdf)                    size: 18562 bytes
(epstopdf)             Output file: <new_fig/imdb_n16_loss_vs_epoch-eps-convert
ed-to.pdf>
(epstopdf)                    date: 2021-10-06 09:09:48
(epstopdf)                    size: 8477 bytes
(epstopdf)             Command: <repstopdf --outfile=new_fig/imdb_n16_loss_vs_e
poch-eps-converted-to.pdf new_fig/imdb_n16_loss_vs_epoch.eps>
(epstopdf)             \includegraphics on input line 463.
runsystem(repstopdf --outfile=new_fig/imdb_n16_loss_vs_epoch-eps-converted-to.p
df new_fig/imdb_n16_loss_vs_epoch.eps)...executed safely (allowed).

Package epstopdf Info: Result file: <new_fig/imdb_n16_loss_vs_epoch-eps-convert
ed-to.pdf>
(epstopdf)                    date: 2021-10-06 09:10:02
(epstopdf)                    size: 8477 bytes.
<new_fig/imdb_n16_loss_vs_epoch-eps-converted-to.pdf, id=479, 421.575pt x 316.1
8124pt>
File: new_fig/imdb_n16_loss_vs_epoch-eps-converted-to.pdf Graphic file (type pd
f)
<use new_fig/imdb_n16_loss_vs_epoch-eps-converted-to.pdf>
Package pdftex.def Info: new_fig/imdb_n16_loss_vs_epoch-eps-converted-to.pdf  u
sed on input line 463.
(pdftex.def)             Requested size: 144.54pt x 108.40721pt.
Package epstopdf Info: Source file: <new_fig/mnist_n16_acc_vs_epoch.eps>
(epstopdf)                    date: 2021-10-06 16:06:40
(epstopdf)                    size: 21192 bytes
(epstopdf)             Output file: <new_fig/mnist_n16_acc_vs_epoch-eps-convert
ed-to.pdf>
(epstopdf)                    date: 2021-10-06 09:09:48
(epstopdf)                    size: 8847 bytes
(epstopdf)             Command: <repstopdf --outfile=new_fig/mnist_n16_acc_vs_e
poch-eps-converted-to.pdf new_fig/mnist_n16_acc_vs_epoch.eps>
(epstopdf)             \includegraphics on input line 468.
runsystem(repstopdf --outfile=new_fig/mnist_n16_acc_vs_epoch-eps-converted-to.p
df new_fig/mnist_n16_acc_vs_epoch.eps)...executed safely (allowed).

Package epstopdf Info: Result file: <new_fig/mnist_n16_acc_vs_epoch-eps-convert
ed-to.pdf>
(epstopdf)                    date: 2021-10-06 09:10:02
(epstopdf)                    size: 8847 bytes.
<new_fig/mnist_n16_acc_vs_epoch-eps-converted-to.pdf, id=480, 421.575pt x 317.1
85pt>
File: new_fig/mnist_n16_acc_vs_epoch-eps-converted-to.pdf Graphic file (type pd
f)
<use new_fig/mnist_n16_acc_vs_epoch-eps-converted-to.pdf>
Package pdftex.def Info: new_fig/mnist_n16_acc_vs_epoch-eps-converted-to.pdf  u
sed on input line 468.
(pdftex.def)             Requested size: 144.54pt x 108.75136pt.
Package epstopdf Info: Source file: <new_fig/cifar_n16_acc_vs_epoch.eps>
(epstopdf)                    date: 2021-10-06 16:06:40
(epstopdf)                    size: 24379 bytes
(epstopdf)             Output file: <new_fig/cifar_n16_acc_vs_epoch-eps-convert
ed-to.pdf>
(epstopdf)                    date: 2021-10-06 09:09:49
(epstopdf)                    size: 10932 bytes
(epstopdf)             Command: <repstopdf --outfile=new_fig/cifar_n16_acc_vs_e
poch-eps-converted-to.pdf new_fig/cifar_n16_acc_vs_epoch.eps>
(epstopdf)             \includegraphics on input line 468.
runsystem(repstopdf --outfile=new_fig/cifar_n16_acc_vs_epoch-eps-converted-to.p
df new_fig/cifar_n16_acc_vs_epoch.eps)...executed safely (allowed).

Package epstopdf Info: Result file: <new_fig/cifar_n16_acc_vs_epoch-eps-convert
ed-to.pdf>
(epstopdf)                    date: 2021-10-06 09:10:03
(epstopdf)                    size: 10932 bytes.
<new_fig/cifar_n16_acc_vs_epoch-eps-converted-to.pdf, id=481, 421.575pt x 316.1
8124pt>
File: new_fig/cifar_n16_acc_vs_epoch-eps-converted-to.pdf Graphic file (type pd
f)
<use new_fig/cifar_n16_acc_vs_epoch-eps-converted-to.pdf>
Package pdftex.def Info: new_fig/cifar_n16_acc_vs_epoch-eps-converted-to.pdf  u
sed on input line 468.
(pdftex.def)             Requested size: 144.54pt x 108.40721pt.
Package epstopdf Info: Source file: <new_fig/imdb_n16_acc_vs_epoch.eps>
(epstopdf)                    date: 2021-10-06 16:06:40
(epstopdf)                    size: 18126 bytes
(epstopdf)             Output file: <new_fig/imdb_n16_acc_vs_epoch-eps-converte
d-to.pdf>
(epstopdf)                    date: 2021-10-06 09:09:49
(epstopdf)                    size: 8677 bytes
(epstopdf)             Command: <repstopdf --outfile=new_fig/imdb_n16_acc_vs_ep
och-eps-converted-to.pdf new_fig/imdb_n16_acc_vs_epoch.eps>
(epstopdf)             \includegraphics on input line 468.
runsystem(repstopdf --outfile=new_fig/imdb_n16_acc_vs_epoch-eps-converted-to.pd
f new_fig/imdb_n16_acc_vs_epoch.eps)...executed safely (allowed).

Package epstopdf Info: Result file: <new_fig/imdb_n16_acc_vs_epoch-eps-converte
d-to.pdf>
(epstopdf)                    date: 2021-10-06 09:10:03
(epstopdf)                    size: 8677 bytes.
<new_fig/imdb_n16_acc_vs_epoch-eps-converted-to.pdf, id=482, 421.575pt x 316.18
124pt>
File: new_fig/imdb_n16_acc_vs_epoch-eps-converted-to.pdf Graphic file (type pdf
)
<use new_fig/imdb_n16_acc_vs_epoch-eps-converted-to.pdf>
Package pdftex.def Info: new_fig/imdb_n16_acc_vs_epoch-eps-converted-to.pdf  us
ed on input line 468.
(pdftex.def)             Requested size: 144.54pt x 108.40721pt.

Overfull \hbox (17.22636pt too wide) in paragraph at lines 463--469
 [] 
 []


Overfull \hbox (24.4527pt too wide) in paragraph at lines 463--469
 [] 
 []

Package epstopdf Info: Source file: <new_fig/mnist_n16_loss_vs_memory.eps>
(epstopdf)                    date: 2021-10-06 16:06:40
(epstopdf)                    size: 26347 bytes
(epstopdf)             Output file: <new_fig/mnist_n16_loss_vs_memory-eps-conve
rted-to.pdf>
(epstopdf)                    date: 2021-10-06 09:09:49
(epstopdf)                    size: 8804 bytes
(epstopdf)             Command: <repstopdf --outfile=new_fig/mnist_n16_loss_vs_
memory-eps-converted-to.pdf new_fig/mnist_n16_loss_vs_memory.eps>
(epstopdf)             \includegraphics on input line 481.
runsystem(repstopdf --outfile=new_fig/mnist_n16_loss_vs_memory-eps-converted-to
.pdf new_fig/mnist_n16_loss_vs_memory.eps)...executed safely (allowed).

Package epstopdf Info: Result file: <new_fig/mnist_n16_loss_vs_memory-eps-conve
rted-to.pdf>
(epstopdf)                    date: 2021-10-06 09:10:04
(epstopdf)                    size: 8804 bytes.
<new_fig/mnist_n16_loss_vs_memory-eps-converted-to.pdf, id=483, 421.575pt x 317
.185pt>
File: new_fig/mnist_n16_loss_vs_memory-eps-converted-to.pdf Graphic file (type 
pdf)
<use new_fig/mnist_n16_loss_vs_memory-eps-converted-to.pdf>
Package pdftex.def Info: new_fig/mnist_n16_loss_vs_memory-eps-converted-to.pdf 
 used on input line 481.
(pdftex.def)             Requested size: 144.54pt x 108.75136pt.
Package epstopdf Info: Source file: <new_fig/cifar_n16_loss_vs_memory.eps>
(epstopdf)                    date: 2021-10-06 16:06:40
(epstopdf)                    size: 71038 bytes
(epstopdf)             Output file: <new_fig/cifar_n16_loss_vs_memory-eps-conve
rted-to.pdf>
(epstopdf)                    date: 2021-10-06 09:09:50
(epstopdf)                    size: 12820 bytes
(epstopdf)             Command: <repstopdf --outfile=new_fig/cifar_n16_loss_vs_
memory-eps-converted-to.pdf new_fig/cifar_n16_loss_vs_memory.eps>
(epstopdf)             \includegraphics on input line 481.
runsystem(repstopdf --outfile=new_fig/cifar_n16_loss_vs_memory-eps-converted-to
.pdf new_fig/cifar_n16_loss_vs_memory.eps)...executed safely (allowed).

Package epstopdf Info: Result file: <new_fig/cifar_n16_loss_vs_memory-eps-conve
rted-to.pdf>
(epstopdf)                    date: 2021-10-06 09:10:04
(epstopdf)                    size: 12820 bytes.
<new_fig/cifar_n16_loss_vs_memory-eps-converted-to.pdf, id=484, 421.575pt x 316
.18124pt>
File: new_fig/cifar_n16_loss_vs_memory-eps-converted-to.pdf Graphic file (type 
pdf)
<use new_fig/cifar_n16_loss_vs_memory-eps-converted-to.pdf>
Package pdftex.def Info: new_fig/cifar_n16_loss_vs_memory-eps-converted-to.pdf 
 used on input line 481.
(pdftex.def)             Requested size: 144.54pt x 108.40721pt.
Package epstopdf Info: Source file: <new_fig/imdb_n16_loss_vs_memory.eps>
(epstopdf)                    date: 2021-10-06 16:06:40
(epstopdf)                    size: 18016 bytes
(epstopdf)             Output file: <new_fig/imdb_n16_loss_vs_memory-eps-conver
ted-to.pdf>
(epstopdf)                    date: 2021-10-06 09:09:50
(epstopdf)                    size: 8794 bytes
(epstopdf)             Command: <repstopdf --outfile=new_fig/imdb_n16_loss_vs_m
emory-eps-converted-to.pdf new_fig/imdb_n16_loss_vs_memory.eps>
(epstopdf)             \includegraphics on input line 481.
runsystem(repstopdf --outfile=new_fig/imdb_n16_loss_vs_memory-eps-converted-to.
pdf new_fig/imdb_n16_loss_vs_memory.eps)...executed safely (allowed).

Package epstopdf Info: Result file: <new_fig/imdb_n16_loss_vs_memory-eps-conver
ted-to.pdf>
(epstopdf)                    date: 2021-10-06 09:10:04
(epstopdf)                    size: 8794 bytes.
<new_fig/imdb_n16_loss_vs_memory-eps-converted-to.pdf, id=485, 421.575pt x 316.
18124pt>
File: new_fig/imdb_n16_loss_vs_memory-eps-converted-to.pdf Graphic file (type p
df)
<use new_fig/imdb_n16_loss_vs_memory-eps-converted-to.pdf>
Package pdftex.def Info: new_fig/imdb_n16_loss_vs_memory-eps-converted-to.pdf  
used on input line 481.
(pdftex.def)             Requested size: 144.54pt x 108.40721pt.
Package epstopdf Info: Source file: <new_fig/mnist_n16_acc_vs_memory.eps>
(epstopdf)                    date: 2021-10-06 16:06:40
(epstopdf)                    size: 17100 bytes
(epstopdf)             Output file: <new_fig/mnist_n16_acc_vs_memory-eps-conver
ted-to.pdf>
(epstopdf)                    date: 2021-10-06 09:09:51
(epstopdf)                    size: 8987 bytes
(epstopdf)             Command: <repstopdf --outfile=new_fig/mnist_n16_acc_vs_m
emory-eps-converted-to.pdf new_fig/mnist_n16_acc_vs_memory.eps>
(epstopdf)             \includegraphics on input line 486.
runsystem(repstopdf --outfile=new_fig/mnist_n16_acc_vs_memory-eps-converted-to.
pdf new_fig/mnist_n16_acc_vs_memory.eps)...executed safely (allowed).

Package epstopdf Info: Result file: <new_fig/mnist_n16_acc_vs_memory-eps-conver
ted-to.pdf>
(epstopdf)                    date: 2021-10-06 09:10:05
(epstopdf)                    size: 8987 bytes.
<new_fig/mnist_n16_acc_vs_memory-eps-converted-to.pdf, id=486, 421.575pt x 316.
18124pt>
File: new_fig/mnist_n16_acc_vs_memory-eps-converted-to.pdf Graphic file (type p
df)
<use new_fig/mnist_n16_acc_vs_memory-eps-converted-to.pdf>
Package pdftex.def Info: new_fig/mnist_n16_acc_vs_memory-eps-converted-to.pdf  
used on input line 486.
(pdftex.def)             Requested size: 144.54pt x 108.40721pt.
Package epstopdf Info: Source file: <new_fig/cifar_n16_acc_vs_memory.eps>
(epstopdf)                    date: 2021-10-06 16:06:40
(epstopdf)                    size: 25232 bytes
(epstopdf)             Output file: <new_fig/cifar_n16_acc_vs_memory-eps-conver
ted-to.pdf>
(epstopdf)                    date: 2021-10-06 09:09:51
(epstopdf)                    size: 11762 bytes
(epstopdf)             Command: <repstopdf --outfile=new_fig/cifar_n16_acc_vs_m
emory-eps-converted-to.pdf new_fig/cifar_n16_acc_vs_memory.eps>
(epstopdf)             \includegraphics on input line 486.
runsystem(repstopdf --outfile=new_fig/cifar_n16_acc_vs_memory-eps-converted-to.
pdf new_fig/cifar_n16_acc_vs_memory.eps)...executed safely (allowed).

Package epstopdf Info: Result file: <new_fig/cifar_n16_acc_vs_memory-eps-conver
ted-to.pdf>
(epstopdf)                    date: 2021-10-06 09:10:05
(epstopdf)                    size: 11762 bytes.
<new_fig/cifar_n16_acc_vs_memory-eps-converted-to.pdf, id=487, 421.575pt x 316.
18124pt>
File: new_fig/cifar_n16_acc_vs_memory-eps-converted-to.pdf Graphic file (type p
df)
<use new_fig/cifar_n16_acc_vs_memory-eps-converted-to.pdf>
Package pdftex.def Info: new_fig/cifar_n16_acc_vs_memory-eps-converted-to.pdf  
used on input line 486.
(pdftex.def)             Requested size: 144.54pt x 108.40721pt.
Package epstopdf Info: Source file: <new_fig/imdb_n16_acc_vs_memory.eps>
(epstopdf)                    date: 2021-10-06 16:06:40
(epstopdf)                    size: 17910 bytes
(epstopdf)             Output file: <new_fig/imdb_n16_acc_vs_memory-eps-convert
ed-to.pdf>
(epstopdf)                    date: 2021-10-06 09:09:52
(epstopdf)                    size: 9136 bytes
(epstopdf)             Command: <repstopdf --outfile=new_fig/imdb_n16_acc_vs_me
mory-eps-converted-to.pdf new_fig/imdb_n16_acc_vs_memory.eps>
(epstopdf)             \includegraphics on input line 486.
runsystem(repstopdf --outfile=new_fig/imdb_n16_acc_vs_memory-eps-converted-to.p
df new_fig/imdb_n16_acc_vs_memory.eps)...executed safely (allowed).

Package epstopdf Info: Result file: <new_fig/imdb_n16_acc_vs_memory-eps-convert
ed-to.pdf>
(epstopdf)                    date: 2021-10-06 09:10:06
(epstopdf)                    size: 9136 bytes.
<new_fig/imdb_n16_acc_vs_memory-eps-converted-to.pdf, id=488, 421.575pt x 316.1
8124pt>
File: new_fig/imdb_n16_acc_vs_memory-eps-converted-to.pdf Graphic file (type pd
f)
<use new_fig/imdb_n16_acc_vs_memory-eps-converted-to.pdf>
Package pdftex.def Info: new_fig/imdb_n16_acc_vs_memory-eps-converted-to.pdf  u
sed on input line 486.
(pdftex.def)             Requested size: 144.54pt x 108.40721pt.

Overfull \hbox (17.22636pt too wide) in paragraph at lines 481--487
 [] 
 []


Overfull \hbox (24.4527pt too wide) in paragraph at lines 481--487
 [] 
 []

Package epstopdf Info: Source file: <new_fig/mnist_speedup.eps>
(epstopdf)                    date: 2021-10-06 16:06:40
(epstopdf)                    size: 24558 bytes
(epstopdf)             Output file: <new_fig/mnist_speedup-eps-converted-to.pdf
>
(epstopdf)                    date: 2021-10-06 09:09:52
(epstopdf)                    size: 7371 bytes
(epstopdf)             Command: <repstopdf --outfile=new_fig/mnist_speedup-eps-
converted-to.pdf new_fig/mnist_speedup.eps>
(epstopdf)             \includegraphics on input line 500.
runsystem(repstopdf --outfile=new_fig/mnist_speedup-eps-converted-to.pdf new_fi
g/mnist_speedup.eps)...executed safely (allowed).

Package epstopdf Info: Result file: <new_fig/mnist_speedup-eps-converted-to.pdf
>
(epstopdf)                    date: 2021-10-06 09:10:06
(epstopdf)                    size: 7371 bytes.
<new_fig/mnist_speedup-eps-converted-to.pdf, id=489, 421.575pt x 317.185pt>
File: new_fig/mnist_speedup-eps-converted-to.pdf Graphic file (type pdf)
<use new_fig/mnist_speedup-eps-converted-to.pdf>
Package pdftex.def Info: new_fig/mnist_speedup-eps-converted-to.pdf  used on in
put line 500.
(pdftex.def)             Requested size: 180.67499pt x 135.93677pt.
Package epstopdf Info: Source file: <new_fig/cifar_speedup.eps>
(epstopdf)                    date: 2021-10-06 16:06:40
(epstopdf)                    size: 18968 bytes
(epstopdf)             Output file: <new_fig/cifar_speedup-eps-converted-to.pdf
>
(epstopdf)                    date: 2021-10-06 09:09:52
(epstopdf)                    size: 7776 bytes
(epstopdf)             Command: <repstopdf --outfile=new_fig/cifar_speedup-eps-
converted-to.pdf new_fig/cifar_speedup.eps>
(epstopdf)             \includegraphics on input line 500.
runsystem(repstopdf --outfile=new_fig/cifar_speedup-eps-converted-to.pdf new_fi
g/cifar_speedup.eps)...executed safely (allowed).

Package epstopdf Info: Result file: <new_fig/cifar_speedup-eps-converted-to.pdf
>
(epstopdf)                    date: 2021-10-06 09:10:07
(epstopdf)                    size: 7776 bytes.
<new_fig/cifar_speedup-eps-converted-to.pdf, id=490, 421.575pt x 316.18124pt>
File: new_fig/cifar_speedup-eps-converted-to.pdf Graphic file (type pdf)
<use new_fig/cifar_speedup-eps-converted-to.pdf>
Package pdftex.def Info: new_fig/cifar_speedup-eps-converted-to.pdf  used on in
put line 500.
(pdftex.def)             Requested size: 180.67499pt x 135.50659pt.
[8pdfTeX warning (ext4): destination with the same identifier (name{figure.1}) 
has been already used, duplicate ignored

\AtBegShi@Output ...ipout \box \AtBeginShipoutBox 
                                                  \fi \fi 
l.504 \end{figure}
                  pdfTeX warning (ext4): destination with the same identifier (
name{figure.2}) has been already used, duplicate ignored

\AtBegShi@Output ...ipout \box \AtBeginShipoutBox 
                                                  \fi \fi 
l.504 \end{figure}
                   <./new_fig/mnist_n16_loss_vs_epoch-eps-converted-to.pdf> <./
new_fig/cifar_n16_loss_vs_epoch-eps-converted-to.pdf> <./new_fig/imdb_n16_loss_
vs_epoch-eps-converted-to.pdf> <./new_fig/mnist_n16_acc_vs_epoch-eps-converted-
to.pdf> <./new_fig/cifar_n16_acc_vs_epoch-eps-converted-to.pdf> <./new_fig/imdb
_n16_acc_vs_epoch-eps-converted-to.pdf> <./new_fig/mnist_n16_loss_vs_memory-eps
-converted-to.pdf> <./new_fig/cifar_n16_loss_vs_memory-eps-converted-to.pdf> <.
/new_fig/imdb_n16_loss_vs_memory-eps-converted-to.pdf> <./new_fig/mnist_n16_acc
_vs_memory-eps-converted-to.pdf> <./new_fig/cifar_n16_acc_vs_memory-eps-convert
ed-to.pdf> <./new_fig/imdb_n16_acc_vs_memory-eps-converted-to.pdf>]
(./ICLR_main.bbl [9pdfTeX warning (ext4): destination with the same identifier 
(name{figure.3}) has been already used, duplicate ignored

\AtBegShi@Output ...ipout \box \AtBeginShipoutBox 
                                                  \fi \fi 
l.17 
      <./new_fig/mnist_speedup-eps-converted-to.pdf> <./new_fig/cifar_speedup-e
ps-converted-to.pdf>]
Underfull \hbox (badness 2460) in paragraph at lines 30--35
[]\T1/ptm/m/n/10 Dan Al-is-tarh, Dem-jan Gru-bic, Jerry Li, Ry-ota Tomioka, and
 Mi-lan Vo-jnovic.  Qsgd:
 []

LaTeX Font Info:    Font shape `OMS/ptm/m/it' in size <10> not available
(Font)              Font shape `OMS/cmsy/m/n' tried instead on input line 79.
[10] [11] [12]
LaTeX Font Info:    Try loading font information for T1+pcr on input line 394.
 (/usr/local/texlive/2018/texmf-dist/tex/latex/psnfss/t1pcr.fd
File: t1pcr.fd 2001/06/04 font definitions for T1/pcr.
)
[13]) [14]
Package epstopdf Info: Source file: <new_fig/cifar_resnet_n4_loss_vs_epoch.eps>

(epstopdf)                    date: 2021-10-06 16:06:40
(epstopdf)                    size: 24757 bytes
(epstopdf)             Output file: <new_fig/cifar_resnet_n4_loss_vs_epoch-eps-
converted-to.pdf>
(epstopdf)                    date: 2021-10-06 09:09:53
(epstopdf)                    size: 10914 bytes
(epstopdf)             Command: <repstopdf --outfile=new_fig/cifar_resnet_n4_lo
ss_vs_epoch-eps-converted-to.pdf new_fig/cifar_resnet_n4_loss_vs_epoch.eps>
(epstopdf)             \includegraphics on input line 616.
runsystem(repstopdf --outfile=new_fig/cifar_resnet_n4_loss_vs_epoch-eps-convert
ed-to.pdf new_fig/cifar_resnet_n4_loss_vs_epoch.eps)...executed safely (allowed
).

Package epstopdf Info: Result file: <new_fig/cifar_resnet_n4_loss_vs_epoch-eps-
converted-to.pdf>
(epstopdf)                    date: 2021-10-06 09:10:07
(epstopdf)                    size: 10914 bytes.
<new_fig/cifar_resnet_n4_loss_vs_epoch-eps-converted-to.pdf, id=645, 421.575pt 
x 316.18124pt>
File: new_fig/cifar_resnet_n4_loss_vs_epoch-eps-converted-to.pdf Graphic file (
type pdf)
<use new_fig/cifar_resnet_n4_loss_vs_epoch-eps-converted-to.pdf>
Package pdftex.def Info: new_fig/cifar_resnet_n4_loss_vs_epoch-eps-converted-to
.pdf  used on input line 616.
(pdftex.def)             Requested size: 144.54pt x 108.40721pt.
Package epstopdf Info: Source file: <new_fig/cifar_resnet_n4_acc_vs_epoch.eps>
(epstopdf)                    date: 2021-10-06 16:06:42
(epstopdf)                    size: 70017 bytes
(epstopdf)             Output file: <new_fig/cifar_resnet_n4_acc_vs_epoch-eps-c
onverted-to.pdf>
(epstopdf)                    date: 2021-10-06 09:09:53
(epstopdf)                    size: 11752 bytes
(epstopdf)             Command: <repstopdf --outfile=new_fig/cifar_resnet_n4_ac
c_vs_epoch-eps-converted-to.pdf new_fig/cifar_resnet_n4_acc_vs_epoch.eps>
(epstopdf)             \includegraphics on input line 616.
runsystem(repstopdf --outfile=new_fig/cifar_resnet_n4_acc_vs_epoch-eps-converte
d-to.pdf new_fig/cifar_resnet_n4_acc_vs_epoch.eps)...executed safely (allowed).

Package epstopdf Info: Result file: <new_fig/cifar_resnet_n4_acc_vs_epoch-eps-c
onverted-to.pdf>
(epstopdf)                    date: 2021-10-06 09:10:07
(epstopdf)                    size: 11752 bytes.
<new_fig/cifar_resnet_n4_acc_vs_epoch-eps-converted-to.pdf, id=646, 421.575pt x
 316.18124pt>
File: new_fig/cifar_resnet_n4_acc_vs_epoch-eps-converted-to.pdf Graphic file (t
ype pdf)
<use new_fig/cifar_resnet_n4_acc_vs_epoch-eps-converted-to.pdf>
Package pdftex.def Info: new_fig/cifar_resnet_n4_acc_vs_epoch-eps-converted-to.
pdf  used on input line 616.
(pdftex.def)             Requested size: 144.54pt x 108.40721pt.
Package epstopdf Info: Source file: <new_fig/cifar_resnet_n4_acc_vs_memory.eps>

(epstopdf)                    date: 2021-10-06 16:06:40
(epstopdf)                    size: 25187 bytes
(epstopdf)             Output file: <new_fig/cifar_resnet_n4_acc_vs_memory-eps-
converted-to.pdf>
(epstopdf)                    date: 2021-10-06 09:09:54
(epstopdf)                    size: 11243 bytes
(epstopdf)             Command: <repstopdf --outfile=new_fig/cifar_resnet_n4_ac
c_vs_memory-eps-converted-to.pdf new_fig/cifar_resnet_n4_acc_vs_memory.eps>
(epstopdf)             \includegraphics on input line 616.
runsystem(repstopdf --outfile=new_fig/cifar_resnet_n4_acc_vs_memory-eps-convert
ed-to.pdf new_fig/cifar_resnet_n4_acc_vs_memory.eps)...executed safely (allowed
).

Package epstopdf Info: Result file: <new_fig/cifar_resnet_n4_acc_vs_memory-eps-
converted-to.pdf>
(epstopdf)                    date: 2021-10-06 09:10:08
(epstopdf)                    size: 11243 bytes.
<new_fig/cifar_resnet_n4_acc_vs_memory-eps-converted-to.pdf, id=647, 421.575pt 
x 316.18124pt>
File: new_fig/cifar_resnet_n4_acc_vs_memory-eps-converted-to.pdf Graphic file (
type pdf)
<use new_fig/cifar_resnet_n4_acc_vs_memory-eps-converted-to.pdf>
Package pdftex.def Info: new_fig/cifar_resnet_n4_acc_vs_memory-eps-converted-to
.pdf  used on input line 616.
(pdftex.def)             Requested size: 144.54pt x 108.40721pt.

Overfull \hbox (20.84007pt too wide) in paragraph at lines 616--617
 [] 
 []


Underfull \vbox (badness 1038) has occurred while \output is active []

 [15

pdfTeX warning (ext4): destination with the same identifier (name{figure.4}) ha
s been already used, duplicate ignored

\AtBegShi@Output ...ipout \box \AtBeginShipoutBox 
                                                  \fi \fi 
l.654 \end{align*}
                   <./new_fig/cifar_resnet_n4_loss_vs_epoch-eps-converted-to.pd
f> <./new_fig/cifar_resnet_n4_acc_vs_epoch-eps-converted-to.pdf> <./new_fig/cif
ar_resnet_n4_acc_vs_memory-eps-converted-to.pdf>]
Underfull \vbox (badness 5908) has occurred while \output is active []

 [16]
Overfull \hbox (18.49083pt too wide) detected at line 710
[]
 []


Overfull \hbox (6.7682pt too wide) detected at line 728
[]
 []


Underfull \vbox (badness 3657) has occurred while \output is active []

 [17]
[18] [19]
Overfull \hbox (6.62628pt too wide) detected at line 936
[]
 []

[20] [21]
Package atveryend Info: Empty hook `BeforeClearDocument' on input line 1486.
 [22]
Package atveryend Info: Empty hook `AfterLastShipout' on input line 1486.
 (./ICLR_main.aux)
Package atveryend Info: Executing hook `AtVeryEndDocument' on input line 1486.
Package atveryend Info: Executing hook `AtEndAfterFileList' on input line 1486.

Package rerunfilecheck Info: File `ICLR_main.out' has not changed.
(rerunfilecheck)             Checksum: 2A555939673B91ADC10195E4E2AF155B;1314.


LaTeX Warning: Label(s) may have changed. Rerun to get cross-references right.

Package atveryend Info: Empty hook `AtVeryVeryEnd' on input line 1486.
 ) 
Here is how much of TeX's memory you used:
 10326 strings out of 492649
 145918 string characters out of 6129622
 263004 words of memory out of 5000000
 13849 multiletter control sequences out of 15000+600000
 49964 words of font info for 61 fonts, out of 8000000 for 9000
 1141 hyphenation exceptions out of 8191
 37i,18n,45p,1483b,559s stack positions out of 5000i,500n,10000p,200000b,80000s
{/usr/local/texlive/2018/texmf-dist/fonts/enc/dvips/base/8r.enc}</usr/local/t
exlive/2018/texmf-dist/fonts/type1/public/amsfonts/cm/cmbx10.pfb></usr/local/te
xlive/2018/texmf-dist/fonts/type1/public/amsfonts/cm/cmex10.pfb></usr/local/tex
live/2018/texmf-dist/fonts/type1/public/amsfonts/cm/cmmi10.pfb></usr/local/texl
ive/2018/texmf-dist/fonts/type1/public/amsfonts/cm/cmmi5.pfb></usr/local/texliv
e/2018/texmf-dist/fonts/type1/public/amsfonts/cm/cmmi7.pfb></usr/local/texlive/
2018/texmf-dist/fonts/type1/public/amsfonts/cm/cmr10.pfb></usr/local/texlive/20
18/texmf-dist/fonts/type1/public/amsfonts/cm/cmr5.pfb></usr/local/texlive/2018/
texmf-dist/fonts/type1/public/amsfonts/cm/cmr7.pfb></usr/local/texlive/2018/tex
mf-dist/fonts/type1/public/amsfonts/cm/cmsy10.pfb></usr/local/texlive/2018/texm
f-dist/fonts/type1/public/amsfonts/cm/cmsy5.pfb></usr/local/texlive/2018/texmf-
dist/fonts/type1/public/amsfonts/cm/cmsy7.pfb></usr/local/texlive/2018/texmf-di
st/fonts/type1/public/amsfonts/symbols/msbm10.pfb></usr/local/texlive/2018/texm
f-dist/fonts/type1/urw/courier/ucrr8a.pfb></usr/local/texlive/2018/texmf-dist/f
onts/type1/urw/times/utmb8a.pfb></usr/local/texlive/2018/texmf-dist/fonts/type1
/urw/times/utmbi8a.pfb></usr/local/texlive/2018/texmf-dist/fonts/type1/urw/time
s/utmr8a.pfb></usr/local/texlive/2018/texmf-dist/fonts/type1/urw/times/utmri8a.
pfb>
Output written on ICLR_main.pdf (22 pages, 404307 bytes).
PDF statistics:
 846 PDF objects out of 1000 (max. 8388607)
 744 compressed objects within 8 object streams
 145 named destinations out of 1000 (max. 500000)
 238 words of extra memory for PDF output out of 10000 (max. 10000000)

