This is pdfTeX, Version 3.14159265-2.6-1.40.19 (TeX Live 2018) (preloaded format=pdflatex 2018.7.23)  10 SEP 2021 17:39
entering extended mode
 restricted \write18 enabled.
 file:line:error style messages enabled.
 %&-line parsing enabled.
**arxiv.tex
(./arxiv.tex
LaTeX2e <2018-04-01> patch level 2
Babel <3.18> and hyphenation patterns for 84 language(s) loaded.
(/usr/local/texlive/2018/texmf-dist/tex/latex/base/article.cls
Document Class: article 2014/09/29 v1.4h Standard LaTeX document class
(/usr/local/texlive/2018/texmf-dist/tex/latex/base/size11.clo
File: size11.clo 2014/09/29 v1.4h Standard LaTeX file (size option)
)
\c@part=\count80
\c@section=\count81
\c@subsection=\count82
\c@subsubsection=\count83
\c@paragraph=\count84
\c@subparagraph=\count85
\c@figure=\count86
\c@table=\count87
\abovecaptionskip=\skip41
\belowcaptionskip=\skip42
\bibindent=\dimen102
)
(/usr/local/texlive/2018/texmf-dist/tex/latex/booktabs/booktabs.sty
Package: booktabs 2016/04/27 v1.618033 publication quality tables
\heavyrulewidth=\dimen103
\lightrulewidth=\dimen104
\cmidrulewidth=\dimen105
\belowrulesep=\dimen106
\belowbottomsep=\dimen107
\aboverulesep=\dimen108
\abovetopsep=\dimen109
\cmidrulesep=\dimen110
\cmidrulekern=\dimen111
\defaultaddspace=\dimen112
\@cmidla=\count88
\@cmidlb=\count89
\@aboverulesep=\dimen113
\@belowrulesep=\dimen114
\@thisruleclass=\count90
\@lastruleclass=\count91
\@thisrulewidth=\dimen115
)
(/usr/local/texlive/2018/texmf-dist/tex/latex/amsfonts/amsfonts.sty
Package: amsfonts 2013/01/14 v3.01 Basic AMSFonts support
\@emptytoks=\toks14
\symAMSa=\mathgroup4
\symAMSb=\mathgroup5
LaTeX Font Info:    Overwriting math alphabet `\mathfrak' in version `bold'
(Font)                  U/euf/m/n --> U/euf/b/n on input line 106.
)
(/usr/local/texlive/2018/texmf-dist/tex/latex/amsmath/amsmath.sty
Package: amsmath 2017/09/02 v2.17a AMS math features
\@mathmargin=\skip43

For additional information on amsmath, use the `?' option.
(/usr/local/texlive/2018/texmf-dist/tex/latex/amsmath/amstext.sty
Package: amstext 2000/06/29 v2.01 AMS text

(/usr/local/texlive/2018/texmf-dist/tex/latex/amsmath/amsgen.sty
File: amsgen.sty 1999/11/30 v2.0 generic functions
\@emptytoks=\toks15
\ex@=\dimen116
))
(/usr/local/texlive/2018/texmf-dist/tex/latex/amsmath/amsbsy.sty
Package: amsbsy 1999/11/29 v1.2d Bold Symbols
\pmbraise@=\dimen117
)
(/usr/local/texlive/2018/texmf-dist/tex/latex/amsmath/amsopn.sty
Package: amsopn 2016/03/08 v2.02 operator names
)
\inf@bad=\count92
LaTeX Info: Redefining \frac on input line 213.
\uproot@=\count93
\leftroot@=\count94
LaTeX Info: Redefining \overline on input line 375.
\classnum@=\count95
\DOTSCASE@=\count96
LaTeX Info: Redefining \ldots on input line 472.
LaTeX Info: Redefining \dots on input line 475.
LaTeX Info: Redefining \cdots on input line 596.
\Mathstrutbox@=\box26
\strutbox@=\box27
\big@size=\dimen118
LaTeX Font Info:    Redeclaring font encoding OML on input line 712.
LaTeX Font Info:    Redeclaring font encoding OMS on input line 713.
\macc@depth=\count97
\c@MaxMatrixCols=\count98
\dotsspace@=\muskip10
\c@parentequation=\count99
\dspbrk@lvl=\count100
\tag@help=\toks16
\row@=\count101
\column@=\count102
\maxfields@=\count103
\andhelp@=\toks17
\eqnshift@=\dimen119
\alignsep@=\dimen120
\tagshift@=\dimen121
\tagwidth@=\dimen122
\totwidth@=\dimen123
\lineht@=\dimen124
\@envbody=\toks18
\multlinegap=\skip44
\multlinetaggap=\skip45
\mathdisplay@stack=\toks19
LaTeX Info: Redefining \[ on input line 2817.
LaTeX Info: Redefining \] on input line 2818.
)
(/usr/local/texlive/2018/texmf-dist/tex/latex/graphics/graphicx.sty
Package: graphicx 2017/06/01 v1.1a Enhanced LaTeX Graphics (DPC,SPQR)

(/usr/local/texlive/2018/texmf-dist/tex/latex/graphics/keyval.sty
Package: keyval 2014/10/28 v1.15 key=value parser (DPC)
\KV@toks@=\toks20
)
(/usr/local/texlive/2018/texmf-dist/tex/latex/graphics/graphics.sty
Package: graphics 2017/06/25 v1.2c Standard LaTeX Graphics (DPC,SPQR)

(/usr/local/texlive/2018/texmf-dist/tex/latex/graphics/trig.sty
Package: trig 2016/01/03 v1.10 sin cos tan (DPC)
)
(/usr/local/texlive/2018/texmf-dist/tex/latex/graphics-cfg/graphics.cfg
File: graphics.cfg 2016/06/04 v1.11 sample graphics configuration
)
Package graphics Info: Driver file: pdftex.def on input line 99.

(/usr/local/texlive/2018/texmf-dist/tex/latex/graphics-def/pdftex.def
File: pdftex.def 2018/01/08 v1.0l Graphics/color driver for pdftex
))
\Gin@req@height=\dimen125
\Gin@req@width=\dimen126
)
(/usr/local/texlive/2018/texmf-dist/tex/latex/amscls/amsthm.sty
Package: amsthm 2017/10/31 v2.20.4
\thm@style=\toks21
\thm@bodyfont=\toks22
\thm@headfont=\toks23
\thm@notefont=\toks24
\thm@headpunct=\toks25
\thm@preskip=\skip46
\thm@postskip=\skip47
\thm@headsep=\skip48
\dth@everypar=\toks26
)
(/usr/local/texlive/2018/texmf-dist/tex/latex/amsfonts/amssymb.sty
Package: amssymb 2013/01/14 v3.01 AMS font symbols
)
(/usr/local/texlive/2018/texmf-dist/tex/latex/multirow/multirow.sty
Package: multirow 2016/11/25 v2.2 Span multiple rows of a table
\multirow@colwidth=\skip49
\multirow@cntb=\count104
\multirow@dima=\skip50
\bigstrutjot=\dimen127
)
(/usr/local/texlive/2018/texmf-dist/tex/latex/makecell/makecell.sty
Package: makecell 2009/08/03 V0.1e Managing of Tab Column Heads and Cells

(/usr/local/texlive/2018/texmf-dist/tex/latex/tools/array.sty
Package: array 2018/04/07 v2.4g Tabular extension package (FMi)
\col@sep=\dimen128
\ar@mcellbox=\box28
\extrarowheight=\dimen129
\NC@list=\toks27
\extratabsurround=\skip51
\backup@length=\skip52
\ar@cellbox=\box29
)
\rotheadsize=\dimen130
\c@nlinenum=\count105
\TeXr@lab=\toks28
)
(/usr/local/texlive/2018/texmf-dist/tex/latex/algorithmicx/algpseudocode.sty
Package: algpseudocode 

(/usr/local/texlive/2018/texmf-dist/tex/latex/base/ifthen.sty
Package: ifthen 2014/09/29 v1.1c Standard LaTeX ifthen package (DPC)
)
(/usr/local/texlive/2018/texmf-dist/tex/latex/algorithmicx/algorithmicx.sty
Package: algorithmicx 2005/04/27 v1.2 Algorithmicx

Document Style algorithmicx 1.2 - a greatly improved `algorithmic' style
\c@ALG@line=\count106
\c@ALG@rem=\count107
\c@ALG@nested=\count108
\ALG@tlm=\skip53
\ALG@thistlm=\skip54
\c@ALG@Lnr=\count109
\c@ALG@blocknr=\count110
\c@ALG@storecount=\count111
\c@ALG@tmpcounter=\count112
\ALG@tmplength=\skip55
)
Document Style - pseudocode environments for use with the `algorithmicx' style
) (/usr/local/texlive/2018/texmf-dist/tex/latex/algorithms/algorithm.sty
Package: algorithm 2009/08/24 v0.1 Document Style `algorithm' - floating enviro
nment

(/usr/local/texlive/2018/texmf-dist/tex/latex/float/float.sty
Package: float 2001/11/08 v1.3d Float enhancements (AL)
\c@float@type=\count113
\float@exts=\toks29
\float@box=\box30
\@float@everytoks=\toks30
\@floatcapt=\box31
)
\@float@every@algorithm=\toks31
\c@algorithm=\count114
)
(/usr/local/texlive/2018/texmf-dist/tex/latex/natbib/natbib.sty
Package: natbib 2010/09/13 8.31b (PWD, AO)
\bibhang=\skip56
\bibsep=\skip57
LaTeX Info: Redefining \cite on input line 694.
\c@NAT@ctr=\count115
)
(/usr/local/texlive/2018/texmf-dist/tex/latex/hyperref/hyperref.sty
Package: hyperref 2018/02/06 v6.86b Hypertext links for LaTeX

(/usr/local/texlive/2018/texmf-dist/tex/generic/oberdiek/hobsub-hyperref.sty
Package: hobsub-hyperref 2016/05/16 v1.14 Bundle oberdiek, subset hyperref (HO)


(/usr/local/texlive/2018/texmf-dist/tex/generic/oberdiek/hobsub-generic.sty
Package: hobsub-generic 2016/05/16 v1.14 Bundle oberdiek, subset generic (HO)
Package: hobsub 2016/05/16 v1.14 Construct package bundles (HO)
Package: infwarerr 2016/05/16 v1.4 Providing info/warning/error messages (HO)
Package: ltxcmds 2016/05/16 v1.23 LaTeX kernel commands for general use (HO)
Package: ifluatex 2016/05/16 v1.4 Provides the ifluatex switch (HO)
Package ifluatex Info: LuaTeX not detected.
Package: ifvtex 2016/05/16 v1.6 Detect VTeX and its facilities (HO)
Package ifvtex Info: VTeX not detected.
Package: intcalc 2016/05/16 v1.2 Expandable calculations with integers (HO)
Package: ifpdf 2017/03/15 v3.2 Provides the ifpdf switch
Package: etexcmds 2016/05/16 v1.6 Avoid name clashes with e-TeX commands (HO)
Package etexcmds Info: Could not find \expanded.
(etexcmds)             That can mean that you are not using pdfTeX 1.50 or
(etexcmds)             that some package has redefined \expanded.
(etexcmds)             In the latter case, load this package earlier.
Package: kvsetkeys 2016/05/16 v1.17 Key value parser (HO)
Package: kvdefinekeys 2016/05/16 v1.4 Define keys (HO)
Package: pdftexcmds 2018/01/30 v0.27 Utility functions of pdfTeX for LuaTeX (HO
)
Package pdftexcmds Info: LuaTeX not detected.
Package pdftexcmds Info: \pdf@primitive is available.
Package pdftexcmds Info: \pdf@ifprimitive is available.
Package pdftexcmds Info: \pdfdraftmode found.
Package: pdfescape 2016/05/16 v1.14 Implements pdfTeX's escape features (HO)
Package: bigintcalc 2016/05/16 v1.4 Expandable calculations on big integers (HO
)
Package: bitset 2016/05/16 v1.2 Handle bit-vector datatype (HO)
Package: uniquecounter 2016/05/16 v1.3 Provide unlimited unique counter (HO)
)
Package hobsub Info: Skipping package `hobsub' (already loaded).
Package: letltxmacro 2016/05/16 v1.5 Let assignment for LaTeX macros (HO)
Package: hopatch 2016/05/16 v1.3 Wrapper for package hooks (HO)
Package: xcolor-patch 2016/05/16 xcolor patch
Package: atveryend 2016/05/16 v1.9 Hooks at the very end of document (HO)
Package atveryend Info: \enddocument detected (standard20110627).
Package: atbegshi 2016/06/09 v1.18 At begin shipout hook (HO)
Package: refcount 2016/05/16 v3.5 Data extraction from label references (HO)
Package: hycolor 2016/05/16 v1.8 Color options for hyperref/bookmark (HO)
)
(/usr/local/texlive/2018/texmf-dist/tex/generic/ifxetex/ifxetex.sty
Package: ifxetex 2010/09/12 v0.6 Provides ifxetex conditional
)
(/usr/local/texlive/2018/texmf-dist/tex/latex/oberdiek/auxhook.sty
Package: auxhook 2016/05/16 v1.4 Hooks for auxiliary files (HO)
)
(/usr/local/texlive/2018/texmf-dist/tex/latex/oberdiek/kvoptions.sty
Package: kvoptions 2016/05/16 v3.12 Key value format for package options (HO)
)
\@linkdim=\dimen131
\Hy@linkcounter=\count116
\Hy@pagecounter=\count117

(/usr/local/texlive/2018/texmf-dist/tex/latex/hyperref/pd1enc.def
File: pd1enc.def 2018/02/06 v6.86b Hyperref: PDFDocEncoding definition (HO)
Now handling font encoding PD1 ...
... no UTF-8 mapping file for font encoding PD1
)
\Hy@SavedSpaceFactor=\count118

(/usr/local/texlive/2018/texmf-dist/tex/latex/latexconfig/hyperref.cfg
File: hyperref.cfg 2002/06/06 v1.2 hyperref configuration of TeXLive
)
Package hyperref Info: Option `colorlinks' set `true' on input line 4383.
Package hyperref Info: Hyper figures OFF on input line 4509.
Package hyperref Info: Link nesting OFF on input line 4514.
Package hyperref Info: Hyper index ON on input line 4517.
Package hyperref Info: Plain pages OFF on input line 4524.
Package hyperref Info: Backreferencing OFF on input line 4529.
Package hyperref Info: Implicit mode ON; LaTeX internals redefined.
Package hyperref Info: Bookmarks ON on input line 4762.
\c@Hy@tempcnt=\count119

(/usr/local/texlive/2018/texmf-dist/tex/latex/url/url.sty
\Urlmuskip=\muskip11
Package: url 2013/09/16  ver 3.4  Verb mode for urls, etc.
)
LaTeX Info: Redefining \url on input line 5115.
\XeTeXLinkMargin=\dimen132
\Fld@menulength=\count120
\Field@Width=\dimen133
\Fld@charsize=\dimen134
Package hyperref Info: Hyper figures OFF on input line 6369.
Package hyperref Info: Link nesting OFF on input line 6374.
Package hyperref Info: Hyper index ON on input line 6377.
Package hyperref Info: backreferencing OFF on input line 6384.
Package hyperref Info: Link coloring ON on input line 6387.
Package hyperref Info: Link coloring with OCG OFF on input line 6394.
Package hyperref Info: PDF/A mode OFF on input line 6399.
LaTeX Info: Redefining \ref on input line 6439.
LaTeX Info: Redefining \pageref on input line 6443.
\Hy@abspage=\count121
\c@Item=\count122
\c@Hfootnote=\count123
)
Package hyperref Info: Driver (autodetected): hpdftex.

(/usr/local/texlive/2018/texmf-dist/tex/latex/hyperref/hpdftex.def
File: hpdftex.def 2018/02/06 v6.86b Hyperref driver for pdfTeX
\Fld@listcount=\count124
\c@bookmark@seq@number=\count125

(/usr/local/texlive/2018/texmf-dist/tex/latex/oberdiek/rerunfilecheck.sty
Package: rerunfilecheck 2016/05/16 v1.8 Rerun checks for auxiliary files (HO)
Package uniquecounter Info: New unique counter `rerunfilecheck' on input line 2
82.
)
\Hy@SectionHShift=\skip58
)
(/usr/local/texlive/2018/texmf-dist/tex/latex/caption/caption.sty
Package: caption 2016/02/21 v3.3-144 Customizing captions (AR)

(/usr/local/texlive/2018/texmf-dist/tex/latex/caption/caption3.sty
Package: caption3 2016/05/22 v1.7-166 caption3 kernel (AR)
Package caption3 Info: TeX engine: e-TeX on input line 67.
\captionmargin=\dimen135
\captionmargin@=\dimen136
\captionwidth=\dimen137
\caption@tempdima=\dimen138
\caption@indent=\dimen139
\caption@parindent=\dimen140
\caption@hangindent=\dimen141
)
\c@ContinuedFloat=\count126
Package caption Info: float package is loaded.
Package caption Info: hyperref package is loaded.
)
(/usr/local/texlive/2018/texmf-dist/tex/latex/geometry/geometry.sty
Package: geometry 2018/03/24 v5.7 Page Geometry
\Gm@cnth=\count127
\Gm@cntv=\count128
\c@Gm@tempcnt=\count129
\Gm@bindingoffset=\dimen142
\Gm@wd@mp=\dimen143
\Gm@odd@mp=\dimen144
\Gm@even@mp=\dimen145
\Gm@layoutwidth=\dimen146
\Gm@layoutheight=\dimen147
\Gm@layouthoffset=\dimen148
\Gm@layoutvoffset=\dimen149
\Gm@dimlist=\toks32
)
(/usr/local/texlive/2018/texmf-dist/tex/latex/subfigure/subfigure.sty
Package: subfigure 2002/03/15 v2.1.5 subfigure package
\subfigtopskip=\skip59
\subfigcapskip=\skip60
\subfigcaptopadj=\dimen150
\subfigbottomskip=\skip61
\subfigcapmargin=\dimen151
\subfiglabelskip=\skip62
\c@subfigure=\count130
\c@lofdepth=\count131
\c@subtable=\count132
\c@lotdepth=\count133

****************************************
* Local config file subfigure.cfg used *
****************************************
(/usr/local/texlive/2018/texmf-dist/tex/latex/subfigure/subfigure.cfg)
\subfig@top=\skip63
\subfig@bottom=\skip64
)
(/usr/local/texlive/2018/texmf-dist/tex/latex/psnfss/pifont.sty
Package: pifont 2005/04/12 PSNFSS-v9.2a Pi font support (SPQR) 
LaTeX Font Info:    Try loading font information for U+pzd on input line 63.

(/usr/local/texlive/2018/texmf-dist/tex/latex/psnfss/upzd.fd
File: upzd.fd 2001/06/04 font definitions for U/pzd.
)
LaTeX Font Info:    Try loading font information for U+psy on input line 64.

(/usr/local/texlive/2018/texmf-dist/tex/latex/psnfss/upsy.fd
File: upsy.fd 2001/06/04 font definitions for U/psy.
))
(/usr/local/texlive/2018/texmf-dist/tex/latex/mathtools/mathtools.sty
Package: mathtools 2018/01/08 v1.21 mathematical typesetting tools

(/usr/local/texlive/2018/texmf-dist/tex/latex/tools/calc.sty
Package: calc 2017/05/25 v4.3 Infix arithmetic (KKT,FJ)
\calc@Acount=\count134
\calc@Bcount=\count135
\calc@Adimen=\dimen152
\calc@Bdimen=\dimen153
\calc@Askip=\skip65
\calc@Bskip=\skip66
LaTeX Info: Redefining \setlength on input line 80.
LaTeX Info: Redefining \addtolength on input line 81.
\calc@Ccount=\count136
\calc@Cskip=\skip67
)
(/usr/local/texlive/2018/texmf-dist/tex/latex/mathtools/mhsetup.sty
Package: mhsetup 2017/03/31 v1.3 programming setup (MH)
)
LaTeX Info: Thecontrolsequence`\('isalreadyrobust on input line 129.
LaTeX Info: Thecontrolsequence`\)'isalreadyrobust on input line 129.
LaTeX Info: Thecontrolsequence`\['isalreadyrobust on input line 129.
LaTeX Info: Thecontrolsequence`\]'isalreadyrobust on input line 129.
\g_MT_multlinerow_int=\count137
\l_MT_multwidth_dim=\dimen154
\origjot=\skip68
\l_MT_shortvdotswithinadjustabove_dim=\dimen155
\l_MT_shortvdotswithinadjustbelow_dim=\dimen156
\l_MT_above_intertext_sep=\dimen157
\l_MT_below_intertext_sep=\dimen158
\l_MT_above_shortintertext_sep=\dimen159
\l_MT_below_shortintertext_sep=\dimen160
)
(/usr/local/texlive/2018/texmf-dist/tex/latex/stmaryrd/stmaryrd.sty
Package: stmaryrd 1994/03/03 St Mary's Road symbol package
\symstmry=\mathgroup6
LaTeX Font Info:    Overwriting symbol font `stmry' in version `bold'
(Font)                  U/stmry/m/n --> U/stmry/b/n on input line 89.
)
(/usr/local/texlive/2018/texmf-dist/tex/latex/base/fontenc.sty
Package: fontenc 2017/04/05 v2.0i Standard LaTeX package

(/usr/local/texlive/2018/texmf-dist/tex/latex/base/t1enc.def
File: t1enc.def 2017/04/05 v2.0i Standard LaTeX file
LaTeX Font Info:    Redeclaring font encoding T1 on input line 48.
))
(/usr/local/texlive/2018/texmf-dist/tex/latex/xargs/xargs.sty
Package: xargs 2008/03/22 v1.1  extended macro definitions  (mpg)

(/usr/local/texlive/2018/texmf-dist/tex/latex/xkeyval/xkeyval.sty
Package: xkeyval 2014/12/03 v2.7a package option processing (HA)

(/usr/local/texlive/2018/texmf-dist/tex/generic/xkeyval/xkeyval.tex
(/usr/local/texlive/2018/texmf-dist/tex/generic/xkeyval/xkvutils.tex
\XKV@toks=\toks33
\XKV@tempa@toks=\toks34
)
\XKV@depth=\count138
File: xkeyval.tex 2014/12/03 v2.7a key=value parser (HA)
))
\xargs@max=\count139
\xargs@toksa=\toks35
\xargs@toksb=\toks36
)
(/usr/local/texlive/2018/texmf-dist/tex/latex/xcolor/xcolor.sty
Package: xcolor 2016/05/11 v2.12 LaTeX color extensions (UK)

(/usr/local/texlive/2018/texmf-dist/tex/latex/graphics-cfg/color.cfg
File: color.cfg 2016/01/02 v1.6 sample color configuration
)
Package xcolor Info: Driver file: pdftex.def on input line 225.
Package xcolor Info: Model `cmy' substituted by `cmy0' on input line 1348.
Package xcolor Info: Model `hsb' substituted by `rgb' on input line 1352.
Package xcolor Info: Model `RGB' extended on input line 1364.
Package xcolor Info: Model `HTML' substituted by `rgb' on input line 1366.
Package xcolor Info: Model `Hsb' substituted by `hsb' on input line 1367.
Package xcolor Info: Model `tHsb' substituted by `hsb' on input line 1368.
Package xcolor Info: Model `HSB' substituted by `hsb' on input line 1369.
Package xcolor Info: Model `Gray' substituted by `gray' on input line 1370.
Package xcolor Info: Model `wave' substituted by `hsb' on input line 1371.
)
(/usr/local/texlive/2018/texmf-dist/tex/latex/wrapfig/wrapfig.sty
\wrapoverhang=\dimen161
\WF@size=\dimen162
\c@WF@wrappedlines=\count140
\WF@box=\box32
\WF@everypar=\toks37
Package: wrapfig 2003/01/31  v 3.6
)
\c@Fact=\count141
\c@Lemma=\count142
\c@Prop=\count143
\c@definition=\count144
\c@Theorem=\count145
\c@Def=\count146
\c@Corollary=\count147
\c@Conjecture=\count148
\c@Property=\count149
\c@Observation=\count150
\c@Exa=\count151
\c@assumption=\count152
\c@Remark=\count153
 (./arxiv.aux)
\openout1 = `arxiv.aux'.

LaTeX Font Info:    Checking defaults for OML/cmm/m/it on input line 80.
LaTeX Font Info:    ... okay on input line 80.
LaTeX Font Info:    Checking defaults for T1/cmr/m/n on input line 80.
LaTeX Font Info:    ... okay on input line 80.
LaTeX Font Info:    Checking defaults for OT1/cmr/m/n on input line 80.
LaTeX Font Info:    ... okay on input line 80.
LaTeX Font Info:    Checking defaults for OMS/cmsy/m/n on input line 80.
LaTeX Font Info:    ... okay on input line 80.
LaTeX Font Info:    Checking defaults for OMX/cmex/m/n on input line 80.
LaTeX Font Info:    ... okay on input line 80.
LaTeX Font Info:    Checking defaults for U/cmr/m/n on input line 80.
LaTeX Font Info:    ... okay on input line 80.
LaTeX Font Info:    Checking defaults for PD1/pdf/m/n on input line 80.
LaTeX Font Info:    ... okay on input line 80.
 (/usr/local/texlive/2018/texmf-dist/tex/context/base/mkii/supp-pdf.mkii
[Loading MPS to PDF converter (version 2006.09.02).]
\scratchcounter=\count154
\scratchdimen=\dimen163
\scratchbox=\box33
\nofMPsegments=\count155
\nofMParguments=\count156
\everyMPshowfont=\toks38
\MPscratchCnt=\count157
\MPscratchDim=\dimen164
\MPnumerator=\count158
\makeMPintoPDFobject=\count159
\everyMPtoPDFconversion=\toks39
) (/usr/local/texlive/2018/texmf-dist/tex/latex/oberdiek/epstopdf-base.sty
Package: epstopdf-base 2016/05/15 v2.6 Base part for package epstopdf

(/usr/local/texlive/2018/texmf-dist/tex/latex/oberdiek/grfext.sty
Package: grfext 2016/05/16 v1.2 Manage graphics extensions (HO)
)
Package epstopdf-base Info: Redefining graphics rule for `.eps' on input line 4
38.
Package grfext Info: Graphics extension search list:
(grfext)             [.pdf,.png,.jpg,.mps,.jpeg,.jbig2,.jb2,.PDF,.PNG,.JPG,.JPE
G,.JBIG2,.JB2,.eps]
(grfext)             \AppendGraphicsExtensions on input line 456.

(/usr/local/texlive/2018/texmf-dist/tex/latex/latexconfig/epstopdf-sys.cfg
File: epstopdf-sys.cfg 2010/07/13 v1.3 Configuration of (r)epstopdf for TeX Liv
e
))
\AtBeginShipoutBox=\box34
Package hyperref Info: Link coloring ON on input line 80.

(/usr/local/texlive/2018/texmf-dist/tex/latex/hyperref/nameref.sty
Package: nameref 2016/05/21 v2.44 Cross-referencing by name of section

(/usr/local/texlive/2018/texmf-dist/tex/generic/oberdiek/gettitlestring.sty
Package: gettitlestring 2016/05/16 v1.5 Cleanup title references (HO)
)
\c@section@level=\count160
)
LaTeX Info: Redefining \ref on input line 80.
LaTeX Info: Redefining \pageref on input line 80.
LaTeX Info: Redefining \nameref on input line 80.

(./arxiv.out) (./arxiv.out)
\@outlinefile=\write3
\openout3 = `arxiv.out'.

Package caption Info: Begin \AtBeginDocument code.
Package caption Info: subfigure package is loaded.
Package caption Info: wrapfig package is loaded.
Package caption Info: End \AtBeginDocument code.

*geometry* driver: auto-detecting
*geometry* detected driver: pdftex
*geometry* verbose mode - [ preamble ] result:
* driver: pdftex
* paper: <default>
* layout: <same size as paper>
* layoutoffset:(h,v)=(0.0pt,0.0pt)
* modes: 
* h-part:(L,W,R)=(72.26999pt, 469.75502pt, 72.26999pt)
* v-part:(T,H,B)=(72.26999pt, 650.43001pt, 72.26999pt)
* \paperwidth=614.295pt
* \paperheight=794.96999pt
* \textwidth=469.75502pt
* \textheight=650.43001pt
* \oddsidemargin=0.0pt
* \evensidemargin=0.0pt
* \topmargin=-37.0pt
* \headheight=12.0pt
* \headsep=25.0pt
* \topskip=11.0pt
* \footskip=30.0pt
* \marginparwidth=59.0pt
* \marginparsep=10.0pt
* \columnsep=10.0pt
* \skip\footins=10.0pt plus 4.0pt minus 2.0pt
* \hoffset=0.0pt
* \voffset=0.0pt
* \mag=1000
* \@twocolumnfalse
* \@twosidefalse
* \@mparswitchfalse
* \@reversemarginfalse
* (1in=72.27pt=25.4mm, 1cm=28.453pt)

LaTeX Font Info:    Try loading font information for U+msa on input line 95.
(/usr/local/texlive/2018/texmf-dist/tex/latex/amsfonts/umsa.fd
File: umsa.fd 2013/01/14 v3.01 AMS symbols A
)
LaTeX Font Info:    Try loading font information for U+msb on input line 95.

(/usr/local/texlive/2018/texmf-dist/tex/latex/amsfonts/umsb.fd
File: umsb.fd 2013/01/14 v3.01 AMS symbols B
)
LaTeX Font Info:    Try loading font information for U+stmry on input line 95.

(/usr/local/texlive/2018/texmf-dist/tex/latex/stmaryrd/Ustmry.fd)
LaTeX Font Info:    Try loading font information for T1+cmtt on input line 95.

(/usr/local/texlive/2018/texmf-dist/tex/latex/base/t1cmtt.fd
File: t1cmtt.fd 2014/09/29 v2.5h Standard LaTeX font definitions
) [1

{/usr/local/texlive/2018/texmf-var/fonts/map/pdftex/updmap/pdftex.map}]
LaTeX Font Info:    Try loading font information for OMS+cmr on input line 111.


(/usr/local/texlive/2018/texmf-dist/tex/latex/base/omscmr.fd
File: omscmr.fd 2014/09/29 v2.5h Standard LaTeX font definitions
)
LaTeX Font Info:    Font shape `OMS/cmr/m/n' in size <10.95> not available
(Font)              Font shape `OMS/cmsy/m/n' tried instead on input line 111.
 [2] [3]
Package hyperref Info: bookmark level for unknown algorithm defaults to 0 on in
put line 161.
 [4]
[5] [6]
Overfull \hbox (13.47957pt too wide) in paragraph at lines 292--294
\T1/cmr/m/it/10.95 gra-di-ent is bounded: $\U/msb/m/n/10.95 E\OT1/cmr/m/n/10.95
 [\OMS/cmsy/m/n/10.95 k\OML/cmm/m/it/10.95 g[] \OMS/cmsy/m/n/10.95 ^^@ r\OML/cm
m/m/it/10.95 f[]\OT1/cmr/m/n/10.95 (\OML/cmm/m/it/10.95 ^^R[]\OT1/cmr/m/n/10.95
 )\OMS/cmsy/m/n/10.95 k[]\OT1/cmr/m/n/10.95 ] \OML/cmm/m/it/10.95 < ^^[[]$\T1/c
mr/m/it/10.95 ; (ii) the \T1/cmr/bx/it/10.95 global vari-ance \T1/cmr/m/it/10.9
5 is bounded by $[] [][] \OMS/cmsy/m/n/10.95 kr\OML/cmm/m/it/10.95 f[]\OT1/cmr/
m/n/10.95 (\OML/cmm/m/it/10.95 ^^R[]\OT1/cmr/m/n/10.95 ) \OMS/cmsy/m/n/10.95 ^^
@
 []

[7] [8]
Overfull \hbox (8.05338pt too wide) in paragraph at lines 447--448
[]\T1/cmr/m/n/10.95 TopK-EF-0.01: \T1/cmr/m/sc/10.95 Comp-AMS \T1/cmr/m/n/10.95
 (Al-go-rithm [][]2[][]) and \T1/cmr/bx/n/10.95 Top-$\OML/cmm/m/it/10.95 k$ \T1
/cmr/m/n/10.95 com-pres-sor, with spar-sity 0.01 (i.e., keep-
 []

[9]
Package epstopdf Info: Source file: <fig/mnist_cnn_train_loss_1_Qadamsign.eps>
(epstopdf)                    date: 2021-06-29 10:24:50
(epstopdf)                    size: 35572 bytes
(epstopdf)             Output file: <fig/mnist_cnn_train_loss_1_Qadamsign-eps-c
onverted-to.pdf>
(epstopdf)                    date: 2021-06-29 10:24:50
(epstopdf)                    size: 9173 bytes
(epstopdf)             Command: <repstopdf --outfile=fig/mnist_cnn_train_loss_1
_Qadamsign-eps-converted-to.pdf fig/mnist_cnn_train_loss_1_Qadamsign.eps>
(epstopdf)             \includegraphics on input line 465.
Package epstopdf Info: Output file is already uptodate.
<fig/mnist_cnn_train_loss_1_Qadamsign-eps-converted-to.pdf, id=496, 421.575pt x
 316.18124pt>
File: fig/mnist_cnn_train_loss_1_Qadamsign-eps-converted-to.pdf Graphic file (t
ype pdf)
<use fig/mnist_cnn_train_loss_1_Qadamsign-eps-converted-to.pdf>
Package pdftex.def Info: fig/mnist_cnn_train_loss_1_Qadamsign-eps-converted-to.
pdf  used on input line 465.
(pdftex.def)             Requested size: 195.12877pt x 146.34732pt.
Package epstopdf Info: Source file: <fig/mnist_cnn_test_accuracy_1_Qadamsign.ep
s>
(epstopdf)                    date: 2021-06-29 10:24:50
(epstopdf)                    size: 22137 bytes
(epstopdf)             Output file: <fig/mnist_cnn_test_accuracy_1_Qadamsign-ep
s-converted-to.pdf>
(epstopdf)                    date: 2021-06-29 10:24:50
(epstopdf)                    size: 9213 bytes
(epstopdf)             Command: <repstopdf --outfile=fig/mnist_cnn_test_accurac
y_1_Qadamsign-eps-converted-to.pdf fig/mnist_cnn_test_accuracy_1_Qadamsign.eps>

(epstopdf)             \includegraphics on input line 465.
Package epstopdf Info: Output file is already uptodate.
<fig/mnist_cnn_test_accuracy_1_Qadamsign-eps-converted-to.pdf, id=497, 421.575p
t x 316.18124pt>
File: fig/mnist_cnn_test_accuracy_1_Qadamsign-eps-converted-to.pdf Graphic file
 (type pdf)
<use fig/mnist_cnn_test_accuracy_1_Qadamsign-eps-converted-to.pdf>
Package pdftex.def Info: fig/mnist_cnn_test_accuracy_1_Qadamsign-eps-converted-
to.pdf  used on input line 465.
(pdftex.def)             Requested size: 195.12877pt x 146.34732pt.
Package epstopdf Info: Source file: <fig/linear_speedup.eps>
(epstopdf)                    date: 2021-06-29 10:24:50
(epstopdf)                    size: 22914 bytes
(epstopdf)             Output file: <fig/linear_speedup-eps-converted-to.pdf>
(epstopdf)                    date: 2021-06-29 10:24:50
(epstopdf)                    size: 8162 bytes
(epstopdf)             Command: <repstopdf --outfile=fig/linear_speedup-eps-con
verted-to.pdf fig/linear_speedup.eps>
(epstopdf)             \includegraphics on input line 485.
Package epstopdf Info: Output file is already uptodate.
<fig/linear_speedup-eps-converted-to.pdf, id=500, 421.575pt x 316.18124pt>
File: fig/linear_speedup-eps-converted-to.pdf Graphic file (type pdf)
<use fig/linear_speedup-eps-converted-to.pdf>
Package pdftex.def Info: fig/linear_speedup-eps-converted-to.pdf  used on input
 line 485.
(pdftex.def)             Requested size: 187.89914pt x 140.92455pt.
 [10 <./fig/mnist_cnn_train_loss_1_Qadamsign-eps-converted-to.pdf> <./fig/mnist
_cnn_test_accuracy_1_Qadamsign-eps-converted-to.pdf>] [11 <./fig/linear_speedup
-eps-converted-to.pdf>]
Package epstopdf Info: Source file: <fig/mnist_cnn_test_accuracy_16_Qadamsign.e
ps>
(epstopdf)                    date: 2021-06-29 10:24:50
(epstopdf)                    size: 30205 bytes
(epstopdf)             Output file: <fig/mnist_cnn_test_accuracy_16_Qadamsign-e
ps-converted-to.pdf>
(epstopdf)                    date: 2021-06-29 10:24:50
(epstopdf)                    size: 9592 bytes
(epstopdf)             Command: <repstopdf --outfile=fig/mnist_cnn_test_accurac
y_16_Qadamsign-eps-converted-to.pdf fig/mnist_cnn_test_accuracy_16_Qadamsign.ep
s>
(epstopdf)             \includegraphics on input line 514.
Package epstopdf Info: Output file is already uptodate.
<fig/mnist_cnn_test_accuracy_16_Qadamsign-eps-converted-to.pdf, id=554, 421.575
pt x 317.185pt>
File: fig/mnist_cnn_test_accuracy_16_Qadamsign-eps-converted-to.pdf Graphic fil
e (type pdf)
<use fig/mnist_cnn_test_accuracy_16_Qadamsign-eps-converted-to.pdf>
Package pdftex.def Info: fig/mnist_cnn_test_accuracy_16_Qadamsign-eps-converted
-to.pdf  used on input line 514.
(pdftex.def)             Requested size: 195.12877pt x 146.8119pt.
Package epstopdf Info: Source file: <fig/cifar_lenet_test_accuracy_16_Qadamsign
.eps>
(epstopdf)                    date: 2021-06-29 10:24:50
(epstopdf)                    size: 42736 bytes
(epstopdf)             Output file: <fig/cifar_lenet_test_accuracy_16_Qadamsign
-eps-converted-to.pdf>
(epstopdf)                    date: 2021-06-29 10:24:50
(epstopdf)                    size: 10891 bytes
(epstopdf)             Command: <repstopdf --outfile=fig/cifar_lenet_test_accur
acy_16_Qadamsign-eps-converted-to.pdf fig/cifar_lenet_test_accuracy_16_Qadamsig
n.eps>
(epstopdf)             \includegraphics on input line 514.
Package epstopdf Info: Output file is already uptodate.
<fig/cifar_lenet_test_accuracy_16_Qadamsign-eps-converted-to.pdf, id=555, 421.5
75pt x 317.185pt>
File: fig/cifar_lenet_test_accuracy_16_Qadamsign-eps-converted-to.pdf Graphic f
ile (type pdf)
<use fig/cifar_lenet_test_accuracy_16_Qadamsign-eps-converted-to.pdf>
Package pdftex.def Info: fig/cifar_lenet_test_accuracy_16_Qadamsign-eps-convert
ed-to.pdf  used on input line 514.
(pdftex.def)             Requested size: 195.12877pt x 146.8119pt.
Package epstopdf Info: Source file: <fig/imbd_lstm_test_accuracy_8_Qadamsign_tk
001.eps>
(epstopdf)                    date: 2021-06-29 10:24:50
(epstopdf)                    size: 22191 bytes
(epstopdf)             Output file: <fig/imbd_lstm_test_accuracy_8_Qadamsign_tk
001-eps-converted-to.pdf>
(epstopdf)                    date: 2021-06-29 10:24:50
(epstopdf)                    size: 9835 bytes
(epstopdf)             Command: <repstopdf --outfile=fig/imbd_lstm_test_accurac
y_8_Qadamsign_tk001-eps-converted-to.pdf fig/imbd_lstm_test_accuracy_8_Qadamsig
n_tk001.eps>
(epstopdf)             \includegraphics on input line 518.
Package epstopdf Info: Output file is already uptodate.
<fig/imbd_lstm_test_accuracy_8_Qadamsign_tk001-eps-converted-to.pdf, id=556, 42
1.575pt x 316.18124pt>
File: fig/imbd_lstm_test_accuracy_8_Qadamsign_tk001-eps-converted-to.pdf Graphi
c file (type pdf)
<use fig/imbd_lstm_test_accuracy_8_Qadamsign_tk001-eps-converted-to.pdf>
Package pdftex.def Info: fig/imbd_lstm_test_accuracy_8_Qadamsign_tk001-eps-conv
erted-to.pdf  used on input line 518.
(pdftex.def)             Requested size: 195.12877pt x 146.34732pt.
Package epstopdf Info: Source file: <fig/mnist_cnn_test_accuracy_16_vs_bits_Qad
amsign.eps>
(epstopdf)                    date: 2021-06-29 10:24:50
(epstopdf)                    size: 19112 bytes
(epstopdf)             Output file: <fig/mnist_cnn_test_accuracy_16_vs_bits_Qad
amsign-eps-converted-to.pdf>
(epstopdf)                    date: 2021-06-29 10:24:50
(epstopdf)                    size: 9483 bytes
(epstopdf)             Command: <repstopdf --outfile=fig/mnist_cnn_test_accurac
y_16_vs_bits_Qadamsign-eps-converted-to.pdf fig/mnist_cnn_test_accuracy_16_vs_b
its_Qadamsign.eps>
(epstopdf)             \includegraphics on input line 518.
Package epstopdf Info: Output file is already uptodate.
<fig/mnist_cnn_test_accuracy_16_vs_bits_Qadamsign-eps-converted-to.pdf, id=557,
 421.575pt x 317.185pt>
File: fig/mnist_cnn_test_accuracy_16_vs_bits_Qadamsign-eps-converted-to.pdf Gra
phic file (type pdf)
<use fig/mnist_cnn_test_accuracy_16_vs_bits_Qadamsign-eps-converted-to.pdf>
Package pdftex.def Info: fig/mnist_cnn_test_accuracy_16_vs_bits_Qadamsign-eps-c
onverted-to.pdf  used on input line 518.
(pdftex.def)             Requested size: 195.12877pt x 146.8119pt.
Package epstopdf Info: Source file: <fig/cifar_lenet_test_accuracy_16_vs_bits_Q
adamsign.eps>
(epstopdf)                    date: 2021-06-29 10:24:50
(epstopdf)                    size: 34301 bytes
(epstopdf)             Output file: <fig/cifar_lenet_test_accuracy_16_vs_bits_Q
adamsign-eps-converted-to.pdf>
(epstopdf)                    date: 2021-06-29 10:24:50
(epstopdf)                    size: 16007 bytes
(epstopdf)             Command: <repstopdf --outfile=fig/cifar_lenet_test_accur
acy_16_vs_bits_Qadamsign-eps-converted-to.pdf fig/cifar_lenet_test_accuracy_16_
vs_bits_Qadamsign.eps>
(epstopdf)             \includegraphics on input line 523.
Package epstopdf Info: Output file is already uptodate.
<fig/cifar_lenet_test_accuracy_16_vs_bits_Qadamsign-eps-converted-to.pdf, id=55
8, 421.575pt x 317.185pt>
File: fig/cifar_lenet_test_accuracy_16_vs_bits_Qadamsign-eps-converted-to.pdf G
raphic file (type pdf)
<use fig/cifar_lenet_test_accuracy_16_vs_bits_Qadamsign-eps-converted-to.pdf>
Package pdftex.def Info: fig/cifar_lenet_test_accuracy_16_vs_bits_Qadamsign-eps
-converted-to.pdf  used on input line 523.
(pdftex.def)             Requested size: 195.12877pt x 146.8119pt.
Package epstopdf Info: Source file: <fig/imbd_lstm_test_accuracy_8_vs_bits_Qada
msign_tk001.eps>
(epstopdf)                    date: 2021-06-29 10:24:50
(epstopdf)                    size: 19639 bytes
(epstopdf)             Output file: <fig/imbd_lstm_test_accuracy_8_vs_bits_Qada
msign_tk001-eps-converted-to.pdf>
(epstopdf)                    date: 2021-06-29 10:24:50
(epstopdf)                    size: 9942 bytes
(epstopdf)             Command: <repstopdf --outfile=fig/imbd_lstm_test_accurac
y_8_vs_bits_Qadamsign_tk001-eps-converted-to.pdf fig/imbd_lstm_test_accuracy_8_
vs_bits_Qadamsign_tk001.eps>
(epstopdf)             \includegraphics on input line 523.
Package epstopdf Info: Output file is already uptodate.
<fig/imbd_lstm_test_accuracy_8_vs_bits_Qadamsign_tk001-eps-converted-to.pdf, id
=559, 421.575pt x 316.18124pt>
File: fig/imbd_lstm_test_accuracy_8_vs_bits_Qadamsign_tk001-eps-converted-to.pd
f Graphic file (type pdf)
<use fig/imbd_lstm_test_accuracy_8_vs_bits_Qadamsign_tk001-eps-converted-to.pdf
>
Package pdftex.def Info: fig/imbd_lstm_test_accuracy_8_vs_bits_Qadamsign_tk001-
eps-converted-to.pdf  used on input line 523.
(pdftex.def)             Requested size: 195.12877pt x 146.34732pt.


LaTeX Warning: `h' float specifier changed to `ht'.

[12] [13 <./fig/mnist_cnn_test_accuracy_16_Qadamsign-eps-converted-to.pdf> <./f
ig/cifar_lenet_test_accuracy_16_Qadamsign-eps-converted-to.pdf> <./fig/imbd_lst
m_test_accuracy_8_Qadamsign_tk001-eps-converted-to.pdf> <./fig/mnist_cnn_test_a
ccuracy_16_vs_bits_Qadamsign-eps-converted-to.pdf> <./fig/cifar_lenet_test_accu
racy_16_vs_bits_Qadamsign-eps-converted-to.pdf> <./fig/imbd_lstm_test_accuracy_
8_vs_bits_Qadamsign_tk001-eps-converted-to.pdf>]
Underfull \hbox (badness 10000) in paragraph at lines 540--541

 []

[14

] [15] [16] [17] [18] [19] [20] [21]

pdfTeX warning: /Library/TeX/texbin/pdflatex (file ./plot/mnist_arch.pdf): PDF 
inclusion: found PDF version <1.7>, but at most version <1.5> allowed
<plot/mnist_arch.pdf, id=722, 448.07399pt x 505.89pt>
File: plot/mnist_arch.pdf Graphic file (type pdf)
<use plot/mnist_arch.pdf>
Package pdftex.def Info: plot/mnist_arch.pdf  used on input line 993.
(pdftex.def)             Requested size: 140.92627pt x 159.10916pt.


pdfTeX warning: /Library/TeX/texbin/pdflatex (file ./plot/cifar_arch.pdf): PDF 
inclusion: found PDF version <1.7>, but at most version <1.5> allowed
<plot/cifar_arch.pdf, id=723, 383.031pt x 527.57097pt>
File: plot/cifar_arch.pdf Graphic file (type pdf)
<use plot/cifar_arch.pdf>
Package pdftex.def Info: plot/cifar_arch.pdf  used on input line 993.
(pdftex.def)             Requested size: 140.92627pt x 194.11143pt.


pdfTeX warning: /Library/TeX/texbin/pdflatex (file ./plot/imdb_arch.pdf): PDF i
nclusion: found PDF version <1.7>, but at most version <1.5> allowed
<plot/imdb_arch.pdf, id=724, 361.35pt x 462.52798pt>
File: plot/imdb_arch.pdf Graphic file (type pdf)
<use plot/imdb_arch.pdf>
Package pdftex.def Info: plot/imdb_arch.pdf  used on input line 993.
(pdftex.def)             Requested size: 140.92627pt x 180.38518pt.
[22] [23 <./plot/mnist_arch.pdf> <./plot/cifar_arch.pdf

pdfTeX warning: /Library/TeX/texbin/pdflatex (file ./plot/cifar_arch.pdf): PDF 
inclusion: multiple pdfs with page group included in a single page
> <./plot/imdb_arch.pdf

pdfTeX warning: /Library/TeX/texbin/pdflatex (file ./plot/imdb_arch.pdf): PDF i
nclusion: multiple pdfs with page group included in a single page
>] (./arxiv.bbl
Underfull \hbox (badness 1931) in paragraph at lines 30--35
[]\T1/cmr/m/n/10.95 Dan Al-is-tarh, Dem-jan Gru-bic, Jerry Li, Ry-ota Tomioka, 
and Mi-lan Vo-jnovic.  Qsgd:
 []

LaTeX Font Info:    Font shape `OMS/cmr/m/it' in size <10.95> not available
(Font)              Font shape `OMS/cmsy/m/n' tried instead on input line 79.
[24] [25] [26] [27] [28])
Package atveryend Info: Empty hook `BeforeClearDocument' on input line 1498.
 [29]
Package atveryend Info: Empty hook `AfterLastShipout' on input line 1498.
 (./arxiv.aux)
Package atveryend Info: Executing hook `AtVeryEndDocument' on input line 1498.
Package atveryend Info: Executing hook `AtEndAfterFileList' on input line 1498.

Package rerunfilecheck Info: File `arxiv.out' has not changed.
(rerunfilecheck)             Checksum: 80128EBF946143FEB9870888CC80A08A;1555.
Package atveryend Info: Empty hook `AtVeryVeryEnd' on input line 1498.
 ) 
Here is how much of TeX's memory you used:
 11191 strings out of 492649
 166881 string characters out of 6129622
 286282 words of memory out of 5000000
 14704 multiletter control sequences out of 15000+600000
 29458 words of font info for 77 fonts, out of 8000000 for 9000
 1141 hyphenation exceptions out of 8191
 36i,18n,77p,1855b,559s stack positions out of 5000i,500n,10000p,200000b,80000s
{/usr/local/texlive/2018/texmf-dist/fonts/enc/dvips/cm-super/cm-super-t1.enc}
</usr/local/texlive/2018/texmf-dist/fonts/type1/public/amsfonts/cm/cmex10.pfb><
/usr/local/texlive/2018/texmf-dist/fonts/type1/public/amsfonts/cm/cmmi10.pfb></
usr/local/texlive/2018/texmf-dist/fonts/type1/public/amsfonts/cm/cmmi6.pfb></us
r/local/texlive/2018/texmf-dist/fonts/type1/public/amsfonts/cm/cmmi8.pfb></usr/
local/texlive/2018/texmf-dist/fonts/type1/public/amsfonts/cm/cmmi9.pfb></usr/lo
cal/texlive/2018/texmf-dist/fonts/type1/public/amsfonts/cm/cmr10.pfb></usr/loca
l/texlive/2018/texmf-dist/fonts/type1/public/amsfonts/cm/cmr6.pfb></usr/local/t
exlive/2018/texmf-dist/fonts/type1/public/amsfonts/cm/cmr8.pfb></usr/local/texl
ive/2018/texmf-dist/fonts/type1/public/amsfonts/cm/cmsy10.pfb></usr/local/texli
ve/2018/texmf-dist/fonts/type1/public/amsfonts/cm/cmsy6.pfb></usr/local/texlive
/2018/texmf-dist/fonts/type1/public/amsfonts/cm/cmsy8.pfb></usr/local/texlive/2
018/texmf-dist/fonts/type1/public/amsfonts/symbols/msbm10.pfb></usr/local/texli
ve/2018/texmf-dist/fonts/type1/public/cm-super/sfbi1095.pfb></usr/local/texlive
/2018/texmf-dist/fonts/type1/public/cm-super/sfbx0900.pfb></usr/local/texlive/2
018/texmf-dist/fonts/type1/public/cm-super/sfbx1000.pfb></usr/local/texlive/201
8/texmf-dist/fonts/type1/public/cm-super/sfbx1095.pfb></usr/local/texlive/2018/
texmf-dist/fonts/type1/public/cm-super/sfbx1200.pfb></usr/local/texlive/2018/te
xmf-dist/fonts/type1/public/cm-super/sfbx1440.pfb></usr/local/texlive/2018/texm
f-dist/fonts/type1/public/cm-super/sfbx1728.pfb></usr/local/texlive/2018/texmf-
dist/fonts/type1/public/cm-super/sfcc0900.pfb></usr/local/texlive/2018/texmf-di
st/fonts/type1/public/cm-super/sfcc1000.pfb></usr/local/texlive/2018/texmf-dist
/fonts/type1/public/cm-super/sfcc1095.pfb></usr/local/texlive/2018/texmf-dist/f
onts/type1/public/cm-super/sfrm0600.pfb></usr/local/texlive/2018/texmf-dist/fon
ts/type1/public/cm-super/sfrm0800.pfb></usr/local/texlive/2018/texmf-dist/fonts
/type1/public/cm-super/sfrm0900.pfb></usr/local/texlive/2018/texmf-dist/fonts/t
ype1/public/cm-super/sfrm1000.pfb></usr/local/texlive/2018/texmf-dist/fonts/typ
e1/public/cm-super/sfrm1095.pfb></usr/local/texlive/2018/texmf-dist/fonts/type1
/public/cm-super/sfrm1200.pfb></usr/local/texlive/2018/texmf-dist/fonts/type1/p
ublic/cm-super/sfti1095.pfb></usr/local/texlive/2018/texmf-dist/fonts/type1/pub
lic/cm-super/sftt1095.pfb></usr/local/texlive/2018/texmf-dist/fonts/type1/publi
c/cm-super/sftt1200.pfb></usr/local/texlive/2018/texmf-dist/fonts/type1/public/
cm-super/sfxc1200.pfb>
Output written on arxiv.pdf (29 pages, 839813 bytes).
PDF statistics:
 946 PDF objects out of 1000 (max. 8388607)
 834 compressed objects within 9 object streams
 157 named destinations out of 1000 (max. 500000)
 237 words of extra memory for PDF output out of 10000 (max. 10000000)

