\BOOKMARK [1][-]{section*.1}{\376\377\000A\000b\000s\000t\000r\000a\000c\000t}{}% 1
\BOOKMARK [1][-]{section.1}{\376\377\0001\000\040\000I\000n\000t\000r\000o\000d\000u\000c\000t\000i\000o\000n}{}% 2
\BOOKMARK [1][-]{section.2}{\376\377\0002\000\040\000P\000r\000e\000l\000i\000m\000i\000n\000a\000r\000i\000e\000s}{}% 3
\BOOKMARK [1][-]{section.3}{\376\377\0003\000\040\000V\000a\000r\000i\000a\000t\000i\000o\000n\000a\000l\000\040\000F\000l\000o\000w\000\040\000G\000r\000a\000p\000h\000i\000c\000a\000l\000\040\000M\000o\000d\000e\000l}{}% 4
\BOOKMARK [2][-]{subsection.3.1}{\376\377\0003\000.\0001\000\040\000E\000v\000i\000d\000e\000n\000c\000e\000\040\000L\000o\000w\000e\000r\000\040\000B\000o\000u\000n\000d\000\040\000o\000f\000\040\000V\000F\000G\000s}{section.3}% 5
\BOOKMARK [2][-]{subsection.3.2}{\376\377\0003\000.\0002\000\040\000\040\000A\000g\000g\000r\000e\000g\000a\000t\000i\000o\000n\000\040\000N\000o\000d\000e\000s}{section.3}% 6
\BOOKMARK [2][-]{subsection.3.3}{\376\377\0003\000.\0003\000\040\000I\000m\000p\000l\000e\000m\000e\000n\000t\000a\000t\000i\000o\000n\000\040\000D\000e\000t\000a\000i\000l\000s}{section.3}% 7
\BOOKMARK [1][-]{section.4}{\376\377\0004\000\040\000U\000n\000i\000v\000e\000r\000s\000a\000l\000\040\000A\000p\000p\000r\000o\000x\000i\000m\000a\000t\000i\000o\000n\000\040\000P\000r\000o\000p\000e\000r\000t\000y}{}% 8
\BOOKMARK [1][-]{section.5}{\376\377\0005\000\040\000A\000l\000g\000o\000r\000i\000t\000h\000m}{}% 9
\BOOKMARK [1][-]{section.6}{\376\377\0006\000\040\000I\000n\000f\000e\000r\000e\000n\000c\000e\000\040\000o\000n\000\040\000V\000F\000G\000s\000\040}{}% 10
\BOOKMARK [1][-]{section.7}{\376\377\0007\000\040\000N\000u\000m\000e\000r\000i\000c\000a\000l\000\040\000E\000x\000p\000e\000r\000i\000m\000e\000n\000t\000s}{}% 11
\BOOKMARK [2][-]{subsection.7.1}{\376\377\0007\000.\0001\000\040\000E\000v\000a\000l\000u\000a\000t\000i\000o\000n\000\040\000o\000n\000\040\000I\000n\000f\000e\000r\000e\000n\000c\000e\000\040\000w\000i\000t\000h\000\040\000M\000i\000s\000s\000i\000n\000g\000\040\000E\000n\000t\000r\000i\000e\000s\000\040\000I\000m\000p\000u\000t\000a\000t\000i\000o\000n}{section.7}% 12
\BOOKMARK [2][-]{subsection.7.2}{\376\377\0007\000.\0002\000\040\000E\000L\000B\000O\000\040\000a\000n\000d\000\040\000L\000i\000k\000e\000l\000i\000h\000o\000o\000d}{section.7}% 13
\BOOKMARK [2][-]{subsection.7.3}{\376\377\0007\000.\0003\000\040\000L\000a\000t\000e\000n\000t\000\040\000R\000e\000p\000r\000e\000s\000e\000n\000t\000a\000t\000i\000o\000n\000\040\000L\000e\000a\000r\000n\000i\000n\000g\000\040\000o\000n\000\040\000M\000N\000I\000S\000T}{section.7}% 14
\BOOKMARK [1][-]{section.8}{\376\377\0008\000\040\000D\000i\000s\000c\000u\000s\000s\000i\000o\000n}{}% 15
\BOOKMARK [2][-]{subsection.8.1}{\376\377\0008\000.\0001\000\040\000B\000e\000n\000e\000f\000i\000t\000s\000\040\000o\000f\000\040\000E\000n\000c\000o\000d\000e\000r\000-\000d\000e\000c\000o\000d\000e\000r\000\040\000P\000a\000r\000a\000m\000e\000t\000e\000r\000\040\000S\000h\000a\000r\000i\000n\000g}{section.8}% 16
\BOOKMARK [2][-]{subsection.8.2}{\376\377\0008\000.\0002\000\040\000S\000t\000r\000u\000c\000t\000u\000r\000e\000s\000\040\000o\000f\000\040\000V\000F\000G\000s}{section.8}% 17
\BOOKMARK [1][-]{section.9}{\376\377\0009\000\040\000C\000o\000n\000c\000l\000u\000s\000i\000o\000n}{}% 18
\BOOKMARK [1][-]{section*.17}{\376\377\000R\000e\000f\000e\000r\000e\000n\000c\000e\000s}{}% 19
\BOOKMARK [1][-]{appendix.A}{\376\377\000A\000\040\000E\000L\000B\000O\000\040\000o\000f\000\040\000T\000r\000e\000e\000\040\000V\000F\000G\000s}{}% 20
\BOOKMARK [1][-]{appendix.B}{\376\377\000B\000\040\000E\000L\000B\000O\000\040\000o\000f\000\040\000D\000A\000G\000\040\000V\000F\000G\000s}{}% 21
\BOOKMARK [1][-]{appendix.C}{\376\377\000C\000\040\000A\000d\000d\000i\000t\000i\000o\000n\000a\000l\000\040\000D\000e\000t\000a\000i\000l\000s\000\040\000o\000n\000\040\000A\000l\000g\000o\000r\000i\000t\000h\000m}{}% 22
