This is pdfTeX, Version 3.14159265-2.6-1.40.19 (TeX Live 2018) (preloaded format=pdflatex 2018.7.23)  15 OCT 2020 13:45
entering extended mode
 restricted \write18 enabled.
 file:line:error style messages enabled.
 %&-line parsing enabled.
**aistats2021.sty
(./aistats2021.sty
LaTeX2e <2018-04-01> patch level 2
Babel <3.18> and hyphenation patterns for 84 language(s) loaded.

LaTeX Warning: You have requested package `',
               but the package provides `aistats2021'.

Package: aistats2021 2020/08/23 AISTATS2021 submission/camera-ready style file

./aistats2021.sty:48: LaTeX Error: Command \@ already defined.
               Or name \end... illegal, see p.192 of the manual.

See the LaTeX manual or LaTeX Companion for explanation.
Type  H <return>  for immediate help.
 ...                                              
                                                  
l.48 ...conferenceordinal}{24\textsuperscript{th}}
                                                  
? 
./aistats2021.sty:48: Emergency stop.
 ...                                              
                                                  
l.48 ...conferenceordinal}{24\textsuperscript{th}}
                                                  
Your command was ignored.
Type  I <command> <return>  to replace it with another command,
or  <return>  to continue without it.

 
Here is how much of TeX's memory you used:
 8 strings out of 492649
 352 string characters out of 6129622
 56400 words of memory out of 5000000
 3989 multiletter control sequences out of 15000+600000
 3640 words of font info for 14 fonts, out of 8000000 for 9000
 1141 hyphenation exceptions out of 8191
 7i,0n,7p,112b,14s stack positions out of 5000i,500n,10000p,200000b,80000s
./aistats2021.sty:48:  ==> Fatal error occurred, no output PDF file produced!
