\BOOKMARK [1][-]{section.1}{Introduction}{}% 1
\BOOKMARK [1][-]{section.2}{Preliminaries}{}% 2
\BOOKMARK [2][-]{subsection.2.1}{Optimistic Online learning}{section.2}% 3
\BOOKMARK [2][-]{subsection.2.2}{Adaptive optimization methods}{section.2}% 4
\BOOKMARK [1][-]{section.3}{OPT-AMSGrad Algorithm}{}% 5
\BOOKMARK [1][-]{section.4}{Global Convergence of OPT-AMSGrad}{}% 6
\BOOKMARK [2][-]{subsection.4.1}{Convex Analysis: Finite-Time Regret Analysis}{section.4}% 7
\BOOKMARK [2][-]{subsection.4.2}{Nonconvex Analysis: Finite-Time Upper Bound}{section.4}% 8
\BOOKMARK [2][-]{subsection.4.3}{Checking H 2 for a Deep Neural Network}{section.4}% 9
\BOOKMARK [1][-]{section.5}{Numerical Experiments}{}% 10
\BOOKMARK [2][-]{subsection.5.1}{Gradient Estimation}{section.5}% 11
\BOOKMARK [2][-]{subsection.5.2}{Classification Experiments}{section.5}% 12
\BOOKMARK [2][-]{subsection.5.3}{Choice of parameter r}{section.5}% 13
\BOOKMARK [2][-]{subsection.5.4}{Some Remarks on the Experiments}{section.5}% 14
\BOOKMARK [1][-]{section.6}{Conclusion}{}% 15
\BOOKMARK [1][-]{appendix.A}{Proofs of Auxiliary Lemmas}{}% 16
\BOOKMARK [2][-]{subsection.A.1}{Proof of Lemma 1}{appendix.A}% 17
\BOOKMARK [2][-]{subsection.A.2}{Proof of Lemma 2 }{appendix.A}% 18
\BOOKMARK [2][-]{subsection.A.3}{Proof of Lemma 3 }{appendix.A}% 19
\BOOKMARK [1][-]{appendix.B}{Proofs of Theorem 1}{}% 20
\BOOKMARK [1][-]{appendix.C}{Proof of Lemma 4 \(Boundedness of the iterates\)}{}% 21
