\BOOKMARK [1][-]{section.1}{Introduction}{}% 1
\BOOKMARK [1][-]{section.2}{Related Work}{}% 2
\BOOKMARK [1][-]{section.3}{Problem Setting}{}% 3
\BOOKMARK [1][-]{section.4}{Count Sketch as a Compression Operation}{}% 4
\BOOKMARK [2][-]{subsection.4.1}{Unbiased Compressor}{section.4}% 5
\BOOKMARK [2][-]{subsection.4.2}{An Example of Unbiased Compressor via Sketching}{section.4}% 6
\BOOKMARK [2][-]{subsection.4.3}{Biased Compressor}{section.4}% 7
\BOOKMARK [2][-]{subsection.4.4}{Sketching Based on Induced Compressor}{section.4}% 8
\BOOKMARK [1][-]{section.5}{Algorithms for Homogeneous and Heterogeneous Settings}{}% 9
\BOOKMARK [2][-]{subsection.5.1}{Homogeneous Setting}{section.5}% 10
\BOOKMARK [2][-]{subsection.5.2}{Heterogeneous Setting}{section.5}% 11
\BOOKMARK [1][-]{section.6}{Convergence Analysis}{}% 12
\BOOKMARK [2][-]{subsection.6.1}{Common Assumptions}{section.6}% 13
\BOOKMARK [2][-]{subsection.6.2}{Convergence of FEDSKETCH for Homogeneous Setting}{section.6}% 14
\BOOKMARK [2][-]{subsection.6.3}{Convergence of FedSKETCHGATE in Data Heterogeneous Setting}{section.6}% 15
\BOOKMARK [2][-]{subsection.6.4}{Comparison with Prior Methods li2019privacy, rothchild2020fetchsgd and philippenko2020artemis}{section.6}% 16
\BOOKMARK [1][-]{section.7}{Numerical Example}{}% 17
\BOOKMARK [1][-]{section.8}{Conclusion}{}% 18
\BOOKMARK [1][-]{appendix.A}{Appendix}{}% 19
\BOOKMARK [1][-]{appendix.B}{Results for the Homogeneous Setting}{}% 20
\BOOKMARK [2][-]{subsection.B.1}{Main result for the non-convex setting}{appendix.B}% 21
\BOOKMARK [2][-]{subsection.B.2}{Main result for the PL/Strongly convex setting}{appendix.B}% 22
\BOOKMARK [2][-]{subsection.B.3}{Main result for the general convex setting}{appendix.B}% 23
\BOOKMARK [1][-]{appendix.C}{Proof of Main Theorems}{}% 24
\BOOKMARK [2][-]{subsection.C.1}{Proof of Theorem 2}{appendix.C}% 25
\BOOKMARK [2][-]{subsection.C.2}{Proof of Theorem 3}{appendix.C}% 26
